<?xml version="1.0" encoding="UTF-8"?>
<testsuite xmlns:xsi="http://www.w3.org/2001/XMLSchema-instance" xsi:noNamespaceSchemaLocation="https://maven.apache.org/surefire/maven-failsafe-plugin/xsd/failsafe-test-report-3.0.xsd" version="3.0" name="com.studentapplication.junit.studentsinfo.CreateStudentsDataDrivenTest" time="24.201" tests="0" errors="0" skipped="0" failures="0">
  <properties>
    <property name="sun.desktop" value="windows"/>
    <property name="awt.toolkit" value="sun.awt.windows.WToolkit"/>
    <property name="java.specification.version" value="11"/>
    <property name="sun.cpu.isalist" value="amd64"/>
    <property name="sun.jnu.encoding" value="Cp1252"/>
    <property name="java.class.path" value="C:\Users\DynaPar\eclipse-workspace\StudentApplication\target\test-classes;C:\Users\DynaPar\.m2\repository\net\serenity-bdd\serenity-rest-assured\3.0.2\serenity-rest-assured-3.0.2.jar;C:\Users\DynaPar\.m2\repository\io\rest-assured\rest-assured\4.3.3\rest-assured-4.3.3.jar;C:\Users\DynaPar\.m2\repository\org\ccil\cowan\tagsoup\tagsoup\1.2.1\tagsoup-1.2.1.jar;C:\Users\DynaPar\.m2\repository\io\rest-assured\json-path\4.3.3\json-path-4.3.3.jar;C:\Users\DynaPar\.m2\repository\io\rest-assured\rest-assured-common\4.3.3\rest-assured-common-4.3.3.jar;C:\Users\DynaPar\.m2\repository\io\rest-assured\xml-path\4.3.3\xml-path-4.3.3.jar;C:\Users\DynaPar\.m2\repository\org\codehaus\groovy\groovy-json\3.0.9\groovy-json-3.0.9.jar;C:\Users\DynaPar\.m2\repository\org\codehaus\groovy\groovy-xml\3.0.9\groovy-xml-3.0.9.jar;C:\Users\DynaPar\.m2\repository\org\codehaus\groovy\groovy\3.0.9\groovy-3.0.9.jar;C:\Users\DynaPar\.m2\repository\org\opentest4j\opentest4j\1.2.0\opentest4j-1.2.0.jar;C:\Users\DynaPar\.m2\repository\net\serenity-bdd\serenity-core\3.0.2\serenity-core-3.0.2.jar;C:\Users\DynaPar\.m2\repository\net\serenity-bdd\serenity-model\3.0.2\serenity-model-3.0.2.jar;C:\Users\DynaPar\.m2\repository\org\apache\commons\commons-text\1.9\commons-text-1.9.jar;C:\Users\DynaPar\.m2\repository\commons-net\commons-net\3.6\commons-net-3.6.jar;C:\Users\DynaPar\.m2\repository\com\google\guava\guava\31.0.1-jre\guava-31.0.1-jre.jar;C:\Users\DynaPar\.m2\repository\com\google\guava\failureaccess\1.0.1\failureaccess-1.0.1.jar;C:\Users\DynaPar\.m2\repository\com\google\guava\listenablefuture\9999.0-empty-to-avoid-conflict-with-guava\listenablefuture-9999.0-empty-to-avoid-conflict-with-guava.jar;C:\Users\DynaPar\.m2\repository\com\google\code\findbugs\jsr305\3.0.2\jsr305-3.0.2.jar;C:\Users\DynaPar\.m2\repository\org\checkerframework\checker-qual\3.12.0\checker-qual-3.12.0.jar;C:\Users\DynaPar\.m2\repository\com\google\errorprone\error_prone_annotations\2.7.1\error_prone_annotations-2.7.1.jar;C:\Users\DynaPar\.m2\repository\com\google\j2objc\j2objc-annotations\1.3\j2objc-annotations-1.3.jar;C:\Users\DynaPar\.m2\repository\com\google\inject\guice\5.0.1\guice-5.0.1.jar;C:\Users\DynaPar\.m2\repository\javax\inject\javax.inject\1\javax.inject-1.jar;C:\Users\DynaPar\.m2\repository\aopalliance\aopalliance\1.0\aopalliance-1.0.jar;C:\Users\DynaPar\.m2\repository\org\jsoup\jsoup\1.13.1\jsoup-1.13.1.jar;C:\Users\DynaPar\.m2\repository\com\thoughtworks\xstream\xstream\1.4.18\xstream-1.4.18.jar;C:\Users\DynaPar\.m2\repository\io\github\x-stream\mxparser\1.2.2\mxparser-1.2.2.jar;C:\Users\DynaPar\.m2\repository\xmlpull\xmlpull\1.1.3.1\xmlpull-1.1.3.1.jar;C:\Users\DynaPar\.m2\repository\io\cucumber\cucumber-core\6.11.0\cucumber-core-6.11.0.jar;C:\Users\DynaPar\.m2\repository\io\cucumber\cucumber-gherkin\6.11.0\cucumber-gherkin-6.11.0.jar;C:\Users\DynaPar\.m2\repository\io\cucumber\cucumber-gherkin-messages\6.11.0\cucumber-gherkin-messages-6.11.0.jar;C:\Users\DynaPar\.m2\repository\io\cucumber\messages\15.0.0\messages-15.0.0.jar;C:\Users\DynaPar\.m2\repository\io\cucumber\tag-expressions\3.0.1\tag-expressions-3.0.1.jar;C:\Users\DynaPar\.m2\repository\io\cucumber\cucumber-expressions\10.3.0\cucumber-expressions-10.3.0.jar;C:\Users\DynaPar\.m2\repository\io\cucumber\datatable\3.5.0\datatable-3.5.0.jar;C:\Users\DynaPar\.m2\repository\io\cucumber\cucumber-plugin\6.11.0\cucumber-plugin-6.11.0.jar;C:\Users\DynaPar\.m2\repository\io\cucumber\docstring\6.11.0\docstring-6.11.0.jar;C:\Users\DynaPar\.m2\repository\io\cucumber\html-formatter\13.0.0\html-formatter-13.0.0.jar;C:\Users\DynaPar\.m2\repository\io\cucumber\create-meta\4.0.0\create-meta-4.0.0.jar;C:\Users\DynaPar\.m2\repository\io\cucumber\cucumber-java\6.11.0\cucumber-java-6.11.0.jar;C:\Users\DynaPar\.m2\repository\com\typesafe\config\1.3.1\config-1.3.1.jar;C:\Users\DynaPar\.m2\repository\org\imgscalr\imgscalr-lib\4.2\imgscalr-lib-4.2.jar;C:\Users\DynaPar\.m2\repository\org\awaitility\awaitility\4.1.0\awaitility-4.1.0.jar;C:\Users\DynaPar\.m2\repository\org\freemarker\freemarker\2.3.31\freemarker-2.3.31.jar;C:\Users\DynaPar\.m2\repository\org\reflections\reflections\0.10.2\reflections-0.10.2.jar;C:\Users\DynaPar\.m2\repository\org\javassist\javassist\3.28.0-GA\javassist-3.28.0-GA.jar;C:\Users\DynaPar\.m2\repository\net\sourceforge\jexcelapi\jxl\2.6.12\jxl-2.6.12.jar;C:\Users\DynaPar\.m2\repository\org\asciidoctor\asciidoctorj\2.5.1\asciidoctorj-2.5.1.jar;C:\Users\DynaPar\.m2\repository\org\asciidoctor\asciidoctorj-api\2.5.1\asciidoctorj-api-2.5.1.jar;C:\Users\DynaPar\.m2\repository\org\jruby\jruby\9.2.17.0\jruby-9.2.17.0.jar;C:\Users\DynaPar\.m2\repository\org\jruby\jruby-core\9.2.17.0\jruby-core-9.2.17.0.jar;C:\Users\DynaPar\.m2\repository\com\github\jnr\jnr-netdb\1.2.0\jnr-netdb-1.2.0.jar;C:\Users\DynaPar\.m2\repository\com\github\jnr\jnr-enxio\0.32.3\jnr-enxio-0.32.3.jar;C:\Users\DynaPar\.m2\repository\com\github\jnr\jnr-unixsocket\0.38.5\jnr-unixsocket-0.38.5.jar;C:\Users\DynaPar\.m2\repository\com\github\jnr\jnr-posix\3.1.4\jnr-posix-3.1.4.jar;C:\Users\DynaPar\.m2\repository\com\github\jnr\jnr-constants\0.10.1\jnr-constants-0.10.1.jar;C:\Users\DynaPar\.m2\repository\com\github\jnr\jffi\1.3.1\jffi-1.3.1.jar;C:\Users\DynaPar\.m2\repository\com\github\jnr\jffi\1.3.1\jffi-1.3.1-native.jar;C:\Users\DynaPar\.m2\repository\org\jruby\joni\joni\2.1.31\joni-2.1.31.jar;C:\Users\DynaPar\.m2\repository\org\jruby\jcodings\jcodings\1.0.46\jcodings-1.0.46.jar;C:\Users\DynaPar\.m2\repository\org\jruby\dirgra\0.3\dirgra-0.3.jar;C:\Users\DynaPar\.m2\repository\com\headius\invokebinder\1.11\invokebinder-1.11.jar;C:\Users\DynaPar\.m2\repository\com\headius\options\1.4\options-1.4.jar;C:\Users\DynaPar\.m2\repository\com\jcraft\jzlib\1.1.3\jzlib-1.1.3.jar;C:\Users\DynaPar\.m2\repository\com\martiansoftware\nailgun-server\0.9.1\nailgun-server-0.9.1.jar;C:\Users\DynaPar\.m2\repository\com\headius\backport9\1.8\backport9-1.8.jar;C:\Users\DynaPar\.m2\repository\javax\annotation\javax.annotation-api\1.3.1\javax.annotation-api-1.3.1.jar;C:\Users\DynaPar\.m2\repository\org\jruby\jruby-stdlib\9.2.17.0\jruby-stdlib-9.2.17.0.jar;C:\Users\DynaPar\.m2\repository\net\bytebuddy\byte-buddy\1.11.22\byte-buddy-1.11.22.jar;C:\Users\DynaPar\.m2\repository\net\bytebuddy\byte-buddy-agent\1.11.22\byte-buddy-agent-1.11.22.jar;C:\Users\DynaPar\.m2\repository\org\objenesis\objenesis\3.1\objenesis-3.1.jar;C:\Users\DynaPar\.m2\repository\net\serenity-bdd\serenity-reports\3.0.2\serenity-reports-3.0.2.jar;C:\Users\DynaPar\.m2\repository\net\serenity-bdd\serenity-stats\3.0.2\serenity-stats-3.0.2.jar;C:\Users\DynaPar\.m2\repository\net\serenity-bdd\serenity-reports-configuration\3.0.2\serenity-reports-configuration-3.0.2.jar;C:\Users\DynaPar\.m2\repository\com\vladsch\flexmark\flexmark-all\0.34.30\flexmark-all-0.34.30.jar;C:\Users\DynaPar\.m2\repository\com\vladsch\flexmark\flexmark\0.34.30\flexmark-0.34.30.jar;C:\Users\DynaPar\.m2\repository\com\vladsch\flexmark\flexmark-ext-abbreviation\0.34.30\flexmark-ext-abbreviation-0.34.30.jar;C:\Users\DynaPar\.m2\repository\com\vladsch\flexmark\flexmark-ext-admonition\0.34.30\flexmark-ext-admonition-0.34.30.jar;C:\Users\DynaPar\.m2\repository\com\vladsch\flexmark\flexmark-ext-anchorlink\0.34.30\flexmark-ext-anchorlink-0.34.30.jar;C:\Users\DynaPar\.m2\repository\com\vladsch\flexmark\flexmark-ext-aside\0.34.30\flexmark-ext-aside-0.34.30.jar;C:\Users\DynaPar\.m2\repository\com\vladsch\flexmark\flexmark-ext-attributes\0.34.30\flexmark-ext-attributes-0.34.30.jar;C:\Users\DynaPar\.m2\repository\com\vladsch\flexmark\flexmark-ext-autolink\0.34.30\flexmark-ext-autolink-0.34.30.jar;C:\Users\DynaPar\.m2\repository\org\nibor\autolink\autolink\0.6.0\autolink-0.6.0.jar;C:\Users\DynaPar\.m2\repository\com\vladsch\flexmark\flexmark-ext-definition\0.34.30\flexmark-ext-definition-0.34.30.jar;C:\Users\DynaPar\.m2\repository\com\vladsch\flexmark\flexmark-ext-emoji\0.34.30\flexmark-ext-emoji-0.34.30.jar;C:\Users\DynaPar\.m2\repository\com\vladsch\flexmark\flexmark-ext-enumerated-reference\0.34.30\flexmark-ext-enumerated-reference-0.34.30.jar;C:\Users\DynaPar\.m2\repository\com\vladsch\flexmark\flexmark-ext-escaped-character\0.34.30\flexmark-ext-escaped-character-0.34.30.jar;C:\Users\DynaPar\.m2\repository\com\vladsch\flexmark\flexmark-ext-footnotes\0.34.30\flexmark-ext-footnotes-0.34.30.jar;C:\Users\DynaPar\.m2\repository\com\vladsch\flexmark\flexmark-ext-gfm-issues\0.34.30\flexmark-ext-gfm-issues-0.34.30.jar;C:\Users\DynaPar\.m2\repository\com\vladsch\flexmark\flexmark-ext-gfm-strikethrough\0.34.30\flexmark-ext-gfm-strikethrough-0.34.30.jar;C:\Users\DynaPar\.m2\repository\com\vladsch\flexmark\flexmark-ext-gfm-tables\0.34.30\flexmark-ext-gfm-tables-0.34.30.jar;C:\Users\DynaPar\.m2\repository\com\vladsch\flexmark\flexmark-ext-gfm-tasklist\0.34.30\flexmark-ext-gfm-tasklist-0.34.30.jar;C:\Users\DynaPar\.m2\repository\com\vladsch\flexmark\flexmark-ext-gfm-users\0.34.30\flexmark-ext-gfm-users-0.34.30.jar;C:\Users\DynaPar\.m2\repository\com\vladsch\flexmark\flexmark-ext-gitlab\0.34.30\flexmark-ext-gitlab-0.34.30.jar;C:\Users\DynaPar\.m2\repository\com\vladsch\flexmark\flexmark-ext-jekyll-front-matter\0.34.30\flexmark-ext-jekyll-front-matter-0.34.30.jar;C:\Users\DynaPar\.m2\repository\com\vladsch\flexmark\flexmark-ext-jekyll-tag\0.34.30\flexmark-ext-jekyll-tag-0.34.30.jar;C:\Users\DynaPar\.m2\repository\com\vladsch\flexmark\flexmark-ext-media-tags\0.34.30\flexmark-ext-media-tags-0.34.30.jar;C:\Users\DynaPar\.m2\repository\com\vladsch\flexmark\flexmark-test-util\0.34.30\flexmark-test-util-0.34.30.jar;C:\Users\DynaPar\.m2\repository\com\vladsch\flexmark\flexmark-ext-ins\0.34.30\flexmark-ext-ins-0.34.30.jar;C:\Users\DynaPar\.m2\repository\com\vladsch\flexmark\flexmark-ext-xwiki-macros\0.34.30\flexmark-ext-xwiki-macros-0.34.30.jar;C:\Users\DynaPar\.m2\repository\com\vladsch\flexmark\flexmark-ext-superscript\0.34.30\flexmark-ext-superscript-0.34.30.jar;C:\Users\DynaPar\.m2\repository\com\vladsch\flexmark\flexmark-ext-tables\0.34.30\flexmark-ext-tables-0.34.30.jar;C:\Users\DynaPar\.m2\repository\com\vladsch\flexmark\flexmark-ext-toc\0.34.30\flexmark-ext-toc-0.34.30.jar;C:\Users\DynaPar\.m2\repository\com\vladsch\flexmark\flexmark-ext-typographic\0.34.30\flexmark-ext-typographic-0.34.30.jar;C:\Users\DynaPar\.m2\repository\com\vladsch\flexmark\flexmark-ext-wikilink\0.34.30\flexmark-ext-wikilink-0.34.30.jar;C:\Users\DynaPar\.m2\repository\com\vladsch\flexmark\flexmark-ext-yaml-front-matter\0.34.30\flexmark-ext-yaml-front-matter-0.34.30.jar;C:\Users\DynaPar\.m2\repository\com\vladsch\flexmark\flexmark-ext-youtube-embedded\0.34.30\flexmark-ext-youtube-embedded-0.34.30.jar;C:\Users\DynaPar\.m2\repository\com\vladsch\flexmark\flexmark-formatter\0.34.30\flexmark-formatter-0.34.30.jar;C:\Users\DynaPar\.m2\repository\com\vladsch\flexmark\flexmark-html-parser\0.34.30\flexmark-html-parser-0.34.30.jar;C:\Users\DynaPar\.m2\repository\com\vladsch\flexmark\flexmark-jira-converter\0.34.30\flexmark-jira-converter-0.34.30.jar;C:\Users\DynaPar\.m2\repository\com\vladsch\flexmark\flexmark-pdf-converter\0.34.30\flexmark-pdf-converter-0.34.30.jar;C:\Users\DynaPar\.m2\repository\com\openhtmltopdf\openhtmltopdf-core\0.0.1-RC13\openhtmltopdf-core-0.0.1-RC13.jar;C:\Users\DynaPar\.m2\repository\com\openhtmltopdf\openhtmltopdf-pdfbox\0.0.1-RC13\openhtmltopdf-pdfbox-0.0.1-RC13.jar;C:\Users\DynaPar\.m2\repository\org\apache\pdfbox\pdfbox\2.0.8\pdfbox-2.0.8.jar;C:\Users\DynaPar\.m2\repository\org\apache\pdfbox\fontbox\2.0.8\fontbox-2.0.8.jar;C:\Users\DynaPar\.m2\repository\org\apache\pdfbox\xmpbox\2.0.8\xmpbox-2.0.8.jar;C:\Users\DynaPar\.m2\repository\de\rototor\pdfbox\graphics2d\0.12\graphics2d-0.12.jar;C:\Users\DynaPar\.m2\repository\com\openhtmltopdf\openhtmltopdf-rtl-support\0.0.1-RC13\openhtmltopdf-rtl-support-0.0.1-RC13.jar;C:\Users\DynaPar\.m2\repository\com\ibm\icu\icu4j\59.1\icu4j-59.1.jar;C:\Users\DynaPar\.m2\repository\com\openhtmltopdf\openhtmltopdf-jsoup-dom-converter\0.0.1-RC13\openhtmltopdf-jsoup-dom-converter-0.0.1-RC13.jar;C:\Users\DynaPar\.m2\repository\com\vladsch\flexmark\flexmark-profile-pegdown\0.34.30\flexmark-profile-pegdown-0.34.30.jar;C:\Users\DynaPar\.m2\repository\com\vladsch\flexmark\flexmark-util\0.34.30\flexmark-util-0.34.30.jar;C:\Users\DynaPar\.m2\repository\com\vladsch\flexmark\flexmark-youtrack-converter\0.34.30\flexmark-youtrack-converter-0.34.30.jar;C:\Users\DynaPar\.m2\repository\es\nitaur\markdown\txtmark\0.16\txtmark-0.16.jar;C:\Users\DynaPar\.m2\repository\net\serenity-bdd\serenity-report-resources\3.0.2\serenity-report-resources-3.0.2.jar;C:\Users\DynaPar\.m2\repository\com\google\code\gson\gson\2.8.8\gson-2.8.8.jar;C:\Users\DynaPar\.m2\repository\com\fasterxml\jackson\core\jackson-core\2.12.4\jackson-core-2.12.4.jar;C:\Users\DynaPar\.m2\repository\com\fasterxml\jackson\core\jackson-databind\2.12.4\jackson-databind-2.12.4.jar;C:\Users\DynaPar\.m2\repository\com\fasterxml\jackson\core\jackson-annotations\2.12.4\jackson-annotations-2.12.4.jar;C:\Users\DynaPar\.m2\repository\commons-codec\commons-codec\1.15\commons-codec-1.15.jar;C:\Users\DynaPar\.m2\repository\commons-io\commons-io\2.8.0\commons-io-2.8.0.jar;C:\Users\DynaPar\.m2\repository\org\seleniumhq\selenium\selenium-server\3.141.59\selenium-server-3.141.59.jar;C:\Users\DynaPar\.m2\repository\org\seleniumhq\selenium\selenium-opera-driver\3.141.59\selenium-opera-driver-3.141.59.jar;C:\Users\DynaPar\.m2\repository\org\seleniumhq\selenium\selenium-remote-driver\3.141.59\selenium-remote-driver-3.141.59.jar;C:\Users\DynaPar\.m2\repository\org\seleniumhq\selenium\selenium-safari-driver\3.141.59\selenium-safari-driver-3.141.59.jar;C:\Users\DynaPar\.m2\repository\com\beust\jcommander\1.72\jcommander-1.72.jar;C:\Users\DynaPar\.m2\repository\org\apache\commons\commons-exec\1.3\commons-exec-1.3.jar;C:\Users\DynaPar\.m2\repository\net\jcip\jcip-annotations\1.0\jcip-annotations-1.0.jar;C:\Users\DynaPar\.m2\repository\org\seleniumhq\selenium\jetty-repacked\9.4.12.v20180830\jetty-repacked-9.4.12.v20180830.jar;C:\Users\DynaPar\.m2\repository\com\squareup\okhttp3\okhttp\3.11.0\okhttp-3.11.0.jar;C:\Users\DynaPar\.m2\repository\com\squareup\okio\okio\1.14.0\okio-1.14.0.jar;C:\Users\DynaPar\.m2\repository\javax\servlet\javax.servlet-api\3.1.0\javax.servlet-api-3.1.0.jar;C:\Users\DynaPar\.m2\repository\org\yaml\snakeyaml\1.19\snakeyaml-1.19.jar;C:\Users\DynaPar\.m2\repository\org\seleniumhq\selenium\selenium-java\3.141.59\selenium-java-3.141.59.jar;C:\Users\DynaPar\.m2\repository\org\seleniumhq\selenium\selenium-api\3.141.59\selenium-api-3.141.59.jar;C:\Users\DynaPar\.m2\repository\org\seleniumhq\selenium\selenium-support\3.141.59\selenium-support-3.141.59.jar;C:\Users\DynaPar\.m2\repository\org\seleniumhq\selenium\selenium-chrome-driver\3.141.59\selenium-chrome-driver-3.141.59.jar;C:\Users\DynaPar\.m2\repository\org\seleniumhq\selenium\selenium-firefox-driver\3.141.59\selenium-firefox-driver-3.141.59.jar;C:\Users\DynaPar\.m2\repository\org\seleniumhq\selenium\selenium-edge-driver\3.141.59\selenium-edge-driver-3.141.59.jar;C:\Users\DynaPar\.m2\repository\org\seleniumhq\selenium\selenium-ie-driver\3.141.59\selenium-ie-driver-3.141.59.jar;C:\Users\DynaPar\.m2\repository\net\sourceforge\htmlunit\htmlunit\2.47.1\htmlunit-2.47.1.jar;C:\Users\DynaPar\.m2\repository\xalan\xalan\2.7.2\xalan-2.7.2.jar;C:\Users\DynaPar\.m2\repository\xalan\serializer\2.7.2\serializer-2.7.2.jar;C:\Users\DynaPar\.m2\repository\org\apache\httpcomponents\httpmime\4.5.13\httpmime-4.5.13.jar;C:\Users\DynaPar\.m2\repository\org\apache\httpcomponents\httpclient\4.5.13\httpclient-4.5.13.jar;C:\Users\DynaPar\.m2\repository\org\apache\httpcomponents\httpcore\4.4.13\httpcore-4.4.13.jar;C:\Users\DynaPar\.m2\repository\net\sourceforge\htmlunit\htmlunit-core-js\2.47.0\htmlunit-core-js-2.47.0.jar;C:\Users\DynaPar\.m2\repository\net\sourceforge\htmlunit\neko-htmlunit\2.47.1\neko-htmlunit-2.47.1.jar;C:\Users\DynaPar\.m2\repository\xerces\xercesImpl\2.12.0\xercesImpl-2.12.0.jar;C:\Users\DynaPar\.m2\repository\xml-apis\xml-apis\1.4.01\xml-apis-1.4.01.jar;C:\Users\DynaPar\.m2\repository\net\sourceforge\htmlunit\htmlunit-cssparser\1.7.0\htmlunit-cssparser-1.7.0.jar;C:\Users\DynaPar\.m2\repository\commons-logging\commons-logging\1.2\commons-logging-1.2.jar;C:\Users\DynaPar\.m2\repository\org\brotli\dec\0.1.2\dec-0.1.2.jar;C:\Users\DynaPar\.m2\repository\com\shapesecurity\salvation2\3.0.0\salvation2-3.0.0.jar;C:\Users\DynaPar\.m2\repository\org\eclipse\jetty\websocket\websocket-client\9.4.36.v20210114\websocket-client-9.4.36.v20210114.jar;C:\Users\DynaPar\.m2\repository\org\eclipse\jetty\jetty-client\9.4.36.v20210114\jetty-client-9.4.36.v20210114.jar;C:\Users\DynaPar\.m2\repository\org\eclipse\jetty\jetty-http\9.4.36.v20210114\jetty-http-9.4.36.v20210114.jar;C:\Users\DynaPar\.m2\repository\org\eclipse\jetty\jetty-util\9.4.36.v20210114\jetty-util-9.4.36.v20210114.jar;C:\Users\DynaPar\.m2\repository\org\eclipse\jetty\jetty-io\9.4.36.v20210114\jetty-io-9.4.36.v20210114.jar;C:\Users\DynaPar\.m2\repository\org\eclipse\jetty\websocket\websocket-common\9.4.36.v20210114\websocket-common-9.4.36.v20210114.jar;C:\Users\DynaPar\.m2\repository\org\eclipse\jetty\websocket\websocket-api\9.4.36.v20210114\websocket-api-9.4.36.v20210114.jar;C:\Users\DynaPar\.m2\repository\org\seleniumhq\selenium\htmlunit-driver\2.47.1\htmlunit-driver-2.47.1.jar;C:\Users\DynaPar\.m2\repository\com\codeborne\phantomjsdriver\1.4.4\phantomjsdriver-1.4.4.jar;C:\Users\DynaPar\.m2\repository\io\appium\java-client\7.5.1\java-client-7.5.1.jar;C:\Users\DynaPar\.m2\repository\commons-validator\commons-validator\1.7\commons-validator-1.7.jar;C:\Users\DynaPar\.m2\repository\commons-digester\commons-digester\2.1\commons-digester-2.1.jar;C:\Users\DynaPar\.m2\repository\org\aspectj\aspectjweaver\1.9.6\aspectjweaver-1.9.6.jar;C:\Users\DynaPar\.m2\repository\net\sf\opencsv\opencsv\2.0\opencsv-2.0.jar;C:\Users\DynaPar\.m2\repository\commons-beanutils\commons-beanutils\1.9.4\commons-beanutils-1.9.4.jar;C:\Users\DynaPar\.m2\repository\org\apache\commons\commons-lang3\3.11\commons-lang3-3.11.jar;C:\Users\DynaPar\.m2\repository\commons-collections\commons-collections\3.2.2\commons-collections-3.2.2.jar;C:\Users\DynaPar\.m2\repository\org\fluentlenium\fluentlenium-core\0.10.2\fluentlenium-core-0.10.2.jar;C:\Users\DynaPar\.m2\repository\io\github\bonigarcia\webdrivermanager\4.4.1\webdrivermanager-4.4.1.jar;C:\Users\DynaPar\.m2\repository\org\apache\httpcomponents\client5\httpclient5\5.0.3\httpclient5-5.0.3.jar;C:\Users\DynaPar\.m2\repository\org\apache\httpcomponents\core5\httpcore5\5.0.2\httpcore5-5.0.2.jar;C:\Users\DynaPar\.m2\repository\org\apache\httpcomponents\core5\httpcore5-h2\5.0.2\httpcore5-h2-5.0.2.jar;C:\Users\DynaPar\.m2\repository\org\rauschig\jarchivelib\1.1.0\jarchivelib-1.1.0.jar;C:\Users\DynaPar\.m2\repository\org\apache\commons\commons-compress\1.20\commons-compress-1.20.jar;C:\Users\DynaPar\.m2\repository\com\jhlabs\filters\2.0.235\filters-2.0.235.jar;C:\Users\DynaPar\.m2\repository\com\paulhammant\ngwebdriver\1.1.5\ngwebdriver-1.1.5.jar;C:\Users\DynaPar\.m2\repository\joda-time\joda-time\2.8.2\joda-time-2.8.2.jar;C:\Users\DynaPar\.m2\repository\org\hamcrest\hamcrest\2.2\hamcrest-2.2.jar;C:\Users\DynaPar\.m2\repository\com\google\jimfs\jimfs\1.1\jimfs-1.1.jar;C:\Users\DynaPar\.m2\repository\org\mockito\mockito-core\3.3.3\mockito-core-3.3.3.jar;C:\Users\DynaPar\.m2\repository\javax\xml\bind\jaxb-api\2.3.1\jaxb-api-2.3.1.jar;C:\Users\DynaPar\.m2\repository\javax\activation\javax.activation-api\1.2.0\javax.activation-api-1.2.0.jar;C:\Users\DynaPar\.m2\repository\com\sun\xml\bind\jaxb-core\2.3.0.1\jaxb-core-2.3.0.1.jar;C:\Users\DynaPar\.m2\repository\com\sun\xml\bind\jaxb-impl\2.3.3\jaxb-impl-2.3.3.jar;C:\Users\DynaPar\.m2\repository\jakarta\xml\bind\jakarta.xml.bind-api\2.3.3\jakarta.xml.bind-api-2.3.3.jar;C:\Users\DynaPar\.m2\repository\com\sun\activation\jakarta.activation\1.2.2\jakarta.activation-1.2.2.jar;C:\Users\DynaPar\.m2\repository\javax\activation\activation\1.1.1\activation-1.1.1.jar;C:\Users\DynaPar\.m2\repository\net\serenity-bdd\serenity-junit5\3.0.2\serenity-junit5-3.0.2.jar;C:\Users\DynaPar\.m2\repository\org\junit\jupiter\junit-jupiter-api\5.8.1\junit-jupiter-api-5.8.1.jar;C:\Users\DynaPar\.m2\repository\org\junit\platform\junit-platform-commons\1.8.1\junit-platform-commons-1.8.1.jar;C:\Users\DynaPar\.m2\repository\org\junit\jupiter\junit-jupiter-params\5.8.1\junit-jupiter-params-5.8.1.jar;C:\Users\DynaPar\.m2\repository\org\junit\vintage\junit-vintage-engine\5.8.1\junit-vintage-engine-5.8.1.jar;C:\Users\DynaPar\.m2\repository\junit\junit\4.13.2\junit-4.13.2.jar;C:\Users\DynaPar\.m2\repository\org\hamcrest\hamcrest-core\1.3\hamcrest-core-1.3.jar;C:\Users\DynaPar\.m2\repository\org\springframework\spring-core\5.3.3\spring-core-5.3.3.jar;C:\Users\DynaPar\.m2\repository\org\springframework\spring-jcl\5.3.3\spring-jcl-5.3.3.jar;C:\Users\DynaPar\.m2\repository\net\serenity-bdd\serenity-screenplay\3.0.2\serenity-screenplay-3.0.2.jar;C:\Users\DynaPar\.m2\repository\net\serenity-bdd\serenity-screenplay-webdriver\3.0.2\serenity-screenplay-webdriver-3.0.2.jar;C:\Users\DynaPar\.m2\repository\net\serenity-bdd\serenity-ensure\3.0.2\serenity-ensure-3.0.2.jar;C:\Users\DynaPar\.m2\repository\net\serenity-bdd\serenity-junit\3.0.2\serenity-junit-3.0.2.jar;C:\Users\DynaPar\.m2\repository\org\jetbrains\kotlin\kotlin-stdlib\1.5.31\kotlin-stdlib-1.5.31.jar;C:\Users\DynaPar\.m2\repository\org\jetbrains\annotations\13.0\annotations-13.0.jar;C:\Users\DynaPar\.m2\repository\org\jetbrains\kotlin\kotlin-stdlib-common\1.5.31\kotlin-stdlib-common-1.5.31.jar;C:\Users\DynaPar\.m2\repository\ch\qos\logback\logback-classic\1.0.13\logback-classic-1.0.13.jar;C:\Users\DynaPar\.m2\repository\ch\qos\logback\logback-core\1.0.13\logback-core-1.0.13.jar;C:\Users\DynaPar\.m2\repository\org\slf4j\slf4j-api\1.7.5\slf4j-api-1.7.5.jar;C:\Users\DynaPar\.m2\repository\org\projectlombok\lombok\1.18.20\lombok-1.18.20.jar;C:\Users\DynaPar\.m2\repository\org\junit\platform\junit-platform-launcher\1.8.1\junit-platform-launcher-1.8.1.jar;C:\Users\DynaPar\.m2\repository\org\junit\platform\junit-platform-engine\1.8.1\junit-platform-engine-1.8.1.jar;C:\Users\DynaPar\.m2\repository\org\apiguardian\apiguardian-api\1.1.2\apiguardian-api-1.1.2.jar;C:\Users\DynaPar\.m2\repository\org\junit\jupiter\junit-jupiter-engine\5.8.1\junit-jupiter-engine-5.8.1.jar;C:\Users\DynaPar\.m2\repository\org\assertj\assertj-core\3.6.2\assertj-core-3.6.2.jar;"/>
    <property name="java.vm.vendor" value="Oracle Corporation"/>
    <property name="sun.arch.data.model" value="64"/>
    <property name="user.variant" value=""/>
    <property name="java.vendor.url" value="https://openjdk.java.net/"/>
    <property name="user.timezone" value="Asia/Calcutta"/>
    <property name="java.vm.specification.version" value="11"/>
    <property name="os.name" value="Windows 10"/>
    <property name="sun.java.launcher" value="SUN_STANDARD"/>
    <property name="user.country" value="US"/>
    <property name="sun.boot.library.path" value="C:\Program Files\Java\jdk-11\bin"/>
    <property name="sun.java.command" value="org.apache.maven.surefire.booter.ForkedBooter C:\Users\DynaPar\AppData\Local\Temp\surefire5350939164199122888 2023-11-23T20-45-47_495-jvmRun2 surefire5762190408684602572tmp surefire_212076194146262927307tmp"/>
    <property name="jdk.debug" value="release"/>
    <property name="surefire.test.class.path" value="C:\Users\DynaPar\eclipse-workspace\StudentApplication\target\test-classes;C:\Users\DynaPar\.m2\repository\net\serenity-bdd\serenity-rest-assured\3.0.2\serenity-rest-assured-3.0.2.jar;C:\Users\DynaPar\.m2\repository\io\rest-assured\rest-assured\4.3.3\rest-assured-4.3.3.jar;C:\Users\DynaPar\.m2\repository\org\ccil\cowan\tagsoup\tagsoup\1.2.1\tagsoup-1.2.1.jar;C:\Users\DynaPar\.m2\repository\io\rest-assured\json-path\4.3.3\json-path-4.3.3.jar;C:\Users\DynaPar\.m2\repository\io\rest-assured\rest-assured-common\4.3.3\rest-assured-common-4.3.3.jar;C:\Users\DynaPar\.m2\repository\io\rest-assured\xml-path\4.3.3\xml-path-4.3.3.jar;C:\Users\DynaPar\.m2\repository\org\codehaus\groovy\groovy-json\3.0.9\groovy-json-3.0.9.jar;C:\Users\DynaPar\.m2\repository\org\codehaus\groovy\groovy-xml\3.0.9\groovy-xml-3.0.9.jar;C:\Users\DynaPar\.m2\repository\org\codehaus\groovy\groovy\3.0.9\groovy-3.0.9.jar;C:\Users\DynaPar\.m2\repository\org\opentest4j\opentest4j\1.2.0\opentest4j-1.2.0.jar;C:\Users\DynaPar\.m2\repository\net\serenity-bdd\serenity-core\3.0.2\serenity-core-3.0.2.jar;C:\Users\DynaPar\.m2\repository\net\serenity-bdd\serenity-model\3.0.2\serenity-model-3.0.2.jar;C:\Users\DynaPar\.m2\repository\org\apache\commons\commons-text\1.9\commons-text-1.9.jar;C:\Users\DynaPar\.m2\repository\commons-net\commons-net\3.6\commons-net-3.6.jar;C:\Users\DynaPar\.m2\repository\com\google\guava\guava\31.0.1-jre\guava-31.0.1-jre.jar;C:\Users\DynaPar\.m2\repository\com\google\guava\failureaccess\1.0.1\failureaccess-1.0.1.jar;C:\Users\DynaPar\.m2\repository\com\google\guava\listenablefuture\9999.0-empty-to-avoid-conflict-with-guava\listenablefuture-9999.0-empty-to-avoid-conflict-with-guava.jar;C:\Users\DynaPar\.m2\repository\com\google\code\findbugs\jsr305\3.0.2\jsr305-3.0.2.jar;C:\Users\DynaPar\.m2\repository\org\checkerframework\checker-qual\3.12.0\checker-qual-3.12.0.jar;C:\Users\DynaPar\.m2\repository\com\google\errorprone\error_prone_annotations\2.7.1\error_prone_annotations-2.7.1.jar;C:\Users\DynaPar\.m2\repository\com\google\j2objc\j2objc-annotations\1.3\j2objc-annotations-1.3.jar;C:\Users\DynaPar\.m2\repository\com\google\inject\guice\5.0.1\guice-5.0.1.jar;C:\Users\DynaPar\.m2\repository\javax\inject\javax.inject\1\javax.inject-1.jar;C:\Users\DynaPar\.m2\repository\aopalliance\aopalliance\1.0\aopalliance-1.0.jar;C:\Users\DynaPar\.m2\repository\org\jsoup\jsoup\1.13.1\jsoup-1.13.1.jar;C:\Users\DynaPar\.m2\repository\com\thoughtworks\xstream\xstream\1.4.18\xstream-1.4.18.jar;C:\Users\DynaPar\.m2\repository\io\github\x-stream\mxparser\1.2.2\mxparser-1.2.2.jar;C:\Users\DynaPar\.m2\repository\xmlpull\xmlpull\1.1.3.1\xmlpull-1.1.3.1.jar;C:\Users\DynaPar\.m2\repository\io\cucumber\cucumber-core\6.11.0\cucumber-core-6.11.0.jar;C:\Users\DynaPar\.m2\repository\io\cucumber\cucumber-gherkin\6.11.0\cucumber-gherkin-6.11.0.jar;C:\Users\DynaPar\.m2\repository\io\cucumber\cucumber-gherkin-messages\6.11.0\cucumber-gherkin-messages-6.11.0.jar;C:\Users\DynaPar\.m2\repository\io\cucumber\messages\15.0.0\messages-15.0.0.jar;C:\Users\DynaPar\.m2\repository\io\cucumber\tag-expressions\3.0.1\tag-expressions-3.0.1.jar;C:\Users\DynaPar\.m2\repository\io\cucumber\cucumber-expressions\10.3.0\cucumber-expressions-10.3.0.jar;C:\Users\DynaPar\.m2\repository\io\cucumber\datatable\3.5.0\datatable-3.5.0.jar;C:\Users\DynaPar\.m2\repository\io\cucumber\cucumber-plugin\6.11.0\cucumber-plugin-6.11.0.jar;C:\Users\DynaPar\.m2\repository\io\cucumber\docstring\6.11.0\docstring-6.11.0.jar;C:\Users\DynaPar\.m2\repository\io\cucumber\html-formatter\13.0.0\html-formatter-13.0.0.jar;C:\Users\DynaPar\.m2\repository\io\cucumber\create-meta\4.0.0\create-meta-4.0.0.jar;C:\Users\DynaPar\.m2\repository\io\cucumber\cucumber-java\6.11.0\cucumber-java-6.11.0.jar;C:\Users\DynaPar\.m2\repository\com\typesafe\config\1.3.1\config-1.3.1.jar;C:\Users\DynaPar\.m2\repository\org\imgscalr\imgscalr-lib\4.2\imgscalr-lib-4.2.jar;C:\Users\DynaPar\.m2\repository\org\awaitility\awaitility\4.1.0\awaitility-4.1.0.jar;C:\Users\DynaPar\.m2\repository\org\freemarker\freemarker\2.3.31\freemarker-2.3.31.jar;C:\Users\DynaPar\.m2\repository\org\reflections\reflections\0.10.2\reflections-0.10.2.jar;C:\Users\DynaPar\.m2\repository\org\javassist\javassist\3.28.0-GA\javassist-3.28.0-GA.jar;C:\Users\DynaPar\.m2\repository\net\sourceforge\jexcelapi\jxl\2.6.12\jxl-2.6.12.jar;C:\Users\DynaPar\.m2\repository\org\asciidoctor\asciidoctorj\2.5.1\asciidoctorj-2.5.1.jar;C:\Users\DynaPar\.m2\repository\org\asciidoctor\asciidoctorj-api\2.5.1\asciidoctorj-api-2.5.1.jar;C:\Users\DynaPar\.m2\repository\org\jruby\jruby\9.2.17.0\jruby-9.2.17.0.jar;C:\Users\DynaPar\.m2\repository\org\jruby\jruby-core\9.2.17.0\jruby-core-9.2.17.0.jar;C:\Users\DynaPar\.m2\repository\com\github\jnr\jnr-netdb\1.2.0\jnr-netdb-1.2.0.jar;C:\Users\DynaPar\.m2\repository\com\github\jnr\jnr-enxio\0.32.3\jnr-enxio-0.32.3.jar;C:\Users\DynaPar\.m2\repository\com\github\jnr\jnr-unixsocket\0.38.5\jnr-unixsocket-0.38.5.jar;C:\Users\DynaPar\.m2\repository\com\github\jnr\jnr-posix\3.1.4\jnr-posix-3.1.4.jar;C:\Users\DynaPar\.m2\repository\com\github\jnr\jnr-constants\0.10.1\jnr-constants-0.10.1.jar;C:\Users\DynaPar\.m2\repository\com\github\jnr\jffi\1.3.1\jffi-1.3.1.jar;C:\Users\DynaPar\.m2\repository\com\github\jnr\jffi\1.3.1\jffi-1.3.1-native.jar;C:\Users\DynaPar\.m2\repository\org\jruby\joni\joni\2.1.31\joni-2.1.31.jar;C:\Users\DynaPar\.m2\repository\org\jruby\jcodings\jcodings\1.0.46\jcodings-1.0.46.jar;C:\Users\DynaPar\.m2\repository\org\jruby\dirgra\0.3\dirgra-0.3.jar;C:\Users\DynaPar\.m2\repository\com\headius\invokebinder\1.11\invokebinder-1.11.jar;C:\Users\DynaPar\.m2\repository\com\headius\options\1.4\options-1.4.jar;C:\Users\DynaPar\.m2\repository\com\jcraft\jzlib\1.1.3\jzlib-1.1.3.jar;C:\Users\DynaPar\.m2\repository\com\martiansoftware\nailgun-server\0.9.1\nailgun-server-0.9.1.jar;C:\Users\DynaPar\.m2\repository\com\headius\backport9\1.8\backport9-1.8.jar;C:\Users\DynaPar\.m2\repository\javax\annotation\javax.annotation-api\1.3.1\javax.annotation-api-1.3.1.jar;C:\Users\DynaPar\.m2\repository\org\jruby\jruby-stdlib\9.2.17.0\jruby-stdlib-9.2.17.0.jar;C:\Users\DynaPar\.m2\repository\net\bytebuddy\byte-buddy\1.11.22\byte-buddy-1.11.22.jar;C:\Users\DynaPar\.m2\repository\net\bytebuddy\byte-buddy-agent\1.11.22\byte-buddy-agent-1.11.22.jar;C:\Users\DynaPar\.m2\repository\org\objenesis\objenesis\3.1\objenesis-3.1.jar;C:\Users\DynaPar\.m2\repository\net\serenity-bdd\serenity-reports\3.0.2\serenity-reports-3.0.2.jar;C:\Users\DynaPar\.m2\repository\net\serenity-bdd\serenity-stats\3.0.2\serenity-stats-3.0.2.jar;C:\Users\DynaPar\.m2\repository\net\serenity-bdd\serenity-reports-configuration\3.0.2\serenity-reports-configuration-3.0.2.jar;C:\Users\DynaPar\.m2\repository\com\vladsch\flexmark\flexmark-all\0.34.30\flexmark-all-0.34.30.jar;C:\Users\DynaPar\.m2\repository\com\vladsch\flexmark\flexmark\0.34.30\flexmark-0.34.30.jar;C:\Users\DynaPar\.m2\repository\com\vladsch\flexmark\flexmark-ext-abbreviation\0.34.30\flexmark-ext-abbreviation-0.34.30.jar;C:\Users\DynaPar\.m2\repository\com\vladsch\flexmark\flexmark-ext-admonition\0.34.30\flexmark-ext-admonition-0.34.30.jar;C:\Users\DynaPar\.m2\repository\com\vladsch\flexmark\flexmark-ext-anchorlink\0.34.30\flexmark-ext-anchorlink-0.34.30.jar;C:\Users\DynaPar\.m2\repository\com\vladsch\flexmark\flexmark-ext-aside\0.34.30\flexmark-ext-aside-0.34.30.jar;C:\Users\DynaPar\.m2\repository\com\vladsch\flexmark\flexmark-ext-attributes\0.34.30\flexmark-ext-attributes-0.34.30.jar;C:\Users\DynaPar\.m2\repository\com\vladsch\flexmark\flexmark-ext-autolink\0.34.30\flexmark-ext-autolink-0.34.30.jar;C:\Users\DynaPar\.m2\repository\org\nibor\autolink\autolink\0.6.0\autolink-0.6.0.jar;C:\Users\DynaPar\.m2\repository\com\vladsch\flexmark\flexmark-ext-definition\0.34.30\flexmark-ext-definition-0.34.30.jar;C:\Users\DynaPar\.m2\repository\com\vladsch\flexmark\flexmark-ext-emoji\0.34.30\flexmark-ext-emoji-0.34.30.jar;C:\Users\DynaPar\.m2\repository\com\vladsch\flexmark\flexmark-ext-enumerated-reference\0.34.30\flexmark-ext-enumerated-reference-0.34.30.jar;C:\Users\DynaPar\.m2\repository\com\vladsch\flexmark\flexmark-ext-escaped-character\0.34.30\flexmark-ext-escaped-character-0.34.30.jar;C:\Users\DynaPar\.m2\repository\com\vladsch\flexmark\flexmark-ext-footnotes\0.34.30\flexmark-ext-footnotes-0.34.30.jar;C:\Users\DynaPar\.m2\repository\com\vladsch\flexmark\flexmark-ext-gfm-issues\0.34.30\flexmark-ext-gfm-issues-0.34.30.jar;C:\Users\DynaPar\.m2\repository\com\vladsch\flexmark\flexmark-ext-gfm-strikethrough\0.34.30\flexmark-ext-gfm-strikethrough-0.34.30.jar;C:\Users\DynaPar\.m2\repository\com\vladsch\flexmark\flexmark-ext-gfm-tables\0.34.30\flexmark-ext-gfm-tables-0.34.30.jar;C:\Users\DynaPar\.m2\repository\com\vladsch\flexmark\flexmark-ext-gfm-tasklist\0.34.30\flexmark-ext-gfm-tasklist-0.34.30.jar;C:\Users\DynaPar\.m2\repository\com\vladsch\flexmark\flexmark-ext-gfm-users\0.34.30\flexmark-ext-gfm-users-0.34.30.jar;C:\Users\DynaPar\.m2\repository\com\vladsch\flexmark\flexmark-ext-gitlab\0.34.30\flexmark-ext-gitlab-0.34.30.jar;C:\Users\DynaPar\.m2\repository\com\vladsch\flexmark\flexmark-ext-jekyll-front-matter\0.34.30\flexmark-ext-jekyll-front-matter-0.34.30.jar;C:\Users\DynaPar\.m2\repository\com\vladsch\flexmark\flexmark-ext-jekyll-tag\0.34.30\flexmark-ext-jekyll-tag-0.34.30.jar;C:\Users\DynaPar\.m2\repository\com\vladsch\flexmark\flexmark-ext-media-tags\0.34.30\flexmark-ext-media-tags-0.34.30.jar;C:\Users\DynaPar\.m2\repository\com\vladsch\flexmark\flexmark-test-util\0.34.30\flexmark-test-util-0.34.30.jar;C:\Users\DynaPar\.m2\repository\com\vladsch\flexmark\flexmark-ext-ins\0.34.30\flexmark-ext-ins-0.34.30.jar;C:\Users\DynaPar\.m2\repository\com\vladsch\flexmark\flexmark-ext-xwiki-macros\0.34.30\flexmark-ext-xwiki-macros-0.34.30.jar;C:\Users\DynaPar\.m2\repository\com\vladsch\flexmark\flexmark-ext-superscript\0.34.30\flexmark-ext-superscript-0.34.30.jar;C:\Users\DynaPar\.m2\repository\com\vladsch\flexmark\flexmark-ext-tables\0.34.30\flexmark-ext-tables-0.34.30.jar;C:\Users\DynaPar\.m2\repository\com\vladsch\flexmark\flexmark-ext-toc\0.34.30\flexmark-ext-toc-0.34.30.jar;C:\Users\DynaPar\.m2\repository\com\vladsch\flexmark\flexmark-ext-typographic\0.34.30\flexmark-ext-typographic-0.34.30.jar;C:\Users\DynaPar\.m2\repository\com\vladsch\flexmark\flexmark-ext-wikilink\0.34.30\flexmark-ext-wikilink-0.34.30.jar;C:\Users\DynaPar\.m2\repository\com\vladsch\flexmark\flexmark-ext-yaml-front-matter\0.34.30\flexmark-ext-yaml-front-matter-0.34.30.jar;C:\Users\DynaPar\.m2\repository\com\vladsch\flexmark\flexmark-ext-youtube-embedded\0.34.30\flexmark-ext-youtube-embedded-0.34.30.jar;C:\Users\DynaPar\.m2\repository\com\vladsch\flexmark\flexmark-formatter\0.34.30\flexmark-formatter-0.34.30.jar;C:\Users\DynaPar\.m2\repository\com\vladsch\flexmark\flexmark-html-parser\0.34.30\flexmark-html-parser-0.34.30.jar;C:\Users\DynaPar\.m2\repository\com\vladsch\flexmark\flexmark-jira-converter\0.34.30\flexmark-jira-converter-0.34.30.jar;C:\Users\DynaPar\.m2\repository\com\vladsch\flexmark\flexmark-pdf-converter\0.34.30\flexmark-pdf-converter-0.34.30.jar;C:\Users\DynaPar\.m2\repository\com\openhtmltopdf\openhtmltopdf-core\0.0.1-RC13\openhtmltopdf-core-0.0.1-RC13.jar;C:\Users\DynaPar\.m2\repository\com\openhtmltopdf\openhtmltopdf-pdfbox\0.0.1-RC13\openhtmltopdf-pdfbox-0.0.1-RC13.jar;C:\Users\DynaPar\.m2\repository\org\apache\pdfbox\pdfbox\2.0.8\pdfbox-2.0.8.jar;C:\Users\DynaPar\.m2\repository\org\apache\pdfbox\fontbox\2.0.8\fontbox-2.0.8.jar;C:\Users\DynaPar\.m2\repository\org\apache\pdfbox\xmpbox\2.0.8\xmpbox-2.0.8.jar;C:\Users\DynaPar\.m2\repository\de\rototor\pdfbox\graphics2d\0.12\graphics2d-0.12.jar;C:\Users\DynaPar\.m2\repository\com\openhtmltopdf\openhtmltopdf-rtl-support\0.0.1-RC13\openhtmltopdf-rtl-support-0.0.1-RC13.jar;C:\Users\DynaPar\.m2\repository\com\ibm\icu\icu4j\59.1\icu4j-59.1.jar;C:\Users\DynaPar\.m2\repository\com\openhtmltopdf\openhtmltopdf-jsoup-dom-converter\0.0.1-RC13\openhtmltopdf-jsoup-dom-converter-0.0.1-RC13.jar;C:\Users\DynaPar\.m2\repository\com\vladsch\flexmark\flexmark-profile-pegdown\0.34.30\flexmark-profile-pegdown-0.34.30.jar;C:\Users\DynaPar\.m2\repository\com\vladsch\flexmark\flexmark-util\0.34.30\flexmark-util-0.34.30.jar;C:\Users\DynaPar\.m2\repository\com\vladsch\flexmark\flexmark-youtrack-converter\0.34.30\flexmark-youtrack-converter-0.34.30.jar;C:\Users\DynaPar\.m2\repository\es\nitaur\markdown\txtmark\0.16\txtmark-0.16.jar;C:\Users\DynaPar\.m2\repository\net\serenity-bdd\serenity-report-resources\3.0.2\serenity-report-resources-3.0.2.jar;C:\Users\DynaPar\.m2\repository\com\google\code\gson\gson\2.8.8\gson-2.8.8.jar;C:\Users\DynaPar\.m2\repository\com\fasterxml\jackson\core\jackson-core\2.12.4\jackson-core-2.12.4.jar;C:\Users\DynaPar\.m2\repository\com\fasterxml\jackson\core\jackson-databind\2.12.4\jackson-databind-2.12.4.jar;C:\Users\DynaPar\.m2\repository\com\fasterxml\jackson\core\jackson-annotations\2.12.4\jackson-annotations-2.12.4.jar;C:\Users\DynaPar\.m2\repository\commons-codec\commons-codec\1.15\commons-codec-1.15.jar;C:\Users\DynaPar\.m2\repository\commons-io\commons-io\2.8.0\commons-io-2.8.0.jar;C:\Users\DynaPar\.m2\repository\org\seleniumhq\selenium\selenium-server\3.141.59\selenium-server-3.141.59.jar;C:\Users\DynaPar\.m2\repository\org\seleniumhq\selenium\selenium-opera-driver\3.141.59\selenium-opera-driver-3.141.59.jar;C:\Users\DynaPar\.m2\repository\org\seleniumhq\selenium\selenium-remote-driver\3.141.59\selenium-remote-driver-3.141.59.jar;C:\Users\DynaPar\.m2\repository\org\seleniumhq\selenium\selenium-safari-driver\3.141.59\selenium-safari-driver-3.141.59.jar;C:\Users\DynaPar\.m2\repository\com\beust\jcommander\1.72\jcommander-1.72.jar;C:\Users\DynaPar\.m2\repository\org\apache\commons\commons-exec\1.3\commons-exec-1.3.jar;C:\Users\DynaPar\.m2\repository\net\jcip\jcip-annotations\1.0\jcip-annotations-1.0.jar;C:\Users\DynaPar\.m2\repository\org\seleniumhq\selenium\jetty-repacked\9.4.12.v20180830\jetty-repacked-9.4.12.v20180830.jar;C:\Users\DynaPar\.m2\repository\com\squareup\okhttp3\okhttp\3.11.0\okhttp-3.11.0.jar;C:\Users\DynaPar\.m2\repository\com\squareup\okio\okio\1.14.0\okio-1.14.0.jar;C:\Users\DynaPar\.m2\repository\javax\servlet\javax.servlet-api\3.1.0\javax.servlet-api-3.1.0.jar;C:\Users\DynaPar\.m2\repository\org\yaml\snakeyaml\1.19\snakeyaml-1.19.jar;C:\Users\DynaPar\.m2\repository\org\seleniumhq\selenium\selenium-java\3.141.59\selenium-java-3.141.59.jar;C:\Users\DynaPar\.m2\repository\org\seleniumhq\selenium\selenium-api\3.141.59\selenium-api-3.141.59.jar;C:\Users\DynaPar\.m2\repository\org\seleniumhq\selenium\selenium-support\3.141.59\selenium-support-3.141.59.jar;C:\Users\DynaPar\.m2\repository\org\seleniumhq\selenium\selenium-chrome-driver\3.141.59\selenium-chrome-driver-3.141.59.jar;C:\Users\DynaPar\.m2\repository\org\seleniumhq\selenium\selenium-firefox-driver\3.141.59\selenium-firefox-driver-3.141.59.jar;C:\Users\DynaPar\.m2\repository\org\seleniumhq\selenium\selenium-edge-driver\3.141.59\selenium-edge-driver-3.141.59.jar;C:\Users\DynaPar\.m2\repository\org\seleniumhq\selenium\selenium-ie-driver\3.141.59\selenium-ie-driver-3.141.59.jar;C:\Users\DynaPar\.m2\repository\net\sourceforge\htmlunit\htmlunit\2.47.1\htmlunit-2.47.1.jar;C:\Users\DynaPar\.m2\repository\xalan\xalan\2.7.2\xalan-2.7.2.jar;C:\Users\DynaPar\.m2\repository\xalan\serializer\2.7.2\serializer-2.7.2.jar;C:\Users\DynaPar\.m2\repository\org\apache\httpcomponents\httpmime\4.5.13\httpmime-4.5.13.jar;C:\Users\DynaPar\.m2\repository\org\apache\httpcomponents\httpclient\4.5.13\httpclient-4.5.13.jar;C:\Users\DynaPar\.m2\repository\org\apache\httpcomponents\httpcore\4.4.13\httpcore-4.4.13.jar;C:\Users\DynaPar\.m2\repository\net\sourceforge\htmlunit\htmlunit-core-js\2.47.0\htmlunit-core-js-2.47.0.jar;C:\Users\DynaPar\.m2\repository\net\sourceforge\htmlunit\neko-htmlunit\2.47.1\neko-htmlunit-2.47.1.jar;C:\Users\DynaPar\.m2\repository\xerces\xercesImpl\2.12.0\xercesImpl-2.12.0.jar;C:\Users\DynaPar\.m2\repository\xml-apis\xml-apis\1.4.01\xml-apis-1.4.01.jar;C:\Users\DynaPar\.m2\repository\net\sourceforge\htmlunit\htmlunit-cssparser\1.7.0\htmlunit-cssparser-1.7.0.jar;C:\Users\DynaPar\.m2\repository\commons-logging\commons-logging\1.2\commons-logging-1.2.jar;C:\Users\DynaPar\.m2\repository\org\brotli\dec\0.1.2\dec-0.1.2.jar;C:\Users\DynaPar\.m2\repository\com\shapesecurity\salvation2\3.0.0\salvation2-3.0.0.jar;C:\Users\DynaPar\.m2\repository\org\eclipse\jetty\websocket\websocket-client\9.4.36.v20210114\websocket-client-9.4.36.v20210114.jar;C:\Users\DynaPar\.m2\repository\org\eclipse\jetty\jetty-client\9.4.36.v20210114\jetty-client-9.4.36.v20210114.jar;C:\Users\DynaPar\.m2\repository\org\eclipse\jetty\jetty-http\9.4.36.v20210114\jetty-http-9.4.36.v20210114.jar;C:\Users\DynaPar\.m2\repository\org\eclipse\jetty\jetty-util\9.4.36.v20210114\jetty-util-9.4.36.v20210114.jar;C:\Users\DynaPar\.m2\repository\org\eclipse\jetty\jetty-io\9.4.36.v20210114\jetty-io-9.4.36.v20210114.jar;C:\Users\DynaPar\.m2\repository\org\eclipse\jetty\websocket\websocket-common\9.4.36.v20210114\websocket-common-9.4.36.v20210114.jar;C:\Users\DynaPar\.m2\repository\org\eclipse\jetty\websocket\websocket-api\9.4.36.v20210114\websocket-api-9.4.36.v20210114.jar;C:\Users\DynaPar\.m2\repository\org\seleniumhq\selenium\htmlunit-driver\2.47.1\htmlunit-driver-2.47.1.jar;C:\Users\DynaPar\.m2\repository\com\codeborne\phantomjsdriver\1.4.4\phantomjsdriver-1.4.4.jar;C:\Users\DynaPar\.m2\repository\io\appium\java-client\7.5.1\java-client-7.5.1.jar;C:\Users\DynaPar\.m2\repository\commons-validator\commons-validator\1.7\commons-validator-1.7.jar;C:\Users\DynaPar\.m2\repository\commons-digester\commons-digester\2.1\commons-digester-2.1.jar;C:\Users\DynaPar\.m2\repository\org\aspectj\aspectjweaver\1.9.6\aspectjweaver-1.9.6.jar;C:\Users\DynaPar\.m2\repository\net\sf\opencsv\opencsv\2.0\opencsv-2.0.jar;C:\Users\DynaPar\.m2\repository\commons-beanutils\commons-beanutils\1.9.4\commons-beanutils-1.9.4.jar;C:\Users\DynaPar\.m2\repository\org\apache\commons\commons-lang3\3.11\commons-lang3-3.11.jar;C:\Users\DynaPar\.m2\repository\commons-collections\commons-collections\3.2.2\commons-collections-3.2.2.jar;C:\Users\DynaPar\.m2\repository\org\fluentlenium\fluentlenium-core\0.10.2\fluentlenium-core-0.10.2.jar;C:\Users\DynaPar\.m2\repository\io\github\bonigarcia\webdrivermanager\4.4.1\webdrivermanager-4.4.1.jar;C:\Users\DynaPar\.m2\repository\org\apache\httpcomponents\client5\httpclient5\5.0.3\httpclient5-5.0.3.jar;C:\Users\DynaPar\.m2\repository\org\apache\httpcomponents\core5\httpcore5\5.0.2\httpcore5-5.0.2.jar;C:\Users\DynaPar\.m2\repository\org\apache\httpcomponents\core5\httpcore5-h2\5.0.2\httpcore5-h2-5.0.2.jar;C:\Users\DynaPar\.m2\repository\org\rauschig\jarchivelib\1.1.0\jarchivelib-1.1.0.jar;C:\Users\DynaPar\.m2\repository\org\apache\commons\commons-compress\1.20\commons-compress-1.20.jar;C:\Users\DynaPar\.m2\repository\com\jhlabs\filters\2.0.235\filters-2.0.235.jar;C:\Users\DynaPar\.m2\repository\com\paulhammant\ngwebdriver\1.1.5\ngwebdriver-1.1.5.jar;C:\Users\DynaPar\.m2\repository\joda-time\joda-time\2.8.2\joda-time-2.8.2.jar;C:\Users\DynaPar\.m2\repository\org\hamcrest\hamcrest\2.2\hamcrest-2.2.jar;C:\Users\DynaPar\.m2\repository\com\google\jimfs\jimfs\1.1\jimfs-1.1.jar;C:\Users\DynaPar\.m2\repository\org\mockito\mockito-core\3.3.3\mockito-core-3.3.3.jar;C:\Users\DynaPar\.m2\repository\javax\xml\bind\jaxb-api\2.3.1\jaxb-api-2.3.1.jar;C:\Users\DynaPar\.m2\repository\javax\activation\javax.activation-api\1.2.0\javax.activation-api-1.2.0.jar;C:\Users\DynaPar\.m2\repository\com\sun\xml\bind\jaxb-core\2.3.0.1\jaxb-core-2.3.0.1.jar;C:\Users\DynaPar\.m2\repository\com\sun\xml\bind\jaxb-impl\2.3.3\jaxb-impl-2.3.3.jar;C:\Users\DynaPar\.m2\repository\jakarta\xml\bind\jakarta.xml.bind-api\2.3.3\jakarta.xml.bind-api-2.3.3.jar;C:\Users\DynaPar\.m2\repository\com\sun\activation\jakarta.activation\1.2.2\jakarta.activation-1.2.2.jar;C:\Users\DynaPar\.m2\repository\javax\activation\activation\1.1.1\activation-1.1.1.jar;C:\Users\DynaPar\.m2\repository\net\serenity-bdd\serenity-junit5\3.0.2\serenity-junit5-3.0.2.jar;C:\Users\DynaPar\.m2\repository\org\junit\jupiter\junit-jupiter-api\5.8.1\junit-jupiter-api-5.8.1.jar;C:\Users\DynaPar\.m2\repository\org\junit\platform\junit-platform-commons\1.8.1\junit-platform-commons-1.8.1.jar;C:\Users\DynaPar\.m2\repository\org\junit\jupiter\junit-jupiter-params\5.8.1\junit-jupiter-params-5.8.1.jar;C:\Users\DynaPar\.m2\repository\org\junit\vintage\junit-vintage-engine\5.8.1\junit-vintage-engine-5.8.1.jar;C:\Users\DynaPar\.m2\repository\junit\junit\4.13.2\junit-4.13.2.jar;C:\Users\DynaPar\.m2\repository\org\hamcrest\hamcrest-core\1.3\hamcrest-core-1.3.jar;C:\Users\DynaPar\.m2\repository\org\springframework\spring-core\5.3.3\spring-core-5.3.3.jar;C:\Users\DynaPar\.m2\repository\org\springframework\spring-jcl\5.3.3\spring-jcl-5.3.3.jar;C:\Users\DynaPar\.m2\repository\net\serenity-bdd\serenity-screenplay\3.0.2\serenity-screenplay-3.0.2.jar;C:\Users\DynaPar\.m2\repository\net\serenity-bdd\serenity-screenplay-webdriver\3.0.2\serenity-screenplay-webdriver-3.0.2.jar;C:\Users\DynaPar\.m2\repository\net\serenity-bdd\serenity-ensure\3.0.2\serenity-ensure-3.0.2.jar;C:\Users\DynaPar\.m2\repository\net\serenity-bdd\serenity-junit\3.0.2\serenity-junit-3.0.2.jar;C:\Users\DynaPar\.m2\repository\org\jetbrains\kotlin\kotlin-stdlib\1.5.31\kotlin-stdlib-1.5.31.jar;C:\Users\DynaPar\.m2\repository\org\jetbrains\annotations\13.0\annotations-13.0.jar;C:\Users\DynaPar\.m2\repository\org\jetbrains\kotlin\kotlin-stdlib-common\1.5.31\kotlin-stdlib-common-1.5.31.jar;C:\Users\DynaPar\.m2\repository\ch\qos\logback\logback-classic\1.0.13\logback-classic-1.0.13.jar;C:\Users\DynaPar\.m2\repository\ch\qos\logback\logback-core\1.0.13\logback-core-1.0.13.jar;C:\Users\DynaPar\.m2\repository\org\slf4j\slf4j-api\1.7.5\slf4j-api-1.7.5.jar;C:\Users\DynaPar\.m2\repository\org\projectlombok\lombok\1.18.20\lombok-1.18.20.jar;C:\Users\DynaPar\.m2\repository\org\junit\platform\junit-platform-launcher\1.8.1\junit-platform-launcher-1.8.1.jar;C:\Users\DynaPar\.m2\repository\org\junit\platform\junit-platform-engine\1.8.1\junit-platform-engine-1.8.1.jar;C:\Users\DynaPar\.m2\repository\org\apiguardian\apiguardian-api\1.1.2\apiguardian-api-1.1.2.jar;C:\Users\DynaPar\.m2\repository\org\junit\jupiter\junit-jupiter-engine\5.8.1\junit-jupiter-engine-5.8.1.jar;C:\Users\DynaPar\.m2\repository\org\assertj\assertj-core\3.6.2\assertj-core-3.6.2.jar;"/>
    <property name="sun.cpu.endian" value="little"/>
    <property name="user.home" value="C:\Users\DynaPar"/>
    <property name="user.language" value="en"/>
    <property name="java.specification.vendor" value="Oracle Corporation"/>
    <property name="jdk.module.path" value="C:\Users\DynaPar\eclipse-workspace\StudentApplication\target\StudentApplication-0.0.1-SNAPSHOT.jar"/>
    <property name="java.version.date" value="2023-07-18"/>
    <property name="java.home" value="C:\Program Files\Java\jdk-11"/>
    <property name="file.separator" value="\"/>
    <property name="style.color" value="always"/>
    <property name="basedir" value="C:\Users\DynaPar\eclipse-workspace\StudentApplication"/>
    <property name="java.vm.compressedOopsMode" value="Zero based"/>
    <property name="line.separator" value="&#10;"/>
    <property name="java.specification.name" value="Java Platform API Specification"/>
    <property name="java.vm.specification.vendor" value="Oracle Corporation"/>
    <property name="java.awt.graphicsenv" value="sun.awt.Win32GraphicsEnvironment"/>
    <property name="surefire.real.class.path" value="C:\Users\DynaPar\.m2\repository\org\apache\maven\surefire\surefire-booter\3.0.0-M5\surefire-booter-3.0.0-M5.jar;C:\Users\DynaPar\.m2\repository\org\apache\maven\surefire\surefire-api\3.0.0-M5\surefire-api-3.0.0-M5.jar;C:\Users\DynaPar\.m2\repository\org\apache\maven\surefire\surefire-logger-api\3.0.0-M5\surefire-logger-api-3.0.0-M5.jar;C:\Users\DynaPar\.m2\repository\org\apache\maven\surefire\surefire-shared-utils\3.0.0-M4\surefire-shared-utils-3.0.0-M4.jar;C:\Users\DynaPar\.m2\repository\org\apache\maven\surefire\surefire-extensions-spi\3.0.0-M5\surefire-extensions-spi-3.0.0-M5.jar;C:\Users\DynaPar\eclipse-workspace\StudentApplication\target\test-classes;C:\Users\DynaPar\.m2\repository\net\serenity-bdd\serenity-rest-assured\3.0.2\serenity-rest-assured-3.0.2.jar;C:\Users\DynaPar\.m2\repository\io\rest-assured\rest-assured\4.3.3\rest-assured-4.3.3.jar;C:\Users\DynaPar\.m2\repository\org\ccil\cowan\tagsoup\tagsoup\1.2.1\tagsoup-1.2.1.jar;C:\Users\DynaPar\.m2\repository\io\rest-assured\json-path\4.3.3\json-path-4.3.3.jar;C:\Users\DynaPar\.m2\repository\io\rest-assured\rest-assured-common\4.3.3\rest-assured-common-4.3.3.jar;C:\Users\DynaPar\.m2\repository\io\rest-assured\xml-path\4.3.3\xml-path-4.3.3.jar;C:\Users\DynaPar\.m2\repository\org\codehaus\groovy\groovy-json\3.0.9\groovy-json-3.0.9.jar;C:\Users\DynaPar\.m2\repository\org\codehaus\groovy\groovy-xml\3.0.9\groovy-xml-3.0.9.jar;C:\Users\DynaPar\.m2\repository\org\codehaus\groovy\groovy\3.0.9\groovy-3.0.9.jar;C:\Users\DynaPar\.m2\repository\org\opentest4j\opentest4j\1.2.0\opentest4j-1.2.0.jar;C:\Users\DynaPar\.m2\repository\net\serenity-bdd\serenity-core\3.0.2\serenity-core-3.0.2.jar;C:\Users\DynaPar\.m2\repository\net\serenity-bdd\serenity-model\3.0.2\serenity-model-3.0.2.jar;C:\Users\DynaPar\.m2\repository\org\apache\commons\commons-text\1.9\commons-text-1.9.jar;C:\Users\DynaPar\.m2\repository\commons-net\commons-net\3.6\commons-net-3.6.jar;C:\Users\DynaPar\.m2\repository\com\google\guava\guava\31.0.1-jre\guava-31.0.1-jre.jar;C:\Users\DynaPar\.m2\repository\com\google\guava\failureaccess\1.0.1\failureaccess-1.0.1.jar;C:\Users\DynaPar\.m2\repository\com\google\guava\listenablefuture\9999.0-empty-to-avoid-conflict-with-guava\listenablefuture-9999.0-empty-to-avoid-conflict-with-guava.jar;C:\Users\DynaPar\.m2\repository\com\google\code\findbugs\jsr305\3.0.2\jsr305-3.0.2.jar;C:\Users\DynaPar\.m2\repository\org\checkerframework\checker-qual\3.12.0\checker-qual-3.12.0.jar;C:\Users\DynaPar\.m2\repository\com\google\errorprone\error_prone_annotations\2.7.1\error_prone_annotations-2.7.1.jar;C:\Users\DynaPar\.m2\repository\com\google\j2objc\j2objc-annotations\1.3\j2objc-annotations-1.3.jar;C:\Users\DynaPar\.m2\repository\com\google\inject\guice\5.0.1\guice-5.0.1.jar;C:\Users\DynaPar\.m2\repository\javax\inject\javax.inject\1\javax.inject-1.jar;C:\Users\DynaPar\.m2\repository\aopalliance\aopalliance\1.0\aopalliance-1.0.jar;C:\Users\DynaPar\.m2\repository\org\jsoup\jsoup\1.13.1\jsoup-1.13.1.jar;C:\Users\DynaPar\.m2\repository\com\thoughtworks\xstream\xstream\1.4.18\xstream-1.4.18.jar;C:\Users\DynaPar\.m2\repository\io\github\x-stream\mxparser\1.2.2\mxparser-1.2.2.jar;C:\Users\DynaPar\.m2\repository\xmlpull\xmlpull\1.1.3.1\xmlpull-1.1.3.1.jar;C:\Users\DynaPar\.m2\repository\io\cucumber\cucumber-core\6.11.0\cucumber-core-6.11.0.jar;C:\Users\DynaPar\.m2\repository\io\cucumber\cucumber-gherkin\6.11.0\cucumber-gherkin-6.11.0.jar;C:\Users\DynaPar\.m2\repository\io\cucumber\cucumber-gherkin-messages\6.11.0\cucumber-gherkin-messages-6.11.0.jar;C:\Users\DynaPar\.m2\repository\io\cucumber\messages\15.0.0\messages-15.0.0.jar;C:\Users\DynaPar\.m2\repository\io\cucumber\tag-expressions\3.0.1\tag-expressions-3.0.1.jar;C:\Users\DynaPar\.m2\repository\io\cucumber\cucumber-expressions\10.3.0\cucumber-expressions-10.3.0.jar;C:\Users\DynaPar\.m2\repository\io\cucumber\datatable\3.5.0\datatable-3.5.0.jar;C:\Users\DynaPar\.m2\repository\io\cucumber\cucumber-plugin\6.11.0\cucumber-plugin-6.11.0.jar;C:\Users\DynaPar\.m2\repository\io\cucumber\docstring\6.11.0\docstring-6.11.0.jar;C:\Users\DynaPar\.m2\repository\io\cucumber\html-formatter\13.0.0\html-formatter-13.0.0.jar;C:\Users\DynaPar\.m2\repository\io\cucumber\create-meta\4.0.0\create-meta-4.0.0.jar;C:\Users\DynaPar\.m2\repository\io\cucumber\cucumber-java\6.11.0\cucumber-java-6.11.0.jar;C:\Users\DynaPar\.m2\repository\com\typesafe\config\1.3.1\config-1.3.1.jar;C:\Users\DynaPar\.m2\repository\org\imgscalr\imgscalr-lib\4.2\imgscalr-lib-4.2.jar;C:\Users\DynaPar\.m2\repository\org\awaitility\awaitility\4.1.0\awaitility-4.1.0.jar;C:\Users\DynaPar\.m2\repository\org\freemarker\freemarker\2.3.31\freemarker-2.3.31.jar;C:\Users\DynaPar\.m2\repository\org\reflections\reflections\0.10.2\reflections-0.10.2.jar;C:\Users\DynaPar\.m2\repository\org\javassist\javassist\3.28.0-GA\javassist-3.28.0-GA.jar;C:\Users\DynaPar\.m2\repository\net\sourceforge\jexcelapi\jxl\2.6.12\jxl-2.6.12.jar;C:\Users\DynaPar\.m2\repository\org\asciidoctor\asciidoctorj\2.5.1\asciidoctorj-2.5.1.jar;C:\Users\DynaPar\.m2\repository\org\asciidoctor\asciidoctorj-api\2.5.1\asciidoctorj-api-2.5.1.jar;C:\Users\DynaPar\.m2\repository\org\jruby\jruby\9.2.17.0\jruby-9.2.17.0.jar;C:\Users\DynaPar\.m2\repository\org\jruby\jruby-core\9.2.17.0\jruby-core-9.2.17.0.jar;C:\Users\DynaPar\.m2\repository\com\github\jnr\jnr-netdb\1.2.0\jnr-netdb-1.2.0.jar;C:\Users\DynaPar\.m2\repository\com\github\jnr\jnr-enxio\0.32.3\jnr-enxio-0.32.3.jar;C:\Users\DynaPar\.m2\repository\com\github\jnr\jnr-unixsocket\0.38.5\jnr-unixsocket-0.38.5.jar;C:\Users\DynaPar\.m2\repository\com\github\jnr\jnr-posix\3.1.4\jnr-posix-3.1.4.jar;C:\Users\DynaPar\.m2\repository\com\github\jnr\jnr-constants\0.10.1\jnr-constants-0.10.1.jar;C:\Users\DynaPar\.m2\repository\com\github\jnr\jffi\1.3.1\jffi-1.3.1.jar;C:\Users\DynaPar\.m2\repository\com\github\jnr\jffi\1.3.1\jffi-1.3.1-native.jar;C:\Users\DynaPar\.m2\repository\org\jruby\joni\joni\2.1.31\joni-2.1.31.jar;C:\Users\DynaPar\.m2\repository\org\jruby\jcodings\jcodings\1.0.46\jcodings-1.0.46.jar;C:\Users\DynaPar\.m2\repository\org\jruby\dirgra\0.3\dirgra-0.3.jar;C:\Users\DynaPar\.m2\repository\com\headius\invokebinder\1.11\invokebinder-1.11.jar;C:\Users\DynaPar\.m2\repository\com\headius\options\1.4\options-1.4.jar;C:\Users\DynaPar\.m2\repository\com\jcraft\jzlib\1.1.3\jzlib-1.1.3.jar;C:\Users\DynaPar\.m2\repository\com\martiansoftware\nailgun-server\0.9.1\nailgun-server-0.9.1.jar;C:\Users\DynaPar\.m2\repository\com\headius\backport9\1.8\backport9-1.8.jar;C:\Users\DynaPar\.m2\repository\javax\annotation\javax.annotation-api\1.3.1\javax.annotation-api-1.3.1.jar;C:\Users\DynaPar\.m2\repository\org\jruby\jruby-stdlib\9.2.17.0\jruby-stdlib-9.2.17.0.jar;C:\Users\DynaPar\.m2\repository\net\bytebuddy\byte-buddy\1.11.22\byte-buddy-1.11.22.jar;C:\Users\DynaPar\.m2\repository\net\bytebuddy\byte-buddy-agent\1.11.22\byte-buddy-agent-1.11.22.jar;C:\Users\DynaPar\.m2\repository\org\objenesis\objenesis\3.1\objenesis-3.1.jar;C:\Users\DynaPar\.m2\repository\net\serenity-bdd\serenity-reports\3.0.2\serenity-reports-3.0.2.jar;C:\Users\DynaPar\.m2\repository\net\serenity-bdd\serenity-stats\3.0.2\serenity-stats-3.0.2.jar;C:\Users\DynaPar\.m2\repository\net\serenity-bdd\serenity-reports-configuration\3.0.2\serenity-reports-configuration-3.0.2.jar;C:\Users\DynaPar\.m2\repository\com\vladsch\flexmark\flexmark-all\0.34.30\flexmark-all-0.34.30.jar;C:\Users\DynaPar\.m2\repository\com\vladsch\flexmark\flexmark\0.34.30\flexmark-0.34.30.jar;C:\Users\DynaPar\.m2\repository\com\vladsch\flexmark\flexmark-ext-abbreviation\0.34.30\flexmark-ext-abbreviation-0.34.30.jar;C:\Users\DynaPar\.m2\repository\com\vladsch\flexmark\flexmark-ext-admonition\0.34.30\flexmark-ext-admonition-0.34.30.jar;C:\Users\DynaPar\.m2\repository\com\vladsch\flexmark\flexmark-ext-anchorlink\0.34.30\flexmark-ext-anchorlink-0.34.30.jar;C:\Users\DynaPar\.m2\repository\com\vladsch\flexmark\flexmark-ext-aside\0.34.30\flexmark-ext-aside-0.34.30.jar;C:\Users\DynaPar\.m2\repository\com\vladsch\flexmark\flexmark-ext-attributes\0.34.30\flexmark-ext-attributes-0.34.30.jar;C:\Users\DynaPar\.m2\repository\com\vladsch\flexmark\flexmark-ext-autolink\0.34.30\flexmark-ext-autolink-0.34.30.jar;C:\Users\DynaPar\.m2\repository\org\nibor\autolink\autolink\0.6.0\autolink-0.6.0.jar;C:\Users\DynaPar\.m2\repository\com\vladsch\flexmark\flexmark-ext-definition\0.34.30\flexmark-ext-definition-0.34.30.jar;C:\Users\DynaPar\.m2\repository\com\vladsch\flexmark\flexmark-ext-emoji\0.34.30\flexmark-ext-emoji-0.34.30.jar;C:\Users\DynaPar\.m2\repository\com\vladsch\flexmark\flexmark-ext-enumerated-reference\0.34.30\flexmark-ext-enumerated-reference-0.34.30.jar;C:\Users\DynaPar\.m2\repository\com\vladsch\flexmark\flexmark-ext-escaped-character\0.34.30\flexmark-ext-escaped-character-0.34.30.jar;C:\Users\DynaPar\.m2\repository\com\vladsch\flexmark\flexmark-ext-footnotes\0.34.30\flexmark-ext-footnotes-0.34.30.jar;C:\Users\DynaPar\.m2\repository\com\vladsch\flexmark\flexmark-ext-gfm-issues\0.34.30\flexmark-ext-gfm-issues-0.34.30.jar;C:\Users\DynaPar\.m2\repository\com\vladsch\flexmark\flexmark-ext-gfm-strikethrough\0.34.30\flexmark-ext-gfm-strikethrough-0.34.30.jar;C:\Users\DynaPar\.m2\repository\com\vladsch\flexmark\flexmark-ext-gfm-tables\0.34.30\flexmark-ext-gfm-tables-0.34.30.jar;C:\Users\DynaPar\.m2\repository\com\vladsch\flexmark\flexmark-ext-gfm-tasklist\0.34.30\flexmark-ext-gfm-tasklist-0.34.30.jar;C:\Users\DynaPar\.m2\repository\com\vladsch\flexmark\flexmark-ext-gfm-users\0.34.30\flexmark-ext-gfm-users-0.34.30.jar;C:\Users\DynaPar\.m2\repository\com\vladsch\flexmark\flexmark-ext-gitlab\0.34.30\flexmark-ext-gitlab-0.34.30.jar;C:\Users\DynaPar\.m2\repository\com\vladsch\flexmark\flexmark-ext-jekyll-front-matter\0.34.30\flexmark-ext-jekyll-front-matter-0.34.30.jar;C:\Users\DynaPar\.m2\repository\com\vladsch\flexmark\flexmark-ext-jekyll-tag\0.34.30\flexmark-ext-jekyll-tag-0.34.30.jar;C:\Users\DynaPar\.m2\repository\com\vladsch\flexmark\flexmark-ext-media-tags\0.34.30\flexmark-ext-media-tags-0.34.30.jar;C:\Users\DynaPar\.m2\repository\com\vladsch\flexmark\flexmark-test-util\0.34.30\flexmark-test-util-0.34.30.jar;C:\Users\DynaPar\.m2\repository\com\vladsch\flexmark\flexmark-ext-ins\0.34.30\flexmark-ext-ins-0.34.30.jar;C:\Users\DynaPar\.m2\repository\com\vladsch\flexmark\flexmark-ext-xwiki-macros\0.34.30\flexmark-ext-xwiki-macros-0.34.30.jar;C:\Users\DynaPar\.m2\repository\com\vladsch\flexmark\flexmark-ext-superscript\0.34.30\flexmark-ext-superscript-0.34.30.jar;C:\Users\DynaPar\.m2\repository\com\vladsch\flexmark\flexmark-ext-tables\0.34.30\flexmark-ext-tables-0.34.30.jar;C:\Users\DynaPar\.m2\repository\com\vladsch\flexmark\flexmark-ext-toc\0.34.30\flexmark-ext-toc-0.34.30.jar;C:\Users\DynaPar\.m2\repository\com\vladsch\flexmark\flexmark-ext-typographic\0.34.30\flexmark-ext-typographic-0.34.30.jar;C:\Users\DynaPar\.m2\repository\com\vladsch\flexmark\flexmark-ext-wikilink\0.34.30\flexmark-ext-wikilink-0.34.30.jar;C:\Users\DynaPar\.m2\repository\com\vladsch\flexmark\flexmark-ext-yaml-front-matter\0.34.30\flexmark-ext-yaml-front-matter-0.34.30.jar;C:\Users\DynaPar\.m2\repository\com\vladsch\flexmark\flexmark-ext-youtube-embedded\0.34.30\flexmark-ext-youtube-embedded-0.34.30.jar;C:\Users\DynaPar\.m2\repository\com\vladsch\flexmark\flexmark-formatter\0.34.30\flexmark-formatter-0.34.30.jar;C:\Users\DynaPar\.m2\repository\com\vladsch\flexmark\flexmark-html-parser\0.34.30\flexmark-html-parser-0.34.30.jar;C:\Users\DynaPar\.m2\repository\com\vladsch\flexmark\flexmark-jira-converter\0.34.30\flexmark-jira-converter-0.34.30.jar;C:\Users\DynaPar\.m2\repository\com\vladsch\flexmark\flexmark-pdf-converter\0.34.30\flexmark-pdf-converter-0.34.30.jar;C:\Users\DynaPar\.m2\repository\com\openhtmltopdf\openhtmltopdf-core\0.0.1-RC13\openhtmltopdf-core-0.0.1-RC13.jar;C:\Users\DynaPar\.m2\repository\com\openhtmltopdf\openhtmltopdf-pdfbox\0.0.1-RC13\openhtmltopdf-pdfbox-0.0.1-RC13.jar;C:\Users\DynaPar\.m2\repository\org\apache\pdfbox\pdfbox\2.0.8\pdfbox-2.0.8.jar;C:\Users\DynaPar\.m2\repository\org\apache\pdfbox\fontbox\2.0.8\fontbox-2.0.8.jar;C:\Users\DynaPar\.m2\repository\org\apache\pdfbox\xmpbox\2.0.8\xmpbox-2.0.8.jar;C:\Users\DynaPar\.m2\repository\de\rototor\pdfbox\graphics2d\0.12\graphics2d-0.12.jar;C:\Users\DynaPar\.m2\repository\com\openhtmltopdf\openhtmltopdf-rtl-support\0.0.1-RC13\openhtmltopdf-rtl-support-0.0.1-RC13.jar;C:\Users\DynaPar\.m2\repository\com\ibm\icu\icu4j\59.1\icu4j-59.1.jar;C:\Users\DynaPar\.m2\repository\com\openhtmltopdf\openhtmltopdf-jsoup-dom-converter\0.0.1-RC13\openhtmltopdf-jsoup-dom-converter-0.0.1-RC13.jar;C:\Users\DynaPar\.m2\repository\com\vladsch\flexmark\flexmark-profile-pegdown\0.34.30\flexmark-profile-pegdown-0.34.30.jar;C:\Users\DynaPar\.m2\repository\com\vladsch\flexmark\flexmark-util\0.34.30\flexmark-util-0.34.30.jar;C:\Users\DynaPar\.m2\repository\com\vladsch\flexmark\flexmark-youtrack-converter\0.34.30\flexmark-youtrack-converter-0.34.30.jar;C:\Users\DynaPar\.m2\repository\es\nitaur\markdown\txtmark\0.16\txtmark-0.16.jar;C:\Users\DynaPar\.m2\repository\net\serenity-bdd\serenity-report-resources\3.0.2\serenity-report-resources-3.0.2.jar;C:\Users\DynaPar\.m2\repository\com\google\code\gson\gson\2.8.8\gson-2.8.8.jar;C:\Users\DynaPar\.m2\repository\com\fasterxml\jackson\core\jackson-core\2.12.4\jackson-core-2.12.4.jar;C:\Users\DynaPar\.m2\repository\com\fasterxml\jackson\core\jackson-databind\2.12.4\jackson-databind-2.12.4.jar;C:\Users\DynaPar\.m2\repository\com\fasterxml\jackson\core\jackson-annotations\2.12.4\jackson-annotations-2.12.4.jar;C:\Users\DynaPar\.m2\repository\commons-codec\commons-codec\1.15\commons-codec-1.15.jar;C:\Users\DynaPar\.m2\repository\commons-io\commons-io\2.8.0\commons-io-2.8.0.jar;C:\Users\DynaPar\.m2\repository\org\seleniumhq\selenium\selenium-server\3.141.59\selenium-server-3.141.59.jar;C:\Users\DynaPar\.m2\repository\org\seleniumhq\selenium\selenium-opera-driver\3.141.59\selenium-opera-driver-3.141.59.jar;C:\Users\DynaPar\.m2\repository\org\seleniumhq\selenium\selenium-remote-driver\3.141.59\selenium-remote-driver-3.141.59.jar;C:\Users\DynaPar\.m2\repository\org\seleniumhq\selenium\selenium-safari-driver\3.141.59\selenium-safari-driver-3.141.59.jar;C:\Users\DynaPar\.m2\repository\com\beust\jcommander\1.72\jcommander-1.72.jar;C:\Users\DynaPar\.m2\repository\org\apache\commons\commons-exec\1.3\commons-exec-1.3.jar;C:\Users\DynaPar\.m2\repository\net\jcip\jcip-annotations\1.0\jcip-annotations-1.0.jar;C:\Users\DynaPar\.m2\repository\org\seleniumhq\selenium\jetty-repacked\9.4.12.v20180830\jetty-repacked-9.4.12.v20180830.jar;C:\Users\DynaPar\.m2\repository\com\squareup\okhttp3\okhttp\3.11.0\okhttp-3.11.0.jar;C:\Users\DynaPar\.m2\repository\com\squareup\okio\okio\1.14.0\okio-1.14.0.jar;C:\Users\DynaPar\.m2\repository\javax\servlet\javax.servlet-api\3.1.0\javax.servlet-api-3.1.0.jar;C:\Users\DynaPar\.m2\repository\org\yaml\snakeyaml\1.19\snakeyaml-1.19.jar;C:\Users\DynaPar\.m2\repository\org\seleniumhq\selenium\selenium-java\3.141.59\selenium-java-3.141.59.jar;C:\Users\DynaPar\.m2\repository\org\seleniumhq\selenium\selenium-api\3.141.59\selenium-api-3.141.59.jar;C:\Users\DynaPar\.m2\repository\org\seleniumhq\selenium\selenium-support\3.141.59\selenium-support-3.141.59.jar;C:\Users\DynaPar\.m2\repository\org\seleniumhq\selenium\selenium-chrome-driver\3.141.59\selenium-chrome-driver-3.141.59.jar;C:\Users\DynaPar\.m2\repository\org\seleniumhq\selenium\selenium-firefox-driver\3.141.59\selenium-firefox-driver-3.141.59.jar;C:\Users\DynaPar\.m2\repository\org\seleniumhq\selenium\selenium-edge-driver\3.141.59\selenium-edge-driver-3.141.59.jar;C:\Users\DynaPar\.m2\repository\org\seleniumhq\selenium\selenium-ie-driver\3.141.59\selenium-ie-driver-3.141.59.jar;C:\Users\DynaPar\.m2\repository\net\sourceforge\htmlunit\htmlunit\2.47.1\htmlunit-2.47.1.jar;C:\Users\DynaPar\.m2\repository\xalan\xalan\2.7.2\xalan-2.7.2.jar;C:\Users\DynaPar\.m2\repository\xalan\serializer\2.7.2\serializer-2.7.2.jar;C:\Users\DynaPar\.m2\repository\org\apache\httpcomponents\httpmime\4.5.13\httpmime-4.5.13.jar;C:\Users\DynaPar\.m2\repository\org\apache\httpcomponents\httpclient\4.5.13\httpclient-4.5.13.jar;C:\Users\DynaPar\.m2\repository\org\apache\httpcomponents\httpcore\4.4.13\httpcore-4.4.13.jar;C:\Users\DynaPar\.m2\repository\net\sourceforge\htmlunit\htmlunit-core-js\2.47.0\htmlunit-core-js-2.47.0.jar;C:\Users\DynaPar\.m2\repository\net\sourceforge\htmlunit\neko-htmlunit\2.47.1\neko-htmlunit-2.47.1.jar;C:\Users\DynaPar\.m2\repository\xerces\xercesImpl\2.12.0\xercesImpl-2.12.0.jar;C:\Users\DynaPar\.m2\repository\xml-apis\xml-apis\1.4.01\xml-apis-1.4.01.jar;C:\Users\DynaPar\.m2\repository\net\sourceforge\htmlunit\htmlunit-cssparser\1.7.0\htmlunit-cssparser-1.7.0.jar;C:\Users\DynaPar\.m2\repository\commons-logging\commons-logging\1.2\commons-logging-1.2.jar;C:\Users\DynaPar\.m2\repository\org\brotli\dec\0.1.2\dec-0.1.2.jar;C:\Users\DynaPar\.m2\repository\com\shapesecurity\salvation2\3.0.0\salvation2-3.0.0.jar;C:\Users\DynaPar\.m2\repository\org\eclipse\jetty\websocket\websocket-client\9.4.36.v20210114\websocket-client-9.4.36.v20210114.jar;C:\Users\DynaPar\.m2\repository\org\eclipse\jetty\jetty-client\9.4.36.v20210114\jetty-client-9.4.36.v20210114.jar;C:\Users\DynaPar\.m2\repository\org\eclipse\jetty\jetty-http\9.4.36.v20210114\jetty-http-9.4.36.v20210114.jar;C:\Users\DynaPar\.m2\repository\org\eclipse\jetty\jetty-util\9.4.36.v20210114\jetty-util-9.4.36.v20210114.jar;C:\Users\DynaPar\.m2\repository\org\eclipse\jetty\jetty-io\9.4.36.v20210114\jetty-io-9.4.36.v20210114.jar;C:\Users\DynaPar\.m2\repository\org\eclipse\jetty\websocket\websocket-common\9.4.36.v20210114\websocket-common-9.4.36.v20210114.jar;C:\Users\DynaPar\.m2\repository\org\eclipse\jetty\websocket\websocket-api\9.4.36.v20210114\websocket-api-9.4.36.v20210114.jar;C:\Users\DynaPar\.m2\repository\org\seleniumhq\selenium\htmlunit-driver\2.47.1\htmlunit-driver-2.47.1.jar;C:\Users\DynaPar\.m2\repository\com\codeborne\phantomjsdriver\1.4.4\phantomjsdriver-1.4.4.jar;C:\Users\DynaPar\.m2\repository\io\appium\java-client\7.5.1\java-client-7.5.1.jar;C:\Users\DynaPar\.m2\repository\commons-validator\commons-validator\1.7\commons-validator-1.7.jar;C:\Users\DynaPar\.m2\repository\commons-digester\commons-digester\2.1\commons-digester-2.1.jar;C:\Users\DynaPar\.m2\repository\org\aspectj\aspectjweaver\1.9.6\aspectjweaver-1.9.6.jar;C:\Users\DynaPar\.m2\repository\net\sf\opencsv\opencsv\2.0\opencsv-2.0.jar;C:\Users\DynaPar\.m2\repository\commons-beanutils\commons-beanutils\1.9.4\commons-beanutils-1.9.4.jar;C:\Users\DynaPar\.m2\repository\org\apache\commons\commons-lang3\3.11\commons-lang3-3.11.jar;C:\Users\DynaPar\.m2\repository\commons-collections\commons-collections\3.2.2\commons-collections-3.2.2.jar;C:\Users\DynaPar\.m2\repository\org\fluentlenium\fluentlenium-core\0.10.2\fluentlenium-core-0.10.2.jar;C:\Users\DynaPar\.m2\repository\io\github\bonigarcia\webdrivermanager\4.4.1\webdrivermanager-4.4.1.jar;C:\Users\DynaPar\.m2\repository\org\apache\httpcomponents\client5\httpclient5\5.0.3\httpclient5-5.0.3.jar;C:\Users\DynaPar\.m2\repository\org\apache\httpcomponents\core5\httpcore5\5.0.2\httpcore5-5.0.2.jar;C:\Users\DynaPar\.m2\repository\org\apache\httpcomponents\core5\httpcore5-h2\5.0.2\httpcore5-h2-5.0.2.jar;C:\Users\DynaPar\.m2\repository\org\rauschig\jarchivelib\1.1.0\jarchivelib-1.1.0.jar;C:\Users\DynaPar\.m2\repository\org\apache\commons\commons-compress\1.20\commons-compress-1.20.jar;C:\Users\DynaPar\.m2\repository\com\jhlabs\filters\2.0.235\filters-2.0.235.jar;C:\Users\DynaPar\.m2\repository\com\paulhammant\ngwebdriver\1.1.5\ngwebdriver-1.1.5.jar;C:\Users\DynaPar\.m2\repository\joda-time\joda-time\2.8.2\joda-time-2.8.2.jar;C:\Users\DynaPar\.m2\repository\org\hamcrest\hamcrest\2.2\hamcrest-2.2.jar;C:\Users\DynaPar\.m2\repository\com\google\jimfs\jimfs\1.1\jimfs-1.1.jar;C:\Users\DynaPar\.m2\repository\org\mockito\mockito-core\3.3.3\mockito-core-3.3.3.jar;C:\Users\DynaPar\.m2\repository\javax\xml\bind\jaxb-api\2.3.1\jaxb-api-2.3.1.jar;C:\Users\DynaPar\.m2\repository\javax\activation\javax.activation-api\1.2.0\javax.activation-api-1.2.0.jar;C:\Users\DynaPar\.m2\repository\com\sun\xml\bind\jaxb-core\2.3.0.1\jaxb-core-2.3.0.1.jar;C:\Users\DynaPar\.m2\repository\com\sun\xml\bind\jaxb-impl\2.3.3\jaxb-impl-2.3.3.jar;C:\Users\DynaPar\.m2\repository\jakarta\xml\bind\jakarta.xml.bind-api\2.3.3\jakarta.xml.bind-api-2.3.3.jar;C:\Users\DynaPar\.m2\repository\com\sun\activation\jakarta.activation\1.2.2\jakarta.activation-1.2.2.jar;C:\Users\DynaPar\.m2\repository\javax\activation\activation\1.1.1\activation-1.1.1.jar;C:\Users\DynaPar\.m2\repository\net\serenity-bdd\serenity-junit5\3.0.2\serenity-junit5-3.0.2.jar;C:\Users\DynaPar\.m2\repository\org\junit\jupiter\junit-jupiter-api\5.8.1\junit-jupiter-api-5.8.1.jar;C:\Users\DynaPar\.m2\repository\org\junit\platform\junit-platform-commons\1.8.1\junit-platform-commons-1.8.1.jar;C:\Users\DynaPar\.m2\repository\org\junit\jupiter\junit-jupiter-params\5.8.1\junit-jupiter-params-5.8.1.jar;C:\Users\DynaPar\.m2\repository\org\junit\vintage\junit-vintage-engine\5.8.1\junit-vintage-engine-5.8.1.jar;C:\Users\DynaPar\.m2\repository\junit\junit\4.13.2\junit-4.13.2.jar;C:\Users\DynaPar\.m2\repository\org\hamcrest\hamcrest-core\1.3\hamcrest-core-1.3.jar;C:\Users\DynaPar\.m2\repository\org\springframework\spring-core\5.3.3\spring-core-5.3.3.jar;C:\Users\DynaPar\.m2\repository\org\springframework\spring-jcl\5.3.3\spring-jcl-5.3.3.jar;C:\Users\DynaPar\.m2\repository\net\serenity-bdd\serenity-screenplay\3.0.2\serenity-screenplay-3.0.2.jar;C:\Users\DynaPar\.m2\repository\net\serenity-bdd\serenity-screenplay-webdriver\3.0.2\serenity-screenplay-webdriver-3.0.2.jar;C:\Users\DynaPar\.m2\repository\net\serenity-bdd\serenity-ensure\3.0.2\serenity-ensure-3.0.2.jar;C:\Users\DynaPar\.m2\repository\net\serenity-bdd\serenity-junit\3.0.2\serenity-junit-3.0.2.jar;C:\Users\DynaPar\.m2\repository\org\jetbrains\kotlin\kotlin-stdlib\1.5.31\kotlin-stdlib-1.5.31.jar;C:\Users\DynaPar\.m2\repository\org\jetbrains\annotations\13.0\annotations-13.0.jar;C:\Users\DynaPar\.m2\repository\org\jetbrains\kotlin\kotlin-stdlib-common\1.5.31\kotlin-stdlib-common-1.5.31.jar;C:\Users\DynaPar\.m2\repository\ch\qos\logback\logback-classic\1.0.13\logback-classic-1.0.13.jar;C:\Users\DynaPar\.m2\repository\ch\qos\logback\logback-core\1.0.13\logback-core-1.0.13.jar;C:\Users\DynaPar\.m2\repository\org\slf4j\slf4j-api\1.7.5\slf4j-api-1.7.5.jar;C:\Users\DynaPar\.m2\repository\org\projectlombok\lombok\1.18.20\lombok-1.18.20.jar;C:\Users\DynaPar\.m2\repository\org\junit\platform\junit-platform-launcher\1.8.1\junit-platform-launcher-1.8.1.jar;C:\Users\DynaPar\.m2\repository\org\junit\platform\junit-platform-engine\1.8.1\junit-platform-engine-1.8.1.jar;C:\Users\DynaPar\.m2\repository\org\apiguardian\apiguardian-api\1.1.2\apiguardian-api-1.1.2.jar;C:\Users\DynaPar\.m2\repository\org\junit\jupiter\junit-jupiter-engine\5.8.1\junit-jupiter-engine-5.8.1.jar;C:\Users\DynaPar\.m2\repository\org\assertj\assertj-core\3.6.2\assertj-core-3.6.2.jar;C:\Users\DynaPar\.m2\repository\org\apache\maven\surefire\surefire-junit-platform\3.0.0-M5\surefire-junit-platform-3.0.0-M5.jar;C:\Users\DynaPar\.m2\repository\org\apache\maven\surefire\common-java5\3.0.0-M5\common-java5-3.0.0-M5.jar"/>
    <property name="user.script" value=""/>
    <property name="sun.management.compiler" value="HotSpot 64-Bit Tiered Compilers"/>
    <property name="java.runtime.version" value="11.0.20+9-LTS-256"/>
    <property name="user.name" value="DynaPar"/>
    <property name="path.separator" value=";"/>
    <property name="os.version" value="10.0"/>
    <property name="java.runtime.name" value="Java(TM) SE Runtime Environment"/>
    <property name="file.encoding" value="Cp1252"/>
    <property name="webdriver.base.url" value=""/>
    <property name="java.vm.name" value="Java HotSpot(TM) 64-Bit Server VM"/>
    <property name="java.vendor.version" value="18.9"/>
    <property name="localRepository" value="C:\Users\DynaPar\.m2\repository"/>
    <property name="java.vendor.url.bug" value="https://bugreport.java.com/bugreport/"/>
    <property name="java.io.tmpdir" value="C:\Users\DynaPar\AppData\Local\Temp\"/>
    <property name="java.version" value="11.0.20"/>
    <property name="@tags" value="studentfeature:NEGATIVE"/>
    <property name="user.dir" value="C:\Users\DynaPar\eclipse-workspace\StudentApplication"/>
    <property name="os.arch" value="amd64"/>
    <property name="java.vm.specification.name" value="Java Virtual Machine Specification"/>
    <property name="java.awt.printerjob" value="sun.awt.windows.WPrinterJob"/>
    <property name="sun.os.patch.level" value=""/>
    <property name="java.library.path" value="C:\Program Files\Java\jdk-11\bin;C:\Windows\Sun\Java\bin;C:\Windows\system32;C:\Windows;C:/Users/DynaPar/.p2/pool/plugins/org.eclipse.justj.openjdk.hotspot.jre.full.win32.x86_64_17.0.9.v20231028-0858/jre/bin/server;C:/Users/DynaPar/.p2/pool/plugins/org.eclipse.justj.openjdk.hotspot.jre.full.win32.x86_64_17.0.9.v20231028-0858/jre/bin;C:\Program Files\Common Files\Oracle\Java\javapath;C:\Windows\system32;C:\Windows;C:\Windows\System32\Wbem;C:\Windows\System32\WindowsPowerShell\v1.0\;C:\Windows\System32\OpenSSH\;C:\Program Files\Java\jdk-17\bin;C:\apache-maven-3.9.5\bin;;C:\Program Files\Docker\Docker\resources\bin;C:\Users\DynaPar\AppData\Local\Microsoft\WindowsApps;;C:\Windows\System32;;."/>
    <property name="java.vendor" value="Oracle Corporation"/>
    <property name="java.vm.info" value="mixed mode"/>
    <property name="java.vm.version" value="11.0.20+9-LTS-256"/>
    <property name="java.specification.maintenance.version" value="2"/>
    <property name="sun.io.unicode.encoding" value="UnicodeLittle"/>
    <property name="java.class.version" value="55.0"/>
  </properties>
  <testcase name="createMultipleStudents" classname="com.studentapplication.junit.studentsinfo.CreateStudentsDataDrivenTest" time="8.549">
    <system-out><![CDATA[20:46:02.096 [main] DEBUG n.t.core.reports.ReportService - Reporting formats: [JSON, HTML]
20:46:02.536 [main] DEBUG n.t.core.reports.ReportService - Reporting formats: [JSON, HTML]
20:46:02.613 [main] DEBUG n.t.core.reports.ReportService - Reporting formats: [JSON, HTML]
20:46:02.615 [main] DEBUG n.t.core.reports.ReportService - Reporting formats: [JSON, HTML]
20:46:02.622 [main] DEBUG n.t.core.reports.ReportService - Reporting formats: [JSON, HTML]
20:46:02.624 [main] DEBUG n.t.core.reports.ReportService - Reporting formats: [JSON, HTML]
20:46:02.633 [main] DEBUG n.t.core.reports.ReportService - Reporting formats: [JSON, HTML]
20:46:02.636 [main] DEBUG n.t.core.reports.ReportService - Reporting formats: [JSON, HTML]
20:46:02.676 [main] DEBUG n.t.core.reports.ReportService - Reporting formats: [JSON, HTML]
20:46:02.703 [main] DEBUG n.t.core.reports.ReportService - Reporting formats: [JSON, HTML]
20:46:02.713 [main] DEBUG n.t.core.reports.ReportService - Reporting formats: [JSON, HTML]
20:46:02.715 [main] DEBUG n.t.core.reports.ReportService - Reporting formats: [JSON, HTML]
20:46:02.721 [main] DEBUG n.t.core.reports.ReportService - Reporting formats: [JSON, HTML]
20:46:02.724 [main] DEBUG n.t.core.reports.ReportService - Reporting formats: [JSON, HTML]
20:46:02.734 [main] DEBUG n.t.core.reports.ReportService - Reporting formats: [JSON, HTML]
20:46:02.737 [main] DEBUG n.t.core.reports.ReportService - Reporting formats: [JSON, HTML]
20:46:02.791 [main] DEBUG n.t.core.reports.ReportService - Reporting formats: [JSON, HTML]
20:46:02.793 [main] DEBUG n.t.core.reports.ReportService - Reporting formats: [JSON, HTML]
20:46:02.799 [main] DEBUG n.t.core.reports.ReportService - Reporting formats: [JSON, HTML]
20:46:02.802 [main] DEBUG n.t.core.reports.ReportService - Reporting formats: [JSON, HTML]
20:46:02.809 [main] DEBUG n.t.core.reports.ReportService - Reporting formats: [JSON, HTML]
20:46:02.811 [main] DEBUG n.t.core.reports.ReportService - Reporting formats: [JSON, HTML]
20:46:02.817 [main] DEBUG n.t.core.reports.ReportService - Reporting formats: [JSON, HTML]
20:46:02.818 [main] DEBUG n.t.core.reports.ReportService - Reporting formats: [JSON, HTML]
20:46:02.826 [main] DEBUG n.t.core.reports.ReportService - Reporting formats: [JSON, HTML]
20:46:02.841 [main] DEBUG n.t.core.reports.ReportService - Reporting formats: [JSON, HTML]
20:46:02.877 [main] DEBUG n.t.core.reports.ReportService - Reporting formats: [JSON, HTML]
20:46:02.879 [main] DEBUG n.t.core.reports.ReportService - Reporting formats: [JSON, HTML]
20:46:02.891 [main] DEBUG n.t.core.reports.ReportService - Reporting formats: [JSON, HTML]
20:46:02.894 [main] DEBUG n.t.core.reports.ReportService - Reporting formats: [JSON, HTML]
20:46:02.911 [main] DEBUG n.t.core.reports.ReportService - Reporting formats: [JSON, HTML]
20:46:02.917 [main] DEBUG n.t.core.reports.ReportService - Reporting formats: [JSON, HTML]
20:46:02.946 [main] DEBUG n.t.core.reports.ReportService - Reporting formats: [JSON, HTML]
20:46:02.952 [main] DEBUG n.t.core.reports.ReportService - Reporting formats: [JSON, HTML]
20:46:03.011 [main] DEBUG n.t.core.reports.ReportService - Reporting formats: [JSON, HTML]
20:46:03.014 [main] DEBUG n.t.core.reports.ReportService - Reporting formats: [JSON, HTML]
20:46:03.020 [main] DEBUG n.t.core.reports.ReportService - Reporting formats: [JSON, HTML]
20:46:03.024 [main] DEBUG n.t.core.reports.ReportService - Reporting formats: [JSON, HTML]
20:46:03.029 [main] DEBUG n.t.core.reports.ReportService - Reporting formats: [JSON, HTML]
20:46:03.037 [main] DEBUG n.t.core.reports.ReportService - Reporting formats: [JSON, HTML]
20:46:03.043 [main] DEBUG n.t.core.reports.ReportService - Reporting formats: [JSON, HTML]
20:46:03.044 [main] DEBUG n.t.core.reports.ReportService - Reporting formats: [JSON, HTML]
20:46:03.057 [main] DEBUG n.t.core.reports.ReportService - Reporting formats: [JSON, HTML]
20:46:03.060 [main] DEBUG n.t.core.reports.ReportService - Reporting formats: [JSON, HTML]
20:46:03.078 [main] DEBUG n.t.core.reports.ReportService - Reporting formats: [JSON, HTML]
20:46:03.080 [main] DEBUG n.t.core.reports.ReportService - Reporting formats: [JSON, HTML]
20:46:03.086 [main] DEBUG n.t.core.reports.ReportService - Reporting formats: [JSON, HTML]
20:46:03.089 [main] DEBUG n.t.core.reports.ReportService - Reporting formats: [JSON, HTML]
20:46:03.096 [main] DEBUG n.t.core.reports.ReportService - Reporting formats: [JSON, HTML]
20:46:03.098 [main] DEBUG n.t.core.reports.ReportService - Reporting formats: [JSON, HTML]
20:46:03.102 [main] DEBUG n.t.core.reports.ReportService - Reporting formats: [JSON, HTML]
20:46:03.105 [main] DEBUG n.t.core.reports.ReportService - Reporting formats: [JSON, HTML]
20:46:03.157 [main] DEBUG n.t.core.reports.ReportService - Reporting formats: [JSON, HTML]
20:46:03.159 [main] DEBUG n.t.core.reports.ReportService - Reporting formats: [JSON, HTML]
20:46:03.169 [main] DEBUG n.t.core.reports.ReportService - Reporting formats: [JSON, HTML]
20:46:03.171 [main] DEBUG n.t.core.reports.ReportService - Reporting formats: [JSON, HTML]
20:46:03.175 [main] DEBUG n.t.core.reports.ReportService - Reporting formats: [JSON, HTML]
20:46:03.177 [main] DEBUG n.t.core.reports.ReportService - Reporting formats: [JSON, HTML]
20:46:03.181 [main] DEBUG n.t.core.reports.ReportService - Reporting formats: [JSON, HTML]
20:46:03.182 [main] DEBUG n.t.core.reports.ReportService - Reporting formats: [JSON, HTML]
20:46:03.194 [main] DEBUG n.t.core.reports.ReportService - Reporting formats: [JSON, HTML]
20:46:03.195 [main] DEBUG n.t.core.reports.ReportService - Reporting formats: [JSON, HTML]
20:46:03.199 [main] DEBUG n.t.core.reports.ReportService - Reporting formats: [JSON, HTML]
20:46:03.224 [main] DEBUG n.t.core.reports.ReportService - Reporting formats: [JSON, HTML]
20:46:03.231 [main] DEBUG n.t.core.reports.ReportService - Reporting formats: [JSON, HTML]
20:46:03.232 [main] DEBUG n.t.core.reports.ReportService - Reporting formats: [JSON, HTML]
20:46:03.237 [main] DEBUG n.t.core.reports.ReportService - Reporting formats: [JSON, HTML]
20:46:03.238 [main] DEBUG n.t.core.reports.ReportService - Reporting formats: [JSON, HTML]
20:46:03.241 [main] DEBUG n.t.core.reports.ReportService - Reporting formats: [JSON, HTML]
20:46:03.242 [main] DEBUG n.t.core.reports.ReportService - Reporting formats: [JSON, HTML]
20:46:03.247 [main] DEBUG n.t.core.reports.ReportService - Reporting formats: [JSON, HTML]
20:46:03.248 [main] DEBUG n.t.core.reports.ReportService - Reporting formats: [JSON, HTML]
20:46:03.252 [main] DEBUG n.t.core.reports.ReportService - Reporting formats: [JSON, HTML]
20:46:03.254 [main] DEBUG n.t.core.reports.ReportService - Reporting formats: [JSON, HTML]
20:46:03.263 [main] DEBUG n.t.core.reports.ReportService - Reporting formats: [JSON, HTML]
20:46:03.265 [main] DEBUG n.t.core.reports.ReportService - Reporting formats: [JSON, HTML]
20:46:03.271 [main] DEBUG n.t.core.reports.ReportService - Reporting formats: [JSON, HTML]
20:46:03.273 [main] DEBUG n.t.core.reports.ReportService - Reporting formats: [JSON, HTML]
20:46:03.278 [main] DEBUG n.t.core.reports.ReportService - Reporting formats: [JSON, HTML]
20:46:03.280 [main] DEBUG n.t.core.reports.ReportService - Reporting formats: [JSON, HTML]
20:46:03.285 [main] DEBUG n.t.core.reports.ReportService - Reporting formats: [JSON, HTML]
20:46:03.287 [main] DEBUG n.t.core.reports.ReportService - Reporting formats: [JSON, HTML]
20:46:03.291 [main] DEBUG n.t.core.reports.ReportService - Reporting formats: [JSON, HTML]
20:46:03.293 [main] DEBUG n.t.core.reports.ReportService - Reporting formats: [JSON, HTML]
20:46:03.296 [main] DEBUG n.t.core.reports.ReportService - Reporting formats: [JSON, HTML]
20:46:03.297 [main] DEBUG n.t.core.reports.ReportService - Reporting formats: [JSON, HTML]
20:46:03.301 [main] DEBUG n.t.core.reports.ReportService - Reporting formats: [JSON, HTML]
20:46:03.329 [main] DEBUG n.t.core.reports.ReportService - Reporting formats: [JSON, HTML]
20:46:03.334 [main] DEBUG n.t.core.reports.ReportService - Reporting formats: [JSON, HTML]
20:46:03.336 [main] DEBUG n.t.core.reports.ReportService - Reporting formats: [JSON, HTML]
20:46:03.345 [main] DEBUG n.t.core.reports.ReportService - Reporting formats: [JSON, HTML]
20:46:03.346 [main] DEBUG n.t.core.reports.ReportService - Reporting formats: [JSON, HTML]
20:46:03.353 [main] DEBUG n.t.core.reports.ReportService - Reporting formats: [JSON, HTML]
20:46:03.356 [main] DEBUG n.t.core.reports.ReportService - Reporting formats: [JSON, HTML]
20:46:03.361 [main] DEBUG n.t.core.reports.ReportService - Reporting formats: [JSON, HTML]
20:46:03.363 [main] DEBUG n.t.core.reports.ReportService - Reporting formats: [JSON, HTML]
20:46:03.369 [main] DEBUG n.t.core.reports.ReportService - Reporting formats: [JSON, HTML]
20:46:03.371 [main] DEBUG n.t.core.reports.ReportService - Reporting formats: [JSON, HTML]
20:46:03.395 [main] DEBUG n.t.core.reports.ReportService - Reporting formats: [JSON, HTML]
20:46:03.396 [main] DEBUG n.t.core.reports.ReportService - Reporting formats: [JSON, HTML]
20:46:03.400 [main] DEBUG n.t.core.reports.ReportService - Reporting formats: [JSON, HTML]
20:46:03.414 [main] DEBUG n.t.core.reports.ReportService - Reporting formats: [JSON, HTML]
20:46:03.424 [main] DEBUG n.t.core.reports.ReportService - Reporting formats: [JSON, HTML]
20:46:03.427 [main] DEBUG n.t.core.reports.ReportService - Reporting formats: [JSON, HTML]
20:46:03.431 [main] DEBUG n.t.core.reports.ReportService - Reporting formats: [JSON, HTML]
20:46:03.433 [main] DEBUG n.t.core.reports.ReportService - Reporting formats: [JSON, HTML]
20:46:03.451 [main] DEBUG n.t.core.reports.ReportService - Reporting formats: [JSON, HTML]
20:46:03.455 [main] DEBUG n.t.core.reports.ReportService - Reporting formats: [JSON, HTML]
20:46:03.462 [main] DEBUG n.t.core.reports.ReportService - Reporting formats: [JSON, HTML]
20:46:03.466 [main] DEBUG n.t.core.reports.ReportService - Reporting formats: [JSON, HTML]
20:46:03.538 [main] DEBUG n.t.core.reports.ReportService - Reporting formats: [JSON, HTML]
20:46:03.549 [main] DEBUG n.t.core.reports.ReportService - Reporting formats: [JSON, HTML]
20:46:03.625 [main] DEBUG n.t.core.reports.ReportService - Reporting formats: [JSON, HTML]
20:46:03.627 [main] DEBUG n.t.core.reports.ReportService - Reporting formats: [JSON, HTML]
20:46:03.631 [main] DEBUG n.t.core.reports.ReportService - Reporting formats: [JSON, HTML]
20:46:03.639 [main] DEBUG n.t.core.reports.ReportService - Reporting formats: [JSON, HTML]
20:46:03.643 [main] DEBUG n.t.core.reports.ReportService - Reporting formats: [JSON, HTML]
20:46:03.647 [main] DEBUG n.t.core.reports.ReportService - Reporting formats: [JSON, HTML]
20:46:03.663 [main] DEBUG n.t.core.reports.ReportService - Reporting formats: [JSON, HTML]
20:46:03.664 [main] DEBUG n.t.core.reports.ReportService - Reporting formats: [JSON, HTML]
20:46:03.684 [main] DEBUG n.t.core.reports.ReportService - Reporting formats: [JSON, HTML]
20:46:03.703 [main] DEBUG n.t.core.reports.ReportService - Reporting formats: [JSON, HTML]
20:46:03.714 [main] DEBUG n.t.core.reports.ReportService - Reporting formats: [JSON, HTML]
20:46:03.721 [main] DEBUG n.t.core.reports.ReportService - Reporting formats: [JSON, HTML]
20:46:03.726 [main] DEBUG n.t.core.reports.ReportService - Reporting formats: [JSON, HTML]
20:46:03.727 [main] DEBUG n.t.core.reports.ReportService - Reporting formats: [JSON, HTML]
20:46:03.743 [main] DEBUG n.t.core.reports.ReportService - Reporting formats: [JSON, HTML]
20:46:03.749 [main] DEBUG n.t.core.reports.ReportService - Reporting formats: [JSON, HTML]
20:46:03.761 [main] DEBUG n.t.core.reports.ReportService - Reporting formats: [JSON, HTML]
20:46:03.762 [main] DEBUG n.t.core.reports.ReportService - Reporting formats: [JSON, HTML]
20:46:03.767 [main] DEBUG n.t.core.reports.ReportService - Reporting formats: [JSON, HTML]
20:46:03.768 [main] DEBUG n.t.core.reports.ReportService - Reporting formats: [JSON, HTML]
20:46:03.772 [main] DEBUG n.t.core.reports.ReportService - Reporting formats: [JSON, HTML]
20:46:03.801 [main] DEBUG n.t.core.reports.ReportService - Reporting formats: [JSON, HTML]
20:46:03.806 [main] DEBUG n.t.core.reports.ReportService - Reporting formats: [JSON, HTML]
20:46:03.807 [main] DEBUG n.t.core.reports.ReportService - Reporting formats: [JSON, HTML]
20:46:03.811 [main] DEBUG n.t.core.reports.ReportService - Reporting formats: [JSON, HTML]
20:46:03.813 [main] DEBUG n.t.core.reports.ReportService - Reporting formats: [JSON, HTML]
20:46:03.818 [main] DEBUG n.t.core.reports.ReportService - Reporting formats: [JSON, HTML]
20:46:03.822 [main] DEBUG n.t.core.reports.ReportService - Reporting formats: [JSON, HTML]
20:46:03.827 [main] DEBUG n.t.core.reports.ReportService - Reporting formats: [JSON, HTML]
20:46:03.828 [main] DEBUG n.t.core.reports.ReportService - Reporting formats: [JSON, HTML]
20:46:03.841 [main] DEBUG n.t.core.reports.ReportService - Reporting formats: [JSON, HTML]
20:46:03.842 [main] DEBUG n.t.core.reports.ReportService - Reporting formats: [JSON, HTML]
20:46:03.847 [main] DEBUG n.t.core.reports.ReportService - Reporting formats: [JSON, HTML]
20:46:03.848 [main] DEBUG n.t.core.reports.ReportService - Reporting formats: [JSON, HTML]
20:46:03.972 [main] DEBUG n.t.core.reports.ReportService - Reporting formats: [JSON, HTML]
20:46:03.973 [main] DEBUG n.t.core.reports.ReportService - Reporting formats: [JSON, HTML]
20:46:03.977 [main] DEBUG n.t.core.reports.ReportService - Reporting formats: [JSON, HTML]
20:46:03.978 [main] DEBUG n.t.core.reports.ReportService - Reporting formats: [JSON, HTML]
20:46:03.981 [main] DEBUG n.t.core.reports.ReportService - Reporting formats: [JSON, HTML]
20:46:03.983 [main] DEBUG n.t.core.reports.ReportService - Reporting formats: [JSON, HTML]
20:46:03.998 [main] DEBUG n.t.core.reports.ReportService - Reporting formats: [JSON, HTML]
20:46:04.001 [main] DEBUG n.t.core.reports.ReportService - Reporting formats: [JSON, HTML]
20:46:04.007 [main] DEBUG n.t.core.reports.ReportService - Reporting formats: [JSON, HTML]
20:46:04.009 [main] DEBUG n.t.core.reports.ReportService - Reporting formats: [JSON, HTML]
20:46:04.013 [main] DEBUG n.t.core.reports.ReportService - Reporting formats: [JSON, HTML]
20:46:04.014 [main] DEBUG n.t.core.reports.ReportService - Reporting formats: [JSON, HTML]
20:46:04.020 [main] DEBUG n.t.core.reports.ReportService - Reporting formats: [JSON, HTML]
20:46:04.021 [main] DEBUG n.t.core.reports.ReportService - Reporting formats: [JSON, HTML]
20:46:04.024 [main] DEBUG n.t.core.reports.ReportService - Reporting formats: [JSON, HTML]
20:46:04.026 [main] DEBUG n.t.core.reports.ReportService - Reporting formats: [JSON, HTML]
20:46:04.029 [main] DEBUG n.t.core.reports.ReportService - Reporting formats: [JSON, HTML]
20:46:04.030 [main] DEBUG n.t.core.reports.ReportService - Reporting formats: [JSON, HTML]
20:46:04.033 [main] DEBUG n.t.core.reports.ReportService - Reporting formats: [JSON, HTML]
20:46:04.034 [main] DEBUG n.t.core.reports.ReportService - Reporting formats: [JSON, HTML]
20:46:04.038 [main] DEBUG n.t.core.reports.ReportService - Reporting formats: [JSON, HTML]
20:46:04.039 [main] DEBUG n.t.core.reports.ReportService - Reporting formats: [JSON, HTML]
20:46:04.043 [main] DEBUG n.t.core.reports.ReportService - Reporting formats: [JSON, HTML]
20:46:04.044 [main] DEBUG n.t.core.reports.ReportService - Reporting formats: [JSON, HTML]
20:46:04.048 [main] DEBUG n.t.core.reports.ReportService - Reporting formats: [JSON, HTML]
20:46:04.049 [main] DEBUG n.t.core.reports.ReportService - Reporting formats: [JSON, HTML]
20:46:04.052 [main] DEBUG n.t.core.reports.ReportService - Reporting formats: [JSON, HTML]
20:46:04.053 [main] DEBUG n.t.core.reports.ReportService - Reporting formats: [JSON, HTML]
20:46:04.056 [main] DEBUG n.t.core.reports.ReportService - Reporting formats: [JSON, HTML]
20:46:04.058 [main] DEBUG n.t.core.reports.ReportService - Reporting formats: [JSON, HTML]
20:46:04.063 [main] DEBUG n.t.core.reports.ReportService - Reporting formats: [JSON, HTML]
20:46:04.064 [main] DEBUG n.t.core.reports.ReportService - Reporting formats: [JSON, HTML]
20:46:04.068 [main] DEBUG n.t.core.reports.ReportService - Reporting formats: [JSON, HTML]
20:46:04.069 [main] DEBUG n.t.core.reports.ReportService - Reporting formats: [JSON, HTML]
20:46:04.075 [main] DEBUG n.t.core.reports.ReportService - Reporting formats: [JSON, HTML]
20:46:04.076 [main] DEBUG n.t.core.reports.ReportService - Reporting formats: [JSON, HTML]
20:46:04.080 [main] DEBUG n.t.core.reports.ReportService - Reporting formats: [JSON, HTML]
20:46:04.081 [main] DEBUG n.t.core.reports.ReportService - Reporting formats: [JSON, HTML]
20:46:04.088 [main] DEBUG n.t.core.reports.ReportService - Reporting formats: [JSON, HTML]
20:46:04.089 [main] DEBUG n.t.core.reports.ReportService - Reporting formats: [JSON, HTML]
20:46:04.181 [main] DEBUG n.t.core.reports.ReportService - Reporting formats: [JSON, HTML]
20:46:04.182 [main] DEBUG n.t.core.reports.ReportService - Reporting formats: [JSON, HTML]
20:46:04.186 [main] DEBUG n.t.core.reports.ReportService - Reporting formats: [JSON, HTML]
20:46:04.188 [main] DEBUG n.t.core.reports.ReportService - Reporting formats: [JSON, HTML]
20:46:04.198 [main] DEBUG n.t.core.reports.ReportService - Reporting formats: [JSON, HTML]
20:46:04.200 [main] DEBUG n.t.core.reports.ReportService - Reporting formats: [JSON, HTML]
20:46:04.204 [main] DEBUG n.t.core.reports.ReportService - Reporting formats: [JSON, HTML]
20:46:04.206 [main] DEBUG n.t.core.reports.ReportService - Reporting formats: [JSON, HTML]
20:46:04.212 [main] DEBUG n.t.core.reports.ReportService - Reporting formats: [JSON, HTML]
20:46:04.214 [main] DEBUG n.t.core.reports.ReportService - Reporting formats: [JSON, HTML]
20:46:04.218 [main] DEBUG n.t.core.reports.ReportService - Reporting formats: [JSON, HTML]
20:46:04.219 [main] DEBUG n.t.core.reports.ReportService - Reporting formats: [JSON, HTML]
20:46:04.376 [main] DEBUG n.t.core.reports.ReportService - Reporting formats: [JSON, HTML]
20:46:04.380 [main] DEBUG n.t.core.reports.ReportService - Reporting formats: [JSON, HTML]
20:46:09.042 [CreateStudentsDataDrivenTest-1-thread-16] INFO   - 

-------------------------------------------------------------------------------------
     _______. _______ .______       _______ .__   __.  __  .___________.____    ____ 
    /       ||   ____||   _  \     |   ____||  \ |  | |  | |           |\   \  /   / 
   |   (----`|  |__   |  |_)  |    |  |__   |   \|  | |  | `---|  |----` \   \/   /  
    \   \    |   __|  |      /     |   __|  |  . `  | |  |     |  |       \_    _/   
.----)   |   |  |____ |  |\  \----.|  |____ |  |\   | |  |     |  |         |  |     
|_______/    |_______|| _| `._____||_______||__| \__| |__|     |__|         |__|    
                                                                                     
 News and tutorials at http://www.serenity-bdd.info                                  
 Documentation at https://wakaleo.gitbooks.io/the-serenity-book/content/             
 Join the Serenity Community on Gitter: https://gitter.im/serenity-bdd/serenity-core 
 Serenity BDD Support and Training at http://serenity-bdd.info/#/trainingandsupport  
-------------------------------------------------------------------------------------

20:46:09.139 [CreateStudentsDataDrivenTest-1-thread-1] DEBUG n.thucydides.core.steps.StepEventBus - Test suite started for class com.studentapplication.junit.studentsinfo.CreateStudentsDataDrivenTest
20:46:09.147 [CreateStudentsDataDrivenTest-1-thread-1] INFO   - Test Suite Started: Create students data driven test
20:46:09.220 [CreateStudentsDataDrivenTest-1-thread-1] DEBUG n.s.j.SerenityTestExecutionListener - Thread[CreateStudentsDataDrivenTest-1-thread-1,5,CreateStudentsDataDrivenTest-1] Test started TestIdentifier [uniqueId = [engine:junit-vintage]/[runner:com.studentapplication.junit.studentsinfo.CreateStudentsDataDrivenTest]/[test:com.studentapplication.junit.studentsinfo.CreateStudentsDataDrivenTest%5B0%5D]/[test:createMultipleStudents%5B0%5D(com.studentapplication.junit.studentsinfo.CreateStudentsDataDrivenTest)], parentId = [engine:junit-vintage]/[runner:com.studentapplication.junit.studentsinfo.CreateStudentsDataDrivenTest]/[test:com.studentapplication.junit.studentsinfo.CreateStudentsDataDrivenTest%5B0%5D], displayName = 'createMultipleStudents[0]', legacyReportingName = 'createMultipleStudents[0]', source = MethodSource [className = 'com.studentapplication.junit.studentsinfo.CreateStudentsDataDrivenTest', methodName = 'createMultipleStudents', methodParameterTypes = ''], tags = [], type = TEST]
20:46:09.222 [CreateStudentsDataDrivenTest-1-thread-1] INFO   - 
  _____   ___   ___   _____     ___   _____     _     ___   _____   ___   ___  
 |_   _| | __| / __| |_   _|   / __| |_   _|   /_\   | _ \ |_   _| | __| |   \ 
   | |   | _|  \__ \   | |     \__ \   | |    / _ \  |   /   | |   | _|  | |) |
   |_|   |___| |___/   |_|     |___/   |_|   /_/ \_\ |_|_\   |_|   |___| |___/ 

createMultipleStudents
--------------------------------------------------------------------------------
20:46:09.354 [CreateStudentsDataDrivenTest-1-thread-1] INFO   - 
  _____   ___   ___   _____     ___   _____     _     ___   _____   ___   ___  
 |_   _| | __| / __| |_   _|   / __| |_   _|   /_\   | _ \ |_   _| | __| |   \ 
   | |   | _|  \__ \   | |     \__ \   | |    / _ \  |   /   | |   | _|  | |) |
   |_|   |___| |___/   |_|     |___/   |_|   /_/ \_\ |_|_\   |_|   |___| |___/ 

createMultipleStudents[0]
--------------------------------------------------------------------------------
20:46:09.359 [CreateStudentsDataDrivenTest-1-thread-11] DEBUG n.thucydides.core.steps.StepEventBus - Test suite started for class com.studentapplication.junit.studentsinfo.CreateStudentsDataDrivenTest
20:46:09.360 [CreateStudentsDataDrivenTest-1-thread-11] INFO   - Test Suite Started: Create students data driven test
20:46:09.361 [CreateStudentsDataDrivenTest-1-thread-11] DEBUG n.s.j.SerenityTestExecutionListener - Thread[CreateStudentsDataDrivenTest-1-thread-11,5,CreateStudentsDataDrivenTest-1] Test started TestIdentifier [uniqueId = [engine:junit-vintage]/[runner:com.studentapplication.junit.studentsinfo.CreateStudentsDataDrivenTest]/[test:com.studentapplication.junit.studentsinfo.CreateStudentsDataDrivenTest%5B10%5D]/[test:createMultipleStudents%5B10%5D(com.studentapplication.junit.studentsinfo.CreateStudentsDataDrivenTest)], parentId = [engine:junit-vintage]/[runner:com.studentapplication.junit.studentsinfo.CreateStudentsDataDrivenTest]/[test:com.studentapplication.junit.studentsinfo.CreateStudentsDataDrivenTest%5B10%5D], displayName = 'createMultipleStudents[10]', legacyReportingName = 'createMultipleStudents[10]', source = MethodSource [className = 'com.studentapplication.junit.studentsinfo.CreateStudentsDataDrivenTest', methodName = 'createMultipleStudents', methodParameterTypes = ''], tags = [], type = TEST]
20:46:09.362 [CreateStudentsDataDrivenTest-1-thread-11] INFO   - 
  _____   ___   ___   _____     ___   _____     _     ___   _____   ___   ___  
 |_   _| | __| / __| |_   _|   / __| |_   _|   /_\   | _ \ |_   _| | __| |   \ 
   | |   | _|  \__ \   | |     \__ \   | |    / _ \  |   /   | |   | _|  | |) |
   |_|   |___| |___/   |_|     |___/   |_|   /_/ \_\ |_|_\   |_|   |___| |___/ 

createMultipleStudents
--------------------------------------------------------------------------------
20:46:09.369 [CreateStudentsDataDrivenTest-1-thread-11] INFO   - 
  _____   ___   ___   _____     ___   _____     _     ___   _____   ___   ___  
 |_   _| | __| / __| |_   _|   / __| |_   _|   /_\   | _ \ |_   _| | __| |   \ 
   | |   | _|  \__ \   | |     \__ \   | |    / _ \  |   /   | |   | _|  | |) |
   |_|   |___| |___/   |_|     |___/   |_|   /_/ \_\ |_|_\   |_|   |___| |___/ 

createMultipleStudents[10]
--------------------------------------------------------------------------------
20:46:09.373 [CreateStudentsDataDrivenTest-1-thread-4] DEBUG n.thucydides.core.steps.StepEventBus - Test suite started for class com.studentapplication.junit.studentsinfo.CreateStudentsDataDrivenTest
20:46:09.374 [CreateStudentsDataDrivenTest-1-thread-4] INFO   - Test Suite Started: Create students data driven test
20:46:09.375 [CreateStudentsDataDrivenTest-1-thread-4] DEBUG n.s.j.SerenityTestExecutionListener - Thread[CreateStudentsDataDrivenTest-1-thread-4,5,CreateStudentsDataDrivenTest-1] Test started TestIdentifier [uniqueId = [engine:junit-vintage]/[runner:com.studentapplication.junit.studentsinfo.CreateStudentsDataDrivenTest]/[test:com.studentapplication.junit.studentsinfo.CreateStudentsDataDrivenTest%5B3%5D]/[test:createMultipleStudents%5B3%5D(com.studentapplication.junit.studentsinfo.CreateStudentsDataDrivenTest)], parentId = [engine:junit-vintage]/[runner:com.studentapplication.junit.studentsinfo.CreateStudentsDataDrivenTest]/[test:com.studentapplication.junit.studentsinfo.CreateStudentsDataDrivenTest%5B3%5D], displayName = 'createMultipleStudents[3]', legacyReportingName = 'createMultipleStudents[3]', source = MethodSource [className = 'com.studentapplication.junit.studentsinfo.CreateStudentsDataDrivenTest', methodName = 'createMultipleStudents', methodParameterTypes = ''], tags = [], type = TEST]
20:46:09.375 [CreateStudentsDataDrivenTest-1-thread-4] INFO   - 
  _____   ___   ___   _____     ___   _____     _     ___   _____   ___   ___  
 |_   _| | __| / __| |_   _|   / __| |_   _|   /_\   | _ \ |_   _| | __| |   \ 
   | |   | _|  \__ \   | |     \__ \   | |    / _ \  |   /   | |   | _|  | |) |
   |_|   |___| |___/   |_|     |___/   |_|   /_/ \_\ |_|_\   |_|   |___| |___/ 

createMultipleStudents
--------------------------------------------------------------------------------
20:46:09.377 [CreateStudentsDataDrivenTest-1-thread-4] INFO   - 
  _____   ___   ___   _____     ___   _____     _     ___   _____   ___   ___  
 |_   _| | __| / __| |_   _|   / __| |_   _|   /_\   | _ \ |_   _| | __| |   \ 
   | |   | _|  \__ \   | |     \__ \   | |    / _ \  |   /   | |   | _|  | |) |
   |_|   |___| |___/   |_|     |___/   |_|   /_/ \_\ |_|_\   |_|   |___| |___/ 

createMultipleStudents[3]
--------------------------------------------------------------------------------
20:46:09.380 [CreateStudentsDataDrivenTest-1-thread-8] DEBUG n.thucydides.core.steps.StepEventBus - Test suite started for class com.studentapplication.junit.studentsinfo.CreateStudentsDataDrivenTest
20:46:09.382 [CreateStudentsDataDrivenTest-1-thread-8] INFO   - Test Suite Started: Create students data driven test
20:46:09.382 [CreateStudentsDataDrivenTest-1-thread-8] DEBUG n.s.j.SerenityTestExecutionListener - Thread[CreateStudentsDataDrivenTest-1-thread-8,5,CreateStudentsDataDrivenTest-1] Test started TestIdentifier [uniqueId = [engine:junit-vintage]/[runner:com.studentapplication.junit.studentsinfo.CreateStudentsDataDrivenTest]/[test:com.studentapplication.junit.studentsinfo.CreateStudentsDataDrivenTest%5B7%5D]/[test:createMultipleStudents%5B7%5D(com.studentapplication.junit.studentsinfo.CreateStudentsDataDrivenTest)], parentId = [engine:junit-vintage]/[runner:com.studentapplication.junit.studentsinfo.CreateStudentsDataDrivenTest]/[test:com.studentapplication.junit.studentsinfo.CreateStudentsDataDrivenTest%5B7%5D], displayName = 'createMultipleStudents[7]', legacyReportingName = 'createMultipleStudents[7]', source = MethodSource [className = 'com.studentapplication.junit.studentsinfo.CreateStudentsDataDrivenTest', methodName = 'createMultipleStudents', methodParameterTypes = ''], tags = [], type = TEST]
20:46:09.382 [CreateStudentsDataDrivenTest-1-thread-8] INFO   - 
  _____   ___   ___   _____     ___   _____     _     ___   _____   ___   ___  
 |_   _| | __| / __| |_   _|   / __| |_   _|   /_\   | _ \ |_   _| | __| |   \ 
   | |   | _|  \__ \   | |     \__ \   | |    / _ \  |   /   | |   | _|  | |) |
   |_|   |___| |___/   |_|     |___/   |_|   /_/ \_\ |_|_\   |_|   |___| |___/ 

createMultipleStudents
--------------------------------------------------------------------------------
20:46:09.384 [CreateStudentsDataDrivenTest-1-thread-8] INFO   - 
  _____   ___   ___   _____     ___   _____     _     ___   _____   ___   ___  
 |_   _| | __| / __| |_   _|   / __| |_   _|   /_\   | _ \ |_   _| | __| |   \ 
   | |   | _|  \__ \   | |     \__ \   | |    / _ \  |   /   | |   | _|  | |) |
   |_|   |___| |___/   |_|     |___/   |_|   /_/ \_\ |_|_\   |_|   |___| |___/ 

createMultipleStudents[7]
--------------------------------------------------------------------------------
20:46:09.388 [CreateStudentsDataDrivenTest-1-thread-3] DEBUG n.thucydides.core.steps.StepEventBus - Test suite started for class com.studentapplication.junit.studentsinfo.CreateStudentsDataDrivenTest
20:46:09.391 [CreateStudentsDataDrivenTest-1-thread-3] INFO   - Test Suite Started: Create students data driven test
20:46:09.392 [CreateStudentsDataDrivenTest-1-thread-3] DEBUG n.s.j.SerenityTestExecutionListener - Thread[CreateStudentsDataDrivenTest-1-thread-3,5,CreateStudentsDataDrivenTest-1] Test started TestIdentifier [uniqueId = [engine:junit-vintage]/[runner:com.studentapplication.junit.studentsinfo.CreateStudentsDataDrivenTest]/[test:com.studentapplication.junit.studentsinfo.CreateStudentsDataDrivenTest%5B2%5D]/[test:createMultipleStudents%5B2%5D(com.studentapplication.junit.studentsinfo.CreateStudentsDataDrivenTest)], parentId = [engine:junit-vintage]/[runner:com.studentapplication.junit.studentsinfo.CreateStudentsDataDrivenTest]/[test:com.studentapplication.junit.studentsinfo.CreateStudentsDataDrivenTest%5B2%5D], displayName = 'createMultipleStudents[2]', legacyReportingName = 'createMultipleStudents[2]', source = MethodSource [className = 'com.studentapplication.junit.studentsinfo.CreateStudentsDataDrivenTest', methodName = 'createMultipleStudents', methodParameterTypes = ''], tags = [], type = TEST]
20:46:09.392 [CreateStudentsDataDrivenTest-1-thread-3] INFO   - 
  _____   ___   ___   _____     ___   _____     _     ___   _____   ___   ___  
 |_   _| | __| / __| |_   _|   / __| |_   _|   /_\   | _ \ |_   _| | __| |   \ 
   | |   | _|  \__ \   | |     \__ \   | |    / _ \  |   /   | |   | _|  | |) |
   |_|   |___| |___/   |_|     |___/   |_|   /_/ \_\ |_|_\   |_|   |___| |___/ 

createMultipleStudents
--------------------------------------------------------------------------------
20:46:09.395 [CreateStudentsDataDrivenTest-1-thread-3] INFO   - 
  _____   ___   ___   _____     ___   _____     _     ___   _____   ___   ___  
 |_   _| | __| / __| |_   _|   / __| |_   _|   /_\   | _ \ |_   _| | __| |   \ 
   | |   | _|  \__ \   | |     \__ \   | |    / _ \  |   /   | |   | _|  | |) |
   |_|   |___| |___/   |_|     |___/   |_|   /_/ \_\ |_|_\   |_|   |___| |___/ 

createMultipleStudents[2]
--------------------------------------------------------------------------------
20:46:09.405 [CreateStudentsDataDrivenTest-1-thread-13] DEBUG n.thucydides.core.steps.StepEventBus - Test suite started for class com.studentapplication.junit.studentsinfo.CreateStudentsDataDrivenTest
20:46:09.406 [CreateStudentsDataDrivenTest-1-thread-13] INFO   - Test Suite Started: Create students data driven test
20:46:09.406 [CreateStudentsDataDrivenTest-1-thread-13] DEBUG n.s.j.SerenityTestExecutionListener - Thread[CreateStudentsDataDrivenTest-1-thread-13,5,CreateStudentsDataDrivenTest-1] Test started TestIdentifier [uniqueId = [engine:junit-vintage]/[runner:com.studentapplication.junit.studentsinfo.CreateStudentsDataDrivenTest]/[test:com.studentapplication.junit.studentsinfo.CreateStudentsDataDrivenTest%5B12%5D]/[test:createMultipleStudents%5B12%5D(com.studentapplication.junit.studentsinfo.CreateStudentsDataDrivenTest)], parentId = [engine:junit-vintage]/[runner:com.studentapplication.junit.studentsinfo.CreateStudentsDataDrivenTest]/[test:com.studentapplication.junit.studentsinfo.CreateStudentsDataDrivenTest%5B12%5D], displayName = 'createMultipleStudents[12]', legacyReportingName = 'createMultipleStudents[12]', source = MethodSource [className = 'com.studentapplication.junit.studentsinfo.CreateStudentsDataDrivenTest', methodName = 'createMultipleStudents', methodParameterTypes = ''], tags = [], type = TEST]
20:46:09.406 [CreateStudentsDataDrivenTest-1-thread-13] INFO   - 
  _____   ___   ___   _____     ___   _____     _     ___   _____   ___   ___  
 |_   _| | __| / __| |_   _|   / __| |_   _|   /_\   | _ \ |_   _| | __| |   \ 
   | |   | _|  \__ \   | |     \__ \   | |    / _ \  |   /   | |   | _|  | |) |
   |_|   |___| |___/   |_|     |___/   |_|   /_/ \_\ |_|_\   |_|   |___| |___/ 

createMultipleStudents
--------------------------------------------------------------------------------
20:46:09.410 [CreateStudentsDataDrivenTest-1-thread-13] INFO   - 
  _____   ___   ___   _____     ___   _____     _     ___   _____   ___   ___  
 |_   _| | __| / __| |_   _|   / __| |_   _|   /_\   | _ \ |_   _| | __| |   \ 
   | |   | _|  \__ \   | |     \__ \   | |    / _ \  |   /   | |   | _|  | |) |
   |_|   |___| |___/   |_|     |___/   |_|   /_/ \_\ |_|_\   |_|   |___| |___/ 

createMultipleStudents[12]
--------------------------------------------------------------------------------
20:46:09.415 [CreateStudentsDataDrivenTest-1-thread-6] DEBUG n.thucydides.core.steps.StepEventBus - Test suite started for class com.studentapplication.junit.studentsinfo.CreateStudentsDataDrivenTest
20:46:09.416 [CreateStudentsDataDrivenTest-1-thread-6] INFO   - Test Suite Started: Create students data driven test
20:46:09.417 [CreateStudentsDataDrivenTest-1-thread-6] DEBUG n.s.j.SerenityTestExecutionListener - Thread[CreateStudentsDataDrivenTest-1-thread-6,5,CreateStudentsDataDrivenTest-1] Test started TestIdentifier [uniqueId = [engine:junit-vintage]/[runner:com.studentapplication.junit.studentsinfo.CreateStudentsDataDrivenTest]/[test:com.studentapplication.junit.studentsinfo.CreateStudentsDataDrivenTest%5B5%5D]/[test:createMultipleStudents%5B5%5D(com.studentapplication.junit.studentsinfo.CreateStudentsDataDrivenTest)], parentId = [engine:junit-vintage]/[runner:com.studentapplication.junit.studentsinfo.CreateStudentsDataDrivenTest]/[test:com.studentapplication.junit.studentsinfo.CreateStudentsDataDrivenTest%5B5%5D], displayName = 'createMultipleStudents[5]', legacyReportingName = 'createMultipleStudents[5]', source = MethodSource [className = 'com.studentapplication.junit.studentsinfo.CreateStudentsDataDrivenTest', methodName = 'createMultipleStudents', methodParameterTypes = ''], tags = [], type = TEST]
20:46:09.417 [CreateStudentsDataDrivenTest-1-thread-6] INFO   - 
  _____   ___   ___   _____     ___   _____     _     ___   _____   ___   ___  
 |_   _| | __| / __| |_   _|   / __| |_   _|   /_\   | _ \ |_   _| | __| |   \ 
   | |   | _|  \__ \   | |     \__ \   | |    / _ \  |   /   | |   | _|  | |) |
   |_|   |___| |___/   |_|     |___/   |_|   /_/ \_\ |_|_\   |_|   |___| |___/ 

createMultipleStudents
--------------------------------------------------------------------------------
20:46:09.423 [CreateStudentsDataDrivenTest-1-thread-6] INFO   - 
  _____   ___   ___   _____     ___   _____     _     ___   _____   ___   ___  
 |_   _| | __| / __| |_   _|   / __| |_   _|   /_\   | _ \ |_   _| | __| |   \ 
   | |   | _|  \__ \   | |     \__ \   | |    / _ \  |   /   | |   | _|  | |) |
   |_|   |___| |___/   |_|     |___/   |_|   /_/ \_\ |_|_\   |_|   |___| |___/ 

createMultipleStudents[5]
--------------------------------------------------------------------------------
20:46:09.440 [CreateStudentsDataDrivenTest-1-thread-16] DEBUG n.thucydides.core.steps.StepEventBus - Test suite started for class com.studentapplication.junit.studentsinfo.CreateStudentsDataDrivenTest
20:46:09.442 [CreateStudentsDataDrivenTest-1-thread-16] INFO   - Test Suite Started: Create students data driven test
20:46:09.445 [CreateStudentsDataDrivenTest-1-thread-16] DEBUG n.s.j.SerenityTestExecutionListener - Thread[CreateStudentsDataDrivenTest-1-thread-16,5,CreateStudentsDataDrivenTest-1] Test started TestIdentifier [uniqueId = [engine:junit-vintage]/[runner:com.studentapplication.junit.studentsinfo.CreateStudentsDataDrivenTest]/[test:com.studentapplication.junit.studentsinfo.CreateStudentsDataDrivenTest%5B15%5D]/[test:createMultipleStudents%5B15%5D(com.studentapplication.junit.studentsinfo.CreateStudentsDataDrivenTest)], parentId = [engine:junit-vintage]/[runner:com.studentapplication.junit.studentsinfo.CreateStudentsDataDrivenTest]/[test:com.studentapplication.junit.studentsinfo.CreateStudentsDataDrivenTest%5B15%5D], displayName = 'createMultipleStudents[15]', legacyReportingName = 'createMultipleStudents[15]', source = MethodSource [className = 'com.studentapplication.junit.studentsinfo.CreateStudentsDataDrivenTest', methodName = 'createMultipleStudents', methodParameterTypes = ''], tags = [], type = TEST]
20:46:09.446 [CreateStudentsDataDrivenTest-1-thread-16] INFO   - 
  _____   ___   ___   _____     ___   _____     _     ___   _____   ___   ___  
 |_   _| | __| / __| |_   _|   / __| |_   _|   /_\   | _ \ |_   _| | __| |   \ 
   | |   | _|  \__ \   | |     \__ \   | |    / _ \  |   /   | |   | _|  | |) |
   |_|   |___| |___/   |_|     |___/   |_|   /_/ \_\ |_|_\   |_|   |___| |___/ 

createMultipleStudents
--------------------------------------------------------------------------------
20:46:09.463 [CreateStudentsDataDrivenTest-1-thread-16] INFO   - 
  _____   ___   ___   _____     ___   _____     _     ___   _____   ___   ___  
 |_   _| | __| / __| |_   _|   / __| |_   _|   /_\   | _ \ |_   _| | __| |   \ 
   | |   | _|  \__ \   | |     \__ \   | |    / _ \  |   /   | |   | _|  | |) |
   |_|   |___| |___/   |_|     |___/   |_|   /_/ \_\ |_|_\   |_|   |___| |___/ 

createMultipleStudents[15]
--------------------------------------------------------------------------------
20:46:09.469 [CreateStudentsDataDrivenTest-1-thread-12] DEBUG n.thucydides.core.steps.StepEventBus - Test suite started for class com.studentapplication.junit.studentsinfo.CreateStudentsDataDrivenTest
20:46:09.470 [CreateStudentsDataDrivenTest-1-thread-12] INFO   - Test Suite Started: Create students data driven test
20:46:09.470 [CreateStudentsDataDrivenTest-1-thread-12] DEBUG n.s.j.SerenityTestExecutionListener - Thread[CreateStudentsDataDrivenTest-1-thread-12,5,CreateStudentsDataDrivenTest-1] Test started TestIdentifier [uniqueId = [engine:junit-vintage]/[runner:com.studentapplication.junit.studentsinfo.CreateStudentsDataDrivenTest]/[test:com.studentapplication.junit.studentsinfo.CreateStudentsDataDrivenTest%5B11%5D]/[test:createMultipleStudents%5B11%5D(com.studentapplication.junit.studentsinfo.CreateStudentsDataDrivenTest)], parentId = [engine:junit-vintage]/[runner:com.studentapplication.junit.studentsinfo.CreateStudentsDataDrivenTest]/[test:com.studentapplication.junit.studentsinfo.CreateStudentsDataDrivenTest%5B11%5D], displayName = 'createMultipleStudents[11]', legacyReportingName = 'createMultipleStudents[11]', source = MethodSource [className = 'com.studentapplication.junit.studentsinfo.CreateStudentsDataDrivenTest', methodName = 'createMultipleStudents', methodParameterTypes = ''], tags = [], type = TEST]
20:46:09.471 [CreateStudentsDataDrivenTest-1-thread-12] INFO   - 
  _____   ___   ___   _____     ___   _____     _     ___   _____   ___   ___  
 |_   _| | __| / __| |_   _|   / __| |_   _|   /_\   | _ \ |_   _| | __| |   \ 
   | |   | _|  \__ \   | |     \__ \   | |    / _ \  |   /   | |   | _|  | |) |
   |_|   |___| |___/   |_|     |___/   |_|   /_/ \_\ |_|_\   |_|   |___| |___/ 

createMultipleStudents
--------------------------------------------------------------------------------
20:46:09.473 [CreateStudentsDataDrivenTest-1-thread-12] INFO   - 
  _____   ___   ___   _____     ___   _____     _     ___   _____   ___   ___  
 |_   _| | __| / __| |_   _|   / __| |_   _|   /_\   | _ \ |_   _| | __| |   \ 
   | |   | _|  \__ \   | |     \__ \   | |    / _ \  |   /   | |   | _|  | |) |
   |_|   |___| |___/   |_|     |___/   |_|   /_/ \_\ |_|_\   |_|   |___| |___/ 

createMultipleStudents[11]
--------------------------------------------------------------------------------
20:46:09.477 [CreateStudentsDataDrivenTest-1-thread-2] DEBUG n.thucydides.core.steps.StepEventBus - Test suite started for class com.studentapplication.junit.studentsinfo.CreateStudentsDataDrivenTest
20:46:09.479 [CreateStudentsDataDrivenTest-1-thread-2] INFO   - Test Suite Started: Create students data driven test
20:46:09.479 [CreateStudentsDataDrivenTest-1-thread-2] DEBUG n.s.j.SerenityTestExecutionListener - Thread[CreateStudentsDataDrivenTest-1-thread-2,5,CreateStudentsDataDrivenTest-1] Test started TestIdentifier [uniqueId = [engine:junit-vintage]/[runner:com.studentapplication.junit.studentsinfo.CreateStudentsDataDrivenTest]/[test:com.studentapplication.junit.studentsinfo.CreateStudentsDataDrivenTest%5B1%5D]/[test:createMultipleStudents%5B1%5D(com.studentapplication.junit.studentsinfo.CreateStudentsDataDrivenTest)], parentId = [engine:junit-vintage]/[runner:com.studentapplication.junit.studentsinfo.CreateStudentsDataDrivenTest]/[test:com.studentapplication.junit.studentsinfo.CreateStudentsDataDrivenTest%5B1%5D], displayName = 'createMultipleStudents[1]', legacyReportingName = 'createMultipleStudents[1]', source = MethodSource [className = 'com.studentapplication.junit.studentsinfo.CreateStudentsDataDrivenTest', methodName = 'createMultipleStudents', methodParameterTypes = ''], tags = [], type = TEST]
20:46:09.480 [CreateStudentsDataDrivenTest-1-thread-2] INFO   - 
  _____   ___   ___   _____     ___   _____     _     ___   _____   ___   ___  
 |_   _| | __| / __| |_   _|   / __| |_   _|   /_\   | _ \ |_   _| | __| |   \ 
   | |   | _|  \__ \   | |     \__ \   | |    / _ \  |   /   | |   | _|  | |) |
   |_|   |___| |___/   |_|     |___/   |_|   /_/ \_\ |_|_\   |_|   |___| |___/ 

createMultipleStudents
--------------------------------------------------------------------------------
20:46:09.482 [CreateStudentsDataDrivenTest-1-thread-2] INFO   - 
  _____   ___   ___   _____     ___   _____     _     ___   _____   ___   ___  
 |_   _| | __| / __| |_   _|   / __| |_   _|   /_\   | _ \ |_   _| | __| |   \ 
   | |   | _|  \__ \   | |     \__ \   | |    / _ \  |   /   | |   | _|  | |) |
   |_|   |___| |___/   |_|     |___/   |_|   /_/ \_\ |_|_\   |_|   |___| |___/ 

createMultipleStudents[1]
--------------------------------------------------------------------------------
20:46:09.485 [CreateStudentsDataDrivenTest-1-thread-15] DEBUG n.thucydides.core.steps.StepEventBus - Test suite started for class com.studentapplication.junit.studentsinfo.CreateStudentsDataDrivenTest
20:46:09.489 [CreateStudentsDataDrivenTest-1-thread-15] INFO   - Test Suite Started: Create students data driven test
20:46:09.491 [CreateStudentsDataDrivenTest-1-thread-15] DEBUG n.s.j.SerenityTestExecutionListener - Thread[CreateStudentsDataDrivenTest-1-thread-15,5,CreateStudentsDataDrivenTest-1] Test started TestIdentifier [uniqueId = [engine:junit-vintage]/[runner:com.studentapplication.junit.studentsinfo.CreateStudentsDataDrivenTest]/[test:com.studentapplication.junit.studentsinfo.CreateStudentsDataDrivenTest%5B14%5D]/[test:createMultipleStudents%5B14%5D(com.studentapplication.junit.studentsinfo.CreateStudentsDataDrivenTest)], parentId = [engine:junit-vintage]/[runner:com.studentapplication.junit.studentsinfo.CreateStudentsDataDrivenTest]/[test:com.studentapplication.junit.studentsinfo.CreateStudentsDataDrivenTest%5B14%5D], displayName = 'createMultipleStudents[14]', legacyReportingName = 'createMultipleStudents[14]', source = MethodSource [className = 'com.studentapplication.junit.studentsinfo.CreateStudentsDataDrivenTest', methodName = 'createMultipleStudents', methodParameterTypes = ''], tags = [], type = TEST]
20:46:09.492 [CreateStudentsDataDrivenTest-1-thread-15] INFO   - 
  _____   ___   ___   _____     ___   _____     _     ___   _____   ___   ___  
 |_   _| | __| / __| |_   _|   / __| |_   _|   /_\   | _ \ |_   _| | __| |   \ 
   | |   | _|  \__ \   | |     \__ \   | |    / _ \  |   /   | |   | _|  | |) |
   |_|   |___| |___/   |_|     |___/   |_|   /_/ \_\ |_|_\   |_|   |___| |___/ 

createMultipleStudents
--------------------------------------------------------------------------------
20:46:09.495 [CreateStudentsDataDrivenTest-1-thread-15] INFO   - 
  _____   ___   ___   _____     ___   _____     _     ___   _____   ___   ___  
 |_   _| | __| / __| |_   _|   / __| |_   _|   /_\   | _ \ |_   _| | __| |   \ 
   | |   | _|  \__ \   | |     \__ \   | |    / _ \  |   /   | |   | _|  | |) |
   |_|   |___| |___/   |_|     |___/   |_|   /_/ \_\ |_|_\   |_|   |___| |___/ 

createMultipleStudents[14]
--------------------------------------------------------------------------------
20:46:09.504 [CreateStudentsDataDrivenTest-1-thread-14] DEBUG n.thucydides.core.steps.StepEventBus - Test suite started for class com.studentapplication.junit.studentsinfo.CreateStudentsDataDrivenTest
20:46:09.505 [CreateStudentsDataDrivenTest-1-thread-14] INFO   - Test Suite Started: Create students data driven test
20:46:09.506 [CreateStudentsDataDrivenTest-1-thread-14] DEBUG n.s.j.SerenityTestExecutionListener - Thread[CreateStudentsDataDrivenTest-1-thread-14,5,CreateStudentsDataDrivenTest-1] Test started TestIdentifier [uniqueId = [engine:junit-vintage]/[runner:com.studentapplication.junit.studentsinfo.CreateStudentsDataDrivenTest]/[test:com.studentapplication.junit.studentsinfo.CreateStudentsDataDrivenTest%5B13%5D]/[test:createMultipleStudents%5B13%5D(com.studentapplication.junit.studentsinfo.CreateStudentsDataDrivenTest)], parentId = [engine:junit-vintage]/[runner:com.studentapplication.junit.studentsinfo.CreateStudentsDataDrivenTest]/[test:com.studentapplication.junit.studentsinfo.CreateStudentsDataDrivenTest%5B13%5D], displayName = 'createMultipleStudents[13]', legacyReportingName = 'createMultipleStudents[13]', source = MethodSource [className = 'com.studentapplication.junit.studentsinfo.CreateStudentsDataDrivenTest', methodName = 'createMultipleStudents', methodParameterTypes = ''], tags = [], type = TEST]
20:46:09.506 [CreateStudentsDataDrivenTest-1-thread-14] INFO   - 
  _____   ___   ___   _____     ___   _____     _     ___   _____   ___   ___  
 |_   _| | __| / __| |_   _|   / __| |_   _|   /_\   | _ \ |_   _| | __| |   \ 
   | |   | _|  \__ \   | |     \__ \   | |    / _ \  |   /   | |   | _|  | |) |
   |_|   |___| |___/   |_|     |___/   |_|   /_/ \_\ |_|_\   |_|   |___| |___/ 

createMultipleStudents
--------------------------------------------------------------------------------
20:46:09.509 [CreateStudentsDataDrivenTest-1-thread-14] INFO   - 
  _____   ___   ___   _____     ___   _____     _     ___   _____   ___   ___  
 |_   _| | __| / __| |_   _|   / __| |_   _|   /_\   | _ \ |_   _| | __| |   \ 
   | |   | _|  \__ \   | |     \__ \   | |    / _ \  |   /   | |   | _|  | |) |
   |_|   |___| |___/   |_|     |___/   |_|   /_/ \_\ |_|_\   |_|   |___| |___/ 

createMultipleStudents[13]
--------------------------------------------------------------------------------
20:46:09.518 [CreateStudentsDataDrivenTest-1-thread-7] DEBUG n.thucydides.core.steps.StepEventBus - Test suite started for class com.studentapplication.junit.studentsinfo.CreateStudentsDataDrivenTest
20:46:09.519 [CreateStudentsDataDrivenTest-1-thread-7] INFO   - Test Suite Started: Create students data driven test
20:46:09.520 [CreateStudentsDataDrivenTest-1-thread-7] DEBUG n.s.j.SerenityTestExecutionListener - Thread[CreateStudentsDataDrivenTest-1-thread-7,5,CreateStudentsDataDrivenTest-1] Test started TestIdentifier [uniqueId = [engine:junit-vintage]/[runner:com.studentapplication.junit.studentsinfo.CreateStudentsDataDrivenTest]/[test:com.studentapplication.junit.studentsinfo.CreateStudentsDataDrivenTest%5B6%5D]/[test:createMultipleStudents%5B6%5D(com.studentapplication.junit.studentsinfo.CreateStudentsDataDrivenTest)], parentId = [engine:junit-vintage]/[runner:com.studentapplication.junit.studentsinfo.CreateStudentsDataDrivenTest]/[test:com.studentapplication.junit.studentsinfo.CreateStudentsDataDrivenTest%5B6%5D], displayName = 'createMultipleStudents[6]', legacyReportingName = 'createMultipleStudents[6]', source = MethodSource [className = 'com.studentapplication.junit.studentsinfo.CreateStudentsDataDrivenTest', methodName = 'createMultipleStudents', methodParameterTypes = ''], tags = [], type = TEST]
20:46:09.520 [CreateStudentsDataDrivenTest-1-thread-7] INFO   - 
  _____   ___   ___   _____     ___   _____     _     ___   _____   ___   ___  
 |_   _| | __| / __| |_   _|   / __| |_   _|   /_\   | _ \ |_   _| | __| |   \ 
   | |   | _|  \__ \   | |     \__ \   | |    / _ \  |   /   | |   | _|  | |) |
   |_|   |___| |___/   |_|     |___/   |_|   /_/ \_\ |_|_\   |_|   |___| |___/ 

createMultipleStudents
--------------------------------------------------------------------------------
20:46:09.523 [CreateStudentsDataDrivenTest-1-thread-7] INFO   - 
  _____   ___   ___   _____     ___   _____     _     ___   _____   ___   ___  
 |_   _| | __| / __| |_   _|   / __| |_   _|   /_\   | _ \ |_   _| | __| |   \ 
   | |   | _|  \__ \   | |     \__ \   | |    / _ \  |   /   | |   | _|  | |) |
   |_|   |___| |___/   |_|     |___/   |_|   /_/ \_\ |_|_\   |_|   |___| |___/ 

createMultipleStudents[6]
--------------------------------------------------------------------------------
20:46:09.536 [CreateStudentsDataDrivenTest-1-thread-5] DEBUG n.thucydides.core.steps.StepEventBus - Test suite started for class com.studentapplication.junit.studentsinfo.CreateStudentsDataDrivenTest
20:46:09.537 [CreateStudentsDataDrivenTest-1-thread-5] INFO   - Test Suite Started: Create students data driven test
20:46:09.538 [CreateStudentsDataDrivenTest-1-thread-5] DEBUG n.s.j.SerenityTestExecutionListener - Thread[CreateStudentsDataDrivenTest-1-thread-5,5,CreateStudentsDataDrivenTest-1] Test started TestIdentifier [uniqueId = [engine:junit-vintage]/[runner:com.studentapplication.junit.studentsinfo.CreateStudentsDataDrivenTest]/[test:com.studentapplication.junit.studentsinfo.CreateStudentsDataDrivenTest%5B4%5D]/[test:createMultipleStudents%5B4%5D(com.studentapplication.junit.studentsinfo.CreateStudentsDataDrivenTest)], parentId = [engine:junit-vintage]/[runner:com.studentapplication.junit.studentsinfo.CreateStudentsDataDrivenTest]/[test:com.studentapplication.junit.studentsinfo.CreateStudentsDataDrivenTest%5B4%5D], displayName = 'createMultipleStudents[4]', legacyReportingName = 'createMultipleStudents[4]', source = MethodSource [className = 'com.studentapplication.junit.studentsinfo.CreateStudentsDataDrivenTest', methodName = 'createMultipleStudents', methodParameterTypes = ''], tags = [], type = TEST]
20:46:09.538 [CreateStudentsDataDrivenTest-1-thread-5] INFO   - 
  _____   ___   ___   _____     ___   _____     _     ___   _____   ___   ___  
 |_   _| | __| / __| |_   _|   / __| |_   _|   /_\   | _ \ |_   _| | __| |   \ 
   | |   | _|  \__ \   | |     \__ \   | |    / _ \  |   /   | |   | _|  | |) |
   |_|   |___| |___/   |_|     |___/   |_|   /_/ \_\ |_|_\   |_|   |___| |___/ 

createMultipleStudents
--------------------------------------------------------------------------------
20:46:09.542 [CreateStudentsDataDrivenTest-1-thread-5] INFO   - 
  _____   ___   ___   _____     ___   _____     _     ___   _____   ___   ___  
 |_   _| | __| / __| |_   _|   / __| |_   _|   /_\   | _ \ |_   _| | __| |   \ 
   | |   | _|  \__ \   | |     \__ \   | |    / _ \  |   /   | |   | _|  | |) |
   |_|   |___| |___/   |_|     |___/   |_|   /_/ \_\ |_|_\   |_|   |___| |___/ 

createMultipleStudents[4]
--------------------------------------------------------------------------------
20:46:09.556 [CreateStudentsDataDrivenTest-1-thread-10] DEBUG n.thucydides.core.steps.StepEventBus - Test suite started for class com.studentapplication.junit.studentsinfo.CreateStudentsDataDrivenTest
20:46:09.558 [CreateStudentsDataDrivenTest-1-thread-10] INFO   - Test Suite Started: Create students data driven test
20:46:09.559 [CreateStudentsDataDrivenTest-1-thread-10] DEBUG n.s.j.SerenityTestExecutionListener - Thread[CreateStudentsDataDrivenTest-1-thread-10,5,CreateStudentsDataDrivenTest-1] Test started TestIdentifier [uniqueId = [engine:junit-vintage]/[runner:com.studentapplication.junit.studentsinfo.CreateStudentsDataDrivenTest]/[test:com.studentapplication.junit.studentsinfo.CreateStudentsDataDrivenTest%5B9%5D]/[test:createMultipleStudents%5B9%5D(com.studentapplication.junit.studentsinfo.CreateStudentsDataDrivenTest)], parentId = [engine:junit-vintage]/[runner:com.studentapplication.junit.studentsinfo.CreateStudentsDataDrivenTest]/[test:com.studentapplication.junit.studentsinfo.CreateStudentsDataDrivenTest%5B9%5D], displayName = 'createMultipleStudents[9]', legacyReportingName = 'createMultipleStudents[9]', source = MethodSource [className = 'com.studentapplication.junit.studentsinfo.CreateStudentsDataDrivenTest', methodName = 'createMultipleStudents', methodParameterTypes = ''], tags = [], type = TEST]
20:46:09.561 [CreateStudentsDataDrivenTest-1-thread-10] INFO   - 
  _____   ___   ___   _____     ___   _____     _     ___   _____   ___   ___  
 |_   _| | __| / __| |_   _|   / __| |_   _|   /_\   | _ \ |_   _| | __| |   \ 
   | |   | _|  \__ \   | |     \__ \   | |    / _ \  |   /   | |   | _|  | |) |
   |_|   |___| |___/   |_|     |___/   |_|   /_/ \_\ |_|_\   |_|   |___| |___/ 

createMultipleStudents
--------------------------------------------------------------------------------
20:46:09.563 [CreateStudentsDataDrivenTest-1-thread-10] INFO   - 
  _____   ___   ___   _____     ___   _____     _     ___   _____   ___   ___  
 |_   _| | __| / __| |_   _|   / __| |_   _|   /_\   | _ \ |_   _| | __| |   \ 
   | |   | _|  \__ \   | |     \__ \   | |    / _ \  |   /   | |   | _|  | |) |
   |_|   |___| |___/   |_|     |___/   |_|   /_/ \_\ |_|_\   |_|   |___| |___/ 

createMultipleStudents[9]
--------------------------------------------------------------------------------
20:46:09.572 [CreateStudentsDataDrivenTest-1-thread-9] DEBUG n.thucydides.core.steps.StepEventBus - Test suite started for class com.studentapplication.junit.studentsinfo.CreateStudentsDataDrivenTest
20:46:09.586 [CreateStudentsDataDrivenTest-1-thread-9] INFO   - Test Suite Started: Create students data driven test
20:46:09.586 [CreateStudentsDataDrivenTest-1-thread-9] DEBUG n.s.j.SerenityTestExecutionListener - Thread[CreateStudentsDataDrivenTest-1-thread-9,5,CreateStudentsDataDrivenTest-1] Test started TestIdentifier [uniqueId = [engine:junit-vintage]/[runner:com.studentapplication.junit.studentsinfo.CreateStudentsDataDrivenTest]/[test:com.studentapplication.junit.studentsinfo.CreateStudentsDataDrivenTest%5B8%5D]/[test:createMultipleStudents%5B8%5D(com.studentapplication.junit.studentsinfo.CreateStudentsDataDrivenTest)], parentId = [engine:junit-vintage]/[runner:com.studentapplication.junit.studentsinfo.CreateStudentsDataDrivenTest]/[test:com.studentapplication.junit.studentsinfo.CreateStudentsDataDrivenTest%5B8%5D], displayName = 'createMultipleStudents[8]', legacyReportingName = 'createMultipleStudents[8]', source = MethodSource [className = 'com.studentapplication.junit.studentsinfo.CreateStudentsDataDrivenTest', methodName = 'createMultipleStudents', methodParameterTypes = ''], tags = [], type = TEST]
20:46:09.586 [CreateStudentsDataDrivenTest-1-thread-9] INFO   - 
  _____   ___   ___   _____     ___   _____     _     ___   _____   ___   ___  
 |_   _| | __| / __| |_   _|   / __| |_   _|   /_\   | _ \ |_   _| | __| |   \ 
   | |   | _|  \__ \   | |     \__ \   | |    / _ \  |   /   | |   | _|  | |) |
   |_|   |___| |___/   |_|     |___/   |_|   /_/ \_\ |_|_\   |_|   |___| |___/ 

createMultipleStudents
--------------------------------------------------------------------------------
20:46:09.588 [CreateStudentsDataDrivenTest-1-thread-9] INFO   - 
  _____   ___   ___   _____     ___   _____     _     ___   _____   ___   ___  
 |_   _| | __| / __| |_   _|   / __| |_   _|   /_\   | _ \ |_   _| | __| |   \ 
   | |   | _|  \__ \   | |     \__ \   | |    / _ \  |   /   | |   | _|  | |) |
   |_|   |___| |___/   |_|     |___/   |_|   /_/ \_\ |_|_\   |_|   |___| |___/ 

createMultipleStudents[8]
--------------------------------------------------------------------------------
20:46:09.908 [CreateStudentsDataDrivenTest-1-thread-2] DEBUG n.t.core.steps.StepInterceptor - STARTING STEP: CreateStudentsDataDrivenTest.createMultipleStudents - Creating student with FirstName: {0}, LastName: {1}, Email: {2}, Programme: {3}, Courses: {4}
20:46:09.908 [CreateStudentsDataDrivenTest-1-thread-15] DEBUG n.t.core.steps.StepInterceptor - STARTING STEP: CreateStudentsDataDrivenTest.createMultipleStudents - Creating student with FirstName: {0}, LastName: {1}, Email: {2}, Programme: {3}, Courses: {4}
20:46:09.909 [CreateStudentsDataDrivenTest-1-thread-8] DEBUG n.t.core.steps.StepInterceptor - STARTING STEP: CreateStudentsDataDrivenTest.createMultipleStudents - Creating student with FirstName: {0}, LastName: {1}, Email: {2}, Programme: {3}, Courses: {4}
20:46:09.909 [CreateStudentsDataDrivenTest-1-thread-16] DEBUG n.t.core.steps.StepInterceptor - STARTING STEP: CreateStudentsDataDrivenTest.createMultipleStudents - Creating student with FirstName: {0}, LastName: {1}, Email: {2}, Programme: {3}, Courses: {4}
20:46:09.910 [CreateStudentsDataDrivenTest-1-thread-9] DEBUG n.t.core.steps.StepInterceptor - STARTING STEP: CreateStudentsDataDrivenTest.createMultipleStudents - Creating student with FirstName: {0}, LastName: {1}, Email: {2}, Programme: {3}, Courses: {4}
20:46:09.910 [CreateStudentsDataDrivenTest-1-thread-5] DEBUG n.t.core.steps.StepInterceptor - STARTING STEP: CreateStudentsDataDrivenTest.createMultipleStudents - Creating student with FirstName: {0}, LastName: {1}, Email: {2}, Programme: {3}, Courses: {4}
20:46:09.911 [CreateStudentsDataDrivenTest-1-thread-12] DEBUG n.t.core.steps.StepInterceptor - STARTING STEP: CreateStudentsDataDrivenTest.createMultipleStudents - Creating student with FirstName: {0}, LastName: {1}, Email: {2}, Programme: {3}, Courses: {4}
20:46:09.911 [CreateStudentsDataDrivenTest-1-thread-4] DEBUG n.t.core.steps.StepInterceptor - STARTING STEP: CreateStudentsDataDrivenTest.createMultipleStudents - Creating student with FirstName: {0}, LastName: {1}, Email: {2}, Programme: {3}, Courses: {4}
20:46:09.911 [CreateStudentsDataDrivenTest-1-thread-14] DEBUG n.t.core.steps.StepInterceptor - STARTING STEP: CreateStudentsDataDrivenTest.createMultipleStudents - Creating student with FirstName: {0}, LastName: {1}, Email: {2}, Programme: {3}, Courses: {4}
20:46:09.912 [CreateStudentsDataDrivenTest-1-thread-6] DEBUG n.t.core.steps.StepInterceptor - STARTING STEP: CreateStudentsDataDrivenTest.createMultipleStudents - Creating student with FirstName: {0}, LastName: {1}, Email: {2}, Programme: {3}, Courses: {4}
20:46:09.912 [CreateStudentsDataDrivenTest-1-thread-7] DEBUG n.t.core.steps.StepInterceptor - STARTING STEP: CreateStudentsDataDrivenTest.createMultipleStudents - Creating student with FirstName: {0}, LastName: {1}, Email: {2}, Programme: {3}, Courses: {4}
20:46:09.912 [CreateStudentsDataDrivenTest-1-thread-1] DEBUG n.t.core.steps.StepInterceptor - STARTING STEP: CreateStudentsDataDrivenTest.createMultipleStudents - Creating student with FirstName: {0}, LastName: {1}, Email: {2}, Programme: {3}, Courses: {4}
20:46:09.912 [CreateStudentsDataDrivenTest-1-thread-11] DEBUG n.t.core.steps.StepInterceptor - STARTING STEP: CreateStudentsDataDrivenTest.createMultipleStudents - Creating student with FirstName: {0}, LastName: {1}, Email: {2}, Programme: {3}, Courses: {4}
20:46:09.913 [CreateStudentsDataDrivenTest-1-thread-3] DEBUG n.t.core.steps.StepInterceptor - STARTING STEP: CreateStudentsDataDrivenTest.createMultipleStudents - Creating student with FirstName: {0}, LastName: {1}, Email: {2}, Programme: {3}, Courses: {4}
20:46:09.913 [CreateStudentsDataDrivenTest-1-thread-13] DEBUG n.t.core.steps.StepInterceptor - STARTING STEP: CreateStudentsDataDrivenTest.createMultipleStudents - Creating student with FirstName: {0}, LastName: {1}, Email: {2}, Programme: {3}, Courses: {4}
20:46:09.913 [CreateStudentsDataDrivenTest-1-thread-10] DEBUG n.t.core.steps.StepInterceptor - STARTING STEP: CreateStudentsDataDrivenTest.createMultipleStudents - Creating student with FirstName: {0}, LastName: {1}, Email: {2}, Programme: {3}, Courses: {4}
20:46:17.516 [CreateStudentsDataDrivenTest-1-thread-12] DEBUG o.a.h.i.c.BasicClientConnectionManager - Get connection for route {}->http://localhost:8085
20:46:17.516 [CreateStudentsDataDrivenTest-1-thread-13] DEBUG o.a.h.i.c.BasicClientConnectionManager - Get connection for route {}->http://localhost:8085
20:46:17.516 [CreateStudentsDataDrivenTest-1-thread-8] DEBUG o.a.h.i.c.BasicClientConnectionManager - Get connection for route {}->http://localhost:8085
20:46:17.516 [CreateStudentsDataDrivenTest-1-thread-14] DEBUG o.a.h.i.c.BasicClientConnectionManager - Get connection for route {}->http://localhost:8085
20:46:17.517 [CreateStudentsDataDrivenTest-1-thread-6] DEBUG o.a.h.i.c.BasicClientConnectionManager - Get connection for route {}->http://localhost:8085
20:46:17.517 [CreateStudentsDataDrivenTest-1-thread-5] DEBUG o.a.h.i.c.BasicClientConnectionManager - Get connection for route {}->http://localhost:8085
20:46:17.516 [CreateStudentsDataDrivenTest-1-thread-3] DEBUG o.a.h.i.c.BasicClientConnectionManager - Get connection for route {}->http://localhost:8085
20:46:17.517 [CreateStudentsDataDrivenTest-1-thread-15] DEBUG o.a.h.i.c.BasicClientConnectionManager - Get connection for route {}->http://localhost:8085
20:46:17.517 [CreateStudentsDataDrivenTest-1-thread-16] DEBUG o.a.h.i.c.BasicClientConnectionManager - Get connection for route {}->http://localhost:8085
20:46:17.517 [CreateStudentsDataDrivenTest-1-thread-2] DEBUG o.a.h.i.c.BasicClientConnectionManager - Get connection for route {}->http://localhost:8085
20:46:17.517 [CreateStudentsDataDrivenTest-1-thread-10] DEBUG o.a.h.i.c.BasicClientConnectionManager - Get connection for route {}->http://localhost:8085
20:46:17.521 [CreateStudentsDataDrivenTest-1-thread-1] DEBUG o.a.h.i.c.BasicClientConnectionManager - Get connection for route {}->http://localhost:8085
20:46:17.521 [CreateStudentsDataDrivenTest-1-thread-9] DEBUG o.a.h.i.c.BasicClientConnectionManager - Get connection for route {}->http://localhost:8085
20:46:17.521 [CreateStudentsDataDrivenTest-1-thread-11] DEBUG o.a.h.i.c.BasicClientConnectionManager - Get connection for route {}->http://localhost:8085
20:46:17.521 [CreateStudentsDataDrivenTest-1-thread-7] DEBUG o.a.h.i.c.BasicClientConnectionManager - Get connection for route {}->http://localhost:8085
20:46:17.521 [CreateStudentsDataDrivenTest-1-thread-4] DEBUG o.a.h.i.c.BasicClientConnectionManager - Get connection for route {}->http://localhost:8085
20:46:17.555 [CreateStudentsDataDrivenTest-1-thread-13] DEBUG o.a.h.i.c.DefaultClientConnectionOperator - Connecting to localhost:8085
20:46:17.555 [CreateStudentsDataDrivenTest-1-thread-7] DEBUG o.a.h.i.c.DefaultClientConnectionOperator - Connecting to localhost:8085
20:46:17.555 [CreateStudentsDataDrivenTest-1-thread-15] DEBUG o.a.h.i.c.DefaultClientConnectionOperator - Connecting to localhost:8085
20:46:17.556 [CreateStudentsDataDrivenTest-1-thread-1] DEBUG o.a.h.i.c.DefaultClientConnectionOperator - Connecting to localhost:8085
20:46:17.555 [CreateStudentsDataDrivenTest-1-thread-14] DEBUG o.a.h.i.c.DefaultClientConnectionOperator - Connecting to localhost:8085
20:46:17.556 [CreateStudentsDataDrivenTest-1-thread-5] DEBUG o.a.h.i.c.DefaultClientConnectionOperator - Connecting to localhost:8085
20:46:17.556 [CreateStudentsDataDrivenTest-1-thread-11] DEBUG o.a.h.i.c.DefaultClientConnectionOperator - Connecting to localhost:8085
20:46:17.556 [CreateStudentsDataDrivenTest-1-thread-16] DEBUG o.a.h.i.c.DefaultClientConnectionOperator - Connecting to localhost:8085
20:46:17.557 [CreateStudentsDataDrivenTest-1-thread-6] DEBUG o.a.h.i.c.DefaultClientConnectionOperator - Connecting to localhost:8085
20:46:17.558 [CreateStudentsDataDrivenTest-1-thread-2] DEBUG o.a.h.i.c.DefaultClientConnectionOperator - Connecting to localhost:8085
20:46:17.560 [CreateStudentsDataDrivenTest-1-thread-4] DEBUG o.a.h.i.c.DefaultClientConnectionOperator - Connecting to localhost:8085
20:46:17.560 [CreateStudentsDataDrivenTest-1-thread-9] DEBUG o.a.h.i.c.DefaultClientConnectionOperator - Connecting to localhost:8085
20:46:17.561 [CreateStudentsDataDrivenTest-1-thread-10] DEBUG o.a.h.i.c.DefaultClientConnectionOperator - Connecting to localhost:8085
20:46:17.562 [CreateStudentsDataDrivenTest-1-thread-8] DEBUG o.a.h.i.c.DefaultClientConnectionOperator - Connecting to localhost:8085
20:46:17.563 [CreateStudentsDataDrivenTest-1-thread-3] DEBUG o.a.h.i.c.DefaultClientConnectionOperator - Connecting to localhost:8085
20:46:17.569 [CreateStudentsDataDrivenTest-1-thread-12] DEBUG o.a.h.i.c.DefaultClientConnectionOperator - Connecting to localhost:8085
20:46:17.586 [CreateStudentsDataDrivenTest-1-thread-10] DEBUG o.a.h.c.protocol.RequestAddCookies - CookieSpec selected: ignoreCookies
20:46:17.586 [CreateStudentsDataDrivenTest-1-thread-8] DEBUG o.a.h.c.protocol.RequestAddCookies - CookieSpec selected: ignoreCookies
20:46:17.587 [CreateStudentsDataDrivenTest-1-thread-4] DEBUG o.a.h.c.protocol.RequestAddCookies - CookieSpec selected: ignoreCookies
20:46:17.587 [CreateStudentsDataDrivenTest-1-thread-3] DEBUG o.a.h.c.protocol.RequestAddCookies - CookieSpec selected: ignoreCookies
20:46:17.587 [CreateStudentsDataDrivenTest-1-thread-6] DEBUG o.a.h.c.protocol.RequestAddCookies - CookieSpec selected: ignoreCookies
20:46:17.587 [CreateStudentsDataDrivenTest-1-thread-16] DEBUG o.a.h.c.protocol.RequestAddCookies - CookieSpec selected: ignoreCookies
20:46:17.587 [CreateStudentsDataDrivenTest-1-thread-11] DEBUG o.a.h.c.protocol.RequestAddCookies - CookieSpec selected: ignoreCookies
20:46:17.587 [CreateStudentsDataDrivenTest-1-thread-5] DEBUG o.a.h.c.protocol.RequestAddCookies - CookieSpec selected: ignoreCookies
20:46:17.587 [CreateStudentsDataDrivenTest-1-thread-12] DEBUG o.a.h.c.protocol.RequestAddCookies - CookieSpec selected: ignoreCookies
20:46:17.587 [CreateStudentsDataDrivenTest-1-thread-9] DEBUG o.a.h.c.protocol.RequestAddCookies - CookieSpec selected: ignoreCookies
20:46:17.588 [CreateStudentsDataDrivenTest-1-thread-2] DEBUG o.a.h.c.protocol.RequestAddCookies - CookieSpec selected: ignoreCookies
20:46:17.588 [CreateStudentsDataDrivenTest-1-thread-2] DEBUG o.a.h.c.protocol.RequestAuthCache - Auth cache not set in the context
20:46:17.588 [CreateStudentsDataDrivenTest-1-thread-7] DEBUG o.a.h.c.protocol.RequestAddCookies - CookieSpec selected: ignoreCookies
20:46:17.588 [CreateStudentsDataDrivenTest-1-thread-7] DEBUG o.a.h.c.protocol.RequestAuthCache - Auth cache not set in the context
20:46:17.588 [CreateStudentsDataDrivenTest-1-thread-2] DEBUG o.a.h.c.p.RequestTargetAuthentication - Target auth state: UNCHALLENGED
20:46:17.588 [CreateStudentsDataDrivenTest-1-thread-7] DEBUG o.a.h.c.p.RequestTargetAuthentication - Target auth state: UNCHALLENGED
20:46:17.589 [CreateStudentsDataDrivenTest-1-thread-14] DEBUG o.a.h.c.protocol.RequestAddCookies - CookieSpec selected: ignoreCookies
20:46:17.589 [CreateStudentsDataDrivenTest-1-thread-14] DEBUG o.a.h.c.protocol.RequestAuthCache - Auth cache not set in the context
20:46:17.589 [CreateStudentsDataDrivenTest-1-thread-14] DEBUG o.a.h.c.p.RequestTargetAuthentication - Target auth state: UNCHALLENGED
20:46:17.588 [CreateStudentsDataDrivenTest-1-thread-11] DEBUG o.a.h.c.protocol.RequestAuthCache - Auth cache not set in the context
20:46:17.589 [CreateStudentsDataDrivenTest-1-thread-11] DEBUG o.a.h.c.p.RequestTargetAuthentication - Target auth state: UNCHALLENGED
20:46:17.589 [CreateStudentsDataDrivenTest-1-thread-11] DEBUG o.a.h.c.p.RequestProxyAuthentication - Proxy auth state: UNCHALLENGED
20:46:17.590 [CreateStudentsDataDrivenTest-1-thread-11] DEBUG o.a.h.impl.client.DefaultHttpClient - Attempt 1 to execute request
20:46:17.590 [CreateStudentsDataDrivenTest-1-thread-11] DEBUG o.a.h.i.conn.DefaultClientConnection - Sending request: POST /student HTTP/1.1
20:46:17.590 [CreateStudentsDataDrivenTest-1-thread-11] DEBUG org.apache.http.wire -  >> "POST /student HTTP/1.1[\r][\n]"
20:46:17.589 [CreateStudentsDataDrivenTest-1-thread-13] DEBUG o.a.h.c.protocol.RequestAddCookies - CookieSpec selected: ignoreCookies
20:46:17.591 [CreateStudentsDataDrivenTest-1-thread-15] DEBUG o.a.h.c.protocol.RequestAddCookies - CookieSpec selected: ignoreCookies
20:46:17.591 [CreateStudentsDataDrivenTest-1-thread-13] DEBUG o.a.h.c.protocol.RequestAuthCache - Auth cache not set in the context
20:46:17.591 [CreateStudentsDataDrivenTest-1-thread-15] DEBUG o.a.h.c.protocol.RequestAuthCache - Auth cache not set in the context
20:46:17.591 [CreateStudentsDataDrivenTest-1-thread-13] DEBUG o.a.h.c.p.RequestTargetAuthentication - Target auth state: UNCHALLENGED
20:46:17.591 [CreateStudentsDataDrivenTest-1-thread-15] DEBUG o.a.h.c.p.RequestTargetAuthentication - Target auth state: UNCHALLENGED
20:46:17.591 [CreateStudentsDataDrivenTest-1-thread-13] DEBUG o.a.h.c.p.RequestProxyAuthentication - Proxy auth state: UNCHALLENGED
20:46:17.591 [CreateStudentsDataDrivenTest-1-thread-15] DEBUG o.a.h.c.p.RequestProxyAuthentication - Proxy auth state: UNCHALLENGED
20:46:17.591 [CreateStudentsDataDrivenTest-1-thread-13] DEBUG o.a.h.impl.client.DefaultHttpClient - Attempt 1 to execute request
20:46:17.591 [CreateStudentsDataDrivenTest-1-thread-15] DEBUG o.a.h.impl.client.DefaultHttpClient - Attempt 1 to execute request
20:46:17.591 [CreateStudentsDataDrivenTest-1-thread-13] DEBUG o.a.h.i.conn.DefaultClientConnection - Sending request: POST /student HTTP/1.1
20:46:17.591 [CreateStudentsDataDrivenTest-1-thread-15] DEBUG o.a.h.i.conn.DefaultClientConnection - Sending request: POST /student HTTP/1.1
20:46:17.591 [CreateStudentsDataDrivenTest-1-thread-13] DEBUG org.apache.http.wire -  >> "POST /student HTTP/1.1[\r][\n]"
20:46:17.591 [CreateStudentsDataDrivenTest-1-thread-15] DEBUG org.apache.http.wire -  >> "POST /student HTTP/1.1[\r][\n]"
20:46:17.589 [CreateStudentsDataDrivenTest-1-thread-8] DEBUG o.a.h.c.protocol.RequestAuthCache - Auth cache not set in the context
20:46:17.591 [CreateStudentsDataDrivenTest-1-thread-4] DEBUG o.a.h.c.protocol.RequestAuthCache - Auth cache not set in the context
20:46:17.591 [CreateStudentsDataDrivenTest-1-thread-14] DEBUG o.a.h.c.p.RequestProxyAuthentication - Proxy auth state: UNCHALLENGED
20:46:17.591 [CreateStudentsDataDrivenTest-1-thread-14] DEBUG o.a.h.impl.client.DefaultHttpClient - Attempt 1 to execute request
20:46:17.591 [CreateStudentsDataDrivenTest-1-thread-14] DEBUG o.a.h.i.conn.DefaultClientConnection - Sending request: POST /student HTTP/1.1
20:46:17.591 [CreateStudentsDataDrivenTest-1-thread-14] DEBUG org.apache.http.wire -  >> "POST /student HTTP/1.1[\r][\n]"
20:46:17.591 [CreateStudentsDataDrivenTest-1-thread-4] DEBUG o.a.h.c.p.RequestTargetAuthentication - Target auth state: UNCHALLENGED
20:46:17.591 [CreateStudentsDataDrivenTest-1-thread-4] DEBUG o.a.h.c.p.RequestProxyAuthentication - Proxy auth state: UNCHALLENGED
20:46:17.591 [CreateStudentsDataDrivenTest-1-thread-4] DEBUG o.a.h.impl.client.DefaultHttpClient - Attempt 1 to execute request
20:46:17.591 [CreateStudentsDataDrivenTest-1-thread-4] DEBUG o.a.h.i.conn.DefaultClientConnection - Sending request: POST /student HTTP/1.1
20:46:17.591 [CreateStudentsDataDrivenTest-1-thread-4] DEBUG org.apache.http.wire -  >> "POST /student HTTP/1.1[\r][\n]"
20:46:17.591 [CreateStudentsDataDrivenTest-1-thread-12] DEBUG o.a.h.c.protocol.RequestAuthCache - Auth cache not set in the context
20:46:17.591 [CreateStudentsDataDrivenTest-1-thread-12] DEBUG o.a.h.c.p.RequestTargetAuthentication - Target auth state: UNCHALLENGED
20:46:17.591 [CreateStudentsDataDrivenTest-1-thread-12] DEBUG o.a.h.c.p.RequestProxyAuthentication - Proxy auth state: UNCHALLENGED
20:46:17.591 [CreateStudentsDataDrivenTest-1-thread-12] DEBUG o.a.h.impl.client.DefaultHttpClient - Attempt 1 to execute request
20:46:17.591 [CreateStudentsDataDrivenTest-1-thread-12] DEBUG o.a.h.i.conn.DefaultClientConnection - Sending request: POST /student HTTP/1.1
20:46:17.591 [CreateStudentsDataDrivenTest-1-thread-12] DEBUG org.apache.http.wire -  >> "POST /student HTTP/1.1[\r][\n]"
20:46:17.591 [CreateStudentsDataDrivenTest-1-thread-1] DEBUG o.a.h.c.protocol.RequestAddCookies - CookieSpec selected: ignoreCookies
20:46:17.592 [CreateStudentsDataDrivenTest-1-thread-1] DEBUG o.a.h.c.protocol.RequestAuthCache - Auth cache not set in the context
20:46:17.592 [CreateStudentsDataDrivenTest-1-thread-1] DEBUG o.a.h.c.p.RequestTargetAuthentication - Target auth state: UNCHALLENGED
20:46:17.592 [CreateStudentsDataDrivenTest-1-thread-1] DEBUG o.a.h.c.p.RequestProxyAuthentication - Proxy auth state: UNCHALLENGED
20:46:17.592 [CreateStudentsDataDrivenTest-1-thread-1] DEBUG o.a.h.impl.client.DefaultHttpClient - Attempt 1 to execute request
20:46:17.592 [CreateStudentsDataDrivenTest-1-thread-1] DEBUG o.a.h.i.conn.DefaultClientConnection - Sending request: POST /student HTTP/1.1
20:46:17.592 [CreateStudentsDataDrivenTest-1-thread-1] DEBUG org.apache.http.wire -  >> "POST /student HTTP/1.1[\r][\n]"
20:46:17.589 [CreateStudentsDataDrivenTest-1-thread-9] DEBUG o.a.h.c.protocol.RequestAuthCache - Auth cache not set in the context
20:46:17.592 [CreateStudentsDataDrivenTest-1-thread-9] DEBUG o.a.h.c.p.RequestTargetAuthentication - Target auth state: UNCHALLENGED
20:46:17.592 [CreateStudentsDataDrivenTest-1-thread-9] DEBUG o.a.h.c.p.RequestProxyAuthentication - Proxy auth state: UNCHALLENGED
20:46:17.592 [CreateStudentsDataDrivenTest-1-thread-9] DEBUG o.a.h.impl.client.DefaultHttpClient - Attempt 1 to execute request
20:46:17.592 [CreateStudentsDataDrivenTest-1-thread-9] DEBUG o.a.h.i.conn.DefaultClientConnection - Sending request: POST /student HTTP/1.1
20:46:17.592 [CreateStudentsDataDrivenTest-1-thread-9] DEBUG org.apache.http.wire -  >> "POST /student HTTP/1.1[\r][\n]"
20:46:17.592 [CreateStudentsDataDrivenTest-1-thread-3] DEBUG o.a.h.c.protocol.RequestAuthCache - Auth cache not set in the context
20:46:17.592 [CreateStudentsDataDrivenTest-1-thread-3] DEBUG o.a.h.c.p.RequestTargetAuthentication - Target auth state: UNCHALLENGED
20:46:17.592 [CreateStudentsDataDrivenTest-1-thread-3] DEBUG o.a.h.c.p.RequestProxyAuthentication - Proxy auth state: UNCHALLENGED
20:46:17.592 [CreateStudentsDataDrivenTest-1-thread-3] DEBUG o.a.h.impl.client.DefaultHttpClient - Attempt 1 to execute request
20:46:17.592 [CreateStudentsDataDrivenTest-1-thread-3] DEBUG o.a.h.i.conn.DefaultClientConnection - Sending request: POST /student HTTP/1.1
20:46:17.592 [CreateStudentsDataDrivenTest-1-thread-3] DEBUG org.apache.http.wire -  >> "POST /student HTTP/1.1[\r][\n]"
20:46:17.589 [CreateStudentsDataDrivenTest-1-thread-2] DEBUG o.a.h.c.p.RequestProxyAuthentication - Proxy auth state: UNCHALLENGED
20:46:17.593 [CreateStudentsDataDrivenTest-1-thread-2] DEBUG o.a.h.impl.client.DefaultHttpClient - Attempt 1 to execute request
20:46:17.593 [CreateStudentsDataDrivenTest-1-thread-2] DEBUG o.a.h.i.conn.DefaultClientConnection - Sending request: POST /student HTTP/1.1
20:46:17.593 [CreateStudentsDataDrivenTest-1-thread-2] DEBUG org.apache.http.wire -  >> "POST /student HTTP/1.1[\r][\n]"
20:46:17.593 [CreateStudentsDataDrivenTest-1-thread-16] DEBUG o.a.h.c.protocol.RequestAuthCache - Auth cache not set in the context
20:46:17.593 [CreateStudentsDataDrivenTest-1-thread-16] DEBUG o.a.h.c.p.RequestTargetAuthentication - Target auth state: UNCHALLENGED
20:46:17.593 [CreateStudentsDataDrivenTest-1-thread-16] DEBUG o.a.h.c.p.RequestProxyAuthentication - Proxy auth state: UNCHALLENGED
20:46:17.593 [CreateStudentsDataDrivenTest-1-thread-16] DEBUG o.a.h.impl.client.DefaultHttpClient - Attempt 1 to execute request
20:46:17.593 [CreateStudentsDataDrivenTest-1-thread-16] DEBUG o.a.h.i.conn.DefaultClientConnection - Sending request: POST /student HTTP/1.1
20:46:17.593 [CreateStudentsDataDrivenTest-1-thread-16] DEBUG org.apache.http.wire -  >> "POST /student HTTP/1.1[\r][\n]"
20:46:17.591 [CreateStudentsDataDrivenTest-1-thread-8] DEBUG o.a.h.c.p.RequestTargetAuthentication - Target auth state: UNCHALLENGED
20:46:17.593 [CreateStudentsDataDrivenTest-1-thread-8] DEBUG o.a.h.c.p.RequestProxyAuthentication - Proxy auth state: UNCHALLENGED
20:46:17.593 [CreateStudentsDataDrivenTest-1-thread-8] DEBUG o.a.h.impl.client.DefaultHttpClient - Attempt 1 to execute request
20:46:17.593 [CreateStudentsDataDrivenTest-1-thread-8] DEBUG o.a.h.i.conn.DefaultClientConnection - Sending request: POST /student HTTP/1.1
20:46:17.593 [CreateStudentsDataDrivenTest-1-thread-8] DEBUG org.apache.http.wire -  >> "POST /student HTTP/1.1[\r][\n]"
20:46:17.593 [CreateStudentsDataDrivenTest-1-thread-5] DEBUG o.a.h.c.protocol.RequestAuthCache - Auth cache not set in the context
20:46:17.593 [CreateStudentsDataDrivenTest-1-thread-5] DEBUG o.a.h.c.p.RequestTargetAuthentication - Target auth state: UNCHALLENGED
20:46:17.594 [CreateStudentsDataDrivenTest-1-thread-5] DEBUG o.a.h.c.p.RequestProxyAuthentication - Proxy auth state: UNCHALLENGED
20:46:17.594 [CreateStudentsDataDrivenTest-1-thread-5] DEBUG o.a.h.impl.client.DefaultHttpClient - Attempt 1 to execute request
20:46:17.594 [CreateStudentsDataDrivenTest-1-thread-5] DEBUG o.a.h.i.conn.DefaultClientConnection - Sending request: POST /student HTTP/1.1
20:46:17.594 [CreateStudentsDataDrivenTest-1-thread-5] DEBUG org.apache.http.wire -  >> "POST /student HTTP/1.1[\r][\n]"
20:46:17.594 [CreateStudentsDataDrivenTest-1-thread-6] DEBUG o.a.h.c.protocol.RequestAuthCache - Auth cache not set in the context
20:46:17.594 [CreateStudentsDataDrivenTest-1-thread-6] DEBUG o.a.h.c.p.RequestTargetAuthentication - Target auth state: UNCHALLENGED
20:46:17.594 [CreateStudentsDataDrivenTest-1-thread-6] DEBUG o.a.h.c.p.RequestProxyAuthentication - Proxy auth state: UNCHALLENGED
20:46:17.594 [CreateStudentsDataDrivenTest-1-thread-6] DEBUG o.a.h.impl.client.DefaultHttpClient - Attempt 1 to execute request
20:46:17.594 [CreateStudentsDataDrivenTest-1-thread-6] DEBUG o.a.h.i.conn.DefaultClientConnection - Sending request: POST /student HTTP/1.1
20:46:17.594 [CreateStudentsDataDrivenTest-1-thread-6] DEBUG org.apache.http.wire -  >> "POST /student HTTP/1.1[\r][\n]"
20:46:17.594 [CreateStudentsDataDrivenTest-1-thread-10] DEBUG o.a.h.c.protocol.RequestAuthCache - Auth cache not set in the context
20:46:17.594 [CreateStudentsDataDrivenTest-1-thread-10] DEBUG o.a.h.c.p.RequestTargetAuthentication - Target auth state: UNCHALLENGED
20:46:17.594 [CreateStudentsDataDrivenTest-1-thread-10] DEBUG o.a.h.c.p.RequestProxyAuthentication - Proxy auth state: UNCHALLENGED
20:46:17.594 [CreateStudentsDataDrivenTest-1-thread-10] DEBUG o.a.h.impl.client.DefaultHttpClient - Attempt 1 to execute request
20:46:17.594 [CreateStudentsDataDrivenTest-1-thread-10] DEBUG o.a.h.i.conn.DefaultClientConnection - Sending request: POST /student HTTP/1.1
20:46:17.594 [CreateStudentsDataDrivenTest-1-thread-10] DEBUG org.apache.http.wire -  >> "POST /student HTTP/1.1[\r][\n]"
20:46:17.598 [CreateStudentsDataDrivenTest-1-thread-13] DEBUG org.apache.http.wire -  >> "Accept: */*[\r][\n]"
20:46:17.598 [CreateStudentsDataDrivenTest-1-thread-14] DEBUG org.apache.http.wire -  >> "Accept: */*[\r][\n]"
20:46:17.598 [CreateStudentsDataDrivenTest-1-thread-14] DEBUG org.apache.http.wire -  >> "Content-Type: application/json; charset=UTF-8[\r][\n]"
20:46:17.598 [CreateStudentsDataDrivenTest-1-thread-14] DEBUG org.apache.http.wire -  >> "Content-Length: 131[\r][\n]"
20:46:17.598 [CreateStudentsDataDrivenTest-1-thread-14] DEBUG org.apache.http.wire -  >> "Host: localhost:8085[\r][\n]"
20:46:17.598 [CreateStudentsDataDrivenTest-1-thread-14] DEBUG org.apache.http.wire -  >> "Connection: Keep-Alive[\r][\n]"
20:46:17.598 [CreateStudentsDataDrivenTest-1-thread-14] DEBUG org.apache.http.wire -  >> "User-Agent: Apache-HttpClient/4.5.13 (Java/11.0.20)[\r][\n]"
20:46:17.598 [CreateStudentsDataDrivenTest-1-thread-14] DEBUG org.apache.http.wire -  >> "Accept-Encoding: gzip,deflate[\r][\n]"
20:46:17.598 [CreateStudentsDataDrivenTest-1-thread-14] DEBUG org.apache.http.wire -  >> "[\r][\n]"
20:46:17.598 [CreateStudentsDataDrivenTest-1-thread-14] DEBUG org.apache.http.headers - >> POST /student HTTP/1.1
20:46:17.598 [CreateStudentsDataDrivenTest-1-thread-14] DEBUG org.apache.http.headers - >> Accept: */*
20:46:17.598 [CreateStudentsDataDrivenTest-1-thread-14] DEBUG org.apache.http.headers - >> Content-Type: application/json; charset=UTF-8
20:46:17.598 [CreateStudentsDataDrivenTest-1-thread-14] DEBUG org.apache.http.headers - >> Content-Length: 131
20:46:17.598 [CreateStudentsDataDrivenTest-1-thread-14] DEBUG org.apache.http.headers - >> Host: localhost:8085
20:46:17.598 [CreateStudentsDataDrivenTest-1-thread-14] DEBUG org.apache.http.headers - >> Connection: Keep-Alive
20:46:17.598 [CreateStudentsDataDrivenTest-1-thread-14] DEBUG org.apache.http.headers - >> User-Agent: Apache-HttpClient/4.5.13 (Java/11.0.20)
20:46:17.598 [CreateStudentsDataDrivenTest-1-thread-14] DEBUG org.apache.http.headers - >> Accept-Encoding: gzip,deflate
20:46:17.599 [CreateStudentsDataDrivenTest-1-thread-14] DEBUG org.apache.http.wire -  >> "{"id":0,"firstName":"Alfred","lastName":"Trewhella","email":"atrewhellad@blog.com","programme":"Computer Science","courses":["c#"]}"
20:46:17.599 [CreateStudentsDataDrivenTest-1-thread-8] DEBUG org.apache.http.wire -  >> "Accept: */*[\r][\n]"
20:46:17.599 [CreateStudentsDataDrivenTest-1-thread-8] DEBUG org.apache.http.wire -  >> "Content-Type: application/json; charset=UTF-8[\r][\n]"
20:46:17.599 [CreateStudentsDataDrivenTest-1-thread-8] DEBUG org.apache.http.wire -  >> "Content-Length: 120[\r][\n]"
20:46:17.599 [CreateStudentsDataDrivenTest-1-thread-8] DEBUG org.apache.http.wire -  >> "Host: localhost:8085[\r][\n]"
20:46:17.599 [CreateStudentsDataDrivenTest-1-thread-8] DEBUG org.apache.http.wire -  >> "Connection: Keep-Alive[\r][\n]"
20:46:17.599 [CreateStudentsDataDrivenTest-1-thread-8] DEBUG org.apache.http.wire -  >> "User-Agent: Apache-HttpClient/4.5.13 (Java/11.0.20)[\r][\n]"
20:46:17.599 [CreateStudentsDataDrivenTest-1-thread-8] DEBUG org.apache.http.wire -  >> "Accept-Encoding: gzip,deflate[\r][\n]"
20:46:17.599 [CreateStudentsDataDrivenTest-1-thread-8] DEBUG org.apache.http.wire -  >> "[\r][\n]"
20:46:17.599 [CreateStudentsDataDrivenTest-1-thread-13] DEBUG org.apache.http.wire -  >> "Content-Type: application/json; charset=UTF-8[\r][\n]"
20:46:17.598 [CreateStudentsDataDrivenTest-1-thread-16] DEBUG org.apache.http.wire -  >> "Accept: */*[\r][\n]"
20:46:17.600 [CreateStudentsDataDrivenTest-1-thread-10] DEBUG org.apache.http.wire -  >> "Accept: */*[\r][\n]"
20:46:17.600 [CreateStudentsDataDrivenTest-1-thread-16] DEBUG org.apache.http.wire -  >> "Content-Type: application/json; charset=UTF-8[\r][\n]"
20:46:17.600 [CreateStudentsDataDrivenTest-1-thread-10] DEBUG org.apache.http.wire -  >> "Content-Type: application/json; charset=UTF-8[\r][\n]"
20:46:17.600 [CreateStudentsDataDrivenTest-1-thread-16] DEBUG org.apache.http.wire -  >> "Content-Length: 127[\r][\n]"
20:46:17.600 [CreateStudentsDataDrivenTest-1-thread-10] DEBUG org.apache.http.wire -  >> "Content-Length: 133[\r][\n]"
20:46:17.600 [CreateStudentsDataDrivenTest-1-thread-16] DEBUG org.apache.http.wire -  >> "Host: localhost:8085[\r][\n]"
20:46:17.600 [CreateStudentsDataDrivenTest-1-thread-10] DEBUG org.apache.http.wire -  >> "Host: localhost:8085[\r][\n]"
20:46:17.600 [CreateStudentsDataDrivenTest-1-thread-16] DEBUG org.apache.http.wire -  >> "Connection: Keep-Alive[\r][\n]"
20:46:17.600 [CreateStudentsDataDrivenTest-1-thread-10] DEBUG org.apache.http.wire -  >> "Connection: Keep-Alive[\r][\n]"
20:46:17.600 [CreateStudentsDataDrivenTest-1-thread-16] DEBUG org.apache.http.wire -  >> "User-Agent: Apache-HttpClient/4.5.13 (Java/11.0.20)[\r][\n]"
20:46:17.600 [CreateStudentsDataDrivenTest-1-thread-10] DEBUG org.apache.http.wire -  >> "User-Agent: Apache-HttpClient/4.5.13 (Java/11.0.20)[\r][\n]"
20:46:17.600 [CreateStudentsDataDrivenTest-1-thread-16] DEBUG org.apache.http.wire -  >> "Accept-Encoding: gzip,deflate[\r][\n]"
20:46:17.600 [CreateStudentsDataDrivenTest-1-thread-10] DEBUG org.apache.http.wire -  >> "Accept-Encoding: gzip,deflate[\r][\n]"
20:46:17.600 [CreateStudentsDataDrivenTest-1-thread-16] DEBUG org.apache.http.wire -  >> "[\r][\n]"
20:46:17.600 [CreateStudentsDataDrivenTest-1-thread-10] DEBUG org.apache.http.wire -  >> "[\r][\n]"
20:46:17.600 [CreateStudentsDataDrivenTest-1-thread-16] DEBUG org.apache.http.headers - >> POST /student HTTP/1.1
20:46:17.600 [CreateStudentsDataDrivenTest-1-thread-10] DEBUG org.apache.http.headers - >> POST /student HTTP/1.1
20:46:17.600 [CreateStudentsDataDrivenTest-1-thread-16] DEBUG org.apache.http.headers - >> Accept: */*
20:46:17.600 [CreateStudentsDataDrivenTest-1-thread-10] DEBUG org.apache.http.headers - >> Accept: */*
20:46:17.600 [CreateStudentsDataDrivenTest-1-thread-16] DEBUG org.apache.http.headers - >> Content-Type: application/json; charset=UTF-8
20:46:17.600 [CreateStudentsDataDrivenTest-1-thread-10] DEBUG org.apache.http.headers - >> Content-Type: application/json; charset=UTF-8
20:46:17.600 [CreateStudentsDataDrivenTest-1-thread-16] DEBUG org.apache.http.headers - >> Content-Length: 127
20:46:17.600 [CreateStudentsDataDrivenTest-1-thread-10] DEBUG org.apache.http.headers - >> Content-Length: 133
20:46:17.600 [CreateStudentsDataDrivenTest-1-thread-16] DEBUG org.apache.http.headers - >> Host: localhost:8085
20:46:17.600 [CreateStudentsDataDrivenTest-1-thread-10] DEBUG org.apache.http.headers - >> Host: localhost:8085
20:46:17.600 [CreateStudentsDataDrivenTest-1-thread-16] DEBUG org.apache.http.headers - >> Connection: Keep-Alive
20:46:17.600 [CreateStudentsDataDrivenTest-1-thread-10] DEBUG org.apache.http.headers - >> Connection: Keep-Alive
20:46:17.600 [CreateStudentsDataDrivenTest-1-thread-16] DEBUG org.apache.http.headers - >> User-Agent: Apache-HttpClient/4.5.13 (Java/11.0.20)
20:46:17.600 [CreateStudentsDataDrivenTest-1-thread-10] DEBUG org.apache.http.headers - >> User-Agent: Apache-HttpClient/4.5.13 (Java/11.0.20)
20:46:17.600 [CreateStudentsDataDrivenTest-1-thread-16] DEBUG org.apache.http.headers - >> Accept-Encoding: gzip,deflate
20:46:17.600 [CreateStudentsDataDrivenTest-1-thread-10] DEBUG org.apache.http.headers - >> Accept-Encoding: gzip,deflate
20:46:17.600 [CreateStudentsDataDrivenTest-1-thread-16] DEBUG org.apache.http.wire -  >> "{"id":0,"firstName":"Celinka","lastName":"Paulot","email":"cpaulotf@geocities.com","programme":"Electrical","courses":["java"]}"
20:46:17.600 [CreateStudentsDataDrivenTest-1-thread-10] DEBUG org.apache.http.wire -  >> "{"id":0,"firstName":"Alina","lastName":"Lickess","email":"alickess9@blinklist.com","programme":"Computer Science","courses":["java"]}"
20:46:17.600 [CreateStudentsDataDrivenTest-1-thread-8] DEBUG org.apache.http.headers - >> POST /student HTTP/1.1
20:46:17.600 [CreateStudentsDataDrivenTest-1-thread-8] DEBUG org.apache.http.headers - >> Accept: */*
20:46:17.600 [CreateStudentsDataDrivenTest-1-thread-8] DEBUG org.apache.http.headers - >> Content-Type: application/json; charset=UTF-8
20:46:17.600 [CreateStudentsDataDrivenTest-1-thread-8] DEBUG org.apache.http.headers - >> Content-Length: 120
20:46:17.600 [CreateStudentsDataDrivenTest-1-thread-8] DEBUG org.apache.http.headers - >> Host: localhost:8085
20:46:17.600 [CreateStudentsDataDrivenTest-1-thread-8] DEBUG org.apache.http.headers - >> Connection: Keep-Alive
20:46:17.601 [CreateStudentsDataDrivenTest-1-thread-8] DEBUG org.apache.http.headers - >> User-Agent: Apache-HttpClient/4.5.13 (Java/11.0.20)
20:46:17.601 [CreateStudentsDataDrivenTest-1-thread-8] DEBUG org.apache.http.headers - >> Accept-Encoding: gzip,deflate
20:46:17.601 [CreateStudentsDataDrivenTest-1-thread-8] DEBUG org.apache.http.wire -  >> "{"id":0,"firstName":"Belicia","lastName":"Nealy","email":"bnealy7@webs.com","programme":"Electrical","courses":["java"]}"
20:46:17.598 [CreateStudentsDataDrivenTest-1-thread-15] DEBUG org.apache.http.wire -  >> "Accept: */*[\r][\n]"
20:46:17.601 [CreateStudentsDataDrivenTest-1-thread-15] DEBUG org.apache.http.wire -  >> "Content-Type: application/json; charset=UTF-8[\r][\n]"
20:46:17.601 [CreateStudentsDataDrivenTest-1-thread-15] DEBUG org.apache.http.wire -  >> "Content-Length: 129[\r][\n]"
20:46:17.601 [CreateStudentsDataDrivenTest-1-thread-15] DEBUG org.apache.http.wire -  >> "Host: localhost:8085[\r][\n]"
20:46:17.601 [CreateStudentsDataDrivenTest-1-thread-15] DEBUG org.apache.http.wire -  >> "Connection: Keep-Alive[\r][\n]"
20:46:17.601 [CreateStudentsDataDrivenTest-1-thread-1] DEBUG org.apache.http.wire -  >> "Accept: */*[\r][\n]"
20:46:17.601 [CreateStudentsDataDrivenTest-1-thread-1] DEBUG org.apache.http.wire -  >> "Content-Type: application/json; charset=UTF-8[\r][\n]"
20:46:17.602 [CreateStudentsDataDrivenTest-1-thread-1] DEBUG org.apache.http.wire -  >> "Content-Length: 126[\r][\n]"
20:46:17.602 [CreateStudentsDataDrivenTest-1-thread-1] DEBUG org.apache.http.wire -  >> "Host: localhost:8085[\r][\n]"
20:46:17.602 [CreateStudentsDataDrivenTest-1-thread-1] DEBUG org.apache.http.wire -  >> "Connection: Keep-Alive[\r][\n]"
20:46:17.602 [CreateStudentsDataDrivenTest-1-thread-1] DEBUG org.apache.http.wire -  >> "User-Agent: Apache-HttpClient/4.5.13 (Java/11.0.20)[\r][\n]"
20:46:17.602 [CreateStudentsDataDrivenTest-1-thread-1] DEBUG org.apache.http.wire -  >> "Accept-Encoding: gzip,deflate[\r][\n]"
20:46:17.602 [CreateStudentsDataDrivenTest-1-thread-1] DEBUG org.apache.http.wire -  >> "[\r][\n]"
20:46:17.602 [CreateStudentsDataDrivenTest-1-thread-1] DEBUG org.apache.http.headers - >> POST /student HTTP/1.1
20:46:17.602 [CreateStudentsDataDrivenTest-1-thread-1] DEBUG org.apache.http.headers - >> Accept: */*
20:46:17.602 [CreateStudentsDataDrivenTest-1-thread-1] DEBUG org.apache.http.headers - >> Content-Type: application/json; charset=UTF-8
20:46:17.602 [CreateStudentsDataDrivenTest-1-thread-1] DEBUG org.apache.http.headers - >> Content-Length: 126
20:46:17.602 [CreateStudentsDataDrivenTest-1-thread-1] DEBUG org.apache.http.headers - >> Host: localhost:8085
20:46:17.602 [CreateStudentsDataDrivenTest-1-thread-1] DEBUG org.apache.http.headers - >> Connection: Keep-Alive
20:46:17.602 [CreateStudentsDataDrivenTest-1-thread-1] DEBUG org.apache.http.headers - >> User-Agent: Apache-HttpClient/4.5.13 (Java/11.0.20)
20:46:17.602 [CreateStudentsDataDrivenTest-1-thread-1] DEBUG org.apache.http.headers - >> Accept-Encoding: gzip,deflate
20:46:17.602 [CreateStudentsDataDrivenTest-1-thread-1] DEBUG org.apache.http.wire -  >> "{"id":0,"firstName":"Alfy","lastName":"Mapstone","email":"amapstone0@dyndns.org","programme":"Mechanical","courses":["scala"]}"
20:46:17.600 [CreateStudentsDataDrivenTest-1-thread-13] DEBUG org.apache.http.wire -  >> "Content-Length: 125[\r][\n]"
20:46:17.602 [CreateStudentsDataDrivenTest-1-thread-13] DEBUG org.apache.http.wire -  >> "Host: localhost:8085[\r][\n]"
20:46:17.602 [CreateStudentsDataDrivenTest-1-thread-13] DEBUG org.apache.http.wire -  >> "Connection: Keep-Alive[\r][\n]"
20:46:17.602 [CreateStudentsDataDrivenTest-1-thread-13] DEBUG org.apache.http.wire -  >> "User-Agent: Apache-HttpClient/4.5.13 (Java/11.0.20)[\r][\n]"
20:46:17.602 [CreateStudentsDataDrivenTest-1-thread-13] DEBUG org.apache.http.wire -  >> "Accept-Encoding: gzip,deflate[\r][\n]"
20:46:17.602 [CreateStudentsDataDrivenTest-1-thread-13] DEBUG org.apache.http.wire -  >> "[\r][\n]"
20:46:17.602 [CreateStudentsDataDrivenTest-1-thread-13] DEBUG org.apache.http.headers - >> POST /student HTTP/1.1
20:46:17.602 [CreateStudentsDataDrivenTest-1-thread-13] DEBUG org.apache.http.headers - >> Accept: */*
20:46:17.602 [CreateStudentsDataDrivenTest-1-thread-13] DEBUG org.apache.http.headers - >> Content-Type: application/json; charset=UTF-8
20:46:17.603 [CreateStudentsDataDrivenTest-1-thread-13] DEBUG org.apache.http.headers - >> Content-Length: 125
20:46:17.603 [CreateStudentsDataDrivenTest-1-thread-13] DEBUG org.apache.http.headers - >> Host: localhost:8085
20:46:17.603 [CreateStudentsDataDrivenTest-1-thread-13] DEBUG org.apache.http.headers - >> Connection: Keep-Alive
20:46:17.603 [CreateStudentsDataDrivenTest-1-thread-13] DEBUG org.apache.http.headers - >> User-Agent: Apache-HttpClient/4.5.13 (Java/11.0.20)
20:46:17.603 [CreateStudentsDataDrivenTest-1-thread-13] DEBUG org.apache.http.headers - >> Accept-Encoding: gzip,deflate
20:46:17.603 [CreateStudentsDataDrivenTest-1-thread-13] DEBUG org.apache.http.wire -  >> "{"id":0,"firstName":"Hakeem","lastName":"Prinett","email":"hprinettc@1688.com","programme":"Electrical","courses":["python"]}"
20:46:17.603 [CreateStudentsDataDrivenTest-1-thread-6] DEBUG org.apache.http.wire -  >> "Accept: */*[\r][\n]"
20:46:17.603 [CreateStudentsDataDrivenTest-1-thread-6] DEBUG org.apache.http.wire -  >> "Content-Type: application/json; charset=UTF-8[\r][\n]"
20:46:17.603 [CreateStudentsDataDrivenTest-1-thread-6] DEBUG org.apache.http.wire -  >> "Content-Length: 129[\r][\n]"
20:46:17.603 [CreateStudentsDataDrivenTest-1-thread-6] DEBUG org.apache.http.wire -  >> "Host: localhost:8085[\r][\n]"
20:46:17.608 [CreateStudentsDataDrivenTest-1-thread-6] DEBUG org.apache.http.wire -  >> "Connection: Keep-Alive[\r][\n]"
20:46:17.608 [CreateStudentsDataDrivenTest-1-thread-6] DEBUG org.apache.http.wire -  >> "User-Agent: Apache-HttpClient/4.5.13 (Java/11.0.20)[\r][\n]"
20:46:17.608 [CreateStudentsDataDrivenTest-1-thread-6] DEBUG org.apache.http.wire -  >> "Accept-Encoding: gzip,deflate[\r][\n]"
20:46:17.608 [CreateStudentsDataDrivenTest-1-thread-6] DEBUG org.apache.http.wire -  >> "[\r][\n]"
20:46:17.608 [CreateStudentsDataDrivenTest-1-thread-6] DEBUG org.apache.http.headers - >> POST /student HTTP/1.1
20:46:17.608 [CreateStudentsDataDrivenTest-1-thread-6] DEBUG org.apache.http.headers - >> Accept: */*
20:46:17.608 [CreateStudentsDataDrivenTest-1-thread-6] DEBUG org.apache.http.headers - >> Content-Type: application/json; charset=UTF-8
20:46:17.609 [CreateStudentsDataDrivenTest-1-thread-6] DEBUG org.apache.http.headers - >> Content-Length: 129
20:46:17.609 [CreateStudentsDataDrivenTest-1-thread-6] DEBUG org.apache.http.headers - >> Host: localhost:8085
20:46:17.609 [CreateStudentsDataDrivenTest-1-thread-6] DEBUG org.apache.http.headers - >> Connection: Keep-Alive
20:46:17.609 [CreateStudentsDataDrivenTest-1-thread-6] DEBUG org.apache.http.headers - >> User-Agent: Apache-HttpClient/4.5.13 (Java/11.0.20)
20:46:17.609 [CreateStudentsDataDrivenTest-1-thread-6] DEBUG org.apache.http.headers - >> Accept-Encoding: gzip,deflate
20:46:17.609 [CreateStudentsDataDrivenTest-1-thread-6] DEBUG org.apache.http.wire -  >> "{"id":0,"firstName":"Friedrick","lastName":"Siemens","email":"fsiemens5@soup.io","programme":"Computer Science","courses":["c#"]}"
20:46:17.601 [CreateStudentsDataDrivenTest-1-thread-4] DEBUG org.apache.http.wire -  >> "Accept: */*[\r][\n]"
20:46:17.609 [CreateStudentsDataDrivenTest-1-thread-4] DEBUG org.apache.http.wire -  >> "Content-Type: application/json; charset=UTF-8[\r][\n]"
20:46:17.609 [CreateStudentsDataDrivenTest-1-thread-4] DEBUG org.apache.http.wire -  >> "Content-Length: 124[\r][\n]"
20:46:17.609 [CreateStudentsDataDrivenTest-1-thread-4] DEBUG org.apache.http.wire -  >> "Host: localhost:8085[\r][\n]"
20:46:17.609 [CreateStudentsDataDrivenTest-1-thread-4] DEBUG org.apache.http.wire -  >> "Connection: Keep-Alive[\r][\n]"
20:46:17.609 [CreateStudentsDataDrivenTest-1-thread-4] DEBUG org.apache.http.wire -  >> "User-Agent: Apache-HttpClient/4.5.13 (Java/11.0.20)[\r][\n]"
20:46:17.609 [CreateStudentsDataDrivenTest-1-thread-4] DEBUG org.apache.http.wire -  >> "Accept-Encoding: gzip,deflate[\r][\n]"
20:46:17.609 [CreateStudentsDataDrivenTest-1-thread-4] DEBUG org.apache.http.wire -  >> "[\r][\n]"
20:46:17.609 [CreateStudentsDataDrivenTest-1-thread-4] DEBUG org.apache.http.headers - >> POST /student HTTP/1.1
20:46:17.609 [CreateStudentsDataDrivenTest-1-thread-4] DEBUG org.apache.http.headers - >> Accept: */*
20:46:17.609 [CreateStudentsDataDrivenTest-1-thread-4] DEBUG org.apache.http.headers - >> Content-Type: application/json; charset=UTF-8
20:46:17.609 [CreateStudentsDataDrivenTest-1-thread-4] DEBUG org.apache.http.headers - >> Content-Length: 124
20:46:17.609 [CreateStudentsDataDrivenTest-1-thread-4] DEBUG org.apache.http.headers - >> Host: localhost:8085
20:46:17.609 [CreateStudentsDataDrivenTest-1-thread-4] DEBUG org.apache.http.headers - >> Connection: Keep-Alive
20:46:17.609 [CreateStudentsDataDrivenTest-1-thread-4] DEBUG org.apache.http.headers - >> User-Agent: Apache-HttpClient/4.5.13 (Java/11.0.20)
20:46:17.609 [CreateStudentsDataDrivenTest-1-thread-4] DEBUG org.apache.http.headers - >> Accept-Encoding: gzip,deflate
20:46:17.609 [CreateStudentsDataDrivenTest-1-thread-4] DEBUG org.apache.http.wire -  >> "{"id":0,"firstName":"Curry","lastName":"Vlasin","email":"cvlasin3@deviantart.com","programme":"Mechanical","courses":["c#"]}"
20:46:17.611 [CreateStudentsDataDrivenTest-1-thread-15] DEBUG org.apache.http.wire -  >> "User-Agent: Apache-HttpClient/4.5.13 (Java/11.0.20)[\r][\n]"
20:46:17.611 [CreateStudentsDataDrivenTest-1-thread-15] DEBUG org.apache.http.wire -  >> "Accept-Encoding: gzip,deflate[\r][\n]"
20:46:17.611 [CreateStudentsDataDrivenTest-1-thread-15] DEBUG org.apache.http.wire -  >> "[\r][\n]"
20:46:17.611 [CreateStudentsDataDrivenTest-1-thread-15] DEBUG org.apache.http.headers - >> POST /student HTTP/1.1
20:46:17.611 [CreateStudentsDataDrivenTest-1-thread-15] DEBUG org.apache.http.headers - >> Accept: */*
20:46:17.611 [CreateStudentsDataDrivenTest-1-thread-15] DEBUG org.apache.http.headers - >> Content-Type: application/json; charset=UTF-8
20:46:17.611 [CreateStudentsDataDrivenTest-1-thread-15] DEBUG org.apache.http.headers - >> Content-Length: 129
20:46:17.611 [CreateStudentsDataDrivenTest-1-thread-15] DEBUG org.apache.http.headers - >> Host: localhost:8085
20:46:17.611 [CreateStudentsDataDrivenTest-1-thread-15] DEBUG org.apache.http.headers - >> Connection: Keep-Alive
20:46:17.611 [CreateStudentsDataDrivenTest-1-thread-15] DEBUG org.apache.http.headers - >> User-Agent: Apache-HttpClient/4.5.13 (Java/11.0.20)
20:46:17.612 [CreateStudentsDataDrivenTest-1-thread-15] DEBUG org.apache.http.headers - >> Accept-Encoding: gzip,deflate
20:46:17.612 [CreateStudentsDataDrivenTest-1-thread-15] DEBUG org.apache.http.wire -  >> "{"id":0,"firstName":"Alverta","lastName":"Entissle","email":"aentisslee@angelfire.com","programme":"Electrical","courses":["c#"]}"
20:46:17.613 [CreateStudentsDataDrivenTest-1-thread-11] DEBUG org.apache.http.wire -  >> "Accept: */*[\r][\n]"
20:46:17.613 [CreateStudentsDataDrivenTest-1-thread-11] DEBUG org.apache.http.wire -  >> "Content-Type: application/json; charset=UTF-8[\r][\n]"
20:46:17.613 [CreateStudentsDataDrivenTest-1-thread-11] DEBUG org.apache.http.wire -  >> "Content-Length: 129[\r][\n]"
20:46:17.613 [CreateStudentsDataDrivenTest-1-thread-11] DEBUG org.apache.http.wire -  >> "Host: localhost:8085[\r][\n]"
20:46:17.613 [CreateStudentsDataDrivenTest-1-thread-11] DEBUG org.apache.http.wire -  >> "Connection: Keep-Alive[\r][\n]"
20:46:17.613 [CreateStudentsDataDrivenTest-1-thread-11] DEBUG org.apache.http.wire -  >> "User-Agent: Apache-HttpClient/4.5.13 (Java/11.0.20)[\r][\n]"
20:46:17.613 [CreateStudentsDataDrivenTest-1-thread-11] DEBUG org.apache.http.wire -  >> "Accept-Encoding: gzip,deflate[\r][\n]"
20:46:17.613 [CreateStudentsDataDrivenTest-1-thread-11] DEBUG org.apache.http.wire -  >> "[\r][\n]"
20:46:17.614 [CreateStudentsDataDrivenTest-1-thread-11] DEBUG org.apache.http.headers - >> POST /student HTTP/1.1
20:46:17.614 [CreateStudentsDataDrivenTest-1-thread-11] DEBUG org.apache.http.headers - >> Accept: */*
20:46:17.614 [CreateStudentsDataDrivenTest-1-thread-11] DEBUG org.apache.http.headers - >> Content-Type: application/json; charset=UTF-8
20:46:17.614 [CreateStudentsDataDrivenTest-1-thread-11] DEBUG org.apache.http.headers - >> Content-Length: 129
20:46:17.614 [CreateStudentsDataDrivenTest-1-thread-11] DEBUG org.apache.http.headers - >> Host: localhost:8085
20:46:17.614 [CreateStudentsDataDrivenTest-1-thread-11] DEBUG org.apache.http.headers - >> Connection: Keep-Alive
20:46:17.614 [CreateStudentsDataDrivenTest-1-thread-11] DEBUG org.apache.http.headers - >> User-Agent: Apache-HttpClient/4.5.13 (Java/11.0.20)
20:46:17.614 [CreateStudentsDataDrivenTest-1-thread-11] DEBUG org.apache.http.headers - >> Accept-Encoding: gzip,deflate
20:46:17.614 [CreateStudentsDataDrivenTest-1-thread-11] DEBUG org.apache.http.wire -  >> "{"id":0,"firstName":"Max","lastName":"O'Moylane","email":"momoylanea@joomla.org","programme":"Computer Science","courses":["c#"]}"
20:46:17.601 [CreateStudentsDataDrivenTest-1-thread-9] DEBUG org.apache.http.wire -  >> "Accept: */*[\r][\n]"
20:46:17.615 [CreateStudentsDataDrivenTest-1-thread-9] DEBUG org.apache.http.wire -  >> "Content-Type: application/json; charset=UTF-8[\r][\n]"
20:46:17.615 [CreateStudentsDataDrivenTest-1-thread-9] DEBUG org.apache.http.wire -  >> "Content-Length: 133[\r][\n]"
20:46:17.615 [CreateStudentsDataDrivenTest-1-thread-9] DEBUG org.apache.http.wire -  >> "Host: localhost:8085[\r][\n]"
20:46:17.615 [CreateStudentsDataDrivenTest-1-thread-9] DEBUG org.apache.http.wire -  >> "Connection: Keep-Alive[\r][\n]"
20:46:17.615 [CreateStudentsDataDrivenTest-1-thread-9] DEBUG org.apache.http.wire -  >> "User-Agent: Apache-HttpClient/4.5.13 (Java/11.0.20)[\r][\n]"
20:46:17.615 [CreateStudentsDataDrivenTest-1-thread-9] DEBUG org.apache.http.wire -  >> "Accept-Encoding: gzip,deflate[\r][\n]"
20:46:17.615 [CreateStudentsDataDrivenTest-1-thread-9] DEBUG org.apache.http.wire -  >> "[\r][\n]"
20:46:17.615 [CreateStudentsDataDrivenTest-1-thread-9] DEBUG org.apache.http.headers - >> POST /student HTTP/1.1
20:46:17.615 [CreateStudentsDataDrivenTest-1-thread-9] DEBUG org.apache.http.headers - >> Accept: */*
20:46:17.615 [CreateStudentsDataDrivenTest-1-thread-9] DEBUG org.apache.http.headers - >> Content-Type: application/json; charset=UTF-8
20:46:17.615 [CreateStudentsDataDrivenTest-1-thread-9] DEBUG org.apache.http.headers - >> Content-Length: 133
20:46:17.615 [CreateStudentsDataDrivenTest-1-thread-9] DEBUG org.apache.http.headers - >> Host: localhost:8085
20:46:17.615 [CreateStudentsDataDrivenTest-1-thread-9] DEBUG org.apache.http.headers - >> Connection: Keep-Alive
20:46:17.615 [CreateStudentsDataDrivenTest-1-thread-9] DEBUG org.apache.http.headers - >> User-Agent: Apache-HttpClient/4.5.13 (Java/11.0.20)
20:46:17.615 [CreateStudentsDataDrivenTest-1-thread-9] DEBUG org.apache.http.headers - >> Accept-Encoding: gzip,deflate
20:46:17.615 [CreateStudentsDataDrivenTest-1-thread-9] DEBUG org.apache.http.wire -  >> "{"id":0,"firstName":"Alvin","lastName":"Gheerhaert","email":"agheerhaert8@ca.gov","programme":"Computer Science","courses":["scala"]}"
20:46:17.615 [CreateStudentsDataDrivenTest-1-thread-12] DEBUG org.apache.http.wire -  >> "Accept: */*[\r][\n]"
20:46:17.618 [CreateStudentsDataDrivenTest-1-thread-12] DEBUG org.apache.http.wire -  >> "Content-Type: application/json; charset=UTF-8[\r][\n]"
20:46:17.618 [CreateStudentsDataDrivenTest-1-thread-12] DEBUG org.apache.http.wire -  >> "Content-Length: 145[\r][\n]"
20:46:17.618 [CreateStudentsDataDrivenTest-1-thread-12] DEBUG org.apache.http.wire -  >> "Host: localhost:8085[\r][\n]"
20:46:17.623 [CreateStudentsDataDrivenTest-1-thread-12] DEBUG org.apache.http.wire -  >> "Connection: Keep-Alive[\r][\n]"
20:46:17.623 [CreateStudentsDataDrivenTest-1-thread-12] DEBUG org.apache.http.wire -  >> "User-Agent: Apache-HttpClient/4.5.13 (Java/11.0.20)[\r][\n]"
20:46:17.623 [CreateStudentsDataDrivenTest-1-thread-12] DEBUG org.apache.http.wire -  >> "Accept-Encoding: gzip,deflate[\r][\n]"
20:46:17.623 [CreateStudentsDataDrivenTest-1-thread-12] DEBUG org.apache.http.wire -  >> "[\r][\n]"
20:46:17.623 [CreateStudentsDataDrivenTest-1-thread-12] DEBUG org.apache.http.headers - >> POST /student HTTP/1.1
20:46:17.623 [CreateStudentsDataDrivenTest-1-thread-12] DEBUG org.apache.http.headers - >> Accept: */*
20:46:17.623 [CreateStudentsDataDrivenTest-1-thread-12] DEBUG org.apache.http.headers - >> Content-Type: application/json; charset=UTF-8
20:46:17.625 [CreateStudentsDataDrivenTest-1-thread-12] DEBUG org.apache.http.headers - >> Content-Length: 145
20:46:17.629 [CreateStudentsDataDrivenTest-1-thread-12] DEBUG org.apache.http.headers - >> Host: localhost:8085
20:46:17.629 [CreateStudentsDataDrivenTest-1-thread-12] DEBUG org.apache.http.headers - >> Connection: Keep-Alive
20:46:17.629 [CreateStudentsDataDrivenTest-1-thread-12] DEBUG org.apache.http.headers - >> User-Agent: Apache-HttpClient/4.5.13 (Java/11.0.20)
20:46:17.629 [CreateStudentsDataDrivenTest-1-thread-12] DEBUG org.apache.http.headers - >> Accept-Encoding: gzip,deflate
20:46:17.629 [CreateStudentsDataDrivenTest-1-thread-12] DEBUG org.apache.http.wire -  >> "{"id":0,"firstName":"Sherman","lastName":"Giovannacci","email":"sgiovannaccib@cargocollective.com","programme":"Electrical","courses":["python"]}"
20:46:17.629 [CreateStudentsDataDrivenTest-1-thread-5] DEBUG org.apache.http.wire -  >> "Accept: */*[\r][\n]"
20:46:17.629 [CreateStudentsDataDrivenTest-1-thread-5] DEBUG org.apache.http.wire -  >> "Content-Type: application/json; charset=UTF-8[\r][\n]"
20:46:17.629 [CreateStudentsDataDrivenTest-1-thread-5] DEBUG org.apache.http.wire -  >> "Content-Length: 125[\r][\n]"
20:46:17.629 [CreateStudentsDataDrivenTest-1-thread-5] DEBUG org.apache.http.wire -  >> "Host: localhost:8085[\r][\n]"
20:46:17.629 [CreateStudentsDataDrivenTest-1-thread-5] DEBUG org.apache.http.wire -  >> "Connection: Keep-Alive[\r][\n]"
20:46:17.629 [CreateStudentsDataDrivenTest-1-thread-5] DEBUG org.apache.http.wire -  >> "User-Agent: Apache-HttpClient/4.5.13 (Java/11.0.20)[\r][\n]"
20:46:17.629 [CreateStudentsDataDrivenTest-1-thread-5] DEBUG org.apache.http.wire -  >> "Accept-Encoding: gzip,deflate[\r][\n]"
20:46:17.629 [CreateStudentsDataDrivenTest-1-thread-5] DEBUG org.apache.http.wire -  >> "[\r][\n]"
20:46:17.630 [CreateStudentsDataDrivenTest-1-thread-5] DEBUG org.apache.http.headers - >> POST /student HTTP/1.1
20:46:17.630 [CreateStudentsDataDrivenTest-1-thread-5] DEBUG org.apache.http.headers - >> Accept: */*
20:46:17.630 [CreateStudentsDataDrivenTest-1-thread-5] DEBUG org.apache.http.headers - >> Content-Type: application/json; charset=UTF-8
20:46:17.630 [CreateStudentsDataDrivenTest-1-thread-5] DEBUG org.apache.http.headers - >> Content-Length: 125
20:46:17.630 [CreateStudentsDataDrivenTest-1-thread-5] DEBUG org.apache.http.headers - >> Host: localhost:8085
20:46:17.630 [CreateStudentsDataDrivenTest-1-thread-5] DEBUG org.apache.http.headers - >> Connection: Keep-Alive
20:46:17.630 [CreateStudentsDataDrivenTest-1-thread-5] DEBUG org.apache.http.headers - >> User-Agent: Apache-HttpClient/4.5.13 (Java/11.0.20)
20:46:17.630 [CreateStudentsDataDrivenTest-1-thread-5] DEBUG org.apache.http.headers - >> Accept-Encoding: gzip,deflate
20:46:17.630 [CreateStudentsDataDrivenTest-1-thread-5] DEBUG org.apache.http.wire -  >> "{"id":0,"firstName":"Killie","lastName":"Estick","email":"kestick4@walmart.com","programme":"Electrical","courses":["scala"]}"
20:46:17.630 [CreateStudentsDataDrivenTest-1-thread-2] DEBUG org.apache.http.wire -  >> "Accept: */*[\r][\n]"
20:46:17.630 [CreateStudentsDataDrivenTest-1-thread-2] DEBUG org.apache.http.wire -  >> "Content-Type: application/json; charset=UTF-8[\r][\n]"
20:46:17.630 [CreateStudentsDataDrivenTest-1-thread-2] DEBUG org.apache.http.wire -  >> "Content-Length: 122[\r][\n]"
20:46:17.630 [CreateStudentsDataDrivenTest-1-thread-2] DEBUG org.apache.http.wire -  >> "Host: localhost:8085[\r][\n]"
20:46:17.630 [CreateStudentsDataDrivenTest-1-thread-2] DEBUG org.apache.http.wire -  >> "Connection: Keep-Alive[\r][\n]"
20:46:17.630 [CreateStudentsDataDrivenTest-1-thread-2] DEBUG org.apache.http.wire -  >> "User-Agent: Apache-HttpClient/4.5.13 (Java/11.0.20)[\r][\n]"
20:46:17.630 [CreateStudentsDataDrivenTest-1-thread-2] DEBUG org.apache.http.wire -  >> "Accept-Encoding: gzip,deflate[\r][\n]"
20:46:17.630 [CreateStudentsDataDrivenTest-1-thread-2] DEBUG org.apache.http.wire -  >> "[\r][\n]"
20:46:17.630 [CreateStudentsDataDrivenTest-1-thread-2] DEBUG org.apache.http.headers - >> POST /student HTTP/1.1
20:46:17.630 [CreateStudentsDataDrivenTest-1-thread-2] DEBUG org.apache.http.headers - >> Accept: */*
20:46:17.630 [CreateStudentsDataDrivenTest-1-thread-2] DEBUG org.apache.http.headers - >> Content-Type: application/json; charset=UTF-8
20:46:17.630 [CreateStudentsDataDrivenTest-1-thread-2] DEBUG org.apache.http.headers - >> Content-Length: 122
20:46:17.630 [CreateStudentsDataDrivenTest-1-thread-2] DEBUG org.apache.http.headers - >> Host: localhost:8085
20:46:17.630 [CreateStudentsDataDrivenTest-1-thread-2] DEBUG org.apache.http.headers - >> Connection: Keep-Alive
20:46:17.630 [CreateStudentsDataDrivenTest-1-thread-2] DEBUG org.apache.http.headers - >> User-Agent: Apache-HttpClient/4.5.13 (Java/11.0.20)
20:46:17.630 [CreateStudentsDataDrivenTest-1-thread-2] DEBUG org.apache.http.headers - >> Accept-Encoding: gzip,deflate
20:46:17.630 [CreateStudentsDataDrivenTest-1-thread-2] DEBUG org.apache.http.wire -  >> "{"id":0,"firstName":"Dalt","lastName":"Klimt","email":"dklimt1@histats.com","programme":"Electrical","courses":["python"]}"
20:46:17.630 [CreateStudentsDataDrivenTest-1-thread-3] DEBUG org.apache.http.wire -  >> "Accept: */*[\r][\n]"
20:46:17.630 [CreateStudentsDataDrivenTest-1-thread-3] DEBUG org.apache.http.wire -  >> "Content-Type: application/json; charset=UTF-8[\r][\n]"
20:46:17.630 [CreateStudentsDataDrivenTest-1-thread-3] DEBUG org.apache.http.wire -  >> "Content-Length: 144[\r][\n]"
20:46:17.630 [CreateStudentsDataDrivenTest-1-thread-3] DEBUG org.apache.http.wire -  >> "Host: localhost:8085[\r][\n]"
20:46:17.631 [CreateStudentsDataDrivenTest-1-thread-3] DEBUG org.apache.http.wire -  >> "Connection: Keep-Alive[\r][\n]"
20:46:17.631 [CreateStudentsDataDrivenTest-1-thread-3] DEBUG org.apache.http.wire -  >> "User-Agent: Apache-HttpClient/4.5.13 (Java/11.0.20)[\r][\n]"
20:46:17.631 [CreateStudentsDataDrivenTest-1-thread-3] DEBUG org.apache.http.wire -  >> "Accept-Encoding: gzip,deflate[\r][\n]"
20:46:17.631 [CreateStudentsDataDrivenTest-1-thread-3] DEBUG org.apache.http.wire -  >> "[\r][\n]"
20:46:17.631 [CreateStudentsDataDrivenTest-1-thread-3] DEBUG org.apache.http.headers - >> POST /student HTTP/1.1
20:46:17.631 [CreateStudentsDataDrivenTest-1-thread-3] DEBUG org.apache.http.headers - >> Accept: */*
20:46:17.631 [CreateStudentsDataDrivenTest-1-thread-3] DEBUG org.apache.http.headers - >> Content-Type: application/json; charset=UTF-8
20:46:17.631 [CreateStudentsDataDrivenTest-1-thread-3] DEBUG org.apache.http.headers - >> Content-Length: 144
20:46:17.631 [CreateStudentsDataDrivenTest-1-thread-3] DEBUG org.apache.http.headers - >> Host: localhost:8085
20:46:17.631 [CreateStudentsDataDrivenTest-1-thread-3] DEBUG org.apache.http.headers - >> Connection: Keep-Alive
20:46:17.631 [CreateStudentsDataDrivenTest-1-thread-3] DEBUG org.apache.http.headers - >> User-Agent: Apache-HttpClient/4.5.13 (Java/11.0.20)
20:46:17.631 [CreateStudentsDataDrivenTest-1-thread-3] DEBUG org.apache.http.headers - >> Accept-Encoding: gzip,deflate
20:46:17.631 [CreateStudentsDataDrivenTest-1-thread-3] DEBUG org.apache.http.wire -  >> "{"id":0,"firstName":"Veronica","lastName":"Campaigne","email":"vcampaigne2@photobucket.com","programme":"Computer Science","courses":["python"]}"
20:46:17.640 [CreateStudentsDataDrivenTest-1-thread-7] DEBUG o.a.h.c.p.RequestProxyAuthentication - Proxy auth state: UNCHALLENGED
20:46:17.640 [CreateStudentsDataDrivenTest-1-thread-7] DEBUG o.a.h.impl.client.DefaultHttpClient - Attempt 1 to execute request
20:46:17.641 [CreateStudentsDataDrivenTest-1-thread-7] DEBUG o.a.h.i.conn.DefaultClientConnection - Sending request: POST /student HTTP/1.1
20:46:17.641 [CreateStudentsDataDrivenTest-1-thread-7] DEBUG org.apache.http.wire -  >> "POST /student HTTP/1.1[\r][\n]"
20:46:17.641 [CreateStudentsDataDrivenTest-1-thread-7] DEBUG org.apache.http.wire -  >> "Accept: */*[\r][\n]"
20:46:17.641 [CreateStudentsDataDrivenTest-1-thread-7] DEBUG org.apache.http.wire -  >> "Content-Type: application/json; charset=UTF-8[\r][\n]"
20:46:17.641 [CreateStudentsDataDrivenTest-1-thread-7] DEBUG org.apache.http.wire -  >> "Content-Length: 124[\r][\n]"
20:46:17.641 [CreateStudentsDataDrivenTest-1-thread-7] DEBUG org.apache.http.wire -  >> "Host: localhost:8085[\r][\n]"
20:46:17.641 [CreateStudentsDataDrivenTest-1-thread-7] DEBUG org.apache.http.wire -  >> "Connection: Keep-Alive[\r][\n]"
20:46:17.641 [CreateStudentsDataDrivenTest-1-thread-7] DEBUG org.apache.http.wire -  >> "User-Agent: Apache-HttpClient/4.5.13 (Java/11.0.20)[\r][\n]"
20:46:17.641 [CreateStudentsDataDrivenTest-1-thread-7] DEBUG org.apache.http.wire -  >> "Accept-Encoding: gzip,deflate[\r][\n]"
20:46:17.641 [CreateStudentsDataDrivenTest-1-thread-7] DEBUG org.apache.http.wire -  >> "[\r][\n]"
20:46:17.641 [CreateStudentsDataDrivenTest-1-thread-7] DEBUG org.apache.http.headers - >> POST /student HTTP/1.1
20:46:17.641 [CreateStudentsDataDrivenTest-1-thread-7] DEBUG org.apache.http.headers - >> Accept: */*
20:46:17.641 [CreateStudentsDataDrivenTest-1-thread-7] DEBUG org.apache.http.headers - >> Content-Type: application/json; charset=UTF-8
20:46:17.641 [CreateStudentsDataDrivenTest-1-thread-7] DEBUG org.apache.http.headers - >> Content-Length: 124
20:46:17.641 [CreateStudentsDataDrivenTest-1-thread-7] DEBUG org.apache.http.headers - >> Host: localhost:8085
20:46:17.641 [CreateStudentsDataDrivenTest-1-thread-7] DEBUG org.apache.http.headers - >> Connection: Keep-Alive
20:46:17.641 [CreateStudentsDataDrivenTest-1-thread-7] DEBUG org.apache.http.headers - >> User-Agent: Apache-HttpClient/4.5.13 (Java/11.0.20)
20:46:17.641 [CreateStudentsDataDrivenTest-1-thread-7] DEBUG org.apache.http.headers - >> Accept-Encoding: gzip,deflate
20:46:17.641 [CreateStudentsDataDrivenTest-1-thread-7] DEBUG org.apache.http.wire -  >> "{"id":0,"firstName":"Catherine","lastName":"D'Ugo","email":"cdugo6@amazon.de","programme":"Electrical","courses":["python"]}"
20:46:17.750 [CreateStudentsDataDrivenTest-1-thread-9] DEBUG org.apache.http.wire -  << "HTTP/1.1 500 [\r][\n]"
20:46:17.752 [CreateStudentsDataDrivenTest-1-thread-9] DEBUG org.apache.http.wire -  << "Content-Type: application/json;charset=UTF-8[\r][\n]"
20:46:17.752 [CreateStudentsDataDrivenTest-1-thread-9] DEBUG org.apache.http.wire -  << "Transfer-Encoding: chunked[\r][\n]"
20:46:17.752 [CreateStudentsDataDrivenTest-1-thread-9] DEBUG org.apache.http.wire -  << "Date: Thu, 23 Nov 2023 15:16:17 GMT[\r][\n]"
20:46:17.752 [CreateStudentsDataDrivenTest-1-thread-9] DEBUG org.apache.http.wire -  << "Connection: close[\r][\n]"
20:46:17.752 [CreateStudentsDataDrivenTest-1-thread-9] DEBUG org.apache.http.wire -  << "[\r][\n]"
20:46:17.754 [CreateStudentsDataDrivenTest-1-thread-9] DEBUG o.a.h.i.conn.DefaultClientConnection - Receiving response: HTTP/1.1 500 
20:46:17.754 [CreateStudentsDataDrivenTest-1-thread-9] DEBUG org.apache.http.headers - << HTTP/1.1 500 
20:46:17.754 [CreateStudentsDataDrivenTest-1-thread-9] DEBUG org.apache.http.headers - << Content-Type: application/json;charset=UTF-8
20:46:17.754 [CreateStudentsDataDrivenTest-1-thread-9] DEBUG org.apache.http.headers - << Transfer-Encoding: chunked
20:46:17.754 [CreateStudentsDataDrivenTest-1-thread-9] DEBUG org.apache.http.headers - << Date: Thu, 23 Nov 2023 15:16:17 GMT
20:46:17.754 [CreateStudentsDataDrivenTest-1-thread-9] DEBUG org.apache.http.headers - << Connection: close
20:46:17.788 [CreateStudentsDataDrivenTest-1-thread-13] DEBUG org.apache.http.wire -  << "HTTP/1.1 500 [\r][\n]"
20:46:17.788 [CreateStudentsDataDrivenTest-1-thread-13] DEBUG org.apache.http.wire -  << "Content-Type: application/json;charset=UTF-8[\r][\n]"
20:46:17.788 [CreateStudentsDataDrivenTest-1-thread-13] DEBUG org.apache.http.wire -  << "Transfer-Encoding: chunked[\r][\n]"
20:46:17.788 [CreateStudentsDataDrivenTest-1-thread-13] DEBUG org.apache.http.wire -  << "Date: Thu, 23 Nov 2023 15:16:17 GMT[\r][\n]"
20:46:17.788 [CreateStudentsDataDrivenTest-1-thread-13] DEBUG org.apache.http.wire -  << "Connection: close[\r][\n]"
20:46:17.788 [CreateStudentsDataDrivenTest-1-thread-13] DEBUG org.apache.http.wire -  << "[\r][\n]"
20:46:17.788 [CreateStudentsDataDrivenTest-1-thread-13] DEBUG o.a.h.i.conn.DefaultClientConnection - Receiving response: HTTP/1.1 500 
20:46:17.788 [CreateStudentsDataDrivenTest-1-thread-13] DEBUG org.apache.http.headers - << HTTP/1.1 500 
20:46:17.788 [CreateStudentsDataDrivenTest-1-thread-13] DEBUG org.apache.http.headers - << Content-Type: application/json;charset=UTF-8
20:46:17.788 [CreateStudentsDataDrivenTest-1-thread-13] DEBUG org.apache.http.headers - << Transfer-Encoding: chunked
20:46:17.788 [CreateStudentsDataDrivenTest-1-thread-13] DEBUG org.apache.http.headers - << Date: Thu, 23 Nov 2023 15:16:17 GMT
20:46:17.788 [CreateStudentsDataDrivenTest-1-thread-13] DEBUG org.apache.http.headers - << Connection: close
20:46:17.791 [CreateStudentsDataDrivenTest-1-thread-13] DEBUG i.r.i.RequestSpecificationImpl$RestAssuredHttpBuilder - Parsing response as: application/json;charset=UTF-8
20:46:17.791 [CreateStudentsDataDrivenTest-1-thread-13] DEBUG i.r.i.RequestSpecificationImpl$RestAssuredHttpBuilder - Parsed data to instance of: class org.apache.http.conn.EofSensorInputStream
20:46:17.796 [CreateStudentsDataDrivenTest-1-thread-9] DEBUG i.r.i.RequestSpecificationImpl$RestAssuredHttpBuilder - Parsing response as: application/json;charset=UTF-8
20:46:17.796 [CreateStudentsDataDrivenTest-1-thread-9] DEBUG i.r.i.RequestSpecificationImpl$RestAssuredHttpBuilder - Parsed data to instance of: class org.apache.http.conn.EofSensorInputStream
20:46:17.828 [CreateStudentsDataDrivenTest-1-thread-9] DEBUG org.apache.http.wire -  << "28[\r][\n]"
20:46:17.828 [CreateStudentsDataDrivenTest-1-thread-9] DEBUG org.apache.http.wire -  << "{"error":"Email address already exists"}"
20:46:17.828 [CreateStudentsDataDrivenTest-1-thread-13] DEBUG org.apache.http.wire -  << "28[\r][\n]"
20:46:17.828 [CreateStudentsDataDrivenTest-1-thread-13] DEBUG org.apache.http.wire -  << "{"error":"Email address already exists"}"
20:46:17.828 [CreateStudentsDataDrivenTest-1-thread-9] DEBUG org.apache.http.wire -  << "[\r][\n]"
20:46:17.828 [CreateStudentsDataDrivenTest-1-thread-9] DEBUG org.apache.http.wire -  << "0[\r][\n]"
20:46:17.828 [CreateStudentsDataDrivenTest-1-thread-9] DEBUG org.apache.http.wire -  << "[\r][\n]"
20:46:17.829 [CreateStudentsDataDrivenTest-1-thread-9] DEBUG o.a.h.i.c.BasicClientConnectionManager - Releasing connection org.apache.http.impl.conn.ManagedClientConnectionImpl@7f1d8a6c
20:46:17.829 [CreateStudentsDataDrivenTest-1-thread-13] DEBUG org.apache.http.wire -  << "[\r][\n]"
20:46:17.829 [CreateStudentsDataDrivenTest-1-thread-13] DEBUG org.apache.http.wire -  << "0[\r][\n]"
20:46:17.829 [CreateStudentsDataDrivenTest-1-thread-13] DEBUG org.apache.http.wire -  << "[\r][\n]"
20:46:17.829 [CreateStudentsDataDrivenTest-1-thread-13] DEBUG o.a.h.i.c.BasicClientConnectionManager - Releasing connection org.apache.http.impl.conn.ManagedClientConnectionImpl@1df90422
20:46:17.830 [CreateStudentsDataDrivenTest-1-thread-9] DEBUG o.a.h.i.conn.DefaultClientConnection - Connection 0.0.0.0:54606<->127.0.0.1:8085 shut down
20:46:17.830 [CreateStudentsDataDrivenTest-1-thread-13] DEBUG o.a.h.i.conn.DefaultClientConnection - Connection 0.0.0.0:54602<->127.0.0.1:8085 shut down
20:46:17.869 [CreateStudentsDataDrivenTest-1-thread-11] DEBUG org.apache.http.wire -  << "HTTP/1.1 500 [\r][\n]"
20:46:17.869 [CreateStudentsDataDrivenTest-1-thread-11] DEBUG org.apache.http.wire -  << "Content-Type: application/json;charset=UTF-8[\r][\n]"
20:46:17.869 [CreateStudentsDataDrivenTest-1-thread-11] DEBUG org.apache.http.wire -  << "Transfer-Encoding: chunked[\r][\n]"
20:46:17.869 [CreateStudentsDataDrivenTest-1-thread-11] DEBUG org.apache.http.wire -  << "Date: Thu, 23 Nov 2023 15:16:17 GMT[\r][\n]"
20:46:17.869 [CreateStudentsDataDrivenTest-1-thread-11] DEBUG org.apache.http.wire -  << "Connection: close[\r][\n]"
20:46:17.869 [CreateStudentsDataDrivenTest-1-thread-11] DEBUG org.apache.http.wire -  << "[\r][\n]"
20:46:17.869 [CreateStudentsDataDrivenTest-1-thread-11] DEBUG o.a.h.i.conn.DefaultClientConnection - Receiving response: HTTP/1.1 500 
20:46:17.869 [CreateStudentsDataDrivenTest-1-thread-11] DEBUG org.apache.http.headers - << HTTP/1.1 500 
20:46:17.869 [CreateStudentsDataDrivenTest-1-thread-11] DEBUG org.apache.http.headers - << Content-Type: application/json;charset=UTF-8
20:46:17.869 [CreateStudentsDataDrivenTest-1-thread-11] DEBUG org.apache.http.headers - << Transfer-Encoding: chunked
20:46:17.869 [CreateStudentsDataDrivenTest-1-thread-11] DEBUG org.apache.http.headers - << Date: Thu, 23 Nov 2023 15:16:17 GMT
20:46:17.869 [CreateStudentsDataDrivenTest-1-thread-11] DEBUG org.apache.http.headers - << Connection: close
20:46:17.870 [CreateStudentsDataDrivenTest-1-thread-11] DEBUG i.r.i.RequestSpecificationImpl$RestAssuredHttpBuilder - Parsing response as: application/json;charset=UTF-8
20:46:17.870 [CreateStudentsDataDrivenTest-1-thread-11] DEBUG i.r.i.RequestSpecificationImpl$RestAssuredHttpBuilder - Parsed data to instance of: class org.apache.http.conn.EofSensorInputStream
20:46:17.872 [CreateStudentsDataDrivenTest-1-thread-11] DEBUG org.apache.http.wire -  << "28[\r][\n]"
20:46:17.872 [CreateStudentsDataDrivenTest-1-thread-11] DEBUG org.apache.http.wire -  << "{"error":"Email address already exists"}"
20:46:17.872 [CreateStudentsDataDrivenTest-1-thread-11] DEBUG org.apache.http.wire -  << "[\r][\n]"
20:46:17.872 [CreateStudentsDataDrivenTest-1-thread-11] DEBUG org.apache.http.wire -  << "0[\r][\n]"
20:46:17.872 [CreateStudentsDataDrivenTest-1-thread-11] DEBUG org.apache.http.wire -  << "[\r][\n]"
20:46:17.872 [CreateStudentsDataDrivenTest-1-thread-11] DEBUG o.a.h.i.c.BasicClientConnectionManager - Releasing connection org.apache.http.impl.conn.ManagedClientConnectionImpl@31da6630
20:46:17.872 [CreateStudentsDataDrivenTest-1-thread-11] DEBUG o.a.h.i.conn.DefaultClientConnection - Connection 0.0.0.0:54604<->127.0.0.1:8085 shut down
20:46:17.910 [CreateStudentsDataDrivenTest-1-thread-11] DEBUG n.t.core.steps.StepInterceptor - STEP DONE: Creating student with FirstName: {0}, LastName: {1}, Email: {2}, Programme: {3}, Courses: {4}
]]></system-out>
  </testcase>
  <testcase name="createMultipleStudents" classname="com.studentapplication.junit.studentsinfo.CreateStudentsDataDrivenTest" time="10.859">
    <system-out><![CDATA[20:46:17.920 [CreateStudentsDataDrivenTest-1-thread-11] INFO   - 
  _____   ___   ___   _____     ___     _     ___   ___   ___   ___  
 |_   _| | __| / __| |_   _|   | _ \   /_\   / __| / __| | __| |   \ 
   | |   | _|  \__ \   | |     |  _/  / _ \  \__ \ \__ \ | _|  | |) |
   |_|   |___| |___/   |_|     |_|   /_/ \_\ |___/ |___/ |___| |___/ 

Data Driven Test for adding multiple students to the Student APp
----------------------------------------------------------------------
20:46:17.923 [CreateStudentsDataDrivenTest-1-thread-13] DEBUG n.t.core.steps.StepInterceptor - STEP DONE: Creating student with FirstName: {0}, LastName: {1}, Email: {2}, Programme: {3}, Courses: {4}
20:46:17.927 [CreateStudentsDataDrivenTest-1-thread-9] DEBUG n.t.core.steps.StepInterceptor - STEP DONE: Creating student with FirstName: {0}, LastName: {1}, Email: {2}, Programme: {3}, Courses: {4}
20:46:17.954 [CreateStudentsDataDrivenTest-1-thread-2] DEBUG org.apache.http.wire -  << "HTTP/1.1 500 [\r][\n]"
20:46:17.954 [CreateStudentsDataDrivenTest-1-thread-2] DEBUG org.apache.http.wire -  << "Content-Type: application/json;charset=UTF-8[\r][\n]"
20:46:17.954 [CreateStudentsDataDrivenTest-1-thread-2] DEBUG org.apache.http.wire -  << "Transfer-Encoding: chunked[\r][\n]"
20:46:17.954 [CreateStudentsDataDrivenTest-1-thread-2] DEBUG org.apache.http.wire -  << "Date: Thu, 23 Nov 2023 15:16:17 GMT[\r][\n]"
20:46:17.954 [CreateStudentsDataDrivenTest-1-thread-2] DEBUG org.apache.http.wire -  << "Connection: close[\r][\n]"
20:46:17.954 [CreateStudentsDataDrivenTest-1-thread-2] DEBUG org.apache.http.wire -  << "[\r][\n]"
20:46:17.954 [CreateStudentsDataDrivenTest-1-thread-2] DEBUG o.a.h.i.conn.DefaultClientConnection - Receiving response: HTTP/1.1 500 
20:46:17.954 [CreateStudentsDataDrivenTest-1-thread-2] DEBUG org.apache.http.headers - << HTTP/1.1 500 
20:46:17.954 [CreateStudentsDataDrivenTest-1-thread-2] DEBUG org.apache.http.headers - << Content-Type: application/json;charset=UTF-8
20:46:17.954 [CreateStudentsDataDrivenTest-1-thread-2] DEBUG org.apache.http.headers - << Transfer-Encoding: chunked
20:46:17.954 [CreateStudentsDataDrivenTest-1-thread-2] DEBUG org.apache.http.headers - << Date: Thu, 23 Nov 2023 15:16:17 GMT
20:46:17.954 [CreateStudentsDataDrivenTest-1-thread-2] DEBUG org.apache.http.headers - << Connection: close
20:46:17.955 [CreateStudentsDataDrivenTest-1-thread-2] DEBUG i.r.i.RequestSpecificationImpl$RestAssuredHttpBuilder - Parsing response as: application/json;charset=UTF-8
20:46:17.955 [CreateStudentsDataDrivenTest-1-thread-2] DEBUG i.r.i.RequestSpecificationImpl$RestAssuredHttpBuilder - Parsed data to instance of: class org.apache.http.conn.EofSensorInputStream
20:46:17.958 [CreateStudentsDataDrivenTest-1-thread-2] DEBUG org.apache.http.wire -  << "28[\r][\n]"
20:46:17.958 [CreateStudentsDataDrivenTest-1-thread-2] DEBUG org.apache.http.wire -  << "{"error":"Email address already exists"}"
20:46:17.958 [CreateStudentsDataDrivenTest-1-thread-2] DEBUG org.apache.http.wire -  << "[\r][\n]"
20:46:17.958 [CreateStudentsDataDrivenTest-1-thread-2] DEBUG org.apache.http.wire -  << "0[\r][\n]"
20:46:17.958 [CreateStudentsDataDrivenTest-1-thread-2] DEBUG org.apache.http.wire -  << "[\r][\n]"
20:46:17.958 [CreateStudentsDataDrivenTest-1-thread-2] DEBUG o.a.h.i.c.BasicClientConnectionManager - Releasing connection org.apache.http.impl.conn.ManagedClientConnectionImpl@59ef7292
20:46:17.959 [CreateStudentsDataDrivenTest-1-thread-2] DEBUG o.a.h.i.conn.DefaultClientConnection - Connection 0.0.0.0:54603<->127.0.0.1:8085 shut down
20:46:17.965 [CreateStudentsDataDrivenTest-1-thread-2] DEBUG n.t.core.steps.StepInterceptor - STEP DONE: Creating student with FirstName: {0}, LastName: {1}, Email: {2}, Programme: {3}, Courses: {4}
20:46:18.192 [CreateStudentsDataDrivenTest-1-thread-5] DEBUG org.apache.http.wire -  << "HTTP/1.1 500 [\r][\n]"
20:46:18.193 [CreateStudentsDataDrivenTest-1-thread-5] DEBUG org.apache.http.wire -  << "Content-Type: application/json;charset=UTF-8[\r][\n]"
20:46:18.193 [CreateStudentsDataDrivenTest-1-thread-5] DEBUG org.apache.http.wire -  << "Transfer-Encoding: chunked[\r][\n]"
20:46:18.193 [CreateStudentsDataDrivenTest-1-thread-5] DEBUG org.apache.http.wire -  << "Date: Thu, 23 Nov 2023 15:16:17 GMT[\r][\n]"
20:46:18.193 [CreateStudentsDataDrivenTest-1-thread-5] DEBUG org.apache.http.wire -  << "Connection: close[\r][\n]"
20:46:18.193 [CreateStudentsDataDrivenTest-1-thread-5] DEBUG org.apache.http.wire -  << "[\r][\n]"
20:46:18.193 [CreateStudentsDataDrivenTest-1-thread-5] DEBUG o.a.h.i.conn.DefaultClientConnection - Receiving response: HTTP/1.1 500 
20:46:18.193 [CreateStudentsDataDrivenTest-1-thread-5] DEBUG org.apache.http.headers - << HTTP/1.1 500 
20:46:18.193 [CreateStudentsDataDrivenTest-1-thread-5] DEBUG org.apache.http.headers - << Content-Type: application/json;charset=UTF-8
20:46:18.193 [CreateStudentsDataDrivenTest-1-thread-5] DEBUG org.apache.http.headers - << Transfer-Encoding: chunked
20:46:18.193 [CreateStudentsDataDrivenTest-1-thread-5] DEBUG org.apache.http.headers - << Date: Thu, 23 Nov 2023 15:16:17 GMT
20:46:18.193 [CreateStudentsDataDrivenTest-1-thread-5] DEBUG org.apache.http.headers - << Connection: close
20:46:18.193 [CreateStudentsDataDrivenTest-1-thread-5] DEBUG i.r.i.RequestSpecificationImpl$RestAssuredHttpBuilder - Parsing response as: application/json;charset=UTF-8
20:46:18.193 [CreateStudentsDataDrivenTest-1-thread-5] DEBUG i.r.i.RequestSpecificationImpl$RestAssuredHttpBuilder - Parsed data to instance of: class org.apache.http.conn.EofSensorInputStream
20:46:18.195 [CreateStudentsDataDrivenTest-1-thread-5] DEBUG org.apache.http.wire -  << "28[\r][\n]"
20:46:18.195 [CreateStudentsDataDrivenTest-1-thread-5] DEBUG org.apache.http.wire -  << "{"error":"Email address already exists"}"
20:46:18.195 [CreateStudentsDataDrivenTest-1-thread-5] DEBUG org.apache.http.wire -  << "[\r][\n]"
20:46:18.195 [CreateStudentsDataDrivenTest-1-thread-5] DEBUG org.apache.http.wire -  << "0[\r][\n]"
20:46:18.195 [CreateStudentsDataDrivenTest-1-thread-5] DEBUG org.apache.http.wire -  << "[\r][\n]"
20:46:18.195 [CreateStudentsDataDrivenTest-1-thread-5] DEBUG o.a.h.i.c.BasicClientConnectionManager - Releasing connection org.apache.http.impl.conn.ManagedClientConnectionImpl@46217fbd
20:46:18.195 [CreateStudentsDataDrivenTest-1-thread-5] DEBUG o.a.h.i.conn.DefaultClientConnection - Connection 0.0.0.0:54611<->127.0.0.1:8085 shut down
20:46:18.200 [CreateStudentsDataDrivenTest-1-thread-5] DEBUG n.t.core.steps.StepInterceptor - STEP DONE: Creating student with FirstName: {0}, LastName: {1}, Email: {2}, Programme: {3}, Courses: {4}
20:46:18.200 [CreateStudentsDataDrivenTest-1-thread-10] DEBUG org.apache.http.wire -  << "HTTP/1.1 500 [\r][\n]"
20:46:18.200 [CreateStudentsDataDrivenTest-1-thread-10] DEBUG org.apache.http.wire -  << "Content-Type: application/json;charset=UTF-8[\r][\n]"
20:46:18.201 [CreateStudentsDataDrivenTest-1-thread-10] DEBUG org.apache.http.wire -  << "Transfer-Encoding: chunked[\r][\n]"
20:46:18.201 [CreateStudentsDataDrivenTest-1-thread-10] DEBUG org.apache.http.wire -  << "Date: Thu, 23 Nov 2023 15:16:17 GMT[\r][\n]"
20:46:18.201 [CreateStudentsDataDrivenTest-1-thread-10] DEBUG org.apache.http.wire -  << "Connection: close[\r][\n]"
20:46:18.201 [CreateStudentsDataDrivenTest-1-thread-10] DEBUG org.apache.http.wire -  << "[\r][\n]"
20:46:18.201 [CreateStudentsDataDrivenTest-1-thread-10] DEBUG o.a.h.i.conn.DefaultClientConnection - Receiving response: HTTP/1.1 500 
20:46:18.201 [CreateStudentsDataDrivenTest-1-thread-10] DEBUG org.apache.http.headers - << HTTP/1.1 500 
20:46:18.201 [CreateStudentsDataDrivenTest-1-thread-10] DEBUG org.apache.http.headers - << Content-Type: application/json;charset=UTF-8
20:46:18.201 [CreateStudentsDataDrivenTest-1-thread-10] DEBUG org.apache.http.headers - << Transfer-Encoding: chunked
20:46:18.201 [CreateStudentsDataDrivenTest-1-thread-10] DEBUG org.apache.http.headers - << Date: Thu, 23 Nov 2023 15:16:17 GMT
20:46:18.201 [CreateStudentsDataDrivenTest-1-thread-10] DEBUG org.apache.http.headers - << Connection: close
20:46:18.202 [CreateStudentsDataDrivenTest-1-thread-10] DEBUG i.r.i.RequestSpecificationImpl$RestAssuredHttpBuilder - Parsing response as: application/json;charset=UTF-8
20:46:18.202 [CreateStudentsDataDrivenTest-1-thread-10] DEBUG i.r.i.RequestSpecificationImpl$RestAssuredHttpBuilder - Parsed data to instance of: class org.apache.http.conn.EofSensorInputStream
20:46:18.204 [CreateStudentsDataDrivenTest-1-thread-10] DEBUG org.apache.http.wire -  << "28[\r][\n]"
20:46:18.204 [CreateStudentsDataDrivenTest-1-thread-10] DEBUG org.apache.http.wire -  << "{"error":"Email address already exists"}"
20:46:18.204 [CreateStudentsDataDrivenTest-1-thread-10] DEBUG org.apache.http.wire -  << "[\r][\n]"
20:46:18.204 [CreateStudentsDataDrivenTest-1-thread-10] DEBUG org.apache.http.wire -  << "0[\r][\n]"
20:46:18.204 [CreateStudentsDataDrivenTest-1-thread-10] DEBUG org.apache.http.wire -  << "[\r][\n]"
20:46:18.204 [CreateStudentsDataDrivenTest-1-thread-10] DEBUG o.a.h.i.c.BasicClientConnectionManager - Releasing connection org.apache.http.impl.conn.ManagedClientConnectionImpl@3a8f4212
20:46:18.204 [CreateStudentsDataDrivenTest-1-thread-10] DEBUG o.a.h.i.conn.DefaultClientConnection - Connection 0.0.0.0:54607<->127.0.0.1:8085 shut down
20:46:18.211 [CreateStudentsDataDrivenTest-1-thread-10] DEBUG n.t.core.steps.StepInterceptor - STEP DONE: Creating student with FirstName: {0}, LastName: {1}, Email: {2}, Programme: {3}, Courses: {4}
20:46:18.415 [CreateStudentsDataDrivenTest-1-thread-7] DEBUG org.apache.http.wire -  << "HTTP/1.1 500 [\r][\n]"
20:46:18.415 [CreateStudentsDataDrivenTest-1-thread-7] DEBUG org.apache.http.wire -  << "Content-Type: application/json;charset=UTF-8[\r][\n]"
20:46:18.415 [CreateStudentsDataDrivenTest-1-thread-7] DEBUG org.apache.http.wire -  << "Transfer-Encoding: chunked[\r][\n]"
20:46:18.415 [CreateStudentsDataDrivenTest-1-thread-7] DEBUG org.apache.http.wire -  << "Date: Thu, 23 Nov 2023 15:16:17 GMT[\r][\n]"
20:46:18.415 [CreateStudentsDataDrivenTest-1-thread-7] DEBUG org.apache.http.wire -  << "Connection: close[\r][\n]"
20:46:18.415 [CreateStudentsDataDrivenTest-1-thread-7] DEBUG org.apache.http.wire -  << "[\r][\n]"
20:46:18.415 [CreateStudentsDataDrivenTest-1-thread-7] DEBUG o.a.h.i.conn.DefaultClientConnection - Receiving response: HTTP/1.1 500 
20:46:18.416 [CreateStudentsDataDrivenTest-1-thread-7] DEBUG org.apache.http.headers - << HTTP/1.1 500 
20:46:18.416 [CreateStudentsDataDrivenTest-1-thread-7] DEBUG org.apache.http.headers - << Content-Type: application/json;charset=UTF-8
20:46:18.416 [CreateStudentsDataDrivenTest-1-thread-7] DEBUG org.apache.http.headers - << Transfer-Encoding: chunked
20:46:18.416 [CreateStudentsDataDrivenTest-1-thread-7] DEBUG org.apache.http.headers - << Date: Thu, 23 Nov 2023 15:16:17 GMT
20:46:18.416 [CreateStudentsDataDrivenTest-1-thread-7] DEBUG org.apache.http.headers - << Connection: close
20:46:18.417 [CreateStudentsDataDrivenTest-1-thread-7] DEBUG i.r.i.RequestSpecificationImpl$RestAssuredHttpBuilder - Parsing response as: application/json;charset=UTF-8
20:46:18.417 [CreateStudentsDataDrivenTest-1-thread-7] DEBUG i.r.i.RequestSpecificationImpl$RestAssuredHttpBuilder - Parsed data to instance of: class org.apache.http.conn.EofSensorInputStream
20:46:18.420 [CreateStudentsDataDrivenTest-1-thread-7] DEBUG org.apache.http.wire -  << "28[\r][\n]"
20:46:18.420 [CreateStudentsDataDrivenTest-1-thread-7] DEBUG org.apache.http.wire -  << "{"error":"Email address already exists"}"
20:46:18.420 [CreateStudentsDataDrivenTest-1-thread-7] DEBUG org.apache.http.wire -  << "[\r][\n]"
20:46:18.459 [CreateStudentsDataDrivenTest-1-thread-7] DEBUG org.apache.http.wire -  << "0[\r][\n]"
20:46:18.459 [CreateStudentsDataDrivenTest-1-thread-7] DEBUG org.apache.http.wire -  << "[\r][\n]"
20:46:18.459 [CreateStudentsDataDrivenTest-1-thread-7] DEBUG o.a.h.i.c.BasicClientConnectionManager - Releasing connection org.apache.http.impl.conn.ManagedClientConnectionImpl@1905189b
20:46:18.460 [CreateStudentsDataDrivenTest-1-thread-7] DEBUG o.a.h.i.conn.DefaultClientConnection - Connection 0.0.0.0:54600<->127.0.0.1:8085 shut down
20:46:18.485 [CreateStudentsDataDrivenTest-1-thread-7] DEBUG n.t.core.steps.StepInterceptor - STEP DONE: Creating student with FirstName: {0}, LastName: {1}, Email: {2}, Programme: {3}, Courses: {4}
20:46:18.498 [CreateStudentsDataDrivenTest-1-thread-15] DEBUG org.apache.http.wire -  << "HTTP/1.1 500 [\r][\n]"
20:46:18.498 [CreateStudentsDataDrivenTest-1-thread-1] DEBUG org.apache.http.wire -  << "HTTP/1.1 500 [\r][\n]"
20:46:18.498 [CreateStudentsDataDrivenTest-1-thread-15] DEBUG org.apache.http.wire -  << "Content-Type: application/json;charset=UTF-8[\r][\n]"
20:46:18.498 [CreateStudentsDataDrivenTest-1-thread-15] DEBUG org.apache.http.wire -  << "Transfer-Encoding: chunked[\r][\n]"
20:46:18.498 [CreateStudentsDataDrivenTest-1-thread-15] DEBUG org.apache.http.wire -  << "Date: Thu, 23 Nov 2023 15:16:17 GMT[\r][\n]"
20:46:18.498 [CreateStudentsDataDrivenTest-1-thread-15] DEBUG org.apache.http.wire -  << "Connection: close[\r][\n]"
20:46:18.498 [CreateStudentsDataDrivenTest-1-thread-15] DEBUG org.apache.http.wire -  << "[\r][\n]"
20:46:18.498 [CreateStudentsDataDrivenTest-1-thread-15] DEBUG o.a.h.i.conn.DefaultClientConnection - Receiving response: HTTP/1.1 500 
20:46:18.498 [CreateStudentsDataDrivenTest-1-thread-15] DEBUG org.apache.http.headers - << HTTP/1.1 500 
20:46:18.498 [CreateStudentsDataDrivenTest-1-thread-15] DEBUG org.apache.http.headers - << Content-Type: application/json;charset=UTF-8
20:46:18.498 [CreateStudentsDataDrivenTest-1-thread-15] DEBUG org.apache.http.headers - << Transfer-Encoding: chunked
20:46:18.498 [CreateStudentsDataDrivenTest-1-thread-15] DEBUG org.apache.http.headers - << Date: Thu, 23 Nov 2023 15:16:17 GMT
20:46:18.498 [CreateStudentsDataDrivenTest-1-thread-15] DEBUG org.apache.http.headers - << Connection: close
20:46:18.498 [CreateStudentsDataDrivenTest-1-thread-15] DEBUG i.r.i.RequestSpecificationImpl$RestAssuredHttpBuilder - Parsing response as: application/json;charset=UTF-8
20:46:18.498 [CreateStudentsDataDrivenTest-1-thread-15] DEBUG i.r.i.RequestSpecificationImpl$RestAssuredHttpBuilder - Parsed data to instance of: class org.apache.http.conn.EofSensorInputStream
20:46:18.498 [CreateStudentsDataDrivenTest-1-thread-1] DEBUG org.apache.http.wire -  << "Content-Type: application/json;charset=UTF-8[\r][\n]"
20:46:18.501 [CreateStudentsDataDrivenTest-1-thread-1] DEBUG org.apache.http.wire -  << "Transfer-Encoding: chunked[\r][\n]"
20:46:18.501 [CreateStudentsDataDrivenTest-1-thread-1] DEBUG org.apache.http.wire -  << "Date: Thu, 23 Nov 2023 15:16:17 GMT[\r][\n]"
20:46:18.501 [CreateStudentsDataDrivenTest-1-thread-1] DEBUG org.apache.http.wire -  << "Connection: close[\r][\n]"
20:46:18.501 [CreateStudentsDataDrivenTest-1-thread-1] DEBUG org.apache.http.wire -  << "[\r][\n]"
20:46:18.501 [CreateStudentsDataDrivenTest-1-thread-1] DEBUG o.a.h.i.conn.DefaultClientConnection - Receiving response: HTTP/1.1 500 
20:46:18.501 [CreateStudentsDataDrivenTest-1-thread-1] DEBUG org.apache.http.headers - << HTTP/1.1 500 
20:46:18.501 [CreateStudentsDataDrivenTest-1-thread-1] DEBUG org.apache.http.headers - << Content-Type: application/json;charset=UTF-8
20:46:18.501 [CreateStudentsDataDrivenTest-1-thread-1] DEBUG org.apache.http.headers - << Transfer-Encoding: chunked
20:46:18.501 [CreateStudentsDataDrivenTest-1-thread-1] DEBUG org.apache.http.headers - << Date: Thu, 23 Nov 2023 15:16:17 GMT
20:46:18.501 [CreateStudentsDataDrivenTest-1-thread-1] DEBUG org.apache.http.headers - << Connection: close
20:46:18.501 [CreateStudentsDataDrivenTest-1-thread-1] DEBUG i.r.i.RequestSpecificationImpl$RestAssuredHttpBuilder - Parsing response as: application/json;charset=UTF-8
20:46:18.501 [CreateStudentsDataDrivenTest-1-thread-1] DEBUG i.r.i.RequestSpecificationImpl$RestAssuredHttpBuilder - Parsed data to instance of: class org.apache.http.conn.EofSensorInputStream
20:46:18.502 [CreateStudentsDataDrivenTest-1-thread-1] DEBUG org.apache.http.wire -  << "28[\r][\n]"
20:46:18.502 [CreateStudentsDataDrivenTest-1-thread-1] DEBUG org.apache.http.wire -  << "{"error":"Email address already exists"}"
20:46:18.502 [CreateStudentsDataDrivenTest-1-thread-1] DEBUG org.apache.http.wire -  << "[\r][\n]"
20:46:18.500 [CreateStudentsDataDrivenTest-1-thread-15] DEBUG org.apache.http.wire -  << "28[\r][\n]"
20:46:18.503 [CreateStudentsDataDrivenTest-1-thread-15] DEBUG org.apache.http.wire -  << "{"error":"Email address already exists"}"
20:46:18.503 [CreateStudentsDataDrivenTest-1-thread-15] DEBUG org.apache.http.wire -  << "[\r][\n]"
20:46:18.503 [CreateStudentsDataDrivenTest-1-thread-15] DEBUG org.apache.http.wire -  << "0[\r][\n]"
20:46:18.503 [CreateStudentsDataDrivenTest-1-thread-15] DEBUG org.apache.http.wire -  << "[\r][\n]"
20:46:18.503 [CreateStudentsDataDrivenTest-1-thread-15] DEBUG o.a.h.i.c.BasicClientConnectionManager - Releasing connection org.apache.http.impl.conn.ManagedClientConnectionImpl@22f99af9
20:46:18.503 [CreateStudentsDataDrivenTest-1-thread-15] DEBUG o.a.h.i.conn.DefaultClientConnection - Connection 0.0.0.0:54614<->127.0.0.1:8085 shut down
20:46:18.509 [CreateStudentsDataDrivenTest-1-thread-15] DEBUG n.t.core.steps.StepInterceptor - STEP DONE: Creating student with FirstName: {0}, LastName: {1}, Email: {2}, Programme: {3}, Courses: {4}
20:46:18.519 [CreateStudentsDataDrivenTest-1-thread-1] DEBUG org.apache.http.wire -  << "0[\r][\n]"
20:46:18.519 [CreateStudentsDataDrivenTest-1-thread-1] DEBUG org.apache.http.wire -  << "[\r][\n]"
20:46:18.519 [CreateStudentsDataDrivenTest-1-thread-1] DEBUG o.a.h.i.c.BasicClientConnectionManager - Releasing connection org.apache.http.impl.conn.ManagedClientConnectionImpl@7e698b51
20:46:18.520 [CreateStudentsDataDrivenTest-1-thread-1] DEBUG o.a.h.i.conn.DefaultClientConnection - Connection 0.0.0.0:54612<->127.0.0.1:8085 shut down
20:46:18.524 [CreateStudentsDataDrivenTest-1-thread-3] DEBUG org.apache.http.wire -  << "HTTP/1.1 500 [\r][\n]"
20:46:18.524 [CreateStudentsDataDrivenTest-1-thread-3] DEBUG org.apache.http.wire -  << "Content-Type: application/json;charset=UTF-8[\r][\n]"
20:46:18.524 [CreateStudentsDataDrivenTest-1-thread-3] DEBUG org.apache.http.wire -  << "Transfer-Encoding: chunked[\r][\n]"
20:46:18.524 [CreateStudentsDataDrivenTest-1-thread-3] DEBUG org.apache.http.wire -  << "Date: Thu, 23 Nov 2023 15:16:17 GMT[\r][\n]"
20:46:18.524 [CreateStudentsDataDrivenTest-1-thread-3] DEBUG org.apache.http.wire -  << "Connection: close[\r][\n]"
20:46:18.524 [CreateStudentsDataDrivenTest-1-thread-3] DEBUG org.apache.http.wire -  << "[\r][\n]"
20:46:18.524 [CreateStudentsDataDrivenTest-1-thread-3] DEBUG o.a.h.i.conn.DefaultClientConnection - Receiving response: HTTP/1.1 500 
20:46:18.524 [CreateStudentsDataDrivenTest-1-thread-3] DEBUG org.apache.http.headers - << HTTP/1.1 500 
20:46:18.524 [CreateStudentsDataDrivenTest-1-thread-3] DEBUG org.apache.http.headers - << Content-Type: application/json;charset=UTF-8
20:46:18.524 [CreateStudentsDataDrivenTest-1-thread-3] DEBUG org.apache.http.headers - << Transfer-Encoding: chunked
20:46:18.524 [CreateStudentsDataDrivenTest-1-thread-3] DEBUG org.apache.http.headers - << Date: Thu, 23 Nov 2023 15:16:17 GMT
20:46:18.524 [CreateStudentsDataDrivenTest-1-thread-3] DEBUG org.apache.http.headers - << Connection: close
20:46:18.525 [CreateStudentsDataDrivenTest-1-thread-3] DEBUG i.r.i.RequestSpecificationImpl$RestAssuredHttpBuilder - Parsing response as: application/json;charset=UTF-8
20:46:18.525 [CreateStudentsDataDrivenTest-1-thread-3] DEBUG i.r.i.RequestSpecificationImpl$RestAssuredHttpBuilder - Parsed data to instance of: class org.apache.http.conn.EofSensorInputStream
20:46:18.526 [CreateStudentsDataDrivenTest-1-thread-3] DEBUG org.apache.http.wire -  << "28[\r][\n]"
20:46:18.526 [CreateStudentsDataDrivenTest-1-thread-3] DEBUG org.apache.http.wire -  << "{"error":"Email address already exists"}"
20:46:18.526 [CreateStudentsDataDrivenTest-1-thread-3] DEBUG org.apache.http.wire -  << "[\r][\n]"
20:46:18.526 [CreateStudentsDataDrivenTest-1-thread-3] DEBUG org.apache.http.wire -  << "0[\r][\n]"
20:46:18.526 [CreateStudentsDataDrivenTest-1-thread-3] DEBUG org.apache.http.wire -  << "[\r][\n]"
20:46:18.526 [CreateStudentsDataDrivenTest-1-thread-3] DEBUG o.a.h.i.c.BasicClientConnectionManager - Releasing connection org.apache.http.impl.conn.ManagedClientConnectionImpl@48f5b30f
20:46:18.527 [CreateStudentsDataDrivenTest-1-thread-3] DEBUG o.a.h.i.conn.DefaultClientConnection - Connection 0.0.0.0:54609<->127.0.0.1:8085 shut down
20:46:18.528 [CreateStudentsDataDrivenTest-1-thread-1] DEBUG n.t.core.steps.StepInterceptor - STEP DONE: Creating student with FirstName: {0}, LastName: {1}, Email: {2}, Programme: {3}, Courses: {4}
20:46:18.538 [CreateStudentsDataDrivenTest-1-thread-3] DEBUG n.t.core.steps.StepInterceptor - STEP DONE: Creating student with FirstName: {0}, LastName: {1}, Email: {2}, Programme: {3}, Courses: {4}
20:46:18.540 [CreateStudentsDataDrivenTest-1-thread-14] DEBUG org.apache.http.wire -  << "HTTP/1.1 500 [\r][\n]"
20:46:18.540 [CreateStudentsDataDrivenTest-1-thread-14] DEBUG org.apache.http.wire -  << "Content-Type: application/json;charset=UTF-8[\r][\n]"
20:46:18.540 [CreateStudentsDataDrivenTest-1-thread-14] DEBUG org.apache.http.wire -  << "Transfer-Encoding: chunked[\r][\n]"
20:46:18.540 [CreateStudentsDataDrivenTest-1-thread-14] DEBUG org.apache.http.wire -  << "Date: Thu, 23 Nov 2023 15:16:17 GMT[\r][\n]"
20:46:18.540 [CreateStudentsDataDrivenTest-1-thread-14] DEBUG org.apache.http.wire -  << "Connection: close[\r][\n]"
20:46:18.540 [CreateStudentsDataDrivenTest-1-thread-14] DEBUG org.apache.http.wire -  << "[\r][\n]"
20:46:18.540 [CreateStudentsDataDrivenTest-1-thread-14] DEBUG o.a.h.i.conn.DefaultClientConnection - Receiving response: HTTP/1.1 500 
20:46:18.540 [CreateStudentsDataDrivenTest-1-thread-14] DEBUG org.apache.http.headers - << HTTP/1.1 500 
20:46:18.540 [CreateStudentsDataDrivenTest-1-thread-14] DEBUG org.apache.http.headers - << Content-Type: application/json;charset=UTF-8
20:46:18.540 [CreateStudentsDataDrivenTest-1-thread-14] DEBUG org.apache.http.headers - << Transfer-Encoding: chunked
20:46:18.540 [CreateStudentsDataDrivenTest-1-thread-14] DEBUG org.apache.http.headers - << Date: Thu, 23 Nov 2023 15:16:17 GMT
20:46:18.540 [CreateStudentsDataDrivenTest-1-thread-14] DEBUG org.apache.http.headers - << Connection: close
20:46:18.540 [CreateStudentsDataDrivenTest-1-thread-14] DEBUG i.r.i.RequestSpecificationImpl$RestAssuredHttpBuilder - Parsing response as: application/json;charset=UTF-8
20:46:18.540 [CreateStudentsDataDrivenTest-1-thread-14] DEBUG i.r.i.RequestSpecificationImpl$RestAssuredHttpBuilder - Parsed data to instance of: class org.apache.http.conn.EofSensorInputStream
20:46:18.543 [CreateStudentsDataDrivenTest-1-thread-14] DEBUG org.apache.http.wire -  << "28[\r][\n]"
20:46:18.543 [CreateStudentsDataDrivenTest-1-thread-14] DEBUG org.apache.http.wire -  << "{"error":"Email address already exists"}"
20:46:18.543 [CreateStudentsDataDrivenTest-1-thread-14] DEBUG org.apache.http.wire -  << "[\r][\n]"
20:46:18.543 [CreateStudentsDataDrivenTest-1-thread-14] DEBUG org.apache.http.wire -  << "0[\r][\n]"
20:46:18.543 [CreateStudentsDataDrivenTest-1-thread-14] DEBUG org.apache.http.wire -  << "[\r][\n]"
20:46:18.543 [CreateStudentsDataDrivenTest-1-thread-14] DEBUG o.a.h.i.c.BasicClientConnectionManager - Releasing connection org.apache.http.impl.conn.ManagedClientConnectionImpl@58595f3d
20:46:18.543 [CreateStudentsDataDrivenTest-1-thread-14] DEBUG o.a.h.i.conn.DefaultClientConnection - Connection 0.0.0.0:54613<->127.0.0.1:8085 shut down
20:46:18.548 [CreateStudentsDataDrivenTest-1-thread-14] DEBUG n.t.core.steps.StepInterceptor - STEP DONE: Creating student with FirstName: {0}, LastName: {1}, Email: {2}, Programme: {3}, Courses: {4}
20:46:18.549 [CreateStudentsDataDrivenTest-1-thread-12] DEBUG org.apache.http.wire -  << "HTTP/1.1 500 [\r][\n]"
20:46:18.549 [CreateStudentsDataDrivenTest-1-thread-12] DEBUG org.apache.http.wire -  << "Content-Type: application/json;charset=UTF-8[\r][\n]"
20:46:18.549 [CreateStudentsDataDrivenTest-1-thread-12] DEBUG org.apache.http.wire -  << "Transfer-Encoding: chunked[\r][\n]"
20:46:18.549 [CreateStudentsDataDrivenTest-1-thread-12] DEBUG org.apache.http.wire -  << "Date: Thu, 23 Nov 2023 15:16:17 GMT[\r][\n]"
20:46:18.549 [CreateStudentsDataDrivenTest-1-thread-12] DEBUG org.apache.http.wire -  << "Connection: close[\r][\n]"
20:46:18.549 [CreateStudentsDataDrivenTest-1-thread-12] DEBUG org.apache.http.wire -  << "[\r][\n]"
20:46:18.549 [CreateStudentsDataDrivenTest-1-thread-12] DEBUG o.a.h.i.conn.DefaultClientConnection - Receiving response: HTTP/1.1 500 
20:46:18.549 [CreateStudentsDataDrivenTest-1-thread-12] DEBUG org.apache.http.headers - << HTTP/1.1 500 
20:46:18.549 [CreateStudentsDataDrivenTest-1-thread-12] DEBUG org.apache.http.headers - << Content-Type: application/json;charset=UTF-8
20:46:18.549 [CreateStudentsDataDrivenTest-1-thread-12] DEBUG org.apache.http.headers - << Transfer-Encoding: chunked
20:46:18.549 [CreateStudentsDataDrivenTest-1-thread-12] DEBUG org.apache.http.headers - << Date: Thu, 23 Nov 2023 15:16:17 GMT
20:46:18.549 [CreateStudentsDataDrivenTest-1-thread-12] DEBUG org.apache.http.headers - << Connection: close
20:46:18.549 [CreateStudentsDataDrivenTest-1-thread-12] DEBUG i.r.i.RequestSpecificationImpl$RestAssuredHttpBuilder - Parsing response as: application/json;charset=UTF-8
20:46:18.550 [CreateStudentsDataDrivenTest-1-thread-12] DEBUG i.r.i.RequestSpecificationImpl$RestAssuredHttpBuilder - Parsed data to instance of: class org.apache.http.conn.EofSensorInputStream
20:46:18.552 [CreateStudentsDataDrivenTest-1-thread-12] DEBUG org.apache.http.wire -  << "28[\r][\n]"
20:46:18.552 [CreateStudentsDataDrivenTest-1-thread-12] DEBUG org.apache.http.wire -  << "{"error":"Email address already exists"}"
20:46:18.552 [CreateStudentsDataDrivenTest-1-thread-12] DEBUG org.apache.http.wire -  << "[\r][\n]"
20:46:18.555 [CreateStudentsDataDrivenTest-1-thread-6] DEBUG org.apache.http.wire -  << "HTTP/1.1 500 [\r][\n]"
20:46:18.555 [CreateStudentsDataDrivenTest-1-thread-6] DEBUG org.apache.http.wire -  << "Content-Type: application/json;charset=UTF-8[\r][\n]"
20:46:18.555 [CreateStudentsDataDrivenTest-1-thread-6] DEBUG org.apache.http.wire -  << "Transfer-Encoding: chunked[\r][\n]"
20:46:18.555 [CreateStudentsDataDrivenTest-1-thread-6] DEBUG org.apache.http.wire -  << "Date: Thu, 23 Nov 2023 15:16:17 GMT[\r][\n]"
20:46:18.555 [CreateStudentsDataDrivenTest-1-thread-6] DEBUG org.apache.http.wire -  << "Connection: close[\r][\n]"
20:46:18.555 [CreateStudentsDataDrivenTest-1-thread-6] DEBUG org.apache.http.wire -  << "[\r][\n]"
20:46:18.556 [CreateStudentsDataDrivenTest-1-thread-6] DEBUG o.a.h.i.conn.DefaultClientConnection - Receiving response: HTTP/1.1 500 
20:46:18.556 [CreateStudentsDataDrivenTest-1-thread-6] DEBUG org.apache.http.headers - << HTTP/1.1 500 
20:46:18.556 [CreateStudentsDataDrivenTest-1-thread-6] DEBUG org.apache.http.headers - << Content-Type: application/json;charset=UTF-8
20:46:18.556 [CreateStudentsDataDrivenTest-1-thread-6] DEBUG org.apache.http.headers - << Transfer-Encoding: chunked
20:46:18.556 [CreateStudentsDataDrivenTest-1-thread-6] DEBUG org.apache.http.headers - << Date: Thu, 23 Nov 2023 15:16:17 GMT
20:46:18.556 [CreateStudentsDataDrivenTest-1-thread-6] DEBUG org.apache.http.headers - << Connection: close
20:46:18.556 [CreateStudentsDataDrivenTest-1-thread-6] DEBUG i.r.i.RequestSpecificationImpl$RestAssuredHttpBuilder - Parsing response as: application/json;charset=UTF-8
20:46:18.556 [CreateStudentsDataDrivenTest-1-thread-6] DEBUG i.r.i.RequestSpecificationImpl$RestAssuredHttpBuilder - Parsed data to instance of: class org.apache.http.conn.EofSensorInputStream
20:46:18.557 [CreateStudentsDataDrivenTest-1-thread-6] DEBUG org.apache.http.wire -  << "28[\r][\n]"
20:46:18.557 [CreateStudentsDataDrivenTest-1-thread-6] DEBUG org.apache.http.wire -  << "{"error":"Email address already exists"}"
20:46:18.557 [CreateStudentsDataDrivenTest-1-thread-6] DEBUG org.apache.http.wire -  << "[\r][\n]"
20:46:18.557 [CreateStudentsDataDrivenTest-1-thread-6] DEBUG org.apache.http.wire -  << "0[\r][\n]"
20:46:18.557 [CreateStudentsDataDrivenTest-1-thread-6] DEBUG org.apache.http.wire -  << "[\r][\n]"
20:46:18.557 [CreateStudentsDataDrivenTest-1-thread-6] DEBUG o.a.h.i.c.BasicClientConnectionManager - Releasing connection org.apache.http.impl.conn.ManagedClientConnectionImpl@4e0a865f
20:46:18.557 [CreateStudentsDataDrivenTest-1-thread-6] DEBUG o.a.h.i.conn.DefaultClientConnection - Connection 0.0.0.0:54601<->127.0.0.1:8085 shut down
20:46:18.561 [CreateStudentsDataDrivenTest-1-thread-12] DEBUG org.apache.http.wire -  << "0[\r][\n]"
20:46:18.561 [CreateStudentsDataDrivenTest-1-thread-12] DEBUG org.apache.http.wire -  << "[\r][\n]"
20:46:18.561 [CreateStudentsDataDrivenTest-1-thread-12] DEBUG o.a.h.i.c.BasicClientConnectionManager - Releasing connection org.apache.http.impl.conn.ManagedClientConnectionImpl@553fb8ff
20:46:18.561 [CreateStudentsDataDrivenTest-1-thread-12] DEBUG o.a.h.i.conn.DefaultClientConnection - Connection 0.0.0.0:54615<->127.0.0.1:8085 shut down
20:46:18.562 [CreateStudentsDataDrivenTest-1-thread-6] DEBUG n.t.core.steps.StepInterceptor - STEP DONE: Creating student with FirstName: {0}, LastName: {1}, Email: {2}, Programme: {3}, Courses: {4}
20:46:18.562 [CreateStudentsDataDrivenTest-1-thread-16] DEBUG org.apache.http.wire -  << "HTTP/1.1 500 [\r][\n]"
20:46:18.563 [CreateStudentsDataDrivenTest-1-thread-16] DEBUG org.apache.http.wire -  << "Content-Type: application/json;charset=UTF-8[\r][\n]"
20:46:18.563 [CreateStudentsDataDrivenTest-1-thread-16] DEBUG org.apache.http.wire -  << "Transfer-Encoding: chunked[\r][\n]"
20:46:18.563 [CreateStudentsDataDrivenTest-1-thread-16] DEBUG org.apache.http.wire -  << "Date: Thu, 23 Nov 2023 15:16:17 GMT[\r][\n]"
20:46:18.563 [CreateStudentsDataDrivenTest-1-thread-16] DEBUG org.apache.http.wire -  << "Connection: close[\r][\n]"
20:46:18.563 [CreateStudentsDataDrivenTest-1-thread-16] DEBUG org.apache.http.wire -  << "[\r][\n]"
20:46:18.563 [CreateStudentsDataDrivenTest-1-thread-16] DEBUG o.a.h.i.conn.DefaultClientConnection - Receiving response: HTTP/1.1 500 
20:46:18.563 [CreateStudentsDataDrivenTest-1-thread-16] DEBUG org.apache.http.headers - << HTTP/1.1 500 
20:46:18.563 [CreateStudentsDataDrivenTest-1-thread-16] DEBUG org.apache.http.headers - << Content-Type: application/json;charset=UTF-8
20:46:18.563 [CreateStudentsDataDrivenTest-1-thread-16] DEBUG org.apache.http.headers - << Transfer-Encoding: chunked
20:46:18.563 [CreateStudentsDataDrivenTest-1-thread-16] DEBUG org.apache.http.headers - << Date: Thu, 23 Nov 2023 15:16:17 GMT
20:46:18.563 [CreateStudentsDataDrivenTest-1-thread-16] DEBUG org.apache.http.headers - << Connection: close
20:46:18.563 [CreateStudentsDataDrivenTest-1-thread-16] DEBUG i.r.i.RequestSpecificationImpl$RestAssuredHttpBuilder - Parsing response as: application/json;charset=UTF-8
20:46:18.563 [CreateStudentsDataDrivenTest-1-thread-16] DEBUG i.r.i.RequestSpecificationImpl$RestAssuredHttpBuilder - Parsed data to instance of: class org.apache.http.conn.EofSensorInputStream
20:46:18.572 [CreateStudentsDataDrivenTest-1-thread-16] DEBUG org.apache.http.wire -  << "28[\r][\n]"
20:46:18.572 [CreateStudentsDataDrivenTest-1-thread-16] DEBUG org.apache.http.wire -  << "{"error":"Email address already exists"}"
20:46:18.572 [CreateStudentsDataDrivenTest-1-thread-16] DEBUG org.apache.http.wire -  << "[\r][\n]"
20:46:18.586 [CreateStudentsDataDrivenTest-1-thread-12] DEBUG n.t.core.steps.StepInterceptor - STEP DONE: Creating student with FirstName: {0}, LastName: {1}, Email: {2}, Programme: {3}, Courses: {4}
20:46:18.588 [CreateStudentsDataDrivenTest-1-thread-4] DEBUG org.apache.http.wire -  << "HTTP/1.1 500 [\r][\n]"
20:46:18.588 [CreateStudentsDataDrivenTest-1-thread-4] DEBUG org.apache.http.wire -  << "Content-Type: application/json;charset=UTF-8[\r][\n]"
20:46:18.588 [CreateStudentsDataDrivenTest-1-thread-4] DEBUG org.apache.http.wire -  << "Transfer-Encoding: chunked[\r][\n]"
20:46:18.588 [CreateStudentsDataDrivenTest-1-thread-4] DEBUG org.apache.http.wire -  << "Date: Thu, 23 Nov 2023 15:16:17 GMT[\r][\n]"
20:46:18.588 [CreateStudentsDataDrivenTest-1-thread-4] DEBUG org.apache.http.wire -  << "Connection: close[\r][\n]"
20:46:18.588 [CreateStudentsDataDrivenTest-1-thread-4] DEBUG org.apache.http.wire -  << "[\r][\n]"
20:46:18.588 [CreateStudentsDataDrivenTest-1-thread-4] DEBUG o.a.h.i.conn.DefaultClientConnection - Receiving response: HTTP/1.1 500 
20:46:18.588 [CreateStudentsDataDrivenTest-1-thread-4] DEBUG org.apache.http.headers - << HTTP/1.1 500 
20:46:18.588 [CreateStudentsDataDrivenTest-1-thread-4] DEBUG org.apache.http.headers - << Content-Type: application/json;charset=UTF-8
20:46:18.588 [CreateStudentsDataDrivenTest-1-thread-4] DEBUG org.apache.http.headers - << Transfer-Encoding: chunked
20:46:18.588 [CreateStudentsDataDrivenTest-1-thread-4] DEBUG org.apache.http.headers - << Date: Thu, 23 Nov 2023 15:16:17 GMT
20:46:18.588 [CreateStudentsDataDrivenTest-1-thread-4] DEBUG org.apache.http.headers - << Connection: close
20:46:18.588 [CreateStudentsDataDrivenTest-1-thread-4] DEBUG i.r.i.RequestSpecificationImpl$RestAssuredHttpBuilder - Parsing response as: application/json;charset=UTF-8
20:46:18.588 [CreateStudentsDataDrivenTest-1-thread-4] DEBUG i.r.i.RequestSpecificationImpl$RestAssuredHttpBuilder - Parsed data to instance of: class org.apache.http.conn.EofSensorInputStream
20:46:18.590 [CreateStudentsDataDrivenTest-1-thread-4] DEBUG org.apache.http.wire -  << "28[\r][\n]"
20:46:18.590 [CreateStudentsDataDrivenTest-1-thread-4] DEBUG org.apache.http.wire -  << "{"error":"Email address already exists"}"
20:46:18.590 [CreateStudentsDataDrivenTest-1-thread-4] DEBUG org.apache.http.wire -  << "[\r][\n]"
20:46:18.590 [CreateStudentsDataDrivenTest-1-thread-4] DEBUG org.apache.http.wire -  << "0[\r][\n]"
20:46:18.590 [CreateStudentsDataDrivenTest-1-thread-4] DEBUG org.apache.http.wire -  << "[\r][\n]"
20:46:18.590 [CreateStudentsDataDrivenTest-1-thread-4] DEBUG o.a.h.i.c.BasicClientConnectionManager - Releasing connection org.apache.http.impl.conn.ManagedClientConnectionImpl@16e44fb0
20:46:18.590 [CreateStudentsDataDrivenTest-1-thread-4] DEBUG o.a.h.i.conn.DefaultClientConnection - Connection 0.0.0.0:54605<->127.0.0.1:8085 shut down
20:46:18.595 [CreateStudentsDataDrivenTest-1-thread-4] DEBUG n.t.core.steps.StepInterceptor - STEP DONE: Creating student with FirstName: {0}, LastName: {1}, Email: {2}, Programme: {3}, Courses: {4}
20:46:18.962 [CreateStudentsDataDrivenTest-1-thread-16] DEBUG org.apache.http.wire -  << "0[\r][\n]"
20:46:18.962 [CreateStudentsDataDrivenTest-1-thread-16] DEBUG org.apache.http.wire -  << "[\r][\n]"
20:46:18.962 [CreateStudentsDataDrivenTest-1-thread-16] DEBUG o.a.h.i.c.BasicClientConnectionManager - Releasing connection org.apache.http.impl.conn.ManagedClientConnectionImpl@152c094f
20:46:18.962 [CreateStudentsDataDrivenTest-1-thread-16] DEBUG o.a.h.i.conn.DefaultClientConnection - Connection 0.0.0.0:54610<->127.0.0.1:8085 shut down
20:46:18.967 [CreateStudentsDataDrivenTest-1-thread-16] DEBUG n.t.core.steps.StepInterceptor - STEP DONE: Creating student with FirstName: {0}, LastName: {1}, Email: {2}, Programme: {3}, Courses: {4}
20:46:19.151 [CreateStudentsDataDrivenTest-1-thread-8] DEBUG org.apache.http.wire -  << "HTTP/1.1 500 [\r][\n]"
20:46:19.151 [CreateStudentsDataDrivenTest-1-thread-8] DEBUG org.apache.http.wire -  << "Content-Type: application/json;charset=UTF-8[\r][\n]"
20:46:19.151 [CreateStudentsDataDrivenTest-1-thread-8] DEBUG org.apache.http.wire -  << "Transfer-Encoding: chunked[\r][\n]"
20:46:19.151 [CreateStudentsDataDrivenTest-1-thread-8] DEBUG org.apache.http.wire -  << "Date: Thu, 23 Nov 2023 15:16:18 GMT[\r][\n]"
20:46:19.151 [CreateStudentsDataDrivenTest-1-thread-8] DEBUG org.apache.http.wire -  << "Connection: close[\r][\n]"
20:46:19.151 [CreateStudentsDataDrivenTest-1-thread-8] DEBUG org.apache.http.wire -  << "[\r][\n]"
20:46:19.151 [CreateStudentsDataDrivenTest-1-thread-8] DEBUG o.a.h.i.conn.DefaultClientConnection - Receiving response: HTTP/1.1 500 
20:46:19.151 [CreateStudentsDataDrivenTest-1-thread-8] DEBUG org.apache.http.headers - << HTTP/1.1 500 
20:46:19.151 [CreateStudentsDataDrivenTest-1-thread-8] DEBUG org.apache.http.headers - << Content-Type: application/json;charset=UTF-8
20:46:19.151 [CreateStudentsDataDrivenTest-1-thread-8] DEBUG org.apache.http.headers - << Transfer-Encoding: chunked
20:46:19.151 [CreateStudentsDataDrivenTest-1-thread-8] DEBUG org.apache.http.headers - << Date: Thu, 23 Nov 2023 15:16:18 GMT
20:46:19.151 [CreateStudentsDataDrivenTest-1-thread-8] DEBUG org.apache.http.headers - << Connection: close
20:46:19.157 [CreateStudentsDataDrivenTest-1-thread-8] DEBUG i.r.i.RequestSpecificationImpl$RestAssuredHttpBuilder - Parsing response as: application/json;charset=UTF-8
20:46:19.157 [CreateStudentsDataDrivenTest-1-thread-8] DEBUG i.r.i.RequestSpecificationImpl$RestAssuredHttpBuilder - Parsed data to instance of: class org.apache.http.conn.EofSensorInputStream
20:46:19.165 [CreateStudentsDataDrivenTest-1-thread-8] DEBUG org.apache.http.wire -  << "28[\r][\n]"
20:46:19.165 [CreateStudentsDataDrivenTest-1-thread-8] DEBUG org.apache.http.wire -  << "{"error":"Email address already exists"}"
20:46:19.165 [CreateStudentsDataDrivenTest-1-thread-8] DEBUG org.apache.http.wire -  << "[\r][\n]"
20:46:19.166 [CreateStudentsDataDrivenTest-1-thread-8] DEBUG org.apache.http.wire -  << "0[\r][\n]"
20:46:19.166 [CreateStudentsDataDrivenTest-1-thread-8] DEBUG org.apache.http.wire -  << "[\r][\n]"
20:46:19.166 [CreateStudentsDataDrivenTest-1-thread-8] DEBUG o.a.h.i.c.BasicClientConnectionManager - Releasing connection org.apache.http.impl.conn.ManagedClientConnectionImpl@50273a5c
20:46:19.166 [CreateStudentsDataDrivenTest-1-thread-8] DEBUG o.a.h.i.conn.DefaultClientConnection - Connection 0.0.0.0:54608<->127.0.0.1:8085 shut down
20:46:19.175 [CreateStudentsDataDrivenTest-1-thread-8] DEBUG n.t.core.steps.StepInterceptor - STEP DONE: Creating student with FirstName: {0}, LastName: {1}, Email: {2}, Programme: {3}, Courses: {4}
]]></system-out>
  </testcase>
  <testcase name="createMultipleStudents" classname="com.studentapplication.junit.studentsinfo.CreateStudentsDataDrivenTest" time="11.007">
    <system-out><![CDATA[20:46:20.442 [CreateStudentsDataDrivenTest-1-thread-8] DEBUG n.thucydides.core.steps.StepEventBus - Test suite started for class com.studentapplication.junit.studentsinfo.CreateStudentsDataDrivenTest
20:46:20.442 [CreateStudentsDataDrivenTest-1-thread-8] INFO   - Test Suite Started: Create students data driven test
20:46:20.444 [CreateStudentsDataDrivenTest-1-thread-8] DEBUG n.s.j.SerenityTestExecutionListener - Thread[CreateStudentsDataDrivenTest-1-thread-8,5,CreateStudentsDataDrivenTest-1] Test started TestIdentifier [uniqueId = [engine:junit-vintage]/[runner:com.studentapplication.junit.studentsinfo.CreateStudentsDataDrivenTest]/[test:com.studentapplication.junit.studentsinfo.CreateStudentsDataDrivenTest%5B16%5D]/[test:createMultipleStudents%5B16%5D(com.studentapplication.junit.studentsinfo.CreateStudentsDataDrivenTest)], parentId = [engine:junit-vintage]/[runner:com.studentapplication.junit.studentsinfo.CreateStudentsDataDrivenTest]/[test:com.studentapplication.junit.studentsinfo.CreateStudentsDataDrivenTest%5B16%5D], displayName = 'createMultipleStudents[16]', legacyReportingName = 'createMultipleStudents[16]', source = MethodSource [className = 'com.studentapplication.junit.studentsinfo.CreateStudentsDataDrivenTest', methodName = 'createMultipleStudents', methodParameterTypes = ''], tags = [], type = TEST]
20:46:20.444 [CreateStudentsDataDrivenTest-1-thread-8] INFO   - 
  _____   ___   ___   _____     ___   _____     _     ___   _____   ___   ___  
 |_   _| | __| / __| |_   _|   / __| |_   _|   /_\   | _ \ |_   _| | __| |   \ 
   | |   | _|  \__ \   | |     \__ \   | |    / _ \  |   /   | |   | _|  | |) |
   |_|   |___| |___/   |_|     |___/   |_|   /_/ \_\ |_|_\   |_|   |___| |___/ 

createMultipleStudents
--------------------------------------------------------------------------------
20:46:20.447 [CreateStudentsDataDrivenTest-1-thread-8] INFO   - 
  _____   ___   ___   _____     ___   _____     _     ___   _____   ___   ___  
 |_   _| | __| / __| |_   _|   / __| |_   _|   /_\   | _ \ |_   _| | __| |   \ 
   | |   | _|  \__ \   | |     \__ \   | |    / _ \  |   /   | |   | _|  | |) |
   |_|   |___| |___/   |_|     |___/   |_|   /_/ \_\ |_|_\   |_|   |___| |___/ 

createMultipleStudents[16]
--------------------------------------------------------------------------------
]]></system-out>
  </testcase>
  <testcase name="createMultipleStudents" classname="com.studentapplication.junit.studentsinfo.CreateStudentsDataDrivenTest" time="11.106">
    <system-out><![CDATA[20:46:20.469 [CreateStudentsDataDrivenTest-1-thread-16] DEBUG n.thucydides.core.steps.StepEventBus - Test suite started for class com.studentapplication.junit.studentsinfo.CreateStudentsDataDrivenTest
20:46:20.469 [CreateStudentsDataDrivenTest-1-thread-16] INFO   - Test Suite Started: Create students data driven test
20:46:20.469 [CreateStudentsDataDrivenTest-1-thread-16] DEBUG n.s.j.SerenityTestExecutionListener - Thread[CreateStudentsDataDrivenTest-1-thread-16,5,CreateStudentsDataDrivenTest-1] Test started TestIdentifier [uniqueId = [engine:junit-vintage]/[runner:com.studentapplication.junit.studentsinfo.CreateStudentsDataDrivenTest]/[test:com.studentapplication.junit.studentsinfo.CreateStudentsDataDrivenTest%5B17%5D]/[test:createMultipleStudents%5B17%5D(com.studentapplication.junit.studentsinfo.CreateStudentsDataDrivenTest)], parentId = [engine:junit-vintage]/[runner:com.studentapplication.junit.studentsinfo.CreateStudentsDataDrivenTest]/[test:com.studentapplication.junit.studentsinfo.CreateStudentsDataDrivenTest%5B17%5D], displayName = 'createMultipleStudents[17]', legacyReportingName = 'createMultipleStudents[17]', source = MethodSource [className = 'com.studentapplication.junit.studentsinfo.CreateStudentsDataDrivenTest', methodName = 'createMultipleStudents', methodParameterTypes = ''], tags = [], type = TEST]
20:46:20.470 [CreateStudentsDataDrivenTest-1-thread-16] INFO   - 
  _____   ___   ___   _____     ___   _____     _     ___   _____   ___   ___  
 |_   _| | __| / __| |_   _|   / __| |_   _|   /_\   | _ \ |_   _| | __| |   \ 
   | |   | _|  \__ \   | |     \__ \   | |    / _ \  |   /   | |   | _|  | |) |
   |_|   |___| |___/   |_|     |___/   |_|   /_/ \_\ |_|_\   |_|   |___| |___/ 

createMultipleStudents
--------------------------------------------------------------------------------
20:46:20.474 [CreateStudentsDataDrivenTest-1-thread-16] INFO   - 
  _____   ___   ___   _____     ___   _____     _     ___   _____   ___   ___  
 |_   _| | __| / __| |_   _|   / __| |_   _|   /_\   | _ \ |_   _| | __| |   \ 
   | |   | _|  \__ \   | |     \__ \   | |    / _ \  |   /   | |   | _|  | |) |
   |_|   |___| |___/   |_|     |___/   |_|   /_/ \_\ |_|_\   |_|   |___| |___/ 

createMultipleStudents[17]
--------------------------------------------------------------------------------
]]></system-out>
  </testcase>
  <testcase name="createMultipleStudents" classname="com.studentapplication.junit.studentsinfo.CreateStudentsDataDrivenTest" time="11.118">
    <system-out><![CDATA[20:46:20.497 [CreateStudentsDataDrivenTest-1-thread-4] DEBUG n.thucydides.core.steps.StepEventBus - Test suite started for class com.studentapplication.junit.studentsinfo.CreateStudentsDataDrivenTest
20:46:20.497 [CreateStudentsDataDrivenTest-1-thread-4] INFO   - Test Suite Started: Create students data driven test
20:46:20.498 [CreateStudentsDataDrivenTest-1-thread-4] DEBUG n.s.j.SerenityTestExecutionListener - Thread[CreateStudentsDataDrivenTest-1-thread-4,5,CreateStudentsDataDrivenTest-1] Test started TestIdentifier [uniqueId = [engine:junit-vintage]/[runner:com.studentapplication.junit.studentsinfo.CreateStudentsDataDrivenTest]/[test:com.studentapplication.junit.studentsinfo.CreateStudentsDataDrivenTest%5B18%5D]/[test:createMultipleStudents%5B18%5D(com.studentapplication.junit.studentsinfo.CreateStudentsDataDrivenTest)], parentId = [engine:junit-vintage]/[runner:com.studentapplication.junit.studentsinfo.CreateStudentsDataDrivenTest]/[test:com.studentapplication.junit.studentsinfo.CreateStudentsDataDrivenTest%5B18%5D], displayName = 'createMultipleStudents[18]', legacyReportingName = 'createMultipleStudents[18]', source = MethodSource [className = 'com.studentapplication.junit.studentsinfo.CreateStudentsDataDrivenTest', methodName = 'createMultipleStudents', methodParameterTypes = ''], tags = [], type = TEST]
20:46:20.578 [CreateStudentsDataDrivenTest-1-thread-4] INFO   - 
  _____   ___   ___   _____     ___   _____     _     ___   _____   ___   ___  
 |_   _| | __| / __| |_   _|   / __| |_   _|   /_\   | _ \ |_   _| | __| |   \ 
   | |   | _|  \__ \   | |     \__ \   | |    / _ \  |   /   | |   | _|  | |) |
   |_|   |___| |___/   |_|     |___/   |_|   /_/ \_\ |_|_\   |_|   |___| |___/ 

createMultipleStudents
--------------------------------------------------------------------------------
20:46:20.580 [CreateStudentsDataDrivenTest-1-thread-4] INFO   - 
  _____   ___   ___   _____     ___   _____     _     ___   _____   ___   ___  
 |_   _| | __| / __| |_   _|   / __| |_   _|   /_\   | _ \ |_   _| | __| |   \ 
   | |   | _|  \__ \   | |     \__ \   | |    / _ \  |   /   | |   | _|  | |) |
   |_|   |___| |___/   |_|     |___/   |_|   /_/ \_\ |_|_\   |_|   |___| |___/ 

createMultipleStudents[18]
--------------------------------------------------------------------------------
]]></system-out>
  </testcase>
  <testcase name="createMultipleStudents" classname="com.studentapplication.junit.studentsinfo.CreateStudentsDataDrivenTest" time="11.351">
    <system-out><![CDATA[20:46:20.623 [CreateStudentsDataDrivenTest-1-thread-12] DEBUG n.thucydides.core.steps.StepEventBus - Test suite started for class com.studentapplication.junit.studentsinfo.CreateStudentsDataDrivenTest
20:46:20.623 [CreateStudentsDataDrivenTest-1-thread-12] INFO   - Test Suite Started: Create students data driven test
20:46:20.624 [CreateStudentsDataDrivenTest-1-thread-12] DEBUG n.s.j.SerenityTestExecutionListener - Thread[CreateStudentsDataDrivenTest-1-thread-12,5,CreateStudentsDataDrivenTest-1] Test started TestIdentifier [uniqueId = [engine:junit-vintage]/[runner:com.studentapplication.junit.studentsinfo.CreateStudentsDataDrivenTest]/[test:com.studentapplication.junit.studentsinfo.CreateStudentsDataDrivenTest%5B19%5D]/[test:createMultipleStudents%5B19%5D(com.studentapplication.junit.studentsinfo.CreateStudentsDataDrivenTest)], parentId = [engine:junit-vintage]/[runner:com.studentapplication.junit.studentsinfo.CreateStudentsDataDrivenTest]/[test:com.studentapplication.junit.studentsinfo.CreateStudentsDataDrivenTest%5B19%5D], displayName = 'createMultipleStudents[19]', legacyReportingName = 'createMultipleStudents[19]', source = MethodSource [className = 'com.studentapplication.junit.studentsinfo.CreateStudentsDataDrivenTest', methodName = 'createMultipleStudents', methodParameterTypes = ''], tags = [], type = TEST]
20:46:20.624 [CreateStudentsDataDrivenTest-1-thread-12] INFO   - 
  _____   ___   ___   _____     ___   _____     _     ___   _____   ___   ___  
 |_   _| | __| / __| |_   _|   / __| |_   _|   /_\   | _ \ |_   _| | __| |   \ 
   | |   | _|  \__ \   | |     \__ \   | |    / _ \  |   /   | |   | _|  | |) |
   |_|   |___| |___/   |_|     |___/   |_|   /_/ \_\ |_|_\   |_|   |___| |___/ 

createMultipleStudents
--------------------------------------------------------------------------------
20:46:20.626 [CreateStudentsDataDrivenTest-1-thread-12] INFO   - 
  _____   ___   ___   _____     ___   _____     _     ___   _____   ___   ___  
 |_   _| | __| / __| |_   _|   / __| |_   _|   /_\   | _ \ |_   _| | __| |   \ 
   | |   | _|  \__ \   | |     \__ \   | |    / _ \  |   /   | |   | _|  | |) |
   |_|   |___| |___/   |_|     |___/   |_|   /_/ \_\ |_|_\   |_|   |___| |___/ 

createMultipleStudents[19]
--------------------------------------------------------------------------------
20:46:20.633 [CreateStudentsDataDrivenTest-1-thread-12] DEBUG n.t.core.steps.StepInterceptor - STARTING STEP: CreateStudentsDataDrivenTest.createMultipleStudents - Creating student with FirstName: {0}, LastName: {1}, Email: {2}, Programme: {3}, Courses: {4}
20:46:20.658 [CreateStudentsDataDrivenTest-1-thread-12] DEBUG o.a.h.i.c.BasicClientConnectionManager - Get connection for route {}->http://localhost:8085
20:46:20.659 [CreateStudentsDataDrivenTest-1-thread-12] DEBUG o.a.h.i.c.DefaultClientConnectionOperator - Connecting to localhost:8085
20:46:20.659 [CreateStudentsDataDrivenTest-1-thread-12] DEBUG o.a.h.c.protocol.RequestAddCookies - CookieSpec selected: ignoreCookies
20:46:20.659 [CreateStudentsDataDrivenTest-1-thread-12] DEBUG o.a.h.c.protocol.RequestAuthCache - Auth cache not set in the context
20:46:20.659 [CreateStudentsDataDrivenTest-1-thread-12] DEBUG o.a.h.c.p.RequestTargetAuthentication - Target auth state: UNCHALLENGED
20:46:20.659 [CreateStudentsDataDrivenTest-1-thread-12] DEBUG o.a.h.c.p.RequestProxyAuthentication - Proxy auth state: UNCHALLENGED
20:46:20.659 [CreateStudentsDataDrivenTest-1-thread-12] DEBUG o.a.h.impl.client.DefaultHttpClient - Attempt 1 to execute request
20:46:20.659 [CreateStudentsDataDrivenTest-1-thread-12] DEBUG o.a.h.i.conn.DefaultClientConnection - Sending request: POST /student HTTP/1.1
20:46:20.660 [CreateStudentsDataDrivenTest-1-thread-12] DEBUG org.apache.http.wire -  >> "POST /student HTTP/1.1[\r][\n]"
20:46:20.660 [CreateStudentsDataDrivenTest-1-thread-12] DEBUG org.apache.http.wire -  >> "Accept: */*[\r][\n]"
20:46:20.660 [CreateStudentsDataDrivenTest-1-thread-12] DEBUG org.apache.http.wire -  >> "Content-Type: application/json; charset=UTF-8[\r][\n]"
20:46:20.660 [CreateStudentsDataDrivenTest-1-thread-12] DEBUG org.apache.http.wire -  >> "Content-Length: 142[\r][\n]"
20:46:20.660 [CreateStudentsDataDrivenTest-1-thread-12] DEBUG org.apache.http.wire -  >> "Host: localhost:8085[\r][\n]"
20:46:20.660 [CreateStudentsDataDrivenTest-1-thread-12] DEBUG org.apache.http.wire -  >> "Connection: Keep-Alive[\r][\n]"
20:46:20.660 [CreateStudentsDataDrivenTest-1-thread-12] DEBUG org.apache.http.wire -  >> "User-Agent: Apache-HttpClient/4.5.13 (Java/11.0.20)[\r][\n]"
20:46:20.660 [CreateStudentsDataDrivenTest-1-thread-12] DEBUG org.apache.http.wire -  >> "Accept-Encoding: gzip,deflate[\r][\n]"
20:46:20.660 [CreateStudentsDataDrivenTest-1-thread-12] DEBUG org.apache.http.wire -  >> "[\r][\n]"
20:46:20.660 [CreateStudentsDataDrivenTest-1-thread-12] DEBUG org.apache.http.headers - >> POST /student HTTP/1.1
20:46:20.660 [CreateStudentsDataDrivenTest-1-thread-12] DEBUG org.apache.http.headers - >> Accept: */*
20:46:20.660 [CreateStudentsDataDrivenTest-1-thread-12] DEBUG org.apache.http.headers - >> Content-Type: application/json; charset=UTF-8
20:46:20.660 [CreateStudentsDataDrivenTest-1-thread-12] DEBUG org.apache.http.headers - >> Content-Length: 142
20:46:20.660 [CreateStudentsDataDrivenTest-1-thread-12] DEBUG org.apache.http.headers - >> Host: localhost:8085
20:46:20.660 [CreateStudentsDataDrivenTest-1-thread-12] DEBUG org.apache.http.headers - >> Connection: Keep-Alive
20:46:20.660 [CreateStudentsDataDrivenTest-1-thread-12] DEBUG org.apache.http.headers - >> User-Agent: Apache-HttpClient/4.5.13 (Java/11.0.20)
20:46:20.660 [CreateStudentsDataDrivenTest-1-thread-12] DEBUG org.apache.http.headers - >> Accept-Encoding: gzip,deflate
20:46:20.660 [CreateStudentsDataDrivenTest-1-thread-12] DEBUG org.apache.http.wire -  >> "{"id":0,"firstName":"Kennith","lastName":"Mc Dermid","email":"kmcdermidj@statcounter.com","programme":"Computer Science","courses":["python"]}"
20:46:20.737 [CreateStudentsDataDrivenTest-1-thread-16] DEBUG o.a.h.i.c.BasicClientConnectionManager - Get connection for route {}->http://localhost:8085
20:46:20.737 [CreateStudentsDataDrivenTest-1-thread-16] DEBUG o.a.h.i.c.DefaultClientConnectionOperator - Connecting to localhost:8085
20:46:20.738 [CreateStudentsDataDrivenTest-1-thread-16] DEBUG o.a.h.c.protocol.RequestAddCookies - CookieSpec selected: ignoreCookies
20:46:20.738 [CreateStudentsDataDrivenTest-1-thread-16] DEBUG o.a.h.c.protocol.RequestAuthCache - Auth cache not set in the context
20:46:20.738 [CreateStudentsDataDrivenTest-1-thread-16] DEBUG o.a.h.c.p.RequestTargetAuthentication - Target auth state: UNCHALLENGED
20:46:20.738 [CreateStudentsDataDrivenTest-1-thread-16] DEBUG o.a.h.c.p.RequestProxyAuthentication - Proxy auth state: UNCHALLENGED
20:46:20.738 [CreateStudentsDataDrivenTest-1-thread-16] DEBUG o.a.h.impl.client.DefaultHttpClient - Attempt 1 to execute request
20:46:20.738 [CreateStudentsDataDrivenTest-1-thread-16] DEBUG o.a.h.i.conn.DefaultClientConnection - Sending request: POST /student HTTP/1.1
20:46:20.738 [CreateStudentsDataDrivenTest-1-thread-16] DEBUG org.apache.http.wire -  >> "POST /student HTTP/1.1[\r][\n]"
20:46:20.738 [CreateStudentsDataDrivenTest-1-thread-16] DEBUG org.apache.http.wire -  >> "Accept: */*[\r][\n]"
20:46:20.738 [CreateStudentsDataDrivenTest-1-thread-16] DEBUG org.apache.http.wire -  >> "Content-Type: application/json; charset=UTF-8[\r][\n]"
20:46:20.738 [CreateStudentsDataDrivenTest-1-thread-16] DEBUG org.apache.http.wire -  >> "Content-Length: 135[\r][\n]"
20:46:20.738 [CreateStudentsDataDrivenTest-1-thread-16] DEBUG org.apache.http.wire -  >> "Host: localhost:8085[\r][\n]"
20:46:20.738 [CreateStudentsDataDrivenTest-1-thread-16] DEBUG org.apache.http.wire -  >> "Connection: Keep-Alive[\r][\n]"
20:46:20.740 [CreateStudentsDataDrivenTest-1-thread-16] DEBUG org.apache.http.wire -  >> "User-Agent: Apache-HttpClient/4.5.13 (Java/11.0.20)[\r][\n]"
20:46:20.740 [CreateStudentsDataDrivenTest-1-thread-16] DEBUG org.apache.http.wire -  >> "Accept-Encoding: gzip,deflate[\r][\n]"
20:46:20.740 [CreateStudentsDataDrivenTest-1-thread-16] DEBUG org.apache.http.wire -  >> "[\r][\n]"
20:46:20.740 [CreateStudentsDataDrivenTest-1-thread-16] DEBUG org.apache.http.headers - >> POST /student HTTP/1.1
20:46:20.740 [CreateStudentsDataDrivenTest-1-thread-16] DEBUG org.apache.http.headers - >> Accept: */*
20:46:20.740 [CreateStudentsDataDrivenTest-1-thread-16] DEBUG org.apache.http.headers - >> Content-Type: application/json; charset=UTF-8
20:46:20.740 [CreateStudentsDataDrivenTest-1-thread-16] DEBUG org.apache.http.headers - >> Content-Length: 135
20:46:20.740 [CreateStudentsDataDrivenTest-1-thread-16] DEBUG org.apache.http.headers - >> Host: localhost:8085
20:46:20.740 [CreateStudentsDataDrivenTest-1-thread-16] DEBUG org.apache.http.headers - >> Connection: Keep-Alive
20:46:20.740 [CreateStudentsDataDrivenTest-1-thread-16] DEBUG org.apache.http.headers - >> User-Agent: Apache-HttpClient/4.5.13 (Java/11.0.20)
20:46:20.740 [CreateStudentsDataDrivenTest-1-thread-16] DEBUG org.apache.http.headers - >> Accept-Encoding: gzip,deflate
20:46:20.740 [CreateStudentsDataDrivenTest-1-thread-16] DEBUG org.apache.http.wire -  >> "{"id":0,"firstName":"Dulcinea","lastName":"Linger","email":"dlingerh@cloudflare.com","programme":"Computer Science","courses":["java"]}"
20:46:20.743 [CreateStudentsDataDrivenTest-1-thread-4] DEBUG n.t.core.steps.StepInterceptor - STARTING STEP: CreateStudentsDataDrivenTest.createMultipleStudents - Creating student with FirstName: {0}, LastName: {1}, Email: {2}, Programme: {3}, Courses: {4}
]]></system-out>
  </testcase>
  <testcase name="createMultipleStudents" classname="com.studentapplication.junit.studentsinfo.CreateStudentsDataDrivenTest" time="11.286">
    <system-out><![CDATA[20:46:20.784 [CreateStudentsDataDrivenTest-1-thread-6] DEBUG n.thucydides.core.steps.StepEventBus - Test suite started for class com.studentapplication.junit.studentsinfo.CreateStudentsDataDrivenTest
20:46:20.785 [CreateStudentsDataDrivenTest-1-thread-6] INFO   - Test Suite Started: Create students data driven test
20:46:20.785 [CreateStudentsDataDrivenTest-1-thread-6] DEBUG n.s.j.SerenityTestExecutionListener - Thread[CreateStudentsDataDrivenTest-1-thread-6,5,CreateStudentsDataDrivenTest-1] Test started TestIdentifier [uniqueId = [engine:junit-vintage]/[runner:com.studentapplication.junit.studentsinfo.CreateStudentsDataDrivenTest]/[test:com.studentapplication.junit.studentsinfo.CreateStudentsDataDrivenTest%5B20%5D]/[test:createMultipleStudents%5B20%5D(com.studentapplication.junit.studentsinfo.CreateStudentsDataDrivenTest)], parentId = [engine:junit-vintage]/[runner:com.studentapplication.junit.studentsinfo.CreateStudentsDataDrivenTest]/[test:com.studentapplication.junit.studentsinfo.CreateStudentsDataDrivenTest%5B20%5D], displayName = 'createMultipleStudents[20]', legacyReportingName = 'createMultipleStudents[20]', source = MethodSource [className = 'com.studentapplication.junit.studentsinfo.CreateStudentsDataDrivenTest', methodName = 'createMultipleStudents', methodParameterTypes = ''], tags = [], type = TEST]
20:46:20.785 [CreateStudentsDataDrivenTest-1-thread-6] INFO   - 
  _____   ___   ___   _____     ___   _____     _     ___   _____   ___   ___  
 |_   _| | __| / __| |_   _|   / __| |_   _|   /_\   | _ \ |_   _| | __| |   \ 
   | |   | _|  \__ \   | |     \__ \   | |    / _ \  |   /   | |   | _|  | |) |
   |_|   |___| |___/   |_|     |___/   |_|   /_/ \_\ |_|_\   |_|   |___| |___/ 

createMultipleStudents
--------------------------------------------------------------------------------
20:46:20.787 [CreateStudentsDataDrivenTest-1-thread-6] INFO   - 
  _____   ___   ___   _____     ___   _____     _     ___   _____   ___   ___  
 |_   _| | __| / __| |_   _|   / __| |_   _|   /_\   | _ \ |_   _| | __| |   \ 
   | |   | _|  \__ \   | |     \__ \   | |    / _ \  |   /   | |   | _|  | |) |
   |_|   |___| |___/   |_|     |___/   |_|   /_/ \_\ |_|_\   |_|   |___| |___/ 

createMultipleStudents[20]
--------------------------------------------------------------------------------
]]></system-out>
  </testcase>
  <testcase name="createMultipleStudents" classname="com.studentapplication.junit.studentsinfo.CreateStudentsDataDrivenTest" time="11.428">
    <system-out><![CDATA[20:46:20.802 [CreateStudentsDataDrivenTest-1-thread-14] DEBUG n.thucydides.core.steps.StepEventBus - Test suite started for class com.studentapplication.junit.studentsinfo.CreateStudentsDataDrivenTest
20:46:20.802 [CreateStudentsDataDrivenTest-1-thread-14] INFO   - Test Suite Started: Create students data driven test
20:46:20.803 [CreateStudentsDataDrivenTest-1-thread-14] DEBUG n.s.j.SerenityTestExecutionListener - Thread[CreateStudentsDataDrivenTest-1-thread-14,5,CreateStudentsDataDrivenTest-1] Test started TestIdentifier [uniqueId = [engine:junit-vintage]/[runner:com.studentapplication.junit.studentsinfo.CreateStudentsDataDrivenTest]/[test:com.studentapplication.junit.studentsinfo.CreateStudentsDataDrivenTest%5B21%5D]/[test:createMultipleStudents%5B21%5D(com.studentapplication.junit.studentsinfo.CreateStudentsDataDrivenTest)], parentId = [engine:junit-vintage]/[runner:com.studentapplication.junit.studentsinfo.CreateStudentsDataDrivenTest]/[test:com.studentapplication.junit.studentsinfo.CreateStudentsDataDrivenTest%5B21%5D], displayName = 'createMultipleStudents[21]', legacyReportingName = 'createMultipleStudents[21]', source = MethodSource [className = 'com.studentapplication.junit.studentsinfo.CreateStudentsDataDrivenTest', methodName = 'createMultipleStudents', methodParameterTypes = ''], tags = [], type = TEST]
20:46:20.804 [CreateStudentsDataDrivenTest-1-thread-14] INFO   - 
  _____   ___   ___   _____     ___   _____     _     ___   _____   ___   ___  
 |_   _| | __| / __| |_   _|   / __| |_   _|   /_\   | _ \ |_   _| | __| |   \ 
   | |   | _|  \__ \   | |     \__ \   | |    / _ \  |   /   | |   | _|  | |) |
   |_|   |___| |___/   |_|     |___/   |_|   /_/ \_\ |_|_\   |_|   |___| |___/ 

createMultipleStudents
--------------------------------------------------------------------------------
20:46:20.806 [CreateStudentsDataDrivenTest-1-thread-8] DEBUG o.a.h.i.c.BasicClientConnectionManager - Get connection for route {}->http://localhost:8085
20:46:20.806 [CreateStudentsDataDrivenTest-1-thread-8] DEBUG o.a.h.i.c.DefaultClientConnectionOperator - Connecting to localhost:8085
20:46:20.807 [CreateStudentsDataDrivenTest-1-thread-8] DEBUG o.a.h.c.protocol.RequestAddCookies - CookieSpec selected: ignoreCookies
20:46:20.807 [CreateStudentsDataDrivenTest-1-thread-8] DEBUG o.a.h.c.protocol.RequestAuthCache - Auth cache not set in the context
20:46:20.807 [CreateStudentsDataDrivenTest-1-thread-8] DEBUG o.a.h.c.p.RequestTargetAuthentication - Target auth state: UNCHALLENGED
20:46:20.807 [CreateStudentsDataDrivenTest-1-thread-8] DEBUG o.a.h.c.p.RequestProxyAuthentication - Proxy auth state: UNCHALLENGED
20:46:20.807 [CreateStudentsDataDrivenTest-1-thread-8] DEBUG o.a.h.impl.client.DefaultHttpClient - Attempt 1 to execute request
20:46:20.807 [CreateStudentsDataDrivenTest-1-thread-8] DEBUG o.a.h.i.conn.DefaultClientConnection - Sending request: POST /student HTTP/1.1
20:46:20.807 [CreateStudentsDataDrivenTest-1-thread-8] DEBUG org.apache.http.wire -  >> "POST /student HTTP/1.1[\r][\n]"
20:46:20.807 [CreateStudentsDataDrivenTest-1-thread-8] DEBUG org.apache.http.wire -  >> "Accept: */*[\r][\n]"
20:46:20.807 [CreateStudentsDataDrivenTest-1-thread-8] DEBUG org.apache.http.wire -  >> "Content-Type: application/json; charset=UTF-8[\r][\n]"
20:46:20.808 [CreateStudentsDataDrivenTest-1-thread-8] DEBUG org.apache.http.wire -  >> "Content-Length: 125[\r][\n]"
20:46:20.808 [CreateStudentsDataDrivenTest-1-thread-8] DEBUG org.apache.http.wire -  >> "Host: localhost:8085[\r][\n]"
20:46:20.808 [CreateStudentsDataDrivenTest-1-thread-8] DEBUG org.apache.http.wire -  >> "Connection: Keep-Alive[\r][\n]"
20:46:20.808 [CreateStudentsDataDrivenTest-1-thread-8] DEBUG org.apache.http.wire -  >> "User-Agent: Apache-HttpClient/4.5.13 (Java/11.0.20)[\r][\n]"
20:46:20.808 [CreateStudentsDataDrivenTest-1-thread-8] DEBUG org.apache.http.wire -  >> "Accept-Encoding: gzip,deflate[\r][\n]"
20:46:20.808 [CreateStudentsDataDrivenTest-1-thread-8] DEBUG org.apache.http.wire -  >> "[\r][\n]"
20:46:20.808 [CreateStudentsDataDrivenTest-1-thread-8] DEBUG org.apache.http.headers - >> POST /student HTTP/1.1
20:46:20.808 [CreateStudentsDataDrivenTest-1-thread-8] DEBUG org.apache.http.headers - >> Accept: */*
20:46:20.808 [CreateStudentsDataDrivenTest-1-thread-8] DEBUG org.apache.http.headers - >> Content-Type: application/json; charset=UTF-8
20:46:20.808 [CreateStudentsDataDrivenTest-1-thread-8] DEBUG org.apache.http.headers - >> Content-Length: 125
20:46:20.808 [CreateStudentsDataDrivenTest-1-thread-8] DEBUG org.apache.http.headers - >> Host: localhost:8085
20:46:20.808 [CreateStudentsDataDrivenTest-1-thread-8] DEBUG org.apache.http.headers - >> Connection: Keep-Alive
20:46:20.808 [CreateStudentsDataDrivenTest-1-thread-8] DEBUG org.apache.http.headers - >> User-Agent: Apache-HttpClient/4.5.13 (Java/11.0.20)
20:46:20.808 [CreateStudentsDataDrivenTest-1-thread-8] DEBUG org.apache.http.headers - >> Accept-Encoding: gzip,deflate
20:46:20.808 [CreateStudentsDataDrivenTest-1-thread-8] DEBUG org.apache.http.wire -  >> "{"id":0,"firstName":"Fulvia","lastName":"Ferie","email":"fferieg@icq.com","programme":"Computer Science","courses":["scala"]}"
20:46:20.809 [CreateStudentsDataDrivenTest-1-thread-14] INFO   - 
  _____   ___   ___   _____     ___   _____     _     ___   _____   ___   ___  
 |_   _| | __| / __| |_   _|   / __| |_   _|   /_\   | _ \ |_   _| | __| |   \ 
   | |   | _|  \__ \   | |     \__ \   | |    / _ \  |   /   | |   | _|  | |) |
   |_|   |___| |___/   |_|     |___/   |_|   /_/ \_\ |_|_\   |_|   |___| |___/ 

createMultipleStudents[21]
--------------------------------------------------------------------------------
20:46:20.817 [CreateStudentsDataDrivenTest-1-thread-14] DEBUG n.t.core.steps.StepInterceptor - STARTING STEP: CreateStudentsDataDrivenTest.createMultipleStudents - Creating student with FirstName: {0}, LastName: {1}, Email: {2}, Programme: {3}, Courses: {4}
20:46:20.820 [CreateStudentsDataDrivenTest-1-thread-6] DEBUG o.a.h.i.c.BasicClientConnectionManager - Get connection for route {}->http://localhost:8085
20:46:20.820 [CreateStudentsDataDrivenTest-1-thread-6] DEBUG o.a.h.i.c.DefaultClientConnectionOperator - Connecting to localhost:8085
20:46:20.821 [CreateStudentsDataDrivenTest-1-thread-6] DEBUG o.a.h.c.protocol.RequestAddCookies - CookieSpec selected: ignoreCookies
20:46:20.821 [CreateStudentsDataDrivenTest-1-thread-6] DEBUG o.a.h.c.protocol.RequestAuthCache - Auth cache not set in the context
20:46:20.821 [CreateStudentsDataDrivenTest-1-thread-6] DEBUG o.a.h.c.p.RequestTargetAuthentication - Target auth state: UNCHALLENGED
20:46:20.821 [CreateStudentsDataDrivenTest-1-thread-6] DEBUG o.a.h.c.p.RequestProxyAuthentication - Proxy auth state: UNCHALLENGED
20:46:20.821 [CreateStudentsDataDrivenTest-1-thread-6] DEBUG o.a.h.impl.client.DefaultHttpClient - Attempt 1 to execute request
20:46:20.821 [CreateStudentsDataDrivenTest-1-thread-6] DEBUG o.a.h.i.conn.DefaultClientConnection - Sending request: POST /student HTTP/1.1
20:46:20.821 [CreateStudentsDataDrivenTest-1-thread-6] DEBUG org.apache.http.wire -  >> "POST /student HTTP/1.1[\r][\n]"
20:46:20.821 [CreateStudentsDataDrivenTest-1-thread-6] DEBUG org.apache.http.wire -  >> "Accept: */*[\r][\n]"
20:46:20.821 [CreateStudentsDataDrivenTest-1-thread-6] DEBUG org.apache.http.wire -  >> "Content-Type: application/json; charset=UTF-8[\r][\n]"
20:46:20.821 [CreateStudentsDataDrivenTest-1-thread-6] DEBUG org.apache.http.wire -  >> "Content-Length: 135[\r][\n]"
20:46:20.821 [CreateStudentsDataDrivenTest-1-thread-6] DEBUG org.apache.http.wire -  >> "Host: localhost:8085[\r][\n]"
20:46:20.821 [CreateStudentsDataDrivenTest-1-thread-6] DEBUG org.apache.http.wire -  >> "Connection: Keep-Alive[\r][\n]"
20:46:20.821 [CreateStudentsDataDrivenTest-1-thread-6] DEBUG org.apache.http.wire -  >> "User-Agent: Apache-HttpClient/4.5.13 (Java/11.0.20)[\r][\n]"
20:46:20.821 [CreateStudentsDataDrivenTest-1-thread-6] DEBUG org.apache.http.wire -  >> "Accept-Encoding: gzip,deflate[\r][\n]"
20:46:20.821 [CreateStudentsDataDrivenTest-1-thread-6] DEBUG org.apache.http.wire -  >> "[\r][\n]"
20:46:20.821 [CreateStudentsDataDrivenTest-1-thread-6] DEBUG org.apache.http.headers - >> POST /student HTTP/1.1
20:46:20.821 [CreateStudentsDataDrivenTest-1-thread-6] DEBUG org.apache.http.headers - >> Accept: */*
20:46:20.821 [CreateStudentsDataDrivenTest-1-thread-6] DEBUG org.apache.http.headers - >> Content-Type: application/json; charset=UTF-8
20:46:20.821 [CreateStudentsDataDrivenTest-1-thread-6] DEBUG org.apache.http.headers - >> Content-Length: 135
20:46:20.821 [CreateStudentsDataDrivenTest-1-thread-6] DEBUG org.apache.http.headers - >> Host: localhost:8085
20:46:20.821 [CreateStudentsDataDrivenTest-1-thread-6] DEBUG org.apache.http.headers - >> Connection: Keep-Alive
20:46:20.821 [CreateStudentsDataDrivenTest-1-thread-6] DEBUG org.apache.http.headers - >> User-Agent: Apache-HttpClient/4.5.13 (Java/11.0.20)
20:46:20.821 [CreateStudentsDataDrivenTest-1-thread-6] DEBUG org.apache.http.headers - >> Accept-Encoding: gzip,deflate
20:46:20.821 [CreateStudentsDataDrivenTest-1-thread-6] DEBUG org.apache.http.wire -  >> "{"id":0,"firstName":"Ivette","lastName":"Leicester","email":"ileicesterk@friendfeed.com","programme":"Electrical","courses":["python"]}"
]]></system-out>
  </testcase>
  <testcase name="createMultipleStudents" classname="com.studentapplication.junit.studentsinfo.CreateStudentsDataDrivenTest" time="11.502">
    <system-out><![CDATA[20:46:20.830 [CreateStudentsDataDrivenTest-1-thread-3] DEBUG n.thucydides.core.steps.StepEventBus - Test suite started for class com.studentapplication.junit.studentsinfo.CreateStudentsDataDrivenTest
20:46:20.831 [CreateStudentsDataDrivenTest-1-thread-3] INFO   - Test Suite Started: Create students data driven test
20:46:20.831 [CreateStudentsDataDrivenTest-1-thread-3] DEBUG n.s.j.SerenityTestExecutionListener - Thread[CreateStudentsDataDrivenTest-1-thread-3,5,CreateStudentsDataDrivenTest-1] Test started TestIdentifier [uniqueId = [engine:junit-vintage]/[runner:com.studentapplication.junit.studentsinfo.CreateStudentsDataDrivenTest]/[test:com.studentapplication.junit.studentsinfo.CreateStudentsDataDrivenTest%5B22%5D]/[test:createMultipleStudents%5B22%5D(com.studentapplication.junit.studentsinfo.CreateStudentsDataDrivenTest)], parentId = [engine:junit-vintage]/[runner:com.studentapplication.junit.studentsinfo.CreateStudentsDataDrivenTest]/[test:com.studentapplication.junit.studentsinfo.CreateStudentsDataDrivenTest%5B22%5D], displayName = 'createMultipleStudents[22]', legacyReportingName = 'createMultipleStudents[22]', source = MethodSource [className = 'com.studentapplication.junit.studentsinfo.CreateStudentsDataDrivenTest', methodName = 'createMultipleStudents', methodParameterTypes = ''], tags = [], type = TEST]
20:46:20.831 [CreateStudentsDataDrivenTest-1-thread-3] INFO   - 
  _____   ___   ___   _____     ___   _____     _     ___   _____   ___   ___  
 |_   _| | __| / __| |_   _|   / __| |_   _|   /_\   | _ \ |_   _| | __| |   \ 
   | |   | _|  \__ \   | |     \__ \   | |    / _ \  |   /   | |   | _|  | |) |
   |_|   |___| |___/   |_|     |___/   |_|   /_/ \_\ |_|_\   |_|   |___| |___/ 

createMultipleStudents
--------------------------------------------------------------------------------
20:46:20.832 [CreateStudentsDataDrivenTest-1-thread-3] INFO   - 
  _____   ___   ___   _____     ___   _____     _     ___   _____   ___   ___  
 |_   _| | __| / __| |_   _|   / __| |_   _|   /_\   | _ \ |_   _| | __| |   \ 
   | |   | _|  \__ \   | |     \__ \   | |    / _ \  |   /   | |   | _|  | |) |
   |_|   |___| |___/   |_|     |___/   |_|   /_/ \_\ |_|_\   |_|   |___| |___/ 

createMultipleStudents[22]
--------------------------------------------------------------------------------
20:46:20.838 [CreateStudentsDataDrivenTest-1-thread-3] DEBUG n.t.core.steps.StepInterceptor - STARTING STEP: CreateStudentsDataDrivenTest.createMultipleStudents - Creating student with FirstName: {0}, LastName: {1}, Email: {2}, Programme: {3}, Courses: {4}
20:46:20.849 [CreateStudentsDataDrivenTest-1-thread-3] DEBUG o.a.h.i.c.BasicClientConnectionManager - Get connection for route {}->http://localhost:8085
20:46:20.849 [CreateStudentsDataDrivenTest-1-thread-3] DEBUG o.a.h.i.c.DefaultClientConnectionOperator - Connecting to localhost:8085
20:46:20.850 [CreateStudentsDataDrivenTest-1-thread-3] DEBUG o.a.h.c.protocol.RequestAddCookies - CookieSpec selected: ignoreCookies
20:46:20.850 [CreateStudentsDataDrivenTest-1-thread-3] DEBUG o.a.h.c.protocol.RequestAuthCache - Auth cache not set in the context
20:46:20.850 [CreateStudentsDataDrivenTest-1-thread-3] DEBUG o.a.h.c.p.RequestTargetAuthentication - Target auth state: UNCHALLENGED
20:46:20.850 [CreateStudentsDataDrivenTest-1-thread-3] DEBUG o.a.h.c.p.RequestProxyAuthentication - Proxy auth state: UNCHALLENGED
20:46:20.850 [CreateStudentsDataDrivenTest-1-thread-3] DEBUG o.a.h.impl.client.DefaultHttpClient - Attempt 1 to execute request
20:46:20.850 [CreateStudentsDataDrivenTest-1-thread-3] DEBUG o.a.h.i.conn.DefaultClientConnection - Sending request: POST /student HTTP/1.1
20:46:20.850 [CreateStudentsDataDrivenTest-1-thread-3] DEBUG org.apache.http.wire -  >> "POST /student HTTP/1.1[\r][\n]"
20:46:20.850 [CreateStudentsDataDrivenTest-1-thread-3] DEBUG org.apache.http.wire -  >> "Accept: */*[\r][\n]"
20:46:20.850 [CreateStudentsDataDrivenTest-1-thread-3] DEBUG org.apache.http.wire -  >> "Content-Type: application/json; charset=UTF-8[\r][\n]"
20:46:20.851 [CreateStudentsDataDrivenTest-1-thread-3] DEBUG org.apache.http.wire -  >> "Content-Length: 124[\r][\n]"
20:46:20.851 [CreateStudentsDataDrivenTest-1-thread-3] DEBUG org.apache.http.wire -  >> "Host: localhost:8085[\r][\n]"
20:46:20.851 [CreateStudentsDataDrivenTest-1-thread-3] DEBUG org.apache.http.wire -  >> "Connection: Keep-Alive[\r][\n]"
20:46:20.851 [CreateStudentsDataDrivenTest-1-thread-3] DEBUG org.apache.http.wire -  >> "User-Agent: Apache-HttpClient/4.5.13 (Java/11.0.20)[\r][\n]"
20:46:20.851 [CreateStudentsDataDrivenTest-1-thread-3] DEBUG org.apache.http.wire -  >> "Accept-Encoding: gzip,deflate[\r][\n]"
20:46:20.851 [CreateStudentsDataDrivenTest-1-thread-3] DEBUG org.apache.http.wire -  >> "[\r][\n]"
20:46:20.851 [CreateStudentsDataDrivenTest-1-thread-3] DEBUG org.apache.http.headers - >> POST /student HTTP/1.1
20:46:20.851 [CreateStudentsDataDrivenTest-1-thread-3] DEBUG org.apache.http.headers - >> Accept: */*
20:46:20.851 [CreateStudentsDataDrivenTest-1-thread-3] DEBUG org.apache.http.headers - >> Content-Type: application/json; charset=UTF-8
20:46:20.851 [CreateStudentsDataDrivenTest-1-thread-3] DEBUG org.apache.http.headers - >> Content-Length: 124
20:46:20.851 [CreateStudentsDataDrivenTest-1-thread-3] DEBUG org.apache.http.headers - >> Host: localhost:8085
20:46:20.851 [CreateStudentsDataDrivenTest-1-thread-3] DEBUG org.apache.http.headers - >> Connection: Keep-Alive
20:46:20.851 [CreateStudentsDataDrivenTest-1-thread-3] DEBUG org.apache.http.headers - >> User-Agent: Apache-HttpClient/4.5.13 (Java/11.0.20)
20:46:20.851 [CreateStudentsDataDrivenTest-1-thread-3] DEBUG org.apache.http.headers - >> Accept-Encoding: gzip,deflate
20:46:20.851 [CreateStudentsDataDrivenTest-1-thread-3] DEBUG org.apache.http.wire -  >> "{"id":0,"firstName":"Laurie","lastName":"Siggens","email":"lsiggensm@java.com","programme":"Electrical","courses":["scala"]}"
]]></system-out>
  </testcase>
  <testcase name="createMultipleStudents" classname="com.studentapplication.junit.studentsinfo.CreateStudentsDataDrivenTest" time="11.391">
    <system-out><![CDATA[20:46:20.863 [CreateStudentsDataDrivenTest-1-thread-1] DEBUG n.thucydides.core.steps.StepEventBus - Test suite started for class com.studentapplication.junit.studentsinfo.CreateStudentsDataDrivenTest
20:46:20.863 [CreateStudentsDataDrivenTest-1-thread-1] INFO   - Test Suite Started: Create students data driven test
20:46:20.864 [CreateStudentsDataDrivenTest-1-thread-1] DEBUG n.s.j.SerenityTestExecutionListener - Thread[CreateStudentsDataDrivenTest-1-thread-1,5,CreateStudentsDataDrivenTest-1] Test started TestIdentifier [uniqueId = [engine:junit-vintage]/[runner:com.studentapplication.junit.studentsinfo.CreateStudentsDataDrivenTest]/[test:com.studentapplication.junit.studentsinfo.CreateStudentsDataDrivenTest%5B23%5D]/[test:createMultipleStudents%5B23%5D(com.studentapplication.junit.studentsinfo.CreateStudentsDataDrivenTest)], parentId = [engine:junit-vintage]/[runner:com.studentapplication.junit.studentsinfo.CreateStudentsDataDrivenTest]/[test:com.studentapplication.junit.studentsinfo.CreateStudentsDataDrivenTest%5B23%5D], displayName = 'createMultipleStudents[23]', legacyReportingName = 'createMultipleStudents[23]', source = MethodSource [className = 'com.studentapplication.junit.studentsinfo.CreateStudentsDataDrivenTest', methodName = 'createMultipleStudents', methodParameterTypes = ''], tags = [], type = TEST]
20:46:20.864 [CreateStudentsDataDrivenTest-1-thread-1] INFO   - 
  _____   ___   ___   _____     ___   _____     _     ___   _____   ___   ___  
 |_   _| | __| / __| |_   _|   / __| |_   _|   /_\   | _ \ |_   _| | __| |   \ 
   | |   | _|  \__ \   | |     \__ \   | |    / _ \  |   /   | |   | _|  | |) |
   |_|   |___| |___/   |_|     |___/   |_|   /_/ \_\ |_|_\   |_|   |___| |___/ 

createMultipleStudents
--------------------------------------------------------------------------------
20:46:20.865 [CreateStudentsDataDrivenTest-1-thread-1] INFO   - 
  _____   ___   ___   _____     ___   _____     _     ___   _____   ___   ___  
 |_   _| | __| / __| |_   _|   / __| |_   _|   /_\   | _ \ |_   _| | __| |   \ 
   | |   | _|  \__ \   | |     \__ \   | |    / _ \  |   /   | |   | _|  | |) |
   |_|   |___| |___/   |_|     |___/   |_|   /_/ \_\ |_|_\   |_|   |___| |___/ 

createMultipleStudents[23]
--------------------------------------------------------------------------------
20:46:20.870 [CreateStudentsDataDrivenTest-1-thread-1] DEBUG n.t.core.steps.StepInterceptor - STARTING STEP: CreateStudentsDataDrivenTest.createMultipleStudents - Creating student with FirstName: {0}, LastName: {1}, Email: {2}, Programme: {3}, Courses: {4}
20:46:20.885 [CreateStudentsDataDrivenTest-1-thread-1] DEBUG o.a.h.i.c.BasicClientConnectionManager - Get connection for route {}->http://localhost:8085
]]></system-out>
  </testcase>
  <testcase name="createMultipleStudents" classname="com.studentapplication.junit.studentsinfo.CreateStudentsDataDrivenTest" time="11.366">
    <system-out><![CDATA[20:46:20.885 [CreateStudentsDataDrivenTest-1-thread-1] DEBUG o.a.h.i.c.DefaultClientConnectionOperator - Connecting to localhost:8085
20:46:20.886 [CreateStudentsDataDrivenTest-1-thread-1] DEBUG o.a.h.c.protocol.RequestAddCookies - CookieSpec selected: ignoreCookies
20:46:20.886 [CreateStudentsDataDrivenTest-1-thread-1] DEBUG o.a.h.c.protocol.RequestAuthCache - Auth cache not set in the context
20:46:20.886 [CreateStudentsDataDrivenTest-1-thread-1] DEBUG o.a.h.c.p.RequestTargetAuthentication - Target auth state: UNCHALLENGED
20:46:20.886 [CreateStudentsDataDrivenTest-1-thread-1] DEBUG o.a.h.c.p.RequestProxyAuthentication - Proxy auth state: UNCHALLENGED
20:46:20.886 [CreateStudentsDataDrivenTest-1-thread-1] DEBUG o.a.h.impl.client.DefaultHttpClient - Attempt 1 to execute request
20:46:20.887 [CreateStudentsDataDrivenTest-1-thread-1] DEBUG o.a.h.i.conn.DefaultClientConnection - Sending request: POST /student HTTP/1.1
20:46:20.887 [CreateStudentsDataDrivenTest-1-thread-1] DEBUG org.apache.http.wire -  >> "POST /student HTTP/1.1[\r][\n]"
20:46:20.886 [CreateStudentsDataDrivenTest-1-thread-14] DEBUG o.a.h.i.c.BasicClientConnectionManager - Get connection for route {}->http://localhost:8085
20:46:20.887 [CreateStudentsDataDrivenTest-1-thread-1] DEBUG org.apache.http.wire -  >> "Accept: */*[\r][\n]"
20:46:20.887 [CreateStudentsDataDrivenTest-1-thread-1] DEBUG org.apache.http.wire -  >> "Content-Type: application/json; charset=UTF-8[\r][\n]"
20:46:20.887 [CreateStudentsDataDrivenTest-1-thread-1] DEBUG org.apache.http.wire -  >> "Content-Length: 146[\r][\n]"
20:46:20.887 [CreateStudentsDataDrivenTest-1-thread-1] DEBUG org.apache.http.wire -  >> "Host: localhost:8085[\r][\n]"
]]></system-out>
  </testcase>
  <testcase name="createMultipleStudents" classname="com.studentapplication.junit.studentsinfo.CreateStudentsDataDrivenTest" time="11.347">
    <system-out><![CDATA[20:46:20.901 [CreateStudentsDataDrivenTest-1-thread-7] DEBUG n.thucydides.core.steps.StepEventBus - Test suite started for class com.studentapplication.junit.studentsinfo.CreateStudentsDataDrivenTest
20:46:20.901 [CreateStudentsDataDrivenTest-1-thread-7] INFO   - Test Suite Started: Create students data driven test
20:46:20.901 [CreateStudentsDataDrivenTest-1-thread-7] DEBUG n.s.j.SerenityTestExecutionListener - Thread[CreateStudentsDataDrivenTest-1-thread-7,5,CreateStudentsDataDrivenTest-1] Test started TestIdentifier [uniqueId = [engine:junit-vintage]/[runner:com.studentapplication.junit.studentsinfo.CreateStudentsDataDrivenTest]/[test:com.studentapplication.junit.studentsinfo.CreateStudentsDataDrivenTest%5B24%5D]/[test:createMultipleStudents%5B24%5D(com.studentapplication.junit.studentsinfo.CreateStudentsDataDrivenTest)], parentId = [engine:junit-vintage]/[runner:com.studentapplication.junit.studentsinfo.CreateStudentsDataDrivenTest]/[test:com.studentapplication.junit.studentsinfo.CreateStudentsDataDrivenTest%5B24%5D], displayName = 'createMultipleStudents[24]', legacyReportingName = 'createMultipleStudents[24]', source = MethodSource [className = 'com.studentapplication.junit.studentsinfo.CreateStudentsDataDrivenTest', methodName = 'createMultipleStudents', methodParameterTypes = ''], tags = [], type = TEST]
20:46:20.902 [CreateStudentsDataDrivenTest-1-thread-7] INFO   - 
  _____   ___   ___   _____     ___   _____     _     ___   _____   ___   ___  
 |_   _| | __| / __| |_   _|   / __| |_   _|   /_\   | _ \ |_   _| | __| |   \ 
   | |   | _|  \__ \   | |     \__ \   | |    / _ \  |   /   | |   | _|  | |) |
   |_|   |___| |___/   |_|     |___/   |_|   /_/ \_\ |_|_\   |_|   |___| |___/ 

createMultipleStudents
--------------------------------------------------------------------------------
20:46:20.903 [CreateStudentsDataDrivenTest-1-thread-7] INFO   - 
  _____   ___   ___   _____     ___   _____     _     ___   _____   ___   ___  
 |_   _| | __| / __| |_   _|   / __| |_   _|   /_\   | _ \ |_   _| | __| |   \ 
   | |   | _|  \__ \   | |     \__ \   | |    / _ \  |   /   | |   | _|  | |) |
   |_|   |___| |___/   |_|     |___/   |_|   /_/ \_\ |_|_\   |_|   |___| |___/ 

createMultipleStudents[24]
--------------------------------------------------------------------------------
20:46:20.909 [CreateStudentsDataDrivenTest-1-thread-7] DEBUG n.t.core.steps.StepInterceptor - STARTING STEP: CreateStudentsDataDrivenTest.createMultipleStudents - Creating student with FirstName: {0}, LastName: {1}, Email: {2}, Programme: {3}, Courses: {4}
]]></system-out>
  </testcase>
  <testcase name="createMultipleStudents" classname="com.studentapplication.junit.studentsinfo.CreateStudentsDataDrivenTest" time="11.461">
    <system-out><![CDATA[20:46:20.945 [CreateStudentsDataDrivenTest-1-thread-10] DEBUG n.thucydides.core.steps.StepEventBus - Test suite started for class com.studentapplication.junit.studentsinfo.CreateStudentsDataDrivenTest
20:46:20.946 [CreateStudentsDataDrivenTest-1-thread-10] INFO   - Test Suite Started: Create students data driven test
20:46:20.947 [CreateStudentsDataDrivenTest-1-thread-10] DEBUG n.s.j.SerenityTestExecutionListener - Thread[CreateStudentsDataDrivenTest-1-thread-10,5,CreateStudentsDataDrivenTest-1] Test started TestIdentifier [uniqueId = [engine:junit-vintage]/[runner:com.studentapplication.junit.studentsinfo.CreateStudentsDataDrivenTest]/[test:com.studentapplication.junit.studentsinfo.CreateStudentsDataDrivenTest%5B25%5D]/[test:createMultipleStudents%5B25%5D(com.studentapplication.junit.studentsinfo.CreateStudentsDataDrivenTest)], parentId = [engine:junit-vintage]/[runner:com.studentapplication.junit.studentsinfo.CreateStudentsDataDrivenTest]/[test:com.studentapplication.junit.studentsinfo.CreateStudentsDataDrivenTest%5B25%5D], displayName = 'createMultipleStudents[25]', legacyReportingName = 'createMultipleStudents[25]', source = MethodSource [className = 'com.studentapplication.junit.studentsinfo.CreateStudentsDataDrivenTest', methodName = 'createMultipleStudents', methodParameterTypes = ''], tags = [], type = TEST]
20:46:20.947 [CreateStudentsDataDrivenTest-1-thread-10] INFO   - 
  _____   ___   ___   _____     ___   _____     _     ___   _____   ___   ___  
 |_   _| | __| / __| |_   _|   / __| |_   _|   /_\   | _ \ |_   _| | __| |   \ 
   | |   | _|  \__ \   | |     \__ \   | |    / _ \  |   /   | |   | _|  | |) |
   |_|   |___| |___/   |_|     |___/   |_|   /_/ \_\ |_|_\   |_|   |___| |___/ 

createMultipleStudents
--------------------------------------------------------------------------------
20:46:20.950 [CreateStudentsDataDrivenTest-1-thread-10] INFO   - 
  _____   ___   ___   _____     ___   _____     _     ___   _____   ___   ___  
 |_   _| | __| / __| |_   _|   / __| |_   _|   /_\   | _ \ |_   _| | __| |   \ 
   | |   | _|  \__ \   | |     \__ \   | |    / _ \  |   /   | |   | _|  | |) |
   |_|   |___| |___/   |_|     |___/   |_|   /_/ \_\ |_|_\   |_|   |___| |___/ 

createMultipleStudents[25]
--------------------------------------------------------------------------------
20:46:20.978 [CreateStudentsDataDrivenTest-1-thread-10] DEBUG n.t.core.steps.StepInterceptor - STARTING STEP: CreateStudentsDataDrivenTest.createMultipleStudents - Creating student with FirstName: {0}, LastName: {1}, Email: {2}, Programme: {3}, Courses: {4}
]]></system-out>
  </testcase>
  <testcase name="createMultipleStudents" classname="com.studentapplication.junit.studentsinfo.CreateStudentsDataDrivenTest" time="11.554">
    <system-out><![CDATA[20:46:21.027 [CreateStudentsDataDrivenTest-1-thread-5] DEBUG n.thucydides.core.steps.StepEventBus - Test suite started for class com.studentapplication.junit.studentsinfo.CreateStudentsDataDrivenTest
20:46:21.027 [CreateStudentsDataDrivenTest-1-thread-5] INFO   - Test Suite Started: Create students data driven test
20:46:21.027 [CreateStudentsDataDrivenTest-1-thread-5] DEBUG n.s.j.SerenityTestExecutionListener - Thread[CreateStudentsDataDrivenTest-1-thread-5,5,CreateStudentsDataDrivenTest-1] Test started TestIdentifier [uniqueId = [engine:junit-vintage]/[runner:com.studentapplication.junit.studentsinfo.CreateStudentsDataDrivenTest]/[test:com.studentapplication.junit.studentsinfo.CreateStudentsDataDrivenTest%5B26%5D]/[test:createMultipleStudents%5B26%5D(com.studentapplication.junit.studentsinfo.CreateStudentsDataDrivenTest)], parentId = [engine:junit-vintage]/[runner:com.studentapplication.junit.studentsinfo.CreateStudentsDataDrivenTest]/[test:com.studentapplication.junit.studentsinfo.CreateStudentsDataDrivenTest%5B26%5D], displayName = 'createMultipleStudents[26]', legacyReportingName = 'createMultipleStudents[26]', source = MethodSource [className = 'com.studentapplication.junit.studentsinfo.CreateStudentsDataDrivenTest', methodName = 'createMultipleStudents', methodParameterTypes = ''], tags = [], type = TEST]
20:46:21.027 [CreateStudentsDataDrivenTest-1-thread-5] INFO   - 
  _____   ___   ___   _____     ___   _____     _     ___   _____   ___   ___  
 |_   _| | __| / __| |_   _|   / __| |_   _|   /_\   | _ \ |_   _| | __| |   \ 
   | |   | _|  \__ \   | |     \__ \   | |    / _ \  |   /   | |   | _|  | |) |
   |_|   |___| |___/   |_|     |___/   |_|   /_/ \_\ |_|_\   |_|   |___| |___/ 

createMultipleStudents
--------------------------------------------------------------------------------
20:46:21.029 [CreateStudentsDataDrivenTest-1-thread-5] INFO   - 
  _____   ___   ___   _____     ___   _____     _     ___   _____   ___   ___  
 |_   _| | __| / __| |_   _|   / __| |_   _|   /_\   | _ \ |_   _| | __| |   \ 
   | |   | _|  \__ \   | |     \__ \   | |    / _ \  |   /   | |   | _|  | |) |
   |_|   |___| |___/   |_|     |___/   |_|   /_/ \_\ |_|_\   |_|   |___| |___/ 

createMultipleStudents[26]
--------------------------------------------------------------------------------
20:46:21.034 [CreateStudentsDataDrivenTest-1-thread-5] DEBUG n.t.core.steps.StepInterceptor - STARTING STEP: CreateStudentsDataDrivenTest.createMultipleStudents - Creating student with FirstName: {0}, LastName: {1}, Email: {2}, Programme: {3}, Courses: {4}
]]></system-out>
  </testcase>
  <testcase name="createMultipleStudents" classname="com.studentapplication.junit.studentsinfo.CreateStudentsDataDrivenTest" time="11.454">
    <system-out><![CDATA[20:46:21.036 [CreateStudentsDataDrivenTest-1-thread-2] INFO   - 
  _____   ___   ___   _____     ___     _     ___   ___   ___   ___  
 |_   _| | __| / __| |_   _|   | _ \   /_\   / __| / __| | __| |   \ 
   | |   | _|  \__ \   | |     |  _/  / _ \  \__ \ \__ \ | _|  | |) |
   |_|   |___| |___/   |_|     |_|   /_/ \_\ |___/ |___/ |___| |___/ 

Data Driven Test for adding multiple students to the Student APp
----------------------------------------------------------------------
]]></system-out>
  </testcase>
  <testcase name="createMultipleStudents" classname="com.studentapplication.junit.studentsinfo.CreateStudentsDataDrivenTest" time="11.669">
    <system-out><![CDATA[20:46:21.046 [CreateStudentsDataDrivenTest-1-thread-10] DEBUG o.a.h.c.protocol.RequestAddCookies - CookieSpec selected: ignoreCookies
20:46:21.051 [CreateStudentsDataDrivenTest-1-thread-9] DEBUG n.thucydides.core.steps.StepEventBus - Test suite started for class com.studentapplication.junit.studentsinfo.CreateStudentsDataDrivenTest
20:46:21.052 [CreateStudentsDataDrivenTest-1-thread-9] INFO   - Test Suite Started: Create students data driven test
20:46:21.052 [CreateStudentsDataDrivenTest-1-thread-9] DEBUG n.s.j.SerenityTestExecutionListener - Thread[CreateStudentsDataDrivenTest-1-thread-9,5,CreateStudentsDataDrivenTest-1] Test started TestIdentifier [uniqueId = [engine:junit-vintage]/[runner:com.studentapplication.junit.studentsinfo.CreateStudentsDataDrivenTest]/[test:com.studentapplication.junit.studentsinfo.CreateStudentsDataDrivenTest%5B28%5D]/[test:createMultipleStudents%5B28%5D(com.studentapplication.junit.studentsinfo.CreateStudentsDataDrivenTest)], parentId = [engine:junit-vintage]/[runner:com.studentapplication.junit.studentsinfo.CreateStudentsDataDrivenTest]/[test:com.studentapplication.junit.studentsinfo.CreateStudentsDataDrivenTest%5B28%5D], displayName = 'createMultipleStudents[28]', legacyReportingName = 'createMultipleStudents[28]', source = MethodSource [className = 'com.studentapplication.junit.studentsinfo.CreateStudentsDataDrivenTest', methodName = 'createMultipleStudents', methodParameterTypes = ''], tags = [], type = TEST]
20:46:21.052 [CreateStudentsDataDrivenTest-1-thread-9] INFO   - 
  _____   ___   ___   _____     ___   _____     _     ___   _____   ___   ___  
 |_   _| | __| / __| |_   _|   / __| |_   _|   /_\   | _ \ |_   _| | __| |   \ 
   | |   | _|  \__ \   | |     \__ \   | |    / _ \  |   /   | |   | _|  | |) |
   |_|   |___| |___/   |_|     |___/   |_|   /_/ \_\ |_|_\   |_|   |___| |___/ 

createMultipleStudents
--------------------------------------------------------------------------------
20:46:21.046 [CreateStudentsDataDrivenTest-1-thread-5] DEBUG o.a.h.i.c.BasicClientConnectionManager - Get connection for route {}->http://localhost:8085
20:46:21.052 [CreateStudentsDataDrivenTest-1-thread-5] DEBUG o.a.h.i.c.DefaultClientConnectionOperator - Connecting to localhost:8085
20:46:21.053 [CreateStudentsDataDrivenTest-1-thread-9] INFO   - 
  _____   ___   ___   _____     ___   _____     _     ___   _____   ___   ___  
 |_   _| | __| / __| |_   _|   / __| |_   _|   /_\   | _ \ |_   _| | __| |   \ 
   | |   | _|  \__ \   | |     \__ \   | |    / _ \  |   /   | |   | _|  | |) |
   |_|   |___| |___/   |_|     |___/   |_|   /_/ \_\ |_|_\   |_|   |___| |___/ 

createMultipleStudents[28]
--------------------------------------------------------------------------------
20:46:21.053 [CreateStudentsDataDrivenTest-1-thread-5] DEBUG o.a.h.c.protocol.RequestAddCookies - CookieSpec selected: ignoreCookies
20:46:21.054 [CreateStudentsDataDrivenTest-1-thread-5] DEBUG o.a.h.c.protocol.RequestAuthCache - Auth cache not set in the context
20:46:21.054 [CreateStudentsDataDrivenTest-1-thread-5] DEBUG o.a.h.c.p.RequestTargetAuthentication - Target auth state: UNCHALLENGED
20:46:21.054 [CreateStudentsDataDrivenTest-1-thread-5] DEBUG o.a.h.c.p.RequestProxyAuthentication - Proxy auth state: UNCHALLENGED
20:46:21.054 [CreateStudentsDataDrivenTest-1-thread-5] DEBUG o.a.h.impl.client.DefaultHttpClient - Attempt 1 to execute request
20:46:21.054 [CreateStudentsDataDrivenTest-1-thread-5] DEBUG o.a.h.i.conn.DefaultClientConnection - Sending request: POST /student HTTP/1.1
20:46:21.054 [CreateStudentsDataDrivenTest-1-thread-5] DEBUG org.apache.http.wire -  >> "POST /student HTTP/1.1[\r][\n]"
20:46:21.054 [CreateStudentsDataDrivenTest-1-thread-5] DEBUG org.apache.http.wire -  >> "Accept: */*[\r][\n]"
20:46:21.054 [CreateStudentsDataDrivenTest-1-thread-5] DEBUG org.apache.http.wire -  >> "Content-Type: application/json; charset=UTF-8[\r][\n]"
20:46:21.054 [CreateStudentsDataDrivenTest-1-thread-5] DEBUG org.apache.http.wire -  >> "Content-Length: 122[\r][\n]"
20:46:21.054 [CreateStudentsDataDrivenTest-1-thread-5] DEBUG org.apache.http.wire -  >> "Host: localhost:8085[\r][\n]"
20:46:21.054 [CreateStudentsDataDrivenTest-1-thread-5] DEBUG org.apache.http.wire -  >> "Connection: Keep-Alive[\r][\n]"
20:46:21.054 [CreateStudentsDataDrivenTest-1-thread-5] DEBUG org.apache.http.wire -  >> "User-Agent: Apache-HttpClient/4.5.13 (Java/11.0.20)[\r][\n]"
20:46:21.054 [CreateStudentsDataDrivenTest-1-thread-5] DEBUG org.apache.http.wire -  >> "Accept-Encoding: gzip,deflate[\r][\n]"
20:46:21.054 [CreateStudentsDataDrivenTest-1-thread-5] DEBUG org.apache.http.wire -  >> "[\r][\n]"
20:46:21.054 [CreateStudentsDataDrivenTest-1-thread-5] DEBUG org.apache.http.headers - >> POST /student HTTP/1.1
20:46:21.054 [CreateStudentsDataDrivenTest-1-thread-5] DEBUG org.apache.http.headers - >> Accept: */*
20:46:21.054 [CreateStudentsDataDrivenTest-1-thread-5] DEBUG org.apache.http.headers - >> Content-Type: application/json; charset=UTF-8
20:46:21.054 [CreateStudentsDataDrivenTest-1-thread-5] DEBUG org.apache.http.headers - >> Content-Length: 122
20:46:21.054 [CreateStudentsDataDrivenTest-1-thread-5] DEBUG org.apache.http.headers - >> Host: localhost:8085
20:46:21.054 [CreateStudentsDataDrivenTest-1-thread-5] DEBUG org.apache.http.headers - >> Connection: Keep-Alive
20:46:21.054 [CreateStudentsDataDrivenTest-1-thread-5] DEBUG org.apache.http.headers - >> User-Agent: Apache-HttpClient/4.5.13 (Java/11.0.20)
20:46:21.054 [CreateStudentsDataDrivenTest-1-thread-5] DEBUG org.apache.http.headers - >> Accept-Encoding: gzip,deflate
20:46:21.054 [CreateStudentsDataDrivenTest-1-thread-5] DEBUG org.apache.http.wire -  >> "{"id":0,"firstName":"Yancey","lastName":"Dahler","email":"ydahlerq@dot.gov","programme":"Electrical","courses":["python"]}"
20:46:21.054 [CreateStudentsDataDrivenTest-1-thread-10] DEBUG o.a.h.c.protocol.RequestAuthCache - Auth cache not set in the context
20:46:21.054 [CreateStudentsDataDrivenTest-1-thread-10] DEBUG o.a.h.c.p.RequestTargetAuthentication - Target auth state: UNCHALLENGED
20:46:21.055 [CreateStudentsDataDrivenTest-1-thread-10] DEBUG o.a.h.c.p.RequestProxyAuthentication - Proxy auth state: UNCHALLENGED
20:46:21.055 [CreateStudentsDataDrivenTest-1-thread-10] DEBUG o.a.h.impl.client.DefaultHttpClient - Attempt 1 to execute request
20:46:21.055 [CreateStudentsDataDrivenTest-1-thread-10] DEBUG o.a.h.i.conn.DefaultClientConnection - Sending request: POST /student HTTP/1.1
20:46:21.055 [CreateStudentsDataDrivenTest-1-thread-10] DEBUG org.apache.http.wire -  >> "POST /student HTTP/1.1[\r][\n]"
20:46:21.055 [CreateStudentsDataDrivenTest-1-thread-10] DEBUG org.apache.http.wire -  >> "Accept: */*[\r][\n]"
20:46:21.055 [CreateStudentsDataDrivenTest-1-thread-10] DEBUG org.apache.http.wire -  >> "Content-Type: application/json; charset=UTF-8[\r][\n]"
20:46:21.055 [CreateStudentsDataDrivenTest-1-thread-10] DEBUG org.apache.http.wire -  >> "Content-Length: 128[\r][\n]"
20:46:21.055 [CreateStudentsDataDrivenTest-1-thread-10] DEBUG org.apache.http.wire -  >> "Host: localhost:8085[\r][\n]"
20:46:21.055 [CreateStudentsDataDrivenTest-1-thread-10] DEBUG org.apache.http.wire -  >> "Connection: Keep-Alive[\r][\n]"
20:46:21.055 [CreateStudentsDataDrivenTest-1-thread-10] DEBUG org.apache.http.wire -  >> "User-Agent: Apache-HttpClient/4.5.13 (Java/11.0.20)[\r][\n]"
20:46:21.055 [CreateStudentsDataDrivenTest-1-thread-10] DEBUG org.apache.http.wire -  >> "Accept-Encoding: gzip,deflate[\r][\n]"
20:46:21.055 [CreateStudentsDataDrivenTest-1-thread-10] DEBUG org.apache.http.wire -  >> "[\r][\n]"
20:46:21.055 [CreateStudentsDataDrivenTest-1-thread-10] DEBUG org.apache.http.headers - >> POST /student HTTP/1.1
20:46:21.055 [CreateStudentsDataDrivenTest-1-thread-10] DEBUG org.apache.http.headers - >> Accept: */*
20:46:21.055 [CreateStudentsDataDrivenTest-1-thread-10] DEBUG org.apache.http.headers - >> Content-Type: application/json; charset=UTF-8
20:46:21.055 [CreateStudentsDataDrivenTest-1-thread-10] DEBUG org.apache.http.headers - >> Content-Length: 128
20:46:21.055 [CreateStudentsDataDrivenTest-1-thread-10] DEBUG org.apache.http.headers - >> Host: localhost:8085
20:46:21.055 [CreateStudentsDataDrivenTest-1-thread-10] DEBUG org.apache.http.headers - >> Connection: Keep-Alive
20:46:21.055 [CreateStudentsDataDrivenTest-1-thread-10] DEBUG org.apache.http.headers - >> User-Agent: Apache-HttpClient/4.5.13 (Java/11.0.20)
20:46:21.055 [CreateStudentsDataDrivenTest-1-thread-10] DEBUG org.apache.http.headers - >> Accept-Encoding: gzip,deflate
20:46:21.056 [CreateStudentsDataDrivenTest-1-thread-10] DEBUG org.apache.http.wire -  >> "{"id":0,"firstName":"Randell","lastName":"Wicklen","email":"rwicklenp@senate.gov","programme":"Mechanical","courses":["python"]}"
20:46:21.062 [CreateStudentsDataDrivenTest-1-thread-9] DEBUG n.t.core.steps.StepInterceptor - STARTING STEP: CreateStudentsDataDrivenTest.createMultipleStudents - Creating student with FirstName: {0}, LastName: {1}, Email: {2}, Programme: {3}, Courses: {4}
20:46:21.076 [CreateStudentsDataDrivenTest-1-thread-9] DEBUG o.a.h.i.c.BasicClientConnectionManager - Get connection for route {}->http://localhost:8085
20:46:21.076 [CreateStudentsDataDrivenTest-1-thread-9] DEBUG o.a.h.i.c.DefaultClientConnectionOperator - Connecting to localhost:8085
20:46:21.077 [CreateStudentsDataDrivenTest-1-thread-9] DEBUG o.a.h.c.protocol.RequestAddCookies - CookieSpec selected: ignoreCookies
20:46:21.077 [CreateStudentsDataDrivenTest-1-thread-9] DEBUG o.a.h.c.protocol.RequestAuthCache - Auth cache not set in the context
20:46:21.077 [CreateStudentsDataDrivenTest-1-thread-9] DEBUG o.a.h.c.p.RequestTargetAuthentication - Target auth state: UNCHALLENGED
20:46:21.078 [CreateStudentsDataDrivenTest-1-thread-9] DEBUG o.a.h.c.p.RequestProxyAuthentication - Proxy auth state: UNCHALLENGED
20:46:21.078 [CreateStudentsDataDrivenTest-1-thread-9] DEBUG o.a.h.impl.client.DefaultHttpClient - Attempt 1 to execute request
20:46:21.078 [CreateStudentsDataDrivenTest-1-thread-9] DEBUG o.a.h.i.conn.DefaultClientConnection - Sending request: POST /student HTTP/1.1
20:46:21.078 [CreateStudentsDataDrivenTest-1-thread-9] DEBUG org.apache.http.wire -  >> "POST /student HTTP/1.1[\r][\n]"
20:46:21.078 [CreateStudentsDataDrivenTest-1-thread-9] DEBUG org.apache.http.wire -  >> "Accept: */*[\r][\n]"
20:46:21.078 [CreateStudentsDataDrivenTest-1-thread-9] DEBUG org.apache.http.wire -  >> "Content-Type: application/json; charset=UTF-8[\r][\n]"
20:46:21.078 [CreateStudentsDataDrivenTest-1-thread-9] DEBUG org.apache.http.wire -  >> "Content-Length: 127[\r][\n]"
20:46:21.078 [CreateStudentsDataDrivenTest-1-thread-9] DEBUG org.apache.http.wire -  >> "Host: localhost:8085[\r][\n]"
20:46:21.078 [CreateStudentsDataDrivenTest-1-thread-9] DEBUG org.apache.http.wire -  >> "Connection: Keep-Alive[\r][\n]"
20:46:21.078 [CreateStudentsDataDrivenTest-1-thread-9] DEBUG org.apache.http.wire -  >> "User-Agent: Apache-HttpClient/4.5.13 (Java/11.0.20)[\r][\n]"
20:46:21.078 [CreateStudentsDataDrivenTest-1-thread-9] DEBUG org.apache.http.wire -  >> "Accept-Encoding: gzip,deflate[\r][\n]"
20:46:21.078 [CreateStudentsDataDrivenTest-1-thread-9] DEBUG org.apache.http.wire -  >> "[\r][\n]"
20:46:21.078 [CreateStudentsDataDrivenTest-1-thread-9] DEBUG org.apache.http.headers - >> POST /student HTTP/1.1
20:46:21.078 [CreateStudentsDataDrivenTest-1-thread-9] DEBUG org.apache.http.headers - >> Accept: */*
20:46:21.078 [CreateStudentsDataDrivenTest-1-thread-9] DEBUG org.apache.http.headers - >> Content-Type: application/json; charset=UTF-8
20:46:21.078 [CreateStudentsDataDrivenTest-1-thread-9] DEBUG org.apache.http.headers - >> Content-Length: 127
20:46:21.078 [CreateStudentsDataDrivenTest-1-thread-9] DEBUG org.apache.http.headers - >> Host: localhost:8085
20:46:21.078 [CreateStudentsDataDrivenTest-1-thread-9] DEBUG org.apache.http.headers - >> Connection: Keep-Alive
20:46:21.078 [CreateStudentsDataDrivenTest-1-thread-9] DEBUG org.apache.http.headers - >> User-Agent: Apache-HttpClient/4.5.13 (Java/11.0.20)
20:46:21.078 [CreateStudentsDataDrivenTest-1-thread-9] DEBUG org.apache.http.headers - >> Accept-Encoding: gzip,deflate
20:46:21.078 [CreateStudentsDataDrivenTest-1-thread-9] DEBUG org.apache.http.wire -  >> "{"id":0,"firstName":"Cirillo","lastName":"Lacotte","email":"clacottes@ucoz.ru","programme":"Computer Science","courses":["c#"]}"
]]></system-out>
  </testcase>
  <testcase name="createMultipleStudents" classname="com.studentapplication.junit.studentsinfo.CreateStudentsDataDrivenTest" time="0.854">
    <system-out><![CDATA[20:46:21.085 [CreateStudentsDataDrivenTest-1-thread-15] DEBUG n.thucydides.core.steps.StepEventBus - Test suite started for class com.studentapplication.junit.studentsinfo.CreateStudentsDataDrivenTest
20:46:21.085 [CreateStudentsDataDrivenTest-1-thread-15] INFO   - Test Suite Started: Create students data driven test
20:46:21.085 [CreateStudentsDataDrivenTest-1-thread-15] DEBUG n.s.j.SerenityTestExecutionListener - Thread[CreateStudentsDataDrivenTest-1-thread-15,5,CreateStudentsDataDrivenTest-1] Test started TestIdentifier [uniqueId = [engine:junit-vintage]/[runner:com.studentapplication.junit.studentsinfo.CreateStudentsDataDrivenTest]/[test:com.studentapplication.junit.studentsinfo.CreateStudentsDataDrivenTest%5B29%5D]/[test:createMultipleStudents%5B29%5D(com.studentapplication.junit.studentsinfo.CreateStudentsDataDrivenTest)], parentId = [engine:junit-vintage]/[runner:com.studentapplication.junit.studentsinfo.CreateStudentsDataDrivenTest]/[test:com.studentapplication.junit.studentsinfo.CreateStudentsDataDrivenTest%5B29%5D], displayName = 'createMultipleStudents[29]', legacyReportingName = 'createMultipleStudents[29]', source = MethodSource [className = 'com.studentapplication.junit.studentsinfo.CreateStudentsDataDrivenTest', methodName = 'createMultipleStudents', methodParameterTypes = ''], tags = [], type = TEST]
20:46:21.086 [CreateStudentsDataDrivenTest-1-thread-15] INFO   - 
  _____   ___   ___   _____     ___   _____     _     ___   _____   ___   ___  
 |_   _| | __| / __| |_   _|   / __| |_   _|   /_\   | _ \ |_   _| | __| |   \ 
   | |   | _|  \__ \   | |     \__ \   | |    / _ \  |   /   | |   | _|  | |) |
   |_|   |___| |___/   |_|     |___/   |_|   /_/ \_\ |_|_\   |_|   |___| |___/ 

createMultipleStudents
--------------------------------------------------------------------------------
20:46:21.087 [CreateStudentsDataDrivenTest-1-thread-15] INFO   - 
  _____   ___   ___   _____     ___   _____     _     ___   _____   ___   ___  
 |_   _| | __| / __| |_   _|   / __| |_   _|   /_\   | _ \ |_   _| | __| |   \ 
   | |   | _|  \__ \   | |     \__ \   | |    / _ \  |   /   | |   | _|  | |) |
   |_|   |___| |___/   |_|     |___/   |_|   /_/ \_\ |_|_\   |_|   |___| |___/ 

createMultipleStudents[29]
--------------------------------------------------------------------------------
20:46:21.090 [CreateStudentsDataDrivenTest-1-thread-2] DEBUG n.thucydides.core.steps.StepEventBus - Test suite started for class com.studentapplication.junit.studentsinfo.CreateStudentsDataDrivenTest
20:46:21.090 [CreateStudentsDataDrivenTest-1-thread-2] INFO   - Test Suite Started: Create students data driven test
20:46:21.090 [CreateStudentsDataDrivenTest-1-thread-2] DEBUG n.s.j.SerenityTestExecutionListener - Thread[CreateStudentsDataDrivenTest-1-thread-2,5,CreateStudentsDataDrivenTest-1] Test started TestIdentifier [uniqueId = [engine:junit-vintage]/[runner:com.studentapplication.junit.studentsinfo.CreateStudentsDataDrivenTest]/[test:com.studentapplication.junit.studentsinfo.CreateStudentsDataDrivenTest%5B27%5D]/[test:createMultipleStudents%5B27%5D(com.studentapplication.junit.studentsinfo.CreateStudentsDataDrivenTest)], parentId = [engine:junit-vintage]/[runner:com.studentapplication.junit.studentsinfo.CreateStudentsDataDrivenTest]/[test:com.studentapplication.junit.studentsinfo.CreateStudentsDataDrivenTest%5B27%5D], displayName = 'createMultipleStudents[27]', legacyReportingName = 'createMultipleStudents[27]', source = MethodSource [className = 'com.studentapplication.junit.studentsinfo.CreateStudentsDataDrivenTest', methodName = 'createMultipleStudents', methodParameterTypes = ''], tags = [], type = TEST]
20:46:21.091 [CreateStudentsDataDrivenTest-1-thread-2] INFO   - 
  _____   ___   ___   _____     ___   _____     _     ___   _____   ___   ___  
 |_   _| | __| / __| |_   _|   / __| |_   _|   /_\   | _ \ |_   _| | __| |   \ 
   | |   | _|  \__ \   | |     \__ \   | |    / _ \  |   /   | |   | _|  | |) |
   |_|   |___| |___/   |_|     |___/   |_|   /_/ \_\ |_|_\   |_|   |___| |___/ 

createMultipleStudents
--------------------------------------------------------------------------------
20:46:21.093 [CreateStudentsDataDrivenTest-1-thread-15] DEBUG n.t.core.steps.StepInterceptor - STARTING STEP: CreateStudentsDataDrivenTest.createMultipleStudents - Creating student with FirstName: {0}, LastName: {1}, Email: {2}, Programme: {3}, Courses: {4}
20:46:21.093 [CreateStudentsDataDrivenTest-1-thread-2] INFO   - 
  _____   ___   ___   _____     ___   _____     _     ___   _____   ___   ___  
 |_   _| | __| / __| |_   _|   / __| |_   _|   /_\   | _ \ |_   _| | __| |   \ 
   | |   | _|  \__ \   | |     \__ \   | |    / _ \  |   /   | |   | _|  | |) |
   |_|   |___| |___/   |_|     |___/   |_|   /_/ \_\ |_|_\   |_|   |___| |___/ 

createMultipleStudents[27]
--------------------------------------------------------------------------------
20:46:21.105 [CreateStudentsDataDrivenTest-1-thread-15] DEBUG o.a.h.i.c.BasicClientConnectionManager - Get connection for route {}->http://localhost:8085
20:46:21.105 [CreateStudentsDataDrivenTest-1-thread-15] DEBUG o.a.h.i.c.DefaultClientConnectionOperator - Connecting to localhost:8085
20:46:21.106 [CreateStudentsDataDrivenTest-1-thread-15] DEBUG o.a.h.c.protocol.RequestAddCookies - CookieSpec selected: ignoreCookies
20:46:21.106 [CreateStudentsDataDrivenTest-1-thread-15] DEBUG o.a.h.c.protocol.RequestAuthCache - Auth cache not set in the context
20:46:21.106 [CreateStudentsDataDrivenTest-1-thread-15] DEBUG o.a.h.c.p.RequestTargetAuthentication - Target auth state: UNCHALLENGED
20:46:21.106 [CreateStudentsDataDrivenTest-1-thread-15] DEBUG o.a.h.c.p.RequestProxyAuthentication - Proxy auth state: UNCHALLENGED
20:46:21.106 [CreateStudentsDataDrivenTest-1-thread-15] DEBUG o.a.h.impl.client.DefaultHttpClient - Attempt 1 to execute request
20:46:21.106 [CreateStudentsDataDrivenTest-1-thread-15] DEBUG o.a.h.i.conn.DefaultClientConnection - Sending request: POST /student HTTP/1.1
20:46:21.106 [CreateStudentsDataDrivenTest-1-thread-15] DEBUG org.apache.http.wire -  >> "POST /student HTTP/1.1[\r][\n]"
20:46:21.106 [CreateStudentsDataDrivenTest-1-thread-15] DEBUG org.apache.http.wire -  >> "Accept: */*[\r][\n]"
20:46:21.106 [CreateStudentsDataDrivenTest-1-thread-15] DEBUG org.apache.http.wire -  >> "Content-Type: application/json; charset=UTF-8[\r][\n]"
20:46:21.106 [CreateStudentsDataDrivenTest-1-thread-15] DEBUG org.apache.http.wire -  >> "Content-Length: 125[\r][\n]"
20:46:21.106 [CreateStudentsDataDrivenTest-1-thread-15] DEBUG org.apache.http.wire -  >> "Host: localhost:8085[\r][\n]"
20:46:21.106 [CreateStudentsDataDrivenTest-1-thread-15] DEBUG org.apache.http.wire -  >> "Connection: Keep-Alive[\r][\n]"
20:46:21.106 [CreateStudentsDataDrivenTest-1-thread-15] DEBUG org.apache.http.wire -  >> "User-Agent: Apache-HttpClient/4.5.13 (Java/11.0.20)[\r][\n]"
20:46:21.106 [CreateStudentsDataDrivenTest-1-thread-15] DEBUG org.apache.http.wire -  >> "Accept-Encoding: gzip,deflate[\r][\n]"
20:46:21.106 [CreateStudentsDataDrivenTest-1-thread-15] DEBUG org.apache.http.wire -  >> "[\r][\n]"
20:46:21.106 [CreateStudentsDataDrivenTest-1-thread-15] DEBUG org.apache.http.headers - >> POST /student HTTP/1.1
20:46:21.106 [CreateStudentsDataDrivenTest-1-thread-15] DEBUG org.apache.http.headers - >> Accept: */*
20:46:21.106 [CreateStudentsDataDrivenTest-1-thread-15] DEBUG org.apache.http.headers - >> Content-Type: application/json; charset=UTF-8
20:46:21.106 [CreateStudentsDataDrivenTest-1-thread-15] DEBUG org.apache.http.headers - >> Content-Length: 125
20:46:21.106 [CreateStudentsDataDrivenTest-1-thread-15] DEBUG org.apache.http.headers - >> Host: localhost:8085
20:46:21.106 [CreateStudentsDataDrivenTest-1-thread-15] DEBUG org.apache.http.headers - >> Connection: Keep-Alive
20:46:21.106 [CreateStudentsDataDrivenTest-1-thread-15] DEBUG org.apache.http.headers - >> User-Agent: Apache-HttpClient/4.5.13 (Java/11.0.20)
20:46:21.106 [CreateStudentsDataDrivenTest-1-thread-15] DEBUG org.apache.http.headers - >> Accept-Encoding: gzip,deflate
20:46:21.106 [CreateStudentsDataDrivenTest-1-thread-15] DEBUG org.apache.http.wire -  >> "{"id":0,"firstName":"Jeniece","lastName":"Janaud","email":"jjanaudt@baidu.com","programme":"Electrical","courses":["python"]}"
20:46:21.110 [CreateStudentsDataDrivenTest-1-thread-2] DEBUG n.t.core.steps.StepInterceptor - STARTING STEP: CreateStudentsDataDrivenTest.createMultipleStudents - Creating student with FirstName: {0}, LastName: {1}, Email: {2}, Programme: {3}, Courses: {4}
20:46:21.110 [CreateStudentsDataDrivenTest-1-thread-11] DEBUG n.thucydides.core.steps.StepEventBus - Test suite started for class com.studentapplication.junit.studentsinfo.CreateStudentsDataDrivenTest
20:46:21.111 [CreateStudentsDataDrivenTest-1-thread-11] INFO   - Test Suite Started: Create students data driven test
20:46:21.111 [CreateStudentsDataDrivenTest-1-thread-11] DEBUG n.s.j.SerenityTestExecutionListener - Thread[CreateStudentsDataDrivenTest-1-thread-11,5,CreateStudentsDataDrivenTest-1] Test started TestIdentifier [uniqueId = [engine:junit-vintage]/[runner:com.studentapplication.junit.studentsinfo.CreateStudentsDataDrivenTest]/[test:com.studentapplication.junit.studentsinfo.CreateStudentsDataDrivenTest%5B30%5D]/[test:createMultipleStudents%5B30%5D(com.studentapplication.junit.studentsinfo.CreateStudentsDataDrivenTest)], parentId = [engine:junit-vintage]/[runner:com.studentapplication.junit.studentsinfo.CreateStudentsDataDrivenTest]/[test:com.studentapplication.junit.studentsinfo.CreateStudentsDataDrivenTest%5B30%5D], displayName = 'createMultipleStudents[30]', legacyReportingName = 'createMultipleStudents[30]', source = MethodSource [className = 'com.studentapplication.junit.studentsinfo.CreateStudentsDataDrivenTest', methodName = 'createMultipleStudents', methodParameterTypes = ''], tags = [], type = TEST]
20:46:21.111 [CreateStudentsDataDrivenTest-1-thread-11] INFO   - 
  _____   ___   ___   _____     ___   _____     _     ___   _____   ___   ___  
 |_   _| | __| / __| |_   _|   / __| |_   _|   /_\   | _ \ |_   _| | __| |   \ 
   | |   | _|  \__ \   | |     \__ \   | |    / _ \  |   /   | |   | _|  | |) |
   |_|   |___| |___/   |_|     |___/   |_|   /_/ \_\ |_|_\   |_|   |___| |___/ 

createMultipleStudents
--------------------------------------------------------------------------------
20:46:21.113 [CreateStudentsDataDrivenTest-1-thread-11] INFO   - 
  _____   ___   ___   _____     ___   _____     _     ___   _____   ___   ___  
 |_   _| | __| / __| |_   _|   / __| |_   _|   /_\   | _ \ |_   _| | __| |   \ 
   | |   | _|  \__ \   | |     \__ \   | |    / _ \  |   /   | |   | _|  | |) |
   |_|   |___| |___/   |_|     |___/   |_|   /_/ \_\ |_|_\   |_|   |___| |___/ 

createMultipleStudents[30]
--------------------------------------------------------------------------------
20:46:21.118 [CreateStudentsDataDrivenTest-1-thread-11] DEBUG n.t.core.steps.StepInterceptor - STARTING STEP: CreateStudentsDataDrivenTest.createMultipleStudents - Creating student with FirstName: {0}, LastName: {1}, Email: {2}, Programme: {3}, Courses: {4}
20:46:21.128 [CreateStudentsDataDrivenTest-1-thread-2] DEBUG o.a.h.i.c.BasicClientConnectionManager - Get connection for route {}->http://localhost:8085
20:46:21.128 [CreateStudentsDataDrivenTest-1-thread-2] DEBUG o.a.h.i.c.DefaultClientConnectionOperator - Connecting to localhost:8085
20:46:21.129 [CreateStudentsDataDrivenTest-1-thread-2] DEBUG o.a.h.c.protocol.RequestAddCookies - CookieSpec selected: ignoreCookies
20:46:21.129 [CreateStudentsDataDrivenTest-1-thread-2] DEBUG o.a.h.c.protocol.RequestAuthCache - Auth cache not set in the context
20:46:21.129 [CreateStudentsDataDrivenTest-1-thread-2] DEBUG o.a.h.c.p.RequestTargetAuthentication - Target auth state: UNCHALLENGED
20:46:21.129 [CreateStudentsDataDrivenTest-1-thread-2] DEBUG o.a.h.c.p.RequestProxyAuthentication - Proxy auth state: UNCHALLENGED
20:46:21.129 [CreateStudentsDataDrivenTest-1-thread-2] DEBUG o.a.h.impl.client.DefaultHttpClient - Attempt 1 to execute request
20:46:21.129 [CreateStudentsDataDrivenTest-1-thread-2] DEBUG o.a.h.i.conn.DefaultClientConnection - Sending request: POST /student HTTP/1.1
20:46:21.129 [CreateStudentsDataDrivenTest-1-thread-2] DEBUG org.apache.http.wire -  >> "POST /student HTTP/1.1[\r][\n]"
20:46:21.129 [CreateStudentsDataDrivenTest-1-thread-2] DEBUG org.apache.http.wire -  >> "Accept: */*[\r][\n]"
20:46:21.129 [CreateStudentsDataDrivenTest-1-thread-2] DEBUG org.apache.http.wire -  >> "Content-Type: application/json; charset=UTF-8[\r][\n]"
20:46:21.129 [CreateStudentsDataDrivenTest-1-thread-2] DEBUG org.apache.http.wire -  >> "Content-Length: 120[\r][\n]"
20:46:21.130 [CreateStudentsDataDrivenTest-1-thread-2] DEBUG org.apache.http.wire -  >> "Host: localhost:8085[\r][\n]"
20:46:21.130 [CreateStudentsDataDrivenTest-1-thread-2] DEBUG org.apache.http.wire -  >> "Connection: Keep-Alive[\r][\n]"
20:46:21.130 [CreateStudentsDataDrivenTest-1-thread-2] DEBUG org.apache.http.wire -  >> "User-Agent: Apache-HttpClient/4.5.13 (Java/11.0.20)[\r][\n]"
20:46:21.130 [CreateStudentsDataDrivenTest-1-thread-2] DEBUG org.apache.http.wire -  >> "Accept-Encoding: gzip,deflate[\r][\n]"
20:46:21.130 [CreateStudentsDataDrivenTest-1-thread-2] DEBUG org.apache.http.wire -  >> "[\r][\n]"
20:46:21.130 [CreateStudentsDataDrivenTest-1-thread-2] DEBUG org.apache.http.headers - >> POST /student HTTP/1.1
20:46:21.130 [CreateStudentsDataDrivenTest-1-thread-2] DEBUG org.apache.http.headers - >> Accept: */*
20:46:21.130 [CreateStudentsDataDrivenTest-1-thread-2] DEBUG org.apache.http.headers - >> Content-Type: application/json; charset=UTF-8
20:46:21.130 [CreateStudentsDataDrivenTest-1-thread-2] DEBUG org.apache.http.headers - >> Content-Length: 120
20:46:21.130 [CreateStudentsDataDrivenTest-1-thread-2] DEBUG org.apache.http.headers - >> Host: localhost:8085
20:46:21.130 [CreateStudentsDataDrivenTest-1-thread-2] DEBUG org.apache.http.headers - >> Connection: Keep-Alive
20:46:21.130 [CreateStudentsDataDrivenTest-1-thread-2] DEBUG org.apache.http.headers - >> User-Agent: Apache-HttpClient/4.5.13 (Java/11.0.20)
20:46:21.130 [CreateStudentsDataDrivenTest-1-thread-2] DEBUG org.apache.http.headers - >> Accept-Encoding: gzip,deflate
20:46:21.130 [CreateStudentsDataDrivenTest-1-thread-2] DEBUG org.apache.http.wire -  >> "{"id":0,"firstName":"Lynnea","lastName":"Harce","email":"lharcer@skype.com","programme":"Electrical","courses":["java"]}"
20:46:21.134 [CreateStudentsDataDrivenTest-1-thread-11] DEBUG o.a.h.i.c.BasicClientConnectionManager - Get connection for route {}->http://localhost:8085
20:46:21.134 [CreateStudentsDataDrivenTest-1-thread-11] DEBUG o.a.h.i.c.DefaultClientConnectionOperator - Connecting to localhost:8085
20:46:21.135 [CreateStudentsDataDrivenTest-1-thread-11] DEBUG o.a.h.c.protocol.RequestAddCookies - CookieSpec selected: ignoreCookies
20:46:21.135 [CreateStudentsDataDrivenTest-1-thread-11] DEBUG o.a.h.c.protocol.RequestAuthCache - Auth cache not set in the context
20:46:21.135 [CreateStudentsDataDrivenTest-1-thread-11] DEBUG o.a.h.c.p.RequestTargetAuthentication - Target auth state: UNCHALLENGED
20:46:21.135 [CreateStudentsDataDrivenTest-1-thread-11] DEBUG o.a.h.c.p.RequestProxyAuthentication - Proxy auth state: UNCHALLENGED
20:46:21.135 [CreateStudentsDataDrivenTest-1-thread-11] DEBUG o.a.h.impl.client.DefaultHttpClient - Attempt 1 to execute request
20:46:21.135 [CreateStudentsDataDrivenTest-1-thread-11] DEBUG o.a.h.i.conn.DefaultClientConnection - Sending request: POST /student HTTP/1.1
20:46:21.135 [CreateStudentsDataDrivenTest-1-thread-11] DEBUG org.apache.http.wire -  >> "POST /student HTTP/1.1[\r][\n]"
20:46:21.135 [CreateStudentsDataDrivenTest-1-thread-11] DEBUG org.apache.http.wire -  >> "Accept: */*[\r][\n]"
20:46:21.135 [CreateStudentsDataDrivenTest-1-thread-11] DEBUG org.apache.http.wire -  >> "Content-Type: application/json; charset=UTF-8[\r][\n]"
20:46:21.135 [CreateStudentsDataDrivenTest-1-thread-11] DEBUG org.apache.http.wire -  >> "Content-Length: 128[\r][\n]"
20:46:21.135 [CreateStudentsDataDrivenTest-1-thread-11] DEBUG org.apache.http.wire -  >> "Host: localhost:8085[\r][\n]"
20:46:21.135 [CreateStudentsDataDrivenTest-1-thread-11] DEBUG org.apache.http.wire -  >> "Connection: Keep-Alive[\r][\n]"
20:46:21.135 [CreateStudentsDataDrivenTest-1-thread-11] DEBUG org.apache.http.wire -  >> "User-Agent: Apache-HttpClient/4.5.13 (Java/11.0.20)[\r][\n]"
20:46:21.135 [CreateStudentsDataDrivenTest-1-thread-11] DEBUG org.apache.http.wire -  >> "Accept-Encoding: gzip,deflate[\r][\n]"
20:46:21.135 [CreateStudentsDataDrivenTest-1-thread-11] DEBUG org.apache.http.wire -  >> "[\r][\n]"
20:46:21.135 [CreateStudentsDataDrivenTest-1-thread-11] DEBUG org.apache.http.headers - >> POST /student HTTP/1.1
20:46:21.135 [CreateStudentsDataDrivenTest-1-thread-11] DEBUG org.apache.http.headers - >> Accept: */*
20:46:21.135 [CreateStudentsDataDrivenTest-1-thread-11] DEBUG org.apache.http.headers - >> Content-Type: application/json; charset=UTF-8
20:46:21.135 [CreateStudentsDataDrivenTest-1-thread-11] DEBUG org.apache.http.headers - >> Content-Length: 128
20:46:21.135 [CreateStudentsDataDrivenTest-1-thread-11] DEBUG org.apache.http.headers - >> Host: localhost:8085
20:46:21.135 [CreateStudentsDataDrivenTest-1-thread-11] DEBUG org.apache.http.headers - >> Connection: Keep-Alive
20:46:21.135 [CreateStudentsDataDrivenTest-1-thread-11] DEBUG org.apache.http.headers - >> User-Agent: Apache-HttpClient/4.5.13 (Java/11.0.20)
20:46:21.135 [CreateStudentsDataDrivenTest-1-thread-11] DEBUG org.apache.http.headers - >> Accept-Encoding: gzip,deflate
20:46:21.135 [CreateStudentsDataDrivenTest-1-thread-11] DEBUG org.apache.http.wire -  >> "{"id":0,"firstName":"Livvy","lastName":"Milner","email":"lmilneru@google.cn","programme":"Computer Science","courses":["scala"]}"
20:46:21.136 [CreateStudentsDataDrivenTest-1-thread-13] INFO   - 
  _____   ___   ___   _____     ___     _     ___   ___   ___   ___  
 |_   _| | __| / __| |_   _|   | _ \   /_\   / __| / __| | __| |   \ 
   | |   | _|  \__ \   | |     |  _/  / _ \  \__ \ \__ \ | _|  | |) |
   |_|   |___| |___/   |_|     |_|   /_/ \_\ |___/ |___/ |___| |___/ 

Data Driven Test for adding multiple students to the Student APp
----------------------------------------------------------------------
20:46:21.139 [CreateStudentsDataDrivenTest-1-thread-13] DEBUG n.thucydides.core.steps.StepEventBus - Test suite started for class com.studentapplication.junit.studentsinfo.CreateStudentsDataDrivenTest
20:46:21.139 [CreateStudentsDataDrivenTest-1-thread-13] INFO   - Test Suite Started: Create students data driven test
20:46:21.139 [CreateStudentsDataDrivenTest-1-thread-13] DEBUG n.s.j.SerenityTestExecutionListener - Thread[CreateStudentsDataDrivenTest-1-thread-13,5,CreateStudentsDataDrivenTest-1] Test started TestIdentifier [uniqueId = [engine:junit-vintage]/[runner:com.studentapplication.junit.studentsinfo.CreateStudentsDataDrivenTest]/[test:com.studentapplication.junit.studentsinfo.CreateStudentsDataDrivenTest%5B31%5D]/[test:createMultipleStudents%5B31%5D(com.studentapplication.junit.studentsinfo.CreateStudentsDataDrivenTest)], parentId = [engine:junit-vintage]/[runner:com.studentapplication.junit.studentsinfo.CreateStudentsDataDrivenTest]/[test:com.studentapplication.junit.studentsinfo.CreateStudentsDataDrivenTest%5B31%5D], displayName = 'createMultipleStudents[31]', legacyReportingName = 'createMultipleStudents[31]', source = MethodSource [className = 'com.studentapplication.junit.studentsinfo.CreateStudentsDataDrivenTest', methodName = 'createMultipleStudents', methodParameterTypes = ''], tags = [], type = TEST]
20:46:21.139 [CreateStudentsDataDrivenTest-1-thread-13] INFO   - 
  _____   ___   ___   _____     ___   _____     _     ___   _____   ___   ___  
 |_   _| | __| / __| |_   _|   / __| |_   _|   /_\   | _ \ |_   _| | __| |   \ 
   | |   | _|  \__ \   | |     \__ \   | |    / _ \  |   /   | |   | _|  | |) |
   |_|   |___| |___/   |_|     |___/   |_|   /_/ \_\ |_|_\   |_|   |___| |___/ 

createMultipleStudents
--------------------------------------------------------------------------------
20:46:21.141 [CreateStudentsDataDrivenTest-1-thread-13] INFO   - 
  _____   ___   ___   _____     ___   _____     _     ___   _____   ___   ___  
 |_   _| | __| / __| |_   _|   / __| |_   _|   /_\   | _ \ |_   _| | __| |   \ 
   | |   | _|  \__ \   | |     \__ \   | |    / _ \  |   /   | |   | _|  | |) |
   |_|   |___| |___/   |_|     |___/   |_|   /_/ \_\ |_|_\   |_|   |___| |___/ 

createMultipleStudents[31]
--------------------------------------------------------------------------------
20:46:21.149 [CreateStudentsDataDrivenTest-1-thread-13] DEBUG n.t.core.steps.StepInterceptor - STARTING STEP: CreateStudentsDataDrivenTest.createMultipleStudents - Creating student with FirstName: {0}, LastName: {1}, Email: {2}, Programme: {3}, Courses: {4}
20:46:21.159 [CreateStudentsDataDrivenTest-1-thread-13] DEBUG o.a.h.i.c.BasicClientConnectionManager - Get connection for route {}->http://localhost:8085
20:46:21.159 [CreateStudentsDataDrivenTest-1-thread-13] DEBUG o.a.h.i.c.DefaultClientConnectionOperator - Connecting to localhost:8085
20:46:21.160 [CreateStudentsDataDrivenTest-1-thread-13] DEBUG o.a.h.c.protocol.RequestAddCookies - CookieSpec selected: ignoreCookies
20:46:21.160 [CreateStudentsDataDrivenTest-1-thread-13] DEBUG o.a.h.c.protocol.RequestAuthCache - Auth cache not set in the context
20:46:21.160 [CreateStudentsDataDrivenTest-1-thread-13] DEBUG o.a.h.c.p.RequestTargetAuthentication - Target auth state: UNCHALLENGED
20:46:21.160 [CreateStudentsDataDrivenTest-1-thread-13] DEBUG o.a.h.c.p.RequestProxyAuthentication - Proxy auth state: UNCHALLENGED
20:46:21.160 [CreateStudentsDataDrivenTest-1-thread-13] DEBUG o.a.h.impl.client.DefaultHttpClient - Attempt 1 to execute request
20:46:21.160 [CreateStudentsDataDrivenTest-1-thread-13] DEBUG o.a.h.i.conn.DefaultClientConnection - Sending request: POST /student HTTP/1.1
20:46:21.161 [CreateStudentsDataDrivenTest-1-thread-13] DEBUG org.apache.http.wire -  >> "POST /student HTTP/1.1[\r][\n]"
20:46:21.161 [CreateStudentsDataDrivenTest-1-thread-13] DEBUG org.apache.http.wire -  >> "Accept: */*[\r][\n]"
20:46:21.161 [CreateStudentsDataDrivenTest-1-thread-13] DEBUG org.apache.http.wire -  >> "Content-Type: application/json; charset=UTF-8[\r][\n]"
20:46:21.161 [CreateStudentsDataDrivenTest-1-thread-13] DEBUG org.apache.http.wire -  >> "Content-Length: 120[\r][\n]"
20:46:21.161 [CreateStudentsDataDrivenTest-1-thread-13] DEBUG org.apache.http.wire -  >> "Host: localhost:8085[\r][\n]"
20:46:21.161 [CreateStudentsDataDrivenTest-1-thread-13] DEBUG org.apache.http.wire -  >> "Connection: Keep-Alive[\r][\n]"
20:46:21.161 [CreateStudentsDataDrivenTest-1-thread-13] DEBUG org.apache.http.wire -  >> "User-Agent: Apache-HttpClient/4.5.13 (Java/11.0.20)[\r][\n]"
20:46:21.161 [CreateStudentsDataDrivenTest-1-thread-13] DEBUG org.apache.http.wire -  >> "Accept-Encoding: gzip,deflate[\r][\n]"
20:46:21.161 [CreateStudentsDataDrivenTest-1-thread-13] DEBUG org.apache.http.wire -  >> "[\r][\n]"
20:46:21.161 [CreateStudentsDataDrivenTest-1-thread-13] DEBUG org.apache.http.headers - >> POST /student HTTP/1.1
20:46:21.161 [CreateStudentsDataDrivenTest-1-thread-13] DEBUG org.apache.http.headers - >> Accept: */*
20:46:21.161 [CreateStudentsDataDrivenTest-1-thread-13] DEBUG org.apache.http.headers - >> Content-Type: application/json; charset=UTF-8
20:46:21.161 [CreateStudentsDataDrivenTest-1-thread-13] DEBUG org.apache.http.headers - >> Content-Length: 120
20:46:21.161 [CreateStudentsDataDrivenTest-1-thread-13] DEBUG org.apache.http.headers - >> Host: localhost:8085
20:46:21.161 [CreateStudentsDataDrivenTest-1-thread-13] DEBUG org.apache.http.headers - >> Connection: Keep-Alive
20:46:21.161 [CreateStudentsDataDrivenTest-1-thread-13] DEBUG org.apache.http.headers - >> User-Agent: Apache-HttpClient/4.5.13 (Java/11.0.20)
20:46:21.161 [CreateStudentsDataDrivenTest-1-thread-13] DEBUG org.apache.http.headers - >> Accept-Encoding: gzip,deflate
20:46:21.161 [CreateStudentsDataDrivenTest-1-thread-13] DEBUG org.apache.http.wire -  >> "{"id":0,"firstName":"Britteny","lastName":"Navein","email":"bnaveinv@mtv.com","programme":"Electrical","courses":["c#"]}"
20:46:21.314 [CreateStudentsDataDrivenTest-1-thread-16] DEBUG org.apache.http.wire -  << "HTTP/1.1 500 [\r][\n]"
20:46:21.314 [CreateStudentsDataDrivenTest-1-thread-16] DEBUG org.apache.http.wire -  << "Content-Type: application/json;charset=UTF-8[\r][\n]"
20:46:21.314 [CreateStudentsDataDrivenTest-1-thread-16] DEBUG org.apache.http.wire -  << "Transfer-Encoding: chunked[\r][\n]"
20:46:21.314 [CreateStudentsDataDrivenTest-1-thread-16] DEBUG org.apache.http.wire -  << "Date: Thu, 23 Nov 2023 15:16:21 GMT[\r][\n]"
20:46:21.314 [CreateStudentsDataDrivenTest-1-thread-16] DEBUG org.apache.http.wire -  << "Connection: close[\r][\n]"
20:46:21.314 [CreateStudentsDataDrivenTest-1-thread-16] DEBUG org.apache.http.wire -  << "[\r][\n]"
20:46:21.314 [CreateStudentsDataDrivenTest-1-thread-16] DEBUG o.a.h.i.conn.DefaultClientConnection - Receiving response: HTTP/1.1 500 
20:46:21.314 [CreateStudentsDataDrivenTest-1-thread-16] DEBUG org.apache.http.headers - << HTTP/1.1 500 
20:46:21.314 [CreateStudentsDataDrivenTest-1-thread-16] DEBUG org.apache.http.headers - << Content-Type: application/json;charset=UTF-8
20:46:21.314 [CreateStudentsDataDrivenTest-1-thread-16] DEBUG org.apache.http.headers - << Transfer-Encoding: chunked
20:46:21.315 [CreateStudentsDataDrivenTest-1-thread-16] DEBUG org.apache.http.headers - << Date: Thu, 23 Nov 2023 15:16:21 GMT
20:46:21.315 [CreateStudentsDataDrivenTest-1-thread-16] DEBUG org.apache.http.headers - << Connection: close
20:46:21.315 [CreateStudentsDataDrivenTest-1-thread-16] DEBUG i.r.i.RequestSpecificationImpl$RestAssuredHttpBuilder - Parsing response as: application/json;charset=UTF-8
20:46:21.315 [CreateStudentsDataDrivenTest-1-thread-16] DEBUG i.r.i.RequestSpecificationImpl$RestAssuredHttpBuilder - Parsed data to instance of: class org.apache.http.conn.EofSensorInputStream
20:46:21.317 [CreateStudentsDataDrivenTest-1-thread-16] DEBUG org.apache.http.wire -  << "28[\r][\n]"
20:46:21.318 [CreateStudentsDataDrivenTest-1-thread-16] DEBUG org.apache.http.wire -  << "{"error":"Email address already exists"}"
20:46:21.318 [CreateStudentsDataDrivenTest-1-thread-16] DEBUG org.apache.http.wire -  << "[\r][\n]"
20:46:21.318 [CreateStudentsDataDrivenTest-1-thread-16] DEBUG org.apache.http.wire -  << "0[\r][\n]"
20:46:21.318 [CreateStudentsDataDrivenTest-1-thread-16] DEBUG org.apache.http.wire -  << "[\r][\n]"
20:46:21.318 [CreateStudentsDataDrivenTest-1-thread-16] DEBUG o.a.h.i.c.BasicClientConnectionManager - Releasing connection org.apache.http.impl.conn.ManagedClientConnectionImpl@5c19f066
20:46:21.318 [CreateStudentsDataDrivenTest-1-thread-16] DEBUG o.a.h.i.conn.DefaultClientConnection - Connection 0.0.0.0:54618<->127.0.0.1:8085 shut down
20:46:21.324 [CreateStudentsDataDrivenTest-1-thread-16] DEBUG n.t.core.steps.StepInterceptor - STEP DONE: Creating student with FirstName: {0}, LastName: {1}, Email: {2}, Programme: {3}, Courses: {4}
]]></system-out>
  </testcase>
  <testcase name="createMultipleStudents" classname="com.studentapplication.junit.studentsinfo.CreateStudentsDataDrivenTest" time="0.539">
    <system-out><![CDATA[20:46:21.332 [CreateStudentsDataDrivenTest-1-thread-16] DEBUG n.thucydides.core.steps.StepEventBus - Test suite started for class com.studentapplication.junit.studentsinfo.CreateStudentsDataDrivenTest
20:46:21.332 [CreateStudentsDataDrivenTest-1-thread-16] INFO   - Test Suite Started: Create students data driven test
20:46:21.333 [CreateStudentsDataDrivenTest-1-thread-16] DEBUG n.s.j.SerenityTestExecutionListener - Thread[CreateStudentsDataDrivenTest-1-thread-16,5,CreateStudentsDataDrivenTest-1] Test started TestIdentifier [uniqueId = [engine:junit-vintage]/[runner:com.studentapplication.junit.studentsinfo.CreateStudentsDataDrivenTest]/[test:com.studentapplication.junit.studentsinfo.CreateStudentsDataDrivenTest%5B32%5D]/[test:createMultipleStudents%5B32%5D(com.studentapplication.junit.studentsinfo.CreateStudentsDataDrivenTest)], parentId = [engine:junit-vintage]/[runner:com.studentapplication.junit.studentsinfo.CreateStudentsDataDrivenTest]/[test:com.studentapplication.junit.studentsinfo.CreateStudentsDataDrivenTest%5B32%5D], displayName = 'createMultipleStudents[32]', legacyReportingName = 'createMultipleStudents[32]', source = MethodSource [className = 'com.studentapplication.junit.studentsinfo.CreateStudentsDataDrivenTest', methodName = 'createMultipleStudents', methodParameterTypes = ''], tags = [], type = TEST]
20:46:21.333 [CreateStudentsDataDrivenTest-1-thread-16] INFO   - 
  _____   ___   ___   _____     ___   _____     _     ___   _____   ___   ___  
 |_   _| | __| / __| |_   _|   / __| |_   _|   /_\   | _ \ |_   _| | __| |   \ 
   | |   | _|  \__ \   | |     \__ \   | |    / _ \  |   /   | |   | _|  | |) |
   |_|   |___| |___/   |_|     |___/   |_|   /_/ \_\ |_|_\   |_|   |___| |___/ 

createMultipleStudents
--------------------------------------------------------------------------------
20:46:21.334 [CreateStudentsDataDrivenTest-1-thread-16] INFO   - 
  _____   ___   ___   _____     ___   _____     _     ___   _____   ___   ___  
 |_   _| | __| / __| |_   _|   / __| |_   _|   /_\   | _ \ |_   _| | __| |   \ 
   | |   | _|  \__ \   | |     \__ \   | |    / _ \  |   /   | |   | _|  | |) |
   |_|   |___| |___/   |_|     |___/   |_|   /_/ \_\ |_|_\   |_|   |___| |___/ 

createMultipleStudents[32]
--------------------------------------------------------------------------------
20:46:21.339 [CreateStudentsDataDrivenTest-1-thread-14] DEBUG org.apache.http.wire -  << "HTTP/1.1 500 [\r][\n]"
20:46:21.339 [CreateStudentsDataDrivenTest-1-thread-14] DEBUG org.apache.http.wire -  << "Content-Type: application/json;charset=UTF-8[\r][\n]"
20:46:21.339 [CreateStudentsDataDrivenTest-1-thread-14] DEBUG org.apache.http.wire -  << "Transfer-Encoding: chunked[\r][\n]"
20:46:21.339 [CreateStudentsDataDrivenTest-1-thread-14] DEBUG org.apache.http.wire -  << "Date: Thu, 23 Nov 2023 15:16:21 GMT[\r][\n]"
20:46:21.339 [CreateStudentsDataDrivenTest-1-thread-14] DEBUG org.apache.http.wire -  << "Connection: close[\r][\n]"
20:46:21.339 [CreateStudentsDataDrivenTest-1-thread-14] DEBUG org.apache.http.wire -  << "[\r][\n]"
20:46:21.339 [CreateStudentsDataDrivenTest-1-thread-14] DEBUG o.a.h.i.conn.DefaultClientConnection - Receiving response: HTTP/1.1 500 
20:46:21.339 [CreateStudentsDataDrivenTest-1-thread-14] DEBUG org.apache.http.headers - << HTTP/1.1 500 
20:46:21.339 [CreateStudentsDataDrivenTest-1-thread-14] DEBUG org.apache.http.headers - << Content-Type: application/json;charset=UTF-8
20:46:21.339 [CreateStudentsDataDrivenTest-1-thread-14] DEBUG org.apache.http.headers - << Transfer-Encoding: chunked
20:46:21.339 [CreateStudentsDataDrivenTest-1-thread-14] DEBUG org.apache.http.headers - << Date: Thu, 23 Nov 2023 15:16:21 GMT
20:46:21.339 [CreateStudentsDataDrivenTest-1-thread-14] DEBUG org.apache.http.headers - << Connection: close
20:46:21.340 [CreateStudentsDataDrivenTest-1-thread-14] DEBUG i.r.i.RequestSpecificationImpl$RestAssuredHttpBuilder - Parsing response as: application/json;charset=UTF-8
20:46:21.340 [CreateStudentsDataDrivenTest-1-thread-14] DEBUG i.r.i.RequestSpecificationImpl$RestAssuredHttpBuilder - Parsed data to instance of: class org.apache.http.conn.EofSensorInputStream
20:46:21.341 [CreateStudentsDataDrivenTest-1-thread-14] DEBUG org.apache.http.wire -  << "28[\r][\n]"
20:46:21.341 [CreateStudentsDataDrivenTest-1-thread-14] DEBUG org.apache.http.wire -  << "{"error":"Email address already exists"}"
20:46:21.341 [CreateStudentsDataDrivenTest-1-thread-14] DEBUG org.apache.http.wire -  << "[\r][\n]"
20:46:21.341 [CreateStudentsDataDrivenTest-1-thread-14] DEBUG org.apache.http.wire -  << "0[\r][\n]"
20:46:21.341 [CreateStudentsDataDrivenTest-1-thread-14] DEBUG org.apache.http.wire -  << "[\r][\n]"
20:46:21.341 [CreateStudentsDataDrivenTest-1-thread-14] DEBUG o.a.h.i.c.BasicClientConnectionManager - Releasing connection org.apache.http.impl.conn.ManagedClientConnectionImpl@111cad18
20:46:21.341 [CreateStudentsDataDrivenTest-1-thread-14] DEBUG o.a.h.i.conn.DefaultClientConnection - Connection 0.0.0.0:54624<->127.0.0.1:8085 shut down
20:46:21.341 [CreateStudentsDataDrivenTest-1-thread-16] DEBUG n.t.core.steps.StepInterceptor - STARTING STEP: CreateStudentsDataDrivenTest.createMultipleStudents - Creating student with FirstName: {0}, LastName: {1}, Email: {2}, Programme: {3}, Courses: {4}
20:46:21.348 [CreateStudentsDataDrivenTest-1-thread-14] DEBUG n.t.core.steps.StepInterceptor - STEP DONE: Creating student with FirstName: {0}, LastName: {1}, Email: {2}, Programme: {3}, Courses: {4}
]]></system-out>
  </testcase>
  <testcase name="createMultipleStudents" classname="com.studentapplication.junit.studentsinfo.CreateStudentsDataDrivenTest" time="0.842">
    <system-out><![CDATA[20:46:21.355 [CreateStudentsDataDrivenTest-1-thread-14] DEBUG n.thucydides.core.steps.StepEventBus - Test suite started for class com.studentapplication.junit.studentsinfo.CreateStudentsDataDrivenTest
20:46:21.355 [CreateStudentsDataDrivenTest-1-thread-14] INFO   - Test Suite Started: Create students data driven test
20:46:21.356 [CreateStudentsDataDrivenTest-1-thread-14] DEBUG n.s.j.SerenityTestExecutionListener - Thread[CreateStudentsDataDrivenTest-1-thread-14,5,CreateStudentsDataDrivenTest-1] Test started TestIdentifier [uniqueId = [engine:junit-vintage]/[runner:com.studentapplication.junit.studentsinfo.CreateStudentsDataDrivenTest]/[test:com.studentapplication.junit.studentsinfo.CreateStudentsDataDrivenTest%5B33%5D]/[test:createMultipleStudents%5B33%5D(com.studentapplication.junit.studentsinfo.CreateStudentsDataDrivenTest)], parentId = [engine:junit-vintage]/[runner:com.studentapplication.junit.studentsinfo.CreateStudentsDataDrivenTest]/[test:com.studentapplication.junit.studentsinfo.CreateStudentsDataDrivenTest%5B33%5D], displayName = 'createMultipleStudents[33]', legacyReportingName = 'createMultipleStudents[33]', source = MethodSource [className = 'com.studentapplication.junit.studentsinfo.CreateStudentsDataDrivenTest', methodName = 'createMultipleStudents', methodParameterTypes = ''], tags = [], type = TEST]
20:46:21.356 [CreateStudentsDataDrivenTest-1-thread-14] INFO   - 
  _____   ___   ___   _____     ___   _____     _     ___   _____   ___   ___  
 |_   _| | __| / __| |_   _|   / __| |_   _|   /_\   | _ \ |_   _| | __| |   \ 
   | |   | _|  \__ \   | |     \__ \   | |    / _ \  |   /   | |   | _|  | |) |
   |_|   |___| |___/   |_|     |___/   |_|   /_/ \_\ |_|_\   |_|   |___| |___/ 

createMultipleStudents
--------------------------------------------------------------------------------
20:46:21.358 [CreateStudentsDataDrivenTest-1-thread-14] INFO   - 
  _____   ___   ___   _____     ___   _____     _     ___   _____   ___   ___  
 |_   _| | __| / __| |_   _|   / __| |_   _|   /_\   | _ \ |_   _| | __| |   \ 
   | |   | _|  \__ \   | |     \__ \   | |    / _ \  |   /   | |   | _|  | |) |
   |_|   |___| |___/   |_|     |___/   |_|   /_/ \_\ |_|_\   |_|   |___| |___/ 

createMultipleStudents[33]
--------------------------------------------------------------------------------
20:46:21.374 [CreateStudentsDataDrivenTest-1-thread-14] DEBUG n.t.core.steps.StepInterceptor - STARTING STEP: CreateStudentsDataDrivenTest.createMultipleStudents - Creating student with FirstName: {0}, LastName: {1}, Email: {2}, Programme: {3}, Courses: {4}
20:46:21.384 [CreateStudentsDataDrivenTest-1-thread-16] DEBUG o.a.h.i.c.BasicClientConnectionManager - Get connection for route {}->http://localhost:8085
20:46:21.384 [CreateStudentsDataDrivenTest-1-thread-16] DEBUG o.a.h.i.c.DefaultClientConnectionOperator - Connecting to localhost:8085
20:46:21.385 [CreateStudentsDataDrivenTest-1-thread-14] DEBUG o.a.h.i.c.BasicClientConnectionManager - Get connection for route {}->http://localhost:8085
20:46:21.385 [CreateStudentsDataDrivenTest-1-thread-14] DEBUG o.a.h.i.c.DefaultClientConnectionOperator - Connecting to localhost:8085
20:46:21.386 [CreateStudentsDataDrivenTest-1-thread-16] DEBUG o.a.h.c.protocol.RequestAddCookies - CookieSpec selected: ignoreCookies
20:46:21.386 [CreateStudentsDataDrivenTest-1-thread-16] DEBUG o.a.h.c.protocol.RequestAuthCache - Auth cache not set in the context
20:46:21.386 [CreateStudentsDataDrivenTest-1-thread-16] DEBUG o.a.h.c.p.RequestTargetAuthentication - Target auth state: UNCHALLENGED
20:46:21.386 [CreateStudentsDataDrivenTest-1-thread-16] DEBUG o.a.h.c.p.RequestProxyAuthentication - Proxy auth state: UNCHALLENGED
20:46:21.386 [CreateStudentsDataDrivenTest-1-thread-16] DEBUG o.a.h.impl.client.DefaultHttpClient - Attempt 1 to execute request
20:46:21.386 [CreateStudentsDataDrivenTest-1-thread-16] DEBUG o.a.h.i.conn.DefaultClientConnection - Sending request: POST /student HTTP/1.1
20:46:21.386 [CreateStudentsDataDrivenTest-1-thread-16] DEBUG org.apache.http.wire -  >> "POST /student HTTP/1.1[\r][\n]"
20:46:21.386 [CreateStudentsDataDrivenTest-1-thread-16] DEBUG org.apache.http.wire -  >> "Accept: */*[\r][\n]"
20:46:21.386 [CreateStudentsDataDrivenTest-1-thread-16] DEBUG org.apache.http.wire -  >> "Content-Type: application/json; charset=UTF-8[\r][\n]"
20:46:21.386 [CreateStudentsDataDrivenTest-1-thread-16] DEBUG org.apache.http.wire -  >> "Content-Length: 132[\r][\n]"
20:46:21.386 [CreateStudentsDataDrivenTest-1-thread-16] DEBUG org.apache.http.wire -  >> "Host: localhost:8085[\r][\n]"
20:46:21.386 [CreateStudentsDataDrivenTest-1-thread-16] DEBUG org.apache.http.wire -  >> "Connection: Keep-Alive[\r][\n]"
20:46:21.386 [CreateStudentsDataDrivenTest-1-thread-16] DEBUG org.apache.http.wire -  >> "User-Agent: Apache-HttpClient/4.5.13 (Java/11.0.20)[\r][\n]"
20:46:21.386 [CreateStudentsDataDrivenTest-1-thread-16] DEBUG org.apache.http.wire -  >> "Accept-Encoding: gzip,deflate[\r][\n]"
20:46:21.386 [CreateStudentsDataDrivenTest-1-thread-16] DEBUG org.apache.http.wire -  >> "[\r][\n]"
20:46:21.386 [CreateStudentsDataDrivenTest-1-thread-16] DEBUG org.apache.http.headers - >> POST /student HTTP/1.1
20:46:21.386 [CreateStudentsDataDrivenTest-1-thread-16] DEBUG org.apache.http.headers - >> Accept: */*
20:46:21.386 [CreateStudentsDataDrivenTest-1-thread-16] DEBUG org.apache.http.headers - >> Content-Type: application/json; charset=UTF-8
20:46:21.386 [CreateStudentsDataDrivenTest-1-thread-14] DEBUG o.a.h.c.protocol.RequestAddCookies - CookieSpec selected: ignoreCookies
20:46:21.386 [CreateStudentsDataDrivenTest-1-thread-16] DEBUG org.apache.http.headers - >> Content-Length: 132
20:46:21.386 [CreateStudentsDataDrivenTest-1-thread-16] DEBUG org.apache.http.headers - >> Host: localhost:8085
20:46:21.386 [CreateStudentsDataDrivenTest-1-thread-16] DEBUG org.apache.http.headers - >> Connection: Keep-Alive
20:46:21.386 [CreateStudentsDataDrivenTest-1-thread-16] DEBUG org.apache.http.headers - >> User-Agent: Apache-HttpClient/4.5.13 (Java/11.0.20)
20:46:21.386 [CreateStudentsDataDrivenTest-1-thread-16] DEBUG org.apache.http.headers - >> Accept-Encoding: gzip,deflate
20:46:21.386 [CreateStudentsDataDrivenTest-1-thread-16] DEBUG org.apache.http.wire -  >> "{"id":0,"firstName":"Yorker","lastName":"Speek","email":"yspeekw@aboutads.info","programme":"Computer Science","courses":["python"]}"
20:46:21.386 [CreateStudentsDataDrivenTest-1-thread-14] DEBUG o.a.h.c.protocol.RequestAuthCache - Auth cache not set in the context
20:46:21.386 [CreateStudentsDataDrivenTest-1-thread-14] DEBUG o.a.h.c.p.RequestTargetAuthentication - Target auth state: UNCHALLENGED
20:46:21.386 [CreateStudentsDataDrivenTest-1-thread-14] DEBUG o.a.h.c.p.RequestProxyAuthentication - Proxy auth state: UNCHALLENGED
20:46:21.386 [CreateStudentsDataDrivenTest-1-thread-14] DEBUG o.a.h.impl.client.DefaultHttpClient - Attempt 1 to execute request
20:46:21.386 [CreateStudentsDataDrivenTest-1-thread-14] DEBUG o.a.h.i.conn.DefaultClientConnection - Sending request: POST /student HTTP/1.1
20:46:21.386 [CreateStudentsDataDrivenTest-1-thread-14] DEBUG org.apache.http.wire -  >> "POST /student HTTP/1.1[\r][\n]"
20:46:21.386 [CreateStudentsDataDrivenTest-1-thread-14] DEBUG org.apache.http.wire -  >> "Accept: */*[\r][\n]"
20:46:21.386 [CreateStudentsDataDrivenTest-1-thread-14] DEBUG org.apache.http.wire -  >> "Content-Type: application/json; charset=UTF-8[\r][\n]"
20:46:21.386 [CreateStudentsDataDrivenTest-1-thread-14] DEBUG org.apache.http.wire -  >> "Content-Length: 120[\r][\n]"
20:46:21.386 [CreateStudentsDataDrivenTest-1-thread-14] DEBUG org.apache.http.wire -  >> "Host: localhost:8085[\r][\n]"
20:46:21.386 [CreateStudentsDataDrivenTest-1-thread-14] DEBUG org.apache.http.wire -  >> "Connection: Keep-Alive[\r][\n]"
20:46:21.386 [CreateStudentsDataDrivenTest-1-thread-14] DEBUG org.apache.http.wire -  >> "User-Agent: Apache-HttpClient/4.5.13 (Java/11.0.20)[\r][\n]"
20:46:21.386 [CreateStudentsDataDrivenTest-1-thread-14] DEBUG org.apache.http.wire -  >> "Accept-Encoding: gzip,deflate[\r][\n]"
20:46:21.386 [CreateStudentsDataDrivenTest-1-thread-14] DEBUG org.apache.http.wire -  >> "[\r][\n]"
20:46:21.386 [CreateStudentsDataDrivenTest-1-thread-14] DEBUG org.apache.http.headers - >> POST /student HTTP/1.1
20:46:21.386 [CreateStudentsDataDrivenTest-1-thread-14] DEBUG org.apache.http.headers - >> Accept: */*
20:46:21.386 [CreateStudentsDataDrivenTest-1-thread-14] DEBUG org.apache.http.headers - >> Content-Type: application/json; charset=UTF-8
20:46:21.386 [CreateStudentsDataDrivenTest-1-thread-14] DEBUG org.apache.http.headers - >> Content-Length: 120
20:46:21.386 [CreateStudentsDataDrivenTest-1-thread-14] DEBUG org.apache.http.headers - >> Host: localhost:8085
20:46:21.386 [CreateStudentsDataDrivenTest-1-thread-14] DEBUG org.apache.http.headers - >> Connection: Keep-Alive
20:46:21.386 [CreateStudentsDataDrivenTest-1-thread-14] DEBUG org.apache.http.headers - >> User-Agent: Apache-HttpClient/4.5.13 (Java/11.0.20)
20:46:21.386 [CreateStudentsDataDrivenTest-1-thread-14] DEBUG org.apache.http.headers - >> Accept-Encoding: gzip,deflate
20:46:21.386 [CreateStudentsDataDrivenTest-1-thread-14] DEBUG org.apache.http.wire -  >> "{"id":0,"firstName":"Ives","lastName":"Todman","email":"itodmanx@fotki.com","programme":"Electrical","courses":["java"]}"
20:46:21.457 [CreateStudentsDataDrivenTest-1-thread-12] DEBUG org.apache.http.wire -  << "HTTP/1.1 500 [\r][\n]"
20:46:21.457 [CreateStudentsDataDrivenTest-1-thread-12] DEBUG org.apache.http.wire -  << "Content-Type: application/json;charset=UTF-8[\r][\n]"
20:46:21.457 [CreateStudentsDataDrivenTest-1-thread-12] DEBUG org.apache.http.wire -  << "Transfer-Encoding: chunked[\r][\n]"
20:46:21.457 [CreateStudentsDataDrivenTest-1-thread-12] DEBUG org.apache.http.wire -  << "Date: Thu, 23 Nov 2023 15:16:21 GMT[\r][\n]"
20:46:21.457 [CreateStudentsDataDrivenTest-1-thread-12] DEBUG org.apache.http.wire -  << "Connection: close[\r][\n]"
20:46:21.457 [CreateStudentsDataDrivenTest-1-thread-12] DEBUG org.apache.http.wire -  << "[\r][\n]"
20:46:21.457 [CreateStudentsDataDrivenTest-1-thread-12] DEBUG o.a.h.i.conn.DefaultClientConnection - Receiving response: HTTP/1.1 500 
20:46:21.457 [CreateStudentsDataDrivenTest-1-thread-12] DEBUG org.apache.http.headers - << HTTP/1.1 500 
20:46:21.457 [CreateStudentsDataDrivenTest-1-thread-12] DEBUG org.apache.http.headers - << Content-Type: application/json;charset=UTF-8
20:46:21.457 [CreateStudentsDataDrivenTest-1-thread-12] DEBUG org.apache.http.headers - << Transfer-Encoding: chunked
20:46:21.457 [CreateStudentsDataDrivenTest-1-thread-12] DEBUG org.apache.http.headers - << Date: Thu, 23 Nov 2023 15:16:21 GMT
20:46:21.457 [CreateStudentsDataDrivenTest-1-thread-12] DEBUG org.apache.http.headers - << Connection: close
20:46:21.458 [CreateStudentsDataDrivenTest-1-thread-12] DEBUG i.r.i.RequestSpecificationImpl$RestAssuredHttpBuilder - Parsing response as: application/json;charset=UTF-8
20:46:21.458 [CreateStudentsDataDrivenTest-1-thread-12] DEBUG i.r.i.RequestSpecificationImpl$RestAssuredHttpBuilder - Parsed data to instance of: class org.apache.http.conn.EofSensorInputStream
20:46:21.459 [CreateStudentsDataDrivenTest-1-thread-12] DEBUG org.apache.http.wire -  << "28[\r][\n]"
20:46:21.459 [CreateStudentsDataDrivenTest-1-thread-12] DEBUG org.apache.http.wire -  << "{"error":"Email address already exists"}"
20:46:21.459 [CreateStudentsDataDrivenTest-1-thread-12] DEBUG org.apache.http.wire -  << "[\r][\n]"
20:46:21.460 [CreateStudentsDataDrivenTest-1-thread-12] DEBUG org.apache.http.wire -  << "0[\r][\n]"
20:46:21.460 [CreateStudentsDataDrivenTest-1-thread-12] DEBUG org.apache.http.wire -  << "[\r][\n]"
20:46:21.460 [CreateStudentsDataDrivenTest-1-thread-12] DEBUG o.a.h.i.c.BasicClientConnectionManager - Releasing connection org.apache.http.impl.conn.ManagedClientConnectionImpl@2a25a8a6
20:46:21.460 [CreateStudentsDataDrivenTest-1-thread-12] DEBUG o.a.h.i.conn.DefaultClientConnection - Connection 0.0.0.0:54617<->127.0.0.1:8085 shut down
20:46:21.467 [CreateStudentsDataDrivenTest-1-thread-12] DEBUG n.t.core.steps.StepInterceptor - STEP DONE: Creating student with FirstName: {0}, LastName: {1}, Email: {2}, Programme: {3}, Courses: {4}
]]></system-out>
  </testcase>
  <testcase name="createMultipleStudents" classname="com.studentapplication.junit.studentsinfo.CreateStudentsDataDrivenTest" time="0.41">
    <system-out><![CDATA[20:46:21.474 [CreateStudentsDataDrivenTest-1-thread-12] DEBUG n.thucydides.core.steps.StepEventBus - Test suite started for class com.studentapplication.junit.studentsinfo.CreateStudentsDataDrivenTest
20:46:21.474 [CreateStudentsDataDrivenTest-1-thread-12] INFO   - Test Suite Started: Create students data driven test
20:46:21.474 [CreateStudentsDataDrivenTest-1-thread-12] DEBUG n.s.j.SerenityTestExecutionListener - Thread[CreateStudentsDataDrivenTest-1-thread-12,5,CreateStudentsDataDrivenTest-1] Test started TestIdentifier [uniqueId = [engine:junit-vintage]/[runner:com.studentapplication.junit.studentsinfo.CreateStudentsDataDrivenTest]/[test:com.studentapplication.junit.studentsinfo.CreateStudentsDataDrivenTest%5B34%5D]/[test:createMultipleStudents%5B34%5D(com.studentapplication.junit.studentsinfo.CreateStudentsDataDrivenTest)], parentId = [engine:junit-vintage]/[runner:com.studentapplication.junit.studentsinfo.CreateStudentsDataDrivenTest]/[test:com.studentapplication.junit.studentsinfo.CreateStudentsDataDrivenTest%5B34%5D], displayName = 'createMultipleStudents[34]', legacyReportingName = 'createMultipleStudents[34]', source = MethodSource [className = 'com.studentapplication.junit.studentsinfo.CreateStudentsDataDrivenTest', methodName = 'createMultipleStudents', methodParameterTypes = ''], tags = [], type = TEST]
20:46:21.474 [CreateStudentsDataDrivenTest-1-thread-12] INFO   - 
  _____   ___   ___   _____     ___   _____     _     ___   _____   ___   ___  
 |_   _| | __| / __| |_   _|   / __| |_   _|   /_\   | _ \ |_   _| | __| |   \ 
   | |   | _|  \__ \   | |     \__ \   | |    / _ \  |   /   | |   | _|  | |) |
   |_|   |___| |___/   |_|     |___/   |_|   /_/ \_\ |_|_\   |_|   |___| |___/ 

createMultipleStudents
--------------------------------------------------------------------------------
20:46:21.475 [CreateStudentsDataDrivenTest-1-thread-12] INFO   - 
  _____   ___   ___   _____     ___   _____     _     ___   _____   ___   ___  
 |_   _| | __| / __| |_   _|   / __| |_   _|   /_\   | _ \ |_   _| | __| |   \ 
   | |   | _|  \__ \   | |     \__ \   | |    / _ \  |   /   | |   | _|  | |) |
   |_|   |___| |___/   |_|     |___/   |_|   /_/ \_\ |_|_\   |_|   |___| |___/ 

createMultipleStudents[34]
--------------------------------------------------------------------------------
20:46:21.481 [CreateStudentsDataDrivenTest-1-thread-12] DEBUG n.t.core.steps.StepInterceptor - STARTING STEP: CreateStudentsDataDrivenTest.createMultipleStudents - Creating student with FirstName: {0}, LastName: {1}, Email: {2}, Programme: {3}, Courses: {4}
20:46:21.493 [CreateStudentsDataDrivenTest-1-thread-12] DEBUG o.a.h.i.c.BasicClientConnectionManager - Get connection for route {}->http://localhost:8085
20:46:21.493 [CreateStudentsDataDrivenTest-1-thread-12] DEBUG o.a.h.i.c.DefaultClientConnectionOperator - Connecting to localhost:8085
20:46:21.494 [CreateStudentsDataDrivenTest-1-thread-12] DEBUG o.a.h.c.protocol.RequestAddCookies - CookieSpec selected: ignoreCookies
20:46:21.494 [CreateStudentsDataDrivenTest-1-thread-12] DEBUG o.a.h.c.protocol.RequestAuthCache - Auth cache not set in the context
20:46:21.494 [CreateStudentsDataDrivenTest-1-thread-12] DEBUG o.a.h.c.p.RequestTargetAuthentication - Target auth state: UNCHALLENGED
20:46:21.494 [CreateStudentsDataDrivenTest-1-thread-12] DEBUG o.a.h.c.p.RequestProxyAuthentication - Proxy auth state: UNCHALLENGED
20:46:21.494 [CreateStudentsDataDrivenTest-1-thread-12] DEBUG o.a.h.impl.client.DefaultHttpClient - Attempt 1 to execute request
20:46:21.494 [CreateStudentsDataDrivenTest-1-thread-12] DEBUG o.a.h.i.conn.DefaultClientConnection - Sending request: POST /student HTTP/1.1
20:46:21.494 [CreateStudentsDataDrivenTest-1-thread-12] DEBUG org.apache.http.wire -  >> "POST /student HTTP/1.1[\r][\n]"
20:46:21.494 [CreateStudentsDataDrivenTest-1-thread-12] DEBUG org.apache.http.wire -  >> "Accept: */*[\r][\n]"
20:46:21.494 [CreateStudentsDataDrivenTest-1-thread-12] DEBUG org.apache.http.wire -  >> "Content-Type: application/json; charset=UTF-8[\r][\n]"
20:46:21.494 [CreateStudentsDataDrivenTest-1-thread-12] DEBUG org.apache.http.wire -  >> "Content-Length: 130[\r][\n]"
20:46:21.494 [CreateStudentsDataDrivenTest-1-thread-12] DEBUG org.apache.http.wire -  >> "Host: localhost:8085[\r][\n]"
20:46:21.494 [CreateStudentsDataDrivenTest-1-thread-12] DEBUG org.apache.http.wire -  >> "Connection: Keep-Alive[\r][\n]"
20:46:21.494 [CreateStudentsDataDrivenTest-1-thread-12] DEBUG org.apache.http.wire -  >> "User-Agent: Apache-HttpClient/4.5.13 (Java/11.0.20)[\r][\n]"
20:46:21.494 [CreateStudentsDataDrivenTest-1-thread-12] DEBUG org.apache.http.wire -  >> "Accept-Encoding: gzip,deflate[\r][\n]"
20:46:21.494 [CreateStudentsDataDrivenTest-1-thread-12] DEBUG org.apache.http.wire -  >> "[\r][\n]"
20:46:21.495 [CreateStudentsDataDrivenTest-1-thread-12] DEBUG org.apache.http.headers - >> POST /student HTTP/1.1
20:46:21.495 [CreateStudentsDataDrivenTest-1-thread-12] DEBUG org.apache.http.headers - >> Accept: */*
20:46:21.495 [CreateStudentsDataDrivenTest-1-thread-12] DEBUG org.apache.http.headers - >> Content-Type: application/json; charset=UTF-8
20:46:21.495 [CreateStudentsDataDrivenTest-1-thread-12] DEBUG org.apache.http.headers - >> Content-Length: 130
20:46:21.495 [CreateStudentsDataDrivenTest-1-thread-12] DEBUG org.apache.http.headers - >> Host: localhost:8085
20:46:21.495 [CreateStudentsDataDrivenTest-1-thread-12] DEBUG org.apache.http.headers - >> Connection: Keep-Alive
20:46:21.495 [CreateStudentsDataDrivenTest-1-thread-12] DEBUG org.apache.http.headers - >> User-Agent: Apache-HttpClient/4.5.13 (Java/11.0.20)
20:46:21.495 [CreateStudentsDataDrivenTest-1-thread-12] DEBUG org.apache.http.headers - >> Accept-Encoding: gzip,deflate
20:46:21.495 [CreateStudentsDataDrivenTest-1-thread-12] DEBUG org.apache.http.wire -  >> "{"id":0,"firstName":"Ema","lastName":"Rathbourne","email":"erathbourney@admin.ch","programme":"Computer Science","courses":["c#"]}"
20:46:21.512 [CreateStudentsDataDrivenTest-1-thread-4] DEBUG org.apache.http.wire -  << "HTTP/1.1 500 [\r][\n]"
20:46:21.512 [CreateStudentsDataDrivenTest-1-thread-11] DEBUG org.apache.http.wire -  << "HTTP/1.1 500 [\r][\n]"
20:46:21.512 [CreateStudentsDataDrivenTest-1-thread-11] DEBUG org.apache.http.wire -  << "Content-Type: application/json;charset=UTF-8[\r][\n]"
20:46:21.512 [CreateStudentsDataDrivenTest-1-thread-4] DEBUG org.apache.http.wire -  << "Content-Type: application/json;charset=UTF-8[\r][\n]"
20:46:21.512 [CreateStudentsDataDrivenTest-1-thread-11] DEBUG org.apache.http.wire -  << "Transfer-Encoding: chunked[\r][\n]"
20:46:21.512 [CreateStudentsDataDrivenTest-1-thread-4] DEBUG org.apache.http.wire -  << "Transfer-Encoding: chunked[\r][\n]"
20:46:21.512 [CreateStudentsDataDrivenTest-1-thread-11] DEBUG org.apache.http.wire -  << "Date: Thu, 23 Nov 2023 15:16:21 GMT[\r][\n]"
20:46:21.512 [CreateStudentsDataDrivenTest-1-thread-4] DEBUG org.apache.http.wire -  << "Date: Thu, 23 Nov 2023 15:16:21 GMT[\r][\n]"
20:46:21.512 [CreateStudentsDataDrivenTest-1-thread-11] DEBUG org.apache.http.wire -  << "Connection: close[\r][\n]"
20:46:21.512 [CreateStudentsDataDrivenTest-1-thread-4] DEBUG org.apache.http.wire -  << "Connection: close[\r][\n]"
20:46:21.512 [CreateStudentsDataDrivenTest-1-thread-11] DEBUG org.apache.http.wire -  << "[\r][\n]"
20:46:21.512 [CreateStudentsDataDrivenTest-1-thread-4] DEBUG org.apache.http.wire -  << "[\r][\n]"
20:46:21.512 [CreateStudentsDataDrivenTest-1-thread-11] DEBUG o.a.h.i.conn.DefaultClientConnection - Receiving response: HTTP/1.1 500 
20:46:21.512 [CreateStudentsDataDrivenTest-1-thread-4] DEBUG o.a.h.i.conn.DefaultClientConnection - Receiving response: HTTP/1.1 500 
20:46:21.512 [CreateStudentsDataDrivenTest-1-thread-11] DEBUG org.apache.http.headers - << HTTP/1.1 500 
20:46:21.512 [CreateStudentsDataDrivenTest-1-thread-4] DEBUG org.apache.http.headers - << HTTP/1.1 500 
20:46:21.512 [CreateStudentsDataDrivenTest-1-thread-11] DEBUG org.apache.http.headers - << Content-Type: application/json;charset=UTF-8
20:46:21.512 [CreateStudentsDataDrivenTest-1-thread-4] DEBUG org.apache.http.headers - << Content-Type: application/json;charset=UTF-8
20:46:21.512 [CreateStudentsDataDrivenTest-1-thread-11] DEBUG org.apache.http.headers - << Transfer-Encoding: chunked
20:46:21.512 [CreateStudentsDataDrivenTest-1-thread-4] DEBUG org.apache.http.headers - << Transfer-Encoding: chunked
20:46:21.512 [CreateStudentsDataDrivenTest-1-thread-11] DEBUG org.apache.http.headers - << Date: Thu, 23 Nov 2023 15:16:21 GMT
20:46:21.512 [CreateStudentsDataDrivenTest-1-thread-4] DEBUG org.apache.http.headers - << Date: Thu, 23 Nov 2023 15:16:21 GMT
20:46:21.512 [CreateStudentsDataDrivenTest-1-thread-11] DEBUG org.apache.http.headers - << Connection: close
20:46:21.513 [CreateStudentsDataDrivenTest-1-thread-4] DEBUG org.apache.http.headers - << Connection: close
20:46:21.513 [CreateStudentsDataDrivenTest-1-thread-11] DEBUG i.r.i.RequestSpecificationImpl$RestAssuredHttpBuilder - Parsing response as: application/json;charset=UTF-8
20:46:21.513 [CreateStudentsDataDrivenTest-1-thread-4] DEBUG i.r.i.RequestSpecificationImpl$RestAssuredHttpBuilder - Parsing response as: application/json;charset=UTF-8
20:46:21.513 [CreateStudentsDataDrivenTest-1-thread-11] DEBUG i.r.i.RequestSpecificationImpl$RestAssuredHttpBuilder - Parsed data to instance of: class org.apache.http.conn.EofSensorInputStream
20:46:21.513 [CreateStudentsDataDrivenTest-1-thread-4] DEBUG i.r.i.RequestSpecificationImpl$RestAssuredHttpBuilder - Parsed data to instance of: class org.apache.http.conn.EofSensorInputStream
20:46:21.514 [CreateStudentsDataDrivenTest-1-thread-11] DEBUG org.apache.http.wire -  << "28[\r][\n]"
20:46:21.514 [CreateStudentsDataDrivenTest-1-thread-11] DEBUG org.apache.http.wire -  << "{"error":"Email address already exists"}"
20:46:21.514 [CreateStudentsDataDrivenTest-1-thread-11] DEBUG org.apache.http.wire -  << "[\r][\n]"
20:46:21.514 [CreateStudentsDataDrivenTest-1-thread-4] DEBUG org.apache.http.wire -  << "28[\r][\n]"
20:46:21.514 [CreateStudentsDataDrivenTest-1-thread-4] DEBUG org.apache.http.wire -  << "{"error":"Email address already exists"}"
20:46:21.514 [CreateStudentsDataDrivenTest-1-thread-4] DEBUG org.apache.http.wire -  << "[\r][\n]"
20:46:21.514 [CreateStudentsDataDrivenTest-1-thread-4] DEBUG org.apache.http.wire -  << "0[\r][\n]"
20:46:21.514 [CreateStudentsDataDrivenTest-1-thread-4] DEBUG org.apache.http.wire -  << "[\r][\n]"
20:46:21.516 [CreateStudentsDataDrivenTest-1-thread-4] DEBUG o.a.h.i.c.BasicClientConnectionManager - Releasing connection org.apache.http.impl.conn.ManagedClientConnectionImpl@40f3b126
20:46:21.516 [CreateStudentsDataDrivenTest-1-thread-4] DEBUG o.a.h.i.conn.DefaultClientConnection - Connection 0.0.0.0:54619<->127.0.0.1:8085 shut down
20:46:21.516 [CreateStudentsDataDrivenTest-1-thread-11] DEBUG org.apache.http.wire -  << "0[\r][\n]"
20:46:21.517 [CreateStudentsDataDrivenTest-1-thread-11] DEBUG org.apache.http.wire -  << "[\r][\n]"
20:46:21.517 [CreateStudentsDataDrivenTest-1-thread-11] DEBUG o.a.h.i.c.BasicClientConnectionManager - Releasing connection org.apache.http.impl.conn.ManagedClientConnectionImpl@63c3543d
20:46:21.517 [CreateStudentsDataDrivenTest-1-thread-11] DEBUG o.a.h.i.conn.DefaultClientConnection - Connection 0.0.0.0:54631<->127.0.0.1:8085 shut down
20:46:21.516 [CreateStudentsDataDrivenTest-1-thread-1] DEBUG org.apache.http.wire -  << "HTTP/1.1 500 [\r][\n]"
20:46:21.518 [CreateStudentsDataDrivenTest-1-thread-1] DEBUG org.apache.http.wire -  << "Content-Type: application/json;charset=UTF-8[\r][\n]"
20:46:21.518 [CreateStudentsDataDrivenTest-1-thread-1] DEBUG org.apache.http.wire -  << "Transfer-Encoding: chunked[\r][\n]"
20:46:21.518 [CreateStudentsDataDrivenTest-1-thread-1] DEBUG org.apache.http.wire -  << "Date: Thu, 23 Nov 2023 15:16:21 GMT[\r][\n]"
20:46:21.518 [CreateStudentsDataDrivenTest-1-thread-1] DEBUG org.apache.http.wire -  << "Connection: close[\r][\n]"
20:46:21.518 [CreateStudentsDataDrivenTest-1-thread-1] DEBUG org.apache.http.wire -  << "[\r][\n]"
20:46:21.518 [CreateStudentsDataDrivenTest-1-thread-1] DEBUG o.a.h.i.conn.DefaultClientConnection - Receiving response: HTTP/1.1 500 
20:46:21.518 [CreateStudentsDataDrivenTest-1-thread-1] DEBUG org.apache.http.headers - << HTTP/1.1 500 
20:46:21.518 [CreateStudentsDataDrivenTest-1-thread-1] DEBUG org.apache.http.headers - << Content-Type: application/json;charset=UTF-8
20:46:21.518 [CreateStudentsDataDrivenTest-1-thread-1] DEBUG org.apache.http.headers - << Transfer-Encoding: chunked
20:46:21.518 [CreateStudentsDataDrivenTest-1-thread-1] DEBUG org.apache.http.headers - << Date: Thu, 23 Nov 2023 15:16:21 GMT
20:46:21.518 [CreateStudentsDataDrivenTest-1-thread-1] DEBUG org.apache.http.headers - << Connection: close
20:46:21.518 [CreateStudentsDataDrivenTest-1-thread-1] DEBUG i.r.i.RequestSpecificationImpl$RestAssuredHttpBuilder - Parsing response as: application/json;charset=UTF-8
20:46:21.518 [CreateStudentsDataDrivenTest-1-thread-1] DEBUG i.r.i.RequestSpecificationImpl$RestAssuredHttpBuilder - Parsed data to instance of: class org.apache.http.conn.EofSensorInputStream
20:46:21.519 [CreateStudentsDataDrivenTest-1-thread-1] DEBUG org.apache.http.wire -  << "28[\r][\n]"
20:46:21.519 [CreateStudentsDataDrivenTest-1-thread-1] DEBUG org.apache.http.wire -  << "{"error":"Email address already exists"}"
20:46:21.519 [CreateStudentsDataDrivenTest-1-thread-1] DEBUG org.apache.http.wire -  << "[\r][\n]"
20:46:21.519 [CreateStudentsDataDrivenTest-1-thread-1] DEBUG org.apache.http.wire -  << "0[\r][\n]"
20:46:21.519 [CreateStudentsDataDrivenTest-1-thread-1] DEBUG org.apache.http.wire -  << "[\r][\n]"
20:46:21.520 [CreateStudentsDataDrivenTest-1-thread-1] DEBUG o.a.h.i.c.BasicClientConnectionManager - Releasing connection org.apache.http.impl.conn.ManagedClientConnectionImpl@38e0aad3
20:46:21.520 [CreateStudentsDataDrivenTest-1-thread-1] DEBUG o.a.h.i.conn.DefaultClientConnection - Connection 0.0.0.0:54623<->127.0.0.1:8085 shut down
20:46:21.522 [CreateStudentsDataDrivenTest-1-thread-11] DEBUG n.t.core.steps.StepInterceptor - STEP DONE: Creating student with FirstName: {0}, LastName: {1}, Email: {2}, Programme: {3}, Courses: {4}
]]></system-out>
  </testcase>
  <testcase name="createMultipleStudents" classname="com.studentapplication.junit.studentsinfo.CreateStudentsDataDrivenTest" time="0.66">
    <system-out><![CDATA[20:46:21.523 [CreateStudentsDataDrivenTest-1-thread-11] INFO   - 
  _____   ___   ___   _____     ___     _     ___   ___   ___   ___  
 |_   _| | __| / __| |_   _|   | _ \   /_\   / __| / __| | __| |   \ 
   | |   | _|  \__ \   | |     |  _/  / _ \  \__ \ \__ \ | _|  | |) |
   |_|   |___| |___/   |_|     |_|   /_/ \_\ |___/ |___/ |___| |___/ 

Data Driven Test for adding multiple students to the Student APp
----------------------------------------------------------------------
20:46:21.524 [CreateStudentsDataDrivenTest-1-thread-1] DEBUG n.t.core.steps.StepInterceptor - STEP DONE: Creating student with FirstName: {0}, LastName: {1}, Email: {2}, Programme: {3}, Courses: {4}
]]></system-out>
  </testcase>
  <testcase name="createMultipleStudents" classname="com.studentapplication.junit.studentsinfo.CreateStudentsDataDrivenTest" time="0.963">
    <system-out><![CDATA[20:46:21.533 [CreateStudentsDataDrivenTest-1-thread-1] DEBUG n.thucydides.core.steps.StepEventBus - Test suite started for class com.studentapplication.junit.studentsinfo.CreateStudentsDataDrivenTest
20:46:21.534 [CreateStudentsDataDrivenTest-1-thread-1] INFO   - Test Suite Started: Create students data driven test
20:46:21.534 [CreateStudentsDataDrivenTest-1-thread-1] DEBUG n.s.j.SerenityTestExecutionListener - Thread[CreateStudentsDataDrivenTest-1-thread-1,5,CreateStudentsDataDrivenTest-1] Test started TestIdentifier [uniqueId = [engine:junit-vintage]/[runner:com.studentapplication.junit.studentsinfo.CreateStudentsDataDrivenTest]/[test:com.studentapplication.junit.studentsinfo.CreateStudentsDataDrivenTest%5B36%5D]/[test:createMultipleStudents%5B36%5D(com.studentapplication.junit.studentsinfo.CreateStudentsDataDrivenTest)], parentId = [engine:junit-vintage]/[runner:com.studentapplication.junit.studentsinfo.CreateStudentsDataDrivenTest]/[test:com.studentapplication.junit.studentsinfo.CreateStudentsDataDrivenTest%5B36%5D], displayName = 'createMultipleStudents[36]', legacyReportingName = 'createMultipleStudents[36]', source = MethodSource [className = 'com.studentapplication.junit.studentsinfo.CreateStudentsDataDrivenTest', methodName = 'createMultipleStudents', methodParameterTypes = ''], tags = [], type = TEST]
20:46:21.534 [CreateStudentsDataDrivenTest-1-thread-1] INFO   - 
  _____   ___   ___   _____     ___   _____     _     ___   _____   ___   ___  
 |_   _| | __| / __| |_   _|   / __| |_   _|   /_\   | _ \ |_   _| | __| |   \ 
   | |   | _|  \__ \   | |     \__ \   | |    / _ \  |   /   | |   | _|  | |) |
   |_|   |___| |___/   |_|     |___/   |_|   /_/ \_\ |_|_\   |_|   |___| |___/ 

createMultipleStudents
--------------------------------------------------------------------------------
20:46:21.535 [CreateStudentsDataDrivenTest-1-thread-1] INFO   - 
  _____   ___   ___   _____     ___   _____     _     ___   _____   ___   ___  
 |_   _| | __| / __| |_   _|   / __| |_   _|   /_\   | _ \ |_   _| | __| |   \ 
   | |   | _|  \__ \   | |     \__ \   | |    / _ \  |   /   | |   | _|  | |) |
   |_|   |___| |___/   |_|     |___/   |_|   /_/ \_\ |_|_\   |_|   |___| |___/ 

createMultipleStudents[36]
--------------------------------------------------------------------------------
20:46:21.538 [CreateStudentsDataDrivenTest-1-thread-11] DEBUG n.thucydides.core.steps.StepEventBus - Test suite started for class com.studentapplication.junit.studentsinfo.CreateStudentsDataDrivenTest
20:46:21.538 [CreateStudentsDataDrivenTest-1-thread-11] INFO   - Test Suite Started: Create students data driven test
20:46:21.538 [CreateStudentsDataDrivenTest-1-thread-11] DEBUG n.s.j.SerenityTestExecutionListener - Thread[CreateStudentsDataDrivenTest-1-thread-11,5,CreateStudentsDataDrivenTest-1] Test started TestIdentifier [uniqueId = [engine:junit-vintage]/[runner:com.studentapplication.junit.studentsinfo.CreateStudentsDataDrivenTest]/[test:com.studentapplication.junit.studentsinfo.CreateStudentsDataDrivenTest%5B35%5D]/[test:createMultipleStudents%5B35%5D(com.studentapplication.junit.studentsinfo.CreateStudentsDataDrivenTest)], parentId = [engine:junit-vintage]/[runner:com.studentapplication.junit.studentsinfo.CreateStudentsDataDrivenTest]/[test:com.studentapplication.junit.studentsinfo.CreateStudentsDataDrivenTest%5B35%5D], displayName = 'createMultipleStudents[35]', legacyReportingName = 'createMultipleStudents[35]', source = MethodSource [className = 'com.studentapplication.junit.studentsinfo.CreateStudentsDataDrivenTest', methodName = 'createMultipleStudents', methodParameterTypes = ''], tags = [], type = TEST]
20:46:21.538 [CreateStudentsDataDrivenTest-1-thread-11] INFO   - 
  _____   ___   ___   _____     ___   _____     _     ___   _____   ___   ___  
 |_   _| | __| / __| |_   _|   / __| |_   _|   /_\   | _ \ |_   _| | __| |   \ 
   | |   | _|  \__ \   | |     \__ \   | |    / _ \  |   /   | |   | _|  | |) |
   |_|   |___| |___/   |_|     |___/   |_|   /_/ \_\ |_|_\   |_|   |___| |___/ 

createMultipleStudents
--------------------------------------------------------------------------------
20:46:21.539 [CreateStudentsDataDrivenTest-1-thread-11] INFO   - 
  _____   ___   ___   _____     ___   _____     _     ___   _____   ___   ___  
 |_   _| | __| / __| |_   _|   / __| |_   _|   /_\   | _ \ |_   _| | __| |   \ 
   | |   | _|  \__ \   | |     \__ \   | |    / _ \  |   /   | |   | _|  | |) |
   |_|   |___| |___/   |_|     |___/   |_|   /_/ \_\ |_|_\   |_|   |___| |___/ 

createMultipleStudents[35]
--------------------------------------------------------------------------------
]]></system-out>
  </testcase>
  <testcase name="createMultipleStudents" classname="com.studentapplication.junit.studentsinfo.CreateStudentsDataDrivenTest" time="1.186">
    <system-out><![CDATA[20:46:21.547 [CreateStudentsDataDrivenTest-1-thread-1] DEBUG n.t.core.steps.StepInterceptor - STARTING STEP: CreateStudentsDataDrivenTest.createMultipleStudents - Creating student with FirstName: {0}, LastName: {1}, Email: {2}, Programme: {3}, Courses: {4}
20:46:21.550 [CreateStudentsDataDrivenTest-1-thread-4] DEBUG n.thucydides.core.steps.StepEventBus - Test suite started for class com.studentapplication.junit.studentsinfo.CreateStudentsDataDrivenTest
20:46:21.550 [CreateStudentsDataDrivenTest-1-thread-4] INFO   - Test Suite Started: Create students data driven test
20:46:21.551 [CreateStudentsDataDrivenTest-1-thread-4] DEBUG n.s.j.SerenityTestExecutionListener - Thread[CreateStudentsDataDrivenTest-1-thread-4,5,CreateStudentsDataDrivenTest-1] Test started TestIdentifier [uniqueId = [engine:junit-vintage]/[runner:com.studentapplication.junit.studentsinfo.CreateStudentsDataDrivenTest]/[test:com.studentapplication.junit.studentsinfo.CreateStudentsDataDrivenTest%5B37%5D]/[test:createMultipleStudents%5B37%5D(com.studentapplication.junit.studentsinfo.CreateStudentsDataDrivenTest)], parentId = [engine:junit-vintage]/[runner:com.studentapplication.junit.studentsinfo.CreateStudentsDataDrivenTest]/[test:com.studentapplication.junit.studentsinfo.CreateStudentsDataDrivenTest%5B37%5D], displayName = 'createMultipleStudents[37]', legacyReportingName = 'createMultipleStudents[37]', source = MethodSource [className = 'com.studentapplication.junit.studentsinfo.CreateStudentsDataDrivenTest', methodName = 'createMultipleStudents', methodParameterTypes = ''], tags = [], type = TEST]
20:46:21.551 [CreateStudentsDataDrivenTest-1-thread-4] INFO   - 
  _____   ___   ___   _____     ___   _____     _     ___   _____   ___   ___  
 |_   _| | __| / __| |_   _|   / __| |_   _|   /_\   | _ \ |_   _| | __| |   \ 
   | |   | _|  \__ \   | |     \__ \   | |    / _ \  |   /   | |   | _|  | |) |
   |_|   |___| |___/   |_|     |___/   |_|   /_/ \_\ |_|_\   |_|   |___| |___/ 

createMultipleStudents
--------------------------------------------------------------------------------
20:46:21.552 [CreateStudentsDataDrivenTest-1-thread-4] INFO   - 
  _____   ___   ___   _____     ___   _____     _     ___   _____   ___   ___  
 |_   _| | __| / __| |_   _|   / __| |_   _|   /_\   | _ \ |_   _| | __| |   \ 
   | |   | _|  \__ \   | |     \__ \   | |    / _ \  |   /   | |   | _|  | |) |
   |_|   |___| |___/   |_|     |___/   |_|   /_/ \_\ |_|_\   |_|   |___| |___/ 

createMultipleStudents[37]
--------------------------------------------------------------------------------
20:46:21.558 [CreateStudentsDataDrivenTest-1-thread-4] DEBUG n.t.core.steps.StepInterceptor - STARTING STEP: CreateStudentsDataDrivenTest.createMultipleStudents - Creating student with FirstName: {0}, LastName: {1}, Email: {2}, Programme: {3}, Courses: {4}
20:46:21.560 [CreateStudentsDataDrivenTest-1-thread-1] DEBUG o.a.h.i.c.BasicClientConnectionManager - Get connection for route {}->http://localhost:8085
20:46:21.560 [CreateStudentsDataDrivenTest-1-thread-1] DEBUG o.a.h.i.c.DefaultClientConnectionOperator - Connecting to localhost:8085
20:46:21.561 [CreateStudentsDataDrivenTest-1-thread-1] DEBUG o.a.h.c.protocol.RequestAddCookies - CookieSpec selected: ignoreCookies
20:46:21.561 [CreateStudentsDataDrivenTest-1-thread-1] DEBUG o.a.h.c.protocol.RequestAuthCache - Auth cache not set in the context
20:46:21.561 [CreateStudentsDataDrivenTest-1-thread-1] DEBUG o.a.h.c.p.RequestTargetAuthentication - Target auth state: UNCHALLENGED
20:46:21.561 [CreateStudentsDataDrivenTest-1-thread-1] DEBUG o.a.h.c.p.RequestProxyAuthentication - Proxy auth state: UNCHALLENGED
20:46:21.561 [CreateStudentsDataDrivenTest-1-thread-1] DEBUG o.a.h.impl.client.DefaultHttpClient - Attempt 1 to execute request
20:46:21.561 [CreateStudentsDataDrivenTest-1-thread-1] DEBUG o.a.h.i.conn.DefaultClientConnection - Sending request: POST /student HTTP/1.1
20:46:21.561 [CreateStudentsDataDrivenTest-1-thread-1] DEBUG org.apache.http.wire -  >> "POST /student HTTP/1.1[\r][\n]"
20:46:21.561 [CreateStudentsDataDrivenTest-1-thread-1] DEBUG org.apache.http.wire -  >> "Accept: */*[\r][\n]"
20:46:21.561 [CreateStudentsDataDrivenTest-1-thread-1] DEBUG org.apache.http.wire -  >> "Content-Type: application/json; charset=UTF-8[\r][\n]"
20:46:21.561 [CreateStudentsDataDrivenTest-1-thread-1] DEBUG org.apache.http.wire -  >> "Content-Length: 124[\r][\n]"
20:46:21.561 [CreateStudentsDataDrivenTest-1-thread-1] DEBUG org.apache.http.wire -  >> "Host: localhost:8085[\r][\n]"
20:46:21.562 [CreateStudentsDataDrivenTest-1-thread-1] DEBUG org.apache.http.wire -  >> "Connection: Keep-Alive[\r][\n]"
20:46:21.562 [CreateStudentsDataDrivenTest-1-thread-1] DEBUG org.apache.http.wire -  >> "User-Agent: Apache-HttpClient/4.5.13 (Java/11.0.20)[\r][\n]"
20:46:21.562 [CreateStudentsDataDrivenTest-1-thread-1] DEBUG org.apache.http.wire -  >> "Accept-Encoding: gzip,deflate[\r][\n]"
20:46:21.562 [CreateStudentsDataDrivenTest-1-thread-1] DEBUG org.apache.http.wire -  >> "[\r][\n]"
20:46:21.562 [CreateStudentsDataDrivenTest-1-thread-1] DEBUG org.apache.http.headers - >> POST /student HTTP/1.1
20:46:21.562 [CreateStudentsDataDrivenTest-1-thread-1] DEBUG org.apache.http.headers - >> Accept: */*
20:46:21.562 [CreateStudentsDataDrivenTest-1-thread-1] DEBUG org.apache.http.headers - >> Content-Type: application/json; charset=UTF-8
20:46:21.562 [CreateStudentsDataDrivenTest-1-thread-1] DEBUG org.apache.http.headers - >> Content-Length: 124
20:46:21.562 [CreateStudentsDataDrivenTest-1-thread-1] DEBUG org.apache.http.headers - >> Host: localhost:8085
20:46:21.562 [CreateStudentsDataDrivenTest-1-thread-1] DEBUG org.apache.http.headers - >> Connection: Keep-Alive
20:46:21.562 [CreateStudentsDataDrivenTest-1-thread-1] DEBUG org.apache.http.headers - >> User-Agent: Apache-HttpClient/4.5.13 (Java/11.0.20)
20:46:21.562 [CreateStudentsDataDrivenTest-1-thread-1] DEBUG org.apache.http.headers - >> Accept-Encoding: gzip,deflate
20:46:21.562 [CreateStudentsDataDrivenTest-1-thread-1] DEBUG org.apache.http.wire -  >> "{"id":0,"firstName":"Edna","lastName":"Saunter","email":"esaunter10@mapquest.com","programme":"Mechanical","courses":["c#"]}"
20:46:21.548 [CreateStudentsDataDrivenTest-1-thread-11] DEBUG n.t.core.steps.StepInterceptor - STARTING STEP: CreateStudentsDataDrivenTest.createMultipleStudents - Creating student with FirstName: {0}, LastName: {1}, Email: {2}, Programme: {3}, Courses: {4}
20:46:21.570 [CreateStudentsDataDrivenTest-1-thread-4] DEBUG o.a.h.i.c.BasicClientConnectionManager - Get connection for route {}->http://localhost:8085
20:46:21.570 [CreateStudentsDataDrivenTest-1-thread-4] DEBUG o.a.h.i.c.DefaultClientConnectionOperator - Connecting to localhost:8085
20:46:21.579 [CreateStudentsDataDrivenTest-1-thread-4] DEBUG o.a.h.c.protocol.RequestAddCookies - CookieSpec selected: ignoreCookies
20:46:21.579 [CreateStudentsDataDrivenTest-1-thread-4] DEBUG o.a.h.c.protocol.RequestAuthCache - Auth cache not set in the context
20:46:21.579 [CreateStudentsDataDrivenTest-1-thread-4] DEBUG o.a.h.c.p.RequestTargetAuthentication - Target auth state: UNCHALLENGED
20:46:21.579 [CreateStudentsDataDrivenTest-1-thread-4] DEBUG o.a.h.c.p.RequestProxyAuthentication - Proxy auth state: UNCHALLENGED
20:46:21.579 [CreateStudentsDataDrivenTest-1-thread-4] DEBUG o.a.h.impl.client.DefaultHttpClient - Attempt 1 to execute request
20:46:21.579 [CreateStudentsDataDrivenTest-1-thread-4] DEBUG o.a.h.i.conn.DefaultClientConnection - Sending request: POST /student HTTP/1.1
20:46:21.579 [CreateStudentsDataDrivenTest-1-thread-4] DEBUG org.apache.http.wire -  >> "POST /student HTTP/1.1[\r][\n]"
20:46:21.579 [CreateStudentsDataDrivenTest-1-thread-4] DEBUG org.apache.http.wire -  >> "Accept: */*[\r][\n]"
20:46:21.579 [CreateStudentsDataDrivenTest-1-thread-4] DEBUG org.apache.http.wire -  >> "Content-Type: application/json; charset=UTF-8[\r][\n]"
20:46:21.579 [CreateStudentsDataDrivenTest-1-thread-4] DEBUG org.apache.http.wire -  >> "Content-Length: 134[\r][\n]"
20:46:21.579 [CreateStudentsDataDrivenTest-1-thread-4] DEBUG org.apache.http.wire -  >> "Host: localhost:8085[\r][\n]"
20:46:21.579 [CreateStudentsDataDrivenTest-1-thread-4] DEBUG org.apache.http.wire -  >> "Connection: Keep-Alive[\r][\n]"
20:46:21.579 [CreateStudentsDataDrivenTest-1-thread-4] DEBUG org.apache.http.wire -  >> "User-Agent: Apache-HttpClient/4.5.13 (Java/11.0.20)[\r][\n]"
20:46:21.579 [CreateStudentsDataDrivenTest-1-thread-4] DEBUG org.apache.http.wire -  >> "Accept-Encoding: gzip,deflate[\r][\n]"
20:46:21.579 [CreateStudentsDataDrivenTest-1-thread-4] DEBUG org.apache.http.wire -  >> "[\r][\n]"
20:46:21.579 [CreateStudentsDataDrivenTest-1-thread-4] DEBUG org.apache.http.headers - >> POST /student HTTP/1.1
20:46:21.579 [CreateStudentsDataDrivenTest-1-thread-4] DEBUG org.apache.http.headers - >> Accept: */*
20:46:21.579 [CreateStudentsDataDrivenTest-1-thread-4] DEBUG org.apache.http.headers - >> Content-Type: application/json; charset=UTF-8
20:46:21.579 [CreateStudentsDataDrivenTest-1-thread-4] DEBUG org.apache.http.headers - >> Content-Length: 134
20:46:21.579 [CreateStudentsDataDrivenTest-1-thread-4] DEBUG org.apache.http.headers - >> Host: localhost:8085
20:46:21.579 [CreateStudentsDataDrivenTest-1-thread-4] DEBUG org.apache.http.headers - >> Connection: Keep-Alive
20:46:21.579 [CreateStudentsDataDrivenTest-1-thread-4] DEBUG org.apache.http.headers - >> User-Agent: Apache-HttpClient/4.5.13 (Java/11.0.20)
20:46:21.579 [CreateStudentsDataDrivenTest-1-thread-4] DEBUG org.apache.http.headers - >> Accept-Encoding: gzip,deflate
20:46:21.579 [CreateStudentsDataDrivenTest-1-thread-4] DEBUG org.apache.http.wire -  >> "{"id":0,"firstName":"Zsa zsa","lastName":"Heningam","email":"zheningam11@canalblog.com","programme":"Mechanical","courses":["python"]}"
20:46:21.581 [CreateStudentsDataDrivenTest-1-thread-11] DEBUG o.a.h.i.c.BasicClientConnectionManager - Get connection for route {}->http://localhost:8085
20:46:21.581 [CreateStudentsDataDrivenTest-1-thread-11] DEBUG o.a.h.i.c.DefaultClientConnectionOperator - Connecting to localhost:8085
20:46:21.581 [CreateStudentsDataDrivenTest-1-thread-11] DEBUG o.a.h.c.protocol.RequestAddCookies - CookieSpec selected: ignoreCookies
20:46:21.582 [CreateStudentsDataDrivenTest-1-thread-11] DEBUG o.a.h.c.protocol.RequestAuthCache - Auth cache not set in the context
20:46:21.582 [CreateStudentsDataDrivenTest-1-thread-11] DEBUG o.a.h.c.p.RequestTargetAuthentication - Target auth state: UNCHALLENGED
20:46:21.582 [CreateStudentsDataDrivenTest-1-thread-11] DEBUG o.a.h.c.p.RequestProxyAuthentication - Proxy auth state: UNCHALLENGED
20:46:21.582 [CreateStudentsDataDrivenTest-1-thread-11] DEBUG o.a.h.impl.client.DefaultHttpClient - Attempt 1 to execute request
20:46:21.582 [CreateStudentsDataDrivenTest-1-thread-11] DEBUG o.a.h.i.conn.DefaultClientConnection - Sending request: POST /student HTTP/1.1
20:46:21.582 [CreateStudentsDataDrivenTest-1-thread-11] DEBUG org.apache.http.wire -  >> "POST /student HTTP/1.1[\r][\n]"
20:46:21.582 [CreateStudentsDataDrivenTest-1-thread-11] DEBUG org.apache.http.wire -  >> "Accept: */*[\r][\n]"
20:46:21.582 [CreateStudentsDataDrivenTest-1-thread-11] DEBUG org.apache.http.wire -  >> "Content-Type: application/json; charset=UTF-8[\r][\n]"
20:46:21.582 [CreateStudentsDataDrivenTest-1-thread-11] DEBUG org.apache.http.wire -  >> "Content-Length: 129[\r][\n]"
20:46:21.582 [CreateStudentsDataDrivenTest-1-thread-11] DEBUG org.apache.http.wire -  >> "Host: localhost:8085[\r][\n]"
20:46:21.582 [CreateStudentsDataDrivenTest-1-thread-11] DEBUG org.apache.http.wire -  >> "Connection: Keep-Alive[\r][\n]"
20:46:21.582 [CreateStudentsDataDrivenTest-1-thread-11] DEBUG org.apache.http.wire -  >> "User-Agent: Apache-HttpClient/4.5.13 (Java/11.0.20)[\r][\n]"
20:46:21.582 [CreateStudentsDataDrivenTest-1-thread-11] DEBUG org.apache.http.wire -  >> "Accept-Encoding: gzip,deflate[\r][\n]"
20:46:21.582 [CreateStudentsDataDrivenTest-1-thread-11] DEBUG org.apache.http.wire -  >> "[\r][\n]"
20:46:21.582 [CreateStudentsDataDrivenTest-1-thread-11] DEBUG org.apache.http.headers - >> POST /student HTTP/1.1
20:46:21.582 [CreateStudentsDataDrivenTest-1-thread-11] DEBUG org.apache.http.headers - >> Accept: */*
20:46:21.582 [CreateStudentsDataDrivenTest-1-thread-11] DEBUG org.apache.http.headers - >> Content-Type: application/json; charset=UTF-8
20:46:21.582 [CreateStudentsDataDrivenTest-1-thread-11] DEBUG org.apache.http.headers - >> Content-Length: 129
20:46:21.582 [CreateStudentsDataDrivenTest-1-thread-11] DEBUG org.apache.http.headers - >> Host: localhost:8085
20:46:21.582 [CreateStudentsDataDrivenTest-1-thread-11] DEBUG org.apache.http.headers - >> Connection: Keep-Alive
20:46:21.582 [CreateStudentsDataDrivenTest-1-thread-11] DEBUG org.apache.http.headers - >> User-Agent: Apache-HttpClient/4.5.13 (Java/11.0.20)
20:46:21.582 [CreateStudentsDataDrivenTest-1-thread-11] DEBUG org.apache.http.headers - >> Accept-Encoding: gzip,deflate
20:46:21.583 [CreateStudentsDataDrivenTest-1-thread-11] DEBUG org.apache.http.wire -  >> "{"id":0,"firstName":"Esmeralda","lastName":"Archbald","email":"earchbaldz@who.int","programme":"Mechanical","courses":["python"]}"
20:46:21.624 [CreateStudentsDataDrivenTest-1-thread-8] DEBUG org.apache.http.wire -  << "HTTP/1.1 500 [\r][\n]"
20:46:21.624 [CreateStudentsDataDrivenTest-1-thread-8] DEBUG org.apache.http.wire -  << "Content-Type: application/json;charset=UTF-8[\r][\n]"
20:46:21.624 [CreateStudentsDataDrivenTest-1-thread-8] DEBUG org.apache.http.wire -  << "Transfer-Encoding: chunked[\r][\n]"
20:46:21.624 [CreateStudentsDataDrivenTest-1-thread-8] DEBUG org.apache.http.wire -  << "Date: Thu, 23 Nov 2023 15:16:21 GMT[\r][\n]"
20:46:21.624 [CreateStudentsDataDrivenTest-1-thread-8] DEBUG org.apache.http.wire -  << "Connection: close[\r][\n]"
20:46:21.624 [CreateStudentsDataDrivenTest-1-thread-8] DEBUG org.apache.http.wire -  << "[\r][\n]"
20:46:21.624 [CreateStudentsDataDrivenTest-1-thread-8] DEBUG o.a.h.i.conn.DefaultClientConnection - Receiving response: HTTP/1.1 500 
20:46:21.624 [CreateStudentsDataDrivenTest-1-thread-8] DEBUG org.apache.http.headers - << HTTP/1.1 500 
20:46:21.624 [CreateStudentsDataDrivenTest-1-thread-8] DEBUG org.apache.http.headers - << Content-Type: application/json;charset=UTF-8
20:46:21.624 [CreateStudentsDataDrivenTest-1-thread-8] DEBUG org.apache.http.headers - << Transfer-Encoding: chunked
20:46:21.624 [CreateStudentsDataDrivenTest-1-thread-8] DEBUG org.apache.http.headers - << Date: Thu, 23 Nov 2023 15:16:21 GMT
20:46:21.624 [CreateStudentsDataDrivenTest-1-thread-8] DEBUG org.apache.http.headers - << Connection: close
20:46:21.624 [CreateStudentsDataDrivenTest-1-thread-8] DEBUG i.r.i.RequestSpecificationImpl$RestAssuredHttpBuilder - Parsing response as: application/json;charset=UTF-8
20:46:21.624 [CreateStudentsDataDrivenTest-1-thread-8] DEBUG i.r.i.RequestSpecificationImpl$RestAssuredHttpBuilder - Parsed data to instance of: class org.apache.http.conn.EofSensorInputStream
20:46:21.625 [CreateStudentsDataDrivenTest-1-thread-8] DEBUG org.apache.http.wire -  << "28[\r][\n]"
20:46:21.625 [CreateStudentsDataDrivenTest-1-thread-8] DEBUG org.apache.http.wire -  << "{"error":"Email address already exists"}"
20:46:21.625 [CreateStudentsDataDrivenTest-1-thread-8] DEBUG org.apache.http.wire -  << "[\r][\n]"
20:46:21.625 [CreateStudentsDataDrivenTest-1-thread-8] DEBUG org.apache.http.wire -  << "0[\r][\n]"
20:46:21.625 [CreateStudentsDataDrivenTest-1-thread-8] DEBUG org.apache.http.wire -  << "[\r][\n]"
20:46:21.626 [CreateStudentsDataDrivenTest-1-thread-8] DEBUG o.a.h.i.c.BasicClientConnectionManager - Releasing connection org.apache.http.impl.conn.ManagedClientConnectionImpl@2ccf8cb9
20:46:21.626 [CreateStudentsDataDrivenTest-1-thread-8] DEBUG o.a.h.i.conn.DefaultClientConnection - Connection 0.0.0.0:54620<->127.0.0.1:8085 shut down
20:46:21.626 [CreateStudentsDataDrivenTest-1-thread-9] DEBUG org.apache.http.wire -  << "HTTP/1.1 500 [\r][\n]"
20:46:21.626 [CreateStudentsDataDrivenTest-1-thread-9] DEBUG org.apache.http.wire -  << "Content-Type: application/json;charset=UTF-8[\r][\n]"
20:46:21.626 [CreateStudentsDataDrivenTest-1-thread-9] DEBUG org.apache.http.wire -  << "Transfer-Encoding: chunked[\r][\n]"
20:46:21.626 [CreateStudentsDataDrivenTest-1-thread-9] DEBUG org.apache.http.wire -  << "Date: Thu, 23 Nov 2023 15:16:21 GMT[\r][\n]"
20:46:21.626 [CreateStudentsDataDrivenTest-1-thread-9] DEBUG org.apache.http.wire -  << "Connection: close[\r][\n]"
20:46:21.626 [CreateStudentsDataDrivenTest-1-thread-9] DEBUG org.apache.http.wire -  << "[\r][\n]"
20:46:21.626 [CreateStudentsDataDrivenTest-1-thread-9] DEBUG o.a.h.i.conn.DefaultClientConnection - Receiving response: HTTP/1.1 500 
20:46:21.626 [CreateStudentsDataDrivenTest-1-thread-9] DEBUG org.apache.http.headers - << HTTP/1.1 500 
20:46:21.626 [CreateStudentsDataDrivenTest-1-thread-9] DEBUG org.apache.http.headers - << Content-Type: application/json;charset=UTF-8
20:46:21.626 [CreateStudentsDataDrivenTest-1-thread-9] DEBUG org.apache.http.headers - << Transfer-Encoding: chunked
20:46:21.626 [CreateStudentsDataDrivenTest-1-thread-9] DEBUG org.apache.http.headers - << Date: Thu, 23 Nov 2023 15:16:21 GMT
20:46:21.626 [CreateStudentsDataDrivenTest-1-thread-9] DEBUG org.apache.http.headers - << Connection: close
20:46:21.626 [CreateStudentsDataDrivenTest-1-thread-13] DEBUG org.apache.http.wire -  << "HTTP/1.1 500 [\r][\n]"
20:46:21.626 [CreateStudentsDataDrivenTest-1-thread-13] DEBUG org.apache.http.wire -  << "Content-Type: application/json;charset=UTF-8[\r][\n]"
20:46:21.626 [CreateStudentsDataDrivenTest-1-thread-13] DEBUG org.apache.http.wire -  << "Transfer-Encoding: chunked[\r][\n]"
20:46:21.626 [CreateStudentsDataDrivenTest-1-thread-13] DEBUG org.apache.http.wire -  << "Date: Thu, 23 Nov 2023 15:16:21 GMT[\r][\n]"
20:46:21.626 [CreateStudentsDataDrivenTest-1-thread-13] DEBUG org.apache.http.wire -  << "Connection: close[\r][\n]"
20:46:21.626 [CreateStudentsDataDrivenTest-1-thread-13] DEBUG org.apache.http.wire -  << "[\r][\n]"
20:46:21.626 [CreateStudentsDataDrivenTest-1-thread-13] DEBUG o.a.h.i.conn.DefaultClientConnection - Receiving response: HTTP/1.1 500 
20:46:21.626 [CreateStudentsDataDrivenTest-1-thread-13] DEBUG org.apache.http.headers - << HTTP/1.1 500 
20:46:21.626 [CreateStudentsDataDrivenTest-1-thread-13] DEBUG org.apache.http.headers - << Content-Type: application/json;charset=UTF-8
20:46:21.626 [CreateStudentsDataDrivenTest-1-thread-13] DEBUG org.apache.http.headers - << Transfer-Encoding: chunked
20:46:21.626 [CreateStudentsDataDrivenTest-1-thread-13] DEBUG org.apache.http.headers - << Date: Thu, 23 Nov 2023 15:16:21 GMT
20:46:21.626 [CreateStudentsDataDrivenTest-1-thread-13] DEBUG org.apache.http.headers - << Connection: close
20:46:21.627 [CreateStudentsDataDrivenTest-1-thread-13] DEBUG i.r.i.RequestSpecificationImpl$RestAssuredHttpBuilder - Parsing response as: application/json;charset=UTF-8
20:46:21.627 [CreateStudentsDataDrivenTest-1-thread-9] DEBUG i.r.i.RequestSpecificationImpl$RestAssuredHttpBuilder - Parsing response as: application/json;charset=UTF-8
20:46:21.627 [CreateStudentsDataDrivenTest-1-thread-13] DEBUG i.r.i.RequestSpecificationImpl$RestAssuredHttpBuilder - Parsed data to instance of: class org.apache.http.conn.EofSensorInputStream
20:46:21.627 [CreateStudentsDataDrivenTest-1-thread-9] DEBUG i.r.i.RequestSpecificationImpl$RestAssuredHttpBuilder - Parsed data to instance of: class org.apache.http.conn.EofSensorInputStream
20:46:21.628 [CreateStudentsDataDrivenTest-1-thread-9] DEBUG org.apache.http.wire -  << "28[\r][\n]"
20:46:21.628 [CreateStudentsDataDrivenTest-1-thread-9] DEBUG org.apache.http.wire -  << "{"error":"Email address already exists"}"
20:46:21.628 [CreateStudentsDataDrivenTest-1-thread-9] DEBUG org.apache.http.wire -  << "[\r][\n]"
20:46:21.628 [CreateStudentsDataDrivenTest-1-thread-13] DEBUG org.apache.http.wire -  << "28[\r][\n]"
20:46:21.628 [CreateStudentsDataDrivenTest-1-thread-13] DEBUG org.apache.http.wire -  << "{"error":"Email address already exists"}"
20:46:21.628 [CreateStudentsDataDrivenTest-1-thread-13] DEBUG org.apache.http.wire -  << "[\r][\n]"
20:46:21.631 [CreateStudentsDataDrivenTest-1-thread-8] DEBUG n.t.core.steps.StepInterceptor - STEP DONE: Creating student with FirstName: {0}, LastName: {1}, Email: {2}, Programme: {3}, Courses: {4}
]]></system-out>
  </testcase>
  <testcase name="createMultipleStudents" classname="com.studentapplication.junit.studentsinfo.CreateStudentsDataDrivenTest" time="0.548">
    <system-out><![CDATA[20:46:21.638 [CreateStudentsDataDrivenTest-1-thread-8] DEBUG n.thucydides.core.steps.StepEventBus - Test suite started for class com.studentapplication.junit.studentsinfo.CreateStudentsDataDrivenTest
20:46:21.638 [CreateStudentsDataDrivenTest-1-thread-8] INFO   - Test Suite Started: Create students data driven test
20:46:21.639 [CreateStudentsDataDrivenTest-1-thread-8] DEBUG n.s.j.SerenityTestExecutionListener - Thread[CreateStudentsDataDrivenTest-1-thread-8,5,CreateStudentsDataDrivenTest-1] Test started TestIdentifier [uniqueId = [engine:junit-vintage]/[runner:com.studentapplication.junit.studentsinfo.CreateStudentsDataDrivenTest]/[test:com.studentapplication.junit.studentsinfo.CreateStudentsDataDrivenTest%5B38%5D]/[test:createMultipleStudents%5B38%5D(com.studentapplication.junit.studentsinfo.CreateStudentsDataDrivenTest)], parentId = [engine:junit-vintage]/[runner:com.studentapplication.junit.studentsinfo.CreateStudentsDataDrivenTest]/[test:com.studentapplication.junit.studentsinfo.CreateStudentsDataDrivenTest%5B38%5D], displayName = 'createMultipleStudents[38]', legacyReportingName = 'createMultipleStudents[38]', source = MethodSource [className = 'com.studentapplication.junit.studentsinfo.CreateStudentsDataDrivenTest', methodName = 'createMultipleStudents', methodParameterTypes = ''], tags = [], type = TEST]
20:46:21.640 [CreateStudentsDataDrivenTest-1-thread-8] INFO   - 
  _____   ___   ___   _____     ___   _____     _     ___   _____   ___   ___  
 |_   _| | __| / __| |_   _|   / __| |_   _|   /_\   | _ \ |_   _| | __| |   \ 
   | |   | _|  \__ \   | |     \__ \   | |    / _ \  |   /   | |   | _|  | |) |
   |_|   |___| |___/   |_|     |___/   |_|   /_/ \_\ |_|_\   |_|   |___| |___/ 

createMultipleStudents
--------------------------------------------------------------------------------
20:46:21.645 [CreateStudentsDataDrivenTest-1-thread-8] INFO   - 
  _____   ___   ___   _____     ___   _____     _     ___   _____   ___   ___  
 |_   _| | __| / __| |_   _|   / __| |_   _|   /_\   | _ \ |_   _| | __| |   \ 
   | |   | _|  \__ \   | |     \__ \   | |    / _ \  |   /   | |   | _|  | |) |
   |_|   |___| |___/   |_|     |___/   |_|   /_/ \_\ |_|_\   |_|   |___| |___/ 

createMultipleStudents[38]
--------------------------------------------------------------------------------
20:46:21.651 [CreateStudentsDataDrivenTest-1-thread-8] DEBUG n.t.core.steps.StepInterceptor - STARTING STEP: CreateStudentsDataDrivenTest.createMultipleStudents - Creating student with FirstName: {0}, LastName: {1}, Email: {2}, Programme: {3}, Courses: {4}
20:46:21.655 [CreateStudentsDataDrivenTest-1-thread-5] DEBUG org.apache.http.wire -  << "HTTP/1.1 500 [\r][\n]"
20:46:21.655 [CreateStudentsDataDrivenTest-1-thread-5] DEBUG org.apache.http.wire -  << "Content-Type: application/json;charset=UTF-8[\r][\n]"
20:46:21.655 [CreateStudentsDataDrivenTest-1-thread-5] DEBUG org.apache.http.wire -  << "Transfer-Encoding: chunked[\r][\n]"
20:46:21.655 [CreateStudentsDataDrivenTest-1-thread-5] DEBUG org.apache.http.wire -  << "Date: Thu, 23 Nov 2023 15:16:21 GMT[\r][\n]"
20:46:21.655 [CreateStudentsDataDrivenTest-1-thread-5] DEBUG org.apache.http.wire -  << "Connection: close[\r][\n]"
20:46:21.655 [CreateStudentsDataDrivenTest-1-thread-5] DEBUG org.apache.http.wire -  << "[\r][\n]"
20:46:21.655 [CreateStudentsDataDrivenTest-1-thread-5] DEBUG o.a.h.i.conn.DefaultClientConnection - Receiving response: HTTP/1.1 500 
20:46:21.655 [CreateStudentsDataDrivenTest-1-thread-5] DEBUG org.apache.http.headers - << HTTP/1.1 500 
20:46:21.655 [CreateStudentsDataDrivenTest-1-thread-5] DEBUG org.apache.http.headers - << Content-Type: application/json;charset=UTF-8
20:46:21.655 [CreateStudentsDataDrivenTest-1-thread-5] DEBUG org.apache.http.headers - << Transfer-Encoding: chunked
20:46:21.655 [CreateStudentsDataDrivenTest-1-thread-5] DEBUG org.apache.http.headers - << Date: Thu, 23 Nov 2023 15:16:21 GMT
20:46:21.655 [CreateStudentsDataDrivenTest-1-thread-5] DEBUG org.apache.http.headers - << Connection: close
20:46:21.656 [CreateStudentsDataDrivenTest-1-thread-5] DEBUG i.r.i.RequestSpecificationImpl$RestAssuredHttpBuilder - Parsing response as: application/json;charset=UTF-8
20:46:21.656 [CreateStudentsDataDrivenTest-1-thread-5] DEBUG i.r.i.RequestSpecificationImpl$RestAssuredHttpBuilder - Parsed data to instance of: class org.apache.http.conn.EofSensorInputStream
20:46:21.657 [CreateStudentsDataDrivenTest-1-thread-5] DEBUG org.apache.http.wire -  << "28[\r][\n]"
20:46:21.657 [CreateStudentsDataDrivenTest-1-thread-5] DEBUG org.apache.http.wire -  << "{"error":"Email address already exists"}"
20:46:21.657 [CreateStudentsDataDrivenTest-1-thread-5] DEBUG org.apache.http.wire -  << "[\r][\n]"
20:46:21.664 [CreateStudentsDataDrivenTest-1-thread-8] DEBUG o.a.h.i.c.BasicClientConnectionManager - Get connection for route {}->http://localhost:8085
20:46:21.664 [CreateStudentsDataDrivenTest-1-thread-8] DEBUG o.a.h.i.c.DefaultClientConnectionOperator - Connecting to localhost:8085
20:46:21.665 [CreateStudentsDataDrivenTest-1-thread-8] DEBUG o.a.h.c.protocol.RequestAddCookies - CookieSpec selected: ignoreCookies
20:46:21.665 [CreateStudentsDataDrivenTest-1-thread-8] DEBUG o.a.h.c.protocol.RequestAuthCache - Auth cache not set in the context
20:46:21.665 [CreateStudentsDataDrivenTest-1-thread-8] DEBUG o.a.h.c.p.RequestTargetAuthentication - Target auth state: UNCHALLENGED
20:46:21.665 [CreateStudentsDataDrivenTest-1-thread-8] DEBUG o.a.h.c.p.RequestProxyAuthentication - Proxy auth state: UNCHALLENGED
20:46:21.665 [CreateStudentsDataDrivenTest-1-thread-8] DEBUG o.a.h.impl.client.DefaultHttpClient - Attempt 1 to execute request
20:46:21.665 [CreateStudentsDataDrivenTest-1-thread-8] DEBUG o.a.h.i.conn.DefaultClientConnection - Sending request: POST /student HTTP/1.1
20:46:21.665 [CreateStudentsDataDrivenTest-1-thread-8] DEBUG org.apache.http.wire -  >> "POST /student HTTP/1.1[\r][\n]"
20:46:21.665 [CreateStudentsDataDrivenTest-1-thread-8] DEBUG org.apache.http.wire -  >> "Accept: */*[\r][\n]"
20:46:21.665 [CreateStudentsDataDrivenTest-1-thread-8] DEBUG org.apache.http.wire -  >> "Content-Type: application/json; charset=UTF-8[\r][\n]"
20:46:21.665 [CreateStudentsDataDrivenTest-1-thread-8] DEBUG org.apache.http.wire -  >> "Content-Length: 118[\r][\n]"
20:46:21.665 [CreateStudentsDataDrivenTest-1-thread-8] DEBUG org.apache.http.wire -  >> "Host: localhost:8085[\r][\n]"
20:46:21.665 [CreateStudentsDataDrivenTest-1-thread-8] DEBUG org.apache.http.wire -  >> "Connection: Keep-Alive[\r][\n]"
20:46:21.665 [CreateStudentsDataDrivenTest-1-thread-8] DEBUG org.apache.http.wire -  >> "User-Agent: Apache-HttpClient/4.5.13 (Java/11.0.20)[\r][\n]"
20:46:21.665 [CreateStudentsDataDrivenTest-1-thread-8] DEBUG org.apache.http.wire -  >> "Accept-Encoding: gzip,deflate[\r][\n]"
20:46:21.665 [CreateStudentsDataDrivenTest-1-thread-8] DEBUG org.apache.http.wire -  >> "[\r][\n]"
20:46:21.665 [CreateStudentsDataDrivenTest-1-thread-8] DEBUG org.apache.http.headers - >> POST /student HTTP/1.1
20:46:21.665 [CreateStudentsDataDrivenTest-1-thread-8] DEBUG org.apache.http.headers - >> Accept: */*
20:46:21.665 [CreateStudentsDataDrivenTest-1-thread-8] DEBUG org.apache.http.headers - >> Content-Type: application/json; charset=UTF-8
20:46:21.665 [CreateStudentsDataDrivenTest-1-thread-8] DEBUG org.apache.http.headers - >> Content-Length: 118
20:46:21.665 [CreateStudentsDataDrivenTest-1-thread-8] DEBUG org.apache.http.headers - >> Host: localhost:8085
20:46:21.665 [CreateStudentsDataDrivenTest-1-thread-8] DEBUG org.apache.http.headers - >> Connection: Keep-Alive
20:46:21.665 [CreateStudentsDataDrivenTest-1-thread-8] DEBUG org.apache.http.headers - >> User-Agent: Apache-HttpClient/4.5.13 (Java/11.0.20)
20:46:21.665 [CreateStudentsDataDrivenTest-1-thread-8] DEBUG org.apache.http.headers - >> Accept-Encoding: gzip,deflate
20:46:21.665 [CreateStudentsDataDrivenTest-1-thread-8] DEBUG org.apache.http.wire -  >> "{"id":0,"firstName":"Venita","lastName":"Swyne","email":"vswyne12@is.gd","programme":"Electrical","courses":["scala"]}"
20:46:21.681 [CreateStudentsDataDrivenTest-1-thread-13] DEBUG org.apache.http.wire -  << "0[\r][\n]"
20:46:21.681 [CreateStudentsDataDrivenTest-1-thread-13] DEBUG org.apache.http.wire -  << "[\r][\n]"
20:46:21.682 [CreateStudentsDataDrivenTest-1-thread-13] DEBUG o.a.h.i.c.BasicClientConnectionManager - Releasing connection org.apache.http.impl.conn.ManagedClientConnectionImpl@149eb089
20:46:21.682 [CreateStudentsDataDrivenTest-1-thread-15] DEBUG org.apache.http.wire -  << "HTTP/1.1 500 [\r][\n]"
20:46:21.682 [CreateStudentsDataDrivenTest-1-thread-13] DEBUG o.a.h.i.conn.DefaultClientConnection - Connection 0.0.0.0:54632<->127.0.0.1:8085 shut down
20:46:21.682 [CreateStudentsDataDrivenTest-1-thread-15] DEBUG org.apache.http.wire -  << "Content-Type: application/json;charset=UTF-8[\r][\n]"
20:46:21.682 [CreateStudentsDataDrivenTest-1-thread-15] DEBUG org.apache.http.wire -  << "Transfer-Encoding: chunked[\r][\n]"
20:46:21.682 [CreateStudentsDataDrivenTest-1-thread-15] DEBUG org.apache.http.wire -  << "Date: Thu, 23 Nov 2023 15:16:21 GMT[\r][\n]"
20:46:21.682 [CreateStudentsDataDrivenTest-1-thread-15] DEBUG org.apache.http.wire -  << "Connection: close[\r][\n]"
20:46:21.682 [CreateStudentsDataDrivenTest-1-thread-15] DEBUG org.apache.http.wire -  << "[\r][\n]"
20:46:21.682 [CreateStudentsDataDrivenTest-1-thread-15] DEBUG o.a.h.i.conn.DefaultClientConnection - Receiving response: HTTP/1.1 500 
20:46:21.682 [CreateStudentsDataDrivenTest-1-thread-15] DEBUG org.apache.http.headers - << HTTP/1.1 500 
20:46:21.682 [CreateStudentsDataDrivenTest-1-thread-15] DEBUG org.apache.http.headers - << Content-Type: application/json;charset=UTF-8
20:46:21.682 [CreateStudentsDataDrivenTest-1-thread-15] DEBUG org.apache.http.headers - << Transfer-Encoding: chunked
20:46:21.682 [CreateStudentsDataDrivenTest-1-thread-15] DEBUG org.apache.http.headers - << Date: Thu, 23 Nov 2023 15:16:21 GMT
20:46:21.682 [CreateStudentsDataDrivenTest-1-thread-15] DEBUG org.apache.http.headers - << Connection: close
20:46:21.683 [CreateStudentsDataDrivenTest-1-thread-15] DEBUG i.r.i.RequestSpecificationImpl$RestAssuredHttpBuilder - Parsing response as: application/json;charset=UTF-8
20:46:21.683 [CreateStudentsDataDrivenTest-1-thread-15] DEBUG i.r.i.RequestSpecificationImpl$RestAssuredHttpBuilder - Parsed data to instance of: class org.apache.http.conn.EofSensorInputStream
20:46:21.684 [CreateStudentsDataDrivenTest-1-thread-15] DEBUG org.apache.http.wire -  << "28[\r][\n]"
20:46:21.684 [CreateStudentsDataDrivenTest-1-thread-15] DEBUG org.apache.http.wire -  << "{"error":"Email address already exists"}"
20:46:21.684 [CreateStudentsDataDrivenTest-1-thread-15] DEBUG org.apache.http.wire -  << "[\r][\n]"
20:46:21.685 [CreateStudentsDataDrivenTest-1-thread-5] DEBUG org.apache.http.wire -  << "0[\r][\n]"
20:46:21.685 [CreateStudentsDataDrivenTest-1-thread-5] DEBUG org.apache.http.wire -  << "[\r][\n]"
20:46:21.686 [CreateStudentsDataDrivenTest-1-thread-5] DEBUG o.a.h.i.c.BasicClientConnectionManager - Releasing connection org.apache.http.impl.conn.ManagedClientConnectionImpl@5ab42489
20:46:21.686 [CreateStudentsDataDrivenTest-1-thread-5] DEBUG o.a.h.i.conn.DefaultClientConnection - Connection 0.0.0.0:54627<->127.0.0.1:8085 shut down
20:46:21.687 [CreateStudentsDataDrivenTest-1-thread-13] DEBUG n.t.core.steps.StepInterceptor - STEP DONE: Creating student with FirstName: {0}, LastName: {1}, Email: {2}, Programme: {3}, Courses: {4}
]]></system-out>
  </testcase>
  <testcase name="createMultipleStudents" classname="com.studentapplication.junit.studentsinfo.CreateStudentsDataDrivenTest" time="0.667">
    <system-out><![CDATA[20:46:21.688 [CreateStudentsDataDrivenTest-1-thread-13] INFO   - 
  _____   ___   ___   _____     ___     _     ___   ___   ___   ___  
 |_   _| | __| / __| |_   _|   | _ \   /_\   / __| / __| | __| |   \ 
   | |   | _|  \__ \   | |     |  _/  / _ \  \__ \ \__ \ | _|  | |) |
   |_|   |___| |___/   |_|     |_|   /_/ \_\ |___/ |___/ |___| |___/ 

Data Driven Test for adding multiple students to the Student APp
----------------------------------------------------------------------
20:46:21.695 [CreateStudentsDataDrivenTest-1-thread-5] DEBUG n.t.core.steps.StepInterceptor - STEP DONE: Creating student with FirstName: {0}, LastName: {1}, Email: {2}, Programme: {3}, Courses: {4}
]]></system-out>
  </testcase>
  <testcase name="createMultipleStudents" classname="com.studentapplication.junit.studentsinfo.CreateStudentsDataDrivenTest" time="0.663">
    <system-out><![CDATA[20:46:21.707 [CreateStudentsDataDrivenTest-1-thread-13] DEBUG n.thucydides.core.steps.StepEventBus - Test suite started for class com.studentapplication.junit.studentsinfo.CreateStudentsDataDrivenTest
20:46:21.707 [CreateStudentsDataDrivenTest-1-thread-13] INFO   - Test Suite Started: Create students data driven test
20:46:21.707 [CreateStudentsDataDrivenTest-1-thread-13] DEBUG n.s.j.SerenityTestExecutionListener - Thread[CreateStudentsDataDrivenTest-1-thread-13,5,CreateStudentsDataDrivenTest-1] Test started TestIdentifier [uniqueId = [engine:junit-vintage]/[runner:com.studentapplication.junit.studentsinfo.CreateStudentsDataDrivenTest]/[test:com.studentapplication.junit.studentsinfo.CreateStudentsDataDrivenTest%5B39%5D]/[test:createMultipleStudents%5B39%5D(com.studentapplication.junit.studentsinfo.CreateStudentsDataDrivenTest)], parentId = [engine:junit-vintage]/[runner:com.studentapplication.junit.studentsinfo.CreateStudentsDataDrivenTest]/[test:com.studentapplication.junit.studentsinfo.CreateStudentsDataDrivenTest%5B39%5D], displayName = 'createMultipleStudents[39]', legacyReportingName = 'createMultipleStudents[39]', source = MethodSource [className = 'com.studentapplication.junit.studentsinfo.CreateStudentsDataDrivenTest', methodName = 'createMultipleStudents', methodParameterTypes = ''], tags = [], type = TEST]
20:46:21.708 [CreateStudentsDataDrivenTest-1-thread-13] INFO   - 
  _____   ___   ___   _____     ___   _____     _     ___   _____   ___   ___  
 |_   _| | __| / __| |_   _|   / __| |_   _|   /_\   | _ \ |_   _| | __| |   \ 
   | |   | _|  \__ \   | |     \__ \   | |    / _ \  |   /   | |   | _|  | |) |
   |_|   |___| |___/   |_|     |___/   |_|   /_/ \_\ |_|_\   |_|   |___| |___/ 

createMultipleStudents
--------------------------------------------------------------------------------
20:46:21.710 [CreateStudentsDataDrivenTest-1-thread-13] INFO   - 
  _____   ___   ___   _____     ___   _____     _     ___   _____   ___   ___  
 |_   _| | __| / __| |_   _|   / __| |_   _|   /_\   | _ \ |_   _| | __| |   \ 
   | |   | _|  \__ \   | |     \__ \   | |    / _ \  |   /   | |   | _|  | |) |
   |_|   |___| |___/   |_|     |___/   |_|   /_/ \_\ |_|_\   |_|   |___| |___/ 

createMultipleStudents[39]
--------------------------------------------------------------------------------
20:46:21.713 [CreateStudentsDataDrivenTest-1-thread-5] DEBUG n.thucydides.core.steps.StepEventBus - Test suite started for class com.studentapplication.junit.studentsinfo.CreateStudentsDataDrivenTest
20:46:21.714 [CreateStudentsDataDrivenTest-1-thread-5] INFO   - Test Suite Started: Create students data driven test
20:46:21.714 [CreateStudentsDataDrivenTest-1-thread-5] DEBUG n.s.j.SerenityTestExecutionListener - Thread[CreateStudentsDataDrivenTest-1-thread-5,5,CreateStudentsDataDrivenTest-1] Test started TestIdentifier [uniqueId = [engine:junit-vintage]/[runner:com.studentapplication.junit.studentsinfo.CreateStudentsDataDrivenTest]/[test:com.studentapplication.junit.studentsinfo.CreateStudentsDataDrivenTest%5B40%5D]/[test:createMultipleStudents%5B40%5D(com.studentapplication.junit.studentsinfo.CreateStudentsDataDrivenTest)], parentId = [engine:junit-vintage]/[runner:com.studentapplication.junit.studentsinfo.CreateStudentsDataDrivenTest]/[test:com.studentapplication.junit.studentsinfo.CreateStudentsDataDrivenTest%5B40%5D], displayName = 'createMultipleStudents[40]', legacyReportingName = 'createMultipleStudents[40]', source = MethodSource [className = 'com.studentapplication.junit.studentsinfo.CreateStudentsDataDrivenTest', methodName = 'createMultipleStudents', methodParameterTypes = ''], tags = [], type = TEST]
20:46:21.714 [CreateStudentsDataDrivenTest-1-thread-5] INFO   - 
  _____   ___   ___   _____     ___   _____     _     ___   _____   ___   ___  
 |_   _| | __| / __| |_   _|   / __| |_   _|   /_\   | _ \ |_   _| | __| |   \ 
   | |   | _|  \__ \   | |     \__ \   | |    / _ \  |   /   | |   | _|  | |) |
   |_|   |___| |___/   |_|     |___/   |_|   /_/ \_\ |_|_\   |_|   |___| |___/ 

createMultipleStudents
--------------------------------------------------------------------------------
20:46:21.716 [CreateStudentsDataDrivenTest-1-thread-5] INFO   - 
  _____   ___   ___   _____     ___   _____     _     ___   _____   ___   ___  
 |_   _| | __| / __| |_   _|   / __| |_   _|   /_\   | _ \ |_   _| | __| |   \ 
   | |   | _|  \__ \   | |     \__ \   | |    / _ \  |   /   | |   | _|  | |) |
   |_|   |___| |___/   |_|     |___/   |_|   /_/ \_\ |_|_\   |_|   |___| |___/ 

createMultipleStudents[40]
--------------------------------------------------------------------------------
20:46:21.716 [CreateStudentsDataDrivenTest-1-thread-13] DEBUG n.t.core.steps.StepInterceptor - STARTING STEP: CreateStudentsDataDrivenTest.createMultipleStudents - Creating student with FirstName: {0}, LastName: {1}, Email: {2}, Programme: {3}, Courses: {4}
20:46:21.729 [CreateStudentsDataDrivenTest-1-thread-13] DEBUG o.a.h.i.c.BasicClientConnectionManager - Get connection for route {}->http://localhost:8085
20:46:21.729 [CreateStudentsDataDrivenTest-1-thread-13] DEBUG o.a.h.i.c.DefaultClientConnectionOperator - Connecting to localhost:8085
20:46:21.730 [CreateStudentsDataDrivenTest-1-thread-13] DEBUG o.a.h.c.protocol.RequestAddCookies - CookieSpec selected: ignoreCookies
20:46:21.730 [CreateStudentsDataDrivenTest-1-thread-13] DEBUG o.a.h.c.protocol.RequestAuthCache - Auth cache not set in the context
20:46:21.730 [CreateStudentsDataDrivenTest-1-thread-13] DEBUG o.a.h.c.p.RequestTargetAuthentication - Target auth state: UNCHALLENGED
20:46:21.730 [CreateStudentsDataDrivenTest-1-thread-13] DEBUG o.a.h.c.p.RequestProxyAuthentication - Proxy auth state: UNCHALLENGED
20:46:21.730 [CreateStudentsDataDrivenTest-1-thread-13] DEBUG o.a.h.impl.client.DefaultHttpClient - Attempt 1 to execute request
20:46:21.730 [CreateStudentsDataDrivenTest-1-thread-13] DEBUG o.a.h.i.conn.DefaultClientConnection - Sending request: POST /student HTTP/1.1
20:46:21.730 [CreateStudentsDataDrivenTest-1-thread-13] DEBUG org.apache.http.wire -  >> "POST /student HTTP/1.1[\r][\n]"
20:46:21.730 [CreateStudentsDataDrivenTest-1-thread-13] DEBUG org.apache.http.wire -  >> "Accept: */*[\r][\n]"
20:46:21.730 [CreateStudentsDataDrivenTest-1-thread-13] DEBUG org.apache.http.wire -  >> "Content-Type: application/json; charset=UTF-8[\r][\n]"
20:46:21.730 [CreateStudentsDataDrivenTest-1-thread-13] DEBUG org.apache.http.wire -  >> "Content-Length: 135[\r][\n]"
20:46:21.730 [CreateStudentsDataDrivenTest-1-thread-13] DEBUG org.apache.http.wire -  >> "Host: localhost:8085[\r][\n]"
20:46:21.730 [CreateStudentsDataDrivenTest-1-thread-13] DEBUG org.apache.http.wire -  >> "Connection: Keep-Alive[\r][\n]"
20:46:21.730 [CreateStudentsDataDrivenTest-1-thread-13] DEBUG org.apache.http.wire -  >> "User-Agent: Apache-HttpClient/4.5.13 (Java/11.0.20)[\r][\n]"
20:46:21.730 [CreateStudentsDataDrivenTest-1-thread-13] DEBUG org.apache.http.wire -  >> "Accept-Encoding: gzip,deflate[\r][\n]"
20:46:21.730 [CreateStudentsDataDrivenTest-1-thread-13] DEBUG org.apache.http.wire -  >> "[\r][\n]"
20:46:21.730 [CreateStudentsDataDrivenTest-1-thread-13] DEBUG org.apache.http.headers - >> POST /student HTTP/1.1
20:46:21.730 [CreateStudentsDataDrivenTest-1-thread-13] DEBUG org.apache.http.headers - >> Accept: */*
20:46:21.730 [CreateStudentsDataDrivenTest-1-thread-13] DEBUG org.apache.http.headers - >> Content-Type: application/json; charset=UTF-8
20:46:21.730 [CreateStudentsDataDrivenTest-1-thread-13] DEBUG org.apache.http.headers - >> Content-Length: 135
20:46:21.730 [CreateStudentsDataDrivenTest-1-thread-13] DEBUG org.apache.http.headers - >> Host: localhost:8085
20:46:21.730 [CreateStudentsDataDrivenTest-1-thread-13] DEBUG org.apache.http.headers - >> Connection: Keep-Alive
20:46:21.730 [CreateStudentsDataDrivenTest-1-thread-13] DEBUG org.apache.http.headers - >> User-Agent: Apache-HttpClient/4.5.13 (Java/11.0.20)
20:46:21.730 [CreateStudentsDataDrivenTest-1-thread-13] DEBUG org.apache.http.headers - >> Accept-Encoding: gzip,deflate
20:46:21.730 [CreateStudentsDataDrivenTest-1-thread-13] DEBUG org.apache.http.wire -  >> "{"id":0,"firstName":"Terra","lastName":"Haldane","email":"thaldane13@washington.edu","programme":"Computer Science","courses":["java"]}"
20:46:21.731 [CreateStudentsDataDrivenTest-1-thread-5] DEBUG n.t.core.steps.StepInterceptor - STARTING STEP: CreateStudentsDataDrivenTest.createMultipleStudents - Creating student with FirstName: {0}, LastName: {1}, Email: {2}, Programme: {3}, Courses: {4}
20:46:21.741 [CreateStudentsDataDrivenTest-1-thread-5] DEBUG o.a.h.i.c.BasicClientConnectionManager - Get connection for route {}->http://localhost:8085
20:46:21.741 [CreateStudentsDataDrivenTest-1-thread-5] DEBUG o.a.h.i.c.DefaultClientConnectionOperator - Connecting to localhost:8085
20:46:21.742 [CreateStudentsDataDrivenTest-1-thread-5] DEBUG o.a.h.c.protocol.RequestAddCookies - CookieSpec selected: ignoreCookies
20:46:21.742 [CreateStudentsDataDrivenTest-1-thread-5] DEBUG o.a.h.c.protocol.RequestAuthCache - Auth cache not set in the context
20:46:21.742 [CreateStudentsDataDrivenTest-1-thread-5] DEBUG o.a.h.c.p.RequestTargetAuthentication - Target auth state: UNCHALLENGED
20:46:21.742 [CreateStudentsDataDrivenTest-1-thread-5] DEBUG o.a.h.c.p.RequestProxyAuthentication - Proxy auth state: UNCHALLENGED
20:46:21.742 [CreateStudentsDataDrivenTest-1-thread-5] DEBUG o.a.h.impl.client.DefaultHttpClient - Attempt 1 to execute request
20:46:21.742 [CreateStudentsDataDrivenTest-1-thread-5] DEBUG o.a.h.i.conn.DefaultClientConnection - Sending request: POST /student HTTP/1.1
20:46:21.742 [CreateStudentsDataDrivenTest-1-thread-5] DEBUG org.apache.http.wire -  >> "POST /student HTTP/1.1[\r][\n]"
20:46:21.742 [CreateStudentsDataDrivenTest-1-thread-5] DEBUG org.apache.http.wire -  >> "Accept: */*[\r][\n]"
20:46:21.742 [CreateStudentsDataDrivenTest-1-thread-5] DEBUG org.apache.http.wire -  >> "Content-Type: application/json; charset=UTF-8[\r][\n]"
20:46:21.742 [CreateStudentsDataDrivenTest-1-thread-5] DEBUG org.apache.http.wire -  >> "Content-Length: 137[\r][\n]"
20:46:21.742 [CreateStudentsDataDrivenTest-1-thread-5] DEBUG org.apache.http.wire -  >> "Host: localhost:8085[\r][\n]"
20:46:21.742 [CreateStudentsDataDrivenTest-1-thread-5] DEBUG org.apache.http.wire -  >> "Connection: Keep-Alive[\r][\n]"
20:46:21.742 [CreateStudentsDataDrivenTest-1-thread-5] DEBUG org.apache.http.wire -  >> "User-Agent: Apache-HttpClient/4.5.13 (Java/11.0.20)[\r][\n]"
20:46:21.742 [CreateStudentsDataDrivenTest-1-thread-5] DEBUG org.apache.http.wire -  >> "Accept-Encoding: gzip,deflate[\r][\n]"
20:46:21.742 [CreateStudentsDataDrivenTest-1-thread-5] DEBUG org.apache.http.wire -  >> "[\r][\n]"
20:46:21.742 [CreateStudentsDataDrivenTest-1-thread-5] DEBUG org.apache.http.headers - >> POST /student HTTP/1.1
20:46:21.742 [CreateStudentsDataDrivenTest-1-thread-5] DEBUG org.apache.http.headers - >> Accept: */*
20:46:21.742 [CreateStudentsDataDrivenTest-1-thread-5] DEBUG org.apache.http.headers - >> Content-Type: application/json; charset=UTF-8
20:46:21.742 [CreateStudentsDataDrivenTest-1-thread-5] DEBUG org.apache.http.headers - >> Content-Length: 137
20:46:21.742 [CreateStudentsDataDrivenTest-1-thread-5] DEBUG org.apache.http.headers - >> Host: localhost:8085
20:46:21.742 [CreateStudentsDataDrivenTest-1-thread-5] DEBUG org.apache.http.headers - >> Connection: Keep-Alive
20:46:21.742 [CreateStudentsDataDrivenTest-1-thread-5] DEBUG org.apache.http.headers - >> User-Agent: Apache-HttpClient/4.5.13 (Java/11.0.20)
20:46:21.742 [CreateStudentsDataDrivenTest-1-thread-5] DEBUG org.apache.http.headers - >> Accept-Encoding: gzip,deflate
20:46:21.742 [CreateStudentsDataDrivenTest-1-thread-5] DEBUG org.apache.http.wire -  >> "{"id":0,"firstName":"Gasparo","lastName":"Bunworth","email":"gbunworth14@elpais.com","programme":"Computer Science","courses":["python"]}"
20:46:21.743 [CreateStudentsDataDrivenTest-1-thread-15] DEBUG org.apache.http.wire -  << "0[\r][\n]"
20:46:21.743 [CreateStudentsDataDrivenTest-1-thread-15] DEBUG org.apache.http.wire -  << "[\r][\n]"
20:46:21.743 [CreateStudentsDataDrivenTest-1-thread-16] DEBUG org.apache.http.wire -  << "HTTP/1.1 500 [\r][\n]"
20:46:21.743 [CreateStudentsDataDrivenTest-1-thread-16] DEBUG org.apache.http.wire -  << "Content-Type: application/json;charset=UTF-8[\r][\n]"
20:46:21.743 [CreateStudentsDataDrivenTest-1-thread-16] DEBUG org.apache.http.wire -  << "Transfer-Encoding: chunked[\r][\n]"
20:46:21.743 [CreateStudentsDataDrivenTest-1-thread-16] DEBUG org.apache.http.wire -  << "Date: Thu, 23 Nov 2023 15:16:21 GMT[\r][\n]"
20:46:21.743 [CreateStudentsDataDrivenTest-1-thread-16] DEBUG org.apache.http.wire -  << "Connection: close[\r][\n]"
20:46:21.743 [CreateStudentsDataDrivenTest-1-thread-16] DEBUG org.apache.http.wire -  << "[\r][\n]"
20:46:21.743 [CreateStudentsDataDrivenTest-1-thread-16] DEBUG o.a.h.i.conn.DefaultClientConnection - Receiving response: HTTP/1.1 500 
20:46:21.743 [CreateStudentsDataDrivenTest-1-thread-16] DEBUG org.apache.http.headers - << HTTP/1.1 500 
20:46:21.743 [CreateStudentsDataDrivenTest-1-thread-16] DEBUG org.apache.http.headers - << Content-Type: application/json;charset=UTF-8
20:46:21.743 [CreateStudentsDataDrivenTest-1-thread-16] DEBUG org.apache.http.headers - << Transfer-Encoding: chunked
20:46:21.743 [CreateStudentsDataDrivenTest-1-thread-16] DEBUG org.apache.http.headers - << Date: Thu, 23 Nov 2023 15:16:21 GMT
20:46:21.743 [CreateStudentsDataDrivenTest-1-thread-16] DEBUG org.apache.http.headers - << Connection: close
20:46:21.743 [CreateStudentsDataDrivenTest-1-thread-16] DEBUG i.r.i.RequestSpecificationImpl$RestAssuredHttpBuilder - Parsing response as: application/json;charset=UTF-8
20:46:21.743 [CreateStudentsDataDrivenTest-1-thread-16] DEBUG i.r.i.RequestSpecificationImpl$RestAssuredHttpBuilder - Parsed data to instance of: class org.apache.http.conn.EofSensorInputStream
20:46:21.744 [CreateStudentsDataDrivenTest-1-thread-15] DEBUG o.a.h.i.c.BasicClientConnectionManager - Releasing connection org.apache.http.impl.conn.ManagedClientConnectionImpl@b4319ac
20:46:21.744 [CreateStudentsDataDrivenTest-1-thread-16] DEBUG org.apache.http.wire -  << "28[\r][\n]"
20:46:21.744 [CreateStudentsDataDrivenTest-1-thread-16] DEBUG org.apache.http.wire -  << "{"error":"Email address already exists"}"
20:46:21.744 [CreateStudentsDataDrivenTest-1-thread-16] DEBUG org.apache.http.wire -  << "[\r][\n]"
20:46:21.744 [CreateStudentsDataDrivenTest-1-thread-15] DEBUG o.a.h.i.conn.DefaultClientConnection - Connection 0.0.0.0:54629<->127.0.0.1:8085 shut down
20:46:21.749 [CreateStudentsDataDrivenTest-1-thread-15] DEBUG n.t.core.steps.StepInterceptor - STEP DONE: Creating student with FirstName: {0}, LastName: {1}, Email: {2}, Programme: {3}, Courses: {4}
]]></system-out>
  </testcase>
  <testcase name="createMultipleStudents" classname="com.studentapplication.junit.studentsinfo.CreateStudentsDataDrivenTest" time="0.462">
    <system-out><![CDATA[20:46:21.757 [CreateStudentsDataDrivenTest-1-thread-15] DEBUG n.thucydides.core.steps.StepEventBus - Test suite started for class com.studentapplication.junit.studentsinfo.CreateStudentsDataDrivenTest
20:46:21.757 [CreateStudentsDataDrivenTest-1-thread-15] INFO   - Test Suite Started: Create students data driven test
20:46:21.757 [CreateStudentsDataDrivenTest-1-thread-15] DEBUG n.s.j.SerenityTestExecutionListener - Thread[CreateStudentsDataDrivenTest-1-thread-15,5,CreateStudentsDataDrivenTest-1] Test started TestIdentifier [uniqueId = [engine:junit-vintage]/[runner:com.studentapplication.junit.studentsinfo.CreateStudentsDataDrivenTest]/[test:com.studentapplication.junit.studentsinfo.CreateStudentsDataDrivenTest%5B41%5D]/[test:createMultipleStudents%5B41%5D(com.studentapplication.junit.studentsinfo.CreateStudentsDataDrivenTest)], parentId = [engine:junit-vintage]/[runner:com.studentapplication.junit.studentsinfo.CreateStudentsDataDrivenTest]/[test:com.studentapplication.junit.studentsinfo.CreateStudentsDataDrivenTest%5B41%5D], displayName = 'createMultipleStudents[41]', legacyReportingName = 'createMultipleStudents[41]', source = MethodSource [className = 'com.studentapplication.junit.studentsinfo.CreateStudentsDataDrivenTest', methodName = 'createMultipleStudents', methodParameterTypes = ''], tags = [], type = TEST]
20:46:21.757 [CreateStudentsDataDrivenTest-1-thread-15] INFO   - 
  _____   ___   ___   _____     ___   _____     _     ___   _____   ___   ___  
 |_   _| | __| / __| |_   _|   / __| |_   _|   /_\   | _ \ |_   _| | __| |   \ 
   | |   | _|  \__ \   | |     \__ \   | |    / _ \  |   /   | |   | _|  | |) |
   |_|   |___| |___/   |_|     |___/   |_|   /_/ \_\ |_|_\   |_|   |___| |___/ 

createMultipleStudents
--------------------------------------------------------------------------------
20:46:21.759 [CreateStudentsDataDrivenTest-1-thread-15] INFO   - 
  _____   ___   ___   _____     ___   _____     _     ___   _____   ___   ___  
 |_   _| | __| / __| |_   _|   / __| |_   _|   /_\   | _ \ |_   _| | __| |   \ 
   | |   | _|  \__ \   | |     \__ \   | |    / _ \  |   /   | |   | _|  | |) |
   |_|   |___| |___/   |_|     |___/   |_|   /_/ \_\ |_|_\   |_|   |___| |___/ 

createMultipleStudents[41]
--------------------------------------------------------------------------------
20:46:21.765 [CreateStudentsDataDrivenTest-1-thread-15] DEBUG n.t.core.steps.StepInterceptor - STARTING STEP: CreateStudentsDataDrivenTest.createMultipleStudents - Creating student with FirstName: {0}, LastName: {1}, Email: {2}, Programme: {3}, Courses: {4}
20:46:21.774 [CreateStudentsDataDrivenTest-1-thread-15] DEBUG o.a.h.i.c.BasicClientConnectionManager - Get connection for route {}->http://localhost:8085
20:46:21.775 [CreateStudentsDataDrivenTest-1-thread-15] DEBUG o.a.h.i.c.DefaultClientConnectionOperator - Connecting to localhost:8085
20:46:21.775 [CreateStudentsDataDrivenTest-1-thread-15] DEBUG o.a.h.c.protocol.RequestAddCookies - CookieSpec selected: ignoreCookies
20:46:21.775 [CreateStudentsDataDrivenTest-1-thread-15] DEBUG o.a.h.c.protocol.RequestAuthCache - Auth cache not set in the context
20:46:21.775 [CreateStudentsDataDrivenTest-1-thread-15] DEBUG o.a.h.c.p.RequestTargetAuthentication - Target auth state: UNCHALLENGED
20:46:21.775 [CreateStudentsDataDrivenTest-1-thread-15] DEBUG o.a.h.c.p.RequestProxyAuthentication - Proxy auth state: UNCHALLENGED
20:46:21.775 [CreateStudentsDataDrivenTest-1-thread-15] DEBUG o.a.h.impl.client.DefaultHttpClient - Attempt 1 to execute request
20:46:21.776 [CreateStudentsDataDrivenTest-1-thread-15] DEBUG o.a.h.i.conn.DefaultClientConnection - Sending request: POST /student HTTP/1.1
20:46:21.776 [CreateStudentsDataDrivenTest-1-thread-15] DEBUG org.apache.http.wire -  >> "POST /student HTTP/1.1[\r][\n]"
20:46:21.776 [CreateStudentsDataDrivenTest-1-thread-15] DEBUG org.apache.http.wire -  >> "Accept: */*[\r][\n]"
20:46:21.776 [CreateStudentsDataDrivenTest-1-thread-15] DEBUG org.apache.http.wire -  >> "Content-Type: application/json; charset=UTF-8[\r][\n]"
20:46:21.776 [CreateStudentsDataDrivenTest-1-thread-15] DEBUG org.apache.http.wire -  >> "Content-Length: 132[\r][\n]"
20:46:21.776 [CreateStudentsDataDrivenTest-1-thread-15] DEBUG org.apache.http.wire -  >> "Host: localhost:8085[\r][\n]"
20:46:21.776 [CreateStudentsDataDrivenTest-1-thread-15] DEBUG org.apache.http.wire -  >> "Connection: Keep-Alive[\r][\n]"
20:46:21.776 [CreateStudentsDataDrivenTest-1-thread-15] DEBUG org.apache.http.wire -  >> "User-Agent: Apache-HttpClient/4.5.13 (Java/11.0.20)[\r][\n]"
20:46:21.776 [CreateStudentsDataDrivenTest-1-thread-15] DEBUG org.apache.http.wire -  >> "Accept-Encoding: gzip,deflate[\r][\n]"
20:46:21.776 [CreateStudentsDataDrivenTest-1-thread-15] DEBUG org.apache.http.wire -  >> "[\r][\n]"
20:46:21.776 [CreateStudentsDataDrivenTest-1-thread-15] DEBUG org.apache.http.headers - >> POST /student HTTP/1.1
20:46:21.776 [CreateStudentsDataDrivenTest-1-thread-15] DEBUG org.apache.http.headers - >> Accept: */*
20:46:21.776 [CreateStudentsDataDrivenTest-1-thread-15] DEBUG org.apache.http.headers - >> Content-Type: application/json; charset=UTF-8
20:46:21.776 [CreateStudentsDataDrivenTest-1-thread-15] DEBUG org.apache.http.headers - >> Content-Length: 132
20:46:21.776 [CreateStudentsDataDrivenTest-1-thread-15] DEBUG org.apache.http.headers - >> Host: localhost:8085
20:46:21.776 [CreateStudentsDataDrivenTest-1-thread-15] DEBUG org.apache.http.headers - >> Connection: Keep-Alive
20:46:21.776 [CreateStudentsDataDrivenTest-1-thread-15] DEBUG org.apache.http.headers - >> User-Agent: Apache-HttpClient/4.5.13 (Java/11.0.20)
20:46:21.776 [CreateStudentsDataDrivenTest-1-thread-15] DEBUG org.apache.http.headers - >> Accept-Encoding: gzip,deflate
20:46:21.776 [CreateStudentsDataDrivenTest-1-thread-15] DEBUG org.apache.http.wire -  >> "{"id":0,"firstName":"Chelsie","lastName":"Mansour","email":"cmansour15@canalblog.com","programme":"Electrical","courses":["python"]}"
20:46:21.789 [CreateStudentsDataDrivenTest-1-thread-7] DEBUG org.apache.http.wire -  << "HTTP/1.1 500 [\r][\n]"
20:46:21.789 [CreateStudentsDataDrivenTest-1-thread-3] DEBUG org.apache.http.wire -  << "HTTP/1.1 500 [\r][\n]"
20:46:21.789 [CreateStudentsDataDrivenTest-1-thread-7] DEBUG org.apache.http.wire -  << "Content-Type: application/json;charset=UTF-8[\r][\n]"
20:46:21.789 [CreateStudentsDataDrivenTest-1-thread-7] DEBUG org.apache.http.wire -  << "Transfer-Encoding: chunked[\r][\n]"
20:46:21.789 [CreateStudentsDataDrivenTest-1-thread-7] DEBUG org.apache.http.wire -  << "Date: Thu, 23 Nov 2023 15:16:21 GMT[\r][\n]"
20:46:21.789 [CreateStudentsDataDrivenTest-1-thread-7] DEBUG org.apache.http.wire -  << "Connection: close[\r][\n]"
20:46:21.789 [CreateStudentsDataDrivenTest-1-thread-7] DEBUG org.apache.http.wire -  << "[\r][\n]"
20:46:21.789 [CreateStudentsDataDrivenTest-1-thread-7] DEBUG o.a.h.i.conn.DefaultClientConnection - Receiving response: HTTP/1.1 500 
20:46:21.789 [CreateStudentsDataDrivenTest-1-thread-7] DEBUG org.apache.http.headers - << HTTP/1.1 500 
20:46:21.789 [CreateStudentsDataDrivenTest-1-thread-7] DEBUG org.apache.http.headers - << Content-Type: application/json;charset=UTF-8
20:46:21.789 [CreateStudentsDataDrivenTest-1-thread-7] DEBUG org.apache.http.headers - << Transfer-Encoding: chunked
20:46:21.789 [CreateStudentsDataDrivenTest-1-thread-7] DEBUG org.apache.http.headers - << Date: Thu, 23 Nov 2023 15:16:21 GMT
20:46:21.789 [CreateStudentsDataDrivenTest-1-thread-7] DEBUG org.apache.http.headers - << Connection: close
20:46:21.789 [CreateStudentsDataDrivenTest-1-thread-3] DEBUG org.apache.http.wire -  << "Content-Type: application/json;charset=UTF-8[\r][\n]"
20:46:21.790 [CreateStudentsDataDrivenTest-1-thread-3] DEBUG org.apache.http.wire -  << "Transfer-Encoding: chunked[\r][\n]"
20:46:21.790 [CreateStudentsDataDrivenTest-1-thread-3] DEBUG org.apache.http.wire -  << "Date: Thu, 23 Nov 2023 15:16:21 GMT[\r][\n]"
20:46:21.790 [CreateStudentsDataDrivenTest-1-thread-3] DEBUG org.apache.http.wire -  << "Connection: close[\r][\n]"
20:46:21.790 [CreateStudentsDataDrivenTest-1-thread-3] DEBUG org.apache.http.wire -  << "[\r][\n]"
20:46:21.790 [CreateStudentsDataDrivenTest-1-thread-3] DEBUG o.a.h.i.conn.DefaultClientConnection - Receiving response: HTTP/1.1 500 
20:46:21.790 [CreateStudentsDataDrivenTest-1-thread-3] DEBUG org.apache.http.headers - << HTTP/1.1 500 
20:46:21.790 [CreateStudentsDataDrivenTest-1-thread-3] DEBUG org.apache.http.headers - << Content-Type: application/json;charset=UTF-8
20:46:21.790 [CreateStudentsDataDrivenTest-1-thread-3] DEBUG org.apache.http.headers - << Transfer-Encoding: chunked
20:46:21.790 [CreateStudentsDataDrivenTest-1-thread-3] DEBUG org.apache.http.headers - << Date: Thu, 23 Nov 2023 15:16:21 GMT
20:46:21.790 [CreateStudentsDataDrivenTest-1-thread-16] DEBUG org.apache.http.wire -  << "0[\r][\n]"
20:46:21.790 [CreateStudentsDataDrivenTest-1-thread-3] DEBUG org.apache.http.headers - << Connection: close
20:46:21.790 [CreateStudentsDataDrivenTest-1-thread-16] DEBUG org.apache.http.wire -  << "[\r][\n]"
20:46:21.790 [CreateStudentsDataDrivenTest-1-thread-16] DEBUG o.a.h.i.c.BasicClientConnectionManager - Releasing connection org.apache.http.impl.conn.ManagedClientConnectionImpl@56b352a3
20:46:21.790 [CreateStudentsDataDrivenTest-1-thread-7] DEBUG i.r.i.RequestSpecificationImpl$RestAssuredHttpBuilder - Parsing response as: application/json;charset=UTF-8
20:46:21.790 [CreateStudentsDataDrivenTest-1-thread-7] DEBUG i.r.i.RequestSpecificationImpl$RestAssuredHttpBuilder - Parsed data to instance of: class org.apache.http.conn.EofSensorInputStream
20:46:21.790 [CreateStudentsDataDrivenTest-1-thread-16] DEBUG o.a.h.i.conn.DefaultClientConnection - Connection 0.0.0.0:54634<->127.0.0.1:8085 shut down
20:46:21.790 [CreateStudentsDataDrivenTest-1-thread-3] DEBUG i.r.i.RequestSpecificationImpl$RestAssuredHttpBuilder - Parsing response as: application/json;charset=UTF-8
20:46:21.791 [CreateStudentsDataDrivenTest-1-thread-3] DEBUG i.r.i.RequestSpecificationImpl$RestAssuredHttpBuilder - Parsed data to instance of: class org.apache.http.conn.EofSensorInputStream
20:46:21.791 [CreateStudentsDataDrivenTest-1-thread-7] DEBUG org.apache.http.wire -  << "28[\r][\n]"
20:46:21.792 [CreateStudentsDataDrivenTest-1-thread-7] DEBUG org.apache.http.wire -  << "{"error":"Email address already exists"}"
20:46:21.792 [CreateStudentsDataDrivenTest-1-thread-7] DEBUG org.apache.http.wire -  << "[\r][\n]"
20:46:21.792 [CreateStudentsDataDrivenTest-1-thread-7] DEBUG org.apache.http.wire -  << "0[\r][\n]"
20:46:21.792 [CreateStudentsDataDrivenTest-1-thread-7] DEBUG org.apache.http.wire -  << "[\r][\n]"
20:46:21.792 [CreateStudentsDataDrivenTest-1-thread-7] DEBUG o.a.h.i.c.BasicClientConnectionManager - Releasing connection org.apache.http.impl.conn.ManagedClientConnectionImpl@41de46dd
20:46:21.792 [CreateStudentsDataDrivenTest-1-thread-7] DEBUG o.a.h.i.conn.DefaultClientConnection - Connection 0.0.0.0:54625<->127.0.0.1:8085 shut down
20:46:21.791 [CreateStudentsDataDrivenTest-1-thread-3] DEBUG org.apache.http.wire -  << "28[\r][\n]"
20:46:21.792 [CreateStudentsDataDrivenTest-1-thread-3] DEBUG org.apache.http.wire -  << "{"error":"Email address already exists"}"
20:46:21.792 [CreateStudentsDataDrivenTest-1-thread-3] DEBUG org.apache.http.wire -  << "[\r][\n]"
20:46:21.793 [CreateStudentsDataDrivenTest-1-thread-10] DEBUG org.apache.http.wire -  << "HTTP/1.1 500 [\r][\n]"
20:46:21.793 [CreateStudentsDataDrivenTest-1-thread-10] DEBUG org.apache.http.wire -  << "Content-Type: application/json;charset=UTF-8[\r][\n]"
20:46:21.793 [CreateStudentsDataDrivenTest-1-thread-10] DEBUG org.apache.http.wire -  << "Transfer-Encoding: chunked[\r][\n]"
20:46:21.793 [CreateStudentsDataDrivenTest-1-thread-9] DEBUG org.apache.http.wire -  << "0[\r][\n]"
20:46:21.793 [CreateStudentsDataDrivenTest-1-thread-9] DEBUG org.apache.http.wire -  << "[\r][\n]"
20:46:21.793 [CreateStudentsDataDrivenTest-1-thread-9] DEBUG o.a.h.i.c.BasicClientConnectionManager - Releasing connection org.apache.http.impl.conn.ManagedClientConnectionImpl@7bd2d3bb
20:46:21.793 [CreateStudentsDataDrivenTest-1-thread-9] DEBUG o.a.h.i.conn.DefaultClientConnection - Connection 0.0.0.0:54628<->127.0.0.1:8085 shut down
20:46:21.794 [CreateStudentsDataDrivenTest-1-thread-16] DEBUG n.t.core.steps.StepInterceptor - STEP DONE: Creating student with FirstName: {0}, LastName: {1}, Email: {2}, Programme: {3}, Courses: {4}
]]></system-out>
  </testcase>
  <testcase name="createMultipleStudents" classname="com.studentapplication.junit.studentsinfo.CreateStudentsDataDrivenTest" time="0.906">
    <system-out><![CDATA[20:46:21.803 [CreateStudentsDataDrivenTest-1-thread-7] DEBUG n.t.core.steps.StepInterceptor - STEP DONE: Creating student with FirstName: {0}, LastName: {1}, Email: {2}, Programme: {3}, Courses: {4}
20:46:21.803 [CreateStudentsDataDrivenTest-1-thread-16] DEBUG n.thucydides.core.steps.StepEventBus - Test suite started for class com.studentapplication.junit.studentsinfo.CreateStudentsDataDrivenTest
20:46:21.804 [CreateStudentsDataDrivenTest-1-thread-16] INFO   - Test Suite Started: Create students data driven test
20:46:21.804 [CreateStudentsDataDrivenTest-1-thread-16] DEBUG n.s.j.SerenityTestExecutionListener - Thread[CreateStudentsDataDrivenTest-1-thread-16,5,CreateStudentsDataDrivenTest-1] Test started TestIdentifier [uniqueId = [engine:junit-vintage]/[runner:com.studentapplication.junit.studentsinfo.CreateStudentsDataDrivenTest]/[test:com.studentapplication.junit.studentsinfo.CreateStudentsDataDrivenTest%5B42%5D]/[test:createMultipleStudents%5B42%5D(com.studentapplication.junit.studentsinfo.CreateStudentsDataDrivenTest)], parentId = [engine:junit-vintage]/[runner:com.studentapplication.junit.studentsinfo.CreateStudentsDataDrivenTest]/[test:com.studentapplication.junit.studentsinfo.CreateStudentsDataDrivenTest%5B42%5D], displayName = 'createMultipleStudents[42]', legacyReportingName = 'createMultipleStudents[42]', source = MethodSource [className = 'com.studentapplication.junit.studentsinfo.CreateStudentsDataDrivenTest', methodName = 'createMultipleStudents', methodParameterTypes = ''], tags = [], type = TEST]
20:46:21.804 [CreateStudentsDataDrivenTest-1-thread-16] INFO   - 
  _____   ___   ___   _____     ___   _____     _     ___   _____   ___   ___  
 |_   _| | __| / __| |_   _|   / __| |_   _|   /_\   | _ \ |_   _| | __| |   \ 
   | |   | _|  \__ \   | |     \__ \   | |    / _ \  |   /   | |   | _|  | |) |
   |_|   |___| |___/   |_|     |___/   |_|   /_/ \_\ |_|_\   |_|   |___| |___/ 

createMultipleStudents
--------------------------------------------------------------------------------
20:46:21.805 [CreateStudentsDataDrivenTest-1-thread-2] DEBUG org.apache.http.wire -  << "HTTP/1.1 500 [\r][\n]"
20:46:21.805 [CreateStudentsDataDrivenTest-1-thread-2] DEBUG org.apache.http.wire -  << "Content-Type: application/json;charset=UTF-8[\r][\n]"
20:46:21.805 [CreateStudentsDataDrivenTest-1-thread-2] DEBUG org.apache.http.wire -  << "Transfer-Encoding: chunked[\r][\n]"
20:46:21.805 [CreateStudentsDataDrivenTest-1-thread-2] DEBUG org.apache.http.wire -  << "Date: Thu, 23 Nov 2023 15:16:21 GMT[\r][\n]"
20:46:21.805 [CreateStudentsDataDrivenTest-1-thread-2] DEBUG org.apache.http.wire -  << "Connection: close[\r][\n]"
20:46:21.805 [CreateStudentsDataDrivenTest-1-thread-2] DEBUG org.apache.http.wire -  << "[\r][\n]"
20:46:21.805 [CreateStudentsDataDrivenTest-1-thread-2] DEBUG o.a.h.i.conn.DefaultClientConnection - Receiving response: HTTP/1.1 500 
20:46:21.805 [CreateStudentsDataDrivenTest-1-thread-2] DEBUG org.apache.http.headers - << HTTP/1.1 500 
20:46:21.805 [CreateStudentsDataDrivenTest-1-thread-2] DEBUG org.apache.http.headers - << Content-Type: application/json;charset=UTF-8
20:46:21.805 [CreateStudentsDataDrivenTest-1-thread-2] DEBUG org.apache.http.headers - << Transfer-Encoding: chunked
20:46:21.805 [CreateStudentsDataDrivenTest-1-thread-2] DEBUG org.apache.http.headers - << Date: Thu, 23 Nov 2023 15:16:21 GMT
20:46:21.805 [CreateStudentsDataDrivenTest-1-thread-2] DEBUG org.apache.http.headers - << Connection: close
20:46:21.805 [CreateStudentsDataDrivenTest-1-thread-2] DEBUG i.r.i.RequestSpecificationImpl$RestAssuredHttpBuilder - Parsing response as: application/json;charset=UTF-8
20:46:21.805 [CreateStudentsDataDrivenTest-1-thread-2] DEBUG i.r.i.RequestSpecificationImpl$RestAssuredHttpBuilder - Parsed data to instance of: class org.apache.http.conn.EofSensorInputStream
20:46:21.806 [CreateStudentsDataDrivenTest-1-thread-16] INFO   - 
  _____   ___   ___   _____     ___   _____     _     ___   _____   ___   ___  
 |_   _| | __| / __| |_   _|   / __| |_   _|   /_\   | _ \ |_   _| | __| |   \ 
   | |   | _|  \__ \   | |     \__ \   | |    / _ \  |   /   | |   | _|  | |) |
   |_|   |___| |___/   |_|     |___/   |_|   /_/ \_\ |_|_\   |_|   |___| |___/ 

createMultipleStudents[42]
--------------------------------------------------------------------------------
20:46:21.806 [CreateStudentsDataDrivenTest-1-thread-2] DEBUG org.apache.http.wire -  << "28[\r][\n]"
20:46:21.806 [CreateStudentsDataDrivenTest-1-thread-2] DEBUG org.apache.http.wire -  << "{"error":"Email address already exists"}"
20:46:21.806 [CreateStudentsDataDrivenTest-1-thread-2] DEBUG org.apache.http.wire -  << "[\r][\n]"
]]></system-out>
  </testcase>
  <testcase name="createMultipleStudents" classname="com.studentapplication.junit.studentsinfo.CreateStudentsDataDrivenTest" time="0.477">
    <system-out><![CDATA[20:46:21.822 [CreateStudentsDataDrivenTest-1-thread-16] DEBUG o.a.h.i.c.BasicClientConnectionManager - Get connection for route {}->http://localhost:8085
20:46:21.825 [CreateStudentsDataDrivenTest-1-thread-16] DEBUG o.a.h.i.c.DefaultClientConnectionOperator - Connecting to localhost:8085
20:46:21.825 [CreateStudentsDataDrivenTest-1-thread-7] DEBUG n.thucydides.core.steps.StepEventBus - Test suite started for class com.studentapplication.junit.studentsinfo.CreateStudentsDataDrivenTest
20:46:21.826 [CreateStudentsDataDrivenTest-1-thread-16] DEBUG o.a.h.c.protocol.RequestAddCookies - CookieSpec selected: ignoreCookies
20:46:21.826 [CreateStudentsDataDrivenTest-1-thread-16] DEBUG o.a.h.c.protocol.RequestAuthCache - Auth cache not set in the context
20:46:21.826 [CreateStudentsDataDrivenTest-1-thread-16] DEBUG o.a.h.c.p.RequestTargetAuthentication - Target auth state: UNCHALLENGED
20:46:21.826 [CreateStudentsDataDrivenTest-1-thread-16] DEBUG o.a.h.c.p.RequestProxyAuthentication - Proxy auth state: UNCHALLENGED
20:46:21.826 [CreateStudentsDataDrivenTest-1-thread-16] DEBUG o.a.h.impl.client.DefaultHttpClient - Attempt 1 to execute request
20:46:21.826 [CreateStudentsDataDrivenTest-1-thread-7] INFO   - Test Suite Started: Create students data driven test
20:46:21.826 [CreateStudentsDataDrivenTest-1-thread-16] DEBUG o.a.h.i.conn.DefaultClientConnection - Sending request: POST /student HTTP/1.1
20:46:21.826 [CreateStudentsDataDrivenTest-1-thread-16] DEBUG org.apache.http.wire -  >> "POST /student HTTP/1.1[\r][\n]"
20:46:21.826 [CreateStudentsDataDrivenTest-1-thread-16] DEBUG org.apache.http.wire -  >> "Accept: */*[\r][\n]"
20:46:21.826 [CreateStudentsDataDrivenTest-1-thread-16] DEBUG org.apache.http.wire -  >> "Content-Type: application/json; charset=UTF-8[\r][\n]"
20:46:21.826 [CreateStudentsDataDrivenTest-1-thread-16] DEBUG org.apache.http.wire -  >> "Content-Length: 125[\r][\n]"
20:46:21.826 [CreateStudentsDataDrivenTest-1-thread-16] DEBUG org.apache.http.wire -  >> "Host: localhost:8085[\r][\n]"
20:46:21.826 [CreateStudentsDataDrivenTest-1-thread-16] DEBUG org.apache.http.wire -  >> "Connection: Keep-Alive[\r][\n]"
20:46:21.826 [CreateStudentsDataDrivenTest-1-thread-16] DEBUG org.apache.http.wire -  >> "User-Agent: Apache-HttpClient/4.5.13 (Java/11.0.20)[\r][\n]"
20:46:21.826 [CreateStudentsDataDrivenTest-1-thread-16] DEBUG org.apache.http.wire -  >> "Accept-Encoding: gzip,deflate[\r][\n]"
20:46:21.826 [CreateStudentsDataDrivenTest-1-thread-16] DEBUG org.apache.http.wire -  >> "[\r][\n]"
20:46:21.826 [CreateStudentsDataDrivenTest-1-thread-16] DEBUG org.apache.http.headers - >> POST /student HTTP/1.1
20:46:21.826 [CreateStudentsDataDrivenTest-1-thread-16] DEBUG org.apache.http.headers - >> Accept: */*
20:46:21.826 [CreateStudentsDataDrivenTest-1-thread-16] DEBUG org.apache.http.headers - >> Content-Type: application/json; charset=UTF-8
20:46:21.826 [CreateStudentsDataDrivenTest-1-thread-16] DEBUG org.apache.http.headers - >> Content-Length: 125
20:46:21.826 [CreateStudentsDataDrivenTest-1-thread-16] DEBUG org.apache.http.headers - >> Host: localhost:8085
20:46:21.826 [CreateStudentsDataDrivenTest-1-thread-16] DEBUG org.apache.http.headers - >> Connection: Keep-Alive
20:46:21.826 [CreateStudentsDataDrivenTest-1-thread-16] DEBUG org.apache.http.headers - >> User-Agent: Apache-HttpClient/4.5.13 (Java/11.0.20)
20:46:21.826 [CreateStudentsDataDrivenTest-1-thread-16] DEBUG org.apache.http.headers - >> Accept-Encoding: gzip,deflate
20:46:21.826 [CreateStudentsDataDrivenTest-1-thread-7] DEBUG n.s.j.SerenityTestExecutionListener - Thread[CreateStudentsDataDrivenTest-1-thread-7,5,CreateStudentsDataDrivenTest-1] Test started TestIdentifier [uniqueId = [engine:junit-vintage]/[runner:com.studentapplication.junit.studentsinfo.CreateStudentsDataDrivenTest]/[test:com.studentapplication.junit.studentsinfo.CreateStudentsDataDrivenTest%5B43%5D]/[test:createMultipleStudents%5B43%5D(com.studentapplication.junit.studentsinfo.CreateStudentsDataDrivenTest)], parentId = [engine:junit-vintage]/[runner:com.studentapplication.junit.studentsinfo.CreateStudentsDataDrivenTest]/[test:com.studentapplication.junit.studentsinfo.CreateStudentsDataDrivenTest%5B43%5D], displayName = 'createMultipleStudents[43]', legacyReportingName = 'createMultipleStudents[43]', source = MethodSource [className = 'com.studentapplication.junit.studentsinfo.CreateStudentsDataDrivenTest', methodName = 'createMultipleStudents', methodParameterTypes = ''], tags = [], type = TEST]
20:46:21.826 [CreateStudentsDataDrivenTest-1-thread-16] DEBUG org.apache.http.wire -  >> "{"id":0,"firstName":"Donnell","lastName":"Rose","email":"drose16@edublogs.org","programme":"Mechanical","courses":["python"]}"
20:46:21.826 [CreateStudentsDataDrivenTest-1-thread-7] INFO   - 
  _____   ___   ___   _____     ___   _____     _     ___   _____   ___   ___  
 |_   _| | __| / __| |_   _|   / __| |_   _|   /_\   | _ \ |_   _| | __| |   \ 
   | |   | _|  \__ \   | |     \__ \   | |    / _ \  |   /   | |   | _|  | |) |
   |_|   |___| |___/   |_|     |___/   |_|   /_/ \_\ |_|_\   |_|   |___| |___/ 

createMultipleStudents
--------------------------------------------------------------------------------
20:46:21.826 [CreateStudentsDataDrivenTest-1-thread-14] DEBUG org.apache.http.wire -  << "HTTP/1.1 500 [\r][\n]"
20:46:21.826 [CreateStudentsDataDrivenTest-1-thread-14] DEBUG org.apache.http.wire -  << "Content-Type: application/json;charset=UTF-8[\r][\n]"
20:46:21.826 [CreateStudentsDataDrivenTest-1-thread-14] DEBUG org.apache.http.wire -  << "Transfer-Encoding: chunked[\r][\n]"
20:46:21.827 [CreateStudentsDataDrivenTest-1-thread-14] DEBUG org.apache.http.wire -  << "Date: Thu, 23 Nov 2023 15:16:21 GMT[\r][\n]"
20:46:21.827 [CreateStudentsDataDrivenTest-1-thread-14] DEBUG org.apache.http.wire -  << "Connection: close[\r][\n]"
20:46:21.827 [CreateStudentsDataDrivenTest-1-thread-14] DEBUG org.apache.http.wire -  << "[\r][\n]"
20:46:21.827 [CreateStudentsDataDrivenTest-1-thread-14] DEBUG o.a.h.i.conn.DefaultClientConnection - Receiving response: HTTP/1.1 500 
20:46:21.827 [CreateStudentsDataDrivenTest-1-thread-14] DEBUG org.apache.http.headers - << HTTP/1.1 500 
20:46:21.827 [CreateStudentsDataDrivenTest-1-thread-14] DEBUG org.apache.http.headers - << Content-Type: application/json;charset=UTF-8
20:46:21.827 [CreateStudentsDataDrivenTest-1-thread-14] DEBUG org.apache.http.headers - << Transfer-Encoding: chunked
20:46:21.827 [CreateStudentsDataDrivenTest-1-thread-14] DEBUG org.apache.http.headers - << Date: Thu, 23 Nov 2023 15:16:21 GMT
20:46:21.827 [CreateStudentsDataDrivenTest-1-thread-14] DEBUG org.apache.http.headers - << Connection: close
20:46:21.827 [CreateStudentsDataDrivenTest-1-thread-14] DEBUG i.r.i.RequestSpecificationImpl$RestAssuredHttpBuilder - Parsing response as: application/json;charset=UTF-8
20:46:21.827 [CreateStudentsDataDrivenTest-1-thread-14] DEBUG i.r.i.RequestSpecificationImpl$RestAssuredHttpBuilder - Parsed data to instance of: class org.apache.http.conn.EofSensorInputStream
20:46:21.828 [CreateStudentsDataDrivenTest-1-thread-14] DEBUG org.apache.http.wire -  << "28[\r][\n]"
20:46:21.828 [CreateStudentsDataDrivenTest-1-thread-7] INFO   - 
  _____   ___   ___   _____     ___   _____     _     ___   _____   ___   ___  
 |_   _| | __| / __| |_   _|   / __| |_   _|   /_\   | _ \ |_   _| | __| |   \ 
   | |   | _|  \__ \   | |     \__ \   | |    / _ \  |   /   | |   | _|  | |) |
   |_|   |___| |___/   |_|     |___/   |_|   /_/ \_\ |_|_\   |_|   |___| |___/ 

createMultipleStudents[43]
--------------------------------------------------------------------------------
20:46:21.829 [CreateStudentsDataDrivenTest-1-thread-14] DEBUG org.apache.http.wire -  << "{"error":"Email address already exists"}"
20:46:21.830 [CreateStudentsDataDrivenTest-1-thread-14] DEBUG org.apache.http.wire -  << "[\r][\n]"
20:46:21.830 [CreateStudentsDataDrivenTest-1-thread-14] DEBUG org.apache.http.wire -  << "0[\r][\n]"
20:46:21.830 [CreateStudentsDataDrivenTest-1-thread-14] DEBUG org.apache.http.wire -  << "[\r][\n]"
20:46:21.830 [CreateStudentsDataDrivenTest-1-thread-14] DEBUG o.a.h.i.c.BasicClientConnectionManager - Releasing connection org.apache.http.impl.conn.ManagedClientConnectionImpl@3596f9fb
20:46:21.830 [CreateStudentsDataDrivenTest-1-thread-14] DEBUG o.a.h.i.conn.DefaultClientConnection - Connection 0.0.0.0:54635<->127.0.0.1:8085 shut down
20:46:21.834 [CreateStudentsDataDrivenTest-1-thread-14] DEBUG n.t.core.steps.StepInterceptor - STEP DONE: Creating student with FirstName: {0}, LastName: {1}, Email: {2}, Programme: {3}, Courses: {4}
]]></system-out>
  </testcase>
  <testcase name="createMultipleStudents" classname="com.studentapplication.junit.studentsinfo.CreateStudentsDataDrivenTest" time="0.792">
    <system-out><![CDATA[20:46:21.840 [CreateStudentsDataDrivenTest-1-thread-14] DEBUG n.thucydides.core.steps.StepEventBus - Test suite started for class com.studentapplication.junit.studentsinfo.CreateStudentsDataDrivenTest
20:46:21.840 [CreateStudentsDataDrivenTest-1-thread-14] INFO   - Test Suite Started: Create students data driven test
20:46:21.840 [CreateStudentsDataDrivenTest-1-thread-14] DEBUG n.s.j.SerenityTestExecutionListener - Thread[CreateStudentsDataDrivenTest-1-thread-14,5,CreateStudentsDataDrivenTest-1] Test started TestIdentifier [uniqueId = [engine:junit-vintage]/[runner:com.studentapplication.junit.studentsinfo.CreateStudentsDataDrivenTest]/[test:com.studentapplication.junit.studentsinfo.CreateStudentsDataDrivenTest%5B44%5D]/[test:createMultipleStudents%5B44%5D(com.studentapplication.junit.studentsinfo.CreateStudentsDataDrivenTest)], parentId = [engine:junit-vintage]/[runner:com.studentapplication.junit.studentsinfo.CreateStudentsDataDrivenTest]/[test:com.studentapplication.junit.studentsinfo.CreateStudentsDataDrivenTest%5B44%5D], displayName = 'createMultipleStudents[44]', legacyReportingName = 'createMultipleStudents[44]', source = MethodSource [className = 'com.studentapplication.junit.studentsinfo.CreateStudentsDataDrivenTest', methodName = 'createMultipleStudents', methodParameterTypes = ''], tags = [], type = TEST]
20:46:21.840 [CreateStudentsDataDrivenTest-1-thread-14] INFO   - 
  _____   ___   ___   _____     ___   _____     _     ___   _____   ___   ___  
 |_   _| | __| / __| |_   _|   / __| |_   _|   /_\   | _ \ |_   _| | __| |   \ 
   | |   | _|  \__ \   | |     \__ \   | |    / _ \  |   /   | |   | _|  | |) |
   |_|   |___| |___/   |_|     |___/   |_|   /_/ \_\ |_|_\   |_|   |___| |___/ 

createMultipleStudents
--------------------------------------------------------------------------------
20:46:21.843 [CreateStudentsDataDrivenTest-1-thread-14] INFO   - 
  _____   ___   ___   _____     ___   _____     _     ___   _____   ___   ___  
 |_   _| | __| / __| |_   _|   / __| |_   _|   /_\   | _ \ |_   _| | __| |   \ 
   | |   | _|  \__ \   | |     \__ \   | |    / _ \  |   /   | |   | _|  | |) |
   |_|   |___| |___/   |_|     |___/   |_|   /_/ \_\ |_|_\   |_|   |___| |___/ 

createMultipleStudents[44]
--------------------------------------------------------------------------------
]]></system-out>
  </testcase>
  <testcase name="createMultipleStudents" classname="com.studentapplication.junit.studentsinfo.CreateStudentsDataDrivenTest" time="1.094">
    <system-out><![CDATA[20:46:21.848 [CreateStudentsDataDrivenTest-1-thread-7] DEBUG o.a.h.i.c.BasicClientConnectionManager - Get connection for route {}->http://localhost:8085
20:46:21.852 [CreateStudentsDataDrivenTest-1-thread-7] DEBUG o.a.h.i.c.DefaultClientConnectionOperator - Connecting to localhost:8085
20:46:21.852 [CreateStudentsDataDrivenTest-1-thread-9] DEBUG n.thucydides.core.steps.StepEventBus - Test suite started for class com.studentapplication.junit.studentsinfo.CreateStudentsDataDrivenTest
20:46:21.852 [CreateStudentsDataDrivenTest-1-thread-9] INFO   - Test Suite Started: Create students data driven test
20:46:21.852 [CreateStudentsDataDrivenTest-1-thread-9] DEBUG n.s.j.SerenityTestExecutionListener - Thread[CreateStudentsDataDrivenTest-1-thread-9,5,CreateStudentsDataDrivenTest-1] Test started TestIdentifier [uniqueId = [engine:junit-vintage]/[runner:com.studentapplication.junit.studentsinfo.CreateStudentsDataDrivenTest]/[test:com.studentapplication.junit.studentsinfo.CreateStudentsDataDrivenTest%5B45%5D]/[test:createMultipleStudents%5B45%5D(com.studentapplication.junit.studentsinfo.CreateStudentsDataDrivenTest)], parentId = [engine:junit-vintage]/[runner:com.studentapplication.junit.studentsinfo.CreateStudentsDataDrivenTest]/[test:com.studentapplication.junit.studentsinfo.CreateStudentsDataDrivenTest%5B45%5D], displayName = 'createMultipleStudents[45]', legacyReportingName = 'createMultipleStudents[45]', source = MethodSource [className = 'com.studentapplication.junit.studentsinfo.CreateStudentsDataDrivenTest', methodName = 'createMultipleStudents', methodParameterTypes = ''], tags = [], type = TEST]
20:46:21.853 [CreateStudentsDataDrivenTest-1-thread-9] INFO   - 
  _____   ___   ___   _____     ___   _____     _     ___   _____   ___   ___  
 |_   _| | __| / __| |_   _|   / __| |_   _|   /_\   | _ \ |_   _| | __| |   \ 
   | |   | _|  \__ \   | |     \__ \   | |    / _ \  |   /   | |   | _|  | |) |
   |_|   |___| |___/   |_|     |___/   |_|   /_/ \_\ |_|_\   |_|   |___| |___/ 

createMultipleStudents
--------------------------------------------------------------------------------
20:46:21.853 [CreateStudentsDataDrivenTest-1-thread-7] DEBUG o.a.h.c.protocol.RequestAddCookies - CookieSpec selected: ignoreCookies
20:46:21.853 [CreateStudentsDataDrivenTest-1-thread-7] DEBUG o.a.h.c.protocol.RequestAuthCache - Auth cache not set in the context
20:46:21.853 [CreateStudentsDataDrivenTest-1-thread-7] DEBUG o.a.h.c.p.RequestTargetAuthentication - Target auth state: UNCHALLENGED
20:46:21.853 [CreateStudentsDataDrivenTest-1-thread-7] DEBUG o.a.h.c.p.RequestProxyAuthentication - Proxy auth state: UNCHALLENGED
20:46:21.853 [CreateStudentsDataDrivenTest-1-thread-7] DEBUG o.a.h.impl.client.DefaultHttpClient - Attempt 1 to execute request
20:46:21.853 [CreateStudentsDataDrivenTest-1-thread-7] DEBUG o.a.h.i.conn.DefaultClientConnection - Sending request: POST /student HTTP/1.1
20:46:21.853 [CreateStudentsDataDrivenTest-1-thread-7] DEBUG org.apache.http.wire -  >> "POST /student HTTP/1.1[\r][\n]"
20:46:21.853 [CreateStudentsDataDrivenTest-1-thread-7] DEBUG org.apache.http.wire -  >> "Accept: */*[\r][\n]"
20:46:21.853 [CreateStudentsDataDrivenTest-1-thread-7] DEBUG org.apache.http.wire -  >> "Content-Type: application/json; charset=UTF-8[\r][\n]"
20:46:21.853 [CreateStudentsDataDrivenTest-1-thread-7] DEBUG org.apache.http.wire -  >> "Content-Length: 129[\r][\n]"
20:46:21.853 [CreateStudentsDataDrivenTest-1-thread-7] DEBUG org.apache.http.wire -  >> "Host: localhost:8085[\r][\n]"
20:46:21.853 [CreateStudentsDataDrivenTest-1-thread-7] DEBUG org.apache.http.wire -  >> "Connection: Keep-Alive[\r][\n]"
20:46:21.853 [CreateStudentsDataDrivenTest-1-thread-7] DEBUG org.apache.http.wire -  >> "User-Agent: Apache-HttpClient/4.5.13 (Java/11.0.20)[\r][\n]"
20:46:21.853 [CreateStudentsDataDrivenTest-1-thread-7] DEBUG org.apache.http.wire -  >> "Accept-Encoding: gzip,deflate[\r][\n]"
20:46:21.853 [CreateStudentsDataDrivenTest-1-thread-7] DEBUG org.apache.http.wire -  >> "[\r][\n]"
20:46:21.853 [CreateStudentsDataDrivenTest-1-thread-7] DEBUG org.apache.http.headers - >> POST /student HTTP/1.1
20:46:21.853 [CreateStudentsDataDrivenTest-1-thread-7] DEBUG org.apache.http.headers - >> Accept: */*
20:46:21.853 [CreateStudentsDataDrivenTest-1-thread-7] DEBUG org.apache.http.headers - >> Content-Type: application/json; charset=UTF-8
20:46:21.853 [CreateStudentsDataDrivenTest-1-thread-7] DEBUG org.apache.http.headers - >> Content-Length: 129
20:46:21.853 [CreateStudentsDataDrivenTest-1-thread-7] DEBUG org.apache.http.headers - >> Host: localhost:8085
20:46:21.853 [CreateStudentsDataDrivenTest-1-thread-7] DEBUG org.apache.http.headers - >> Connection: Keep-Alive
20:46:21.853 [CreateStudentsDataDrivenTest-1-thread-7] DEBUG org.apache.http.headers - >> User-Agent: Apache-HttpClient/4.5.13 (Java/11.0.20)
20:46:21.853 [CreateStudentsDataDrivenTest-1-thread-7] DEBUG org.apache.http.headers - >> Accept-Encoding: gzip,deflate
20:46:21.853 [CreateStudentsDataDrivenTest-1-thread-7] DEBUG org.apache.http.wire -  >> "{"id":0,"firstName":"North","lastName":"Hindmore","email":"nhindmore17@bluehost.com","programme":"Electrical","courses":["java"]}"
20:46:21.849 [CreateStudentsDataDrivenTest-1-thread-14] DEBUG n.t.core.steps.StepInterceptor - STARTING STEP: CreateStudentsDataDrivenTest.createMultipleStudents - Creating student with FirstName: {0}, LastName: {1}, Email: {2}, Programme: {3}, Courses: {4}
20:46:21.854 [CreateStudentsDataDrivenTest-1-thread-9] INFO   - 
  _____   ___   ___   _____     ___   _____     _     ___   _____   ___   ___  
 |_   _| | __| / __| |_   _|   / __| |_   _|   /_\   | _ \ |_   _| | __| |   \ 
   | |   | _|  \__ \   | |     \__ \   | |    / _ \  |   /   | |   | _|  | |) |
   |_|   |___| |___/   |_|     |___/   |_|   /_/ \_\ |_|_\   |_|   |___| |___/ 

createMultipleStudents[45]
--------------------------------------------------------------------------------
20:46:21.862 [CreateStudentsDataDrivenTest-1-thread-14] DEBUG o.a.h.i.c.BasicClientConnectionManager - Get connection for route {}->http://localhost:8085
20:46:21.862 [CreateStudentsDataDrivenTest-1-thread-14] DEBUG o.a.h.i.c.DefaultClientConnectionOperator - Connecting to localhost:8085
20:46:21.863 [CreateStudentsDataDrivenTest-1-thread-9] DEBUG n.t.core.steps.StepInterceptor - STARTING STEP: CreateStudentsDataDrivenTest.createMultipleStudents - Creating student with FirstName: {0}, LastName: {1}, Email: {2}, Programme: {3}, Courses: {4}
20:46:21.863 [CreateStudentsDataDrivenTest-1-thread-14] DEBUG o.a.h.c.protocol.RequestAddCookies - CookieSpec selected: ignoreCookies
20:46:21.863 [CreateStudentsDataDrivenTest-1-thread-14] DEBUG o.a.h.c.protocol.RequestAuthCache - Auth cache not set in the context
20:46:21.863 [CreateStudentsDataDrivenTest-1-thread-14] DEBUG o.a.h.c.p.RequestTargetAuthentication - Target auth state: UNCHALLENGED
20:46:21.863 [CreateStudentsDataDrivenTest-1-thread-14] DEBUG o.a.h.c.p.RequestProxyAuthentication - Proxy auth state: UNCHALLENGED
20:46:21.863 [CreateStudentsDataDrivenTest-1-thread-14] DEBUG o.a.h.impl.client.DefaultHttpClient - Attempt 1 to execute request
20:46:21.863 [CreateStudentsDataDrivenTest-1-thread-14] DEBUG o.a.h.i.conn.DefaultClientConnection - Sending request: POST /student HTTP/1.1
20:46:21.863 [CreateStudentsDataDrivenTest-1-thread-14] DEBUG org.apache.http.wire -  >> "POST /student HTTP/1.1[\r][\n]"
20:46:21.863 [CreateStudentsDataDrivenTest-1-thread-14] DEBUG org.apache.http.wire -  >> "Accept: */*[\r][\n]"
20:46:21.863 [CreateStudentsDataDrivenTest-1-thread-14] DEBUG org.apache.http.wire -  >> "Content-Type: application/json; charset=UTF-8[\r][\n]"
20:46:21.863 [CreateStudentsDataDrivenTest-1-thread-14] DEBUG org.apache.http.wire -  >> "Content-Length: 132[\r][\n]"
20:46:21.863 [CreateStudentsDataDrivenTest-1-thread-14] DEBUG org.apache.http.wire -  >> "Host: localhost:8085[\r][\n]"
20:46:21.863 [CreateStudentsDataDrivenTest-1-thread-14] DEBUG org.apache.http.wire -  >> "Connection: Keep-Alive[\r][\n]"
20:46:21.863 [CreateStudentsDataDrivenTest-1-thread-14] DEBUG org.apache.http.wire -  >> "User-Agent: Apache-HttpClient/4.5.13 (Java/11.0.20)[\r][\n]"
20:46:21.863 [CreateStudentsDataDrivenTest-1-thread-14] DEBUG org.apache.http.wire -  >> "Accept-Encoding: gzip,deflate[\r][\n]"
20:46:21.863 [CreateStudentsDataDrivenTest-1-thread-14] DEBUG org.apache.http.wire -  >> "[\r][\n]"
20:46:21.863 [CreateStudentsDataDrivenTest-1-thread-14] DEBUG org.apache.http.headers - >> POST /student HTTP/1.1
20:46:21.863 [CreateStudentsDataDrivenTest-1-thread-14] DEBUG org.apache.http.headers - >> Accept: */*
20:46:21.863 [CreateStudentsDataDrivenTest-1-thread-14] DEBUG org.apache.http.headers - >> Content-Type: application/json; charset=UTF-8
20:46:21.863 [CreateStudentsDataDrivenTest-1-thread-14] DEBUG org.apache.http.headers - >> Content-Length: 132
20:46:21.863 [CreateStudentsDataDrivenTest-1-thread-14] DEBUG org.apache.http.headers - >> Host: localhost:8085
20:46:21.863 [CreateStudentsDataDrivenTest-1-thread-14] DEBUG org.apache.http.headers - >> Connection: Keep-Alive
20:46:21.863 [CreateStudentsDataDrivenTest-1-thread-14] DEBUG org.apache.http.headers - >> User-Agent: Apache-HttpClient/4.5.13 (Java/11.0.20)
20:46:21.863 [CreateStudentsDataDrivenTest-1-thread-14] DEBUG org.apache.http.headers - >> Accept-Encoding: gzip,deflate
20:46:21.863 [CreateStudentsDataDrivenTest-1-thread-14] DEBUG org.apache.http.wire -  >> "{"id":0,"firstName":"Ryon","lastName":"Minor","email":"rminor18@chronoengine.com","programme":"Computer Science","courses":["java"]}"
20:46:21.878 [CreateStudentsDataDrivenTest-1-thread-9] DEBUG o.a.h.i.c.BasicClientConnectionManager - Get connection for route {}->http://localhost:8085
20:46:21.878 [CreateStudentsDataDrivenTest-1-thread-9] DEBUG o.a.h.i.c.DefaultClientConnectionOperator - Connecting to localhost:8085
20:46:21.879 [CreateStudentsDataDrivenTest-1-thread-9] DEBUG o.a.h.c.protocol.RequestAddCookies - CookieSpec selected: ignoreCookies
20:46:21.879 [CreateStudentsDataDrivenTest-1-thread-9] DEBUG o.a.h.c.protocol.RequestAuthCache - Auth cache not set in the context
20:46:21.879 [CreateStudentsDataDrivenTest-1-thread-9] DEBUG o.a.h.c.p.RequestTargetAuthentication - Target auth state: UNCHALLENGED
20:46:21.879 [CreateStudentsDataDrivenTest-1-thread-9] DEBUG o.a.h.c.p.RequestProxyAuthentication - Proxy auth state: UNCHALLENGED
20:46:21.879 [CreateStudentsDataDrivenTest-1-thread-9] DEBUG o.a.h.impl.client.DefaultHttpClient - Attempt 1 to execute request
20:46:21.879 [CreateStudentsDataDrivenTest-1-thread-9] DEBUG o.a.h.i.conn.DefaultClientConnection - Sending request: POST /student HTTP/1.1
20:46:21.879 [CreateStudentsDataDrivenTest-1-thread-9] DEBUG org.apache.http.wire -  >> "POST /student HTTP/1.1[\r][\n]"
20:46:21.879 [CreateStudentsDataDrivenTest-1-thread-9] DEBUG org.apache.http.wire -  >> "Accept: */*[\r][\n]"
20:46:21.879 [CreateStudentsDataDrivenTest-1-thread-9] DEBUG org.apache.http.wire -  >> "Content-Type: application/json; charset=UTF-8[\r][\n]"
20:46:21.879 [CreateStudentsDataDrivenTest-1-thread-9] DEBUG org.apache.http.wire -  >> "Content-Length: 143[\r][\n]"
20:46:21.879 [CreateStudentsDataDrivenTest-1-thread-9] DEBUG org.apache.http.wire -  >> "Host: localhost:8085[\r][\n]"
20:46:21.879 [CreateStudentsDataDrivenTest-1-thread-9] DEBUG org.apache.http.wire -  >> "Connection: Keep-Alive[\r][\n]"
20:46:21.879 [CreateStudentsDataDrivenTest-1-thread-9] DEBUG org.apache.http.wire -  >> "User-Agent: Apache-HttpClient/4.5.13 (Java/11.0.20)[\r][\n]"
20:46:21.879 [CreateStudentsDataDrivenTest-1-thread-9] DEBUG org.apache.http.wire -  >> "Accept-Encoding: gzip,deflate[\r][\n]"
20:46:21.879 [CreateStudentsDataDrivenTest-1-thread-9] DEBUG org.apache.http.wire -  >> "[\r][\n]"
20:46:21.879 [CreateStudentsDataDrivenTest-1-thread-9] DEBUG org.apache.http.headers - >> POST /student HTTP/1.1
20:46:21.879 [CreateStudentsDataDrivenTest-1-thread-9] DEBUG org.apache.http.headers - >> Accept: */*
20:46:21.879 [CreateStudentsDataDrivenTest-1-thread-9] DEBUG org.apache.http.headers - >> Content-Type: application/json; charset=UTF-8
20:46:21.879 [CreateStudentsDataDrivenTest-1-thread-9] DEBUG org.apache.http.headers - >> Content-Length: 143
20:46:21.879 [CreateStudentsDataDrivenTest-1-thread-9] DEBUG org.apache.http.headers - >> Host: localhost:8085
20:46:21.879 [CreateStudentsDataDrivenTest-1-thread-9] DEBUG org.apache.http.headers - >> Connection: Keep-Alive
20:46:21.879 [CreateStudentsDataDrivenTest-1-thread-9] DEBUG org.apache.http.headers - >> User-Agent: Apache-HttpClient/4.5.13 (Java/11.0.20)
20:46:21.879 [CreateStudentsDataDrivenTest-1-thread-9] DEBUG org.apache.http.headers - >> Accept-Encoding: gzip,deflate
20:46:21.879 [CreateStudentsDataDrivenTest-1-thread-9] DEBUG org.apache.http.wire -  >> "{"id":0,"firstName":"Cristy","lastName":"Bridgement","email":"cbridgement19@deliciousdays.com","programme":"Computer Science","courses":["c#"]}"
20:46:21.921 [CreateStudentsDataDrivenTest-1-thread-2] DEBUG org.apache.http.wire -  << "0[\r][\n]"
20:46:21.921 [CreateStudentsDataDrivenTest-1-thread-3] DEBUG org.apache.http.wire -  << "0[\r][\n]"
20:46:21.921 [CreateStudentsDataDrivenTest-1-thread-2] DEBUG org.apache.http.wire -  << "[\r][\n]"
20:46:21.921 [CreateStudentsDataDrivenTest-1-thread-3] DEBUG org.apache.http.wire -  << "[\r][\n]"
20:46:21.922 [CreateStudentsDataDrivenTest-1-thread-3] DEBUG o.a.h.i.c.BasicClientConnectionManager - Releasing connection org.apache.http.impl.conn.ManagedClientConnectionImpl@2da0cbcb
20:46:21.922 [CreateStudentsDataDrivenTest-1-thread-2] DEBUG o.a.h.i.c.BasicClientConnectionManager - Releasing connection org.apache.http.impl.conn.ManagedClientConnectionImpl@a1f8437
20:46:21.922 [CreateStudentsDataDrivenTest-1-thread-3] DEBUG o.a.h.i.conn.DefaultClientConnection - Connection 0.0.0.0:54622<->127.0.0.1:8085 shut down
20:46:21.922 [CreateStudentsDataDrivenTest-1-thread-2] DEBUG o.a.h.i.conn.DefaultClientConnection - Connection 0.0.0.0:54630<->127.0.0.1:8085 shut down
20:46:21.926 [CreateStudentsDataDrivenTest-1-thread-3] DEBUG n.t.core.steps.StepInterceptor - STEP DONE: Creating student with FirstName: {0}, LastName: {1}, Email: {2}, Programme: {3}, Courses: {4}
]]></system-out>
  </testcase>
  <testcase name="createMultipleStudents" classname="com.studentapplication.junit.studentsinfo.CreateStudentsDataDrivenTest" time="0.845">
    <system-out><![CDATA[20:46:21.932 [CreateStudentsDataDrivenTest-1-thread-3] DEBUG n.thucydides.core.steps.StepEventBus - Test suite started for class com.studentapplication.junit.studentsinfo.CreateStudentsDataDrivenTest
20:46:21.933 [CreateStudentsDataDrivenTest-1-thread-3] INFO   - Test Suite Started: Create students data driven test
20:46:21.933 [CreateStudentsDataDrivenTest-1-thread-3] DEBUG n.s.j.SerenityTestExecutionListener - Thread[CreateStudentsDataDrivenTest-1-thread-3,5,CreateStudentsDataDrivenTest-1] Test started TestIdentifier [uniqueId = [engine:junit-vintage]/[runner:com.studentapplication.junit.studentsinfo.CreateStudentsDataDrivenTest]/[test:com.studentapplication.junit.studentsinfo.CreateStudentsDataDrivenTest%5B46%5D]/[test:createMultipleStudents%5B46%5D(com.studentapplication.junit.studentsinfo.CreateStudentsDataDrivenTest)], parentId = [engine:junit-vintage]/[runner:com.studentapplication.junit.studentsinfo.CreateStudentsDataDrivenTest]/[test:com.studentapplication.junit.studentsinfo.CreateStudentsDataDrivenTest%5B46%5D], displayName = 'createMultipleStudents[46]', legacyReportingName = 'createMultipleStudents[46]', source = MethodSource [className = 'com.studentapplication.junit.studentsinfo.CreateStudentsDataDrivenTest', methodName = 'createMultipleStudents', methodParameterTypes = ''], tags = [], type = TEST]
20:46:21.933 [CreateStudentsDataDrivenTest-1-thread-3] INFO   - 
  _____   ___   ___   _____     ___   _____     _     ___   _____   ___   ___  
 |_   _| | __| / __| |_   _|   / __| |_   _|   /_\   | _ \ |_   _| | __| |   \ 
   | |   | _|  \__ \   | |     \__ \   | |    / _ \  |   /   | |   | _|  | |) |
   |_|   |___| |___/   |_|     |___/   |_|   /_/ \_\ |_|_\   |_|   |___| |___/ 

createMultipleStudents
--------------------------------------------------------------------------------
20:46:21.934 [CreateStudentsDataDrivenTest-1-thread-3] INFO   - 
  _____   ___   ___   _____     ___   _____     _     ___   _____   ___   ___  
 |_   _| | __| / __| |_   _|   / __| |_   _|   /_\   | _ \ |_   _| | __| |   \ 
   | |   | _|  \__ \   | |     \__ \   | |    / _ \  |   /   | |   | _|  | |) |
   |_|   |___| |___/   |_|     |___/   |_|   /_/ \_\ |_|_\   |_|   |___| |___/ 

createMultipleStudents[46]
--------------------------------------------------------------------------------
]]></system-out>
  </testcase>
  <testcase name="createMultipleStudents" classname="com.studentapplication.junit.studentsinfo.CreateStudentsDataDrivenTest" time="1.035">
    <system-out><![CDATA[20:46:21.947 [CreateStudentsDataDrivenTest-1-thread-3] DEBUG n.t.core.steps.StepInterceptor - STARTING STEP: CreateStudentsDataDrivenTest.createMultipleStudents - Creating student with FirstName: {0}, LastName: {1}, Email: {2}, Programme: {3}, Courses: {4}
20:46:21.949 [CreateStudentsDataDrivenTest-1-thread-2] DEBUG n.thucydides.core.steps.StepEventBus - Test suite started for class com.studentapplication.junit.studentsinfo.CreateStudentsDataDrivenTest
20:46:21.950 [CreateStudentsDataDrivenTest-1-thread-2] INFO   - Test Suite Started: Create students data driven test
20:46:21.950 [CreateStudentsDataDrivenTest-1-thread-2] DEBUG n.s.j.SerenityTestExecutionListener - Thread[CreateStudentsDataDrivenTest-1-thread-2,5,CreateStudentsDataDrivenTest-1] Test started TestIdentifier [uniqueId = [engine:junit-vintage]/[runner:com.studentapplication.junit.studentsinfo.CreateStudentsDataDrivenTest]/[test:com.studentapplication.junit.studentsinfo.CreateStudentsDataDrivenTest%5B47%5D]/[test:createMultipleStudents%5B47%5D(com.studentapplication.junit.studentsinfo.CreateStudentsDataDrivenTest)], parentId = [engine:junit-vintage]/[runner:com.studentapplication.junit.studentsinfo.CreateStudentsDataDrivenTest]/[test:com.studentapplication.junit.studentsinfo.CreateStudentsDataDrivenTest%5B47%5D], displayName = 'createMultipleStudents[47]', legacyReportingName = 'createMultipleStudents[47]', source = MethodSource [className = 'com.studentapplication.junit.studentsinfo.CreateStudentsDataDrivenTest', methodName = 'createMultipleStudents', methodParameterTypes = ''], tags = [], type = TEST]
20:46:21.950 [CreateStudentsDataDrivenTest-1-thread-2] INFO   - 
  _____   ___   ___   _____     ___   _____     _     ___   _____   ___   ___  
 |_   _| | __| / __| |_   _|   / __| |_   _|   /_\   | _ \ |_   _| | __| |   \ 
   | |   | _|  \__ \   | |     \__ \   | |    / _ \  |   /   | |   | _|  | |) |
   |_|   |___| |___/   |_|     |___/   |_|   /_/ \_\ |_|_\   |_|   |___| |___/ 

createMultipleStudents
--------------------------------------------------------------------------------
20:46:21.955 [CreateStudentsDataDrivenTest-1-thread-2] INFO   - 
  _____   ___   ___   _____     ___   _____     _     ___   _____   ___   ___  
 |_   _| | __| / __| |_   _|   / __| |_   _|   /_\   | _ \ |_   _| | __| |   \ 
   | |   | _|  \__ \   | |     \__ \   | |    / _ \  |   /   | |   | _|  | |) |
   |_|   |___| |___/   |_|     |___/   |_|   /_/ \_\ |_|_\   |_|   |___| |___/ 

createMultipleStudents[47]
--------------------------------------------------------------------------------
20:46:21.961 [CreateStudentsDataDrivenTest-1-thread-2] DEBUG n.t.core.steps.StepInterceptor - STARTING STEP: CreateStudentsDataDrivenTest.createMultipleStudents - Creating student with FirstName: {0}, LastName: {1}, Email: {2}, Programme: {3}, Courses: {4}
20:46:21.964 [CreateStudentsDataDrivenTest-1-thread-3] DEBUG o.a.h.i.c.BasicClientConnectionManager - Get connection for route {}->http://localhost:8085
20:46:21.966 [CreateStudentsDataDrivenTest-1-thread-3] DEBUG o.a.h.i.c.DefaultClientConnectionOperator - Connecting to localhost:8085
20:46:21.967 [CreateStudentsDataDrivenTest-1-thread-3] DEBUG o.a.h.c.protocol.RequestAddCookies - CookieSpec selected: ignoreCookies
20:46:21.967 [CreateStudentsDataDrivenTest-1-thread-3] DEBUG o.a.h.c.protocol.RequestAuthCache - Auth cache not set in the context
20:46:21.967 [CreateStudentsDataDrivenTest-1-thread-3] DEBUG o.a.h.c.p.RequestTargetAuthentication - Target auth state: UNCHALLENGED
20:46:21.967 [CreateStudentsDataDrivenTest-1-thread-3] DEBUG o.a.h.c.p.RequestProxyAuthentication - Proxy auth state: UNCHALLENGED
20:46:21.967 [CreateStudentsDataDrivenTest-1-thread-3] DEBUG o.a.h.impl.client.DefaultHttpClient - Attempt 1 to execute request
20:46:21.967 [CreateStudentsDataDrivenTest-1-thread-3] DEBUG o.a.h.i.conn.DefaultClientConnection - Sending request: POST /student HTTP/1.1
20:46:21.967 [CreateStudentsDataDrivenTest-1-thread-3] DEBUG org.apache.http.wire -  >> "POST /student HTTP/1.1[\r][\n]"
20:46:21.968 [CreateStudentsDataDrivenTest-1-thread-3] DEBUG org.apache.http.wire -  >> "Accept: */*[\r][\n]"
20:46:21.968 [CreateStudentsDataDrivenTest-1-thread-3] DEBUG org.apache.http.wire -  >> "Content-Type: application/json; charset=UTF-8[\r][\n]"
20:46:21.968 [CreateStudentsDataDrivenTest-1-thread-3] DEBUG org.apache.http.wire -  >> "Content-Length: 124[\r][\n]"
20:46:21.968 [CreateStudentsDataDrivenTest-1-thread-3] DEBUG org.apache.http.wire -  >> "Host: localhost:8085[\r][\n]"
20:46:21.968 [CreateStudentsDataDrivenTest-1-thread-3] DEBUG org.apache.http.wire -  >> "Connection: Keep-Alive[\r][\n]"
20:46:21.968 [CreateStudentsDataDrivenTest-1-thread-3] DEBUG org.apache.http.wire -  >> "User-Agent: Apache-HttpClient/4.5.13 (Java/11.0.20)[\r][\n]"
20:46:21.968 [CreateStudentsDataDrivenTest-1-thread-3] DEBUG org.apache.http.wire -  >> "Accept-Encoding: gzip,deflate[\r][\n]"
20:46:21.968 [CreateStudentsDataDrivenTest-1-thread-3] DEBUG org.apache.http.wire -  >> "[\r][\n]"
20:46:21.968 [CreateStudentsDataDrivenTest-1-thread-3] DEBUG org.apache.http.headers - >> POST /student HTTP/1.1
20:46:21.968 [CreateStudentsDataDrivenTest-1-thread-3] DEBUG org.apache.http.headers - >> Accept: */*
20:46:21.968 [CreateStudentsDataDrivenTest-1-thread-3] DEBUG org.apache.http.headers - >> Content-Type: application/json; charset=UTF-8
20:46:21.968 [CreateStudentsDataDrivenTest-1-thread-3] DEBUG org.apache.http.headers - >> Content-Length: 124
20:46:21.968 [CreateStudentsDataDrivenTest-1-thread-3] DEBUG org.apache.http.headers - >> Host: localhost:8085
20:46:21.968 [CreateStudentsDataDrivenTest-1-thread-3] DEBUG org.apache.http.headers - >> Connection: Keep-Alive
20:46:21.968 [CreateStudentsDataDrivenTest-1-thread-3] DEBUG org.apache.http.headers - >> User-Agent: Apache-HttpClient/4.5.13 (Java/11.0.20)
20:46:21.968 [CreateStudentsDataDrivenTest-1-thread-3] DEBUG org.apache.http.headers - >> Accept-Encoding: gzip,deflate
20:46:21.968 [CreateStudentsDataDrivenTest-1-thread-3] DEBUG org.apache.http.wire -  >> "{"id":0,"firstName":"Glori","lastName":"Pien","email":"gpien1a@infoseek.co.jp","programme":"Electrical","courses":["scala"]}"
20:46:21.977 [CreateStudentsDataDrivenTest-1-thread-2] DEBUG o.a.h.i.c.BasicClientConnectionManager - Get connection for route {}->http://localhost:8085
20:46:21.978 [CreateStudentsDataDrivenTest-1-thread-2] DEBUG o.a.h.i.c.DefaultClientConnectionOperator - Connecting to localhost:8085
20:46:21.978 [CreateStudentsDataDrivenTest-1-thread-2] DEBUG o.a.h.c.protocol.RequestAddCookies - CookieSpec selected: ignoreCookies
20:46:21.978 [CreateStudentsDataDrivenTest-1-thread-2] DEBUG o.a.h.c.protocol.RequestAuthCache - Auth cache not set in the context
20:46:21.979 [CreateStudentsDataDrivenTest-1-thread-2] DEBUG o.a.h.c.p.RequestTargetAuthentication - Target auth state: UNCHALLENGED
20:46:21.979 [CreateStudentsDataDrivenTest-1-thread-2] DEBUG o.a.h.c.p.RequestProxyAuthentication - Proxy auth state: UNCHALLENGED
20:46:21.979 [CreateStudentsDataDrivenTest-1-thread-2] DEBUG o.a.h.impl.client.DefaultHttpClient - Attempt 1 to execute request
20:46:21.979 [CreateStudentsDataDrivenTest-1-thread-2] DEBUG o.a.h.i.conn.DefaultClientConnection - Sending request: POST /student HTTP/1.1
20:46:21.979 [CreateStudentsDataDrivenTest-1-thread-2] DEBUG org.apache.http.wire -  >> "POST /student HTTP/1.1[\r][\n]"
20:46:21.979 [CreateStudentsDataDrivenTest-1-thread-2] DEBUG org.apache.http.wire -  >> "Accept: */*[\r][\n]"
20:46:21.979 [CreateStudentsDataDrivenTest-1-thread-2] DEBUG org.apache.http.wire -  >> "Content-Type: application/json; charset=UTF-8[\r][\n]"
20:46:21.979 [CreateStudentsDataDrivenTest-1-thread-2] DEBUG org.apache.http.wire -  >> "Content-Length: 120[\r][\n]"
20:46:21.979 [CreateStudentsDataDrivenTest-1-thread-2] DEBUG org.apache.http.wire -  >> "Host: localhost:8085[\r][\n]"
20:46:21.979 [CreateStudentsDataDrivenTest-1-thread-2] DEBUG org.apache.http.wire -  >> "Connection: Keep-Alive[\r][\n]"
20:46:21.979 [CreateStudentsDataDrivenTest-1-thread-2] DEBUG org.apache.http.wire -  >> "User-Agent: Apache-HttpClient/4.5.13 (Java/11.0.20)[\r][\n]"
20:46:21.979 [CreateStudentsDataDrivenTest-1-thread-2] DEBUG org.apache.http.wire -  >> "Accept-Encoding: gzip,deflate[\r][\n]"
20:46:21.979 [CreateStudentsDataDrivenTest-1-thread-2] DEBUG org.apache.http.wire -  >> "[\r][\n]"
20:46:21.979 [CreateStudentsDataDrivenTest-1-thread-2] DEBUG org.apache.http.headers - >> POST /student HTTP/1.1
20:46:21.979 [CreateStudentsDataDrivenTest-1-thread-2] DEBUG org.apache.http.headers - >> Accept: */*
20:46:21.979 [CreateStudentsDataDrivenTest-1-thread-2] DEBUG org.apache.http.headers - >> Content-Type: application/json; charset=UTF-8
20:46:21.979 [CreateStudentsDataDrivenTest-1-thread-2] DEBUG org.apache.http.headers - >> Content-Length: 120
20:46:21.979 [CreateStudentsDataDrivenTest-1-thread-2] DEBUG org.apache.http.headers - >> Host: localhost:8085
20:46:21.979 [CreateStudentsDataDrivenTest-1-thread-2] DEBUG org.apache.http.headers - >> Connection: Keep-Alive
20:46:21.979 [CreateStudentsDataDrivenTest-1-thread-2] DEBUG org.apache.http.headers - >> User-Agent: Apache-HttpClient/4.5.13 (Java/11.0.20)
20:46:21.979 [CreateStudentsDataDrivenTest-1-thread-2] DEBUG org.apache.http.headers - >> Accept-Encoding: gzip,deflate
20:46:21.979 [CreateStudentsDataDrivenTest-1-thread-2] DEBUG org.apache.http.wire -  >> "{"id":0,"firstName":"Jdavie","lastName":"Ceci","email":"jceci1b@alexa.com","programme":"Electrical","courses":["scala"]}"
20:46:21.979 [CreateStudentsDataDrivenTest-1-thread-10] DEBUG org.apache.http.wire -  << "0[\r][\n]"
20:46:21.979 [CreateStudentsDataDrivenTest-1-thread-10] DEBUG org.apache.http.wire -  << "[\r][\n]"
20:46:21.979 [CreateStudentsDataDrivenTest-1-thread-10] DEBUG o.a.h.i.c.BasicClientConnectionManager - Releasing connection org.apache.http.impl.conn.ManagedClientConnectionImpl@5f57c7fd
20:46:21.980 [CreateStudentsDataDrivenTest-1-thread-10] DEBUG o.a.h.i.conn.DefaultClientConnection - Connection 0.0.0.0:54626<->127.0.0.1:8085 shut down
20:46:21.985 [CreateStudentsDataDrivenTest-1-thread-10] DEBUG n.t.core.steps.StepInterceptor - STEP DONE: Creating student with FirstName: {0}, LastName: {1}, Email: {2}, Programme: {3}, Courses: {4}
]]></system-out>
  </testcase>
  <testcase name="createMultipleStudents" classname="com.studentapplication.junit.studentsinfo.CreateStudentsDataDrivenTest" time="1.267">
    <system-out><![CDATA[20:46:21.995 [CreateStudentsDataDrivenTest-1-thread-10] DEBUG n.thucydides.core.steps.StepEventBus - Test suite started for class com.studentapplication.junit.studentsinfo.CreateStudentsDataDrivenTest
20:46:21.995 [CreateStudentsDataDrivenTest-1-thread-10] INFO   - Test Suite Started: Create students data driven test
20:46:21.995 [CreateStudentsDataDrivenTest-1-thread-10] DEBUG n.s.j.SerenityTestExecutionListener - Thread[CreateStudentsDataDrivenTest-1-thread-10,5,CreateStudentsDataDrivenTest-1] Test started TestIdentifier [uniqueId = [engine:junit-vintage]/[runner:com.studentapplication.junit.studentsinfo.CreateStudentsDataDrivenTest]/[test:com.studentapplication.junit.studentsinfo.CreateStudentsDataDrivenTest%5B48%5D]/[test:createMultipleStudents%5B48%5D(com.studentapplication.junit.studentsinfo.CreateStudentsDataDrivenTest)], parentId = [engine:junit-vintage]/[runner:com.studentapplication.junit.studentsinfo.CreateStudentsDataDrivenTest]/[test:com.studentapplication.junit.studentsinfo.CreateStudentsDataDrivenTest%5B48%5D], displayName = 'createMultipleStudents[48]', legacyReportingName = 'createMultipleStudents[48]', source = MethodSource [className = 'com.studentapplication.junit.studentsinfo.CreateStudentsDataDrivenTest', methodName = 'createMultipleStudents', methodParameterTypes = ''], tags = [], type = TEST]
20:46:21.996 [CreateStudentsDataDrivenTest-1-thread-10] INFO   - 
  _____   ___   ___   _____     ___   _____     _     ___   _____   ___   ___  
 |_   _| | __| / __| |_   _|   / __| |_   _|   /_\   | _ \ |_   _| | __| |   \ 
   | |   | _|  \__ \   | |     \__ \   | |    / _ \  |   /   | |   | _|  | |) |
   |_|   |___| |___/   |_|     |___/   |_|   /_/ \_\ |_|_\   |_|   |___| |___/ 

createMultipleStudents
--------------------------------------------------------------------------------
20:46:21.996 [CreateStudentsDataDrivenTest-1-thread-10] INFO   - 
  _____   ___   ___   _____     ___   _____     _     ___   _____   ___   ___  
 |_   _| | __| / __| |_   _|   / __| |_   _|   /_\   | _ \ |_   _| | __| |   \ 
   | |   | _|  \__ \   | |     \__ \   | |    / _ \  |   /   | |   | _|  | |) |
   |_|   |___| |___/   |_|     |___/   |_|   /_/ \_\ |_|_\   |_|   |___| |___/ 

createMultipleStudents[48]
--------------------------------------------------------------------------------
20:46:22.002 [CreateStudentsDataDrivenTest-1-thread-10] DEBUG n.t.core.steps.StepInterceptor - STARTING STEP: CreateStudentsDataDrivenTest.createMultipleStudents - Creating student with FirstName: {0}, LastName: {1}, Email: {2}, Programme: {3}, Courses: {4}
20:46:22.014 [CreateStudentsDataDrivenTest-1-thread-10] DEBUG o.a.h.i.c.BasicClientConnectionManager - Get connection for route {}->http://localhost:8085
20:46:22.014 [CreateStudentsDataDrivenTest-1-thread-10] DEBUG o.a.h.i.c.DefaultClientConnectionOperator - Connecting to localhost:8085
20:46:22.015 [CreateStudentsDataDrivenTest-1-thread-10] DEBUG o.a.h.c.protocol.RequestAddCookies - CookieSpec selected: ignoreCookies
20:46:22.015 [CreateStudentsDataDrivenTest-1-thread-10] DEBUG o.a.h.c.protocol.RequestAuthCache - Auth cache not set in the context
20:46:22.015 [CreateStudentsDataDrivenTest-1-thread-10] DEBUG o.a.h.c.p.RequestTargetAuthentication - Target auth state: UNCHALLENGED
20:46:22.015 [CreateStudentsDataDrivenTest-1-thread-10] DEBUG o.a.h.c.p.RequestProxyAuthentication - Proxy auth state: UNCHALLENGED
20:46:22.015 [CreateStudentsDataDrivenTest-1-thread-10] DEBUG o.a.h.impl.client.DefaultHttpClient - Attempt 1 to execute request
20:46:22.015 [CreateStudentsDataDrivenTest-1-thread-10] DEBUG o.a.h.i.conn.DefaultClientConnection - Sending request: POST /student HTTP/1.1
20:46:22.015 [CreateStudentsDataDrivenTest-1-thread-10] DEBUG org.apache.http.wire -  >> "POST /student HTTP/1.1[\r][\n]"
20:46:22.016 [CreateStudentsDataDrivenTest-1-thread-10] DEBUG org.apache.http.wire -  >> "Accept: */*[\r][\n]"
20:46:22.016 [CreateStudentsDataDrivenTest-1-thread-10] DEBUG org.apache.http.wire -  >> "Content-Type: application/json; charset=UTF-8[\r][\n]"
20:46:22.016 [CreateStudentsDataDrivenTest-1-thread-10] DEBUG org.apache.http.wire -  >> "Content-Length: 134[\r][\n]"
20:46:22.016 [CreateStudentsDataDrivenTest-1-thread-10] DEBUG org.apache.http.wire -  >> "Host: localhost:8085[\r][\n]"
20:46:22.016 [CreateStudentsDataDrivenTest-1-thread-10] DEBUG org.apache.http.wire -  >> "Connection: Keep-Alive[\r][\n]"
20:46:22.016 [CreateStudentsDataDrivenTest-1-thread-10] DEBUG org.apache.http.wire -  >> "User-Agent: Apache-HttpClient/4.5.13 (Java/11.0.20)[\r][\n]"
20:46:22.016 [CreateStudentsDataDrivenTest-1-thread-10] DEBUG org.apache.http.wire -  >> "Accept-Encoding: gzip,deflate[\r][\n]"
20:46:22.016 [CreateStudentsDataDrivenTest-1-thread-10] DEBUG org.apache.http.wire -  >> "[\r][\n]"
20:46:22.016 [CreateStudentsDataDrivenTest-1-thread-10] DEBUG org.apache.http.headers - >> POST /student HTTP/1.1
20:46:22.016 [CreateStudentsDataDrivenTest-1-thread-10] DEBUG org.apache.http.headers - >> Accept: */*
20:46:22.016 [CreateStudentsDataDrivenTest-1-thread-10] DEBUG org.apache.http.headers - >> Content-Type: application/json; charset=UTF-8
20:46:22.016 [CreateStudentsDataDrivenTest-1-thread-10] DEBUG org.apache.http.headers - >> Content-Length: 134
20:46:22.016 [CreateStudentsDataDrivenTest-1-thread-10] DEBUG org.apache.http.headers - >> Host: localhost:8085
20:46:22.016 [CreateStudentsDataDrivenTest-1-thread-10] DEBUG org.apache.http.headers - >> Connection: Keep-Alive
20:46:22.016 [CreateStudentsDataDrivenTest-1-thread-10] DEBUG org.apache.http.headers - >> User-Agent: Apache-HttpClient/4.5.13 (Java/11.0.20)
20:46:22.016 [CreateStudentsDataDrivenTest-1-thread-10] DEBUG org.apache.http.headers - >> Accept-Encoding: gzip,deflate
20:46:22.016 [CreateStudentsDataDrivenTest-1-thread-10] DEBUG org.apache.http.wire -  >> "{"id":0,"firstName":"Gerry","lastName":"Zorzini","email":"gzorzini1c@twitter.com","programme":"Computer Science","courses":["python"]}"
20:46:22.034 [CreateStudentsDataDrivenTest-1-thread-6] DEBUG org.apache.http.wire -  << "HTTP/1.1 500 [\r][\n]"
20:46:22.034 [CreateStudentsDataDrivenTest-1-thread-6] DEBUG org.apache.http.wire -  << "Content-Type: application/json;charset=UTF-8[\r][\n]"
20:46:22.034 [CreateStudentsDataDrivenTest-1-thread-6] DEBUG org.apache.http.wire -  << "Transfer-Encoding: chunked[\r][\n]"
20:46:22.034 [CreateStudentsDataDrivenTest-1-thread-6] DEBUG org.apache.http.wire -  << "Date: Thu, 23 Nov 2023 15:16:21 GMT[\r][\n]"
20:46:22.034 [CreateStudentsDataDrivenTest-1-thread-6] DEBUG org.apache.http.wire -  << "Connection: close[\r][\n]"
20:46:22.034 [CreateStudentsDataDrivenTest-1-thread-6] DEBUG org.apache.http.wire -  << "[\r][\n]"
20:46:22.034 [CreateStudentsDataDrivenTest-1-thread-6] DEBUG o.a.h.i.conn.DefaultClientConnection - Receiving response: HTTP/1.1 500 
20:46:22.034 [CreateStudentsDataDrivenTest-1-thread-6] DEBUG org.apache.http.headers - << HTTP/1.1 500 
20:46:22.034 [CreateStudentsDataDrivenTest-1-thread-6] DEBUG org.apache.http.headers - << Content-Type: application/json;charset=UTF-8
20:46:22.034 [CreateStudentsDataDrivenTest-1-thread-6] DEBUG org.apache.http.headers - << Transfer-Encoding: chunked
20:46:22.034 [CreateStudentsDataDrivenTest-1-thread-6] DEBUG org.apache.http.headers - << Date: Thu, 23 Nov 2023 15:16:21 GMT
20:46:22.034 [CreateStudentsDataDrivenTest-1-thread-6] DEBUG org.apache.http.headers - << Connection: close
20:46:22.034 [CreateStudentsDataDrivenTest-1-thread-6] DEBUG i.r.i.RequestSpecificationImpl$RestAssuredHttpBuilder - Parsing response as: application/json;charset=UTF-8
20:46:22.034 [CreateStudentsDataDrivenTest-1-thread-6] DEBUG i.r.i.RequestSpecificationImpl$RestAssuredHttpBuilder - Parsed data to instance of: class org.apache.http.conn.EofSensorInputStream
20:46:22.035 [CreateStudentsDataDrivenTest-1-thread-6] DEBUG org.apache.http.wire -  << "28[\r][\n]"
20:46:22.035 [CreateStudentsDataDrivenTest-1-thread-6] DEBUG org.apache.http.wire -  << "{"error":"Email address already exists"}"
20:46:22.035 [CreateStudentsDataDrivenTest-1-thread-6] DEBUG org.apache.http.wire -  << "[\r][\n]"
20:46:22.048 [CreateStudentsDataDrivenTest-1-thread-6] DEBUG org.apache.http.wire -  << "0[\r][\n]"
20:46:22.048 [CreateStudentsDataDrivenTest-1-thread-6] DEBUG org.apache.http.wire -  << "[\r][\n]"
20:46:22.048 [CreateStudentsDataDrivenTest-1-thread-6] DEBUG o.a.h.i.c.BasicClientConnectionManager - Releasing connection org.apache.http.impl.conn.ManagedClientConnectionImpl@14d2fffa
20:46:22.048 [CreateStudentsDataDrivenTest-1-thread-6] DEBUG o.a.h.i.conn.DefaultClientConnection - Connection 0.0.0.0:54621<->127.0.0.1:8085 shut down
20:46:22.052 [CreateStudentsDataDrivenTest-1-thread-6] DEBUG n.t.core.steps.StepInterceptor - STEP DONE: Creating student with FirstName: {0}, LastName: {1}, Email: {2}, Programme: {3}, Courses: {4}
]]></system-out>
  </testcase>
  <testcase name="createMultipleStudents" classname="com.studentapplication.junit.studentsinfo.CreateStudentsDataDrivenTest" time="0.306">
    <system-out><![CDATA[20:46:22.060 [CreateStudentsDataDrivenTest-1-thread-6] DEBUG n.thucydides.core.steps.StepEventBus - Test suite started for class com.studentapplication.junit.studentsinfo.CreateStudentsDataDrivenTest
20:46:22.060 [CreateStudentsDataDrivenTest-1-thread-6] INFO   - Test Suite Started: Create students data driven test
20:46:22.060 [CreateStudentsDataDrivenTest-1-thread-6] DEBUG n.s.j.SerenityTestExecutionListener - Thread[CreateStudentsDataDrivenTest-1-thread-6,5,CreateStudentsDataDrivenTest-1] Test started TestIdentifier [uniqueId = [engine:junit-vintage]/[runner:com.studentapplication.junit.studentsinfo.CreateStudentsDataDrivenTest]/[test:com.studentapplication.junit.studentsinfo.CreateStudentsDataDrivenTest%5B49%5D]/[test:createMultipleStudents%5B49%5D(com.studentapplication.junit.studentsinfo.CreateStudentsDataDrivenTest)], parentId = [engine:junit-vintage]/[runner:com.studentapplication.junit.studentsinfo.CreateStudentsDataDrivenTest]/[test:com.studentapplication.junit.studentsinfo.CreateStudentsDataDrivenTest%5B49%5D], displayName = 'createMultipleStudents[49]', legacyReportingName = 'createMultipleStudents[49]', source = MethodSource [className = 'com.studentapplication.junit.studentsinfo.CreateStudentsDataDrivenTest', methodName = 'createMultipleStudents', methodParameterTypes = ''], tags = [], type = TEST]
20:46:22.060 [CreateStudentsDataDrivenTest-1-thread-6] INFO   - 
  _____   ___   ___   _____     ___   _____     _     ___   _____   ___   ___  
 |_   _| | __| / __| |_   _|   / __| |_   _|   /_\   | _ \ |_   _| | __| |   \ 
   | |   | _|  \__ \   | |     \__ \   | |    / _ \  |   /   | |   | _|  | |) |
   |_|   |___| |___/   |_|     |___/   |_|   /_/ \_\ |_|_\   |_|   |___| |___/ 

createMultipleStudents
--------------------------------------------------------------------------------
20:46:22.061 [CreateStudentsDataDrivenTest-1-thread-6] INFO   - 
  _____   ___   ___   _____     ___   _____     _     ___   _____   ___   ___  
 |_   _| | __| / __| |_   _|   / __| |_   _|   /_\   | _ \ |_   _| | __| |   \ 
   | |   | _|  \__ \   | |     \__ \   | |    / _ \  |   /   | |   | _|  | |) |
   |_|   |___| |___/   |_|     |___/   |_|   /_/ \_\ |_|_\   |_|   |___| |___/ 

createMultipleStudents[49]
--------------------------------------------------------------------------------
20:46:22.068 [CreateStudentsDataDrivenTest-1-thread-6] DEBUG n.t.core.steps.StepInterceptor - STARTING STEP: CreateStudentsDataDrivenTest.createMultipleStudents - Creating student with FirstName: {0}, LastName: {1}, Email: {2}, Programme: {3}, Courses: {4}
20:46:22.079 [CreateStudentsDataDrivenTest-1-thread-6] DEBUG o.a.h.i.c.BasicClientConnectionManager - Get connection for route {}->http://localhost:8085
20:46:22.079 [CreateStudentsDataDrivenTest-1-thread-6] DEBUG o.a.h.i.c.DefaultClientConnectionOperator - Connecting to localhost:8085
20:46:22.080 [CreateStudentsDataDrivenTest-1-thread-6] DEBUG o.a.h.c.protocol.RequestAddCookies - CookieSpec selected: ignoreCookies
20:46:22.080 [CreateStudentsDataDrivenTest-1-thread-6] DEBUG o.a.h.c.protocol.RequestAuthCache - Auth cache not set in the context
20:46:22.080 [CreateStudentsDataDrivenTest-1-thread-6] DEBUG o.a.h.c.p.RequestTargetAuthentication - Target auth state: UNCHALLENGED
20:46:22.080 [CreateStudentsDataDrivenTest-1-thread-6] DEBUG o.a.h.c.p.RequestProxyAuthentication - Proxy auth state: UNCHALLENGED
20:46:22.080 [CreateStudentsDataDrivenTest-1-thread-6] DEBUG o.a.h.impl.client.DefaultHttpClient - Attempt 1 to execute request
20:46:22.080 [CreateStudentsDataDrivenTest-1-thread-6] DEBUG o.a.h.i.conn.DefaultClientConnection - Sending request: POST /student HTTP/1.1
20:46:22.080 [CreateStudentsDataDrivenTest-1-thread-6] DEBUG org.apache.http.wire -  >> "POST /student HTTP/1.1[\r][\n]"
20:46:22.080 [CreateStudentsDataDrivenTest-1-thread-6] DEBUG org.apache.http.wire -  >> "Accept: */*[\r][\n]"
20:46:22.080 [CreateStudentsDataDrivenTest-1-thread-6] DEBUG org.apache.http.wire -  >> "Content-Type: application/json; charset=UTF-8[\r][\n]"
20:46:22.080 [CreateStudentsDataDrivenTest-1-thread-6] DEBUG org.apache.http.wire -  >> "Content-Length: 141[\r][\n]"
20:46:22.080 [CreateStudentsDataDrivenTest-1-thread-6] DEBUG org.apache.http.wire -  >> "Host: localhost:8085[\r][\n]"
20:46:22.080 [CreateStudentsDataDrivenTest-1-thread-6] DEBUG org.apache.http.wire -  >> "Connection: Keep-Alive[\r][\n]"
20:46:22.080 [CreateStudentsDataDrivenTest-1-thread-6] DEBUG org.apache.http.wire -  >> "User-Agent: Apache-HttpClient/4.5.13 (Java/11.0.20)[\r][\n]"
20:46:22.080 [CreateStudentsDataDrivenTest-1-thread-6] DEBUG org.apache.http.wire -  >> "Accept-Encoding: gzip,deflate[\r][\n]"
20:46:22.080 [CreateStudentsDataDrivenTest-1-thread-6] DEBUG org.apache.http.wire -  >> "[\r][\n]"
20:46:22.080 [CreateStudentsDataDrivenTest-1-thread-6] DEBUG org.apache.http.headers - >> POST /student HTTP/1.1
20:46:22.080 [CreateStudentsDataDrivenTest-1-thread-6] DEBUG org.apache.http.headers - >> Accept: */*
20:46:22.080 [CreateStudentsDataDrivenTest-1-thread-6] DEBUG org.apache.http.headers - >> Content-Type: application/json; charset=UTF-8
20:46:22.080 [CreateStudentsDataDrivenTest-1-thread-6] DEBUG org.apache.http.headers - >> Content-Length: 141
20:46:22.080 [CreateStudentsDataDrivenTest-1-thread-6] DEBUG org.apache.http.headers - >> Host: localhost:8085
20:46:22.080 [CreateStudentsDataDrivenTest-1-thread-6] DEBUG org.apache.http.headers - >> Connection: Keep-Alive
20:46:22.080 [CreateStudentsDataDrivenTest-1-thread-6] DEBUG org.apache.http.headers - >> User-Agent: Apache-HttpClient/4.5.13 (Java/11.0.20)
20:46:22.080 [CreateStudentsDataDrivenTest-1-thread-6] DEBUG org.apache.http.headers - >> Accept-Encoding: gzip,deflate
20:46:22.080 [CreateStudentsDataDrivenTest-1-thread-6] DEBUG org.apache.http.wire -  >> "{"id":0,"firstName":"Lothario","lastName":"Callington","email":"lcallington1d@smh.com.au","programme":"Computer Science","courses":["scala"]}"
20:46:22.232 [CreateStudentsDataDrivenTest-1-thread-3] DEBUG org.apache.http.wire -  << "HTTP/1.1 500 [\r][\n]"
20:46:22.232 [CreateStudentsDataDrivenTest-1-thread-3] DEBUG org.apache.http.wire -  << "Content-Type: application/json;charset=UTF-8[\r][\n]"
20:46:22.232 [CreateStudentsDataDrivenTest-1-thread-3] DEBUG org.apache.http.wire -  << "Transfer-Encoding: chunked[\r][\n]"
20:46:22.232 [CreateStudentsDataDrivenTest-1-thread-3] DEBUG org.apache.http.wire -  << "Date: Thu, 23 Nov 2023 15:16:21 GMT[\r][\n]"
20:46:22.232 [CreateStudentsDataDrivenTest-1-thread-3] DEBUG org.apache.http.wire -  << "Connection: close[\r][\n]"
20:46:22.232 [CreateStudentsDataDrivenTest-1-thread-3] DEBUG org.apache.http.wire -  << "[\r][\n]"
20:46:22.232 [CreateStudentsDataDrivenTest-1-thread-3] DEBUG o.a.h.i.conn.DefaultClientConnection - Receiving response: HTTP/1.1 500 
20:46:22.232 [CreateStudentsDataDrivenTest-1-thread-3] DEBUG org.apache.http.headers - << HTTP/1.1 500 
20:46:22.233 [CreateStudentsDataDrivenTest-1-thread-3] DEBUG org.apache.http.headers - << Content-Type: application/json;charset=UTF-8
20:46:22.233 [CreateStudentsDataDrivenTest-1-thread-3] DEBUG org.apache.http.headers - << Transfer-Encoding: chunked
20:46:22.233 [CreateStudentsDataDrivenTest-1-thread-3] DEBUG org.apache.http.headers - << Date: Thu, 23 Nov 2023 15:16:21 GMT
20:46:22.233 [CreateStudentsDataDrivenTest-1-thread-3] DEBUG org.apache.http.headers - << Connection: close
20:46:22.233 [CreateStudentsDataDrivenTest-1-thread-3] DEBUG i.r.i.RequestSpecificationImpl$RestAssuredHttpBuilder - Parsing response as: application/json;charset=UTF-8
20:46:22.233 [CreateStudentsDataDrivenTest-1-thread-3] DEBUG i.r.i.RequestSpecificationImpl$RestAssuredHttpBuilder - Parsed data to instance of: class org.apache.http.conn.EofSensorInputStream
20:46:22.234 [CreateStudentsDataDrivenTest-1-thread-3] DEBUG org.apache.http.wire -  << "28[\r][\n]"
20:46:22.234 [CreateStudentsDataDrivenTest-1-thread-3] DEBUG org.apache.http.wire -  << "{"error":"Email address already exists"}"
20:46:22.234 [CreateStudentsDataDrivenTest-1-thread-3] DEBUG org.apache.http.wire -  << "[\r][\n]"
20:46:22.234 [CreateStudentsDataDrivenTest-1-thread-3] DEBUG org.apache.http.wire -  << "0[\r][\n]"
20:46:22.234 [CreateStudentsDataDrivenTest-1-thread-3] DEBUG org.apache.http.wire -  << "[\r][\n]"
20:46:22.234 [CreateStudentsDataDrivenTest-1-thread-3] DEBUG o.a.h.i.c.BasicClientConnectionManager - Releasing connection org.apache.http.impl.conn.ManagedClientConnectionImpl@55099b7d
20:46:22.234 [CreateStudentsDataDrivenTest-1-thread-3] DEBUG o.a.h.i.conn.DefaultClientConnection - Connection 0.0.0.0:54649<->127.0.0.1:8085 shut down
20:46:22.240 [CreateStudentsDataDrivenTest-1-thread-3] DEBUG n.t.core.steps.StepInterceptor - STEP DONE: Creating student with FirstName: {0}, LastName: {1}, Email: {2}, Programme: {3}, Courses: {4}
]]></system-out>
  </testcase>
  <testcase name="createMultipleStudents" classname="com.studentapplication.junit.studentsinfo.CreateStudentsDataDrivenTest" time="0.606">
    <system-out><![CDATA[20:46:22.252 [CreateStudentsDataDrivenTest-1-thread-3] DEBUG n.thucydides.core.steps.StepEventBus - Test suite started for class com.studentapplication.junit.studentsinfo.CreateStudentsDataDrivenTest
20:46:22.252 [CreateStudentsDataDrivenTest-1-thread-3] INFO   - Test Suite Started: Create students data driven test
20:46:22.252 [CreateStudentsDataDrivenTest-1-thread-3] DEBUG n.s.j.SerenityTestExecutionListener - Thread[CreateStudentsDataDrivenTest-1-thread-3,5,CreateStudentsDataDrivenTest-1] Test started TestIdentifier [uniqueId = [engine:junit-vintage]/[runner:com.studentapplication.junit.studentsinfo.CreateStudentsDataDrivenTest]/[test:com.studentapplication.junit.studentsinfo.CreateStudentsDataDrivenTest%5B50%5D]/[test:createMultipleStudents%5B50%5D(com.studentapplication.junit.studentsinfo.CreateStudentsDataDrivenTest)], parentId = [engine:junit-vintage]/[runner:com.studentapplication.junit.studentsinfo.CreateStudentsDataDrivenTest]/[test:com.studentapplication.junit.studentsinfo.CreateStudentsDataDrivenTest%5B50%5D], displayName = 'createMultipleStudents[50]', legacyReportingName = 'createMultipleStudents[50]', source = MethodSource [className = 'com.studentapplication.junit.studentsinfo.CreateStudentsDataDrivenTest', methodName = 'createMultipleStudents', methodParameterTypes = ''], tags = [], type = TEST]
20:46:22.252 [CreateStudentsDataDrivenTest-1-thread-3] INFO   - 
  _____   ___   ___   _____     ___   _____     _     ___   _____   ___   ___  
 |_   _| | __| / __| |_   _|   / __| |_   _|   /_\   | _ \ |_   _| | __| |   \ 
   | |   | _|  \__ \   | |     \__ \   | |    / _ \  |   /   | |   | _|  | |) |
   |_|   |___| |___/   |_|     |___/   |_|   /_/ \_\ |_|_\   |_|   |___| |___/ 

createMultipleStudents
--------------------------------------------------------------------------------
20:46:22.254 [CreateStudentsDataDrivenTest-1-thread-3] INFO   - 
  _____   ___   ___   _____     ___   _____     _     ___   _____   ___   ___  
 |_   _| | __| / __| |_   _|   / __| |_   _|   /_\   | _ \ |_   _| | __| |   \ 
   | |   | _|  \__ \   | |     \__ \   | |    / _ \  |   /   | |   | _|  | |) |
   |_|   |___| |___/   |_|     |___/   |_|   /_/ \_\ |_|_\   |_|   |___| |___/ 

createMultipleStudents[50]
--------------------------------------------------------------------------------
20:46:22.265 [CreateStudentsDataDrivenTest-1-thread-3] DEBUG n.t.core.steps.StepInterceptor - STARTING STEP: CreateStudentsDataDrivenTest.createMultipleStudents - Creating student with FirstName: {0}, LastName: {1}, Email: {2}, Programme: {3}, Courses: {4}
20:46:22.277 [CreateStudentsDataDrivenTest-1-thread-3] DEBUG o.a.h.i.c.BasicClientConnectionManager - Get connection for route {}->http://localhost:8085
20:46:22.277 [CreateStudentsDataDrivenTest-1-thread-3] DEBUG o.a.h.i.c.DefaultClientConnectionOperator - Connecting to localhost:8085
20:46:22.278 [CreateStudentsDataDrivenTest-1-thread-3] DEBUG o.a.h.c.protocol.RequestAddCookies - CookieSpec selected: ignoreCookies
20:46:22.278 [CreateStudentsDataDrivenTest-1-thread-3] DEBUG o.a.h.c.protocol.RequestAuthCache - Auth cache not set in the context
20:46:22.278 [CreateStudentsDataDrivenTest-1-thread-3] DEBUG o.a.h.c.p.RequestTargetAuthentication - Target auth state: UNCHALLENGED
20:46:22.278 [CreateStudentsDataDrivenTest-1-thread-3] DEBUG o.a.h.c.p.RequestProxyAuthentication - Proxy auth state: UNCHALLENGED
20:46:22.278 [CreateStudentsDataDrivenTest-1-thread-3] DEBUG o.a.h.impl.client.DefaultHttpClient - Attempt 1 to execute request
20:46:22.279 [CreateStudentsDataDrivenTest-1-thread-3] DEBUG o.a.h.i.conn.DefaultClientConnection - Sending request: POST /student HTTP/1.1
20:46:22.279 [CreateStudentsDataDrivenTest-1-thread-3] DEBUG org.apache.http.wire -  >> "POST /student HTTP/1.1[\r][\n]"
20:46:22.279 [CreateStudentsDataDrivenTest-1-thread-3] DEBUG org.apache.http.wire -  >> "Accept: */*[\r][\n]"
20:46:22.279 [CreateStudentsDataDrivenTest-1-thread-3] DEBUG org.apache.http.wire -  >> "Content-Type: application/json; charset=UTF-8[\r][\n]"
20:46:22.279 [CreateStudentsDataDrivenTest-1-thread-3] DEBUG org.apache.http.wire -  >> "Content-Length: 130[\r][\n]"
20:46:22.279 [CreateStudentsDataDrivenTest-1-thread-3] DEBUG org.apache.http.wire -  >> "Host: localhost:8085[\r][\n]"
20:46:22.279 [CreateStudentsDataDrivenTest-1-thread-3] DEBUG org.apache.http.wire -  >> "Connection: Keep-Alive[\r][\n]"
20:46:22.279 [CreateStudentsDataDrivenTest-1-thread-3] DEBUG org.apache.http.wire -  >> "User-Agent: Apache-HttpClient/4.5.13 (Java/11.0.20)[\r][\n]"
20:46:22.279 [CreateStudentsDataDrivenTest-1-thread-3] DEBUG org.apache.http.wire -  >> "Accept-Encoding: gzip,deflate[\r][\n]"
20:46:22.279 [CreateStudentsDataDrivenTest-1-thread-3] DEBUG org.apache.http.wire -  >> "[\r][\n]"
20:46:22.279 [CreateStudentsDataDrivenTest-1-thread-3] DEBUG org.apache.http.headers - >> POST /student HTTP/1.1
20:46:22.279 [CreateStudentsDataDrivenTest-1-thread-3] DEBUG org.apache.http.headers - >> Accept: */*
20:46:22.279 [CreateStudentsDataDrivenTest-1-thread-3] DEBUG org.apache.http.headers - >> Content-Type: application/json; charset=UTF-8
20:46:22.279 [CreateStudentsDataDrivenTest-1-thread-3] DEBUG org.apache.http.headers - >> Content-Length: 130
20:46:22.279 [CreateStudentsDataDrivenTest-1-thread-3] DEBUG org.apache.http.headers - >> Host: localhost:8085
20:46:22.279 [CreateStudentsDataDrivenTest-1-thread-3] DEBUG org.apache.http.headers - >> Connection: Keep-Alive
20:46:22.279 [CreateStudentsDataDrivenTest-1-thread-3] DEBUG org.apache.http.headers - >> User-Agent: Apache-HttpClient/4.5.13 (Java/11.0.20)
20:46:22.279 [CreateStudentsDataDrivenTest-1-thread-3] DEBUG org.apache.http.headers - >> Accept-Encoding: gzip,deflate
20:46:22.279 [CreateStudentsDataDrivenTest-1-thread-3] DEBUG org.apache.http.wire -  >> "{"id":0,"firstName":"Koenraad","lastName":"Schwandt","email":"kschwandt1e@utexas.edu","programme":"Electrical","courses":["java"]}"
20:46:22.310 [CreateStudentsDataDrivenTest-1-thread-5] DEBUG org.apache.http.wire -  << "HTTP/1.1 500 [\r][\n]"
20:46:22.310 [CreateStudentsDataDrivenTest-1-thread-5] DEBUG org.apache.http.wire -  << "Content-Type: application/json;charset=UTF-8[\r][\n]"
20:46:22.310 [CreateStudentsDataDrivenTest-1-thread-5] DEBUG org.apache.http.wire -  << "Transfer-Encoding: chunked[\r][\n]"
20:46:22.310 [CreateStudentsDataDrivenTest-1-thread-5] DEBUG org.apache.http.wire -  << "Date: Thu, 23 Nov 2023 15:16:21 GMT[\r][\n]"
20:46:22.310 [CreateStudentsDataDrivenTest-1-thread-5] DEBUG org.apache.http.wire -  << "Connection: close[\r][\n]"
20:46:22.310 [CreateStudentsDataDrivenTest-1-thread-5] DEBUG org.apache.http.wire -  << "[\r][\n]"
20:46:22.310 [CreateStudentsDataDrivenTest-1-thread-5] DEBUG o.a.h.i.conn.DefaultClientConnection - Receiving response: HTTP/1.1 500 
20:46:22.310 [CreateStudentsDataDrivenTest-1-thread-5] DEBUG org.apache.http.headers - << HTTP/1.1 500 
20:46:22.310 [CreateStudentsDataDrivenTest-1-thread-5] DEBUG org.apache.http.headers - << Content-Type: application/json;charset=UTF-8
20:46:22.310 [CreateStudentsDataDrivenTest-1-thread-5] DEBUG org.apache.http.headers - << Transfer-Encoding: chunked
20:46:22.310 [CreateStudentsDataDrivenTest-1-thread-5] DEBUG org.apache.http.headers - << Date: Thu, 23 Nov 2023 15:16:21 GMT
20:46:22.310 [CreateStudentsDataDrivenTest-1-thread-5] DEBUG org.apache.http.headers - << Connection: close
20:46:22.311 [CreateStudentsDataDrivenTest-1-thread-5] DEBUG i.r.i.RequestSpecificationImpl$RestAssuredHttpBuilder - Parsing response as: application/json;charset=UTF-8
20:46:22.311 [CreateStudentsDataDrivenTest-1-thread-5] DEBUG i.r.i.RequestSpecificationImpl$RestAssuredHttpBuilder - Parsed data to instance of: class org.apache.http.conn.EofSensorInputStream
20:46:22.312 [CreateStudentsDataDrivenTest-1-thread-5] DEBUG org.apache.http.wire -  << "28[\r][\n]"
20:46:22.312 [CreateStudentsDataDrivenTest-1-thread-5] DEBUG org.apache.http.wire -  << "{"error":"Email address already exists"}"
20:46:22.312 [CreateStudentsDataDrivenTest-1-thread-5] DEBUG org.apache.http.wire -  << "[\r][\n]"
20:46:22.313 [CreateStudentsDataDrivenTest-1-thread-5] DEBUG org.apache.http.wire -  << "0[\r][\n]"
20:46:22.313 [CreateStudentsDataDrivenTest-1-thread-5] DEBUG org.apache.http.wire -  << "[\r][\n]"
20:46:22.313 [CreateStudentsDataDrivenTest-1-thread-5] DEBUG o.a.h.i.c.BasicClientConnectionManager - Releasing connection org.apache.http.impl.conn.ManagedClientConnectionImpl@15401842
20:46:22.314 [CreateStudentsDataDrivenTest-1-thread-5] DEBUG o.a.h.i.conn.DefaultClientConnection - Connection 0.0.0.0:54642<->127.0.0.1:8085 shut down
20:46:22.320 [CreateStudentsDataDrivenTest-1-thread-5] DEBUG n.t.core.steps.StepInterceptor - STEP DONE: Creating student with FirstName: {0}, LastName: {1}, Email: {2}, Programme: {3}, Courses: {4}
]]></system-out>
  </testcase>
  <testcase name="createMultipleStudents" classname="com.studentapplication.junit.studentsinfo.CreateStudentsDataDrivenTest" time="0.803">
    <system-out><![CDATA[20:46:22.327 [CreateStudentsDataDrivenTest-1-thread-5] DEBUG n.thucydides.core.steps.StepEventBus - Test suite started for class com.studentapplication.junit.studentsinfo.CreateStudentsDataDrivenTest
20:46:22.327 [CreateStudentsDataDrivenTest-1-thread-5] INFO   - Test Suite Started: Create students data driven test
20:46:22.327 [CreateStudentsDataDrivenTest-1-thread-5] DEBUG n.s.j.SerenityTestExecutionListener - Thread[CreateStudentsDataDrivenTest-1-thread-5,5,CreateStudentsDataDrivenTest-1] Test started TestIdentifier [uniqueId = [engine:junit-vintage]/[runner:com.studentapplication.junit.studentsinfo.CreateStudentsDataDrivenTest]/[test:com.studentapplication.junit.studentsinfo.CreateStudentsDataDrivenTest%5B51%5D]/[test:createMultipleStudents%5B51%5D(com.studentapplication.junit.studentsinfo.CreateStudentsDataDrivenTest)], parentId = [engine:junit-vintage]/[runner:com.studentapplication.junit.studentsinfo.CreateStudentsDataDrivenTest]/[test:com.studentapplication.junit.studentsinfo.CreateStudentsDataDrivenTest%5B51%5D], displayName = 'createMultipleStudents[51]', legacyReportingName = 'createMultipleStudents[51]', source = MethodSource [className = 'com.studentapplication.junit.studentsinfo.CreateStudentsDataDrivenTest', methodName = 'createMultipleStudents', methodParameterTypes = ''], tags = [], type = TEST]
20:46:22.327 [CreateStudentsDataDrivenTest-1-thread-5] INFO   - 
  _____   ___   ___   _____     ___   _____     _     ___   _____   ___   ___  
 |_   _| | __| / __| |_   _|   / __| |_   _|   /_\   | _ \ |_   _| | __| |   \ 
   | |   | _|  \__ \   | |     \__ \   | |    / _ \  |   /   | |   | _|  | |) |
   |_|   |___| |___/   |_|     |___/   |_|   /_/ \_\ |_|_\   |_|   |___| |___/ 

createMultipleStudents
--------------------------------------------------------------------------------
20:46:22.328 [CreateStudentsDataDrivenTest-1-thread-5] INFO   - 
  _____   ___   ___   _____     ___   _____     _     ___   _____   ___   ___  
 |_   _| | __| / __| |_   _|   / __| |_   _|   /_\   | _ \ |_   _| | __| |   \ 
   | |   | _|  \__ \   | |     \__ \   | |    / _ \  |   /   | |   | _|  | |) |
   |_|   |___| |___/   |_|     |___/   |_|   /_/ \_\ |_|_\   |_|   |___| |___/ 

createMultipleStudents[51]
--------------------------------------------------------------------------------
20:46:22.333 [CreateStudentsDataDrivenTest-1-thread-4] DEBUG org.apache.http.wire -  << "HTTP/1.1 500 [\r][\n]"
20:46:22.333 [CreateStudentsDataDrivenTest-1-thread-4] DEBUG org.apache.http.wire -  << "Content-Type: application/json;charset=UTF-8[\r][\n]"
20:46:22.333 [CreateStudentsDataDrivenTest-1-thread-4] DEBUG org.apache.http.wire -  << "Transfer-Encoding: chunked[\r][\n]"
20:46:22.333 [CreateStudentsDataDrivenTest-1-thread-4] DEBUG org.apache.http.wire -  << "Date: Thu, 23 Nov 2023 15:16:21 GMT[\r][\n]"
20:46:22.333 [CreateStudentsDataDrivenTest-1-thread-4] DEBUG org.apache.http.wire -  << "Connection: close[\r][\n]"
20:46:22.333 [CreateStudentsDataDrivenTest-1-thread-4] DEBUG org.apache.http.wire -  << "[\r][\n]"
20:46:22.333 [CreateStudentsDataDrivenTest-1-thread-4] DEBUG o.a.h.i.conn.DefaultClientConnection - Receiving response: HTTP/1.1 500 
20:46:22.333 [CreateStudentsDataDrivenTest-1-thread-4] DEBUG org.apache.http.headers - << HTTP/1.1 500 
20:46:22.333 [CreateStudentsDataDrivenTest-1-thread-4] DEBUG org.apache.http.headers - << Content-Type: application/json;charset=UTF-8
20:46:22.333 [CreateStudentsDataDrivenTest-1-thread-4] DEBUG org.apache.http.headers - << Transfer-Encoding: chunked
20:46:22.334 [CreateStudentsDataDrivenTest-1-thread-4] DEBUG org.apache.http.headers - << Date: Thu, 23 Nov 2023 15:16:21 GMT
20:46:22.334 [CreateStudentsDataDrivenTest-1-thread-4] DEBUG org.apache.http.headers - << Connection: close
20:46:22.334 [CreateStudentsDataDrivenTest-1-thread-4] DEBUG i.r.i.RequestSpecificationImpl$RestAssuredHttpBuilder - Parsing response as: application/json;charset=UTF-8
20:46:22.334 [CreateStudentsDataDrivenTest-1-thread-4] DEBUG i.r.i.RequestSpecificationImpl$RestAssuredHttpBuilder - Parsed data to instance of: class org.apache.http.conn.EofSensorInputStream
20:46:22.335 [CreateStudentsDataDrivenTest-1-thread-4] DEBUG org.apache.http.wire -  << "28[\r][\n]"
20:46:22.335 [CreateStudentsDataDrivenTest-1-thread-4] DEBUG org.apache.http.wire -  << "{"error":"Email address already exists"}"
20:46:22.335 [CreateStudentsDataDrivenTest-1-thread-4] DEBUG org.apache.http.wire -  << "[\r][\n]"
20:46:22.335 [CreateStudentsDataDrivenTest-1-thread-5] DEBUG n.t.core.steps.StepInterceptor - STARTING STEP: CreateStudentsDataDrivenTest.createMultipleStudents - Creating student with FirstName: {0}, LastName: {1}, Email: {2}, Programme: {3}, Courses: {4}
20:46:22.346 [CreateStudentsDataDrivenTest-1-thread-4] DEBUG org.apache.http.wire -  << "0[\r][\n]"
20:46:22.346 [CreateStudentsDataDrivenTest-1-thread-4] DEBUG org.apache.http.wire -  << "[\r][\n]"
20:46:22.348 [CreateStudentsDataDrivenTest-1-thread-5] DEBUG o.a.h.i.c.BasicClientConnectionManager - Get connection for route {}->http://localhost:8085
20:46:22.348 [CreateStudentsDataDrivenTest-1-thread-5] DEBUG o.a.h.i.c.DefaultClientConnectionOperator - Connecting to localhost:8085
20:46:22.349 [CreateStudentsDataDrivenTest-1-thread-4] DEBUG o.a.h.i.c.BasicClientConnectionManager - Releasing connection org.apache.http.impl.conn.ManagedClientConnectionImpl@3e672f47
20:46:22.349 [CreateStudentsDataDrivenTest-1-thread-5] DEBUG o.a.h.c.protocol.RequestAddCookies - CookieSpec selected: ignoreCookies
20:46:22.349 [CreateStudentsDataDrivenTest-1-thread-5] DEBUG o.a.h.c.protocol.RequestAuthCache - Auth cache not set in the context
20:46:22.349 [CreateStudentsDataDrivenTest-1-thread-5] DEBUG o.a.h.c.p.RequestTargetAuthentication - Target auth state: UNCHALLENGED
20:46:22.349 [CreateStudentsDataDrivenTest-1-thread-5] DEBUG o.a.h.c.p.RequestProxyAuthentication - Proxy auth state: UNCHALLENGED
20:46:22.349 [CreateStudentsDataDrivenTest-1-thread-5] DEBUG o.a.h.impl.client.DefaultHttpClient - Attempt 1 to execute request
20:46:22.349 [CreateStudentsDataDrivenTest-1-thread-5] DEBUG o.a.h.i.conn.DefaultClientConnection - Sending request: POST /student HTTP/1.1
20:46:22.349 [CreateStudentsDataDrivenTest-1-thread-5] DEBUG org.apache.http.wire -  >> "POST /student HTTP/1.1[\r][\n]"
20:46:22.349 [CreateStudentsDataDrivenTest-1-thread-5] DEBUG org.apache.http.wire -  >> "Accept: */*[\r][\n]"
20:46:22.349 [CreateStudentsDataDrivenTest-1-thread-5] DEBUG org.apache.http.wire -  >> "Content-Type: application/json; charset=UTF-8[\r][\n]"
20:46:22.349 [CreateStudentsDataDrivenTest-1-thread-5] DEBUG org.apache.http.wire -  >> "Content-Length: 123[\r][\n]"
20:46:22.349 [CreateStudentsDataDrivenTest-1-thread-5] DEBUG org.apache.http.wire -  >> "Host: localhost:8085[\r][\n]"
20:46:22.349 [CreateStudentsDataDrivenTest-1-thread-5] DEBUG org.apache.http.wire -  >> "Connection: Keep-Alive[\r][\n]"
20:46:22.349 [CreateStudentsDataDrivenTest-1-thread-5] DEBUG org.apache.http.wire -  >> "User-Agent: Apache-HttpClient/4.5.13 (Java/11.0.20)[\r][\n]"
20:46:22.349 [CreateStudentsDataDrivenTest-1-thread-5] DEBUG org.apache.http.wire -  >> "Accept-Encoding: gzip,deflate[\r][\n]"
20:46:22.349 [CreateStudentsDataDrivenTest-1-thread-5] DEBUG org.apache.http.wire -  >> "[\r][\n]"
20:46:22.349 [CreateStudentsDataDrivenTest-1-thread-5] DEBUG org.apache.http.headers - >> POST /student HTTP/1.1
20:46:22.349 [CreateStudentsDataDrivenTest-1-thread-5] DEBUG org.apache.http.headers - >> Accept: */*
20:46:22.349 [CreateStudentsDataDrivenTest-1-thread-5] DEBUG org.apache.http.headers - >> Content-Type: application/json; charset=UTF-8
20:46:22.349 [CreateStudentsDataDrivenTest-1-thread-5] DEBUG org.apache.http.headers - >> Content-Length: 123
20:46:22.349 [CreateStudentsDataDrivenTest-1-thread-5] DEBUG org.apache.http.headers - >> Host: localhost:8085
20:46:22.349 [CreateStudentsDataDrivenTest-1-thread-5] DEBUG org.apache.http.headers - >> Connection: Keep-Alive
20:46:22.349 [CreateStudentsDataDrivenTest-1-thread-5] DEBUG org.apache.http.headers - >> User-Agent: Apache-HttpClient/4.5.13 (Java/11.0.20)
20:46:22.349 [CreateStudentsDataDrivenTest-1-thread-5] DEBUG org.apache.http.headers - >> Accept-Encoding: gzip,deflate
20:46:22.349 [CreateStudentsDataDrivenTest-1-thread-5] DEBUG org.apache.http.wire -  >> "{"id":0,"firstName":"Ellyn","lastName":"Mulqueen","email":"emulqueen1f@narod.ru","programme":"Mechanical","courses":["c#"]}"
20:46:22.350 [CreateStudentsDataDrivenTest-1-thread-4] DEBUG o.a.h.i.conn.DefaultClientConnection - Connection 0.0.0.0:54638<->127.0.0.1:8085 shut down
20:46:22.354 [CreateStudentsDataDrivenTest-1-thread-4] DEBUG n.t.core.steps.StepInterceptor - STEP DONE: Creating student with FirstName: {0}, LastName: {1}, Email: {2}, Programme: {3}, Courses: {4}
]]></system-out>
  </testcase>
  <testcase name="createMultipleStudents" classname="com.studentapplication.junit.studentsinfo.CreateStudentsDataDrivenTest" time="0.553">
    <system-out><![CDATA[20:46:22.362 [CreateStudentsDataDrivenTest-1-thread-4] DEBUG n.thucydides.core.steps.StepEventBus - Test suite started for class com.studentapplication.junit.studentsinfo.CreateStudentsDataDrivenTest
20:46:22.362 [CreateStudentsDataDrivenTest-1-thread-4] INFO   - Test Suite Started: Create students data driven test
20:46:22.362 [CreateStudentsDataDrivenTest-1-thread-4] DEBUG n.s.j.SerenityTestExecutionListener - Thread[CreateStudentsDataDrivenTest-1-thread-4,5,CreateStudentsDataDrivenTest-1] Test started TestIdentifier [uniqueId = [engine:junit-vintage]/[runner:com.studentapplication.junit.studentsinfo.CreateStudentsDataDrivenTest]/[test:com.studentapplication.junit.studentsinfo.CreateStudentsDataDrivenTest%5B52%5D]/[test:createMultipleStudents%5B52%5D(com.studentapplication.junit.studentsinfo.CreateStudentsDataDrivenTest)], parentId = [engine:junit-vintage]/[runner:com.studentapplication.junit.studentsinfo.CreateStudentsDataDrivenTest]/[test:com.studentapplication.junit.studentsinfo.CreateStudentsDataDrivenTest%5B52%5D], displayName = 'createMultipleStudents[52]', legacyReportingName = 'createMultipleStudents[52]', source = MethodSource [className = 'com.studentapplication.junit.studentsinfo.CreateStudentsDataDrivenTest', methodName = 'createMultipleStudents', methodParameterTypes = ''], tags = [], type = TEST]
20:46:22.363 [CreateStudentsDataDrivenTest-1-thread-4] INFO   - 
  _____   ___   ___   _____     ___   _____     _     ___   _____   ___   ___  
 |_   _| | __| / __| |_   _|   / __| |_   _|   /_\   | _ \ |_   _| | __| |   \ 
   | |   | _|  \__ \   | |     \__ \   | |    / _ \  |   /   | |   | _|  | |) |
   |_|   |___| |___/   |_|     |___/   |_|   /_/ \_\ |_|_\   |_|   |___| |___/ 

createMultipleStudents
--------------------------------------------------------------------------------
20:46:22.368 [CreateStudentsDataDrivenTest-1-thread-4] INFO   - 
  _____   ___   ___   _____     ___   _____     _     ___   _____   ___   ___  
 |_   _| | __| / __| |_   _|   / __| |_   _|   /_\   | _ \ |_   _| | __| |   \ 
   | |   | _|  \__ \   | |     \__ \   | |    / _ \  |   /   | |   | _|  | |) |
   |_|   |___| |___/   |_|     |___/   |_|   /_/ \_\ |_|_\   |_|   |___| |___/ 

createMultipleStudents[52]
--------------------------------------------------------------------------------
20:46:22.374 [CreateStudentsDataDrivenTest-1-thread-4] DEBUG n.t.core.steps.StepInterceptor - STARTING STEP: CreateStudentsDataDrivenTest.createMultipleStudents - Creating student with FirstName: {0}, LastName: {1}, Email: {2}, Programme: {3}, Courses: {4}
20:46:22.387 [CreateStudentsDataDrivenTest-1-thread-4] DEBUG o.a.h.i.c.BasicClientConnectionManager - Get connection for route {}->http://localhost:8085
20:46:22.388 [CreateStudentsDataDrivenTest-1-thread-4] DEBUG o.a.h.i.c.DefaultClientConnectionOperator - Connecting to localhost:8085
20:46:22.389 [CreateStudentsDataDrivenTest-1-thread-4] DEBUG o.a.h.c.protocol.RequestAddCookies - CookieSpec selected: ignoreCookies
20:46:22.389 [CreateStudentsDataDrivenTest-1-thread-4] DEBUG o.a.h.c.protocol.RequestAuthCache - Auth cache not set in the context
20:46:22.389 [CreateStudentsDataDrivenTest-1-thread-4] DEBUG o.a.h.c.p.RequestTargetAuthentication - Target auth state: UNCHALLENGED
20:46:22.389 [CreateStudentsDataDrivenTest-1-thread-4] DEBUG o.a.h.c.p.RequestProxyAuthentication - Proxy auth state: UNCHALLENGED
20:46:22.389 [CreateStudentsDataDrivenTest-1-thread-4] DEBUG o.a.h.impl.client.DefaultHttpClient - Attempt 1 to execute request
20:46:22.389 [CreateStudentsDataDrivenTest-1-thread-4] DEBUG o.a.h.i.conn.DefaultClientConnection - Sending request: POST /student HTTP/1.1
20:46:22.389 [CreateStudentsDataDrivenTest-1-thread-4] DEBUG org.apache.http.wire -  >> "POST /student HTTP/1.1[\r][\n]"
20:46:22.389 [CreateStudentsDataDrivenTest-1-thread-4] DEBUG org.apache.http.wire -  >> "Accept: */*[\r][\n]"
20:46:22.389 [CreateStudentsDataDrivenTest-1-thread-4] DEBUG org.apache.http.wire -  >> "Content-Type: application/json; charset=UTF-8[\r][\n]"
20:46:22.389 [CreateStudentsDataDrivenTest-1-thread-4] DEBUG org.apache.http.wire -  >> "Content-Length: 122[\r][\n]"
20:46:22.389 [CreateStudentsDataDrivenTest-1-thread-4] DEBUG org.apache.http.wire -  >> "Host: localhost:8085[\r][\n]"
20:46:22.389 [CreateStudentsDataDrivenTest-1-thread-4] DEBUG org.apache.http.wire -  >> "Connection: Keep-Alive[\r][\n]"
20:46:22.389 [CreateStudentsDataDrivenTest-1-thread-4] DEBUG org.apache.http.wire -  >> "User-Agent: Apache-HttpClient/4.5.13 (Java/11.0.20)[\r][\n]"
20:46:22.389 [CreateStudentsDataDrivenTest-1-thread-4] DEBUG org.apache.http.wire -  >> "Accept-Encoding: gzip,deflate[\r][\n]"
20:46:22.389 [CreateStudentsDataDrivenTest-1-thread-4] DEBUG org.apache.http.wire -  >> "[\r][\n]"
20:46:22.389 [CreateStudentsDataDrivenTest-1-thread-4] DEBUG org.apache.http.headers - >> POST /student HTTP/1.1
20:46:22.389 [CreateStudentsDataDrivenTest-1-thread-4] DEBUG org.apache.http.headers - >> Accept: */*
20:46:22.389 [CreateStudentsDataDrivenTest-1-thread-4] DEBUG org.apache.http.headers - >> Content-Type: application/json; charset=UTF-8
20:46:22.389 [CreateStudentsDataDrivenTest-1-thread-4] DEBUG org.apache.http.headers - >> Content-Length: 122
20:46:22.389 [CreateStudentsDataDrivenTest-1-thread-4] DEBUG org.apache.http.headers - >> Host: localhost:8085
20:46:22.389 [CreateStudentsDataDrivenTest-1-thread-4] DEBUG org.apache.http.headers - >> Connection: Keep-Alive
20:46:22.389 [CreateStudentsDataDrivenTest-1-thread-4] DEBUG org.apache.http.headers - >> User-Agent: Apache-HttpClient/4.5.13 (Java/11.0.20)
20:46:22.389 [CreateStudentsDataDrivenTest-1-thread-4] DEBUG org.apache.http.headers - >> Accept-Encoding: gzip,deflate
20:46:22.389 [CreateStudentsDataDrivenTest-1-thread-4] DEBUG org.apache.http.wire -  >> "{"id":0,"firstName":"Bale","lastName":"Ruslen","email":"bruslen1g@tmall.com","programme":"Electrical","courses":["scala"]}"
20:46:22.391 [CreateStudentsDataDrivenTest-1-thread-7] DEBUG org.apache.http.wire -  << "HTTP/1.1 500 [\r][\n]"
20:46:22.391 [CreateStudentsDataDrivenTest-1-thread-7] DEBUG org.apache.http.wire -  << "Content-Type: application/json;charset=UTF-8[\r][\n]"
20:46:22.391 [CreateStudentsDataDrivenTest-1-thread-7] DEBUG org.apache.http.wire -  << "Transfer-Encoding: chunked[\r][\n]"
20:46:22.391 [CreateStudentsDataDrivenTest-1-thread-7] DEBUG org.apache.http.wire -  << "Date: Thu, 23 Nov 2023 15:16:22 GMT[\r][\n]"
20:46:22.391 [CreateStudentsDataDrivenTest-1-thread-7] DEBUG org.apache.http.wire -  << "Connection: close[\r][\n]"
20:46:22.391 [CreateStudentsDataDrivenTest-1-thread-7] DEBUG org.apache.http.wire -  << "[\r][\n]"
20:46:22.391 [CreateStudentsDataDrivenTest-1-thread-7] DEBUG o.a.h.i.conn.DefaultClientConnection - Receiving response: HTTP/1.1 500 
20:46:22.391 [CreateStudentsDataDrivenTest-1-thread-7] DEBUG org.apache.http.headers - << HTTP/1.1 500 
20:46:22.391 [CreateStudentsDataDrivenTest-1-thread-7] DEBUG org.apache.http.headers - << Content-Type: application/json;charset=UTF-8
20:46:22.391 [CreateStudentsDataDrivenTest-1-thread-7] DEBUG org.apache.http.headers - << Transfer-Encoding: chunked
20:46:22.391 [CreateStudentsDataDrivenTest-1-thread-7] DEBUG org.apache.http.headers - << Date: Thu, 23 Nov 2023 15:16:22 GMT
20:46:22.391 [CreateStudentsDataDrivenTest-1-thread-7] DEBUG org.apache.http.headers - << Connection: close
20:46:22.392 [CreateStudentsDataDrivenTest-1-thread-7] DEBUG i.r.i.RequestSpecificationImpl$RestAssuredHttpBuilder - Parsing response as: application/json;charset=UTF-8
20:46:22.392 [CreateStudentsDataDrivenTest-1-thread-7] DEBUG i.r.i.RequestSpecificationImpl$RestAssuredHttpBuilder - Parsed data to instance of: class org.apache.http.conn.EofSensorInputStream
20:46:22.393 [CreateStudentsDataDrivenTest-1-thread-7] DEBUG org.apache.http.wire -  << "28[\r][\n]"
20:46:22.393 [CreateStudentsDataDrivenTest-1-thread-7] DEBUG org.apache.http.wire -  << "{"error":"Email address already exists"}"
20:46:22.393 [CreateStudentsDataDrivenTest-1-thread-7] DEBUG org.apache.http.wire -  << "[\r][\n]"
20:46:22.398 [CreateStudentsDataDrivenTest-1-thread-9] DEBUG org.apache.http.wire -  << "HTTP/1.1 500 [\r][\n]"
20:46:22.398 [CreateStudentsDataDrivenTest-1-thread-9] DEBUG org.apache.http.wire -  << "Content-Type: application/json;charset=UTF-8[\r][\n]"
20:46:22.398 [CreateStudentsDataDrivenTest-1-thread-9] DEBUG org.apache.http.wire -  << "Transfer-Encoding: chunked[\r][\n]"
20:46:22.398 [CreateStudentsDataDrivenTest-1-thread-9] DEBUG org.apache.http.wire -  << "Date: Thu, 23 Nov 2023 15:16:22 GMT[\r][\n]"
20:46:22.398 [CreateStudentsDataDrivenTest-1-thread-9] DEBUG org.apache.http.wire -  << "Connection: close[\r][\n]"
20:46:22.398 [CreateStudentsDataDrivenTest-1-thread-9] DEBUG org.apache.http.wire -  << "[\r][\n]"
20:46:22.398 [CreateStudentsDataDrivenTest-1-thread-9] DEBUG o.a.h.i.conn.DefaultClientConnection - Receiving response: HTTP/1.1 500 
20:46:22.398 [CreateStudentsDataDrivenTest-1-thread-9] DEBUG org.apache.http.headers - << HTTP/1.1 500 
20:46:22.398 [CreateStudentsDataDrivenTest-1-thread-9] DEBUG org.apache.http.headers - << Content-Type: application/json;charset=UTF-8
20:46:22.398 [CreateStudentsDataDrivenTest-1-thread-9] DEBUG org.apache.http.headers - << Transfer-Encoding: chunked
20:46:22.398 [CreateStudentsDataDrivenTest-1-thread-9] DEBUG org.apache.http.headers - << Date: Thu, 23 Nov 2023 15:16:22 GMT
20:46:22.398 [CreateStudentsDataDrivenTest-1-thread-9] DEBUG org.apache.http.headers - << Connection: close
20:46:22.398 [CreateStudentsDataDrivenTest-1-thread-9] DEBUG i.r.i.RequestSpecificationImpl$RestAssuredHttpBuilder - Parsing response as: application/json;charset=UTF-8
20:46:22.398 [CreateStudentsDataDrivenTest-1-thread-9] DEBUG i.r.i.RequestSpecificationImpl$RestAssuredHttpBuilder - Parsed data to instance of: class org.apache.http.conn.EofSensorInputStream
20:46:22.400 [CreateStudentsDataDrivenTest-1-thread-9] DEBUG org.apache.http.wire -  << "28[\r][\n]"
20:46:22.400 [CreateStudentsDataDrivenTest-1-thread-9] DEBUG org.apache.http.wire -  << "{"error":"Email address already exists"}"
20:46:22.400 [CreateStudentsDataDrivenTest-1-thread-9] DEBUG org.apache.http.wire -  << "[\r][\n]"
20:46:22.400 [CreateStudentsDataDrivenTest-1-thread-9] DEBUG org.apache.http.wire -  << "0[\r][\n]"
20:46:22.400 [CreateStudentsDataDrivenTest-1-thread-9] DEBUG org.apache.http.wire -  << "[\r][\n]"
20:46:22.400 [CreateStudentsDataDrivenTest-1-thread-9] DEBUG o.a.h.i.c.BasicClientConnectionManager - Releasing connection org.apache.http.impl.conn.ManagedClientConnectionImpl@65da6bc
20:46:22.400 [CreateStudentsDataDrivenTest-1-thread-9] DEBUG o.a.h.i.conn.DefaultClientConnection - Connection 0.0.0.0:54647<->127.0.0.1:8085 shut down
20:46:22.402 [CreateStudentsDataDrivenTest-1-thread-1] DEBUG org.apache.http.wire -  << "HTTP/1.1 500 [\r][\n]"
20:46:22.402 [CreateStudentsDataDrivenTest-1-thread-1] DEBUG org.apache.http.wire -  << "Content-Type: application/json;charset=UTF-8[\r][\n]"
20:46:22.402 [CreateStudentsDataDrivenTest-1-thread-1] DEBUG org.apache.http.wire -  << "Transfer-Encoding: chunked[\r][\n]"
20:46:22.402 [CreateStudentsDataDrivenTest-1-thread-1] DEBUG org.apache.http.wire -  << "Date: Thu, 23 Nov 2023 15:16:22 GMT[\r][\n]"
20:46:22.402 [CreateStudentsDataDrivenTest-1-thread-1] DEBUG org.apache.http.wire -  << "Connection: close[\r][\n]"
20:46:22.402 [CreateStudentsDataDrivenTest-1-thread-1] DEBUG org.apache.http.wire -  << "[\r][\n]"
20:46:22.402 [CreateStudentsDataDrivenTest-1-thread-1] DEBUG o.a.h.i.conn.DefaultClientConnection - Receiving response: HTTP/1.1 500 
20:46:22.402 [CreateStudentsDataDrivenTest-1-thread-1] DEBUG org.apache.http.headers - << HTTP/1.1 500 
20:46:22.402 [CreateStudentsDataDrivenTest-1-thread-1] DEBUG org.apache.http.headers - << Content-Type: application/json;charset=UTF-8
20:46:22.402 [CreateStudentsDataDrivenTest-1-thread-1] DEBUG org.apache.http.headers - << Transfer-Encoding: chunked
20:46:22.402 [CreateStudentsDataDrivenTest-1-thread-1] DEBUG org.apache.http.headers - << Date: Thu, 23 Nov 2023 15:16:22 GMT
20:46:22.402 [CreateStudentsDataDrivenTest-1-thread-1] DEBUG org.apache.http.headers - << Connection: close
20:46:22.403 [CreateStudentsDataDrivenTest-1-thread-1] DEBUG i.r.i.RequestSpecificationImpl$RestAssuredHttpBuilder - Parsing response as: application/json;charset=UTF-8
20:46:22.403 [CreateStudentsDataDrivenTest-1-thread-1] DEBUG i.r.i.RequestSpecificationImpl$RestAssuredHttpBuilder - Parsed data to instance of: class org.apache.http.conn.EofSensorInputStream
20:46:22.404 [CreateStudentsDataDrivenTest-1-thread-1] DEBUG org.apache.http.wire -  << "28[\r][\n]"
20:46:22.404 [CreateStudentsDataDrivenTest-1-thread-1] DEBUG org.apache.http.wire -  << "{"error":"Email address already exists"}"
20:46:22.404 [CreateStudentsDataDrivenTest-1-thread-1] DEBUG org.apache.http.wire -  << "[\r][\n]"
20:46:22.404 [CreateStudentsDataDrivenTest-1-thread-1] DEBUG org.apache.http.wire -  << "0[\r][\n]"
20:46:22.404 [CreateStudentsDataDrivenTest-1-thread-1] DEBUG org.apache.http.wire -  << "[\r][\n]"
20:46:22.404 [CreateStudentsDataDrivenTest-1-thread-1] DEBUG o.a.h.i.c.BasicClientConnectionManager - Releasing connection org.apache.http.impl.conn.ManagedClientConnectionImpl@2e397c18
20:46:22.404 [CreateStudentsDataDrivenTest-1-thread-1] DEBUG o.a.h.i.conn.DefaultClientConnection - Connection 0.0.0.0:54637<->127.0.0.1:8085 shut down
20:46:22.405 [CreateStudentsDataDrivenTest-1-thread-9] DEBUG n.t.core.steps.StepInterceptor - STEP DONE: Creating student with FirstName: {0}, LastName: {1}, Email: {2}, Programme: {3}, Courses: {4}
]]></system-out>
  </testcase>
  <testcase name="createMultipleStudents" classname="com.studentapplication.junit.studentsinfo.CreateStudentsDataDrivenTest" time="0.882">
    <system-out><![CDATA[20:46:22.410 [CreateStudentsDataDrivenTest-1-thread-1] DEBUG n.t.core.steps.StepInterceptor - STEP DONE: Creating student with FirstName: {0}, LastName: {1}, Email: {2}, Programme: {3}, Courses: {4}
20:46:22.412 [CreateStudentsDataDrivenTest-1-thread-9] DEBUG n.thucydides.core.steps.StepEventBus - Test suite started for class com.studentapplication.junit.studentsinfo.CreateStudentsDataDrivenTest
20:46:22.412 [CreateStudentsDataDrivenTest-1-thread-9] INFO   - Test Suite Started: Create students data driven test
20:46:22.413 [CreateStudentsDataDrivenTest-1-thread-9] DEBUG n.s.j.SerenityTestExecutionListener - Thread[CreateStudentsDataDrivenTest-1-thread-9,5,CreateStudentsDataDrivenTest-1] Test started TestIdentifier [uniqueId = [engine:junit-vintage]/[runner:com.studentapplication.junit.studentsinfo.CreateStudentsDataDrivenTest]/[test:com.studentapplication.junit.studentsinfo.CreateStudentsDataDrivenTest%5B53%5D]/[test:createMultipleStudents%5B53%5D(com.studentapplication.junit.studentsinfo.CreateStudentsDataDrivenTest)], parentId = [engine:junit-vintage]/[runner:com.studentapplication.junit.studentsinfo.CreateStudentsDataDrivenTest]/[test:com.studentapplication.junit.studentsinfo.CreateStudentsDataDrivenTest%5B53%5D], displayName = 'createMultipleStudents[53]', legacyReportingName = 'createMultipleStudents[53]', source = MethodSource [className = 'com.studentapplication.junit.studentsinfo.CreateStudentsDataDrivenTest', methodName = 'createMultipleStudents', methodParameterTypes = ''], tags = [], type = TEST]
20:46:22.413 [CreateStudentsDataDrivenTest-1-thread-9] INFO   - 
  _____   ___   ___   _____     ___   _____     _     ___   _____   ___   ___  
 |_   _| | __| / __| |_   _|   / __| |_   _|   /_\   | _ \ |_   _| | __| |   \ 
   | |   | _|  \__ \   | |     \__ \   | |    / _ \  |   /   | |   | _|  | |) |
   |_|   |___| |___/   |_|     |___/   |_|   /_/ \_\ |_|_\   |_|   |___| |___/ 

createMultipleStudents
--------------------------------------------------------------------------------
20:46:22.414 [CreateStudentsDataDrivenTest-1-thread-9] INFO   - 
  _____   ___   ___   _____     ___   _____     _     ___   _____   ___   ___  
 |_   _| | __| / __| |_   _|   / __| |_   _|   /_\   | _ \ |_   _| | __| |   \ 
   | |   | _|  \__ \   | |     \__ \   | |    / _ \  |   /   | |   | _|  | |) |
   |_|   |___| |___/   |_|     |___/   |_|   /_/ \_\ |_|_\   |_|   |___| |___/ 

createMultipleStudents[53]
--------------------------------------------------------------------------------
]]></system-out>
  </testcase>
  <testcase name="createMultipleStudents" classname="com.studentapplication.junit.studentsinfo.CreateStudentsDataDrivenTest" time="0.637">
    <system-out><![CDATA[20:46:22.432 [CreateStudentsDataDrivenTest-1-thread-1] DEBUG n.thucydides.core.steps.StepEventBus - Test suite started for class com.studentapplication.junit.studentsinfo.CreateStudentsDataDrivenTest
20:46:22.432 [CreateStudentsDataDrivenTest-1-thread-1] INFO   - Test Suite Started: Create students data driven test
20:46:22.432 [CreateStudentsDataDrivenTest-1-thread-1] DEBUG n.s.j.SerenityTestExecutionListener - Thread[CreateStudentsDataDrivenTest-1-thread-1,5,CreateStudentsDataDrivenTest-1] Test started TestIdentifier [uniqueId = [engine:junit-vintage]/[runner:com.studentapplication.junit.studentsinfo.CreateStudentsDataDrivenTest]/[test:com.studentapplication.junit.studentsinfo.CreateStudentsDataDrivenTest%5B54%5D]/[test:createMultipleStudents%5B54%5D(com.studentapplication.junit.studentsinfo.CreateStudentsDataDrivenTest)], parentId = [engine:junit-vintage]/[runner:com.studentapplication.junit.studentsinfo.CreateStudentsDataDrivenTest]/[test:com.studentapplication.junit.studentsinfo.CreateStudentsDataDrivenTest%5B54%5D], displayName = 'createMultipleStudents[54]', legacyReportingName = 'createMultipleStudents[54]', source = MethodSource [className = 'com.studentapplication.junit.studentsinfo.CreateStudentsDataDrivenTest', methodName = 'createMultipleStudents', methodParameterTypes = ''], tags = [], type = TEST]
20:46:22.432 [CreateStudentsDataDrivenTest-1-thread-1] INFO   - 
  _____   ___   ___   _____     ___   _____     _     ___   _____   ___   ___  
 |_   _| | __| / __| |_   _|   / __| |_   _|   /_\   | _ \ |_   _| | __| |   \ 
   | |   | _|  \__ \   | |     \__ \   | |    / _ \  |   /   | |   | _|  | |) |
   |_|   |___| |___/   |_|     |___/   |_|   /_/ \_\ |_|_\   |_|   |___| |___/ 

createMultipleStudents
--------------------------------------------------------------------------------
20:46:22.432 [CreateStudentsDataDrivenTest-1-thread-9] DEBUG o.a.h.i.c.BasicClientConnectionManager - Get connection for route {}->http://localhost:8085
20:46:22.433 [CreateStudentsDataDrivenTest-1-thread-9] DEBUG o.a.h.i.c.DefaultClientConnectionOperator - Connecting to localhost:8085
20:46:22.433 [CreateStudentsDataDrivenTest-1-thread-9] DEBUG o.a.h.c.protocol.RequestAddCookies - CookieSpec selected: ignoreCookies
20:46:22.433 [CreateStudentsDataDrivenTest-1-thread-9] DEBUG o.a.h.c.protocol.RequestAuthCache - Auth cache not set in the context
20:46:22.433 [CreateStudentsDataDrivenTest-1-thread-9] DEBUG o.a.h.c.p.RequestTargetAuthentication - Target auth state: UNCHALLENGED
20:46:22.433 [CreateStudentsDataDrivenTest-1-thread-9] DEBUG o.a.h.c.p.RequestProxyAuthentication - Proxy auth state: UNCHALLENGED
20:46:22.433 [CreateStudentsDataDrivenTest-1-thread-9] DEBUG o.a.h.impl.client.DefaultHttpClient - Attempt 1 to execute request
20:46:22.433 [CreateStudentsDataDrivenTest-1-thread-9] DEBUG o.a.h.i.conn.DefaultClientConnection - Sending request: POST /student HTTP/1.1
20:46:22.433 [CreateStudentsDataDrivenTest-1-thread-9] DEBUG org.apache.http.wire -  >> "POST /student HTTP/1.1[\r][\n]"
20:46:22.433 [CreateStudentsDataDrivenTest-1-thread-9] DEBUG org.apache.http.wire -  >> "Accept: */*[\r][\n]"
20:46:22.433 [CreateStudentsDataDrivenTest-1-thread-9] DEBUG org.apache.http.wire -  >> "Content-Type: application/json; charset=UTF-8[\r][\n]"
20:46:22.433 [CreateStudentsDataDrivenTest-1-thread-9] DEBUG org.apache.http.wire -  >> "Content-Length: 137[\r][\n]"
20:46:22.433 [CreateStudentsDataDrivenTest-1-thread-9] DEBUG org.apache.http.wire -  >> "Host: localhost:8085[\r][\n]"
20:46:22.433 [CreateStudentsDataDrivenTest-1-thread-9] DEBUG org.apache.http.wire -  >> "Connection: Keep-Alive[\r][\n]"
20:46:22.433 [CreateStudentsDataDrivenTest-1-thread-9] DEBUG org.apache.http.wire -  >> "User-Agent: Apache-HttpClient/4.5.13 (Java/11.0.20)[\r][\n]"
20:46:22.434 [CreateStudentsDataDrivenTest-1-thread-9] DEBUG org.apache.http.wire -  >> "Accept-Encoding: gzip,deflate[\r][\n]"
20:46:22.434 [CreateStudentsDataDrivenTest-1-thread-9] DEBUG org.apache.http.wire -  >> "[\r][\n]"
20:46:22.434 [CreateStudentsDataDrivenTest-1-thread-9] DEBUG org.apache.http.headers - >> POST /student HTTP/1.1
20:46:22.434 [CreateStudentsDataDrivenTest-1-thread-9] DEBUG org.apache.http.headers - >> Accept: */*
20:46:22.434 [CreateStudentsDataDrivenTest-1-thread-9] DEBUG org.apache.http.headers - >> Content-Type: application/json; charset=UTF-8
20:46:22.434 [CreateStudentsDataDrivenTest-1-thread-9] DEBUG org.apache.http.headers - >> Content-Length: 137
20:46:22.434 [CreateStudentsDataDrivenTest-1-thread-9] DEBUG org.apache.http.headers - >> Host: localhost:8085
20:46:22.434 [CreateStudentsDataDrivenTest-1-thread-9] DEBUG org.apache.http.headers - >> Connection: Keep-Alive
20:46:22.434 [CreateStudentsDataDrivenTest-1-thread-9] DEBUG org.apache.http.headers - >> User-Agent: Apache-HttpClient/4.5.13 (Java/11.0.20)
20:46:22.434 [CreateStudentsDataDrivenTest-1-thread-9] DEBUG org.apache.http.headers - >> Accept-Encoding: gzip,deflate
20:46:22.434 [CreateStudentsDataDrivenTest-1-thread-9] DEBUG org.apache.http.wire -  >> "{"id":0,"firstName":"Riccardo","lastName":"Mardling","email":"rmardling1h@arstechnica.com","programme":"Mechanical","courses":["python"]}"
20:46:22.433 [CreateStudentsDataDrivenTest-1-thread-1] INFO   - 
  _____   ___   ___   _____     ___   _____     _     ___   _____   ___   ___  
 |_   _| | __| / __| |_   _|   / __| |_   _|   /_\   | _ \ |_   _| | __| |   \ 
   | |   | _|  \__ \   | |     \__ \   | |    / _ \  |   /   | |   | _|  | |) |
   |_|   |___| |___/   |_|     |___/   |_|   /_/ \_\ |_|_\   |_|   |___| |___/ 

createMultipleStudents[54]
--------------------------------------------------------------------------------
20:46:22.441 [CreateStudentsDataDrivenTest-1-thread-1] DEBUG n.t.core.steps.StepInterceptor - STARTING STEP: CreateStudentsDataDrivenTest.createMultipleStudents - Creating student with FirstName: {0}, LastName: {1}, Email: {2}, Programme: {3}, Courses: {4}
20:46:22.454 [CreateStudentsDataDrivenTest-1-thread-1] DEBUG o.a.h.i.c.BasicClientConnectionManager - Get connection for route {}->http://localhost:8085
20:46:22.454 [CreateStudentsDataDrivenTest-1-thread-1] DEBUG o.a.h.i.c.DefaultClientConnectionOperator - Connecting to localhost:8085
20:46:22.455 [CreateStudentsDataDrivenTest-1-thread-1] DEBUG o.a.h.c.protocol.RequestAddCookies - CookieSpec selected: ignoreCookies
20:46:22.455 [CreateStudentsDataDrivenTest-1-thread-1] DEBUG o.a.h.c.protocol.RequestAuthCache - Auth cache not set in the context
20:46:22.455 [CreateStudentsDataDrivenTest-1-thread-1] DEBUG o.a.h.c.p.RequestTargetAuthentication - Target auth state: UNCHALLENGED
20:46:22.455 [CreateStudentsDataDrivenTest-1-thread-1] DEBUG o.a.h.c.p.RequestProxyAuthentication - Proxy auth state: UNCHALLENGED
20:46:22.455 [CreateStudentsDataDrivenTest-1-thread-1] DEBUG o.a.h.impl.client.DefaultHttpClient - Attempt 1 to execute request
20:46:22.455 [CreateStudentsDataDrivenTest-1-thread-1] DEBUG o.a.h.i.conn.DefaultClientConnection - Sending request: POST /student HTTP/1.1
20:46:22.455 [CreateStudentsDataDrivenTest-1-thread-1] DEBUG org.apache.http.wire -  >> "POST /student HTTP/1.1[\r][\n]"
20:46:22.455 [CreateStudentsDataDrivenTest-1-thread-1] DEBUG org.apache.http.wire -  >> "Accept: */*[\r][\n]"
20:46:22.455 [CreateStudentsDataDrivenTest-1-thread-1] DEBUG org.apache.http.wire -  >> "Content-Type: application/json; charset=UTF-8[\r][\n]"
20:46:22.455 [CreateStudentsDataDrivenTest-1-thread-1] DEBUG org.apache.http.wire -  >> "Content-Length: 126[\r][\n]"
20:46:22.456 [CreateStudentsDataDrivenTest-1-thread-1] DEBUG org.apache.http.wire -  >> "Host: localhost:8085[\r][\n]"
20:46:22.456 [CreateStudentsDataDrivenTest-1-thread-1] DEBUG org.apache.http.wire -  >> "Connection: Keep-Alive[\r][\n]"
20:46:22.456 [CreateStudentsDataDrivenTest-1-thread-1] DEBUG org.apache.http.wire -  >> "User-Agent: Apache-HttpClient/4.5.13 (Java/11.0.20)[\r][\n]"
20:46:22.456 [CreateStudentsDataDrivenTest-1-thread-1] DEBUG org.apache.http.wire -  >> "Accept-Encoding: gzip,deflate[\r][\n]"
20:46:22.456 [CreateStudentsDataDrivenTest-1-thread-1] DEBUG org.apache.http.wire -  >> "[\r][\n]"
20:46:22.456 [CreateStudentsDataDrivenTest-1-thread-1] DEBUG org.apache.http.headers - >> POST /student HTTP/1.1
20:46:22.456 [CreateStudentsDataDrivenTest-1-thread-1] DEBUG org.apache.http.headers - >> Accept: */*
20:46:22.456 [CreateStudentsDataDrivenTest-1-thread-1] DEBUG org.apache.http.headers - >> Content-Type: application/json; charset=UTF-8
20:46:22.456 [CreateStudentsDataDrivenTest-1-thread-1] DEBUG org.apache.http.headers - >> Content-Length: 126
20:46:22.456 [CreateStudentsDataDrivenTest-1-thread-1] DEBUG org.apache.http.headers - >> Host: localhost:8085
20:46:22.456 [CreateStudentsDataDrivenTest-1-thread-1] DEBUG org.apache.http.headers - >> Connection: Keep-Alive
20:46:22.456 [CreateStudentsDataDrivenTest-1-thread-1] DEBUG org.apache.http.headers - >> User-Agent: Apache-HttpClient/4.5.13 (Java/11.0.20)
20:46:22.456 [CreateStudentsDataDrivenTest-1-thread-1] DEBUG org.apache.http.headers - >> Accept-Encoding: gzip,deflate
20:46:22.456 [CreateStudentsDataDrivenTest-1-thread-1] DEBUG org.apache.http.wire -  >> "{"id":0,"firstName":"Lotta","lastName":"Wilkins","email":"lwilkins1i@vimeo.com","programme":"Electrical","courses":["python"]}"
20:46:22.457 [CreateStudentsDataDrivenTest-1-thread-7] DEBUG org.apache.http.wire -  << "0[\r][\n]"
20:46:22.457 [CreateStudentsDataDrivenTest-1-thread-7] DEBUG org.apache.http.wire -  << "[\r][\n]"
20:46:22.459 [CreateStudentsDataDrivenTest-1-thread-7] DEBUG o.a.h.i.c.BasicClientConnectionManager - Releasing connection org.apache.http.impl.conn.ManagedClientConnectionImpl@2b02206a
20:46:22.459 [CreateStudentsDataDrivenTest-1-thread-7] DEBUG o.a.h.i.conn.DefaultClientConnection - Connection 0.0.0.0:54645<->127.0.0.1:8085 shut down
20:46:22.464 [CreateStudentsDataDrivenTest-1-thread-7] DEBUG n.t.core.steps.StepInterceptor - STEP DONE: Creating student with FirstName: {0}, LastName: {1}, Email: {2}, Programme: {3}, Courses: {4}
]]></system-out>
  </testcase>
  <testcase name="createMultipleStudents" classname="com.studentapplication.junit.studentsinfo.CreateStudentsDataDrivenTest" time="1.021">
    <system-out><![CDATA[20:46:22.472 [CreateStudentsDataDrivenTest-1-thread-7] DEBUG n.thucydides.core.steps.StepEventBus - Test suite started for class com.studentapplication.junit.studentsinfo.CreateStudentsDataDrivenTest
20:46:22.472 [CreateStudentsDataDrivenTest-1-thread-7] INFO   - Test Suite Started: Create students data driven test
20:46:22.474 [CreateStudentsDataDrivenTest-1-thread-7] DEBUG n.s.j.SerenityTestExecutionListener - Thread[CreateStudentsDataDrivenTest-1-thread-7,5,CreateStudentsDataDrivenTest-1] Test started TestIdentifier [uniqueId = [engine:junit-vintage]/[runner:com.studentapplication.junit.studentsinfo.CreateStudentsDataDrivenTest]/[test:com.studentapplication.junit.studentsinfo.CreateStudentsDataDrivenTest%5B55%5D]/[test:createMultipleStudents%5B55%5D(com.studentapplication.junit.studentsinfo.CreateStudentsDataDrivenTest)], parentId = [engine:junit-vintage]/[runner:com.studentapplication.junit.studentsinfo.CreateStudentsDataDrivenTest]/[test:com.studentapplication.junit.studentsinfo.CreateStudentsDataDrivenTest%5B55%5D], displayName = 'createMultipleStudents[55]', legacyReportingName = 'createMultipleStudents[55]', source = MethodSource [className = 'com.studentapplication.junit.studentsinfo.CreateStudentsDataDrivenTest', methodName = 'createMultipleStudents', methodParameterTypes = ''], tags = [], type = TEST]
20:46:22.474 [CreateStudentsDataDrivenTest-1-thread-7] INFO   - 
  _____   ___   ___   _____     ___   _____     _     ___   _____   ___   ___  
 |_   _| | __| / __| |_   _|   / __| |_   _|   /_\   | _ \ |_   _| | __| |   \ 
   | |   | _|  \__ \   | |     \__ \   | |    / _ \  |   /   | |   | _|  | |) |
   |_|   |___| |___/   |_|     |___/   |_|   /_/ \_\ |_|_\   |_|   |___| |___/ 

createMultipleStudents
--------------------------------------------------------------------------------
20:46:22.475 [CreateStudentsDataDrivenTest-1-thread-7] INFO   - 
  _____   ___   ___   _____     ___   _____     _     ___   _____   ___   ___  
 |_   _| | __| / __| |_   _|   / __| |_   _|   /_\   | _ \ |_   _| | __| |   \ 
   | |   | _|  \__ \   | |     \__ \   | |    / _ \  |   /   | |   | _|  | |) |
   |_|   |___| |___/   |_|     |___/   |_|   /_/ \_\ |_|_\   |_|   |___| |___/ 

createMultipleStudents[55]
--------------------------------------------------------------------------------
20:46:22.480 [CreateStudentsDataDrivenTest-1-thread-7] DEBUG n.t.core.steps.StepInterceptor - STARTING STEP: CreateStudentsDataDrivenTest.createMultipleStudents - Creating student with FirstName: {0}, LastName: {1}, Email: {2}, Programme: {3}, Courses: {4}
20:46:22.489 [CreateStudentsDataDrivenTest-1-thread-12] DEBUG org.apache.http.wire -  << "HTTP/1.1 500 [\r][\n]"
20:46:22.489 [CreateStudentsDataDrivenTest-1-thread-12] DEBUG org.apache.http.wire -  << "Content-Type: application/json;charset=UTF-8[\r][\n]"
20:46:22.489 [CreateStudentsDataDrivenTest-1-thread-12] DEBUG org.apache.http.wire -  << "Transfer-Encoding: chunked[\r][\n]"
20:46:22.489 [CreateStudentsDataDrivenTest-1-thread-12] DEBUG org.apache.http.wire -  << "Date: Thu, 23 Nov 2023 15:16:22 GMT[\r][\n]"
20:46:22.489 [CreateStudentsDataDrivenTest-1-thread-12] DEBUG org.apache.http.wire -  << "Connection: close[\r][\n]"
20:46:22.489 [CreateStudentsDataDrivenTest-1-thread-12] DEBUG org.apache.http.wire -  << "[\r][\n]"
20:46:22.489 [CreateStudentsDataDrivenTest-1-thread-12] DEBUG o.a.h.i.conn.DefaultClientConnection - Receiving response: HTTP/1.1 500 
20:46:22.489 [CreateStudentsDataDrivenTest-1-thread-12] DEBUG org.apache.http.headers - << HTTP/1.1 500 
20:46:22.489 [CreateStudentsDataDrivenTest-1-thread-12] DEBUG org.apache.http.headers - << Content-Type: application/json;charset=UTF-8
20:46:22.489 [CreateStudentsDataDrivenTest-1-thread-12] DEBUG org.apache.http.headers - << Transfer-Encoding: chunked
20:46:22.489 [CreateStudentsDataDrivenTest-1-thread-12] DEBUG org.apache.http.headers - << Date: Thu, 23 Nov 2023 15:16:22 GMT
20:46:22.489 [CreateStudentsDataDrivenTest-1-thread-12] DEBUG org.apache.http.headers - << Connection: close
20:46:22.489 [CreateStudentsDataDrivenTest-1-thread-12] DEBUG i.r.i.RequestSpecificationImpl$RestAssuredHttpBuilder - Parsing response as: application/json;charset=UTF-8
20:46:22.489 [CreateStudentsDataDrivenTest-1-thread-12] DEBUG i.r.i.RequestSpecificationImpl$RestAssuredHttpBuilder - Parsed data to instance of: class org.apache.http.conn.EofSensorInputStream
20:46:22.490 [CreateStudentsDataDrivenTest-1-thread-12] DEBUG org.apache.http.wire -  << "28[\r][\n]"
20:46:22.490 [CreateStudentsDataDrivenTest-1-thread-12] DEBUG org.apache.http.wire -  << "{"error":"Email address already exists"}"
20:46:22.490 [CreateStudentsDataDrivenTest-1-thread-12] DEBUG org.apache.http.wire -  << "[\r][\n]"
20:46:22.490 [CreateStudentsDataDrivenTest-1-thread-12] DEBUG org.apache.http.wire -  << "0[\r][\n]"
20:46:22.490 [CreateStudentsDataDrivenTest-1-thread-12] DEBUG org.apache.http.wire -  << "[\r][\n]"
20:46:22.490 [CreateStudentsDataDrivenTest-1-thread-12] DEBUG o.a.h.i.c.BasicClientConnectionManager - Releasing connection org.apache.http.impl.conn.ManagedClientConnectionImpl@76f642b2
20:46:22.491 [CreateStudentsDataDrivenTest-1-thread-12] DEBUG o.a.h.i.conn.DefaultClientConnection - Connection 0.0.0.0:54636<->127.0.0.1:8085 shut down
20:46:22.491 [CreateStudentsDataDrivenTest-1-thread-7] DEBUG o.a.h.i.c.BasicClientConnectionManager - Get connection for route {}->http://localhost:8085
20:46:22.491 [CreateStudentsDataDrivenTest-1-thread-7] DEBUG o.a.h.i.c.DefaultClientConnectionOperator - Connecting to localhost:8085
20:46:22.492 [CreateStudentsDataDrivenTest-1-thread-7] DEBUG o.a.h.c.protocol.RequestAddCookies - CookieSpec selected: ignoreCookies
20:46:22.492 [CreateStudentsDataDrivenTest-1-thread-7] DEBUG o.a.h.c.protocol.RequestAuthCache - Auth cache not set in the context
20:46:22.492 [CreateStudentsDataDrivenTest-1-thread-7] DEBUG o.a.h.c.p.RequestTargetAuthentication - Target auth state: UNCHALLENGED
20:46:22.492 [CreateStudentsDataDrivenTest-1-thread-7] DEBUG o.a.h.c.p.RequestProxyAuthentication - Proxy auth state: UNCHALLENGED
20:46:22.492 [CreateStudentsDataDrivenTest-1-thread-7] DEBUG o.a.h.impl.client.DefaultHttpClient - Attempt 1 to execute request
20:46:22.492 [CreateStudentsDataDrivenTest-1-thread-7] DEBUG o.a.h.i.conn.DefaultClientConnection - Sending request: POST /student HTTP/1.1
20:46:22.492 [CreateStudentsDataDrivenTest-1-thread-7] DEBUG org.apache.http.wire -  >> "POST /student HTTP/1.1[\r][\n]"
20:46:22.492 [CreateStudentsDataDrivenTest-1-thread-7] DEBUG org.apache.http.wire -  >> "Accept: */*[\r][\n]"
20:46:22.492 [CreateStudentsDataDrivenTest-1-thread-7] DEBUG org.apache.http.wire -  >> "Content-Type: application/json; charset=UTF-8[\r][\n]"
20:46:22.493 [CreateStudentsDataDrivenTest-1-thread-7] DEBUG org.apache.http.wire -  >> "Content-Length: 125[\r][\n]"
20:46:22.493 [CreateStudentsDataDrivenTest-1-thread-7] DEBUG org.apache.http.wire -  >> "Host: localhost:8085[\r][\n]"
20:46:22.493 [CreateStudentsDataDrivenTest-1-thread-7] DEBUG org.apache.http.wire -  >> "Connection: Keep-Alive[\r][\n]"
20:46:22.493 [CreateStudentsDataDrivenTest-1-thread-7] DEBUG org.apache.http.wire -  >> "User-Agent: Apache-HttpClient/4.5.13 (Java/11.0.20)[\r][\n]"
20:46:22.493 [CreateStudentsDataDrivenTest-1-thread-7] DEBUG org.apache.http.wire -  >> "Accept-Encoding: gzip,deflate[\r][\n]"
20:46:22.493 [CreateStudentsDataDrivenTest-1-thread-7] DEBUG org.apache.http.wire -  >> "[\r][\n]"
20:46:22.493 [CreateStudentsDataDrivenTest-1-thread-7] DEBUG org.apache.http.headers - >> POST /student HTTP/1.1
20:46:22.493 [CreateStudentsDataDrivenTest-1-thread-7] DEBUG org.apache.http.headers - >> Accept: */*
20:46:22.493 [CreateStudentsDataDrivenTest-1-thread-7] DEBUG org.apache.http.headers - >> Content-Type: application/json; charset=UTF-8
20:46:22.493 [CreateStudentsDataDrivenTest-1-thread-7] DEBUG org.apache.http.headers - >> Content-Length: 125
20:46:22.493 [CreateStudentsDataDrivenTest-1-thread-7] DEBUG org.apache.http.headers - >> Host: localhost:8085
20:46:22.493 [CreateStudentsDataDrivenTest-1-thread-7] DEBUG org.apache.http.headers - >> Connection: Keep-Alive
20:46:22.493 [CreateStudentsDataDrivenTest-1-thread-7] DEBUG org.apache.http.headers - >> User-Agent: Apache-HttpClient/4.5.13 (Java/11.0.20)
20:46:22.493 [CreateStudentsDataDrivenTest-1-thread-7] DEBUG org.apache.http.headers - >> Accept-Encoding: gzip,deflate
20:46:22.493 [CreateStudentsDataDrivenTest-1-thread-7] DEBUG org.apache.http.wire -  >> "{"id":0,"firstName":"Sumner","lastName":"Kildahl","email":"skildahl1j@msn.com","programme":"Electrical","courses":["python"]}"
20:46:22.495 [CreateStudentsDataDrivenTest-1-thread-12] DEBUG n.t.core.steps.StepInterceptor - STEP DONE: Creating student with FirstName: {0}, LastName: {1}, Email: {2}, Programme: {3}, Courses: {4}
]]></system-out>
  </testcase>
  <testcase name="createMultipleStudents" classname="com.studentapplication.junit.studentsinfo.CreateStudentsDataDrivenTest" time="0.673">
    <system-out><![CDATA[20:46:22.500 [CreateStudentsDataDrivenTest-1-thread-2] DEBUG org.apache.http.wire -  << "HTTP/1.1 500 [\r][\n]"
20:46:22.501 [CreateStudentsDataDrivenTest-1-thread-2] DEBUG org.apache.http.wire -  << "Content-Type: application/json;charset=UTF-8[\r][\n]"
20:46:22.501 [CreateStudentsDataDrivenTest-1-thread-2] DEBUG org.apache.http.wire -  << "Transfer-Encoding: chunked[\r][\n]"
20:46:22.501 [CreateStudentsDataDrivenTest-1-thread-2] DEBUG org.apache.http.wire -  << "Date: Thu, 23 Nov 2023 15:16:22 GMT[\r][\n]"
20:46:22.501 [CreateStudentsDataDrivenTest-1-thread-2] DEBUG org.apache.http.wire -  << "Connection: close[\r][\n]"
20:46:22.501 [CreateStudentsDataDrivenTest-1-thread-2] DEBUG org.apache.http.wire -  << "[\r][\n]"
20:46:22.500 [CreateStudentsDataDrivenTest-1-thread-14] DEBUG org.apache.http.wire -  << "HTTP/1.1 500 [\r][\n]"
20:46:22.501 [CreateStudentsDataDrivenTest-1-thread-2] DEBUG o.a.h.i.conn.DefaultClientConnection - Receiving response: HTTP/1.1 500 
20:46:22.501 [CreateStudentsDataDrivenTest-1-thread-2] DEBUG org.apache.http.headers - << HTTP/1.1 500 
20:46:22.501 [CreateStudentsDataDrivenTest-1-thread-14] DEBUG org.apache.http.wire -  << "Content-Type: application/json;charset=UTF-8[\r][\n]"
20:46:22.501 [CreateStudentsDataDrivenTest-1-thread-2] DEBUG org.apache.http.headers - << Content-Type: application/json;charset=UTF-8
20:46:22.501 [CreateStudentsDataDrivenTest-1-thread-14] DEBUG org.apache.http.wire -  << "Transfer-Encoding: chunked[\r][\n]"
20:46:22.501 [CreateStudentsDataDrivenTest-1-thread-2] DEBUG org.apache.http.headers - << Transfer-Encoding: chunked
20:46:22.501 [CreateStudentsDataDrivenTest-1-thread-14] DEBUG org.apache.http.wire -  << "Date: Thu, 23 Nov 2023 15:16:22 GMT[\r][\n]"
20:46:22.501 [CreateStudentsDataDrivenTest-1-thread-2] DEBUG org.apache.http.headers - << Date: Thu, 23 Nov 2023 15:16:22 GMT
20:46:22.501 [CreateStudentsDataDrivenTest-1-thread-14] DEBUG org.apache.http.wire -  << "Connection: close[\r][\n]"
20:46:22.501 [CreateStudentsDataDrivenTest-1-thread-2] DEBUG org.apache.http.headers - << Connection: close
20:46:22.501 [CreateStudentsDataDrivenTest-1-thread-14] DEBUG org.apache.http.wire -  << "[\r][\n]"
20:46:22.501 [CreateStudentsDataDrivenTest-1-thread-14] DEBUG o.a.h.i.conn.DefaultClientConnection - Receiving response: HTTP/1.1 500 
20:46:22.501 [CreateStudentsDataDrivenTest-1-thread-14] DEBUG org.apache.http.headers - << HTTP/1.1 500 
20:46:22.501 [CreateStudentsDataDrivenTest-1-thread-14] DEBUG org.apache.http.headers - << Content-Type: application/json;charset=UTF-8
20:46:22.501 [CreateStudentsDataDrivenTest-1-thread-14] DEBUG org.apache.http.headers - << Transfer-Encoding: chunked
20:46:22.501 [CreateStudentsDataDrivenTest-1-thread-14] DEBUG org.apache.http.headers - << Date: Thu, 23 Nov 2023 15:16:22 GMT
20:46:22.501 [CreateStudentsDataDrivenTest-1-thread-14] DEBUG org.apache.http.headers - << Connection: close
20:46:22.501 [CreateStudentsDataDrivenTest-1-thread-12] DEBUG n.thucydides.core.steps.StepEventBus - Test suite started for class com.studentapplication.junit.studentsinfo.CreateStudentsDataDrivenTest
20:46:22.502 [CreateStudentsDataDrivenTest-1-thread-12] INFO   - Test Suite Started: Create students data driven test
20:46:22.502 [CreateStudentsDataDrivenTest-1-thread-14] DEBUG i.r.i.RequestSpecificationImpl$RestAssuredHttpBuilder - Parsing response as: application/json;charset=UTF-8
20:46:22.502 [CreateStudentsDataDrivenTest-1-thread-14] DEBUG i.r.i.RequestSpecificationImpl$RestAssuredHttpBuilder - Parsed data to instance of: class org.apache.http.conn.EofSensorInputStream
20:46:22.502 [CreateStudentsDataDrivenTest-1-thread-12] DEBUG n.s.j.SerenityTestExecutionListener - Thread[CreateStudentsDataDrivenTest-1-thread-12,5,CreateStudentsDataDrivenTest-1] Test started TestIdentifier [uniqueId = [engine:junit-vintage]/[runner:com.studentapplication.junit.studentsinfo.CreateStudentsDataDrivenTest]/[test:com.studentapplication.junit.studentsinfo.CreateStudentsDataDrivenTest%5B56%5D]/[test:createMultipleStudents%5B56%5D(com.studentapplication.junit.studentsinfo.CreateStudentsDataDrivenTest)], parentId = [engine:junit-vintage]/[runner:com.studentapplication.junit.studentsinfo.CreateStudentsDataDrivenTest]/[test:com.studentapplication.junit.studentsinfo.CreateStudentsDataDrivenTest%5B56%5D], displayName = 'createMultipleStudents[56]', legacyReportingName = 'createMultipleStudents[56]', source = MethodSource [className = 'com.studentapplication.junit.studentsinfo.CreateStudentsDataDrivenTest', methodName = 'createMultipleStudents', methodParameterTypes = ''], tags = [], type = TEST]
20:46:22.502 [CreateStudentsDataDrivenTest-1-thread-2] DEBUG i.r.i.RequestSpecificationImpl$RestAssuredHttpBuilder - Parsing response as: application/json;charset=UTF-8
20:46:22.502 [CreateStudentsDataDrivenTest-1-thread-2] DEBUG i.r.i.RequestSpecificationImpl$RestAssuredHttpBuilder - Parsed data to instance of: class org.apache.http.conn.EofSensorInputStream
20:46:22.502 [CreateStudentsDataDrivenTest-1-thread-12] INFO   - 
  _____   ___   ___   _____     ___   _____     _     ___   _____   ___   ___  
 |_   _| | __| / __| |_   _|   / __| |_   _|   /_\   | _ \ |_   _| | __| |   \ 
   | |   | _|  \__ \   | |     \__ \   | |    / _ \  |   /   | |   | _|  | |) |
   |_|   |___| |___/   |_|     |___/   |_|   /_/ \_\ |_|_\   |_|   |___| |___/ 

createMultipleStudents
--------------------------------------------------------------------------------
20:46:22.503 [CreateStudentsDataDrivenTest-1-thread-2] DEBUG org.apache.http.wire -  << "28[\r][\n]"
20:46:22.503 [CreateStudentsDataDrivenTest-1-thread-2] DEBUG org.apache.http.wire -  << "{"error":"Email address already exists"}"
20:46:22.503 [CreateStudentsDataDrivenTest-1-thread-2] DEBUG org.apache.http.wire -  << "[\r][\n]"
20:46:22.503 [CreateStudentsDataDrivenTest-1-thread-14] DEBUG org.apache.http.wire -  << "28[\r][\n]"
20:46:22.503 [CreateStudentsDataDrivenTest-1-thread-14] DEBUG org.apache.http.wire -  << "{"error":"Email address already exists"}"
20:46:22.503 [CreateStudentsDataDrivenTest-1-thread-14] DEBUG org.apache.http.wire -  << "[\r][\n]"
20:46:22.503 [CreateStudentsDataDrivenTest-1-thread-12] INFO   - 
  _____   ___   ___   _____     ___   _____     _     ___   _____   ___   ___  
 |_   _| | __| / __| |_   _|   / __| |_   _|   /_\   | _ \ |_   _| | __| |   \ 
   | |   | _|  \__ \   | |     \__ \   | |    / _ \  |   /   | |   | _|  | |) |
   |_|   |___| |___/   |_|     |___/   |_|   /_/ \_\ |_|_\   |_|   |___| |___/ 

createMultipleStudents[56]
--------------------------------------------------------------------------------
20:46:22.509 [CreateStudentsDataDrivenTest-1-thread-12] DEBUG n.t.core.steps.StepInterceptor - STARTING STEP: CreateStudentsDataDrivenTest.createMultipleStudents - Creating student with FirstName: {0}, LastName: {1}, Email: {2}, Programme: {3}, Courses: {4}
20:46:22.510 [CreateStudentsDataDrivenTest-1-thread-14] DEBUG org.apache.http.wire -  << "0[\r][\n]"
20:46:22.510 [CreateStudentsDataDrivenTest-1-thread-14] DEBUG org.apache.http.wire -  << "[\r][\n]"
20:46:22.510 [CreateStudentsDataDrivenTest-1-thread-14] DEBUG o.a.h.i.c.BasicClientConnectionManager - Releasing connection org.apache.http.impl.conn.ManagedClientConnectionImpl@4c058e39
20:46:22.510 [CreateStudentsDataDrivenTest-1-thread-14] DEBUG o.a.h.i.conn.DefaultClientConnection - Connection 0.0.0.0:54646<->127.0.0.1:8085 shut down
20:46:22.516 [CreateStudentsDataDrivenTest-1-thread-14] DEBUG n.t.core.steps.StepInterceptor - STEP DONE: Creating student with FirstName: {0}, LastName: {1}, Email: {2}, Programme: {3}, Courses: {4}
]]></system-out>
  </testcase>
  <testcase name="createMultipleStudents" classname="com.studentapplication.junit.studentsinfo.CreateStudentsDataDrivenTest" time="0.638">
    <system-out><![CDATA[20:46:22.522 [CreateStudentsDataDrivenTest-1-thread-12] DEBUG o.a.h.i.c.BasicClientConnectionManager - Get connection for route {}->http://localhost:8085
20:46:22.524 [CreateStudentsDataDrivenTest-1-thread-12] DEBUG o.a.h.i.c.DefaultClientConnectionOperator - Connecting to localhost:8085
20:46:22.523 [CreateStudentsDataDrivenTest-1-thread-14] DEBUG n.thucydides.core.steps.StepEventBus - Test suite started for class com.studentapplication.junit.studentsinfo.CreateStudentsDataDrivenTest
20:46:22.524 [CreateStudentsDataDrivenTest-1-thread-14] INFO   - Test Suite Started: Create students data driven test
20:46:22.533 [CreateStudentsDataDrivenTest-1-thread-14] DEBUG n.s.j.SerenityTestExecutionListener - Thread[CreateStudentsDataDrivenTest-1-thread-14,5,CreateStudentsDataDrivenTest-1] Test started TestIdentifier [uniqueId = [engine:junit-vintage]/[runner:com.studentapplication.junit.studentsinfo.CreateStudentsDataDrivenTest]/[test:com.studentapplication.junit.studentsinfo.CreateStudentsDataDrivenTest%5B57%5D]/[test:createMultipleStudents%5B57%5D(com.studentapplication.junit.studentsinfo.CreateStudentsDataDrivenTest)], parentId = [engine:junit-vintage]/[runner:com.studentapplication.junit.studentsinfo.CreateStudentsDataDrivenTest]/[test:com.studentapplication.junit.studentsinfo.CreateStudentsDataDrivenTest%5B57%5D], displayName = 'createMultipleStudents[57]', legacyReportingName = 'createMultipleStudents[57]', source = MethodSource [className = 'com.studentapplication.junit.studentsinfo.CreateStudentsDataDrivenTest', methodName = 'createMultipleStudents', methodParameterTypes = ''], tags = [], type = TEST]
20:46:22.533 [CreateStudentsDataDrivenTest-1-thread-14] INFO   - 
  _____   ___   ___   _____     ___   _____     _     ___   _____   ___   ___  
 |_   _| | __| / __| |_   _|   / __| |_   _|   /_\   | _ \ |_   _| | __| |   \ 
   | |   | _|  \__ \   | |     \__ \   | |    / _ \  |   /   | |   | _|  | |) |
   |_|   |___| |___/   |_|     |___/   |_|   /_/ \_\ |_|_\   |_|   |___| |___/ 

createMultipleStudents
--------------------------------------------------------------------------------
20:46:22.533 [CreateStudentsDataDrivenTest-1-thread-12] DEBUG o.a.h.c.protocol.RequestAddCookies - CookieSpec selected: ignoreCookies
20:46:22.534 [CreateStudentsDataDrivenTest-1-thread-12] DEBUG o.a.h.c.protocol.RequestAuthCache - Auth cache not set in the context
20:46:22.534 [CreateStudentsDataDrivenTest-1-thread-12] DEBUG o.a.h.c.p.RequestTargetAuthentication - Target auth state: UNCHALLENGED
20:46:22.534 [CreateStudentsDataDrivenTest-1-thread-14] INFO   - 
  _____   ___   ___   _____     ___   _____     _     ___   _____   ___   ___  
 |_   _| | __| / __| |_   _|   / __| |_   _|   /_\   | _ \ |_   _| | __| |   \ 
   | |   | _|  \__ \   | |     \__ \   | |    / _ \  |   /   | |   | _|  | |) |
   |_|   |___| |___/   |_|     |___/   |_|   /_/ \_\ |_|_\   |_|   |___| |___/ 

createMultipleStudents[57]
--------------------------------------------------------------------------------
20:46:22.535 [CreateStudentsDataDrivenTest-1-thread-12] DEBUG o.a.h.c.p.RequestProxyAuthentication - Proxy auth state: UNCHALLENGED
20:46:22.535 [CreateStudentsDataDrivenTest-1-thread-12] DEBUG o.a.h.impl.client.DefaultHttpClient - Attempt 1 to execute request
20:46:22.535 [CreateStudentsDataDrivenTest-1-thread-12] DEBUG o.a.h.i.conn.DefaultClientConnection - Sending request: POST /student HTTP/1.1
20:46:22.535 [CreateStudentsDataDrivenTest-1-thread-12] DEBUG org.apache.http.wire -  >> "POST /student HTTP/1.1[\r][\n]"
20:46:22.535 [CreateStudentsDataDrivenTest-1-thread-12] DEBUG org.apache.http.wire -  >> "Accept: */*[\r][\n]"
20:46:22.535 [CreateStudentsDataDrivenTest-1-thread-12] DEBUG org.apache.http.wire -  >> "Content-Type: application/json; charset=UTF-8[\r][\n]"
20:46:22.535 [CreateStudentsDataDrivenTest-1-thread-12] DEBUG org.apache.http.wire -  >> "Content-Length: 129[\r][\n]"
20:46:22.535 [CreateStudentsDataDrivenTest-1-thread-12] DEBUG org.apache.http.wire -  >> "Host: localhost:8085[\r][\n]"
20:46:22.535 [CreateStudentsDataDrivenTest-1-thread-12] DEBUG org.apache.http.wire -  >> "Connection: Keep-Alive[\r][\n]"
20:46:22.535 [CreateStudentsDataDrivenTest-1-thread-12] DEBUG org.apache.http.wire -  >> "User-Agent: Apache-HttpClient/4.5.13 (Java/11.0.20)[\r][\n]"
20:46:22.535 [CreateStudentsDataDrivenTest-1-thread-12] DEBUG org.apache.http.wire -  >> "Accept-Encoding: gzip,deflate[\r][\n]"
20:46:22.535 [CreateStudentsDataDrivenTest-1-thread-12] DEBUG org.apache.http.wire -  >> "[\r][\n]"
20:46:22.535 [CreateStudentsDataDrivenTest-1-thread-12] DEBUG org.apache.http.headers - >> POST /student HTTP/1.1
20:46:22.535 [CreateStudentsDataDrivenTest-1-thread-12] DEBUG org.apache.http.headers - >> Accept: */*
20:46:22.535 [CreateStudentsDataDrivenTest-1-thread-12] DEBUG org.apache.http.headers - >> Content-Type: application/json; charset=UTF-8
20:46:22.535 [CreateStudentsDataDrivenTest-1-thread-12] DEBUG org.apache.http.headers - >> Content-Length: 129
20:46:22.535 [CreateStudentsDataDrivenTest-1-thread-12] DEBUG org.apache.http.headers - >> Host: localhost:8085
20:46:22.535 [CreateStudentsDataDrivenTest-1-thread-12] DEBUG org.apache.http.headers - >> Connection: Keep-Alive
20:46:22.535 [CreateStudentsDataDrivenTest-1-thread-12] DEBUG org.apache.http.headers - >> User-Agent: Apache-HttpClient/4.5.13 (Java/11.0.20)
20:46:22.535 [CreateStudentsDataDrivenTest-1-thread-12] DEBUG org.apache.http.headers - >> Accept-Encoding: gzip,deflate
20:46:22.535 [CreateStudentsDataDrivenTest-1-thread-12] DEBUG org.apache.http.wire -  >> "{"id":0,"firstName":"Riordan","lastName":"Doud","email":"rdoud1k@uol.com.br","programme":"Computer Science","courses":["python"]}"
20:46:22.549 [CreateStudentsDataDrivenTest-1-thread-14] DEBUG n.t.core.steps.StepInterceptor - STARTING STEP: CreateStudentsDataDrivenTest.createMultipleStudents - Creating student with FirstName: {0}, LastName: {1}, Email: {2}, Programme: {3}, Courses: {4}
20:46:22.565 [CreateStudentsDataDrivenTest-1-thread-14] DEBUG o.a.h.i.c.BasicClientConnectionManager - Get connection for route {}->http://localhost:8085
20:46:22.565 [CreateStudentsDataDrivenTest-1-thread-14] DEBUG o.a.h.i.c.DefaultClientConnectionOperator - Connecting to localhost:8085
20:46:22.566 [CreateStudentsDataDrivenTest-1-thread-14] DEBUG o.a.h.c.protocol.RequestAddCookies - CookieSpec selected: ignoreCookies
20:46:22.566 [CreateStudentsDataDrivenTest-1-thread-14] DEBUG o.a.h.c.protocol.RequestAuthCache - Auth cache not set in the context
20:46:22.566 [CreateStudentsDataDrivenTest-1-thread-14] DEBUG o.a.h.c.p.RequestTargetAuthentication - Target auth state: UNCHALLENGED
20:46:22.566 [CreateStudentsDataDrivenTest-1-thread-14] DEBUG o.a.h.c.p.RequestProxyAuthentication - Proxy auth state: UNCHALLENGED
20:46:22.566 [CreateStudentsDataDrivenTest-1-thread-14] DEBUG o.a.h.impl.client.DefaultHttpClient - Attempt 1 to execute request
20:46:22.566 [CreateStudentsDataDrivenTest-1-thread-14] DEBUG o.a.h.i.conn.DefaultClientConnection - Sending request: POST /student HTTP/1.1
20:46:22.566 [CreateStudentsDataDrivenTest-1-thread-14] DEBUG org.apache.http.wire -  >> "POST /student HTTP/1.1[\r][\n]"
20:46:22.566 [CreateStudentsDataDrivenTest-1-thread-14] DEBUG org.apache.http.wire -  >> "Accept: */*[\r][\n]"
20:46:22.566 [CreateStudentsDataDrivenTest-1-thread-14] DEBUG org.apache.http.wire -  >> "Content-Type: application/json; charset=UTF-8[\r][\n]"
20:46:22.566 [CreateStudentsDataDrivenTest-1-thread-14] DEBUG org.apache.http.wire -  >> "Content-Length: 127[\r][\n]"
20:46:22.566 [CreateStudentsDataDrivenTest-1-thread-14] DEBUG org.apache.http.wire -  >> "Host: localhost:8085[\r][\n]"
20:46:22.566 [CreateStudentsDataDrivenTest-1-thread-14] DEBUG org.apache.http.wire -  >> "Connection: Keep-Alive[\r][\n]"
20:46:22.566 [CreateStudentsDataDrivenTest-1-thread-14] DEBUG org.apache.http.wire -  >> "User-Agent: Apache-HttpClient/4.5.13 (Java/11.0.20)[\r][\n]"
20:46:22.566 [CreateStudentsDataDrivenTest-1-thread-14] DEBUG org.apache.http.wire -  >> "Accept-Encoding: gzip,deflate[\r][\n]"
20:46:22.566 [CreateStudentsDataDrivenTest-1-thread-14] DEBUG org.apache.http.wire -  >> "[\r][\n]"
20:46:22.566 [CreateStudentsDataDrivenTest-1-thread-14] DEBUG org.apache.http.headers - >> POST /student HTTP/1.1
20:46:22.566 [CreateStudentsDataDrivenTest-1-thread-14] DEBUG org.apache.http.headers - >> Accept: */*
20:46:22.566 [CreateStudentsDataDrivenTest-1-thread-14] DEBUG org.apache.http.headers - >> Content-Type: application/json; charset=UTF-8
20:46:22.566 [CreateStudentsDataDrivenTest-1-thread-14] DEBUG org.apache.http.headers - >> Content-Length: 127
20:46:22.566 [CreateStudentsDataDrivenTest-1-thread-14] DEBUG org.apache.http.headers - >> Host: localhost:8085
20:46:22.566 [CreateStudentsDataDrivenTest-1-thread-14] DEBUG org.apache.http.headers - >> Connection: Keep-Alive
20:46:22.566 [CreateStudentsDataDrivenTest-1-thread-14] DEBUG org.apache.http.headers - >> User-Agent: Apache-HttpClient/4.5.13 (Java/11.0.20)
20:46:22.566 [CreateStudentsDataDrivenTest-1-thread-14] DEBUG org.apache.http.headers - >> Accept-Encoding: gzip,deflate
20:46:22.566 [CreateStudentsDataDrivenTest-1-thread-14] DEBUG org.apache.http.wire -  >> "{"id":0,"firstName":"Elianore","lastName":"Quare","email":"equare1l@berkeley.edu","programme":"Mechanical","courses":["scala"]}"
20:46:22.583 [CreateStudentsDataDrivenTest-1-thread-2] DEBUG org.apache.http.wire -  << "0[\r][\n]"
20:46:22.583 [CreateStudentsDataDrivenTest-1-thread-2] DEBUG org.apache.http.wire -  << "[\r][\n]"
20:46:22.583 [CreateStudentsDataDrivenTest-1-thread-2] DEBUG o.a.h.i.c.BasicClientConnectionManager - Releasing connection org.apache.http.impl.conn.ManagedClientConnectionImpl@2ebe372f
20:46:22.584 [CreateStudentsDataDrivenTest-1-thread-2] DEBUG o.a.h.i.conn.DefaultClientConnection - Connection 0.0.0.0:54650<->127.0.0.1:8085 shut down
20:46:22.592 [CreateStudentsDataDrivenTest-1-thread-2] DEBUG n.t.core.steps.StepInterceptor - STEP DONE: Creating student with FirstName: {0}, LastName: {1}, Email: {2}, Programme: {3}, Courses: {4}
]]></system-out>
  </testcase>
  <testcase name="createMultipleStudents" classname="com.studentapplication.junit.studentsinfo.CreateStudentsDataDrivenTest" time="0.307">
    <system-out><![CDATA[20:46:22.600 [CreateStudentsDataDrivenTest-1-thread-2] DEBUG n.thucydides.core.steps.StepEventBus - Test suite started for class com.studentapplication.junit.studentsinfo.CreateStudentsDataDrivenTest
20:46:22.600 [CreateStudentsDataDrivenTest-1-thread-2] INFO   - Test Suite Started: Create students data driven test
20:46:22.600 [CreateStudentsDataDrivenTest-1-thread-2] DEBUG n.s.j.SerenityTestExecutionListener - Thread[CreateStudentsDataDrivenTest-1-thread-2,5,CreateStudentsDataDrivenTest-1] Test started TestIdentifier [uniqueId = [engine:junit-vintage]/[runner:com.studentapplication.junit.studentsinfo.CreateStudentsDataDrivenTest]/[test:com.studentapplication.junit.studentsinfo.CreateStudentsDataDrivenTest%5B58%5D]/[test:createMultipleStudents%5B58%5D(com.studentapplication.junit.studentsinfo.CreateStudentsDataDrivenTest)], parentId = [engine:junit-vintage]/[runner:com.studentapplication.junit.studentsinfo.CreateStudentsDataDrivenTest]/[test:com.studentapplication.junit.studentsinfo.CreateStudentsDataDrivenTest%5B58%5D], displayName = 'createMultipleStudents[58]', legacyReportingName = 'createMultipleStudents[58]', source = MethodSource [className = 'com.studentapplication.junit.studentsinfo.CreateStudentsDataDrivenTest', methodName = 'createMultipleStudents', methodParameterTypes = ''], tags = [], type = TEST]
20:46:22.600 [CreateStudentsDataDrivenTest-1-thread-2] INFO   - 
  _____   ___   ___   _____     ___   _____     _     ___   _____   ___   ___  
 |_   _| | __| / __| |_   _|   / __| |_   _|   /_\   | _ \ |_   _| | __| |   \ 
   | |   | _|  \__ \   | |     \__ \   | |    / _ \  |   /   | |   | _|  | |) |
   |_|   |___| |___/   |_|     |___/   |_|   /_/ \_\ |_|_\   |_|   |___| |___/ 

createMultipleStudents
--------------------------------------------------------------------------------
20:46:22.601 [CreateStudentsDataDrivenTest-1-thread-2] INFO   - 
  _____   ___   ___   _____     ___   _____     _     ___   _____   ___   ___  
 |_   _| | __| / __| |_   _|   / __| |_   _|   /_\   | _ \ |_   _| | __| |   \ 
   | |   | _|  \__ \   | |     \__ \   | |    / _ \  |   /   | |   | _|  | |) |
   |_|   |___| |___/   |_|     |___/   |_|   /_/ \_\ |_|_\   |_|   |___| |___/ 

createMultipleStudents[58]
--------------------------------------------------------------------------------
20:46:22.607 [CreateStudentsDataDrivenTest-1-thread-2] DEBUG n.t.core.steps.StepInterceptor - STARTING STEP: CreateStudentsDataDrivenTest.createMultipleStudents - Creating student with FirstName: {0}, LastName: {1}, Email: {2}, Programme: {3}, Courses: {4}
20:46:22.615 [CreateStudentsDataDrivenTest-1-thread-2] DEBUG o.a.h.i.c.BasicClientConnectionManager - Get connection for route {}->http://localhost:8085
20:46:22.615 [CreateStudentsDataDrivenTest-1-thread-2] DEBUG o.a.h.i.c.DefaultClientConnectionOperator - Connecting to localhost:8085
20:46:22.616 [CreateStudentsDataDrivenTest-1-thread-2] DEBUG o.a.h.c.protocol.RequestAddCookies - CookieSpec selected: ignoreCookies
20:46:22.616 [CreateStudentsDataDrivenTest-1-thread-2] DEBUG o.a.h.c.protocol.RequestAuthCache - Auth cache not set in the context
20:46:22.616 [CreateStudentsDataDrivenTest-1-thread-2] DEBUG o.a.h.c.p.RequestTargetAuthentication - Target auth state: UNCHALLENGED
20:46:22.616 [CreateStudentsDataDrivenTest-1-thread-2] DEBUG o.a.h.c.p.RequestProxyAuthentication - Proxy auth state: UNCHALLENGED
20:46:22.616 [CreateStudentsDataDrivenTest-1-thread-2] DEBUG o.a.h.impl.client.DefaultHttpClient - Attempt 1 to execute request
20:46:22.616 [CreateStudentsDataDrivenTest-1-thread-2] DEBUG o.a.h.i.conn.DefaultClientConnection - Sending request: POST /student HTTP/1.1
20:46:22.616 [CreateStudentsDataDrivenTest-1-thread-2] DEBUG org.apache.http.wire -  >> "POST /student HTTP/1.1[\r][\n]"
20:46:22.616 [CreateStudentsDataDrivenTest-1-thread-2] DEBUG org.apache.http.wire -  >> "Accept: */*[\r][\n]"
20:46:22.616 [CreateStudentsDataDrivenTest-1-thread-2] DEBUG org.apache.http.wire -  >> "Content-Type: application/json; charset=UTF-8[\r][\n]"
20:46:22.616 [CreateStudentsDataDrivenTest-1-thread-2] DEBUG org.apache.http.wire -  >> "Content-Length: 125[\r][\n]"
20:46:22.616 [CreateStudentsDataDrivenTest-1-thread-2] DEBUG org.apache.http.wire -  >> "Host: localhost:8085[\r][\n]"
20:46:22.616 [CreateStudentsDataDrivenTest-1-thread-2] DEBUG org.apache.http.wire -  >> "Connection: Keep-Alive[\r][\n]"
20:46:22.616 [CreateStudentsDataDrivenTest-1-thread-2] DEBUG org.apache.http.wire -  >> "User-Agent: Apache-HttpClient/4.5.13 (Java/11.0.20)[\r][\n]"
20:46:22.616 [CreateStudentsDataDrivenTest-1-thread-2] DEBUG org.apache.http.wire -  >> "Accept-Encoding: gzip,deflate[\r][\n]"
20:46:22.616 [CreateStudentsDataDrivenTest-1-thread-2] DEBUG org.apache.http.wire -  >> "[\r][\n]"
20:46:22.616 [CreateStudentsDataDrivenTest-1-thread-2] DEBUG org.apache.http.headers - >> POST /student HTTP/1.1
20:46:22.616 [CreateStudentsDataDrivenTest-1-thread-2] DEBUG org.apache.http.headers - >> Accept: */*
20:46:22.616 [CreateStudentsDataDrivenTest-1-thread-2] DEBUG org.apache.http.headers - >> Content-Type: application/json; charset=UTF-8
20:46:22.616 [CreateStudentsDataDrivenTest-1-thread-2] DEBUG org.apache.http.headers - >> Content-Length: 125
20:46:22.616 [CreateStudentsDataDrivenTest-1-thread-2] DEBUG org.apache.http.headers - >> Host: localhost:8085
20:46:22.616 [CreateStudentsDataDrivenTest-1-thread-2] DEBUG org.apache.http.headers - >> Connection: Keep-Alive
20:46:22.616 [CreateStudentsDataDrivenTest-1-thread-2] DEBUG org.apache.http.headers - >> User-Agent: Apache-HttpClient/4.5.13 (Java/11.0.20)
20:46:22.616 [CreateStudentsDataDrivenTest-1-thread-2] DEBUG org.apache.http.headers - >> Accept-Encoding: gzip,deflate
20:46:22.616 [CreateStudentsDataDrivenTest-1-thread-2] DEBUG org.apache.http.wire -  >> "{"id":0,"firstName":"Shanan","lastName":"McHale","email":"smchale1m@senate.gov","programme":"Mechanical","courses":["scala"]}"
20:46:22.621 [CreateStudentsDataDrivenTest-1-thread-6] DEBUG org.apache.http.wire -  << "HTTP/1.1 500 [\r][\n]"
20:46:22.621 [CreateStudentsDataDrivenTest-1-thread-6] DEBUG org.apache.http.wire -  << "Content-Type: application/json;charset=UTF-8[\r][\n]"
20:46:22.621 [CreateStudentsDataDrivenTest-1-thread-6] DEBUG org.apache.http.wire -  << "Transfer-Encoding: chunked[\r][\n]"
20:46:22.621 [CreateStudentsDataDrivenTest-1-thread-6] DEBUG org.apache.http.wire -  << "Date: Thu, 23 Nov 2023 15:16:22 GMT[\r][\n]"
20:46:22.621 [CreateStudentsDataDrivenTest-1-thread-6] DEBUG org.apache.http.wire -  << "Connection: close[\r][\n]"
20:46:22.621 [CreateStudentsDataDrivenTest-1-thread-6] DEBUG org.apache.http.wire -  << "[\r][\n]"
20:46:22.621 [CreateStudentsDataDrivenTest-1-thread-6] DEBUG o.a.h.i.conn.DefaultClientConnection - Receiving response: HTTP/1.1 500 
20:46:22.621 [CreateStudentsDataDrivenTest-1-thread-6] DEBUG org.apache.http.headers - << HTTP/1.1 500 
20:46:22.621 [CreateStudentsDataDrivenTest-1-thread-6] DEBUG org.apache.http.headers - << Content-Type: application/json;charset=UTF-8
20:46:22.621 [CreateStudentsDataDrivenTest-1-thread-6] DEBUG org.apache.http.headers - << Transfer-Encoding: chunked
20:46:22.621 [CreateStudentsDataDrivenTest-1-thread-6] DEBUG org.apache.http.headers - << Date: Thu, 23 Nov 2023 15:16:22 GMT
20:46:22.621 [CreateStudentsDataDrivenTest-1-thread-6] DEBUG org.apache.http.headers - << Connection: close
20:46:22.622 [CreateStudentsDataDrivenTest-1-thread-6] DEBUG i.r.i.RequestSpecificationImpl$RestAssuredHttpBuilder - Parsing response as: application/json;charset=UTF-8
20:46:22.622 [CreateStudentsDataDrivenTest-1-thread-6] DEBUG i.r.i.RequestSpecificationImpl$RestAssuredHttpBuilder - Parsed data to instance of: class org.apache.http.conn.EofSensorInputStream
20:46:22.623 [CreateStudentsDataDrivenTest-1-thread-6] DEBUG org.apache.http.wire -  << "28[\r][\n]"
20:46:22.623 [CreateStudentsDataDrivenTest-1-thread-6] DEBUG org.apache.http.wire -  << "{"error":"Email address already exists"}"
20:46:22.623 [CreateStudentsDataDrivenTest-1-thread-6] DEBUG org.apache.http.wire -  << "[\r][\n]"
20:46:22.623 [CreateStudentsDataDrivenTest-1-thread-7] DEBUG org.apache.http.wire -  << "HTTP/1.1 500 [\r][\n]"
20:46:22.623 [CreateStudentsDataDrivenTest-1-thread-7] DEBUG org.apache.http.wire -  << "Content-Type: application/json;charset=UTF-8[\r][\n]"
20:46:22.623 [CreateStudentsDataDrivenTest-1-thread-7] DEBUG org.apache.http.wire -  << "Transfer-Encoding: chunked[\r][\n]"
20:46:22.623 [CreateStudentsDataDrivenTest-1-thread-7] DEBUG org.apache.http.wire -  << "Date: Thu, 23 Nov 2023 15:16:22 GMT[\r][\n]"
20:46:22.623 [CreateStudentsDataDrivenTest-1-thread-7] DEBUG org.apache.http.wire -  << "Connection: close[\r][\n]"
20:46:22.623 [CreateStudentsDataDrivenTest-1-thread-7] DEBUG org.apache.http.wire -  << "[\r][\n]"
20:46:22.623 [CreateStudentsDataDrivenTest-1-thread-7] DEBUG o.a.h.i.conn.DefaultClientConnection - Receiving response: HTTP/1.1 500 
20:46:22.623 [CreateStudentsDataDrivenTest-1-thread-7] DEBUG org.apache.http.headers - << HTTP/1.1 500 
20:46:22.624 [CreateStudentsDataDrivenTest-1-thread-7] DEBUG org.apache.http.headers - << Content-Type: application/json;charset=UTF-8
20:46:22.624 [CreateStudentsDataDrivenTest-1-thread-7] DEBUG org.apache.http.headers - << Transfer-Encoding: chunked
20:46:22.624 [CreateStudentsDataDrivenTest-1-thread-7] DEBUG org.apache.http.headers - << Date: Thu, 23 Nov 2023 15:16:22 GMT
20:46:22.624 [CreateStudentsDataDrivenTest-1-thread-7] DEBUG org.apache.http.headers - << Connection: close
20:46:22.624 [CreateStudentsDataDrivenTest-1-thread-7] DEBUG i.r.i.RequestSpecificationImpl$RestAssuredHttpBuilder - Parsing response as: application/json;charset=UTF-8
20:46:22.624 [CreateStudentsDataDrivenTest-1-thread-7] DEBUG i.r.i.RequestSpecificationImpl$RestAssuredHttpBuilder - Parsed data to instance of: class org.apache.http.conn.EofSensorInputStream
20:46:22.625 [CreateStudentsDataDrivenTest-1-thread-7] DEBUG org.apache.http.wire -  << "28[\r][\n]"
20:46:22.625 [CreateStudentsDataDrivenTest-1-thread-7] DEBUG org.apache.http.wire -  << "{"error":"Email address already exists"}"
20:46:22.625 [CreateStudentsDataDrivenTest-1-thread-7] DEBUG org.apache.http.wire -  << "[\r][\n]"
20:46:22.625 [CreateStudentsDataDrivenTest-1-thread-5] DEBUG org.apache.http.wire -  << "HTTP/1.1 500 [\r][\n]"
20:46:22.625 [CreateStudentsDataDrivenTest-1-thread-5] DEBUG org.apache.http.wire -  << "Content-Type: application/json;charset=UTF-8[\r][\n]"
20:46:22.625 [CreateStudentsDataDrivenTest-1-thread-5] DEBUG org.apache.http.wire -  << "Transfer-Encoding: chunked[\r][\n]"
20:46:22.625 [CreateStudentsDataDrivenTest-1-thread-5] DEBUG org.apache.http.wire -  << "Date: Thu, 23 Nov 2023 15:16:22 GMT[\r][\n]"
20:46:22.625 [CreateStudentsDataDrivenTest-1-thread-5] DEBUG org.apache.http.wire -  << "Connection: close[\r][\n]"
20:46:22.625 [CreateStudentsDataDrivenTest-1-thread-5] DEBUG org.apache.http.wire -  << "[\r][\n]"
20:46:22.625 [CreateStudentsDataDrivenTest-1-thread-5] DEBUG o.a.h.i.conn.DefaultClientConnection - Receiving response: HTTP/1.1 500 
20:46:22.625 [CreateStudentsDataDrivenTest-1-thread-5] DEBUG org.apache.http.headers - << HTTP/1.1 500 
20:46:22.625 [CreateStudentsDataDrivenTest-1-thread-5] DEBUG org.apache.http.headers - << Content-Type: application/json;charset=UTF-8
20:46:22.625 [CreateStudentsDataDrivenTest-1-thread-5] DEBUG org.apache.http.headers - << Transfer-Encoding: chunked
20:46:22.625 [CreateStudentsDataDrivenTest-1-thread-5] DEBUG org.apache.http.headers - << Date: Thu, 23 Nov 2023 15:16:22 GMT
20:46:22.625 [CreateStudentsDataDrivenTest-1-thread-5] DEBUG org.apache.http.headers - << Connection: close
20:46:22.626 [CreateStudentsDataDrivenTest-1-thread-5] DEBUG i.r.i.RequestSpecificationImpl$RestAssuredHttpBuilder - Parsing response as: application/json;charset=UTF-8
20:46:22.626 [CreateStudentsDataDrivenTest-1-thread-5] DEBUG i.r.i.RequestSpecificationImpl$RestAssuredHttpBuilder - Parsed data to instance of: class org.apache.http.conn.EofSensorInputStream
20:46:22.629 [CreateStudentsDataDrivenTest-1-thread-5] DEBUG org.apache.http.wire -  << "28[\r][\n]"
20:46:22.629 [CreateStudentsDataDrivenTest-1-thread-5] DEBUG org.apache.http.wire -  << "{"error":"Email address already exists"}"
20:46:22.629 [CreateStudentsDataDrivenTest-1-thread-5] DEBUG org.apache.http.wire -  << "[\r][\n]"
20:46:22.629 [CreateStudentsDataDrivenTest-1-thread-5] DEBUG org.apache.http.wire -  << "0[\r][\n]"
20:46:22.629 [CreateStudentsDataDrivenTest-1-thread-5] DEBUG org.apache.http.wire -  << "[\r][\n]"
20:46:22.629 [CreateStudentsDataDrivenTest-1-thread-5] DEBUG o.a.h.i.c.BasicClientConnectionManager - Releasing connection org.apache.http.impl.conn.ManagedClientConnectionImpl@73bd0a31
20:46:22.629 [CreateStudentsDataDrivenTest-1-thread-5] DEBUG o.a.h.i.conn.DefaultClientConnection - Connection 0.0.0.0:54654<->127.0.0.1:8085 shut down
20:46:22.634 [CreateStudentsDataDrivenTest-1-thread-5] DEBUG n.t.core.steps.StepInterceptor - STEP DONE: Creating student with FirstName: {0}, LastName: {1}, Email: {2}, Programme: {3}, Courses: {4}
]]></system-out>
  </testcase>
  <testcase name="createMultipleStudents" classname="com.studentapplication.junit.studentsinfo.CreateStudentsDataDrivenTest" time="0.59">
    <system-out><![CDATA[20:46:22.644 [CreateStudentsDataDrivenTest-1-thread-5] DEBUG n.thucydides.core.steps.StepEventBus - Test suite started for class com.studentapplication.junit.studentsinfo.CreateStudentsDataDrivenTest
20:46:22.644 [CreateStudentsDataDrivenTest-1-thread-5] INFO   - Test Suite Started: Create students data driven test
20:46:22.644 [CreateStudentsDataDrivenTest-1-thread-5] DEBUG n.s.j.SerenityTestExecutionListener - Thread[CreateStudentsDataDrivenTest-1-thread-5,5,CreateStudentsDataDrivenTest-1] Test started TestIdentifier [uniqueId = [engine:junit-vintage]/[runner:com.studentapplication.junit.studentsinfo.CreateStudentsDataDrivenTest]/[test:com.studentapplication.junit.studentsinfo.CreateStudentsDataDrivenTest%5B59%5D]/[test:createMultipleStudents%5B59%5D(com.studentapplication.junit.studentsinfo.CreateStudentsDataDrivenTest)], parentId = [engine:junit-vintage]/[runner:com.studentapplication.junit.studentsinfo.CreateStudentsDataDrivenTest]/[test:com.studentapplication.junit.studentsinfo.CreateStudentsDataDrivenTest%5B59%5D], displayName = 'createMultipleStudents[59]', legacyReportingName = 'createMultipleStudents[59]', source = MethodSource [className = 'com.studentapplication.junit.studentsinfo.CreateStudentsDataDrivenTest', methodName = 'createMultipleStudents', methodParameterTypes = ''], tags = [], type = TEST]
20:46:22.644 [CreateStudentsDataDrivenTest-1-thread-5] INFO   - 
  _____   ___   ___   _____     ___   _____     _     ___   _____   ___   ___  
 |_   _| | __| / __| |_   _|   / __| |_   _|   /_\   | _ \ |_   _| | __| |   \ 
   | |   | _|  \__ \   | |     \__ \   | |    / _ \  |   /   | |   | _|  | |) |
   |_|   |___| |___/   |_|     |___/   |_|   /_/ \_\ |_|_\   |_|   |___| |___/ 

createMultipleStudents
--------------------------------------------------------------------------------
20:46:22.645 [CreateStudentsDataDrivenTest-1-thread-5] INFO   - 
  _____   ___   ___   _____     ___   _____     _     ___   _____   ___   ___  
 |_   _| | __| / __| |_   _|   / __| |_   _|   /_\   | _ \ |_   _| | __| |   \ 
   | |   | _|  \__ \   | |     \__ \   | |    / _ \  |   /   | |   | _|  | |) |
   |_|   |___| |___/   |_|     |___/   |_|   /_/ \_\ |_|_\   |_|   |___| |___/ 

createMultipleStudents[59]
--------------------------------------------------------------------------------
20:46:22.647 [CreateStudentsDataDrivenTest-1-thread-6] DEBUG org.apache.http.wire -  << "0[\r][\n]"
20:46:22.647 [CreateStudentsDataDrivenTest-1-thread-6] DEBUG org.apache.http.wire -  << "[\r][\n]"
20:46:22.647 [CreateStudentsDataDrivenTest-1-thread-6] DEBUG o.a.h.i.c.BasicClientConnectionManager - Releasing connection org.apache.http.impl.conn.ManagedClientConnectionImpl@28c6720c
20:46:22.647 [CreateStudentsDataDrivenTest-1-thread-6] DEBUG o.a.h.i.conn.DefaultClientConnection - Connection 0.0.0.0:54652<->127.0.0.1:8085 shut down
20:46:22.650 [CreateStudentsDataDrivenTest-1-thread-5] DEBUG n.t.core.steps.StepInterceptor - STARTING STEP: CreateStudentsDataDrivenTest.createMultipleStudents - Creating student with FirstName: {0}, LastName: {1}, Email: {2}, Programme: {3}, Courses: {4}
20:46:22.651 [CreateStudentsDataDrivenTest-1-thread-6] DEBUG n.t.core.steps.StepInterceptor - STEP DONE: Creating student with FirstName: {0}, LastName: {1}, Email: {2}, Programme: {3}, Courses: {4}
]]></system-out>
  </testcase>
  <testcase name="createMultipleStudents" classname="com.studentapplication.junit.studentsinfo.CreateStudentsDataDrivenTest" time="1.133">
    <system-out><![CDATA[20:46:22.656 [CreateStudentsDataDrivenTest-1-thread-6] DEBUG n.thucydides.core.steps.StepEventBus - Test suite started for class com.studentapplication.junit.studentsinfo.CreateStudentsDataDrivenTest
20:46:22.657 [CreateStudentsDataDrivenTest-1-thread-6] INFO   - Test Suite Started: Create students data driven test
20:46:22.657 [CreateStudentsDataDrivenTest-1-thread-6] DEBUG n.s.j.SerenityTestExecutionListener - Thread[CreateStudentsDataDrivenTest-1-thread-6,5,CreateStudentsDataDrivenTest-1] Test started TestIdentifier [uniqueId = [engine:junit-vintage]/[runner:com.studentapplication.junit.studentsinfo.CreateStudentsDataDrivenTest]/[test:com.studentapplication.junit.studentsinfo.CreateStudentsDataDrivenTest%5B60%5D]/[test:createMultipleStudents%5B60%5D(com.studentapplication.junit.studentsinfo.CreateStudentsDataDrivenTest)], parentId = [engine:junit-vintage]/[runner:com.studentapplication.junit.studentsinfo.CreateStudentsDataDrivenTest]/[test:com.studentapplication.junit.studentsinfo.CreateStudentsDataDrivenTest%5B60%5D], displayName = 'createMultipleStudents[60]', legacyReportingName = 'createMultipleStudents[60]', source = MethodSource [className = 'com.studentapplication.junit.studentsinfo.CreateStudentsDataDrivenTest', methodName = 'createMultipleStudents', methodParameterTypes = ''], tags = [], type = TEST]
20:46:22.657 [CreateStudentsDataDrivenTest-1-thread-6] INFO   - 
  _____   ___   ___   _____     ___   _____     _     ___   _____   ___   ___  
 |_   _| | __| / __| |_   _|   / __| |_   _|   /_\   | _ \ |_   _| | __| |   \ 
   | |   | _|  \__ \   | |     \__ \   | |    / _ \  |   /   | |   | _|  | |) |
   |_|   |___| |___/   |_|     |___/   |_|   /_/ \_\ |_|_\   |_|   |___| |___/ 

createMultipleStudents
--------------------------------------------------------------------------------
20:46:22.658 [CreateStudentsDataDrivenTest-1-thread-6] INFO   - 
  _____   ___   ___   _____     ___   _____     _     ___   _____   ___   ___  
 |_   _| | __| / __| |_   _|   / __| |_   _|   /_\   | _ \ |_   _| | __| |   \ 
   | |   | _|  \__ \   | |     \__ \   | |    / _ \  |   /   | |   | _|  | |) |
   |_|   |___| |___/   |_|     |___/   |_|   /_/ \_\ |_|_\   |_|   |___| |___/ 

createMultipleStudents[60]
--------------------------------------------------------------------------------
20:46:22.660 [CreateStudentsDataDrivenTest-1-thread-5] DEBUG o.a.h.i.c.BasicClientConnectionManager - Get connection for route {}->http://localhost:8085
20:46:22.660 [CreateStudentsDataDrivenTest-1-thread-5] DEBUG o.a.h.i.c.DefaultClientConnectionOperator - Connecting to localhost:8085
20:46:22.661 [CreateStudentsDataDrivenTest-1-thread-5] DEBUG o.a.h.c.protocol.RequestAddCookies - CookieSpec selected: ignoreCookies
20:46:22.661 [CreateStudentsDataDrivenTest-1-thread-5] DEBUG o.a.h.c.protocol.RequestAuthCache - Auth cache not set in the context
20:46:22.661 [CreateStudentsDataDrivenTest-1-thread-5] DEBUG o.a.h.c.p.RequestTargetAuthentication - Target auth state: UNCHALLENGED
20:46:22.661 [CreateStudentsDataDrivenTest-1-thread-5] DEBUG o.a.h.c.p.RequestProxyAuthentication - Proxy auth state: UNCHALLENGED
20:46:22.661 [CreateStudentsDataDrivenTest-1-thread-5] DEBUG o.a.h.impl.client.DefaultHttpClient - Attempt 1 to execute request
20:46:22.661 [CreateStudentsDataDrivenTest-1-thread-5] DEBUG o.a.h.i.conn.DefaultClientConnection - Sending request: POST /student HTTP/1.1
20:46:22.661 [CreateStudentsDataDrivenTest-1-thread-5] DEBUG org.apache.http.wire -  >> "POST /student HTTP/1.1[\r][\n]"
20:46:22.661 [CreateStudentsDataDrivenTest-1-thread-5] DEBUG org.apache.http.wire -  >> "Accept: */*[\r][\n]"
20:46:22.661 [CreateStudentsDataDrivenTest-1-thread-5] DEBUG org.apache.http.wire -  >> "Content-Type: application/json; charset=UTF-8[\r][\n]"
20:46:22.661 [CreateStudentsDataDrivenTest-1-thread-5] DEBUG org.apache.http.wire -  >> "Content-Length: 120[\r][\n]"
20:46:22.661 [CreateStudentsDataDrivenTest-1-thread-5] DEBUG org.apache.http.wire -  >> "Host: localhost:8085[\r][\n]"
20:46:22.661 [CreateStudentsDataDrivenTest-1-thread-5] DEBUG org.apache.http.wire -  >> "Connection: Keep-Alive[\r][\n]"
20:46:22.661 [CreateStudentsDataDrivenTest-1-thread-5] DEBUG org.apache.http.wire -  >> "User-Agent: Apache-HttpClient/4.5.13 (Java/11.0.20)[\r][\n]"
20:46:22.661 [CreateStudentsDataDrivenTest-1-thread-5] DEBUG org.apache.http.wire -  >> "Accept-Encoding: gzip,deflate[\r][\n]"
20:46:22.661 [CreateStudentsDataDrivenTest-1-thread-5] DEBUG org.apache.http.wire -  >> "[\r][\n]"
20:46:22.661 [CreateStudentsDataDrivenTest-1-thread-5] DEBUG org.apache.http.headers - >> POST /student HTTP/1.1
20:46:22.661 [CreateStudentsDataDrivenTest-1-thread-5] DEBUG org.apache.http.headers - >> Accept: */*
20:46:22.661 [CreateStudentsDataDrivenTest-1-thread-5] DEBUG org.apache.http.headers - >> Content-Type: application/json; charset=UTF-8
20:46:22.661 [CreateStudentsDataDrivenTest-1-thread-5] DEBUG org.apache.http.headers - >> Content-Length: 120
20:46:22.661 [CreateStudentsDataDrivenTest-1-thread-5] DEBUG org.apache.http.headers - >> Host: localhost:8085
20:46:22.661 [CreateStudentsDataDrivenTest-1-thread-5] DEBUG org.apache.http.headers - >> Connection: Keep-Alive
20:46:22.661 [CreateStudentsDataDrivenTest-1-thread-5] DEBUG org.apache.http.headers - >> User-Agent: Apache-HttpClient/4.5.13 (Java/11.0.20)
20:46:22.661 [CreateStudentsDataDrivenTest-1-thread-5] DEBUG org.apache.http.headers - >> Accept-Encoding: gzip,deflate
20:46:22.661 [CreateStudentsDataDrivenTest-1-thread-5] DEBUG org.apache.http.wire -  >> "{"id":0,"firstName":"Margy","lastName":"Gillian","email":"mgillian1n@epa.gov","programme":"Electrical","courses":["c#"]}"
20:46:22.663 [CreateStudentsDataDrivenTest-1-thread-11] DEBUG org.apache.http.wire -  << "HTTP/1.1 500 [\r][\n]"
20:46:22.663 [CreateStudentsDataDrivenTest-1-thread-11] DEBUG org.apache.http.wire -  << "Content-Type: application/json;charset=UTF-8[\r][\n]"
20:46:22.663 [CreateStudentsDataDrivenTest-1-thread-11] DEBUG org.apache.http.wire -  << "Transfer-Encoding: chunked[\r][\n]"
20:46:22.663 [CreateStudentsDataDrivenTest-1-thread-11] DEBUG org.apache.http.wire -  << "Date: Thu, 23 Nov 2023 15:16:22 GMT[\r][\n]"
20:46:22.663 [CreateStudentsDataDrivenTest-1-thread-11] DEBUG org.apache.http.wire -  << "Connection: close[\r][\n]"
20:46:22.663 [CreateStudentsDataDrivenTest-1-thread-11] DEBUG org.apache.http.wire -  << "[\r][\n]"
20:46:22.663 [CreateStudentsDataDrivenTest-1-thread-11] DEBUG o.a.h.i.conn.DefaultClientConnection - Receiving response: HTTP/1.1 500 
20:46:22.663 [CreateStudentsDataDrivenTest-1-thread-11] DEBUG org.apache.http.headers - << HTTP/1.1 500 
20:46:22.663 [CreateStudentsDataDrivenTest-1-thread-11] DEBUG org.apache.http.headers - << Content-Type: application/json;charset=UTF-8
20:46:22.663 [CreateStudentsDataDrivenTest-1-thread-11] DEBUG org.apache.http.headers - << Transfer-Encoding: chunked
20:46:22.663 [CreateStudentsDataDrivenTest-1-thread-11] DEBUG org.apache.http.headers - << Date: Thu, 23 Nov 2023 15:16:22 GMT
20:46:22.663 [CreateStudentsDataDrivenTest-1-thread-11] DEBUG org.apache.http.headers - << Connection: close
20:46:22.663 [CreateStudentsDataDrivenTest-1-thread-11] DEBUG i.r.i.RequestSpecificationImpl$RestAssuredHttpBuilder - Parsing response as: application/json;charset=UTF-8
20:46:22.663 [CreateStudentsDataDrivenTest-1-thread-11] DEBUG i.r.i.RequestSpecificationImpl$RestAssuredHttpBuilder - Parsed data to instance of: class org.apache.http.conn.EofSensorInputStream
20:46:22.664 [CreateStudentsDataDrivenTest-1-thread-11] DEBUG org.apache.http.wire -  << "28[\r][\n]"
20:46:22.664 [CreateStudentsDataDrivenTest-1-thread-11] DEBUG org.apache.http.wire -  << "{"error":"Email address already exists"}"
20:46:22.664 [CreateStudentsDataDrivenTest-1-thread-11] DEBUG org.apache.http.wire -  << "[\r][\n]"
20:46:22.664 [CreateStudentsDataDrivenTest-1-thread-11] DEBUG org.apache.http.wire -  << "0[\r][\n]"
20:46:22.664 [CreateStudentsDataDrivenTest-1-thread-11] DEBUG org.apache.http.wire -  << "[\r][\n]"
20:46:22.664 [CreateStudentsDataDrivenTest-1-thread-11] DEBUG o.a.h.i.c.BasicClientConnectionManager - Releasing connection org.apache.http.impl.conn.ManagedClientConnectionImpl@735856a0
20:46:22.664 [CreateStudentsDataDrivenTest-1-thread-6] DEBUG n.t.core.steps.StepInterceptor - STARTING STEP: CreateStudentsDataDrivenTest.createMultipleStudents - Creating student with FirstName: {0}, LastName: {1}, Email: {2}, Programme: {3}, Courses: {4}
20:46:22.664 [CreateStudentsDataDrivenTest-1-thread-11] DEBUG o.a.h.i.conn.DefaultClientConnection - Connection 0.0.0.0:54639<->127.0.0.1:8085 shut down
20:46:22.672 [CreateStudentsDataDrivenTest-1-thread-11] DEBUG n.t.core.steps.StepInterceptor - STEP DONE: Creating student with FirstName: {0}, LastName: {1}, Email: {2}, Programme: {3}, Courses: {4}
]]></system-out>
  </testcase>
  <testcase name="createMultipleStudents" classname="com.studentapplication.junit.studentsinfo.CreateStudentsDataDrivenTest" time="0.687">
    <system-out><![CDATA[20:46:22.676 [CreateStudentsDataDrivenTest-1-thread-10] DEBUG org.apache.http.wire -  << "28[\r][\n]"
20:46:22.677 [CreateStudentsDataDrivenTest-1-thread-10] DEBUG org.apache.http.wire -  << "{"error":"Email address already exists"}"
20:46:22.678 [CreateStudentsDataDrivenTest-1-thread-10] DEBUG org.apache.http.wire -  << "[\r][\n]"
20:46:22.677 [CreateStudentsDataDrivenTest-1-thread-11] DEBUG n.thucydides.core.steps.StepEventBus - Test suite started for class com.studentapplication.junit.studentsinfo.CreateStudentsDataDrivenTest
20:46:22.678 [CreateStudentsDataDrivenTest-1-thread-10] DEBUG org.apache.http.wire -  << "0[\r][\n]"
20:46:22.678 [CreateStudentsDataDrivenTest-1-thread-10] DEBUG org.apache.http.wire -  << "[\r][\n]"
20:46:22.678 [CreateStudentsDataDrivenTest-1-thread-10] DEBUG o.a.h.i.c.BasicClientConnectionManager - Releasing connection org.apache.http.impl.conn.ManagedClientConnectionImpl@3f0e91d4
20:46:22.678 [CreateStudentsDataDrivenTest-1-thread-11] INFO   - Test Suite Started: Create students data driven test
20:46:22.678 [CreateStudentsDataDrivenTest-1-thread-10] DEBUG o.a.h.i.conn.DefaultClientConnection - Connection 0.0.0.0:54651<->127.0.0.1:8085 shut down
20:46:22.679 [CreateStudentsDataDrivenTest-1-thread-11] DEBUG n.s.j.SerenityTestExecutionListener - Thread[CreateStudentsDataDrivenTest-1-thread-11,5,CreateStudentsDataDrivenTest-1] Test started TestIdentifier [uniqueId = [engine:junit-vintage]/[runner:com.studentapplication.junit.studentsinfo.CreateStudentsDataDrivenTest]/[test:com.studentapplication.junit.studentsinfo.CreateStudentsDataDrivenTest%5B61%5D]/[test:createMultipleStudents%5B61%5D(com.studentapplication.junit.studentsinfo.CreateStudentsDataDrivenTest)], parentId = [engine:junit-vintage]/[runner:com.studentapplication.junit.studentsinfo.CreateStudentsDataDrivenTest]/[test:com.studentapplication.junit.studentsinfo.CreateStudentsDataDrivenTest%5B61%5D], displayName = 'createMultipleStudents[61]', legacyReportingName = 'createMultipleStudents[61]', source = MethodSource [className = 'com.studentapplication.junit.studentsinfo.CreateStudentsDataDrivenTest', methodName = 'createMultipleStudents', methodParameterTypes = ''], tags = [], type = TEST]
20:46:22.679 [CreateStudentsDataDrivenTest-1-thread-11] INFO   - 
  _____   ___   ___   _____     ___   _____     _     ___   _____   ___   ___  
 |_   _| | __| / __| |_   _|   / __| |_   _|   /_\   | _ \ |_   _| | __| |   \ 
   | |   | _|  \__ \   | |     \__ \   | |    / _ \  |   /   | |   | _|  | |) |
   |_|   |___| |___/   |_|     |___/   |_|   /_/ \_\ |_|_\   |_|   |___| |___/ 

createMultipleStudents
--------------------------------------------------------------------------------
20:46:22.680 [CreateStudentsDataDrivenTest-1-thread-11] INFO   - 
  _____   ___   ___   _____     ___   _____     _     ___   _____   ___   ___  
 |_   _| | __| / __| |_   _|   / __| |_   _|   /_\   | _ \ |_   _| | __| |   \ 
   | |   | _|  \__ \   | |     \__ \   | |    / _ \  |   /   | |   | _|  | |) |
   |_|   |___| |___/   |_|     |___/   |_|   /_/ \_\ |_|_\   |_|   |___| |___/ 

createMultipleStudents[61]
--------------------------------------------------------------------------------
20:46:22.683 [CreateStudentsDataDrivenTest-1-thread-10] DEBUG n.t.core.steps.StepInterceptor - STEP DONE: Creating student with FirstName: {0}, LastName: {1}, Email: {2}, Programme: {3}, Courses: {4}
]]></system-out>
  </testcase>
  <testcase name="createMultipleStudents" classname="com.studentapplication.junit.studentsinfo.CreateStudentsDataDrivenTest" time="0.247">
    <system-out><![CDATA[20:46:22.688 [CreateStudentsDataDrivenTest-1-thread-10] DEBUG n.thucydides.core.steps.StepEventBus - Test suite started for class com.studentapplication.junit.studentsinfo.CreateStudentsDataDrivenTest
20:46:22.688 [CreateStudentsDataDrivenTest-1-thread-10] INFO   - Test Suite Started: Create students data driven test
20:46:22.688 [CreateStudentsDataDrivenTest-1-thread-10] DEBUG n.s.j.SerenityTestExecutionListener - Thread[CreateStudentsDataDrivenTest-1-thread-10,5,CreateStudentsDataDrivenTest-1] Test started TestIdentifier [uniqueId = [engine:junit-vintage]/[runner:com.studentapplication.junit.studentsinfo.CreateStudentsDataDrivenTest]/[test:com.studentapplication.junit.studentsinfo.CreateStudentsDataDrivenTest%5B62%5D]/[test:createMultipleStudents%5B62%5D(com.studentapplication.junit.studentsinfo.CreateStudentsDataDrivenTest)], parentId = [engine:junit-vintage]/[runner:com.studentapplication.junit.studentsinfo.CreateStudentsDataDrivenTest]/[test:com.studentapplication.junit.studentsinfo.CreateStudentsDataDrivenTest%5B62%5D], displayName = 'createMultipleStudents[62]', legacyReportingName = 'createMultipleStudents[62]', source = MethodSource [className = 'com.studentapplication.junit.studentsinfo.CreateStudentsDataDrivenTest', methodName = 'createMultipleStudents', methodParameterTypes = ''], tags = [], type = TEST]
20:46:22.688 [CreateStudentsDataDrivenTest-1-thread-10] INFO   - 
  _____   ___   ___   _____     ___   _____     _     ___   _____   ___   ___  
 |_   _| | __| / __| |_   _|   / __| |_   _|   /_\   | _ \ |_   _| | __| |   \ 
   | |   | _|  \__ \   | |     \__ \   | |    / _ \  |   /   | |   | _|  | |) |
   |_|   |___| |___/   |_|     |___/   |_|   /_/ \_\ |_|_\   |_|   |___| |___/ 

createMultipleStudents
--------------------------------------------------------------------------------
20:46:22.689 [CreateStudentsDataDrivenTest-1-thread-10] INFO   - 
  _____   ___   ___   _____     ___   _____     _     ___   _____   ___   ___  
 |_   _| | __| / __| |_   _|   / __| |_   _|   /_\   | _ \ |_   _| | __| |   \ 
   | |   | _|  \__ \   | |     \__ \   | |    / _ \  |   /   | |   | _|  | |) |
   |_|   |___| |___/   |_|     |___/   |_|   /_/ \_\ |_|_\   |_|   |___| |___/ 

createMultipleStudents[62]
--------------------------------------------------------------------------------
20:46:22.695 [CreateStudentsDataDrivenTest-1-thread-11] DEBUG o.a.h.i.c.BasicClientConnectionManager - Get connection for route {}->http://localhost:8085
20:46:22.695 [CreateStudentsDataDrivenTest-1-thread-11] DEBUG o.a.h.i.c.DefaultClientConnectionOperator - Connecting to localhost:8085
20:46:22.696 [CreateStudentsDataDrivenTest-1-thread-11] DEBUG o.a.h.c.protocol.RequestAddCookies - CookieSpec selected: ignoreCookies
20:46:22.696 [CreateStudentsDataDrivenTest-1-thread-11] DEBUG o.a.h.c.protocol.RequestAuthCache - Auth cache not set in the context
20:46:22.696 [CreateStudentsDataDrivenTest-1-thread-11] DEBUG o.a.h.c.p.RequestTargetAuthentication - Target auth state: UNCHALLENGED
20:46:22.696 [CreateStudentsDataDrivenTest-1-thread-11] DEBUG o.a.h.c.p.RequestProxyAuthentication - Proxy auth state: UNCHALLENGED
20:46:22.696 [CreateStudentsDataDrivenTest-1-thread-11] DEBUG o.a.h.impl.client.DefaultHttpClient - Attempt 1 to execute request
20:46:22.696 [CreateStudentsDataDrivenTest-1-thread-11] DEBUG o.a.h.i.conn.DefaultClientConnection - Sending request: POST /student HTTP/1.1
20:46:22.696 [CreateStudentsDataDrivenTest-1-thread-11] DEBUG org.apache.http.wire -  >> "POST /student HTTP/1.1[\r][\n]"
20:46:22.696 [CreateStudentsDataDrivenTest-1-thread-11] DEBUG org.apache.http.wire -  >> "Accept: */*[\r][\n]"
20:46:22.696 [CreateStudentsDataDrivenTest-1-thread-11] DEBUG org.apache.http.wire -  >> "Content-Type: application/json; charset=UTF-8[\r][\n]"
20:46:22.696 [CreateStudentsDataDrivenTest-1-thread-11] DEBUG org.apache.http.wire -  >> "Content-Length: 142[\r][\n]"
20:46:22.696 [CreateStudentsDataDrivenTest-1-thread-11] DEBUG org.apache.http.wire -  >> "Host: localhost:8085[\r][\n]"
20:46:22.696 [CreateStudentsDataDrivenTest-1-thread-11] DEBUG org.apache.http.wire -  >> "Connection: Keep-Alive[\r][\n]"
20:46:22.696 [CreateStudentsDataDrivenTest-1-thread-11] DEBUG org.apache.http.wire -  >> "User-Agent: Apache-HttpClient/4.5.13 (Java/11.0.20)[\r][\n]"
20:46:22.696 [CreateStudentsDataDrivenTest-1-thread-11] DEBUG org.apache.http.wire -  >> "Accept-Encoding: gzip,deflate[\r][\n]"
20:46:22.696 [CreateStudentsDataDrivenTest-1-thread-11] DEBUG org.apache.http.wire -  >> "[\r][\n]"
20:46:22.696 [CreateStudentsDataDrivenTest-1-thread-11] DEBUG org.apache.http.headers - >> POST /student HTTP/1.1
20:46:22.696 [CreateStudentsDataDrivenTest-1-thread-11] DEBUG org.apache.http.headers - >> Accept: */*
20:46:22.696 [CreateStudentsDataDrivenTest-1-thread-11] DEBUG org.apache.http.headers - >> Content-Type: application/json; charset=UTF-8
20:46:22.696 [CreateStudentsDataDrivenTest-1-thread-11] DEBUG org.apache.http.headers - >> Content-Length: 142
20:46:22.696 [CreateStudentsDataDrivenTest-1-thread-11] DEBUG org.apache.http.headers - >> Host: localhost:8085
20:46:22.696 [CreateStudentsDataDrivenTest-1-thread-11] DEBUG org.apache.http.headers - >> Connection: Keep-Alive
20:46:22.696 [CreateStudentsDataDrivenTest-1-thread-11] DEBUG org.apache.http.headers - >> User-Agent: Apache-HttpClient/4.5.13 (Java/11.0.20)
20:46:22.696 [CreateStudentsDataDrivenTest-1-thread-11] DEBUG org.apache.http.headers - >> Accept-Encoding: gzip,deflate
20:46:22.696 [CreateStudentsDataDrivenTest-1-thread-11] DEBUG org.apache.http.wire -  >> "{"id":0,"firstName":"Cirstoforo","lastName":"Meddemmen","email":"cmeddemmen1p@miitbeian.gov.cn","programme":"Mechanical","courses":["python"]}"
20:46:22.698 [CreateStudentsDataDrivenTest-1-thread-10] DEBUG n.t.core.steps.StepInterceptor - STARTING STEP: CreateStudentsDataDrivenTest.createMultipleStudents - Creating student with FirstName: {0}, LastName: {1}, Email: {2}, Programme: {3}, Courses: {4}
20:46:22.711 [CreateStudentsDataDrivenTest-1-thread-10] DEBUG o.a.h.i.c.BasicClientConnectionManager - Get connection for route {}->http://localhost:8085
20:46:22.711 [CreateStudentsDataDrivenTest-1-thread-10] DEBUG o.a.h.i.c.DefaultClientConnectionOperator - Connecting to localhost:8085
20:46:22.711 [CreateStudentsDataDrivenTest-1-thread-7] DEBUG org.apache.http.wire -  << "0[\r][\n]"
20:46:22.711 [CreateStudentsDataDrivenTest-1-thread-7] DEBUG org.apache.http.wire -  << "[\r][\n]"
20:46:22.711 [CreateStudentsDataDrivenTest-1-thread-7] DEBUG o.a.h.i.c.BasicClientConnectionManager - Releasing connection org.apache.http.impl.conn.ManagedClientConnectionImpl@493bb9d3
20:46:22.711 [CreateStudentsDataDrivenTest-1-thread-7] DEBUG o.a.h.i.conn.DefaultClientConnection - Connection 0.0.0.0:54658<->127.0.0.1:8085 shut down
20:46:22.711 [CreateStudentsDataDrivenTest-1-thread-10] DEBUG o.a.h.c.protocol.RequestAddCookies - CookieSpec selected: ignoreCookies
20:46:22.711 [CreateStudentsDataDrivenTest-1-thread-10] DEBUG o.a.h.c.protocol.RequestAuthCache - Auth cache not set in the context
20:46:22.711 [CreateStudentsDataDrivenTest-1-thread-10] DEBUG o.a.h.c.p.RequestTargetAuthentication - Target auth state: UNCHALLENGED
20:46:22.711 [CreateStudentsDataDrivenTest-1-thread-10] DEBUG o.a.h.c.p.RequestProxyAuthentication - Proxy auth state: UNCHALLENGED
20:46:22.711 [CreateStudentsDataDrivenTest-1-thread-10] DEBUG o.a.h.impl.client.DefaultHttpClient - Attempt 1 to execute request
20:46:22.711 [CreateStudentsDataDrivenTest-1-thread-10] DEBUG o.a.h.i.conn.DefaultClientConnection - Sending request: POST /student HTTP/1.1
20:46:22.711 [CreateStudentsDataDrivenTest-1-thread-10] DEBUG org.apache.http.wire -  >> "POST /student HTTP/1.1[\r][\n]"
20:46:22.711 [CreateStudentsDataDrivenTest-1-thread-10] DEBUG org.apache.http.wire -  >> "Accept: */*[\r][\n]"
20:46:22.711 [CreateStudentsDataDrivenTest-1-thread-10] DEBUG org.apache.http.wire -  >> "Content-Type: application/json; charset=UTF-8[\r][\n]"
20:46:22.711 [CreateStudentsDataDrivenTest-1-thread-10] DEBUG org.apache.http.wire -  >> "Content-Length: 125[\r][\n]"
20:46:22.711 [CreateStudentsDataDrivenTest-1-thread-10] DEBUG org.apache.http.wire -  >> "Host: localhost:8085[\r][\n]"
20:46:22.711 [CreateStudentsDataDrivenTest-1-thread-10] DEBUG org.apache.http.wire -  >> "Connection: Keep-Alive[\r][\n]"
20:46:22.711 [CreateStudentsDataDrivenTest-1-thread-10] DEBUG org.apache.http.wire -  >> "User-Agent: Apache-HttpClient/4.5.13 (Java/11.0.20)[\r][\n]"
20:46:22.711 [CreateStudentsDataDrivenTest-1-thread-10] DEBUG org.apache.http.wire -  >> "Accept-Encoding: gzip,deflate[\r][\n]"
20:46:22.711 [CreateStudentsDataDrivenTest-1-thread-10] DEBUG org.apache.http.wire -  >> "[\r][\n]"
20:46:22.711 [CreateStudentsDataDrivenTest-1-thread-10] DEBUG org.apache.http.headers - >> POST /student HTTP/1.1
20:46:22.711 [CreateStudentsDataDrivenTest-1-thread-10] DEBUG org.apache.http.headers - >> Accept: */*
20:46:22.711 [CreateStudentsDataDrivenTest-1-thread-10] DEBUG org.apache.http.headers - >> Content-Type: application/json; charset=UTF-8
20:46:22.711 [CreateStudentsDataDrivenTest-1-thread-10] DEBUG org.apache.http.headers - >> Content-Length: 125
20:46:22.711 [CreateStudentsDataDrivenTest-1-thread-10] DEBUG org.apache.http.headers - >> Host: localhost:8085
20:46:22.711 [CreateStudentsDataDrivenTest-1-thread-10] DEBUG org.apache.http.headers - >> Connection: Keep-Alive
20:46:22.711 [CreateStudentsDataDrivenTest-1-thread-10] DEBUG org.apache.http.headers - >> User-Agent: Apache-HttpClient/4.5.13 (Java/11.0.20)
20:46:22.711 [CreateStudentsDataDrivenTest-1-thread-10] DEBUG org.apache.http.headers - >> Accept-Encoding: gzip,deflate
20:46:22.711 [CreateStudentsDataDrivenTest-1-thread-10] DEBUG org.apache.http.wire -  >> "{"id":0,"firstName":"Bengt","lastName":"Bener","email":"bbener1q@edublogs.org","programme":"Electrical","courses":["python"]}"
20:46:22.712 [CreateStudentsDataDrivenTest-1-thread-4] DEBUG org.apache.http.wire -  << "HTTP/1.1 500 [\r][\n]"
20:46:22.712 [CreateStudentsDataDrivenTest-1-thread-4] DEBUG org.apache.http.wire -  << "Content-Type: application/json;charset=UTF-8[\r][\n]"
20:46:22.712 [CreateStudentsDataDrivenTest-1-thread-4] DEBUG org.apache.http.wire -  << "Transfer-Encoding: chunked[\r][\n]"
20:46:22.712 [CreateStudentsDataDrivenTest-1-thread-4] DEBUG org.apache.http.wire -  << "Date: Thu, 23 Nov 2023 15:16:22 GMT[\r][\n]"
20:46:22.712 [CreateStudentsDataDrivenTest-1-thread-4] DEBUG org.apache.http.wire -  << "Connection: close[\r][\n]"
20:46:22.712 [CreateStudentsDataDrivenTest-1-thread-4] DEBUG org.apache.http.wire -  << "[\r][\n]"
20:46:22.712 [CreateStudentsDataDrivenTest-1-thread-4] DEBUG o.a.h.i.conn.DefaultClientConnection - Receiving response: HTTP/1.1 500 
20:46:22.712 [CreateStudentsDataDrivenTest-1-thread-4] DEBUG org.apache.http.headers - << HTTP/1.1 500 
20:46:22.712 [CreateStudentsDataDrivenTest-1-thread-4] DEBUG org.apache.http.headers - << Content-Type: application/json;charset=UTF-8
20:46:22.712 [CreateStudentsDataDrivenTest-1-thread-4] DEBUG org.apache.http.headers - << Transfer-Encoding: chunked
20:46:22.712 [CreateStudentsDataDrivenTest-1-thread-4] DEBUG org.apache.http.headers - << Date: Thu, 23 Nov 2023 15:16:22 GMT
20:46:22.712 [CreateStudentsDataDrivenTest-1-thread-4] DEBUG org.apache.http.headers - << Connection: close
20:46:22.712 [CreateStudentsDataDrivenTest-1-thread-4] DEBUG i.r.i.RequestSpecificationImpl$RestAssuredHttpBuilder - Parsing response as: application/json;charset=UTF-8
20:46:22.712 [CreateStudentsDataDrivenTest-1-thread-4] DEBUG i.r.i.RequestSpecificationImpl$RestAssuredHttpBuilder - Parsed data to instance of: class org.apache.http.conn.EofSensorInputStream
20:46:22.713 [CreateStudentsDataDrivenTest-1-thread-4] DEBUG org.apache.http.wire -  << "28[\r][\n]"
20:46:22.713 [CreateStudentsDataDrivenTest-1-thread-4] DEBUG org.apache.http.wire -  << "{"error":"Email address already exists"}"
20:46:22.713 [CreateStudentsDataDrivenTest-1-thread-4] DEBUG org.apache.http.wire -  << "[\r][\n]"
20:46:22.715 [CreateStudentsDataDrivenTest-1-thread-7] DEBUG n.t.core.steps.StepInterceptor - STEP DONE: Creating student with FirstName: {0}, LastName: {1}, Email: {2}, Programme: {3}, Courses: {4}
20:46:22.715 [CreateStudentsDataDrivenTest-1-thread-4] DEBUG org.apache.http.wire -  << "0[\r][\n]"
20:46:22.715 [CreateStudentsDataDrivenTest-1-thread-4] DEBUG org.apache.http.wire -  << "[\r][\n]"
20:46:22.715 [CreateStudentsDataDrivenTest-1-thread-4] DEBUG o.a.h.i.c.BasicClientConnectionManager - Releasing connection org.apache.http.impl.conn.ManagedClientConnectionImpl@707ba50d
20:46:22.716 [CreateStudentsDataDrivenTest-1-thread-4] DEBUG o.a.h.i.conn.DefaultClientConnection - Connection 0.0.0.0:54655<->127.0.0.1:8085 shut down
]]></system-out>
  </testcase>
  <testcase name="createMultipleStudents" classname="com.studentapplication.junit.studentsinfo.CreateStudentsDataDrivenTest" time="0.36">
    <system-out><![CDATA[20:46:22.722 [CreateStudentsDataDrivenTest-1-thread-7] INFO   - 
  _____   ___   ___   _____     ___     _     ___   ___   ___   ___  
 |_   _| | __| / __| |_   _|   | _ \   /_\   / __| / __| | __| |   \ 
   | |   | _|  \__ \   | |     |  _/  / _ \  \__ \ \__ \ | _|  | |) |
   |_|   |___| |___/   |_|     |_|   /_/ \_\ |___/ |___/ |___| |___/ 

Data Driven Test for adding multiple students to the Student APp
----------------------------------------------------------------------
20:46:22.723 [CreateStudentsDataDrivenTest-1-thread-4] DEBUG n.t.core.steps.StepInterceptor - STEP DONE: Creating student with FirstName: {0}, LastName: {1}, Email: {2}, Programme: {3}, Courses: {4}
]]></system-out>
  </testcase>
  <testcase name="createMultipleStudents" classname="com.studentapplication.junit.studentsinfo.CreateStudentsDataDrivenTest" time="0.541">
    <system-out><![CDATA[20:46:22.734 [CreateStudentsDataDrivenTest-1-thread-7] DEBUG n.thucydides.core.steps.StepEventBus - Test suite started for class com.studentapplication.junit.studentsinfo.CreateStudentsDataDrivenTest
20:46:22.734 [CreateStudentsDataDrivenTest-1-thread-7] INFO   - Test Suite Started: Create students data driven test
20:46:22.734 [CreateStudentsDataDrivenTest-1-thread-7] DEBUG n.s.j.SerenityTestExecutionListener - Thread[CreateStudentsDataDrivenTest-1-thread-7,5,CreateStudentsDataDrivenTest-1] Test started TestIdentifier [uniqueId = [engine:junit-vintage]/[runner:com.studentapplication.junit.studentsinfo.CreateStudentsDataDrivenTest]/[test:com.studentapplication.junit.studentsinfo.CreateStudentsDataDrivenTest%5B64%5D]/[test:createMultipleStudents%5B64%5D(com.studentapplication.junit.studentsinfo.CreateStudentsDataDrivenTest)], parentId = [engine:junit-vintage]/[runner:com.studentapplication.junit.studentsinfo.CreateStudentsDataDrivenTest]/[test:com.studentapplication.junit.studentsinfo.CreateStudentsDataDrivenTest%5B64%5D], displayName = 'createMultipleStudents[64]', legacyReportingName = 'createMultipleStudents[64]', source = MethodSource [className = 'com.studentapplication.junit.studentsinfo.CreateStudentsDataDrivenTest', methodName = 'createMultipleStudents', methodParameterTypes = ''], tags = [], type = TEST]
20:46:22.734 [CreateStudentsDataDrivenTest-1-thread-7] INFO   - 
  _____   ___   ___   _____     ___   _____     _     ___   _____   ___   ___  
 |_   _| | __| / __| |_   _|   / __| |_   _|   /_\   | _ \ |_   _| | __| |   \ 
   | |   | _|  \__ \   | |     \__ \   | |    / _ \  |   /   | |   | _|  | |) |
   |_|   |___| |___/   |_|     |___/   |_|   /_/ \_\ |_|_\   |_|   |___| |___/ 

createMultipleStudents
--------------------------------------------------------------------------------
20:46:22.736 [CreateStudentsDataDrivenTest-1-thread-7] INFO   - 
  _____   ___   ___   _____     ___   _____     _     ___   _____   ___   ___  
 |_   _| | __| / __| |_   _|   / __| |_   _|   /_\   | _ \ |_   _| | __| |   \ 
   | |   | _|  \__ \   | |     \__ \   | |    / _ \  |   /   | |   | _|  | |) |
   |_|   |___| |___/   |_|     |___/   |_|   /_/ \_\ |_|_\   |_|   |___| |___/ 

createMultipleStudents[64]
--------------------------------------------------------------------------------
20:46:22.737 [CreateStudentsDataDrivenTest-1-thread-4] DEBUG n.thucydides.core.steps.StepEventBus - Test suite started for class com.studentapplication.junit.studentsinfo.CreateStudentsDataDrivenTest
20:46:22.737 [CreateStudentsDataDrivenTest-1-thread-4] INFO   - Test Suite Started: Create students data driven test
20:46:22.738 [CreateStudentsDataDrivenTest-1-thread-4] DEBUG n.s.j.SerenityTestExecutionListener - Thread[CreateStudentsDataDrivenTest-1-thread-4,5,CreateStudentsDataDrivenTest-1] Test started TestIdentifier [uniqueId = [engine:junit-vintage]/[runner:com.studentapplication.junit.studentsinfo.CreateStudentsDataDrivenTest]/[test:com.studentapplication.junit.studentsinfo.CreateStudentsDataDrivenTest%5B63%5D]/[test:createMultipleStudents%5B63%5D(com.studentapplication.junit.studentsinfo.CreateStudentsDataDrivenTest)], parentId = [engine:junit-vintage]/[runner:com.studentapplication.junit.studentsinfo.CreateStudentsDataDrivenTest]/[test:com.studentapplication.junit.studentsinfo.CreateStudentsDataDrivenTest%5B63%5D], displayName = 'createMultipleStudents[63]', legacyReportingName = 'createMultipleStudents[63]', source = MethodSource [className = 'com.studentapplication.junit.studentsinfo.CreateStudentsDataDrivenTest', methodName = 'createMultipleStudents', methodParameterTypes = ''], tags = [], type = TEST]
20:46:22.738 [CreateStudentsDataDrivenTest-1-thread-4] INFO   - 
  _____   ___   ___   _____     ___   _____     _     ___   _____   ___   ___  
 |_   _| | __| / __| |_   _|   / __| |_   _|   /_\   | _ \ |_   _| | __| |   \ 
   | |   | _|  \__ \   | |     \__ \   | |    / _ \  |   /   | |   | _|  | |) |
   |_|   |___| |___/   |_|     |___/   |_|   /_/ \_\ |_|_\   |_|   |___| |___/ 

createMultipleStudents
--------------------------------------------------------------------------------
20:46:22.743 [CreateStudentsDataDrivenTest-1-thread-4] INFO   - 
  _____   ___   ___   _____     ___   _____     _     ___   _____   ___   ___  
 |_   _| | __| / __| |_   _|   / __| |_   _|   /_\   | _ \ |_   _| | __| |   \ 
   | |   | _|  \__ \   | |     \__ \   | |    / _ \  |   /   | |   | _|  | |) |
   |_|   |___| |___/   |_|     |___/   |_|   /_/ \_\ |_|_\   |_|   |___| |___/ 

createMultipleStudents[63]
--------------------------------------------------------------------------------
20:46:22.745 [CreateStudentsDataDrivenTest-1-thread-7] DEBUG n.t.core.steps.StepInterceptor - STARTING STEP: CreateStudentsDataDrivenTest.createMultipleStudents - Creating student with FirstName: {0}, LastName: {1}, Email: {2}, Programme: {3}, Courses: {4}
20:46:22.748 [CreateStudentsDataDrivenTest-1-thread-4] DEBUG n.t.core.steps.StepInterceptor - STARTING STEP: CreateStudentsDataDrivenTest.createMultipleStudents - Creating student with FirstName: {0}, LastName: {1}, Email: {2}, Programme: {3}, Courses: {4}
20:46:22.755 [CreateStudentsDataDrivenTest-1-thread-7] DEBUG o.a.h.i.c.BasicClientConnectionManager - Get connection for route {}->http://localhost:8085
20:46:22.755 [CreateStudentsDataDrivenTest-1-thread-7] DEBUG o.a.h.i.c.DefaultClientConnectionOperator - Connecting to localhost:8085
20:46:22.756 [CreateStudentsDataDrivenTest-1-thread-7] DEBUG o.a.h.c.protocol.RequestAddCookies - CookieSpec selected: ignoreCookies
20:46:22.756 [CreateStudentsDataDrivenTest-1-thread-7] DEBUG o.a.h.c.protocol.RequestAuthCache - Auth cache not set in the context
20:46:22.756 [CreateStudentsDataDrivenTest-1-thread-7] DEBUG o.a.h.c.p.RequestTargetAuthentication - Target auth state: UNCHALLENGED
20:46:22.756 [CreateStudentsDataDrivenTest-1-thread-7] DEBUG o.a.h.c.p.RequestProxyAuthentication - Proxy auth state: UNCHALLENGED
20:46:22.756 [CreateStudentsDataDrivenTest-1-thread-7] DEBUG o.a.h.impl.client.DefaultHttpClient - Attempt 1 to execute request
20:46:22.756 [CreateStudentsDataDrivenTest-1-thread-7] DEBUG o.a.h.i.conn.DefaultClientConnection - Sending request: POST /student HTTP/1.1
20:46:22.756 [CreateStudentsDataDrivenTest-1-thread-7] DEBUG org.apache.http.wire -  >> "POST /student HTTP/1.1[\r][\n]"
20:46:22.756 [CreateStudentsDataDrivenTest-1-thread-7] DEBUG org.apache.http.wire -  >> "Accept: */*[\r][\n]"
20:46:22.756 [CreateStudentsDataDrivenTest-1-thread-7] DEBUG org.apache.http.wire -  >> "Content-Type: application/json; charset=UTF-8[\r][\n]"
20:46:22.756 [CreateStudentsDataDrivenTest-1-thread-7] DEBUG org.apache.http.wire -  >> "Content-Length: 153[\r][\n]"
20:46:22.756 [CreateStudentsDataDrivenTest-1-thread-7] DEBUG org.apache.http.wire -  >> "Host: localhost:8085[\r][\n]"
20:46:22.756 [CreateStudentsDataDrivenTest-1-thread-7] DEBUG org.apache.http.wire -  >> "Connection: Keep-Alive[\r][\n]"
20:46:22.756 [CreateStudentsDataDrivenTest-1-thread-7] DEBUG org.apache.http.wire -  >> "User-Agent: Apache-HttpClient/4.5.13 (Java/11.0.20)[\r][\n]"
20:46:22.756 [CreateStudentsDataDrivenTest-1-thread-7] DEBUG org.apache.http.wire -  >> "Accept-Encoding: gzip,deflate[\r][\n]"
20:46:22.756 [CreateStudentsDataDrivenTest-1-thread-7] DEBUG org.apache.http.wire -  >> "[\r][\n]"
20:46:22.756 [CreateStudentsDataDrivenTest-1-thread-7] DEBUG org.apache.http.headers - >> POST /student HTTP/1.1
20:46:22.756 [CreateStudentsDataDrivenTest-1-thread-7] DEBUG org.apache.http.headers - >> Accept: */*
20:46:22.756 [CreateStudentsDataDrivenTest-1-thread-7] DEBUG org.apache.http.headers - >> Content-Type: application/json; charset=UTF-8
20:46:22.756 [CreateStudentsDataDrivenTest-1-thread-7] DEBUG org.apache.http.headers - >> Content-Length: 153
20:46:22.756 [CreateStudentsDataDrivenTest-1-thread-7] DEBUG org.apache.http.headers - >> Host: localhost:8085
20:46:22.756 [CreateStudentsDataDrivenTest-1-thread-7] DEBUG org.apache.http.headers - >> Connection: Keep-Alive
20:46:22.756 [CreateStudentsDataDrivenTest-1-thread-7] DEBUG org.apache.http.headers - >> User-Agent: Apache-HttpClient/4.5.13 (Java/11.0.20)
20:46:22.756 [CreateStudentsDataDrivenTest-1-thread-7] DEBUG org.apache.http.headers - >> Accept-Encoding: gzip,deflate
20:46:22.756 [CreateStudentsDataDrivenTest-1-thread-7] DEBUG org.apache.http.wire -  >> "{"id":0,"firstName":"Geoffry","lastName":"Bellworthy","email":"gbellworthy1s@networkadvertising.org","programme":"Computer Science","courses":["python"]}"
20:46:22.757 [CreateStudentsDataDrivenTest-1-thread-4] DEBUG o.a.h.i.c.BasicClientConnectionManager - Get connection for route {}->http://localhost:8085
20:46:22.758 [CreateStudentsDataDrivenTest-1-thread-4] DEBUG o.a.h.i.c.DefaultClientConnectionOperator - Connecting to localhost:8085
20:46:22.758 [CreateStudentsDataDrivenTest-1-thread-4] DEBUG o.a.h.c.protocol.RequestAddCookies - CookieSpec selected: ignoreCookies
20:46:22.758 [CreateStudentsDataDrivenTest-1-thread-4] DEBUG o.a.h.c.protocol.RequestAuthCache - Auth cache not set in the context
20:46:22.758 [CreateStudentsDataDrivenTest-1-thread-4] DEBUG o.a.h.c.p.RequestTargetAuthentication - Target auth state: UNCHALLENGED
20:46:22.758 [CreateStudentsDataDrivenTest-1-thread-4] DEBUG o.a.h.c.p.RequestProxyAuthentication - Proxy auth state: UNCHALLENGED
20:46:22.758 [CreateStudentsDataDrivenTest-1-thread-4] DEBUG o.a.h.impl.client.DefaultHttpClient - Attempt 1 to execute request
20:46:22.758 [CreateStudentsDataDrivenTest-1-thread-4] DEBUG o.a.h.i.conn.DefaultClientConnection - Sending request: POST /student HTTP/1.1
20:46:22.758 [CreateStudentsDataDrivenTest-1-thread-4] DEBUG org.apache.http.wire -  >> "POST /student HTTP/1.1[\r][\n]"
20:46:22.759 [CreateStudentsDataDrivenTest-1-thread-4] DEBUG org.apache.http.wire -  >> "Accept: */*[\r][\n]"
20:46:22.759 [CreateStudentsDataDrivenTest-1-thread-4] DEBUG org.apache.http.wire -  >> "Content-Type: application/json; charset=UTF-8[\r][\n]"
20:46:22.759 [CreateStudentsDataDrivenTest-1-thread-4] DEBUG org.apache.http.wire -  >> "Content-Length: 127[\r][\n]"
20:46:22.759 [CreateStudentsDataDrivenTest-1-thread-4] DEBUG org.apache.http.wire -  >> "Host: localhost:8085[\r][\n]"
20:46:22.759 [CreateStudentsDataDrivenTest-1-thread-4] DEBUG org.apache.http.wire -  >> "Connection: Keep-Alive[\r][\n]"
20:46:22.759 [CreateStudentsDataDrivenTest-1-thread-4] DEBUG org.apache.http.wire -  >> "User-Agent: Apache-HttpClient/4.5.13 (Java/11.0.20)[\r][\n]"
20:46:22.759 [CreateStudentsDataDrivenTest-1-thread-4] DEBUG org.apache.http.wire -  >> "Accept-Encoding: gzip,deflate[\r][\n]"
20:46:22.759 [CreateStudentsDataDrivenTest-1-thread-4] DEBUG org.apache.http.wire -  >> "[\r][\n]"
20:46:22.759 [CreateStudentsDataDrivenTest-1-thread-4] DEBUG org.apache.http.headers - >> POST /student HTTP/1.1
20:46:22.759 [CreateStudentsDataDrivenTest-1-thread-4] DEBUG org.apache.http.headers - >> Accept: */*
20:46:22.759 [CreateStudentsDataDrivenTest-1-thread-4] DEBUG org.apache.http.headers - >> Content-Type: application/json; charset=UTF-8
20:46:22.759 [CreateStudentsDataDrivenTest-1-thread-4] DEBUG org.apache.http.headers - >> Content-Length: 127
20:46:22.759 [CreateStudentsDataDrivenTest-1-thread-4] DEBUG org.apache.http.headers - >> Host: localhost:8085
20:46:22.759 [CreateStudentsDataDrivenTest-1-thread-4] DEBUG org.apache.http.headers - >> Connection: Keep-Alive
20:46:22.759 [CreateStudentsDataDrivenTest-1-thread-4] DEBUG org.apache.http.headers - >> User-Agent: Apache-HttpClient/4.5.13 (Java/11.0.20)
20:46:22.759 [CreateStudentsDataDrivenTest-1-thread-4] DEBUG org.apache.http.headers - >> Accept-Encoding: gzip,deflate
20:46:22.759 [CreateStudentsDataDrivenTest-1-thread-4] DEBUG org.apache.http.wire -  >> "{"id":0,"firstName":"Doroteya","lastName":"Huggins","email":"dhuggins1r@pcworld.com","programme":"Mechanical","courses":["c#"]}"
20:46:22.788 [CreateStudentsDataDrivenTest-1-thread-3] DEBUG org.apache.http.wire -  << "HTTP/1.1 500 [\r][\n]"
20:46:22.788 [CreateStudentsDataDrivenTest-1-thread-3] DEBUG org.apache.http.wire -  << "Content-Type: application/json;charset=UTF-8[\r][\n]"
20:46:22.788 [CreateStudentsDataDrivenTest-1-thread-3] DEBUG org.apache.http.wire -  << "Transfer-Encoding: chunked[\r][\n]"
20:46:22.788 [CreateStudentsDataDrivenTest-1-thread-3] DEBUG org.apache.http.wire -  << "Date: Thu, 23 Nov 2023 15:16:22 GMT[\r][\n]"
20:46:22.788 [CreateStudentsDataDrivenTest-1-thread-3] DEBUG org.apache.http.wire -  << "Connection: close[\r][\n]"
20:46:22.788 [CreateStudentsDataDrivenTest-1-thread-3] DEBUG org.apache.http.wire -  << "[\r][\n]"
20:46:22.788 [CreateStudentsDataDrivenTest-1-thread-3] DEBUG o.a.h.i.conn.DefaultClientConnection - Receiving response: HTTP/1.1 500 
20:46:22.788 [CreateStudentsDataDrivenTest-1-thread-3] DEBUG org.apache.http.headers - << HTTP/1.1 500 
20:46:22.788 [CreateStudentsDataDrivenTest-1-thread-3] DEBUG org.apache.http.headers - << Content-Type: application/json;charset=UTF-8
20:46:22.788 [CreateStudentsDataDrivenTest-1-thread-3] DEBUG org.apache.http.headers - << Transfer-Encoding: chunked
20:46:22.788 [CreateStudentsDataDrivenTest-1-thread-3] DEBUG org.apache.http.headers - << Date: Thu, 23 Nov 2023 15:16:22 GMT
20:46:22.788 [CreateStudentsDataDrivenTest-1-thread-3] DEBUG org.apache.http.headers - << Connection: close
20:46:22.788 [CreateStudentsDataDrivenTest-1-thread-14] DEBUG org.apache.http.wire -  << "HTTP/1.1 500 [\r][\n]"
20:46:22.788 [CreateStudentsDataDrivenTest-1-thread-14] DEBUG org.apache.http.wire -  << "Content-Type: application/json;charset=UTF-8[\r][\n]"
20:46:22.788 [CreateStudentsDataDrivenTest-1-thread-14] DEBUG org.apache.http.wire -  << "Transfer-Encoding: chunked[\r][\n]"
20:46:22.788 [CreateStudentsDataDrivenTest-1-thread-14] DEBUG org.apache.http.wire -  << "Date: Thu, 23 Nov 2023 15:16:22 GMT[\r][\n]"
20:46:22.788 [CreateStudentsDataDrivenTest-1-thread-14] DEBUG org.apache.http.wire -  << "Connection: close[\r][\n]"
20:46:22.788 [CreateStudentsDataDrivenTest-1-thread-14] DEBUG org.apache.http.wire -  << "[\r][\n]"
20:46:22.788 [CreateStudentsDataDrivenTest-1-thread-14] DEBUG o.a.h.i.conn.DefaultClientConnection - Receiving response: HTTP/1.1 500 
20:46:22.788 [CreateStudentsDataDrivenTest-1-thread-14] DEBUG org.apache.http.headers - << HTTP/1.1 500 
20:46:22.788 [CreateStudentsDataDrivenTest-1-thread-14] DEBUG org.apache.http.headers - << Content-Type: application/json;charset=UTF-8
20:46:22.788 [CreateStudentsDataDrivenTest-1-thread-14] DEBUG org.apache.http.headers - << Transfer-Encoding: chunked
20:46:22.788 [CreateStudentsDataDrivenTest-1-thread-14] DEBUG org.apache.http.headers - << Date: Thu, 23 Nov 2023 15:16:22 GMT
20:46:22.789 [CreateStudentsDataDrivenTest-1-thread-14] DEBUG org.apache.http.headers - << Connection: close
20:46:22.789 [CreateStudentsDataDrivenTest-1-thread-3] DEBUG i.r.i.RequestSpecificationImpl$RestAssuredHttpBuilder - Parsing response as: application/json;charset=UTF-8
20:46:22.789 [CreateStudentsDataDrivenTest-1-thread-3] DEBUG i.r.i.RequestSpecificationImpl$RestAssuredHttpBuilder - Parsed data to instance of: class org.apache.http.conn.EofSensorInputStream
20:46:22.789 [CreateStudentsDataDrivenTest-1-thread-14] DEBUG i.r.i.RequestSpecificationImpl$RestAssuredHttpBuilder - Parsing response as: application/json;charset=UTF-8
20:46:22.789 [CreateStudentsDataDrivenTest-1-thread-14] DEBUG i.r.i.RequestSpecificationImpl$RestAssuredHttpBuilder - Parsed data to instance of: class org.apache.http.conn.EofSensorInputStream
20:46:22.789 [CreateStudentsDataDrivenTest-1-thread-3] DEBUG org.apache.http.wire -  << "28[\r][\n]"
20:46:22.789 [CreateStudentsDataDrivenTest-1-thread-14] DEBUG org.apache.http.wire -  << "28[\r][\n]"
20:46:22.789 [CreateStudentsDataDrivenTest-1-thread-3] DEBUG org.apache.http.wire -  << "{"error":"Email address already exists"}"
20:46:22.789 [CreateStudentsDataDrivenTest-1-thread-14] DEBUG org.apache.http.wire -  << "{"error":"Email address already exists"}"
20:46:22.789 [CreateStudentsDataDrivenTest-1-thread-3] DEBUG org.apache.http.wire -  << "[\r][\n]"
20:46:22.789 [CreateStudentsDataDrivenTest-1-thread-14] DEBUG org.apache.http.wire -  << "[\r][\n]"
20:46:22.789 [CreateStudentsDataDrivenTest-1-thread-3] DEBUG org.apache.http.wire -  << "0[\r][\n]"
20:46:22.789 [CreateStudentsDataDrivenTest-1-thread-14] DEBUG org.apache.http.wire -  << "0[\r][\n]"
20:46:22.789 [CreateStudentsDataDrivenTest-1-thread-3] DEBUG org.apache.http.wire -  << "[\r][\n]"
20:46:22.789 [CreateStudentsDataDrivenTest-1-thread-14] DEBUG org.apache.http.wire -  << "[\r][\n]"
20:46:22.789 [CreateStudentsDataDrivenTest-1-thread-3] DEBUG o.a.h.i.c.BasicClientConnectionManager - Releasing connection org.apache.http.impl.conn.ManagedClientConnectionImpl@43c63c6
20:46:22.789 [CreateStudentsDataDrivenTest-1-thread-14] DEBUG o.a.h.i.c.BasicClientConnectionManager - Releasing connection org.apache.http.impl.conn.ManagedClientConnectionImpl@42070189
20:46:22.790 [CreateStudentsDataDrivenTest-1-thread-14] DEBUG o.a.h.i.conn.DefaultClientConnection - Connection 0.0.0.0:54660<->127.0.0.1:8085 shut down
20:46:22.790 [CreateStudentsDataDrivenTest-1-thread-3] DEBUG o.a.h.i.conn.DefaultClientConnection - Connection 0.0.0.0:54653<->127.0.0.1:8085 shut down
20:46:22.793 [CreateStudentsDataDrivenTest-1-thread-14] DEBUG n.t.core.steps.StepInterceptor - STEP DONE: Creating student with FirstName: {0}, LastName: {1}, Email: {2}, Programme: {3}, Courses: {4}
20:46:22.793 [CreateStudentsDataDrivenTest-1-thread-3] DEBUG n.t.core.steps.StepInterceptor - STEP DONE: Creating student with FirstName: {0}, LastName: {1}, Email: {2}, Programme: {3}, Courses: {4}
]]></system-out>
  </testcase>
  <testcase name="createMultipleStudents" classname="com.studentapplication.junit.studentsinfo.CreateStudentsDataDrivenTest" time="0.261">
    <system-out><![CDATA[20:46:22.794 [CreateStudentsDataDrivenTest-1-thread-3] INFO   - 
  _____   ___   ___   _____     ___     _     ___   ___   ___   ___  
 |_   _| | __| / __| |_   _|   | _ \   /_\   / __| / __| | __| |   \ 
   | |   | _|  \__ \   | |     |  _/  / _ \  \__ \ \__ \ | _|  | |) |
   |_|   |___| |___/   |_|     |_|   /_/ \_\ |___/ |___/ |___| |___/ 

Data Driven Test for adding multiple students to the Student APp
----------------------------------------------------------------------
]]></system-out>
  </testcase>
  <testcase name="createMultipleStudents" classname="com.studentapplication.junit.studentsinfo.CreateStudentsDataDrivenTest" time="1.209">
    <system-out><![CDATA[20:46:22.804 [CreateStudentsDataDrivenTest-1-thread-14] DEBUG n.thucydides.core.steps.StepEventBus - Test suite started for class com.studentapplication.junit.studentsinfo.CreateStudentsDataDrivenTest
20:46:22.804 [CreateStudentsDataDrivenTest-1-thread-14] INFO   - Test Suite Started: Create students data driven test
20:46:22.804 [CreateStudentsDataDrivenTest-1-thread-14] DEBUG n.s.j.SerenityTestExecutionListener - Thread[CreateStudentsDataDrivenTest-1-thread-14,5,CreateStudentsDataDrivenTest-1] Test started TestIdentifier [uniqueId = [engine:junit-vintage]/[runner:com.studentapplication.junit.studentsinfo.CreateStudentsDataDrivenTest]/[test:com.studentapplication.junit.studentsinfo.CreateStudentsDataDrivenTest%5B65%5D]/[test:createMultipleStudents%5B65%5D(com.studentapplication.junit.studentsinfo.CreateStudentsDataDrivenTest)], parentId = [engine:junit-vintage]/[runner:com.studentapplication.junit.studentsinfo.CreateStudentsDataDrivenTest]/[test:com.studentapplication.junit.studentsinfo.CreateStudentsDataDrivenTest%5B65%5D], displayName = 'createMultipleStudents[65]', legacyReportingName = 'createMultipleStudents[65]', source = MethodSource [className = 'com.studentapplication.junit.studentsinfo.CreateStudentsDataDrivenTest', methodName = 'createMultipleStudents', methodParameterTypes = ''], tags = [], type = TEST]
20:46:22.804 [CreateStudentsDataDrivenTest-1-thread-14] INFO   - 
  _____   ___   ___   _____     ___   _____     _     ___   _____   ___   ___  
 |_   _| | __| / __| |_   _|   / __| |_   _|   /_\   | _ \ |_   _| | __| |   \ 
   | |   | _|  \__ \   | |     \__ \   | |    / _ \  |   /   | |   | _|  | |) |
   |_|   |___| |___/   |_|     |___/   |_|   /_/ \_\ |_|_\   |_|   |___| |___/ 

createMultipleStudents
--------------------------------------------------------------------------------
20:46:22.806 [CreateStudentsDataDrivenTest-1-thread-14] INFO   - 
  _____   ___   ___   _____     ___   _____     _     ___   _____   ___   ___  
 |_   _| | __| / __| |_   _|   / __| |_   _|   /_\   | _ \ |_   _| | __| |   \ 
   | |   | _|  \__ \   | |     \__ \   | |    / _ \  |   /   | |   | _|  | |) |
   |_|   |___| |___/   |_|     |___/   |_|   /_/ \_\ |_|_\   |_|   |___| |___/ 

createMultipleStudents[65]
--------------------------------------------------------------------------------
20:46:22.807 [CreateStudentsDataDrivenTest-1-thread-3] DEBUG n.thucydides.core.steps.StepEventBus - Test suite started for class com.studentapplication.junit.studentsinfo.CreateStudentsDataDrivenTest
20:46:22.807 [CreateStudentsDataDrivenTest-1-thread-3] INFO   - Test Suite Started: Create students data driven test
20:46:22.807 [CreateStudentsDataDrivenTest-1-thread-3] DEBUG n.s.j.SerenityTestExecutionListener - Thread[CreateStudentsDataDrivenTest-1-thread-3,5,CreateStudentsDataDrivenTest-1] Test started TestIdentifier [uniqueId = [engine:junit-vintage]/[runner:com.studentapplication.junit.studentsinfo.CreateStudentsDataDrivenTest]/[test:com.studentapplication.junit.studentsinfo.CreateStudentsDataDrivenTest%5B66%5D]/[test:createMultipleStudents%5B66%5D(com.studentapplication.junit.studentsinfo.CreateStudentsDataDrivenTest)], parentId = [engine:junit-vintage]/[runner:com.studentapplication.junit.studentsinfo.CreateStudentsDataDrivenTest]/[test:com.studentapplication.junit.studentsinfo.CreateStudentsDataDrivenTest%5B66%5D], displayName = 'createMultipleStudents[66]', legacyReportingName = 'createMultipleStudents[66]', source = MethodSource [className = 'com.studentapplication.junit.studentsinfo.CreateStudentsDataDrivenTest', methodName = 'createMultipleStudents', methodParameterTypes = ''], tags = [], type = TEST]
20:46:22.807 [CreateStudentsDataDrivenTest-1-thread-3] INFO   - 
  _____   ___   ___   _____     ___   _____     _     ___   _____   ___   ___  
 |_   _| | __| / __| |_   _|   / __| |_   _|   /_\   | _ \ |_   _| | __| |   \ 
   | |   | _|  \__ \   | |     \__ \   | |    / _ \  |   /   | |   | _|  | |) |
   |_|   |___| |___/   |_|     |___/   |_|   /_/ \_\ |_|_\   |_|   |___| |___/ 

createMultipleStudents
--------------------------------------------------------------------------------
20:46:22.808 [CreateStudentsDataDrivenTest-1-thread-3] INFO   - 
  _____   ___   ___   _____     ___   _____     _     ___   _____   ___   ___  
 |_   _| | __| / __| |_   _|   / __| |_   _|   /_\   | _ \ |_   _| | __| |   \ 
   | |   | _|  \__ \   | |     \__ \   | |    / _ \  |   /   | |   | _|  | |) |
   |_|   |___| |___/   |_|     |___/   |_|   /_/ \_\ |_|_\   |_|   |___| |___/ 

createMultipleStudents[66]
--------------------------------------------------------------------------------
20:46:22.811 [CreateStudentsDataDrivenTest-1-thread-14] DEBUG n.t.core.steps.StepInterceptor - STARTING STEP: CreateStudentsDataDrivenTest.createMultipleStudents - Creating student with FirstName: {0}, LastName: {1}, Email: {2}, Programme: {3}, Courses: {4}
20:46:22.814 [CreateStudentsDataDrivenTest-1-thread-3] DEBUG n.t.core.steps.StepInterceptor - STARTING STEP: CreateStudentsDataDrivenTest.createMultipleStudents - Creating student with FirstName: {0}, LastName: {1}, Email: {2}, Programme: {3}, Courses: {4}
20:46:22.820 [CreateStudentsDataDrivenTest-1-thread-14] DEBUG o.a.h.i.c.BasicClientConnectionManager - Get connection for route {}->http://localhost:8085
20:46:22.820 [CreateStudentsDataDrivenTest-1-thread-14] DEBUG o.a.h.i.c.DefaultClientConnectionOperator - Connecting to localhost:8085
20:46:22.821 [CreateStudentsDataDrivenTest-1-thread-14] DEBUG o.a.h.c.protocol.RequestAddCookies - CookieSpec selected: ignoreCookies
20:46:22.821 [CreateStudentsDataDrivenTest-1-thread-14] DEBUG o.a.h.c.protocol.RequestAuthCache - Auth cache not set in the context
20:46:22.821 [CreateStudentsDataDrivenTest-1-thread-14] DEBUG o.a.h.c.p.RequestTargetAuthentication - Target auth state: UNCHALLENGED
20:46:22.821 [CreateStudentsDataDrivenTest-1-thread-14] DEBUG o.a.h.c.p.RequestProxyAuthentication - Proxy auth state: UNCHALLENGED
20:46:22.821 [CreateStudentsDataDrivenTest-1-thread-14] DEBUG o.a.h.impl.client.DefaultHttpClient - Attempt 1 to execute request
20:46:22.821 [CreateStudentsDataDrivenTest-1-thread-14] DEBUG o.a.h.i.conn.DefaultClientConnection - Sending request: POST /student HTTP/1.1
20:46:22.821 [CreateStudentsDataDrivenTest-1-thread-14] DEBUG org.apache.http.wire -  >> "POST /student HTTP/1.1[\r][\n]"
20:46:22.821 [CreateStudentsDataDrivenTest-1-thread-14] DEBUG org.apache.http.wire -  >> "Accept: */*[\r][\n]"
20:46:22.821 [CreateStudentsDataDrivenTest-1-thread-14] DEBUG org.apache.http.wire -  >> "Content-Type: application/json; charset=UTF-8[\r][\n]"
20:46:22.821 [CreateStudentsDataDrivenTest-1-thread-14] DEBUG org.apache.http.wire -  >> "Content-Length: 132[\r][\n]"
20:46:22.821 [CreateStudentsDataDrivenTest-1-thread-14] DEBUG org.apache.http.wire -  >> "Host: localhost:8085[\r][\n]"
20:46:22.821 [CreateStudentsDataDrivenTest-1-thread-14] DEBUG org.apache.http.wire -  >> "Connection: Keep-Alive[\r][\n]"
20:46:22.821 [CreateStudentsDataDrivenTest-1-thread-14] DEBUG org.apache.http.wire -  >> "User-Agent: Apache-HttpClient/4.5.13 (Java/11.0.20)[\r][\n]"
20:46:22.821 [CreateStudentsDataDrivenTest-1-thread-14] DEBUG org.apache.http.wire -  >> "Accept-Encoding: gzip,deflate[\r][\n]"
20:46:22.821 [CreateStudentsDataDrivenTest-1-thread-14] DEBUG org.apache.http.wire -  >> "[\r][\n]"
20:46:22.821 [CreateStudentsDataDrivenTest-1-thread-14] DEBUG org.apache.http.headers - >> POST /student HTTP/1.1
20:46:22.821 [CreateStudentsDataDrivenTest-1-thread-14] DEBUG org.apache.http.headers - >> Accept: */*
20:46:22.821 [CreateStudentsDataDrivenTest-1-thread-14] DEBUG org.apache.http.headers - >> Content-Type: application/json; charset=UTF-8
20:46:22.821 [CreateStudentsDataDrivenTest-1-thread-14] DEBUG org.apache.http.headers - >> Content-Length: 132
20:46:22.821 [CreateStudentsDataDrivenTest-1-thread-14] DEBUG org.apache.http.headers - >> Host: localhost:8085
20:46:22.821 [CreateStudentsDataDrivenTest-1-thread-14] DEBUG org.apache.http.headers - >> Connection: Keep-Alive
20:46:22.821 [CreateStudentsDataDrivenTest-1-thread-14] DEBUG org.apache.http.headers - >> User-Agent: Apache-HttpClient/4.5.13 (Java/11.0.20)
20:46:22.821 [CreateStudentsDataDrivenTest-1-thread-14] DEBUG org.apache.http.headers - >> Accept-Encoding: gzip,deflate
20:46:22.821 [CreateStudentsDataDrivenTest-1-thread-14] DEBUG org.apache.http.wire -  >> "{"id":0,"firstName":"Vernon","lastName":"Rowbury","email":"vrowbury1t@ycombinator.com","programme":"Mechanical","courses":["scala"]}"
20:46:22.823 [CreateStudentsDataDrivenTest-1-thread-3] DEBUG o.a.h.i.c.BasicClientConnectionManager - Get connection for route {}->http://localhost:8085
20:46:22.823 [CreateStudentsDataDrivenTest-1-thread-3] DEBUG o.a.h.i.c.DefaultClientConnectionOperator - Connecting to localhost:8085
20:46:22.823 [CreateStudentsDataDrivenTest-1-thread-3] DEBUG o.a.h.c.protocol.RequestAddCookies - CookieSpec selected: ignoreCookies
20:46:22.823 [CreateStudentsDataDrivenTest-1-thread-3] DEBUG o.a.h.c.protocol.RequestAuthCache - Auth cache not set in the context
20:46:22.823 [CreateStudentsDataDrivenTest-1-thread-3] DEBUG o.a.h.c.p.RequestTargetAuthentication - Target auth state: UNCHALLENGED
20:46:22.823 [CreateStudentsDataDrivenTest-1-thread-3] DEBUG o.a.h.c.p.RequestProxyAuthentication - Proxy auth state: UNCHALLENGED
20:46:22.823 [CreateStudentsDataDrivenTest-1-thread-3] DEBUG o.a.h.impl.client.DefaultHttpClient - Attempt 1 to execute request
20:46:22.823 [CreateStudentsDataDrivenTest-1-thread-3] DEBUG o.a.h.i.conn.DefaultClientConnection - Sending request: POST /student HTTP/1.1
20:46:22.823 [CreateStudentsDataDrivenTest-1-thread-3] DEBUG org.apache.http.wire -  >> "POST /student HTTP/1.1[\r][\n]"
20:46:22.823 [CreateStudentsDataDrivenTest-1-thread-3] DEBUG org.apache.http.wire -  >> "Accept: */*[\r][\n]"
20:46:22.823 [CreateStudentsDataDrivenTest-1-thread-3] DEBUG org.apache.http.wire -  >> "Content-Type: application/json; charset=UTF-8[\r][\n]"
20:46:22.823 [CreateStudentsDataDrivenTest-1-thread-3] DEBUG org.apache.http.wire -  >> "Content-Length: 131[\r][\n]"
20:46:22.823 [CreateStudentsDataDrivenTest-1-thread-3] DEBUG org.apache.http.wire -  >> "Host: localhost:8085[\r][\n]"
20:46:22.823 [CreateStudentsDataDrivenTest-1-thread-3] DEBUG org.apache.http.wire -  >> "Connection: Keep-Alive[\r][\n]"
20:46:22.823 [CreateStudentsDataDrivenTest-1-thread-3] DEBUG org.apache.http.wire -  >> "User-Agent: Apache-HttpClient/4.5.13 (Java/11.0.20)[\r][\n]"
20:46:22.823 [CreateStudentsDataDrivenTest-1-thread-3] DEBUG org.apache.http.wire -  >> "Accept-Encoding: gzip,deflate[\r][\n]"
20:46:22.823 [CreateStudentsDataDrivenTest-1-thread-3] DEBUG org.apache.http.wire -  >> "[\r][\n]"
20:46:22.823 [CreateStudentsDataDrivenTest-1-thread-3] DEBUG org.apache.http.headers - >> POST /student HTTP/1.1
20:46:22.823 [CreateStudentsDataDrivenTest-1-thread-3] DEBUG org.apache.http.headers - >> Accept: */*
20:46:22.823 [CreateStudentsDataDrivenTest-1-thread-3] DEBUG org.apache.http.headers - >> Content-Type: application/json; charset=UTF-8
20:46:22.823 [CreateStudentsDataDrivenTest-1-thread-3] DEBUG org.apache.http.headers - >> Content-Length: 131
20:46:22.823 [CreateStudentsDataDrivenTest-1-thread-3] DEBUG org.apache.http.headers - >> Host: localhost:8085
20:46:22.823 [CreateStudentsDataDrivenTest-1-thread-3] DEBUG org.apache.http.headers - >> Connection: Keep-Alive
20:46:22.823 [CreateStudentsDataDrivenTest-1-thread-3] DEBUG org.apache.http.headers - >> User-Agent: Apache-HttpClient/4.5.13 (Java/11.0.20)
20:46:22.823 [CreateStudentsDataDrivenTest-1-thread-3] DEBUG org.apache.http.headers - >> Accept-Encoding: gzip,deflate
20:46:22.824 [CreateStudentsDataDrivenTest-1-thread-3] DEBUG org.apache.http.wire -  >> "{"id":0,"firstName":"Josias","lastName":"Slany","email":"jslany1u@creativecommons.org","programme":"Electrical","courses":["java"]}"
20:46:22.843 [CreateStudentsDataDrivenTest-1-thread-8] DEBUG org.apache.http.wire -  << "HTTP/1.1 500 [\r][\n]"
20:46:22.843 [CreateStudentsDataDrivenTest-1-thread-8] DEBUG org.apache.http.wire -  << "Content-Type: application/json;charset=UTF-8[\r][\n]"
20:46:22.843 [CreateStudentsDataDrivenTest-1-thread-8] DEBUG org.apache.http.wire -  << "Transfer-Encoding: chunked[\r][\n]"
20:46:22.843 [CreateStudentsDataDrivenTest-1-thread-8] DEBUG org.apache.http.wire -  << "Date: Thu, 23 Nov 2023 15:16:22 GMT[\r][\n]"
20:46:22.843 [CreateStudentsDataDrivenTest-1-thread-8] DEBUG org.apache.http.wire -  << "Connection: close[\r][\n]"
20:46:22.843 [CreateStudentsDataDrivenTest-1-thread-8] DEBUG org.apache.http.wire -  << "[\r][\n]"
20:46:22.843 [CreateStudentsDataDrivenTest-1-thread-8] DEBUG o.a.h.i.conn.DefaultClientConnection - Receiving response: HTTP/1.1 500 
20:46:22.843 [CreateStudentsDataDrivenTest-1-thread-8] DEBUG org.apache.http.headers - << HTTP/1.1 500 
20:46:22.843 [CreateStudentsDataDrivenTest-1-thread-8] DEBUG org.apache.http.headers - << Content-Type: application/json;charset=UTF-8
20:46:22.843 [CreateStudentsDataDrivenTest-1-thread-8] DEBUG org.apache.http.headers - << Transfer-Encoding: chunked
20:46:22.843 [CreateStudentsDataDrivenTest-1-thread-8] DEBUG org.apache.http.headers - << Date: Thu, 23 Nov 2023 15:16:22 GMT
20:46:22.843 [CreateStudentsDataDrivenTest-1-thread-8] DEBUG org.apache.http.headers - << Connection: close
20:46:22.843 [CreateStudentsDataDrivenTest-1-thread-8] DEBUG i.r.i.RequestSpecificationImpl$RestAssuredHttpBuilder - Parsing response as: application/json;charset=UTF-8
20:46:22.843 [CreateStudentsDataDrivenTest-1-thread-8] DEBUG i.r.i.RequestSpecificationImpl$RestAssuredHttpBuilder - Parsed data to instance of: class org.apache.http.conn.EofSensorInputStream
20:46:22.844 [CreateStudentsDataDrivenTest-1-thread-8] DEBUG org.apache.http.wire -  << "28[\r][\n]"
20:46:22.844 [CreateStudentsDataDrivenTest-1-thread-8] DEBUG org.apache.http.wire -  << "{"error":"Email address already exists"}"
20:46:22.844 [CreateStudentsDataDrivenTest-1-thread-8] DEBUG org.apache.http.wire -  << "[\r][\n]"
20:46:22.844 [CreateStudentsDataDrivenTest-1-thread-8] DEBUG org.apache.http.wire -  << "0[\r][\n]"
20:46:22.844 [CreateStudentsDataDrivenTest-1-thread-8] DEBUG org.apache.http.wire -  << "[\r][\n]"
20:46:22.844 [CreateStudentsDataDrivenTest-1-thread-8] DEBUG o.a.h.i.c.BasicClientConnectionManager - Releasing connection org.apache.http.impl.conn.ManagedClientConnectionImpl@5b30a039
20:46:22.845 [CreateStudentsDataDrivenTest-1-thread-8] DEBUG o.a.h.i.conn.DefaultClientConnection - Connection 0.0.0.0:54640<->127.0.0.1:8085 shut down
20:46:22.849 [CreateStudentsDataDrivenTest-1-thread-8] DEBUG n.t.core.steps.StepInterceptor - STEP DONE: Creating student with FirstName: {0}, LastName: {1}, Email: {2}, Programme: {3}, Courses: {4}
]]></system-out>
  </testcase>
  <testcase name="createMultipleStudents" classname="com.studentapplication.junit.studentsinfo.CreateStudentsDataDrivenTest" time="1.121">
    <system-out><![CDATA[20:46:22.855 [CreateStudentsDataDrivenTest-1-thread-8] DEBUG n.thucydides.core.steps.StepEventBus - Test suite started for class com.studentapplication.junit.studentsinfo.CreateStudentsDataDrivenTest
20:46:22.855 [CreateStudentsDataDrivenTest-1-thread-8] INFO   - Test Suite Started: Create students data driven test
20:46:22.855 [CreateStudentsDataDrivenTest-1-thread-8] DEBUG n.s.j.SerenityTestExecutionListener - Thread[CreateStudentsDataDrivenTest-1-thread-8,5,CreateStudentsDataDrivenTest-1] Test started TestIdentifier [uniqueId = [engine:junit-vintage]/[runner:com.studentapplication.junit.studentsinfo.CreateStudentsDataDrivenTest]/[test:com.studentapplication.junit.studentsinfo.CreateStudentsDataDrivenTest%5B67%5D]/[test:createMultipleStudents%5B67%5D(com.studentapplication.junit.studentsinfo.CreateStudentsDataDrivenTest)], parentId = [engine:junit-vintage]/[runner:com.studentapplication.junit.studentsinfo.CreateStudentsDataDrivenTest]/[test:com.studentapplication.junit.studentsinfo.CreateStudentsDataDrivenTest%5B67%5D], displayName = 'createMultipleStudents[67]', legacyReportingName = 'createMultipleStudents[67]', source = MethodSource [className = 'com.studentapplication.junit.studentsinfo.CreateStudentsDataDrivenTest', methodName = 'createMultipleStudents', methodParameterTypes = ''], tags = [], type = TEST]
20:46:22.855 [CreateStudentsDataDrivenTest-1-thread-8] INFO   - 
  _____   ___   ___   _____     ___   _____     _     ___   _____   ___   ___  
 |_   _| | __| / __| |_   _|   / __| |_   _|   /_\   | _ \ |_   _| | __| |   \ 
   | |   | _|  \__ \   | |     \__ \   | |    / _ \  |   /   | |   | _|  | |) |
   |_|   |___| |___/   |_|     |___/   |_|   /_/ \_\ |_|_\   |_|   |___| |___/ 

createMultipleStudents
--------------------------------------------------------------------------------
20:46:22.858 [CreateStudentsDataDrivenTest-1-thread-8] INFO   - 
  _____   ___   ___   _____     ___   _____     _     ___   _____   ___   ___  
 |_   _| | __| / __| |_   _|   / __| |_   _|   /_\   | _ \ |_   _| | __| |   \ 
   | |   | _|  \__ \   | |     \__ \   | |    / _ \  |   /   | |   | _|  | |) |
   |_|   |___| |___/   |_|     |___/   |_|   /_/ \_\ |_|_\   |_|   |___| |___/ 

createMultipleStudents[67]
--------------------------------------------------------------------------------
20:46:22.861 [CreateStudentsDataDrivenTest-1-thread-8] DEBUG n.t.core.steps.StepInterceptor - STARTING STEP: CreateStudentsDataDrivenTest.createMultipleStudents - Creating student with FirstName: {0}, LastName: {1}, Email: {2}, Programme: {3}, Courses: {4}
20:46:22.869 [CreateStudentsDataDrivenTest-1-thread-8] DEBUG o.a.h.i.c.BasicClientConnectionManager - Get connection for route {}->http://localhost:8085
20:46:22.869 [CreateStudentsDataDrivenTest-1-thread-8] DEBUG o.a.h.i.c.DefaultClientConnectionOperator - Connecting to localhost:8085
20:46:22.870 [CreateStudentsDataDrivenTest-1-thread-8] DEBUG o.a.h.c.protocol.RequestAddCookies - CookieSpec selected: ignoreCookies
20:46:22.870 [CreateStudentsDataDrivenTest-1-thread-8] DEBUG o.a.h.c.protocol.RequestAuthCache - Auth cache not set in the context
20:46:22.870 [CreateStudentsDataDrivenTest-1-thread-8] DEBUG o.a.h.c.p.RequestTargetAuthentication - Target auth state: UNCHALLENGED
20:46:22.870 [CreateStudentsDataDrivenTest-1-thread-8] DEBUG o.a.h.c.p.RequestProxyAuthentication - Proxy auth state: UNCHALLENGED
20:46:22.870 [CreateStudentsDataDrivenTest-1-thread-8] DEBUG o.a.h.impl.client.DefaultHttpClient - Attempt 1 to execute request
20:46:22.870 [CreateStudentsDataDrivenTest-1-thread-8] DEBUG o.a.h.i.conn.DefaultClientConnection - Sending request: POST /student HTTP/1.1
20:46:22.870 [CreateStudentsDataDrivenTest-1-thread-8] DEBUG org.apache.http.wire -  >> "POST /student HTTP/1.1[\r][\n]"
20:46:22.870 [CreateStudentsDataDrivenTest-1-thread-8] DEBUG org.apache.http.wire -  >> "Accept: */*[\r][\n]"
20:46:22.870 [CreateStudentsDataDrivenTest-1-thread-8] DEBUG org.apache.http.wire -  >> "Content-Type: application/json; charset=UTF-8[\r][\n]"
20:46:22.870 [CreateStudentsDataDrivenTest-1-thread-8] DEBUG org.apache.http.wire -  >> "Content-Length: 145[\r][\n]"
20:46:22.870 [CreateStudentsDataDrivenTest-1-thread-8] DEBUG org.apache.http.wire -  >> "Host: localhost:8085[\r][\n]"
20:46:22.870 [CreateStudentsDataDrivenTest-1-thread-8] DEBUG org.apache.http.wire -  >> "Connection: Keep-Alive[\r][\n]"
20:46:22.870 [CreateStudentsDataDrivenTest-1-thread-8] DEBUG org.apache.http.wire -  >> "User-Agent: Apache-HttpClient/4.5.13 (Java/11.0.20)[\r][\n]"
20:46:22.870 [CreateStudentsDataDrivenTest-1-thread-8] DEBUG org.apache.http.wire -  >> "Accept-Encoding: gzip,deflate[\r][\n]"
20:46:22.870 [CreateStudentsDataDrivenTest-1-thread-8] DEBUG org.apache.http.wire -  >> "[\r][\n]"
20:46:22.870 [CreateStudentsDataDrivenTest-1-thread-8] DEBUG org.apache.http.headers - >> POST /student HTTP/1.1
20:46:22.870 [CreateStudentsDataDrivenTest-1-thread-8] DEBUG org.apache.http.headers - >> Accept: */*
20:46:22.870 [CreateStudentsDataDrivenTest-1-thread-8] DEBUG org.apache.http.headers - >> Content-Type: application/json; charset=UTF-8
20:46:22.870 [CreateStudentsDataDrivenTest-1-thread-8] DEBUG org.apache.http.headers - >> Content-Length: 145
20:46:22.870 [CreateStudentsDataDrivenTest-1-thread-8] DEBUG org.apache.http.headers - >> Host: localhost:8085
20:46:22.870 [CreateStudentsDataDrivenTest-1-thread-8] DEBUG org.apache.http.headers - >> Connection: Keep-Alive
20:46:22.870 [CreateStudentsDataDrivenTest-1-thread-8] DEBUG org.apache.http.headers - >> User-Agent: Apache-HttpClient/4.5.13 (Java/11.0.20)
20:46:22.870 [CreateStudentsDataDrivenTest-1-thread-8] DEBUG org.apache.http.headers - >> Accept-Encoding: gzip,deflate
20:46:22.870 [CreateStudentsDataDrivenTest-1-thread-8] DEBUG org.apache.http.wire -  >> "{"id":0,"firstName":"Cristie","lastName":"Matzkaitis","email":"cmatzkaitis1v@stumbleupon.com","programme":"Computer Science","courses":["scala"]}"
20:46:22.871 [CreateStudentsDataDrivenTest-1-thread-15] DEBUG org.apache.http.wire -  << "HTTP/1.1 500 [\r][\n]"
20:46:22.871 [CreateStudentsDataDrivenTest-1-thread-13] DEBUG org.apache.http.wire -  << "HTTP/1.1 500 [\r][\n]"
20:46:22.871 [CreateStudentsDataDrivenTest-1-thread-15] DEBUG org.apache.http.wire -  << "Content-Type: application/json;charset=UTF-8[\r][\n]"
20:46:22.871 [CreateStudentsDataDrivenTest-1-thread-15] DEBUG org.apache.http.wire -  << "Transfer-Encoding: chunked[\r][\n]"
20:46:22.871 [CreateStudentsDataDrivenTest-1-thread-13] DEBUG org.apache.http.wire -  << "Content-Type: application/json;charset=UTF-8[\r][\n]"
20:46:22.871 [CreateStudentsDataDrivenTest-1-thread-15] DEBUG org.apache.http.wire -  << "Date: Thu, 23 Nov 2023 15:16:22 GMT[\r][\n]"
20:46:22.871 [CreateStudentsDataDrivenTest-1-thread-13] DEBUG org.apache.http.wire -  << "Transfer-Encoding: chunked[\r][\n]"
20:46:22.871 [CreateStudentsDataDrivenTest-1-thread-15] DEBUG org.apache.http.wire -  << "Connection: close[\r][\n]"
20:46:22.871 [CreateStudentsDataDrivenTest-1-thread-13] DEBUG org.apache.http.wire -  << "Date: Thu, 23 Nov 2023 15:16:22 GMT[\r][\n]"
20:46:22.871 [CreateStudentsDataDrivenTest-1-thread-15] DEBUG org.apache.http.wire -  << "[\r][\n]"
20:46:22.871 [CreateStudentsDataDrivenTest-1-thread-13] DEBUG org.apache.http.wire -  << "Connection: close[\r][\n]"
20:46:22.871 [CreateStudentsDataDrivenTest-1-thread-13] DEBUG org.apache.http.wire -  << "[\r][\n]"
20:46:22.871 [CreateStudentsDataDrivenTest-1-thread-13] DEBUG o.a.h.i.conn.DefaultClientConnection - Receiving response: HTTP/1.1 500 
20:46:22.871 [CreateStudentsDataDrivenTest-1-thread-15] DEBUG o.a.h.i.conn.DefaultClientConnection - Receiving response: HTTP/1.1 500 
20:46:22.871 [CreateStudentsDataDrivenTest-1-thread-15] DEBUG org.apache.http.headers - << HTTP/1.1 500 
20:46:22.871 [CreateStudentsDataDrivenTest-1-thread-13] DEBUG org.apache.http.headers - << HTTP/1.1 500 
20:46:22.871 [CreateStudentsDataDrivenTest-1-thread-13] DEBUG org.apache.http.headers - << Content-Type: application/json;charset=UTF-8
20:46:22.871 [CreateStudentsDataDrivenTest-1-thread-13] DEBUG org.apache.http.headers - << Transfer-Encoding: chunked
20:46:22.871 [CreateStudentsDataDrivenTest-1-thread-15] DEBUG org.apache.http.headers - << Content-Type: application/json;charset=UTF-8
20:46:22.871 [CreateStudentsDataDrivenTest-1-thread-13] DEBUG org.apache.http.headers - << Date: Thu, 23 Nov 2023 15:16:22 GMT
20:46:22.871 [CreateStudentsDataDrivenTest-1-thread-13] DEBUG org.apache.http.headers - << Connection: close
20:46:22.871 [CreateStudentsDataDrivenTest-1-thread-15] DEBUG org.apache.http.headers - << Transfer-Encoding: chunked
20:46:22.871 [CreateStudentsDataDrivenTest-1-thread-15] DEBUG org.apache.http.headers - << Date: Thu, 23 Nov 2023 15:16:22 GMT
20:46:22.871 [CreateStudentsDataDrivenTest-1-thread-15] DEBUG org.apache.http.headers - << Connection: close
20:46:22.871 [CreateStudentsDataDrivenTest-1-thread-15] DEBUG i.r.i.RequestSpecificationImpl$RestAssuredHttpBuilder - Parsing response as: application/json;charset=UTF-8
20:46:22.871 [CreateStudentsDataDrivenTest-1-thread-13] DEBUG i.r.i.RequestSpecificationImpl$RestAssuredHttpBuilder - Parsing response as: application/json;charset=UTF-8
20:46:22.872 [CreateStudentsDataDrivenTest-1-thread-15] DEBUG i.r.i.RequestSpecificationImpl$RestAssuredHttpBuilder - Parsed data to instance of: class org.apache.http.conn.EofSensorInputStream
20:46:22.872 [CreateStudentsDataDrivenTest-1-thread-13] DEBUG i.r.i.RequestSpecificationImpl$RestAssuredHttpBuilder - Parsed data to instance of: class org.apache.http.conn.EofSensorInputStream
20:46:22.872 [CreateStudentsDataDrivenTest-1-thread-13] DEBUG org.apache.http.wire -  << "28[\r][\n]"
20:46:22.872 [CreateStudentsDataDrivenTest-1-thread-13] DEBUG org.apache.http.wire -  << "{"error":"Email address already exists"}"
20:46:22.872 [CreateStudentsDataDrivenTest-1-thread-13] DEBUG org.apache.http.wire -  << "[\r][\n]"
20:46:22.872 [CreateStudentsDataDrivenTest-1-thread-15] DEBUG org.apache.http.wire -  << "28[\r][\n]"
20:46:22.872 [CreateStudentsDataDrivenTest-1-thread-15] DEBUG org.apache.http.wire -  << "{"error":"Email address already exists"}"
20:46:22.872 [CreateStudentsDataDrivenTest-1-thread-15] DEBUG org.apache.http.wire -  << "[\r][\n]"
20:46:22.872 [CreateStudentsDataDrivenTest-1-thread-15] DEBUG org.apache.http.wire -  << "0[\r][\n]"
20:46:22.872 [CreateStudentsDataDrivenTest-1-thread-15] DEBUG org.apache.http.wire -  << "[\r][\n]"
20:46:22.872 [CreateStudentsDataDrivenTest-1-thread-15] DEBUG o.a.h.i.c.BasicClientConnectionManager - Releasing connection org.apache.http.impl.conn.ManagedClientConnectionImpl@e6b8ee4
20:46:22.872 [CreateStudentsDataDrivenTest-1-thread-15] DEBUG o.a.h.i.conn.DefaultClientConnection - Connection 0.0.0.0:54643<->127.0.0.1:8085 shut down
20:46:22.879 [CreateStudentsDataDrivenTest-1-thread-15] DEBUG n.t.core.steps.StepInterceptor - STEP DONE: Creating student with FirstName: {0}, LastName: {1}, Email: {2}, Programme: {3}, Courses: {4}
20:46:22.879 [CreateStudentsDataDrivenTest-1-thread-13] DEBUG org.apache.http.wire -  << "0[\r][\n]"
20:46:22.879 [CreateStudentsDataDrivenTest-1-thread-13] DEBUG org.apache.http.wire -  << "[\r][\n]"
20:46:22.879 [CreateStudentsDataDrivenTest-1-thread-13] DEBUG o.a.h.i.c.BasicClientConnectionManager - Releasing connection org.apache.http.impl.conn.ManagedClientConnectionImpl@743620d2
]]></system-out>
  </testcase>
  <testcase name="createMultipleStudents" classname="com.studentapplication.junit.studentsinfo.CreateStudentsDataDrivenTest" time="0.474">
    <system-out><![CDATA[20:46:22.884 [CreateStudentsDataDrivenTest-1-thread-15] DEBUG n.thucydides.core.steps.StepEventBus - Test suite started for class com.studentapplication.junit.studentsinfo.CreateStudentsDataDrivenTest
20:46:22.884 [CreateStudentsDataDrivenTest-1-thread-15] INFO   - Test Suite Started: Create students data driven test
20:46:22.884 [CreateStudentsDataDrivenTest-1-thread-15] DEBUG n.s.j.SerenityTestExecutionListener - Thread[CreateStudentsDataDrivenTest-1-thread-15,5,CreateStudentsDataDrivenTest-1] Test started TestIdentifier [uniqueId = [engine:junit-vintage]/[runner:com.studentapplication.junit.studentsinfo.CreateStudentsDataDrivenTest]/[test:com.studentapplication.junit.studentsinfo.CreateStudentsDataDrivenTest%5B68%5D]/[test:createMultipleStudents%5B68%5D(com.studentapplication.junit.studentsinfo.CreateStudentsDataDrivenTest)], parentId = [engine:junit-vintage]/[runner:com.studentapplication.junit.studentsinfo.CreateStudentsDataDrivenTest]/[test:com.studentapplication.junit.studentsinfo.CreateStudentsDataDrivenTest%5B68%5D], displayName = 'createMultipleStudents[68]', legacyReportingName = 'createMultipleStudents[68]', source = MethodSource [className = 'com.studentapplication.junit.studentsinfo.CreateStudentsDataDrivenTest', methodName = 'createMultipleStudents', methodParameterTypes = ''], tags = [], type = TEST]
20:46:22.884 [CreateStudentsDataDrivenTest-1-thread-15] INFO   - 
  _____   ___   ___   _____     ___   _____     _     ___   _____   ___   ___  
 |_   _| | __| / __| |_   _|   / __| |_   _|   /_\   | _ \ |_   _| | __| |   \ 
   | |   | _|  \__ \   | |     \__ \   | |    / _ \  |   /   | |   | _|  | |) |
   |_|   |___| |___/   |_|     |___/   |_|   /_/ \_\ |_|_\   |_|   |___| |___/ 

createMultipleStudents
--------------------------------------------------------------------------------
20:46:22.883 [CreateStudentsDataDrivenTest-1-thread-13] DEBUG n.t.core.steps.StepInterceptor - STEP DONE: Creating student with FirstName: {0}, LastName: {1}, Email: {2}, Programme: {3}, Courses: {4}
20:46:22.882 [CreateStudentsDataDrivenTest-1-thread-16] DEBUG org.apache.http.wire -  << "HTTP/1.1 500 [\r][\n]"
20:46:22.885 [CreateStudentsDataDrivenTest-1-thread-16] DEBUG org.apache.http.wire -  << "Content-Type: application/json;charset=UTF-8[\r][\n]"
20:46:22.885 [CreateStudentsDataDrivenTest-1-thread-15] INFO   - 
  _____   ___   ___   _____     ___   _____     _     ___   _____   ___   ___  
 |_   _| | __| / __| |_   _|   / __| |_   _|   /_\   | _ \ |_   _| | __| |   \ 
   | |   | _|  \__ \   | |     \__ \   | |    / _ \  |   /   | |   | _|  | |) |
   |_|   |___| |___/   |_|     |___/   |_|   /_/ \_\ |_|_\   |_|   |___| |___/ 

createMultipleStudents[68]
--------------------------------------------------------------------------------
20:46:22.885 [CreateStudentsDataDrivenTest-1-thread-16] DEBUG org.apache.http.wire -  << "Transfer-Encoding: chunked[\r][\n]"
20:46:22.885 [CreateStudentsDataDrivenTest-1-thread-16] DEBUG org.apache.http.wire -  << "Date: Thu, 23 Nov 2023 15:16:22 GMT[\r][\n]"
20:46:22.885 [CreateStudentsDataDrivenTest-1-thread-16] DEBUG org.apache.http.wire -  << "Connection: close[\r][\n]"
20:46:22.885 [CreateStudentsDataDrivenTest-1-thread-16] DEBUG org.apache.http.wire -  << "[\r][\n]"
20:46:22.886 [CreateStudentsDataDrivenTest-1-thread-16] DEBUG o.a.h.i.conn.DefaultClientConnection - Receiving response: HTTP/1.1 500 
20:46:22.886 [CreateStudentsDataDrivenTest-1-thread-16] DEBUG org.apache.http.headers - << HTTP/1.1 500 
20:46:22.886 [CreateStudentsDataDrivenTest-1-thread-16] DEBUG org.apache.http.headers - << Content-Type: application/json;charset=UTF-8
20:46:22.886 [CreateStudentsDataDrivenTest-1-thread-16] DEBUG org.apache.http.headers - << Transfer-Encoding: chunked
20:46:22.886 [CreateStudentsDataDrivenTest-1-thread-16] DEBUG org.apache.http.headers - << Date: Thu, 23 Nov 2023 15:16:22 GMT
20:46:22.886 [CreateStudentsDataDrivenTest-1-thread-16] DEBUG org.apache.http.headers - << Connection: close
20:46:22.886 [CreateStudentsDataDrivenTest-1-thread-16] DEBUG i.r.i.RequestSpecificationImpl$RestAssuredHttpBuilder - Parsing response as: application/json;charset=UTF-8
20:46:22.886 [CreateStudentsDataDrivenTest-1-thread-16] DEBUG i.r.i.RequestSpecificationImpl$RestAssuredHttpBuilder - Parsed data to instance of: class org.apache.http.conn.EofSensorInputStream
20:46:22.887 [CreateStudentsDataDrivenTest-1-thread-16] DEBUG org.apache.http.wire -  << "28[\r][\n]"
20:46:22.887 [CreateStudentsDataDrivenTest-1-thread-16] DEBUG org.apache.http.wire -  << "{"error":"Email address already exists"}"
20:46:22.887 [CreateStudentsDataDrivenTest-1-thread-16] DEBUG org.apache.http.wire -  << "[\r][\n]"
20:46:22.887 [CreateStudentsDataDrivenTest-1-thread-16] DEBUG org.apache.http.wire -  << "0[\r][\n]"
20:46:22.887 [CreateStudentsDataDrivenTest-1-thread-16] DEBUG org.apache.http.wire -  << "[\r][\n]"
20:46:22.887 [CreateStudentsDataDrivenTest-1-thread-16] DEBUG o.a.h.i.c.BasicClientConnectionManager - Releasing connection org.apache.http.impl.conn.ManagedClientConnectionImpl@b1cc38a
20:46:22.888 [CreateStudentsDataDrivenTest-1-thread-16] DEBUG o.a.h.i.conn.DefaultClientConnection - Connection 0.0.0.0:54644<->127.0.0.1:8085 shut down
20:46:22.888 [CreateStudentsDataDrivenTest-1-thread-9] DEBUG n.t.core.steps.StepInterceptor - STEP DONE: Creating student with FirstName: {0}, LastName: {1}, Email: {2}, Programme: {3}, Courses: {4}
]]></system-out>
  </testcase>
  <testcase name="createMultipleStudents" classname="com.studentapplication.junit.studentsinfo.CreateStudentsDataDrivenTest" time="1.194">
    <system-out><![CDATA[20:46:22.895 [CreateStudentsDataDrivenTest-1-thread-16] DEBUG n.t.core.steps.StepInterceptor - STEP DONE: Creating student with FirstName: {0}, LastName: {1}, Email: {2}, Programme: {3}, Courses: {4}
20:46:22.899 [CreateStudentsDataDrivenTest-1-thread-9] DEBUG n.thucydides.core.steps.StepEventBus - Test suite started for class com.studentapplication.junit.studentsinfo.CreateStudentsDataDrivenTest
20:46:22.899 [CreateStudentsDataDrivenTest-1-thread-9] INFO   - Test Suite Started: Create students data driven test
20:46:22.899 [CreateStudentsDataDrivenTest-1-thread-9] DEBUG n.s.j.SerenityTestExecutionListener - Thread[CreateStudentsDataDrivenTest-1-thread-9,5,CreateStudentsDataDrivenTest-1] Test started TestIdentifier [uniqueId = [engine:junit-vintage]/[runner:com.studentapplication.junit.studentsinfo.CreateStudentsDataDrivenTest]/[test:com.studentapplication.junit.studentsinfo.CreateStudentsDataDrivenTest%5B69%5D]/[test:createMultipleStudents%5B69%5D(com.studentapplication.junit.studentsinfo.CreateStudentsDataDrivenTest)], parentId = [engine:junit-vintage]/[runner:com.studentapplication.junit.studentsinfo.CreateStudentsDataDrivenTest]/[test:com.studentapplication.junit.studentsinfo.CreateStudentsDataDrivenTest%5B69%5D], displayName = 'createMultipleStudents[69]', legacyReportingName = 'createMultipleStudents[69]', source = MethodSource [className = 'com.studentapplication.junit.studentsinfo.CreateStudentsDataDrivenTest', methodName = 'createMultipleStudents', methodParameterTypes = ''], tags = [], type = TEST]
20:46:22.900 [CreateStudentsDataDrivenTest-1-thread-9] INFO   - 
  _____   ___   ___   _____     ___   _____     _     ___   _____   ___   ___  
 |_   _| | __| / __| |_   _|   / __| |_   _|   /_\   | _ \ |_   _| | __| |   \ 
   | |   | _|  \__ \   | |     \__ \   | |    / _ \  |   /   | |   | _|  | |) |
   |_|   |___| |___/   |_|     |___/   |_|   /_/ \_\ |_|_\   |_|   |___| |___/ 

createMultipleStudents
--------------------------------------------------------------------------------
20:46:22.901 [CreateStudentsDataDrivenTest-1-thread-9] INFO   - 
  _____   ___   ___   _____     ___   _____     _     ___   _____   ___   ___  
 |_   _| | __| / __| |_   _|   / __| |_   _|   /_\   | _ \ |_   _| | __| |   \ 
   | |   | _|  \__ \   | |     \__ \   | |    / _ \  |   /   | |   | _|  | |) |
   |_|   |___| |___/   |_|     |___/   |_|   /_/ \_\ |_|_\   |_|   |___| |___/ 

createMultipleStudents[69]
--------------------------------------------------------------------------------
]]></system-out>
  </testcase>
  <testcase name="createMultipleStudents" classname="com.studentapplication.junit.studentsinfo.CreateStudentsDataDrivenTest" time="1.117">
    <system-out><![CDATA[20:46:22.909 [CreateStudentsDataDrivenTest-1-thread-13] DEBUG n.thucydides.core.steps.StepEventBus - Test suite started for class com.studentapplication.junit.studentsinfo.CreateStudentsDataDrivenTest
20:46:22.909 [CreateStudentsDataDrivenTest-1-thread-13] INFO   - Test Suite Started: Create students data driven test
20:46:22.910 [CreateStudentsDataDrivenTest-1-thread-13] DEBUG n.s.j.SerenityTestExecutionListener - Thread[CreateStudentsDataDrivenTest-1-thread-13,5,CreateStudentsDataDrivenTest-1] Test started TestIdentifier [uniqueId = [engine:junit-vintage]/[runner:com.studentapplication.junit.studentsinfo.CreateStudentsDataDrivenTest]/[test:com.studentapplication.junit.studentsinfo.CreateStudentsDataDrivenTest%5B70%5D]/[test:createMultipleStudents%5B70%5D(com.studentapplication.junit.studentsinfo.CreateStudentsDataDrivenTest)], parentId = [engine:junit-vintage]/[runner:com.studentapplication.junit.studentsinfo.CreateStudentsDataDrivenTest]/[test:com.studentapplication.junit.studentsinfo.CreateStudentsDataDrivenTest%5B70%5D], displayName = 'createMultipleStudents[70]', legacyReportingName = 'createMultipleStudents[70]', source = MethodSource [className = 'com.studentapplication.junit.studentsinfo.CreateStudentsDataDrivenTest', methodName = 'createMultipleStudents', methodParameterTypes = ''], tags = [], type = TEST]
20:46:22.910 [CreateStudentsDataDrivenTest-1-thread-9] DEBUG n.t.core.steps.StepInterceptor - STARTING STEP: CreateStudentsDataDrivenTest.createMultipleStudents - Creating student with FirstName: {0}, LastName: {1}, Email: {2}, Programme: {3}, Courses: {4}
20:46:22.910 [CreateStudentsDataDrivenTest-1-thread-13] INFO   - 
  _____   ___   ___   _____     ___   _____     _     ___   _____   ___   ___  
 |_   _| | __| / __| |_   _|   / __| |_   _|   /_\   | _ \ |_   _| | __| |   \ 
   | |   | _|  \__ \   | |     \__ \   | |    / _ \  |   /   | |   | _|  | |) |
   |_|   |___| |___/   |_|     |___/   |_|   /_/ \_\ |_|_\   |_|   |___| |___/ 

createMultipleStudents
--------------------------------------------------------------------------------
20:46:22.911 [CreateStudentsDataDrivenTest-1-thread-13] INFO   - 
  _____   ___   ___   _____     ___   _____     _     ___   _____   ___   ___  
 |_   _| | __| / __| |_   _|   / __| |_   _|   /_\   | _ \ |_   _| | __| |   \ 
   | |   | _|  \__ \   | |     \__ \   | |    / _ \  |   /   | |   | _|  | |) |
   |_|   |___| |___/   |_|     |___/   |_|   /_/ \_\ |_|_\   |_|   |___| |___/ 

createMultipleStudents[70]
--------------------------------------------------------------------------------
20:46:22.916 [CreateStudentsDataDrivenTest-1-thread-13] DEBUG n.t.core.steps.StepInterceptor - STARTING STEP: CreateStudentsDataDrivenTest.createMultipleStudents - Creating student with FirstName: {0}, LastName: {1}, Email: {2}, Programme: {3}, Courses: {4}
20:46:22.920 [CreateStudentsDataDrivenTest-1-thread-9] DEBUG o.a.h.i.c.BasicClientConnectionManager - Get connection for route {}->http://localhost:8085
20:46:22.920 [CreateStudentsDataDrivenTest-1-thread-9] DEBUG o.a.h.i.c.DefaultClientConnectionOperator - Connecting to localhost:8085
20:46:22.921 [CreateStudentsDataDrivenTest-1-thread-9] DEBUG o.a.h.c.protocol.RequestAddCookies - CookieSpec selected: ignoreCookies
20:46:22.921 [CreateStudentsDataDrivenTest-1-thread-9] DEBUG o.a.h.c.protocol.RequestAuthCache - Auth cache not set in the context
20:46:22.921 [CreateStudentsDataDrivenTest-1-thread-9] DEBUG o.a.h.c.p.RequestTargetAuthentication - Target auth state: UNCHALLENGED
20:46:22.921 [CreateStudentsDataDrivenTest-1-thread-9] DEBUG o.a.h.c.p.RequestProxyAuthentication - Proxy auth state: UNCHALLENGED
20:46:22.921 [CreateStudentsDataDrivenTest-1-thread-9] DEBUG o.a.h.impl.client.DefaultHttpClient - Attempt 1 to execute request
20:46:22.921 [CreateStudentsDataDrivenTest-1-thread-9] DEBUG o.a.h.i.conn.DefaultClientConnection - Sending request: POST /student HTTP/1.1
20:46:22.921 [CreateStudentsDataDrivenTest-1-thread-9] DEBUG org.apache.http.wire -  >> "POST /student HTTP/1.1[\r][\n]"
20:46:22.921 [CreateStudentsDataDrivenTest-1-thread-9] DEBUG org.apache.http.wire -  >> "Accept: */*[\r][\n]"
20:46:22.921 [CreateStudentsDataDrivenTest-1-thread-9] DEBUG org.apache.http.wire -  >> "Content-Type: application/json; charset=UTF-8[\r][\n]"
20:46:22.921 [CreateStudentsDataDrivenTest-1-thread-9] DEBUG org.apache.http.wire -  >> "Content-Length: 127[\r][\n]"
20:46:22.921 [CreateStudentsDataDrivenTest-1-thread-9] DEBUG org.apache.http.wire -  >> "Host: localhost:8085[\r][\n]"
20:46:22.921 [CreateStudentsDataDrivenTest-1-thread-9] DEBUG org.apache.http.wire -  >> "Connection: Keep-Alive[\r][\n]"
20:46:22.921 [CreateStudentsDataDrivenTest-1-thread-9] DEBUG org.apache.http.wire -  >> "User-Agent: Apache-HttpClient/4.5.13 (Java/11.0.20)[\r][\n]"
20:46:22.921 [CreateStudentsDataDrivenTest-1-thread-9] DEBUG org.apache.http.wire -  >> "Accept-Encoding: gzip,deflate[\r][\n]"
20:46:22.921 [CreateStudentsDataDrivenTest-1-thread-9] DEBUG org.apache.http.wire -  >> "[\r][\n]"
20:46:22.921 [CreateStudentsDataDrivenTest-1-thread-9] DEBUG org.apache.http.headers - >> POST /student HTTP/1.1
20:46:22.921 [CreateStudentsDataDrivenTest-1-thread-9] DEBUG org.apache.http.headers - >> Accept: */*
20:46:22.921 [CreateStudentsDataDrivenTest-1-thread-9] DEBUG org.apache.http.headers - >> Content-Type: application/json; charset=UTF-8
20:46:22.921 [CreateStudentsDataDrivenTest-1-thread-9] DEBUG org.apache.http.headers - >> Content-Length: 127
20:46:22.921 [CreateStudentsDataDrivenTest-1-thread-9] DEBUG org.apache.http.headers - >> Host: localhost:8085
20:46:22.921 [CreateStudentsDataDrivenTest-1-thread-9] DEBUG org.apache.http.headers - >> Connection: Keep-Alive
20:46:22.921 [CreateStudentsDataDrivenTest-1-thread-9] DEBUG org.apache.http.headers - >> User-Agent: Apache-HttpClient/4.5.13 (Java/11.0.20)
20:46:22.921 [CreateStudentsDataDrivenTest-1-thread-9] DEBUG org.apache.http.headers - >> Accept-Encoding: gzip,deflate
20:46:22.921 [CreateStudentsDataDrivenTest-1-thread-9] DEBUG org.apache.http.wire -  >> "{"id":0,"firstName":"Janeta","lastName":"Bunclark","email":"jbunclark1x@nymag.com","programme":"Mechanical","courses":["java"]}"
]]></system-out>
  </testcase>
  <testcase name="createMultipleStudents" classname="com.studentapplication.junit.studentsinfo.CreateStudentsDataDrivenTest" time="0.436">
    <system-out><![CDATA[20:46:22.926 [CreateStudentsDataDrivenTest-1-thread-13] DEBUG o.a.h.i.c.DefaultClientConnectionOperator - Connecting to localhost:8085
20:46:22.930 [CreateStudentsDataDrivenTest-1-thread-13] DEBUG o.a.h.c.protocol.RequestAddCookies - CookieSpec selected: ignoreCookies
20:46:22.930 [CreateStudentsDataDrivenTest-1-thread-13] DEBUG o.a.h.c.protocol.RequestAuthCache - Auth cache not set in the context
20:46:22.930 [CreateStudentsDataDrivenTest-1-thread-13] DEBUG o.a.h.c.p.RequestTargetAuthentication - Target auth state: UNCHALLENGED
20:46:22.930 [CreateStudentsDataDrivenTest-1-thread-13] DEBUG o.a.h.c.p.RequestProxyAuthentication - Proxy auth state: UNCHALLENGED
20:46:22.930 [CreateStudentsDataDrivenTest-1-thread-13] DEBUG o.a.h.impl.client.DefaultHttpClient - Attempt 1 to execute request
20:46:22.930 [CreateStudentsDataDrivenTest-1-thread-13] DEBUG o.a.h.i.conn.DefaultClientConnection - Sending request: POST /student HTTP/1.1
20:46:22.930 [CreateStudentsDataDrivenTest-1-thread-13] DEBUG org.apache.http.wire -  >> "POST /student HTTP/1.1[\r][\n]"
20:46:22.930 [CreateStudentsDataDrivenTest-1-thread-13] DEBUG org.apache.http.wire -  >> "Accept: */*[\r][\n]"
20:46:22.930 [CreateStudentsDataDrivenTest-1-thread-13] DEBUG org.apache.http.wire -  >> "Content-Type: application/json; charset=UTF-8[\r][\n]"
20:46:22.930 [CreateStudentsDataDrivenTest-1-thread-13] DEBUG org.apache.http.wire -  >> "Content-Length: 124[\r][\n]"
20:46:22.930 [CreateStudentsDataDrivenTest-1-thread-13] DEBUG org.apache.http.wire -  >> "Host: localhost:8085[\r][\n]"
20:46:22.930 [CreateStudentsDataDrivenTest-1-thread-13] DEBUG org.apache.http.wire -  >> "Connection: Keep-Alive[\r][\n]"
20:46:22.930 [CreateStudentsDataDrivenTest-1-thread-13] DEBUG org.apache.http.wire -  >> "User-Agent: Apache-HttpClient/4.5.13 (Java/11.0.20)[\r][\n]"
20:46:22.930 [CreateStudentsDataDrivenTest-1-thread-13] DEBUG org.apache.http.wire -  >> "Accept-Encoding: gzip,deflate[\r][\n]"
20:46:22.930 [CreateStudentsDataDrivenTest-1-thread-13] DEBUG org.apache.http.wire -  >> "[\r][\n]"
20:46:22.930 [CreateStudentsDataDrivenTest-1-thread-13] DEBUG org.apache.http.headers - >> POST /student HTTP/1.1
20:46:22.930 [CreateStudentsDataDrivenTest-1-thread-13] DEBUG org.apache.http.headers - >> Accept: */*
20:46:22.930 [CreateStudentsDataDrivenTest-1-thread-13] DEBUG org.apache.http.headers - >> Content-Type: application/json; charset=UTF-8
20:46:22.930 [CreateStudentsDataDrivenTest-1-thread-13] DEBUG org.apache.http.headers - >> Content-Length: 124
20:46:22.930 [CreateStudentsDataDrivenTest-1-thread-13] DEBUG org.apache.http.headers - >> Host: localhost:8085
20:46:22.930 [CreateStudentsDataDrivenTest-1-thread-13] DEBUG org.apache.http.headers - >> Connection: Keep-Alive
20:46:22.930 [CreateStudentsDataDrivenTest-1-thread-13] DEBUG org.apache.http.headers - >> User-Agent: Apache-HttpClient/4.5.13 (Java/11.0.20)
20:46:22.930 [CreateStudentsDataDrivenTest-1-thread-13] DEBUG org.apache.http.headers - >> Accept-Encoding: gzip,deflate
20:46:22.930 [CreateStudentsDataDrivenTest-1-thread-13] DEBUG org.apache.http.wire -  >> "{"id":0,"firstName":"Rockie","lastName":"Lackney","email":"rlackney1y@g.co","programme":"Computer Science","courses":["c#"]}"
20:46:22.930 [CreateStudentsDataDrivenTest-1-thread-16] DEBUG n.thucydides.core.steps.StepEventBus - Test suite started for class com.studentapplication.junit.studentsinfo.CreateStudentsDataDrivenTest
20:46:22.931 [CreateStudentsDataDrivenTest-1-thread-16] INFO   - Test Suite Started: Create students data driven test
20:46:22.931 [CreateStudentsDataDrivenTest-1-thread-16] DEBUG n.s.j.SerenityTestExecutionListener - Thread[CreateStudentsDataDrivenTest-1-thread-16,5,CreateStudentsDataDrivenTest-1] Test started TestIdentifier [uniqueId = [engine:junit-vintage]/[runner:com.studentapplication.junit.studentsinfo.CreateStudentsDataDrivenTest]/[test:com.studentapplication.junit.studentsinfo.CreateStudentsDataDrivenTest%5B71%5D]/[test:createMultipleStudents%5B71%5D(com.studentapplication.junit.studentsinfo.CreateStudentsDataDrivenTest)], parentId = [engine:junit-vintage]/[runner:com.studentapplication.junit.studentsinfo.CreateStudentsDataDrivenTest]/[test:com.studentapplication.junit.studentsinfo.CreateStudentsDataDrivenTest%5B71%5D], displayName = 'createMultipleStudents[71]', legacyReportingName = 'createMultipleStudents[71]', source = MethodSource [className = 'com.studentapplication.junit.studentsinfo.CreateStudentsDataDrivenTest', methodName = 'createMultipleStudents', methodParameterTypes = ''], tags = [], type = TEST]
20:46:22.931 [CreateStudentsDataDrivenTest-1-thread-16] INFO   - 
  _____   ___   ___   _____     ___   _____     _     ___   _____   ___   ___  
 |_   _| | __| / __| |_   _|   / __| |_   _|   /_\   | _ \ |_   _| | __| |   \ 
   | |   | _|  \__ \   | |     \__ \   | |    / _ \  |   /   | |   | _|  | |) |
   |_|   |___| |___/   |_|     |___/   |_|   /_/ \_\ |_|_\   |_|   |___| |___/ 

createMultipleStudents
--------------------------------------------------------------------------------
20:46:22.932 [CreateStudentsDataDrivenTest-1-thread-16] INFO   - 
  _____   ___   ___   _____     ___   _____     _     ___   _____   ___   ___  
 |_   _| | __| / __| |_   _|   / __| |_   _|   /_\   | _ \ |_   _| | __| |   \ 
   | |   | _|  \__ \   | |     \__ \   | |    / _ \  |   /   | |   | _|  | |) |
   |_|   |___| |___/   |_|     |___/   |_|   /_/ \_\ |_|_\   |_|   |___| |___/ 

createMultipleStudents[71]
--------------------------------------------------------------------------------
20:46:22.938 [CreateStudentsDataDrivenTest-1-thread-16] DEBUG n.t.core.steps.StepInterceptor - STARTING STEP: CreateStudentsDataDrivenTest.createMultipleStudents - Creating student with FirstName: {0}, LastName: {1}, Email: {2}, Programme: {3}, Courses: {4}
20:46:22.947 [CreateStudentsDataDrivenTest-1-thread-16] DEBUG o.a.h.i.c.BasicClientConnectionManager - Get connection for route {}->http://localhost:8085
20:46:22.947 [CreateStudentsDataDrivenTest-1-thread-16] DEBUG o.a.h.i.c.DefaultClientConnectionOperator - Connecting to localhost:8085
20:46:22.948 [CreateStudentsDataDrivenTest-1-thread-16] DEBUG o.a.h.c.protocol.RequestAddCookies - CookieSpec selected: ignoreCookies
20:46:22.948 [CreateStudentsDataDrivenTest-1-thread-16] DEBUG o.a.h.c.protocol.RequestAuthCache - Auth cache not set in the context
20:46:22.948 [CreateStudentsDataDrivenTest-1-thread-16] DEBUG o.a.h.c.p.RequestTargetAuthentication - Target auth state: UNCHALLENGED
20:46:22.948 [CreateStudentsDataDrivenTest-1-thread-16] DEBUG o.a.h.c.p.RequestProxyAuthentication - Proxy auth state: UNCHALLENGED
20:46:22.948 [CreateStudentsDataDrivenTest-1-thread-16] DEBUG o.a.h.impl.client.DefaultHttpClient - Attempt 1 to execute request
20:46:22.948 [CreateStudentsDataDrivenTest-1-thread-16] DEBUG o.a.h.i.conn.DefaultClientConnection - Sending request: POST /student HTTP/1.1
20:46:22.948 [CreateStudentsDataDrivenTest-1-thread-16] DEBUG org.apache.http.wire -  >> "POST /student HTTP/1.1[\r][\n]"
20:46:22.948 [CreateStudentsDataDrivenTest-1-thread-16] DEBUG org.apache.http.wire -  >> "Accept: */*[\r][\n]"
20:46:22.948 [CreateStudentsDataDrivenTest-1-thread-16] DEBUG org.apache.http.wire -  >> "Content-Type: application/json; charset=UTF-8[\r][\n]"
20:46:22.948 [CreateStudentsDataDrivenTest-1-thread-16] DEBUG org.apache.http.wire -  >> "Content-Length: 129[\r][\n]"
20:46:22.948 [CreateStudentsDataDrivenTest-1-thread-16] DEBUG org.apache.http.wire -  >> "Host: localhost:8085[\r][\n]"
20:46:22.948 [CreateStudentsDataDrivenTest-1-thread-16] DEBUG org.apache.http.wire -  >> "Connection: Keep-Alive[\r][\n]"
20:46:22.948 [CreateStudentsDataDrivenTest-1-thread-16] DEBUG org.apache.http.wire -  >> "User-Agent: Apache-HttpClient/4.5.13 (Java/11.0.20)[\r][\n]"
20:46:22.948 [CreateStudentsDataDrivenTest-1-thread-16] DEBUG org.apache.http.wire -  >> "Accept-Encoding: gzip,deflate[\r][\n]"
20:46:22.948 [CreateStudentsDataDrivenTest-1-thread-16] DEBUG org.apache.http.wire -  >> "[\r][\n]"
20:46:22.948 [CreateStudentsDataDrivenTest-1-thread-16] DEBUG org.apache.http.headers - >> POST /student HTTP/1.1
20:46:22.948 [CreateStudentsDataDrivenTest-1-thread-16] DEBUG org.apache.http.headers - >> Accept: */*
20:46:22.948 [CreateStudentsDataDrivenTest-1-thread-16] DEBUG org.apache.http.headers - >> Content-Type: application/json; charset=UTF-8
20:46:22.948 [CreateStudentsDataDrivenTest-1-thread-16] DEBUG org.apache.http.headers - >> Content-Length: 129
20:46:22.948 [CreateStudentsDataDrivenTest-1-thread-16] DEBUG org.apache.http.headers - >> Host: localhost:8085
20:46:22.948 [CreateStudentsDataDrivenTest-1-thread-16] DEBUG org.apache.http.headers - >> Connection: Keep-Alive
20:46:22.948 [CreateStudentsDataDrivenTest-1-thread-16] DEBUG org.apache.http.headers - >> User-Agent: Apache-HttpClient/4.5.13 (Java/11.0.20)
20:46:22.948 [CreateStudentsDataDrivenTest-1-thread-16] DEBUG org.apache.http.headers - >> Accept-Encoding: gzip,deflate
20:46:22.948 [CreateStudentsDataDrivenTest-1-thread-16] DEBUG org.apache.http.wire -  >> "{"id":0,"firstName":"Essy","lastName":"Swainson","email":"eswainson1z@statcounter.com","programme":"Electrical","courses":["c#"]}"
20:46:23.073 [CreateStudentsDataDrivenTest-1-thread-5] DEBUG org.apache.http.wire -  << "HTTP/1.1 500 [\r][\n]"
20:46:23.073 [CreateStudentsDataDrivenTest-1-thread-5] DEBUG org.apache.http.wire -  << "Content-Type: application/json;charset=UTF-8[\r][\n]"
20:46:23.073 [CreateStudentsDataDrivenTest-1-thread-5] DEBUG org.apache.http.wire -  << "Transfer-Encoding: chunked[\r][\n]"
20:46:23.073 [CreateStudentsDataDrivenTest-1-thread-5] DEBUG org.apache.http.wire -  << "Date: Thu, 23 Nov 2023 15:16:22 GMT[\r][\n]"
20:46:23.073 [CreateStudentsDataDrivenTest-1-thread-5] DEBUG org.apache.http.wire -  << "Connection: close[\r][\n]"
20:46:23.073 [CreateStudentsDataDrivenTest-1-thread-5] DEBUG org.apache.http.wire -  << "[\r][\n]"
20:46:23.073 [CreateStudentsDataDrivenTest-1-thread-12] DEBUG org.apache.http.wire -  << "HTTP/1.1 500 [\r][\n]"
20:46:23.073 [CreateStudentsDataDrivenTest-1-thread-5] DEBUG o.a.h.i.conn.DefaultClientConnection - Receiving response: HTTP/1.1 500 
20:46:23.073 [CreateStudentsDataDrivenTest-1-thread-5] DEBUG org.apache.http.headers - << HTTP/1.1 500 
20:46:23.073 [CreateStudentsDataDrivenTest-1-thread-5] DEBUG org.apache.http.headers - << Content-Type: application/json;charset=UTF-8
20:46:23.073 [CreateStudentsDataDrivenTest-1-thread-12] DEBUG org.apache.http.wire -  << "Content-Type: application/json;charset=UTF-8[\r][\n]"
20:46:23.073 [CreateStudentsDataDrivenTest-1-thread-5] DEBUG org.apache.http.headers - << Transfer-Encoding: chunked
20:46:23.073 [CreateStudentsDataDrivenTest-1-thread-5] DEBUG org.apache.http.headers - << Date: Thu, 23 Nov 2023 15:16:22 GMT
20:46:23.073 [CreateStudentsDataDrivenTest-1-thread-12] DEBUG org.apache.http.wire -  << "Transfer-Encoding: chunked[\r][\n]"
20:46:23.073 [CreateStudentsDataDrivenTest-1-thread-5] DEBUG org.apache.http.headers - << Connection: close
20:46:23.073 [CreateStudentsDataDrivenTest-1-thread-12] DEBUG org.apache.http.wire -  << "Date: Thu, 23 Nov 2023 15:16:22 GMT[\r][\n]"
20:46:23.073 [CreateStudentsDataDrivenTest-1-thread-12] DEBUG org.apache.http.wire -  << "Connection: close[\r][\n]"
20:46:23.073 [CreateStudentsDataDrivenTest-1-thread-12] DEBUG org.apache.http.wire -  << "[\r][\n]"
20:46:23.073 [CreateStudentsDataDrivenTest-1-thread-12] DEBUG o.a.h.i.conn.DefaultClientConnection - Receiving response: HTTP/1.1 500 
20:46:23.073 [CreateStudentsDataDrivenTest-1-thread-12] DEBUG org.apache.http.headers - << HTTP/1.1 500 
20:46:23.073 [CreateStudentsDataDrivenTest-1-thread-12] DEBUG org.apache.http.headers - << Content-Type: application/json;charset=UTF-8
20:46:23.073 [CreateStudentsDataDrivenTest-1-thread-12] DEBUG org.apache.http.headers - << Transfer-Encoding: chunked
20:46:23.073 [CreateStudentsDataDrivenTest-1-thread-12] DEBUG org.apache.http.headers - << Date: Thu, 23 Nov 2023 15:16:22 GMT
20:46:23.073 [CreateStudentsDataDrivenTest-1-thread-12] DEBUG org.apache.http.headers - << Connection: close
20:46:23.074 [CreateStudentsDataDrivenTest-1-thread-12] DEBUG i.r.i.RequestSpecificationImpl$RestAssuredHttpBuilder - Parsing response as: application/json;charset=UTF-8
20:46:23.074 [CreateStudentsDataDrivenTest-1-thread-12] DEBUG i.r.i.RequestSpecificationImpl$RestAssuredHttpBuilder - Parsed data to instance of: class org.apache.http.conn.EofSensorInputStream
20:46:23.074 [CreateStudentsDataDrivenTest-1-thread-5] DEBUG i.r.i.RequestSpecificationImpl$RestAssuredHttpBuilder - Parsing response as: application/json;charset=UTF-8
20:46:23.074 [CreateStudentsDataDrivenTest-1-thread-5] DEBUG i.r.i.RequestSpecificationImpl$RestAssuredHttpBuilder - Parsed data to instance of: class org.apache.http.conn.EofSensorInputStream
20:46:23.075 [CreateStudentsDataDrivenTest-1-thread-12] DEBUG org.apache.http.wire -  << "28[\r][\n]"
20:46:23.075 [CreateStudentsDataDrivenTest-1-thread-12] DEBUG org.apache.http.wire -  << "{"error":"Email address already exists"}"
20:46:23.075 [CreateStudentsDataDrivenTest-1-thread-12] DEBUG org.apache.http.wire -  << "[\r][\n]"
20:46:23.075 [CreateStudentsDataDrivenTest-1-thread-5] DEBUG org.apache.http.wire -  << "28[\r][\n]"
20:46:23.075 [CreateStudentsDataDrivenTest-1-thread-5] DEBUG org.apache.http.wire -  << "{"error":"Email address already exists"}"
20:46:23.075 [CreateStudentsDataDrivenTest-1-thread-5] DEBUG org.apache.http.wire -  << "[\r][\n]"
20:46:23.075 [CreateStudentsDataDrivenTest-1-thread-5] DEBUG org.apache.http.wire -  << "0[\r][\n]"
20:46:23.075 [CreateStudentsDataDrivenTest-1-thread-5] DEBUG org.apache.http.wire -  << "[\r][\n]"
20:46:23.075 [CreateStudentsDataDrivenTest-1-thread-5] DEBUG o.a.h.i.c.BasicClientConnectionManager - Releasing connection org.apache.http.impl.conn.ManagedClientConnectionImpl@796653f8
20:46:23.075 [CreateStudentsDataDrivenTest-1-thread-5] DEBUG o.a.h.i.conn.DefaultClientConnection - Connection 0.0.0.0:54662<->127.0.0.1:8085 shut down
20:46:23.077 [CreateStudentsDataDrivenTest-1-thread-12] DEBUG org.apache.http.wire -  << "0[\r][\n]"
20:46:23.077 [CreateStudentsDataDrivenTest-1-thread-12] DEBUG org.apache.http.wire -  << "[\r][\n]"
20:46:23.077 [CreateStudentsDataDrivenTest-1-thread-12] DEBUG o.a.h.i.c.BasicClientConnectionManager - Releasing connection org.apache.http.impl.conn.ManagedClientConnectionImpl@4890ba46
20:46:23.077 [CreateStudentsDataDrivenTest-1-thread-12] DEBUG o.a.h.i.conn.DefaultClientConnection - Connection 0.0.0.0:54659<->127.0.0.1:8085 shut down
20:46:23.081 [CreateStudentsDataDrivenTest-1-thread-5] DEBUG n.t.core.steps.StepInterceptor - STEP DONE: Creating student with FirstName: {0}, LastName: {1}, Email: {2}, Programme: {3}, Courses: {4}
20:46:23.081 [CreateStudentsDataDrivenTest-1-thread-12] DEBUG n.t.core.steps.StepInterceptor - STEP DONE: Creating student with FirstName: {0}, LastName: {1}, Email: {2}, Programme: {3}, Courses: {4}
]]></system-out>
  </testcase>
  <testcase name="createMultipleStudents" classname="com.studentapplication.junit.studentsinfo.CreateStudentsDataDrivenTest" time="0.58">
    <system-out><![CDATA[20:46:23.082 [CreateStudentsDataDrivenTest-1-thread-5] INFO   - 
  _____   ___   ___   _____     ___     _     ___   ___   ___   ___  
 |_   _| | __| / __| |_   _|   | _ \   /_\   / __| / __| | __| |   \ 
   | |   | _|  \__ \   | |     |  _/  / _ \  \__ \ \__ \ | _|  | |) |
   |_|   |___| |___/   |_|     |_|   /_/ \_\ |___/ |___/ |___| |___/ 

Data Driven Test for adding multiple students to the Student APp
----------------------------------------------------------------------
]]></system-out>
  </testcase>
  <testcase name="createMultipleStudents" classname="com.studentapplication.junit.studentsinfo.CreateStudentsDataDrivenTest" time="0.568">
    <system-out><![CDATA[20:46:23.091 [CreateStudentsDataDrivenTest-1-thread-5] DEBUG n.thucydides.core.steps.StepEventBus - Test suite started for class com.studentapplication.junit.studentsinfo.CreateStudentsDataDrivenTest
20:46:23.091 [CreateStudentsDataDrivenTest-1-thread-5] INFO   - Test Suite Started: Create students data driven test
20:46:23.092 [CreateStudentsDataDrivenTest-1-thread-5] DEBUG n.s.j.SerenityTestExecutionListener - Thread[CreateStudentsDataDrivenTest-1-thread-5,5,CreateStudentsDataDrivenTest-1] Test started TestIdentifier [uniqueId = [engine:junit-vintage]/[runner:com.studentapplication.junit.studentsinfo.CreateStudentsDataDrivenTest]/[test:com.studentapplication.junit.studentsinfo.CreateStudentsDataDrivenTest%5B73%5D]/[test:createMultipleStudents%5B73%5D(com.studentapplication.junit.studentsinfo.CreateStudentsDataDrivenTest)], parentId = [engine:junit-vintage]/[runner:com.studentapplication.junit.studentsinfo.CreateStudentsDataDrivenTest]/[test:com.studentapplication.junit.studentsinfo.CreateStudentsDataDrivenTest%5B73%5D], displayName = 'createMultipleStudents[73]', legacyReportingName = 'createMultipleStudents[73]', source = MethodSource [className = 'com.studentapplication.junit.studentsinfo.CreateStudentsDataDrivenTest', methodName = 'createMultipleStudents', methodParameterTypes = ''], tags = [], type = TEST]
20:46:23.092 [CreateStudentsDataDrivenTest-1-thread-5] INFO   - 
  _____   ___   ___   _____     ___   _____     _     ___   _____   ___   ___  
 |_   _| | __| / __| |_   _|   / __| |_   _|   /_\   | _ \ |_   _| | __| |   \ 
   | |   | _|  \__ \   | |     \__ \   | |    / _ \  |   /   | |   | _|  | |) |
   |_|   |___| |___/   |_|     |___/   |_|   /_/ \_\ |_|_\   |_|   |___| |___/ 

createMultipleStudents
--------------------------------------------------------------------------------
20:46:23.093 [CreateStudentsDataDrivenTest-1-thread-5] INFO   - 
  _____   ___   ___   _____     ___   _____     _     ___   _____   ___   ___  
 |_   _| | __| / __| |_   _|   / __| |_   _|   /_\   | _ \ |_   _| | __| |   \ 
   | |   | _|  \__ \   | |     \__ \   | |    / _ \  |   /   | |   | _|  | |) |
   |_|   |___| |___/   |_|     |___/   |_|   /_/ \_\ |_|_\   |_|   |___| |___/ 

createMultipleStudents[73]
--------------------------------------------------------------------------------
20:46:23.094 [CreateStudentsDataDrivenTest-1-thread-12] DEBUG n.thucydides.core.steps.StepEventBus - Test suite started for class com.studentapplication.junit.studentsinfo.CreateStudentsDataDrivenTest
20:46:23.094 [CreateStudentsDataDrivenTest-1-thread-12] INFO   - Test Suite Started: Create students data driven test
20:46:23.094 [CreateStudentsDataDrivenTest-1-thread-12] DEBUG n.s.j.SerenityTestExecutionListener - Thread[CreateStudentsDataDrivenTest-1-thread-12,5,CreateStudentsDataDrivenTest-1] Test started TestIdentifier [uniqueId = [engine:junit-vintage]/[runner:com.studentapplication.junit.studentsinfo.CreateStudentsDataDrivenTest]/[test:com.studentapplication.junit.studentsinfo.CreateStudentsDataDrivenTest%5B72%5D]/[test:createMultipleStudents%5B72%5D(com.studentapplication.junit.studentsinfo.CreateStudentsDataDrivenTest)], parentId = [engine:junit-vintage]/[runner:com.studentapplication.junit.studentsinfo.CreateStudentsDataDrivenTest]/[test:com.studentapplication.junit.studentsinfo.CreateStudentsDataDrivenTest%5B72%5D], displayName = 'createMultipleStudents[72]', legacyReportingName = 'createMultipleStudents[72]', source = MethodSource [className = 'com.studentapplication.junit.studentsinfo.CreateStudentsDataDrivenTest', methodName = 'createMultipleStudents', methodParameterTypes = ''], tags = [], type = TEST]
20:46:23.094 [CreateStudentsDataDrivenTest-1-thread-12] INFO   - 
  _____   ___   ___   _____     ___   _____     _     ___   _____   ___   ___  
 |_   _| | __| / __| |_   _|   / __| |_   _|   /_\   | _ \ |_   _| | __| |   \ 
   | |   | _|  \__ \   | |     \__ \   | |    / _ \  |   /   | |   | _|  | |) |
   |_|   |___| |___/   |_|     |___/   |_|   /_/ \_\ |_|_\   |_|   |___| |___/ 

createMultipleStudents
--------------------------------------------------------------------------------
20:46:23.095 [CreateStudentsDataDrivenTest-1-thread-12] INFO   - 
  _____   ___   ___   _____     ___   _____     _     ___   _____   ___   ___  
 |_   _| | __| / __| |_   _|   / __| |_   _|   /_\   | _ \ |_   _| | __| |   \ 
   | |   | _|  \__ \   | |     \__ \   | |    / _ \  |   /   | |   | _|  | |) |
   |_|   |___| |___/   |_|     |___/   |_|   /_/ \_\ |_|_\   |_|   |___| |___/ 

createMultipleStudents[72]
--------------------------------------------------------------------------------
20:46:23.098 [CreateStudentsDataDrivenTest-1-thread-5] DEBUG n.t.core.steps.StepInterceptor - STARTING STEP: CreateStudentsDataDrivenTest.createMultipleStudents - Creating student with FirstName: {0}, LastName: {1}, Email: {2}, Programme: {3}, Courses: {4}
20:46:23.101 [CreateStudentsDataDrivenTest-1-thread-12] DEBUG n.t.core.steps.StepInterceptor - STARTING STEP: CreateStudentsDataDrivenTest.createMultipleStudents - Creating student with FirstName: {0}, LastName: {1}, Email: {2}, Programme: {3}, Courses: {4}
20:46:23.108 [CreateStudentsDataDrivenTest-1-thread-12] DEBUG o.a.h.i.c.BasicClientConnectionManager - Get connection for route {}->http://localhost:8085
20:46:23.108 [CreateStudentsDataDrivenTest-1-thread-5] DEBUG o.a.h.i.c.BasicClientConnectionManager - Get connection for route {}->http://localhost:8085
20:46:23.109 [CreateStudentsDataDrivenTest-1-thread-5] DEBUG o.a.h.i.c.DefaultClientConnectionOperator - Connecting to localhost:8085
20:46:23.109 [CreateStudentsDataDrivenTest-1-thread-12] DEBUG o.a.h.i.c.DefaultClientConnectionOperator - Connecting to localhost:8085
20:46:23.109 [CreateStudentsDataDrivenTest-1-thread-12] DEBUG o.a.h.c.protocol.RequestAddCookies - CookieSpec selected: ignoreCookies
20:46:23.109 [CreateStudentsDataDrivenTest-1-thread-5] DEBUG o.a.h.c.protocol.RequestAddCookies - CookieSpec selected: ignoreCookies
20:46:23.109 [CreateStudentsDataDrivenTest-1-thread-12] DEBUG o.a.h.c.protocol.RequestAuthCache - Auth cache not set in the context
20:46:23.109 [CreateStudentsDataDrivenTest-1-thread-5] DEBUG o.a.h.c.protocol.RequestAuthCache - Auth cache not set in the context
20:46:23.109 [CreateStudentsDataDrivenTest-1-thread-12] DEBUG o.a.h.c.p.RequestTargetAuthentication - Target auth state: UNCHALLENGED
20:46:23.109 [CreateStudentsDataDrivenTest-1-thread-5] DEBUG o.a.h.c.p.RequestTargetAuthentication - Target auth state: UNCHALLENGED
20:46:23.109 [CreateStudentsDataDrivenTest-1-thread-12] DEBUG o.a.h.c.p.RequestProxyAuthentication - Proxy auth state: UNCHALLENGED
20:46:23.109 [CreateStudentsDataDrivenTest-1-thread-5] DEBUG o.a.h.c.p.RequestProxyAuthentication - Proxy auth state: UNCHALLENGED
20:46:23.109 [CreateStudentsDataDrivenTest-1-thread-12] DEBUG o.a.h.impl.client.DefaultHttpClient - Attempt 1 to execute request
20:46:23.109 [CreateStudentsDataDrivenTest-1-thread-5] DEBUG o.a.h.impl.client.DefaultHttpClient - Attempt 1 to execute request
20:46:23.109 [CreateStudentsDataDrivenTest-1-thread-12] DEBUG o.a.h.i.conn.DefaultClientConnection - Sending request: POST /student HTTP/1.1
20:46:23.109 [CreateStudentsDataDrivenTest-1-thread-5] DEBUG o.a.h.i.conn.DefaultClientConnection - Sending request: POST /student HTTP/1.1
20:46:23.109 [CreateStudentsDataDrivenTest-1-thread-12] DEBUG org.apache.http.wire -  >> "POST /student HTTP/1.1[\r][\n]"
20:46:23.109 [CreateStudentsDataDrivenTest-1-thread-5] DEBUG org.apache.http.wire -  >> "POST /student HTTP/1.1[\r][\n]"
20:46:23.109 [CreateStudentsDataDrivenTest-1-thread-12] DEBUG org.apache.http.wire -  >> "Accept: */*[\r][\n]"
20:46:23.109 [CreateStudentsDataDrivenTest-1-thread-5] DEBUG org.apache.http.wire -  >> "Accept: */*[\r][\n]"
20:46:23.109 [CreateStudentsDataDrivenTest-1-thread-12] DEBUG org.apache.http.wire -  >> "Content-Type: application/json; charset=UTF-8[\r][\n]"
20:46:23.109 [CreateStudentsDataDrivenTest-1-thread-5] DEBUG org.apache.http.wire -  >> "Content-Type: application/json; charset=UTF-8[\r][\n]"
20:46:23.109 [CreateStudentsDataDrivenTest-1-thread-12] DEBUG org.apache.http.wire -  >> "Content-Length: 133[\r][\n]"
20:46:23.109 [CreateStudentsDataDrivenTest-1-thread-5] DEBUG org.apache.http.wire -  >> "Content-Length: 134[\r][\n]"
20:46:23.109 [CreateStudentsDataDrivenTest-1-thread-5] DEBUG org.apache.http.wire -  >> "Host: localhost:8085[\r][\n]"
20:46:23.109 [CreateStudentsDataDrivenTest-1-thread-12] DEBUG org.apache.http.wire -  >> "Host: localhost:8085[\r][\n]"
20:46:23.109 [CreateStudentsDataDrivenTest-1-thread-5] DEBUG org.apache.http.wire -  >> "Connection: Keep-Alive[\r][\n]"
20:46:23.109 [CreateStudentsDataDrivenTest-1-thread-12] DEBUG org.apache.http.wire -  >> "Connection: Keep-Alive[\r][\n]"
20:46:23.109 [CreateStudentsDataDrivenTest-1-thread-5] DEBUG org.apache.http.wire -  >> "User-Agent: Apache-HttpClient/4.5.13 (Java/11.0.20)[\r][\n]"
20:46:23.109 [CreateStudentsDataDrivenTest-1-thread-12] DEBUG org.apache.http.wire -  >> "User-Agent: Apache-HttpClient/4.5.13 (Java/11.0.20)[\r][\n]"
20:46:23.109 [CreateStudentsDataDrivenTest-1-thread-5] DEBUG org.apache.http.wire -  >> "Accept-Encoding: gzip,deflate[\r][\n]"
20:46:23.109 [CreateStudentsDataDrivenTest-1-thread-12] DEBUG org.apache.http.wire -  >> "Accept-Encoding: gzip,deflate[\r][\n]"
20:46:23.109 [CreateStudentsDataDrivenTest-1-thread-5] DEBUG org.apache.http.wire -  >> "[\r][\n]"
20:46:23.109 [CreateStudentsDataDrivenTest-1-thread-12] DEBUG org.apache.http.wire -  >> "[\r][\n]"
20:46:23.110 [CreateStudentsDataDrivenTest-1-thread-5] DEBUG org.apache.http.headers - >> POST /student HTTP/1.1
20:46:23.110 [CreateStudentsDataDrivenTest-1-thread-12] DEBUG org.apache.http.headers - >> POST /student HTTP/1.1
20:46:23.110 [CreateStudentsDataDrivenTest-1-thread-5] DEBUG org.apache.http.headers - >> Accept: */*
20:46:23.110 [CreateStudentsDataDrivenTest-1-thread-12] DEBUG org.apache.http.headers - >> Accept: */*
20:46:23.110 [CreateStudentsDataDrivenTest-1-thread-5] DEBUG org.apache.http.headers - >> Content-Type: application/json; charset=UTF-8
20:46:23.110 [CreateStudentsDataDrivenTest-1-thread-12] DEBUG org.apache.http.headers - >> Content-Type: application/json; charset=UTF-8
20:46:23.110 [CreateStudentsDataDrivenTest-1-thread-5] DEBUG org.apache.http.headers - >> Content-Length: 134
20:46:23.110 [CreateStudentsDataDrivenTest-1-thread-12] DEBUG org.apache.http.headers - >> Content-Length: 133
20:46:23.110 [CreateStudentsDataDrivenTest-1-thread-5] DEBUG org.apache.http.headers - >> Host: localhost:8085
20:46:23.110 [CreateStudentsDataDrivenTest-1-thread-12] DEBUG org.apache.http.headers - >> Host: localhost:8085
20:46:23.110 [CreateStudentsDataDrivenTest-1-thread-5] DEBUG org.apache.http.headers - >> Connection: Keep-Alive
20:46:23.110 [CreateStudentsDataDrivenTest-1-thread-12] DEBUG org.apache.http.headers - >> Connection: Keep-Alive
20:46:23.110 [CreateStudentsDataDrivenTest-1-thread-5] DEBUG org.apache.http.headers - >> User-Agent: Apache-HttpClient/4.5.13 (Java/11.0.20)
20:46:23.110 [CreateStudentsDataDrivenTest-1-thread-12] DEBUG org.apache.http.headers - >> User-Agent: Apache-HttpClient/4.5.13 (Java/11.0.20)
20:46:23.110 [CreateStudentsDataDrivenTest-1-thread-5] DEBUG org.apache.http.headers - >> Accept-Encoding: gzip,deflate
20:46:23.110 [CreateStudentsDataDrivenTest-1-thread-12] DEBUG org.apache.http.headers - >> Accept-Encoding: gzip,deflate
20:46:23.110 [CreateStudentsDataDrivenTest-1-thread-5] DEBUG org.apache.http.wire -  >> "{"id":0,"firstName":"Brent","lastName":"Turneaux","email":"bturneaux21@nifty.com","programme":"Computer Science","courses":["python"]}"
20:46:23.110 [CreateStudentsDataDrivenTest-1-thread-12] DEBUG org.apache.http.wire -  >> "{"id":0,"firstName":"Etti","lastName":"Charrington","email":"echarrington20@oakley.com","programme":"Mechanical","courses":["scala"]}"
20:46:23.222 [CreateStudentsDataDrivenTest-1-thread-11] DEBUG org.apache.http.wire -  << "HTTP/1.1 500 [\r][\n]"
20:46:23.222 [CreateStudentsDataDrivenTest-1-thread-11] DEBUG org.apache.http.wire -  << "Content-Type: application/json;charset=UTF-8[\r][\n]"
20:46:23.222 [CreateStudentsDataDrivenTest-1-thread-11] DEBUG org.apache.http.wire -  << "Transfer-Encoding: chunked[\r][\n]"
20:46:23.222 [CreateStudentsDataDrivenTest-1-thread-11] DEBUG org.apache.http.wire -  << "Date: Thu, 23 Nov 2023 15:16:22 GMT[\r][\n]"
20:46:23.222 [CreateStudentsDataDrivenTest-1-thread-11] DEBUG org.apache.http.wire -  << "Connection: close[\r][\n]"
20:46:23.222 [CreateStudentsDataDrivenTest-1-thread-11] DEBUG org.apache.http.wire -  << "[\r][\n]"
20:46:23.223 [CreateStudentsDataDrivenTest-1-thread-11] DEBUG o.a.h.i.conn.DefaultClientConnection - Receiving response: HTTP/1.1 500 
20:46:23.223 [CreateStudentsDataDrivenTest-1-thread-11] DEBUG org.apache.http.headers - << HTTP/1.1 500 
20:46:23.223 [CreateStudentsDataDrivenTest-1-thread-11] DEBUG org.apache.http.headers - << Content-Type: application/json;charset=UTF-8
20:46:23.223 [CreateStudentsDataDrivenTest-1-thread-11] DEBUG org.apache.http.headers - << Transfer-Encoding: chunked
20:46:23.223 [CreateStudentsDataDrivenTest-1-thread-11] DEBUG org.apache.http.headers - << Date: Thu, 23 Nov 2023 15:16:22 GMT
20:46:23.223 [CreateStudentsDataDrivenTest-1-thread-11] DEBUG org.apache.http.headers - << Connection: close
20:46:23.223 [CreateStudentsDataDrivenTest-1-thread-11] DEBUG i.r.i.RequestSpecificationImpl$RestAssuredHttpBuilder - Parsing response as: application/json;charset=UTF-8
20:46:23.223 [CreateStudentsDataDrivenTest-1-thread-11] DEBUG i.r.i.RequestSpecificationImpl$RestAssuredHttpBuilder - Parsed data to instance of: class org.apache.http.conn.EofSensorInputStream
20:46:23.239 [CreateStudentsDataDrivenTest-1-thread-11] DEBUG org.apache.http.wire -  << "28[\r][\n]"
20:46:23.239 [CreateStudentsDataDrivenTest-1-thread-11] DEBUG org.apache.http.wire -  << "{"error":"Email address already exists"}"
20:46:23.239 [CreateStudentsDataDrivenTest-1-thread-11] DEBUG org.apache.http.wire -  << "[\r][\n]"
20:46:23.239 [CreateStudentsDataDrivenTest-1-thread-11] DEBUG org.apache.http.wire -  << "0[\r][\n]"
20:46:23.239 [CreateStudentsDataDrivenTest-1-thread-11] DEBUG org.apache.http.wire -  << "[\r][\n]"
20:46:23.239 [CreateStudentsDataDrivenTest-1-thread-11] DEBUG o.a.h.i.c.BasicClientConnectionManager - Releasing connection org.apache.http.impl.conn.ManagedClientConnectionImpl@6892c9a7
20:46:23.239 [CreateStudentsDataDrivenTest-1-thread-11] DEBUG o.a.h.i.conn.DefaultClientConnection - Connection 0.0.0.0:54664<->127.0.0.1:8085 shut down
20:46:23.247 [CreateStudentsDataDrivenTest-1-thread-11] DEBUG n.t.core.steps.StepInterceptor - STEP DONE: Creating student with FirstName: {0}, LastName: {1}, Email: {2}, Programme: {3}, Courses: {4}
]]></system-out>
  </testcase>
  <testcase name="createMultipleStudents" classname="com.studentapplication.junit.studentsinfo.CreateStudentsDataDrivenTest" time="0.637">
    <system-out><![CDATA[20:46:23.256 [CreateStudentsDataDrivenTest-1-thread-11] DEBUG n.thucydides.core.steps.StepEventBus - Test suite started for class com.studentapplication.junit.studentsinfo.CreateStudentsDataDrivenTest
20:46:23.256 [CreateStudentsDataDrivenTest-1-thread-11] INFO   - Test Suite Started: Create students data driven test
20:46:23.257 [CreateStudentsDataDrivenTest-1-thread-11] DEBUG n.s.j.SerenityTestExecutionListener - Thread[CreateStudentsDataDrivenTest-1-thread-11,5,CreateStudentsDataDrivenTest-1] Test started TestIdentifier [uniqueId = [engine:junit-vintage]/[runner:com.studentapplication.junit.studentsinfo.CreateStudentsDataDrivenTest]/[test:com.studentapplication.junit.studentsinfo.CreateStudentsDataDrivenTest%5B74%5D]/[test:createMultipleStudents%5B74%5D(com.studentapplication.junit.studentsinfo.CreateStudentsDataDrivenTest)], parentId = [engine:junit-vintage]/[runner:com.studentapplication.junit.studentsinfo.CreateStudentsDataDrivenTest]/[test:com.studentapplication.junit.studentsinfo.CreateStudentsDataDrivenTest%5B74%5D], displayName = 'createMultipleStudents[74]', legacyReportingName = 'createMultipleStudents[74]', source = MethodSource [className = 'com.studentapplication.junit.studentsinfo.CreateStudentsDataDrivenTest', methodName = 'createMultipleStudents', methodParameterTypes = ''], tags = [], type = TEST]
20:46:23.257 [CreateStudentsDataDrivenTest-1-thread-11] INFO   - 
  _____   ___   ___   _____     ___   _____     _     ___   _____   ___   ___  
 |_   _| | __| / __| |_   _|   / __| |_   _|   /_\   | _ \ |_   _| | __| |   \ 
   | |   | _|  \__ \   | |     \__ \   | |    / _ \  |   /   | |   | _|  | |) |
   |_|   |___| |___/   |_|     |___/   |_|   /_/ \_\ |_|_\   |_|   |___| |___/ 

createMultipleStudents
--------------------------------------------------------------------------------
20:46:23.258 [CreateStudentsDataDrivenTest-1-thread-11] INFO   - 
  _____   ___   ___   _____     ___   _____     _     ___   _____   ___   ___  
 |_   _| | __| / __| |_   _|   / __| |_   _|   /_\   | _ \ |_   _| | __| |   \ 
   | |   | _|  \__ \   | |     \__ \   | |    / _ \  |   /   | |   | _|  | |) |
   |_|   |___| |___/   |_|     |___/   |_|   /_/ \_\ |_|_\   |_|   |___| |___/ 

createMultipleStudents[74]
--------------------------------------------------------------------------------
20:46:23.262 [CreateStudentsDataDrivenTest-1-thread-11] DEBUG n.t.core.steps.StepInterceptor - STARTING STEP: CreateStudentsDataDrivenTest.createMultipleStudents - Creating student with FirstName: {0}, LastName: {1}, Email: {2}, Programme: {3}, Courses: {4}
20:46:23.279 [CreateStudentsDataDrivenTest-1-thread-11] DEBUG o.a.h.i.c.BasicClientConnectionManager - Get connection for route {}->http://localhost:8085
20:46:23.279 [CreateStudentsDataDrivenTest-1-thread-11] DEBUG o.a.h.i.c.DefaultClientConnectionOperator - Connecting to localhost:8085
20:46:23.280 [CreateStudentsDataDrivenTest-1-thread-11] DEBUG o.a.h.c.protocol.RequestAddCookies - CookieSpec selected: ignoreCookies
20:46:23.280 [CreateStudentsDataDrivenTest-1-thread-11] DEBUG o.a.h.c.protocol.RequestAuthCache - Auth cache not set in the context
20:46:23.280 [CreateStudentsDataDrivenTest-1-thread-11] DEBUG o.a.h.c.p.RequestTargetAuthentication - Target auth state: UNCHALLENGED
20:46:23.280 [CreateStudentsDataDrivenTest-1-thread-11] DEBUG o.a.h.c.p.RequestProxyAuthentication - Proxy auth state: UNCHALLENGED
20:46:23.280 [CreateStudentsDataDrivenTest-1-thread-11] DEBUG o.a.h.impl.client.DefaultHttpClient - Attempt 1 to execute request
20:46:23.280 [CreateStudentsDataDrivenTest-1-thread-11] DEBUG o.a.h.i.conn.DefaultClientConnection - Sending request: POST /student HTTP/1.1
20:46:23.280 [CreateStudentsDataDrivenTest-1-thread-11] DEBUG org.apache.http.wire -  >> "POST /student HTTP/1.1[\r][\n]"
20:46:23.280 [CreateStudentsDataDrivenTest-1-thread-11] DEBUG org.apache.http.wire -  >> "Accept: */*[\r][\n]"
20:46:23.280 [CreateStudentsDataDrivenTest-1-thread-11] DEBUG org.apache.http.wire -  >> "Content-Type: application/json; charset=UTF-8[\r][\n]"
20:46:23.281 [CreateStudentsDataDrivenTest-1-thread-11] DEBUG org.apache.http.wire -  >> "Content-Length: 136[\r][\n]"
20:46:23.281 [CreateStudentsDataDrivenTest-1-thread-11] DEBUG org.apache.http.wire -  >> "Host: localhost:8085[\r][\n]"
20:46:23.281 [CreateStudentsDataDrivenTest-1-thread-11] DEBUG org.apache.http.wire -  >> "Connection: Keep-Alive[\r][\n]"
20:46:23.281 [CreateStudentsDataDrivenTest-1-thread-11] DEBUG org.apache.http.wire -  >> "User-Agent: Apache-HttpClient/4.5.13 (Java/11.0.20)[\r][\n]"
20:46:23.281 [CreateStudentsDataDrivenTest-1-thread-11] DEBUG org.apache.http.wire -  >> "Accept-Encoding: gzip,deflate[\r][\n]"
20:46:23.281 [CreateStudentsDataDrivenTest-1-thread-11] DEBUG org.apache.http.wire -  >> "[\r][\n]"
20:46:23.281 [CreateStudentsDataDrivenTest-1-thread-11] DEBUG org.apache.http.headers - >> POST /student HTTP/1.1
20:46:23.281 [CreateStudentsDataDrivenTest-1-thread-11] DEBUG org.apache.http.headers - >> Accept: */*
20:46:23.281 [CreateStudentsDataDrivenTest-1-thread-11] DEBUG org.apache.http.headers - >> Content-Type: application/json; charset=UTF-8
20:46:23.281 [CreateStudentsDataDrivenTest-1-thread-11] DEBUG org.apache.http.headers - >> Content-Length: 136
20:46:23.281 [CreateStudentsDataDrivenTest-1-thread-11] DEBUG org.apache.http.headers - >> Host: localhost:8085
20:46:23.281 [CreateStudentsDataDrivenTest-1-thread-11] DEBUG org.apache.http.headers - >> Connection: Keep-Alive
20:46:23.281 [CreateStudentsDataDrivenTest-1-thread-11] DEBUG org.apache.http.headers - >> User-Agent: Apache-HttpClient/4.5.13 (Java/11.0.20)
20:46:23.281 [CreateStudentsDataDrivenTest-1-thread-11] DEBUG org.apache.http.headers - >> Accept-Encoding: gzip,deflate
20:46:23.281 [CreateStudentsDataDrivenTest-1-thread-11] DEBUG org.apache.http.wire -  >> "{"id":0,"firstName":"Raven","lastName":"Selvester","email":"rselvester22@alibaba.com","programme":"Computer Science","courses":["java"]}"
20:46:23.288 [CreateStudentsDataDrivenTest-1-thread-6] DEBUG org.apache.http.wire -  << "HTTP/1.1 500 [\r][\n]"
20:46:23.289 [CreateStudentsDataDrivenTest-1-thread-6] DEBUG org.apache.http.wire -  << "Content-Type: application/json;charset=UTF-8[\r][\n]"
20:46:23.289 [CreateStudentsDataDrivenTest-1-thread-6] DEBUG org.apache.http.wire -  << "Transfer-Encoding: chunked[\r][\n]"
20:46:23.289 [CreateStudentsDataDrivenTest-1-thread-6] DEBUG org.apache.http.wire -  << "Date: Thu, 23 Nov 2023 15:16:22 GMT[\r][\n]"
20:46:23.289 [CreateStudentsDataDrivenTest-1-thread-6] DEBUG org.apache.http.wire -  << "Connection: close[\r][\n]"
20:46:23.289 [CreateStudentsDataDrivenTest-1-thread-6] DEBUG org.apache.http.wire -  << "[\r][\n]"
20:46:23.289 [CreateStudentsDataDrivenTest-1-thread-6] DEBUG o.a.h.i.conn.DefaultClientConnection - Receiving response: HTTP/1.1 500 
20:46:23.289 [CreateStudentsDataDrivenTest-1-thread-6] DEBUG org.apache.http.headers - << HTTP/1.1 500 
20:46:23.289 [CreateStudentsDataDrivenTest-1-thread-6] DEBUG org.apache.http.headers - << Content-Type: application/json;charset=UTF-8
20:46:23.289 [CreateStudentsDataDrivenTest-1-thread-6] DEBUG org.apache.http.headers - << Transfer-Encoding: chunked
20:46:23.289 [CreateStudentsDataDrivenTest-1-thread-6] DEBUG org.apache.http.headers - << Date: Thu, 23 Nov 2023 15:16:22 GMT
20:46:23.289 [CreateStudentsDataDrivenTest-1-thread-6] DEBUG org.apache.http.headers - << Connection: close
20:46:23.289 [CreateStudentsDataDrivenTest-1-thread-6] DEBUG i.r.i.RequestSpecificationImpl$RestAssuredHttpBuilder - Parsing response as: application/json;charset=UTF-8
20:46:23.289 [CreateStudentsDataDrivenTest-1-thread-6] DEBUG i.r.i.RequestSpecificationImpl$RestAssuredHttpBuilder - Parsed data to instance of: class org.apache.http.conn.EofSensorInputStream
20:46:23.290 [CreateStudentsDataDrivenTest-1-thread-6] DEBUG org.apache.http.wire -  << "28[\r][\n]"
20:46:23.290 [CreateStudentsDataDrivenTest-1-thread-6] DEBUG org.apache.http.wire -  << "{"error":"Email address already exists"}"
20:46:23.290 [CreateStudentsDataDrivenTest-1-thread-6] DEBUG org.apache.http.wire -  << "[\r][\n]"
20:46:23.290 [CreateStudentsDataDrivenTest-1-thread-6] DEBUG org.apache.http.wire -  << "0[\r][\n]"
20:46:23.290 [CreateStudentsDataDrivenTest-1-thread-6] DEBUG org.apache.http.wire -  << "[\r][\n]"
20:46:23.290 [CreateStudentsDataDrivenTest-1-thread-6] DEBUG o.a.h.i.c.BasicClientConnectionManager - Releasing connection org.apache.http.impl.conn.ManagedClientConnectionImpl@d7d77db
20:46:23.290 [CreateStudentsDataDrivenTest-1-thread-6] DEBUG o.a.h.i.conn.DefaultClientConnection - Connection 0.0.0.0:54663<->127.0.0.1:8085 shut down
20:46:23.291 [CreateStudentsDataDrivenTest-1-thread-1] DEBUG org.apache.http.wire -  << "HTTP/1.1 500 [\r][\n]"
20:46:23.291 [CreateStudentsDataDrivenTest-1-thread-1] DEBUG org.apache.http.wire -  << "Content-Type: application/json;charset=UTF-8[\r][\n]"
20:46:23.291 [CreateStudentsDataDrivenTest-1-thread-1] DEBUG org.apache.http.wire -  << "Transfer-Encoding: chunked[\r][\n]"
20:46:23.291 [CreateStudentsDataDrivenTest-1-thread-1] DEBUG org.apache.http.wire -  << "Date: Thu, 23 Nov 2023 15:16:22 GMT[\r][\n]"
20:46:23.291 [CreateStudentsDataDrivenTest-1-thread-1] DEBUG org.apache.http.wire -  << "Connection: close[\r][\n]"
20:46:23.291 [CreateStudentsDataDrivenTest-1-thread-1] DEBUG org.apache.http.wire -  << "[\r][\n]"
20:46:23.291 [CreateStudentsDataDrivenTest-1-thread-1] DEBUG o.a.h.i.conn.DefaultClientConnection - Receiving response: HTTP/1.1 500 
20:46:23.291 [CreateStudentsDataDrivenTest-1-thread-1] DEBUG org.apache.http.headers - << HTTP/1.1 500 
20:46:23.291 [CreateStudentsDataDrivenTest-1-thread-1] DEBUG org.apache.http.headers - << Content-Type: application/json;charset=UTF-8
20:46:23.291 [CreateStudentsDataDrivenTest-1-thread-1] DEBUG org.apache.http.headers - << Transfer-Encoding: chunked
20:46:23.291 [CreateStudentsDataDrivenTest-1-thread-1] DEBUG org.apache.http.headers - << Date: Thu, 23 Nov 2023 15:16:22 GMT
20:46:23.291 [CreateStudentsDataDrivenTest-1-thread-1] DEBUG org.apache.http.headers - << Connection: close
20:46:23.291 [CreateStudentsDataDrivenTest-1-thread-1] DEBUG i.r.i.RequestSpecificationImpl$RestAssuredHttpBuilder - Parsing response as: application/json;charset=UTF-8
20:46:23.291 [CreateStudentsDataDrivenTest-1-thread-1] DEBUG i.r.i.RequestSpecificationImpl$RestAssuredHttpBuilder - Parsed data to instance of: class org.apache.http.conn.EofSensorInputStream
20:46:23.292 [CreateStudentsDataDrivenTest-1-thread-1] DEBUG org.apache.http.wire -  << "28[\r][\n]"
20:46:23.292 [CreateStudentsDataDrivenTest-1-thread-1] DEBUG org.apache.http.wire -  << "{"error":"Email address already exists"}"
20:46:23.292 [CreateStudentsDataDrivenTest-1-thread-1] DEBUG org.apache.http.wire -  << "[\r][\n]"
20:46:23.293 [CreateStudentsDataDrivenTest-1-thread-1] DEBUG org.apache.http.wire -  << "0[\r][\n]"
20:46:23.293 [CreateStudentsDataDrivenTest-1-thread-1] DEBUG org.apache.http.wire -  << "[\r][\n]"
20:46:23.293 [CreateStudentsDataDrivenTest-1-thread-1] DEBUG o.a.h.i.c.BasicClientConnectionManager - Releasing connection org.apache.http.impl.conn.ManagedClientConnectionImpl@4be1cf71
20:46:23.294 [CreateStudentsDataDrivenTest-1-thread-1] DEBUG o.a.h.i.conn.DefaultClientConnection - Connection 0.0.0.0:54657<->127.0.0.1:8085 shut down
20:46:23.295 [CreateStudentsDataDrivenTest-1-thread-6] DEBUG n.t.core.steps.StepInterceptor - STEP DONE: Creating student with FirstName: {0}, LastName: {1}, Email: {2}, Programme: {3}, Courses: {4}
]]></system-out>
  </testcase>
  <testcase name="createMultipleStudents" classname="com.studentapplication.junit.studentsinfo.CreateStudentsDataDrivenTest" time="0.878">
    <system-out><![CDATA[20:46:23.302 [CreateStudentsDataDrivenTest-1-thread-1] DEBUG n.t.core.steps.StepInterceptor - STEP DONE: Creating student with FirstName: {0}, LastName: {1}, Email: {2}, Programme: {3}, Courses: {4}
20:46:23.303 [CreateStudentsDataDrivenTest-1-thread-6] DEBUG n.thucydides.core.steps.StepEventBus - Test suite started for class com.studentapplication.junit.studentsinfo.CreateStudentsDataDrivenTest
20:46:23.303 [CreateStudentsDataDrivenTest-1-thread-6] INFO   - Test Suite Started: Create students data driven test
20:46:23.303 [CreateStudentsDataDrivenTest-1-thread-6] DEBUG n.s.j.SerenityTestExecutionListener - Thread[CreateStudentsDataDrivenTest-1-thread-6,5,CreateStudentsDataDrivenTest-1] Test started TestIdentifier [uniqueId = [engine:junit-vintage]/[runner:com.studentapplication.junit.studentsinfo.CreateStudentsDataDrivenTest]/[test:com.studentapplication.junit.studentsinfo.CreateStudentsDataDrivenTest%5B75%5D]/[test:createMultipleStudents%5B75%5D(com.studentapplication.junit.studentsinfo.CreateStudentsDataDrivenTest)], parentId = [engine:junit-vintage]/[runner:com.studentapplication.junit.studentsinfo.CreateStudentsDataDrivenTest]/[test:com.studentapplication.junit.studentsinfo.CreateStudentsDataDrivenTest%5B75%5D], displayName = 'createMultipleStudents[75]', legacyReportingName = 'createMultipleStudents[75]', source = MethodSource [className = 'com.studentapplication.junit.studentsinfo.CreateStudentsDataDrivenTest', methodName = 'createMultipleStudents', methodParameterTypes = ''], tags = [], type = TEST]
20:46:23.303 [CreateStudentsDataDrivenTest-1-thread-6] INFO   - 
  _____   ___   ___   _____     ___   _____     _     ___   _____   ___   ___  
 |_   _| | __| / __| |_   _|   / __| |_   _|   /_\   | _ \ |_   _| | __| |   \ 
   | |   | _|  \__ \   | |     \__ \   | |    / _ \  |   /   | |   | _|  | |) |
   |_|   |___| |___/   |_|     |___/   |_|   /_/ \_\ |_|_\   |_|   |___| |___/ 

createMultipleStudents
--------------------------------------------------------------------------------
20:46:23.304 [CreateStudentsDataDrivenTest-1-thread-6] INFO   - 
  _____   ___   ___   _____     ___   _____     _     ___   _____   ___   ___  
 |_   _| | __| / __| |_   _|   / __| |_   _|   /_\   | _ \ |_   _| | __| |   \ 
   | |   | _|  \__ \   | |     \__ \   | |    / _ \  |   /   | |   | _|  | |) |
   |_|   |___| |___/   |_|     |___/   |_|   /_/ \_\ |_|_\   |_|   |___| |___/ 

createMultipleStudents[75]
--------------------------------------------------------------------------------
20:46:23.309 [CreateStudentsDataDrivenTest-1-thread-6] DEBUG n.t.core.steps.StepInterceptor - STARTING STEP: CreateStudentsDataDrivenTest.createMultipleStudents - Creating student with FirstName: {0}, LastName: {1}, Email: {2}, Programme: {3}, Courses: {4}
]]></system-out>
  </testcase>
  <testcase name="createMultipleStudents" classname="com.studentapplication.junit.studentsinfo.CreateStudentsDataDrivenTest" time="0.897">
    <system-out><![CDATA[20:46:23.317 [CreateStudentsDataDrivenTest-1-thread-1] DEBUG n.thucydides.core.steps.StepEventBus - Test suite started for class com.studentapplication.junit.studentsinfo.CreateStudentsDataDrivenTest
20:46:23.318 [CreateStudentsDataDrivenTest-1-thread-1] INFO   - Test Suite Started: Create students data driven test
20:46:23.318 [CreateStudentsDataDrivenTest-1-thread-6] DEBUG o.a.h.i.c.BasicClientConnectionManager - Get connection for route {}->http://localhost:8085
20:46:23.318 [CreateStudentsDataDrivenTest-1-thread-6] DEBUG o.a.h.i.c.DefaultClientConnectionOperator - Connecting to localhost:8085
20:46:23.318 [CreateStudentsDataDrivenTest-1-thread-1] DEBUG n.s.j.SerenityTestExecutionListener - Thread[CreateStudentsDataDrivenTest-1-thread-1,5,CreateStudentsDataDrivenTest-1] Test started TestIdentifier [uniqueId = [engine:junit-vintage]/[runner:com.studentapplication.junit.studentsinfo.CreateStudentsDataDrivenTest]/[test:com.studentapplication.junit.studentsinfo.CreateStudentsDataDrivenTest%5B76%5D]/[test:createMultipleStudents%5B76%5D(com.studentapplication.junit.studentsinfo.CreateStudentsDataDrivenTest)], parentId = [engine:junit-vintage]/[runner:com.studentapplication.junit.studentsinfo.CreateStudentsDataDrivenTest]/[test:com.studentapplication.junit.studentsinfo.CreateStudentsDataDrivenTest%5B76%5D], displayName = 'createMultipleStudents[76]', legacyReportingName = 'createMultipleStudents[76]', source = MethodSource [className = 'com.studentapplication.junit.studentsinfo.CreateStudentsDataDrivenTest', methodName = 'createMultipleStudents', methodParameterTypes = ''], tags = [], type = TEST]
20:46:23.318 [CreateStudentsDataDrivenTest-1-thread-1] INFO   - 
  _____   ___   ___   _____     ___   _____     _     ___   _____   ___   ___  
 |_   _| | __| / __| |_   _|   / __| |_   _|   /_\   | _ \ |_   _| | __| |   \ 
   | |   | _|  \__ \   | |     \__ \   | |    / _ \  |   /   | |   | _|  | |) |
   |_|   |___| |___/   |_|     |___/   |_|   /_/ \_\ |_|_\   |_|   |___| |___/ 

createMultipleStudents
--------------------------------------------------------------------------------
20:46:23.319 [CreateStudentsDataDrivenTest-1-thread-6] DEBUG o.a.h.c.protocol.RequestAddCookies - CookieSpec selected: ignoreCookies
20:46:23.319 [CreateStudentsDataDrivenTest-1-thread-6] DEBUG o.a.h.c.protocol.RequestAuthCache - Auth cache not set in the context
20:46:23.319 [CreateStudentsDataDrivenTest-1-thread-6] DEBUG o.a.h.c.p.RequestTargetAuthentication - Target auth state: UNCHALLENGED
20:46:23.319 [CreateStudentsDataDrivenTest-1-thread-6] DEBUG o.a.h.c.p.RequestProxyAuthentication - Proxy auth state: UNCHALLENGED
20:46:23.319 [CreateStudentsDataDrivenTest-1-thread-1] INFO   - 
  _____   ___   ___   _____     ___   _____     _     ___   _____   ___   ___  
 |_   _| | __| / __| |_   _|   / __| |_   _|   /_\   | _ \ |_   _| | __| |   \ 
   | |   | _|  \__ \   | |     \__ \   | |    / _ \  |   /   | |   | _|  | |) |
   |_|   |___| |___/   |_|     |___/   |_|   /_/ \_\ |_|_\   |_|   |___| |___/ 

createMultipleStudents[76]
--------------------------------------------------------------------------------
20:46:23.319 [CreateStudentsDataDrivenTest-1-thread-6] DEBUG o.a.h.impl.client.DefaultHttpClient - Attempt 1 to execute request
20:46:23.319 [CreateStudentsDataDrivenTest-1-thread-6] DEBUG o.a.h.i.conn.DefaultClientConnection - Sending request: POST /student HTTP/1.1
20:46:23.319 [CreateStudentsDataDrivenTest-1-thread-6] DEBUG org.apache.http.wire -  >> "POST /student HTTP/1.1[\r][\n]"
20:46:23.319 [CreateStudentsDataDrivenTest-1-thread-6] DEBUG org.apache.http.wire -  >> "Accept: */*[\r][\n]"
20:46:23.319 [CreateStudentsDataDrivenTest-1-thread-6] DEBUG org.apache.http.wire -  >> "Content-Type: application/json; charset=UTF-8[\r][\n]"
20:46:23.319 [CreateStudentsDataDrivenTest-1-thread-6] DEBUG org.apache.http.wire -  >> "Content-Length: 131[\r][\n]"
20:46:23.319 [CreateStudentsDataDrivenTest-1-thread-6] DEBUG org.apache.http.wire -  >> "Host: localhost:8085[\r][\n]"
20:46:23.319 [CreateStudentsDataDrivenTest-1-thread-6] DEBUG org.apache.http.wire -  >> "Connection: Keep-Alive[\r][\n]"
20:46:23.319 [CreateStudentsDataDrivenTest-1-thread-6] DEBUG org.apache.http.wire -  >> "User-Agent: Apache-HttpClient/4.5.13 (Java/11.0.20)[\r][\n]"
20:46:23.319 [CreateStudentsDataDrivenTest-1-thread-6] DEBUG org.apache.http.wire -  >> "Accept-Encoding: gzip,deflate[\r][\n]"
20:46:23.319 [CreateStudentsDataDrivenTest-1-thread-6] DEBUG org.apache.http.wire -  >> "[\r][\n]"
20:46:23.319 [CreateStudentsDataDrivenTest-1-thread-6] DEBUG org.apache.http.headers - >> POST /student HTTP/1.1
20:46:23.319 [CreateStudentsDataDrivenTest-1-thread-6] DEBUG org.apache.http.headers - >> Accept: */*
20:46:23.319 [CreateStudentsDataDrivenTest-1-thread-6] DEBUG org.apache.http.headers - >> Content-Type: application/json; charset=UTF-8
20:46:23.319 [CreateStudentsDataDrivenTest-1-thread-6] DEBUG org.apache.http.headers - >> Content-Length: 131
20:46:23.319 [CreateStudentsDataDrivenTest-1-thread-6] DEBUG org.apache.http.headers - >> Host: localhost:8085
20:46:23.319 [CreateStudentsDataDrivenTest-1-thread-6] DEBUG org.apache.http.headers - >> Connection: Keep-Alive
20:46:23.319 [CreateStudentsDataDrivenTest-1-thread-6] DEBUG org.apache.http.headers - >> User-Agent: Apache-HttpClient/4.5.13 (Java/11.0.20)
20:46:23.319 [CreateStudentsDataDrivenTest-1-thread-6] DEBUG org.apache.http.headers - >> Accept-Encoding: gzip,deflate
20:46:23.319 [CreateStudentsDataDrivenTest-1-thread-6] DEBUG org.apache.http.wire -  >> "{"id":0,"firstName":"Eryn","lastName":"Dacres","email":"edacres23@csmonitor.com","programme":"Computer Science","courses":["java"]}"
20:46:23.325 [CreateStudentsDataDrivenTest-1-thread-1] DEBUG n.t.core.steps.StepInterceptor - STARTING STEP: CreateStudentsDataDrivenTest.createMultipleStudents - Creating student with FirstName: {0}, LastName: {1}, Email: {2}, Programme: {3}, Courses: {4}
20:46:23.333 [CreateStudentsDataDrivenTest-1-thread-1] DEBUG o.a.h.i.c.BasicClientConnectionManager - Get connection for route {}->http://localhost:8085
20:46:23.333 [CreateStudentsDataDrivenTest-1-thread-1] DEBUG o.a.h.i.c.DefaultClientConnectionOperator - Connecting to localhost:8085
20:46:23.334 [CreateStudentsDataDrivenTest-1-thread-1] DEBUG o.a.h.c.protocol.RequestAddCookies - CookieSpec selected: ignoreCookies
20:46:23.334 [CreateStudentsDataDrivenTest-1-thread-1] DEBUG o.a.h.c.protocol.RequestAuthCache - Auth cache not set in the context
20:46:23.334 [CreateStudentsDataDrivenTest-1-thread-1] DEBUG o.a.h.c.p.RequestTargetAuthentication - Target auth state: UNCHALLENGED
20:46:23.334 [CreateStudentsDataDrivenTest-1-thread-1] DEBUG o.a.h.c.p.RequestProxyAuthentication - Proxy auth state: UNCHALLENGED
20:46:23.334 [CreateStudentsDataDrivenTest-1-thread-1] DEBUG o.a.h.impl.client.DefaultHttpClient - Attempt 1 to execute request
20:46:23.334 [CreateStudentsDataDrivenTest-1-thread-1] DEBUG o.a.h.i.conn.DefaultClientConnection - Sending request: POST /student HTTP/1.1
20:46:23.334 [CreateStudentsDataDrivenTest-1-thread-1] DEBUG org.apache.http.wire -  >> "POST /student HTTP/1.1[\r][\n]"
20:46:23.334 [CreateStudentsDataDrivenTest-1-thread-1] DEBUG org.apache.http.wire -  >> "Accept: */*[\r][\n]"
20:46:23.334 [CreateStudentsDataDrivenTest-1-thread-1] DEBUG org.apache.http.wire -  >> "Content-Type: application/json; charset=UTF-8[\r][\n]"
20:46:23.334 [CreateStudentsDataDrivenTest-1-thread-1] DEBUG org.apache.http.wire -  >> "Content-Length: 124[\r][\n]"
20:46:23.334 [CreateStudentsDataDrivenTest-1-thread-1] DEBUG org.apache.http.wire -  >> "Host: localhost:8085[\r][\n]"
20:46:23.334 [CreateStudentsDataDrivenTest-1-thread-1] DEBUG org.apache.http.wire -  >> "Connection: Keep-Alive[\r][\n]"
20:46:23.334 [CreateStudentsDataDrivenTest-1-thread-1] DEBUG org.apache.http.wire -  >> "User-Agent: Apache-HttpClient/4.5.13 (Java/11.0.20)[\r][\n]"
20:46:23.334 [CreateStudentsDataDrivenTest-1-thread-1] DEBUG org.apache.http.wire -  >> "Accept-Encoding: gzip,deflate[\r][\n]"
20:46:23.334 [CreateStudentsDataDrivenTest-1-thread-1] DEBUG org.apache.http.wire -  >> "[\r][\n]"
20:46:23.334 [CreateStudentsDataDrivenTest-1-thread-1] DEBUG org.apache.http.headers - >> POST /student HTTP/1.1
20:46:23.334 [CreateStudentsDataDrivenTest-1-thread-1] DEBUG org.apache.http.headers - >> Accept: */*
20:46:23.334 [CreateStudentsDataDrivenTest-1-thread-1] DEBUG org.apache.http.headers - >> Content-Type: application/json; charset=UTF-8
20:46:23.334 [CreateStudentsDataDrivenTest-1-thread-1] DEBUG org.apache.http.headers - >> Content-Length: 124
20:46:23.334 [CreateStudentsDataDrivenTest-1-thread-1] DEBUG org.apache.http.headers - >> Host: localhost:8085
20:46:23.334 [CreateStudentsDataDrivenTest-1-thread-1] DEBUG org.apache.http.headers - >> Connection: Keep-Alive
20:46:23.334 [CreateStudentsDataDrivenTest-1-thread-1] DEBUG org.apache.http.headers - >> User-Agent: Apache-HttpClient/4.5.13 (Java/11.0.20)
20:46:23.334 [CreateStudentsDataDrivenTest-1-thread-1] DEBUG org.apache.http.headers - >> Accept-Encoding: gzip,deflate
20:46:23.334 [CreateStudentsDataDrivenTest-1-thread-1] DEBUG org.apache.http.wire -  >> "{"id":0,"firstName":"Kai","lastName":"Kuzma","email":"kkuzma24@about.me","programme":"Computer Science","courses":["scala"]}"
20:46:23.491 [CreateStudentsDataDrivenTest-1-thread-2] DEBUG org.apache.http.wire -  << "HTTP/1.1 500 [\r][\n]"
20:46:23.491 [CreateStudentsDataDrivenTest-1-thread-2] DEBUG org.apache.http.wire -  << "Content-Type: application/json;charset=UTF-8[\r][\n]"
20:46:23.491 [CreateStudentsDataDrivenTest-1-thread-2] DEBUG org.apache.http.wire -  << "Transfer-Encoding: chunked[\r][\n]"
20:46:23.491 [CreateStudentsDataDrivenTest-1-thread-2] DEBUG org.apache.http.wire -  << "Date: Thu, 23 Nov 2023 15:16:23 GMT[\r][\n]"
20:46:23.491 [CreateStudentsDataDrivenTest-1-thread-2] DEBUG org.apache.http.wire -  << "Connection: close[\r][\n]"
20:46:23.491 [CreateStudentsDataDrivenTest-1-thread-2] DEBUG org.apache.http.wire -  << "[\r][\n]"
20:46:23.491 [CreateStudentsDataDrivenTest-1-thread-2] DEBUG o.a.h.i.conn.DefaultClientConnection - Receiving response: HTTP/1.1 500 
20:46:23.491 [CreateStudentsDataDrivenTest-1-thread-2] DEBUG org.apache.http.headers - << HTTP/1.1 500 
20:46:23.491 [CreateStudentsDataDrivenTest-1-thread-2] DEBUG org.apache.http.headers - << Content-Type: application/json;charset=UTF-8
20:46:23.491 [CreateStudentsDataDrivenTest-1-thread-2] DEBUG org.apache.http.headers - << Transfer-Encoding: chunked
20:46:23.491 [CreateStudentsDataDrivenTest-1-thread-2] DEBUG org.apache.http.headers - << Date: Thu, 23 Nov 2023 15:16:23 GMT
20:46:23.491 [CreateStudentsDataDrivenTest-1-thread-2] DEBUG org.apache.http.headers - << Connection: close
20:46:23.491 [CreateStudentsDataDrivenTest-1-thread-2] DEBUG i.r.i.RequestSpecificationImpl$RestAssuredHttpBuilder - Parsing response as: application/json;charset=UTF-8
20:46:23.491 [CreateStudentsDataDrivenTest-1-thread-2] DEBUG i.r.i.RequestSpecificationImpl$RestAssuredHttpBuilder - Parsed data to instance of: class org.apache.http.conn.EofSensorInputStream
20:46:23.492 [CreateStudentsDataDrivenTest-1-thread-2] DEBUG org.apache.http.wire -  << "28[\r][\n]"
20:46:23.492 [CreateStudentsDataDrivenTest-1-thread-2] DEBUG org.apache.http.wire -  << "{"error":"Email address already exists"}"
20:46:23.492 [CreateStudentsDataDrivenTest-1-thread-2] DEBUG org.apache.http.wire -  << "[\r][\n]"
20:46:23.492 [CreateStudentsDataDrivenTest-1-thread-2] DEBUG org.apache.http.wire -  << "0[\r][\n]"
20:46:23.492 [CreateStudentsDataDrivenTest-1-thread-2] DEBUG org.apache.http.wire -  << "[\r][\n]"
20:46:23.492 [CreateStudentsDataDrivenTest-1-thread-2] DEBUG o.a.h.i.c.BasicClientConnectionManager - Releasing connection org.apache.http.impl.conn.ManagedClientConnectionImpl@96a32c
20:46:23.492 [CreateStudentsDataDrivenTest-1-thread-2] DEBUG o.a.h.i.conn.DefaultClientConnection - Connection 0.0.0.0:54661<->127.0.0.1:8085 shut down
20:46:23.498 [CreateStudentsDataDrivenTest-1-thread-2] DEBUG n.t.core.steps.StepInterceptor - STEP DONE: Creating student with FirstName: {0}, LastName: {1}, Email: {2}, Programme: {3}, Courses: {4}
]]></system-out>
  </testcase>
  <testcase name="createMultipleStudents" classname="com.studentapplication.junit.studentsinfo.CreateStudentsDataDrivenTest" time="0.882">
    <system-out><![CDATA[20:46:23.509 [CreateStudentsDataDrivenTest-1-thread-2] DEBUG n.thucydides.core.steps.StepEventBus - Test suite started for class com.studentapplication.junit.studentsinfo.CreateStudentsDataDrivenTest
20:46:23.509 [CreateStudentsDataDrivenTest-1-thread-2] INFO   - Test Suite Started: Create students data driven test
20:46:23.509 [CreateStudentsDataDrivenTest-1-thread-2] DEBUG n.s.j.SerenityTestExecutionListener - Thread[CreateStudentsDataDrivenTest-1-thread-2,5,CreateStudentsDataDrivenTest-1] Test started TestIdentifier [uniqueId = [engine:junit-vintage]/[runner:com.studentapplication.junit.studentsinfo.CreateStudentsDataDrivenTest]/[test:com.studentapplication.junit.studentsinfo.CreateStudentsDataDrivenTest%5B77%5D]/[test:createMultipleStudents%5B77%5D(com.studentapplication.junit.studentsinfo.CreateStudentsDataDrivenTest)], parentId = [engine:junit-vintage]/[runner:com.studentapplication.junit.studentsinfo.CreateStudentsDataDrivenTest]/[test:com.studentapplication.junit.studentsinfo.CreateStudentsDataDrivenTest%5B77%5D], displayName = 'createMultipleStudents[77]', legacyReportingName = 'createMultipleStudents[77]', source = MethodSource [className = 'com.studentapplication.junit.studentsinfo.CreateStudentsDataDrivenTest', methodName = 'createMultipleStudents', methodParameterTypes = ''], tags = [], type = TEST]
20:46:23.509 [CreateStudentsDataDrivenTest-1-thread-2] INFO   - 
  _____   ___   ___   _____     ___   _____     _     ___   _____   ___   ___  
 |_   _| | __| / __| |_   _|   / __| |_   _|   /_\   | _ \ |_   _| | __| |   \ 
   | |   | _|  \__ \   | |     \__ \   | |    / _ \  |   /   | |   | _|  | |) |
   |_|   |___| |___/   |_|     |___/   |_|   /_/ \_\ |_|_\   |_|   |___| |___/ 

createMultipleStudents
--------------------------------------------------------------------------------
20:46:23.510 [CreateStudentsDataDrivenTest-1-thread-2] INFO   - 
  _____   ___   ___   _____     ___   _____     _     ___   _____   ___   ___  
 |_   _| | __| / __| |_   _|   / __| |_   _|   /_\   | _ \ |_   _| | __| |   \ 
   | |   | _|  \__ \   | |     \__ \   | |    / _ \  |   /   | |   | _|  | |) |
   |_|   |___| |___/   |_|     |___/   |_|   /_/ \_\ |_|_\   |_|   |___| |___/ 

createMultipleStudents[77]
--------------------------------------------------------------------------------
20:46:23.518 [CreateStudentsDataDrivenTest-1-thread-2] DEBUG n.t.core.steps.StepInterceptor - STARTING STEP: CreateStudentsDataDrivenTest.createMultipleStudents - Creating student with FirstName: {0}, LastName: {1}, Email: {2}, Programme: {3}, Courses: {4}
20:46:23.523 [CreateStudentsDataDrivenTest-1-thread-10] DEBUG org.apache.http.wire -  << "HTTP/1.1 500 [\r][\n]"
20:46:23.523 [CreateStudentsDataDrivenTest-1-thread-10] DEBUG org.apache.http.wire -  << "Content-Type: application/json;charset=UTF-8[\r][\n]"
20:46:23.523 [CreateStudentsDataDrivenTest-1-thread-10] DEBUG org.apache.http.wire -  << "Transfer-Encoding: chunked[\r][\n]"
20:46:23.523 [CreateStudentsDataDrivenTest-1-thread-10] DEBUG org.apache.http.wire -  << "Date: Thu, 23 Nov 2023 15:16:23 GMT[\r][\n]"
20:46:23.523 [CreateStudentsDataDrivenTest-1-thread-10] DEBUG org.apache.http.wire -  << "Connection: close[\r][\n]"
20:46:23.523 [CreateStudentsDataDrivenTest-1-thread-10] DEBUG org.apache.http.wire -  << "[\r][\n]"
20:46:23.523 [CreateStudentsDataDrivenTest-1-thread-10] DEBUG o.a.h.i.conn.DefaultClientConnection - Receiving response: HTTP/1.1 500 
20:46:23.523 [CreateStudentsDataDrivenTest-1-thread-10] DEBUG org.apache.http.headers - << HTTP/1.1 500 
20:46:23.523 [CreateStudentsDataDrivenTest-1-thread-10] DEBUG org.apache.http.headers - << Content-Type: application/json;charset=UTF-8
20:46:23.523 [CreateStudentsDataDrivenTest-1-thread-10] DEBUG org.apache.http.headers - << Transfer-Encoding: chunked
20:46:23.523 [CreateStudentsDataDrivenTest-1-thread-10] DEBUG org.apache.http.headers - << Date: Thu, 23 Nov 2023 15:16:23 GMT
20:46:23.523 [CreateStudentsDataDrivenTest-1-thread-10] DEBUG org.apache.http.headers - << Connection: close
20:46:23.523 [CreateStudentsDataDrivenTest-1-thread-10] DEBUG i.r.i.RequestSpecificationImpl$RestAssuredHttpBuilder - Parsing response as: application/json;charset=UTF-8
20:46:23.523 [CreateStudentsDataDrivenTest-1-thread-10] DEBUG i.r.i.RequestSpecificationImpl$RestAssuredHttpBuilder - Parsed data to instance of: class org.apache.http.conn.EofSensorInputStream
20:46:23.524 [CreateStudentsDataDrivenTest-1-thread-10] DEBUG org.apache.http.wire -  << "28[\r][\n]"
20:46:23.524 [CreateStudentsDataDrivenTest-1-thread-10] DEBUG org.apache.http.wire -  << "{"error":"Email address already exists"}"
20:46:23.524 [CreateStudentsDataDrivenTest-1-thread-10] DEBUG org.apache.http.wire -  << "[\r][\n]"
20:46:23.529 [CreateStudentsDataDrivenTest-1-thread-2] DEBUG o.a.h.i.c.BasicClientConnectionManager - Get connection for route {}->http://localhost:8085
20:46:23.530 [CreateStudentsDataDrivenTest-1-thread-2] DEBUG o.a.h.i.c.DefaultClientConnectionOperator - Connecting to localhost:8085
20:46:23.531 [CreateStudentsDataDrivenTest-1-thread-2] DEBUG o.a.h.c.protocol.RequestAddCookies - CookieSpec selected: ignoreCookies
20:46:23.531 [CreateStudentsDataDrivenTest-1-thread-2] DEBUG o.a.h.c.protocol.RequestAuthCache - Auth cache not set in the context
20:46:23.531 [CreateStudentsDataDrivenTest-1-thread-2] DEBUG o.a.h.c.p.RequestTargetAuthentication - Target auth state: UNCHALLENGED
20:46:23.532 [CreateStudentsDataDrivenTest-1-thread-2] DEBUG o.a.h.c.p.RequestProxyAuthentication - Proxy auth state: UNCHALLENGED
20:46:23.532 [CreateStudentsDataDrivenTest-1-thread-2] DEBUG o.a.h.impl.client.DefaultHttpClient - Attempt 1 to execute request
20:46:23.532 [CreateStudentsDataDrivenTest-1-thread-2] DEBUG o.a.h.i.conn.DefaultClientConnection - Sending request: POST /student HTTP/1.1
20:46:23.532 [CreateStudentsDataDrivenTest-1-thread-2] DEBUG org.apache.http.wire -  >> "POST /student HTTP/1.1[\r][\n]"
20:46:23.532 [CreateStudentsDataDrivenTest-1-thread-2] DEBUG org.apache.http.wire -  >> "Accept: */*[\r][\n]"
20:46:23.532 [CreateStudentsDataDrivenTest-1-thread-2] DEBUG org.apache.http.wire -  >> "Content-Type: application/json; charset=UTF-8[\r][\n]"
20:46:23.532 [CreateStudentsDataDrivenTest-1-thread-2] DEBUG org.apache.http.wire -  >> "Content-Length: 120[\r][\n]"
20:46:23.532 [CreateStudentsDataDrivenTest-1-thread-2] DEBUG org.apache.http.wire -  >> "Host: localhost:8085[\r][\n]"
20:46:23.532 [CreateStudentsDataDrivenTest-1-thread-2] DEBUG org.apache.http.wire -  >> "Connection: Keep-Alive[\r][\n]"
20:46:23.532 [CreateStudentsDataDrivenTest-1-thread-2] DEBUG org.apache.http.wire -  >> "User-Agent: Apache-HttpClient/4.5.13 (Java/11.0.20)[\r][\n]"
20:46:23.532 [CreateStudentsDataDrivenTest-1-thread-2] DEBUG org.apache.http.wire -  >> "Accept-Encoding: gzip,deflate[\r][\n]"
20:46:23.532 [CreateStudentsDataDrivenTest-1-thread-2] DEBUG org.apache.http.wire -  >> "[\r][\n]"
20:46:23.532 [CreateStudentsDataDrivenTest-1-thread-2] DEBUG org.apache.http.headers - >> POST /student HTTP/1.1
20:46:23.532 [CreateStudentsDataDrivenTest-1-thread-2] DEBUG org.apache.http.headers - >> Accept: */*
20:46:23.532 [CreateStudentsDataDrivenTest-1-thread-2] DEBUG org.apache.http.headers - >> Content-Type: application/json; charset=UTF-8
20:46:23.532 [CreateStudentsDataDrivenTest-1-thread-2] DEBUG org.apache.http.headers - >> Content-Length: 120
20:46:23.532 [CreateStudentsDataDrivenTest-1-thread-2] DEBUG org.apache.http.headers - >> Host: localhost:8085
20:46:23.532 [CreateStudentsDataDrivenTest-1-thread-2] DEBUG org.apache.http.headers - >> Connection: Keep-Alive
20:46:23.532 [CreateStudentsDataDrivenTest-1-thread-2] DEBUG org.apache.http.headers - >> User-Agent: Apache-HttpClient/4.5.13 (Java/11.0.20)
20:46:23.532 [CreateStudentsDataDrivenTest-1-thread-2] DEBUG org.apache.http.headers - >> Accept-Encoding: gzip,deflate
20:46:23.532 [CreateStudentsDataDrivenTest-1-thread-2] DEBUG org.apache.http.wire -  >> "{"id":0,"firstName":"Correna","lastName":"Tame","email":"ctame25@home.pl","programme":"Electrical","courses":["python"]}"
20:46:23.557 [CreateStudentsDataDrivenTest-1-thread-3] DEBUG org.apache.http.wire -  << "HTTP/1.1 500 [\r][\n]"
20:46:23.557 [CreateStudentsDataDrivenTest-1-thread-3] DEBUG org.apache.http.wire -  << "Content-Type: application/json;charset=UTF-8[\r][\n]"
20:46:23.557 [CreateStudentsDataDrivenTest-1-thread-3] DEBUG org.apache.http.wire -  << "Transfer-Encoding: chunked[\r][\n]"
20:46:23.557 [CreateStudentsDataDrivenTest-1-thread-3] DEBUG org.apache.http.wire -  << "Date: Thu, 23 Nov 2023 15:16:23 GMT[\r][\n]"
20:46:23.557 [CreateStudentsDataDrivenTest-1-thread-3] DEBUG org.apache.http.wire -  << "Connection: close[\r][\n]"
20:46:23.557 [CreateStudentsDataDrivenTest-1-thread-3] DEBUG org.apache.http.wire -  << "[\r][\n]"
20:46:23.557 [CreateStudentsDataDrivenTest-1-thread-3] DEBUG o.a.h.i.conn.DefaultClientConnection - Receiving response: HTTP/1.1 500 
20:46:23.557 [CreateStudentsDataDrivenTest-1-thread-3] DEBUG org.apache.http.headers - << HTTP/1.1 500 
20:46:23.557 [CreateStudentsDataDrivenTest-1-thread-3] DEBUG org.apache.http.headers - << Content-Type: application/json;charset=UTF-8
20:46:23.557 [CreateStudentsDataDrivenTest-1-thread-3] DEBUG org.apache.http.headers - << Transfer-Encoding: chunked
20:46:23.557 [CreateStudentsDataDrivenTest-1-thread-3] DEBUG org.apache.http.headers - << Date: Thu, 23 Nov 2023 15:16:23 GMT
20:46:23.557 [CreateStudentsDataDrivenTest-1-thread-3] DEBUG org.apache.http.headers - << Connection: close
20:46:23.557 [CreateStudentsDataDrivenTest-1-thread-3] DEBUG i.r.i.RequestSpecificationImpl$RestAssuredHttpBuilder - Parsing response as: application/json;charset=UTF-8
20:46:23.557 [CreateStudentsDataDrivenTest-1-thread-3] DEBUG i.r.i.RequestSpecificationImpl$RestAssuredHttpBuilder - Parsed data to instance of: class org.apache.http.conn.EofSensorInputStream
20:46:23.558 [CreateStudentsDataDrivenTest-1-thread-3] DEBUG org.apache.http.wire -  << "28[\r][\n]"
20:46:23.561 [CreateStudentsDataDrivenTest-1-thread-3] DEBUG org.apache.http.wire -  << "{"error":"Email address already exists"}"
20:46:23.561 [CreateStudentsDataDrivenTest-1-thread-10] DEBUG org.apache.http.wire -  << "0[\r][\n]"
20:46:23.562 [CreateStudentsDataDrivenTest-1-thread-3] DEBUG org.apache.http.wire -  << "[\r][\n]"
20:46:23.563 [CreateStudentsDataDrivenTest-1-thread-10] DEBUG org.apache.http.wire -  << "[\r][\n]"
20:46:23.563 [CreateStudentsDataDrivenTest-1-thread-3] DEBUG org.apache.http.wire -  << "0[\r][\n]"
20:46:23.563 [CreateStudentsDataDrivenTest-1-thread-10] DEBUG o.a.h.i.c.BasicClientConnectionManager - Releasing connection org.apache.http.impl.conn.ManagedClientConnectionImpl@206556c3
20:46:23.563 [CreateStudentsDataDrivenTest-1-thread-3] DEBUG org.apache.http.wire -  << "[\r][\n]"
20:46:23.563 [CreateStudentsDataDrivenTest-1-thread-3] DEBUG o.a.h.i.c.BasicClientConnectionManager - Releasing connection org.apache.http.impl.conn.ManagedClientConnectionImpl@d15ee2e
20:46:23.563 [CreateStudentsDataDrivenTest-1-thread-3] DEBUG o.a.h.i.conn.DefaultClientConnection - Connection 0.0.0.0:54669<->127.0.0.1:8085 shut down
20:46:23.563 [CreateStudentsDataDrivenTest-1-thread-10] DEBUG o.a.h.i.conn.DefaultClientConnection - Connection 0.0.0.0:54665<->127.0.0.1:8085 shut down
20:46:23.570 [CreateStudentsDataDrivenTest-1-thread-10] DEBUG n.t.core.steps.StepInterceptor - STEP DONE: Creating student with FirstName: {0}, LastName: {1}, Email: {2}, Programme: {3}, Courses: {4}
]]></system-out>
  </testcase>
  <testcase name="createMultipleStudents" classname="com.studentapplication.junit.studentsinfo.CreateStudentsDataDrivenTest" time="0.771">
    <system-out><![CDATA[20:46:23.575 [CreateStudentsDataDrivenTest-1-thread-3] DEBUG n.t.core.steps.StepInterceptor - STEP DONE: Creating student with FirstName: {0}, LastName: {1}, Email: {2}, Programme: {3}, Courses: {4}
20:46:23.578 [CreateStudentsDataDrivenTest-1-thread-10] DEBUG n.thucydides.core.steps.StepEventBus - Test suite started for class com.studentapplication.junit.studentsinfo.CreateStudentsDataDrivenTest
20:46:23.578 [CreateStudentsDataDrivenTest-1-thread-10] INFO   - Test Suite Started: Create students data driven test
20:46:23.578 [CreateStudentsDataDrivenTest-1-thread-10] DEBUG n.s.j.SerenityTestExecutionListener - Thread[CreateStudentsDataDrivenTest-1-thread-10,5,CreateStudentsDataDrivenTest-1] Test started TestIdentifier [uniqueId = [engine:junit-vintage]/[runner:com.studentapplication.junit.studentsinfo.CreateStudentsDataDrivenTest]/[test:com.studentapplication.junit.studentsinfo.CreateStudentsDataDrivenTest%5B78%5D]/[test:createMultipleStudents%5B78%5D(com.studentapplication.junit.studentsinfo.CreateStudentsDataDrivenTest)], parentId = [engine:junit-vintage]/[runner:com.studentapplication.junit.studentsinfo.CreateStudentsDataDrivenTest]/[test:com.studentapplication.junit.studentsinfo.CreateStudentsDataDrivenTest%5B78%5D], displayName = 'createMultipleStudents[78]', legacyReportingName = 'createMultipleStudents[78]', source = MethodSource [className = 'com.studentapplication.junit.studentsinfo.CreateStudentsDataDrivenTest', methodName = 'createMultipleStudents', methodParameterTypes = ''], tags = [], type = TEST]
20:46:23.578 [CreateStudentsDataDrivenTest-1-thread-10] INFO   - 
  _____   ___   ___   _____     ___   _____     _     ___   _____   ___   ___  
 |_   _| | __| / __| |_   _|   / __| |_   _|   /_\   | _ \ |_   _| | __| |   \ 
   | |   | _|  \__ \   | |     \__ \   | |    / _ \  |   /   | |   | _|  | |) |
   |_|   |___| |___/   |_|     |___/   |_|   /_/ \_\ |_|_\   |_|   |___| |___/ 

createMultipleStudents
--------------------------------------------------------------------------------
]]></system-out>
  </testcase>
  <testcase name="createMultipleStudents" classname="com.studentapplication.junit.studentsinfo.CreateStudentsDataDrivenTest" time="0.899">
    <system-out><![CDATA[20:46:23.592 [CreateStudentsDataDrivenTest-1-thread-3] DEBUG n.thucydides.core.steps.StepEventBus - Test suite started for class com.studentapplication.junit.studentsinfo.CreateStudentsDataDrivenTest
20:46:23.593 [CreateStudentsDataDrivenTest-1-thread-3] INFO   - Test Suite Started: Create students data driven test
20:46:23.593 [CreateStudentsDataDrivenTest-1-thread-3] DEBUG n.s.j.SerenityTestExecutionListener - Thread[CreateStudentsDataDrivenTest-1-thread-3,5,CreateStudentsDataDrivenTest-1] Test started TestIdentifier [uniqueId = [engine:junit-vintage]/[runner:com.studentapplication.junit.studentsinfo.CreateStudentsDataDrivenTest]/[test:com.studentapplication.junit.studentsinfo.CreateStudentsDataDrivenTest%5B79%5D]/[test:createMultipleStudents%5B79%5D(com.studentapplication.junit.studentsinfo.CreateStudentsDataDrivenTest)], parentId = [engine:junit-vintage]/[runner:com.studentapplication.junit.studentsinfo.CreateStudentsDataDrivenTest]/[test:com.studentapplication.junit.studentsinfo.CreateStudentsDataDrivenTest%5B79%5D], displayName = 'createMultipleStudents[79]', legacyReportingName = 'createMultipleStudents[79]', source = MethodSource [className = 'com.studentapplication.junit.studentsinfo.CreateStudentsDataDrivenTest', methodName = 'createMultipleStudents', methodParameterTypes = ''], tags = [], type = TEST]
20:46:23.593 [CreateStudentsDataDrivenTest-1-thread-3] INFO   - 
  _____   ___   ___   _____     ___   _____     _     ___   _____   ___   ___  
 |_   _| | __| / __| |_   _|   / __| |_   _|   /_\   | _ \ |_   _| | __| |   \ 
   | |   | _|  \__ \   | |     \__ \   | |    / _ \  |   /   | |   | _|  | |) |
   |_|   |___| |___/   |_|     |___/   |_|   /_/ \_\ |_|_\   |_|   |___| |___/ 

createMultipleStudents
--------------------------------------------------------------------------------
20:46:23.594 [CreateStudentsDataDrivenTest-1-thread-3] INFO   - 
  _____   ___   ___   _____     ___   _____     _     ___   _____   ___   ___  
 |_   _| | __| / __| |_   _|   / __| |_   _|   /_\   | _ \ |_   _| | __| |   \ 
   | |   | _|  \__ \   | |     \__ \   | |    / _ \  |   /   | |   | _|  | |) |
   |_|   |___| |___/   |_|     |___/   |_|   /_/ \_\ |_|_\   |_|   |___| |___/ 

createMultipleStudents[79]
--------------------------------------------------------------------------------
20:46:23.594 [CreateStudentsDataDrivenTest-1-thread-10] DEBUG o.a.h.i.c.BasicClientConnectionManager - Get connection for route {}->http://localhost:8085
20:46:23.594 [CreateStudentsDataDrivenTest-1-thread-10] DEBUG o.a.h.i.c.DefaultClientConnectionOperator - Connecting to localhost:8085
20:46:23.595 [CreateStudentsDataDrivenTest-1-thread-10] DEBUG o.a.h.c.protocol.RequestAddCookies - CookieSpec selected: ignoreCookies
20:46:23.595 [CreateStudentsDataDrivenTest-1-thread-10] DEBUG o.a.h.c.protocol.RequestAuthCache - Auth cache not set in the context
20:46:23.595 [CreateStudentsDataDrivenTest-1-thread-10] DEBUG o.a.h.c.p.RequestTargetAuthentication - Target auth state: UNCHALLENGED
20:46:23.595 [CreateStudentsDataDrivenTest-1-thread-10] DEBUG o.a.h.c.p.RequestProxyAuthentication - Proxy auth state: UNCHALLENGED
20:46:23.595 [CreateStudentsDataDrivenTest-1-thread-10] DEBUG o.a.h.impl.client.DefaultHttpClient - Attempt 1 to execute request
20:46:23.595 [CreateStudentsDataDrivenTest-1-thread-10] DEBUG o.a.h.i.conn.DefaultClientConnection - Sending request: POST /student HTTP/1.1
20:46:23.595 [CreateStudentsDataDrivenTest-1-thread-10] DEBUG org.apache.http.wire -  >> "POST /student HTTP/1.1[\r][\n]"
20:46:23.595 [CreateStudentsDataDrivenTest-1-thread-10] DEBUG org.apache.http.wire -  >> "Accept: */*[\r][\n]"
20:46:23.595 [CreateStudentsDataDrivenTest-1-thread-10] DEBUG org.apache.http.wire -  >> "Content-Type: application/json; charset=UTF-8[\r][\n]"
20:46:23.595 [CreateStudentsDataDrivenTest-1-thread-10] DEBUG org.apache.http.wire -  >> "Content-Length: 127[\r][\n]"
20:46:23.595 [CreateStudentsDataDrivenTest-1-thread-10] DEBUG org.apache.http.wire -  >> "Host: localhost:8085[\r][\n]"
20:46:23.595 [CreateStudentsDataDrivenTest-1-thread-10] DEBUG org.apache.http.wire -  >> "Connection: Keep-Alive[\r][\n]"
20:46:23.595 [CreateStudentsDataDrivenTest-1-thread-10] DEBUG org.apache.http.wire -  >> "User-Agent: Apache-HttpClient/4.5.13 (Java/11.0.20)[\r][\n]"
20:46:23.595 [CreateStudentsDataDrivenTest-1-thread-10] DEBUG org.apache.http.wire -  >> "Accept-Encoding: gzip,deflate[\r][\n]"
20:46:23.595 [CreateStudentsDataDrivenTest-1-thread-10] DEBUG org.apache.http.wire -  >> "[\r][\n]"
20:46:23.595 [CreateStudentsDataDrivenTest-1-thread-10] DEBUG org.apache.http.headers - >> POST /student HTTP/1.1
20:46:23.595 [CreateStudentsDataDrivenTest-1-thread-10] DEBUG org.apache.http.headers - >> Accept: */*
20:46:23.595 [CreateStudentsDataDrivenTest-1-thread-10] DEBUG org.apache.http.headers - >> Content-Type: application/json; charset=UTF-8
20:46:23.595 [CreateStudentsDataDrivenTest-1-thread-10] DEBUG org.apache.http.headers - >> Content-Length: 127
20:46:23.595 [CreateStudentsDataDrivenTest-1-thread-10] DEBUG org.apache.http.headers - >> Host: localhost:8085
20:46:23.595 [CreateStudentsDataDrivenTest-1-thread-10] DEBUG org.apache.http.headers - >> Connection: Keep-Alive
20:46:23.595 [CreateStudentsDataDrivenTest-1-thread-10] DEBUG org.apache.http.headers - >> User-Agent: Apache-HttpClient/4.5.13 (Java/11.0.20)
20:46:23.595 [CreateStudentsDataDrivenTest-1-thread-10] DEBUG org.apache.http.headers - >> Accept-Encoding: gzip,deflate
20:46:23.595 [CreateStudentsDataDrivenTest-1-thread-10] DEBUG org.apache.http.wire -  >> "{"id":0,"firstName":"Brod","lastName":"Bountiff","email":"bbountiff26@blogs.com","programme":"Electrical","courses":["python"]}"
20:46:23.600 [CreateStudentsDataDrivenTest-1-thread-3] DEBUG n.t.core.steps.StepInterceptor - STARTING STEP: CreateStudentsDataDrivenTest.createMultipleStudents - Creating student with FirstName: {0}, LastName: {1}, Email: {2}, Programme: {3}, Courses: {4}
20:46:23.607 [CreateStudentsDataDrivenTest-1-thread-3] DEBUG o.a.h.i.c.BasicClientConnectionManager - Get connection for route {}->http://localhost:8085
20:46:23.607 [CreateStudentsDataDrivenTest-1-thread-3] DEBUG o.a.h.i.c.DefaultClientConnectionOperator - Connecting to localhost:8085
20:46:23.608 [CreateStudentsDataDrivenTest-1-thread-3] DEBUG o.a.h.c.protocol.RequestAddCookies - CookieSpec selected: ignoreCookies
20:46:23.608 [CreateStudentsDataDrivenTest-1-thread-3] DEBUG o.a.h.c.protocol.RequestAuthCache - Auth cache not set in the context
20:46:23.608 [CreateStudentsDataDrivenTest-1-thread-3] DEBUG o.a.h.c.p.RequestTargetAuthentication - Target auth state: UNCHALLENGED
20:46:23.608 [CreateStudentsDataDrivenTest-1-thread-3] DEBUG o.a.h.c.p.RequestProxyAuthentication - Proxy auth state: UNCHALLENGED
20:46:23.608 [CreateStudentsDataDrivenTest-1-thread-3] DEBUG o.a.h.impl.client.DefaultHttpClient - Attempt 1 to execute request
20:46:23.608 [CreateStudentsDataDrivenTest-1-thread-3] DEBUG o.a.h.i.conn.DefaultClientConnection - Sending request: POST /student HTTP/1.1
20:46:23.608 [CreateStudentsDataDrivenTest-1-thread-3] DEBUG org.apache.http.wire -  >> "POST /student HTTP/1.1[\r][\n]"
20:46:23.608 [CreateStudentsDataDrivenTest-1-thread-3] DEBUG org.apache.http.wire -  >> "Accept: */*[\r][\n]"
20:46:23.608 [CreateStudentsDataDrivenTest-1-thread-3] DEBUG org.apache.http.wire -  >> "Content-Type: application/json; charset=UTF-8[\r][\n]"
20:46:23.608 [CreateStudentsDataDrivenTest-1-thread-3] DEBUG org.apache.http.wire -  >> "Content-Length: 127[\r][\n]"
20:46:23.608 [CreateStudentsDataDrivenTest-1-thread-3] DEBUG org.apache.http.wire -  >> "Host: localhost:8085[\r][\n]"
20:46:23.608 [CreateStudentsDataDrivenTest-1-thread-3] DEBUG org.apache.http.wire -  >> "Connection: Keep-Alive[\r][\n]"
20:46:23.608 [CreateStudentsDataDrivenTest-1-thread-3] DEBUG org.apache.http.wire -  >> "User-Agent: Apache-HttpClient/4.5.13 (Java/11.0.20)[\r][\n]"
20:46:23.608 [CreateStudentsDataDrivenTest-1-thread-3] DEBUG org.apache.http.wire -  >> "Accept-Encoding: gzip,deflate[\r][\n]"
20:46:23.608 [CreateStudentsDataDrivenTest-1-thread-3] DEBUG org.apache.http.wire -  >> "[\r][\n]"
20:46:23.608 [CreateStudentsDataDrivenTest-1-thread-3] DEBUG org.apache.http.headers - >> POST /student HTTP/1.1
20:46:23.608 [CreateStudentsDataDrivenTest-1-thread-3] DEBUG org.apache.http.headers - >> Accept: */*
20:46:23.608 [CreateStudentsDataDrivenTest-1-thread-3] DEBUG org.apache.http.headers - >> Content-Type: application/json; charset=UTF-8
20:46:23.608 [CreateStudentsDataDrivenTest-1-thread-3] DEBUG org.apache.http.headers - >> Content-Length: 127
20:46:23.608 [CreateStudentsDataDrivenTest-1-thread-3] DEBUG org.apache.http.headers - >> Host: localhost:8085
20:46:23.608 [CreateStudentsDataDrivenTest-1-thread-3] DEBUG org.apache.http.headers - >> Connection: Keep-Alive
20:46:23.608 [CreateStudentsDataDrivenTest-1-thread-3] DEBUG org.apache.http.headers - >> User-Agent: Apache-HttpClient/4.5.13 (Java/11.0.20)
20:46:23.608 [CreateStudentsDataDrivenTest-1-thread-3] DEBUG org.apache.http.headers - >> Accept-Encoding: gzip,deflate
20:46:23.608 [CreateStudentsDataDrivenTest-1-thread-3] DEBUG org.apache.http.wire -  >> "{"id":0,"firstName":"Vergil","lastName":"Moakes","email":"vmoakes27@wikia.com","programme":"Computer Science","courses":["c#"]}"
20:46:23.739 [CreateStudentsDataDrivenTest-1-thread-8] DEBUG org.apache.http.wire -  << "HTTP/1.1 500 [\r][\n]"
20:46:23.740 [CreateStudentsDataDrivenTest-1-thread-8] DEBUG org.apache.http.wire -  << "Content-Type: application/json;charset=UTF-8[\r][\n]"
20:46:23.740 [CreateStudentsDataDrivenTest-1-thread-8] DEBUG org.apache.http.wire -  << "Transfer-Encoding: chunked[\r][\n]"
20:46:23.740 [CreateStudentsDataDrivenTest-1-thread-8] DEBUG org.apache.http.wire -  << "Date: Thu, 23 Nov 2023 15:16:23 GMT[\r][\n]"
20:46:23.740 [CreateStudentsDataDrivenTest-1-thread-8] DEBUG org.apache.http.wire -  << "Connection: close[\r][\n]"
20:46:23.740 [CreateStudentsDataDrivenTest-1-thread-8] DEBUG org.apache.http.wire -  << "[\r][\n]"
20:46:23.740 [CreateStudentsDataDrivenTest-1-thread-8] DEBUG o.a.h.i.conn.DefaultClientConnection - Receiving response: HTTP/1.1 500 
20:46:23.740 [CreateStudentsDataDrivenTest-1-thread-8] DEBUG org.apache.http.headers - << HTTP/1.1 500 
20:46:23.740 [CreateStudentsDataDrivenTest-1-thread-8] DEBUG org.apache.http.headers - << Content-Type: application/json;charset=UTF-8
20:46:23.740 [CreateStudentsDataDrivenTest-1-thread-8] DEBUG org.apache.http.headers - << Transfer-Encoding: chunked
20:46:23.740 [CreateStudentsDataDrivenTest-1-thread-8] DEBUG org.apache.http.headers - << Date: Thu, 23 Nov 2023 15:16:23 GMT
20:46:23.740 [CreateStudentsDataDrivenTest-1-thread-8] DEBUG org.apache.http.headers - << Connection: close
20:46:23.740 [CreateStudentsDataDrivenTest-1-thread-8] DEBUG i.r.i.RequestSpecificationImpl$RestAssuredHttpBuilder - Parsing response as: application/json;charset=UTF-8
20:46:23.740 [CreateStudentsDataDrivenTest-1-thread-8] DEBUG i.r.i.RequestSpecificationImpl$RestAssuredHttpBuilder - Parsed data to instance of: class org.apache.http.conn.EofSensorInputStream
20:46:23.741 [CreateStudentsDataDrivenTest-1-thread-8] DEBUG org.apache.http.wire -  << "28[\r][\n]"
20:46:23.741 [CreateStudentsDataDrivenTest-1-thread-8] DEBUG org.apache.http.wire -  << "{"error":"Email address already exists"}"
20:46:23.741 [CreateStudentsDataDrivenTest-1-thread-8] DEBUG org.apache.http.wire -  << "[\r][\n]"
20:46:23.741 [CreateStudentsDataDrivenTest-1-thread-8] DEBUG org.apache.http.wire -  << "0[\r][\n]"
20:46:23.741 [CreateStudentsDataDrivenTest-1-thread-8] DEBUG org.apache.http.wire -  << "[\r][\n]"
20:46:23.741 [CreateStudentsDataDrivenTest-1-thread-8] DEBUG o.a.h.i.c.BasicClientConnectionManager - Releasing connection org.apache.http.impl.conn.ManagedClientConnectionImpl@1e774ab1
20:46:23.742 [CreateStudentsDataDrivenTest-1-thread-8] DEBUG o.a.h.i.conn.DefaultClientConnection - Connection 0.0.0.0:54670<->127.0.0.1:8085 shut down
20:46:23.754 [CreateStudentsDataDrivenTest-1-thread-8] DEBUG n.t.core.steps.StepInterceptor - STEP DONE: Creating student with FirstName: {0}, LastName: {1}, Email: {2}, Programme: {3}, Courses: {4}
]]></system-out>
  </testcase>
  <testcase name="createMultipleStudents" classname="com.studentapplication.junit.studentsinfo.CreateStudentsDataDrivenTest" time="1.094">
    <system-out><![CDATA[20:46:23.761 [CreateStudentsDataDrivenTest-1-thread-8] DEBUG n.thucydides.core.steps.StepEventBus - Test suite started for class com.studentapplication.junit.studentsinfo.CreateStudentsDataDrivenTest
20:46:23.761 [CreateStudentsDataDrivenTest-1-thread-8] INFO   - Test Suite Started: Create students data driven test
20:46:23.761 [CreateStudentsDataDrivenTest-1-thread-8] DEBUG n.s.j.SerenityTestExecutionListener - Thread[CreateStudentsDataDrivenTest-1-thread-8,5,CreateStudentsDataDrivenTest-1] Test started TestIdentifier [uniqueId = [engine:junit-vintage]/[runner:com.studentapplication.junit.studentsinfo.CreateStudentsDataDrivenTest]/[test:com.studentapplication.junit.studentsinfo.CreateStudentsDataDrivenTest%5B80%5D]/[test:createMultipleStudents%5B80%5D(com.studentapplication.junit.studentsinfo.CreateStudentsDataDrivenTest)], parentId = [engine:junit-vintage]/[runner:com.studentapplication.junit.studentsinfo.CreateStudentsDataDrivenTest]/[test:com.studentapplication.junit.studentsinfo.CreateStudentsDataDrivenTest%5B80%5D], displayName = 'createMultipleStudents[80]', legacyReportingName = 'createMultipleStudents[80]', source = MethodSource [className = 'com.studentapplication.junit.studentsinfo.CreateStudentsDataDrivenTest', methodName = 'createMultipleStudents', methodParameterTypes = ''], tags = [], type = TEST]
20:46:23.762 [CreateStudentsDataDrivenTest-1-thread-8] INFO   - 
  _____   ___   ___   _____     ___   _____     _     ___   _____   ___   ___  
 |_   _| | __| / __| |_   _|   / __| |_   _|   /_\   | _ \ |_   _| | __| |   \ 
   | |   | _|  \__ \   | |     \__ \   | |    / _ \  |   /   | |   | _|  | |) |
   |_|   |___| |___/   |_|     |___/   |_|   /_/ \_\ |_|_\   |_|   |___| |___/ 

createMultipleStudents
--------------------------------------------------------------------------------
20:46:23.763 [CreateStudentsDataDrivenTest-1-thread-8] INFO   - 
  _____   ___   ___   _____     ___   _____     _     ___   _____   ___   ___  
 |_   _| | __| / __| |_   _|   / __| |_   _|   /_\   | _ \ |_   _| | __| |   \ 
   | |   | _|  \__ \   | |     \__ \   | |    / _ \  |   /   | |   | _|  | |) |
   |_|   |___| |___/   |_|     |___/   |_|   /_/ \_\ |_|_\   |_|   |___| |___/ 

createMultipleStudents[80]
--------------------------------------------------------------------------------
20:46:23.769 [CreateStudentsDataDrivenTest-1-thread-8] DEBUG n.t.core.steps.StepInterceptor - STARTING STEP: CreateStudentsDataDrivenTest.createMultipleStudents - Creating student with FirstName: {0}, LastName: {1}, Email: {2}, Programme: {3}, Courses: {4}
20:46:23.781 [CreateStudentsDataDrivenTest-1-thread-8] DEBUG o.a.h.i.c.BasicClientConnectionManager - Get connection for route {}->http://localhost:8085
20:46:23.781 [CreateStudentsDataDrivenTest-1-thread-8] DEBUG o.a.h.i.c.DefaultClientConnectionOperator - Connecting to localhost:8085
20:46:23.782 [CreateStudentsDataDrivenTest-1-thread-8] DEBUG o.a.h.c.protocol.RequestAddCookies - CookieSpec selected: ignoreCookies
20:46:23.782 [CreateStudentsDataDrivenTest-1-thread-8] DEBUG o.a.h.c.protocol.RequestAuthCache - Auth cache not set in the context
20:46:23.782 [CreateStudentsDataDrivenTest-1-thread-8] DEBUG o.a.h.c.p.RequestTargetAuthentication - Target auth state: UNCHALLENGED
20:46:23.782 [CreateStudentsDataDrivenTest-1-thread-8] DEBUG o.a.h.c.p.RequestProxyAuthentication - Proxy auth state: UNCHALLENGED
20:46:23.782 [CreateStudentsDataDrivenTest-1-thread-8] DEBUG o.a.h.impl.client.DefaultHttpClient - Attempt 1 to execute request
20:46:23.782 [CreateStudentsDataDrivenTest-1-thread-8] DEBUG o.a.h.i.conn.DefaultClientConnection - Sending request: POST /student HTTP/1.1
20:46:23.782 [CreateStudentsDataDrivenTest-1-thread-8] DEBUG org.apache.http.wire -  >> "POST /student HTTP/1.1[\r][\n]"
20:46:23.782 [CreateStudentsDataDrivenTest-1-thread-8] DEBUG org.apache.http.wire -  >> "Accept: */*[\r][\n]"
20:46:23.782 [CreateStudentsDataDrivenTest-1-thread-8] DEBUG org.apache.http.wire -  >> "Content-Type: application/json; charset=UTF-8[\r][\n]"
20:46:23.782 [CreateStudentsDataDrivenTest-1-thread-8] DEBUG org.apache.http.wire -  >> "Content-Length: 131[\r][\n]"
20:46:23.782 [CreateStudentsDataDrivenTest-1-thread-8] DEBUG org.apache.http.wire -  >> "Host: localhost:8085[\r][\n]"
20:46:23.782 [CreateStudentsDataDrivenTest-1-thread-8] DEBUG org.apache.http.wire -  >> "Connection: Keep-Alive[\r][\n]"
20:46:23.782 [CreateStudentsDataDrivenTest-1-thread-8] DEBUG org.apache.http.wire -  >> "User-Agent: Apache-HttpClient/4.5.13 (Java/11.0.20)[\r][\n]"
20:46:23.782 [CreateStudentsDataDrivenTest-1-thread-8] DEBUG org.apache.http.wire -  >> "Accept-Encoding: gzip,deflate[\r][\n]"
20:46:23.782 [CreateStudentsDataDrivenTest-1-thread-8] DEBUG org.apache.http.wire -  >> "[\r][\n]"
20:46:23.782 [CreateStudentsDataDrivenTest-1-thread-8] DEBUG org.apache.http.headers - >> POST /student HTTP/1.1
20:46:23.782 [CreateStudentsDataDrivenTest-1-thread-8] DEBUG org.apache.http.headers - >> Accept: */*
20:46:23.782 [CreateStudentsDataDrivenTest-1-thread-8] DEBUG org.apache.http.headers - >> Content-Type: application/json; charset=UTF-8
20:46:23.782 [CreateStudentsDataDrivenTest-1-thread-8] DEBUG org.apache.http.headers - >> Content-Length: 131
20:46:23.782 [CreateStudentsDataDrivenTest-1-thread-8] DEBUG org.apache.http.headers - >> Host: localhost:8085
20:46:23.782 [CreateStudentsDataDrivenTest-1-thread-8] DEBUG org.apache.http.headers - >> Connection: Keep-Alive
20:46:23.782 [CreateStudentsDataDrivenTest-1-thread-8] DEBUG org.apache.http.headers - >> User-Agent: Apache-HttpClient/4.5.13 (Java/11.0.20)
20:46:23.782 [CreateStudentsDataDrivenTest-1-thread-8] DEBUG org.apache.http.headers - >> Accept-Encoding: gzip,deflate
20:46:23.782 [CreateStudentsDataDrivenTest-1-thread-8] DEBUG org.apache.http.wire -  >> "{"id":0,"firstName":"Cassius","lastName":"Smithers","email":"csmithers28@flavors.me","programme":"Electrical","courses":["python"]}"
20:46:23.830 [CreateStudentsDataDrivenTest-1-thread-4] DEBUG org.apache.http.wire -  << "HTTP/1.1 500 [\r][\n]"
20:46:23.830 [CreateStudentsDataDrivenTest-1-thread-4] DEBUG org.apache.http.wire -  << "Content-Type: application/json;charset=UTF-8[\r][\n]"
20:46:23.830 [CreateStudentsDataDrivenTest-1-thread-4] DEBUG org.apache.http.wire -  << "Transfer-Encoding: chunked[\r][\n]"
20:46:23.830 [CreateStudentsDataDrivenTest-1-thread-4] DEBUG org.apache.http.wire -  << "Date: Thu, 23 Nov 2023 15:16:23 GMT[\r][\n]"
20:46:23.830 [CreateStudentsDataDrivenTest-1-thread-4] DEBUG org.apache.http.wire -  << "Connection: close[\r][\n]"
20:46:23.830 [CreateStudentsDataDrivenTest-1-thread-4] DEBUG org.apache.http.wire -  << "[\r][\n]"
20:46:23.830 [CreateStudentsDataDrivenTest-1-thread-4] DEBUG o.a.h.i.conn.DefaultClientConnection - Receiving response: HTTP/1.1 500 
20:46:23.830 [CreateStudentsDataDrivenTest-1-thread-4] DEBUG org.apache.http.headers - << HTTP/1.1 500 
20:46:23.830 [CreateStudentsDataDrivenTest-1-thread-4] DEBUG org.apache.http.headers - << Content-Type: application/json;charset=UTF-8
20:46:23.830 [CreateStudentsDataDrivenTest-1-thread-4] DEBUG org.apache.http.headers - << Transfer-Encoding: chunked
20:46:23.830 [CreateStudentsDataDrivenTest-1-thread-4] DEBUG org.apache.http.headers - << Date: Thu, 23 Nov 2023 15:16:23 GMT
20:46:23.830 [CreateStudentsDataDrivenTest-1-thread-4] DEBUG org.apache.http.headers - << Connection: close
20:46:23.830 [CreateStudentsDataDrivenTest-1-thread-4] DEBUG i.r.i.RequestSpecificationImpl$RestAssuredHttpBuilder - Parsing response as: application/json;charset=UTF-8
20:46:23.830 [CreateStudentsDataDrivenTest-1-thread-4] DEBUG i.r.i.RequestSpecificationImpl$RestAssuredHttpBuilder - Parsed data to instance of: class org.apache.http.conn.EofSensorInputStream
20:46:23.831 [CreateStudentsDataDrivenTest-1-thread-4] DEBUG org.apache.http.wire -  << "28[\r][\n]"
20:46:23.831 [CreateStudentsDataDrivenTest-1-thread-4] DEBUG org.apache.http.wire -  << "{"error":"Email address already exists"}"
20:46:23.831 [CreateStudentsDataDrivenTest-1-thread-4] DEBUG org.apache.http.wire -  << "[\r][\n]"
20:46:23.831 [CreateStudentsDataDrivenTest-1-thread-4] DEBUG org.apache.http.wire -  << "0[\r][\n]"
20:46:23.831 [CreateStudentsDataDrivenTest-1-thread-4] DEBUG org.apache.http.wire -  << "[\r][\n]"
20:46:23.831 [CreateStudentsDataDrivenTest-1-thread-4] DEBUG o.a.h.i.c.BasicClientConnectionManager - Releasing connection org.apache.http.impl.conn.ManagedClientConnectionImpl@11fbe7e0
20:46:23.831 [CreateStudentsDataDrivenTest-1-thread-4] DEBUG o.a.h.i.conn.DefaultClientConnection - Connection 0.0.0.0:54667<->127.0.0.1:8085 shut down
20:46:23.836 [CreateStudentsDataDrivenTest-1-thread-4] DEBUG n.t.core.steps.StepInterceptor - STEP DONE: Creating student with FirstName: {0}, LastName: {1}, Email: {2}, Programme: {3}, Courses: {4}
]]></system-out>
  </testcase>
  <testcase name="createMultipleStudents" classname="com.studentapplication.junit.studentsinfo.CreateStudentsDataDrivenTest" time="1.056">
    <system-out><![CDATA[20:46:23.843 [CreateStudentsDataDrivenTest-1-thread-4] DEBUG n.thucydides.core.steps.StepEventBus - Test suite started for class com.studentapplication.junit.studentsinfo.CreateStudentsDataDrivenTest
20:46:23.843 [CreateStudentsDataDrivenTest-1-thread-4] INFO   - Test Suite Started: Create students data driven test
20:46:23.843 [CreateStudentsDataDrivenTest-1-thread-4] DEBUG n.s.j.SerenityTestExecutionListener - Thread[CreateStudentsDataDrivenTest-1-thread-4,5,CreateStudentsDataDrivenTest-1] Test started TestIdentifier [uniqueId = [engine:junit-vintage]/[runner:com.studentapplication.junit.studentsinfo.CreateStudentsDataDrivenTest]/[test:com.studentapplication.junit.studentsinfo.CreateStudentsDataDrivenTest%5B81%5D]/[test:createMultipleStudents%5B81%5D(com.studentapplication.junit.studentsinfo.CreateStudentsDataDrivenTest)], parentId = [engine:junit-vintage]/[runner:com.studentapplication.junit.studentsinfo.CreateStudentsDataDrivenTest]/[test:com.studentapplication.junit.studentsinfo.CreateStudentsDataDrivenTest%5B81%5D], displayName = 'createMultipleStudents[81]', legacyReportingName = 'createMultipleStudents[81]', source = MethodSource [className = 'com.studentapplication.junit.studentsinfo.CreateStudentsDataDrivenTest', methodName = 'createMultipleStudents', methodParameterTypes = ''], tags = [], type = TEST]
20:46:23.843 [CreateStudentsDataDrivenTest-1-thread-4] INFO   - 
  _____   ___   ___   _____     ___   _____     _     ___   _____   ___   ___  
 |_   _| | __| / __| |_   _|   / __| |_   _|   /_\   | _ \ |_   _| | __| |   \ 
   | |   | _|  \__ \   | |     \__ \   | |    / _ \  |   /   | |   | _|  | |) |
   |_|   |___| |___/   |_|     |___/   |_|   /_/ \_\ |_|_\   |_|   |___| |___/ 

createMultipleStudents
--------------------------------------------------------------------------------
20:46:23.844 [CreateStudentsDataDrivenTest-1-thread-4] INFO   - 
  _____   ___   ___   _____     ___   _____     _     ___   _____   ___   ___  
 |_   _| | __| / __| |_   _|   / __| |_   _|   /_\   | _ \ |_   _| | __| |   \ 
   | |   | _|  \__ \   | |     \__ \   | |    / _ \  |   /   | |   | _|  | |) |
   |_|   |___| |___/   |_|     |___/   |_|   /_/ \_\ |_|_\   |_|   |___| |___/ 

createMultipleStudents[81]
--------------------------------------------------------------------------------
20:46:23.850 [CreateStudentsDataDrivenTest-1-thread-4] DEBUG n.t.core.steps.StepInterceptor - STARTING STEP: CreateStudentsDataDrivenTest.createMultipleStudents - Creating student with FirstName: {0}, LastName: {1}, Email: {2}, Programme: {3}, Courses: {4}
20:46:23.858 [CreateStudentsDataDrivenTest-1-thread-4] DEBUG o.a.h.i.c.BasicClientConnectionManager - Get connection for route {}->http://localhost:8085
20:46:23.858 [CreateStudentsDataDrivenTest-1-thread-4] DEBUG o.a.h.i.c.DefaultClientConnectionOperator - Connecting to localhost:8085
20:46:23.859 [CreateStudentsDataDrivenTest-1-thread-4] DEBUG o.a.h.c.protocol.RequestAddCookies - CookieSpec selected: ignoreCookies
20:46:23.859 [CreateStudentsDataDrivenTest-1-thread-4] DEBUG o.a.h.c.protocol.RequestAuthCache - Auth cache not set in the context
20:46:23.859 [CreateStudentsDataDrivenTest-1-thread-4] DEBUG o.a.h.c.p.RequestTargetAuthentication - Target auth state: UNCHALLENGED
20:46:23.859 [CreateStudentsDataDrivenTest-1-thread-4] DEBUG o.a.h.c.p.RequestProxyAuthentication - Proxy auth state: UNCHALLENGED
20:46:23.859 [CreateStudentsDataDrivenTest-1-thread-4] DEBUG o.a.h.impl.client.DefaultHttpClient - Attempt 1 to execute request
20:46:23.859 [CreateStudentsDataDrivenTest-1-thread-4] DEBUG o.a.h.i.conn.DefaultClientConnection - Sending request: POST /student HTTP/1.1
20:46:23.859 [CreateStudentsDataDrivenTest-1-thread-4] DEBUG org.apache.http.wire -  >> "POST /student HTTP/1.1[\r][\n]"
20:46:23.859 [CreateStudentsDataDrivenTest-1-thread-4] DEBUG org.apache.http.wire -  >> "Accept: */*[\r][\n]"
20:46:23.859 [CreateStudentsDataDrivenTest-1-thread-4] DEBUG org.apache.http.wire -  >> "Content-Type: application/json; charset=UTF-8[\r][\n]"
20:46:23.859 [CreateStudentsDataDrivenTest-1-thread-4] DEBUG org.apache.http.wire -  >> "Content-Length: 131[\r][\n]"
20:46:23.859 [CreateStudentsDataDrivenTest-1-thread-4] DEBUG org.apache.http.wire -  >> "Host: localhost:8085[\r][\n]"
20:46:23.859 [CreateStudentsDataDrivenTest-1-thread-4] DEBUG org.apache.http.wire -  >> "Connection: Keep-Alive[\r][\n]"
20:46:23.859 [CreateStudentsDataDrivenTest-1-thread-4] DEBUG org.apache.http.wire -  >> "User-Agent: Apache-HttpClient/4.5.13 (Java/11.0.20)[\r][\n]"
20:46:23.859 [CreateStudentsDataDrivenTest-1-thread-4] DEBUG org.apache.http.wire -  >> "Accept-Encoding: gzip,deflate[\r][\n]"
20:46:23.859 [CreateStudentsDataDrivenTest-1-thread-4] DEBUG org.apache.http.wire -  >> "[\r][\n]"
20:46:23.859 [CreateStudentsDataDrivenTest-1-thread-4] DEBUG org.apache.http.headers - >> POST /student HTTP/1.1
20:46:23.859 [CreateStudentsDataDrivenTest-1-thread-4] DEBUG org.apache.http.headers - >> Accept: */*
20:46:23.859 [CreateStudentsDataDrivenTest-1-thread-4] DEBUG org.apache.http.headers - >> Content-Type: application/json; charset=UTF-8
20:46:23.859 [CreateStudentsDataDrivenTest-1-thread-4] DEBUG org.apache.http.headers - >> Content-Length: 131
20:46:23.859 [CreateStudentsDataDrivenTest-1-thread-4] DEBUG org.apache.http.headers - >> Host: localhost:8085
20:46:23.859 [CreateStudentsDataDrivenTest-1-thread-4] DEBUG org.apache.http.headers - >> Connection: Keep-Alive
20:46:23.859 [CreateStudentsDataDrivenTest-1-thread-4] DEBUG org.apache.http.headers - >> User-Agent: Apache-HttpClient/4.5.13 (Java/11.0.20)
20:46:23.859 [CreateStudentsDataDrivenTest-1-thread-4] DEBUG org.apache.http.headers - >> Accept-Encoding: gzip,deflate
20:46:23.859 [CreateStudentsDataDrivenTest-1-thread-4] DEBUG org.apache.http.wire -  >> "{"id":0,"firstName":"Marya","lastName":"O'Cahill","email":"mocahill29@skype.com","programme":"Computer Science","courses":["java"]}"
20:46:23.935 [CreateStudentsDataDrivenTest-1-thread-15] DEBUG org.apache.http.wire -  << "HTTP/1.1 500 [\r][\n]"
20:46:23.935 [CreateStudentsDataDrivenTest-1-thread-15] DEBUG org.apache.http.wire -  << "Content-Type: application/json;charset=UTF-8[\r][\n]"
20:46:23.935 [CreateStudentsDataDrivenTest-1-thread-15] DEBUG org.apache.http.wire -  << "Transfer-Encoding: chunked[\r][\n]"
20:46:23.935 [CreateStudentsDataDrivenTest-1-thread-15] DEBUG org.apache.http.wire -  << "Date: Thu, 23 Nov 2023 15:16:23 GMT[\r][\n]"
20:46:23.935 [CreateStudentsDataDrivenTest-1-thread-15] DEBUG org.apache.http.wire -  << "Connection: close[\r][\n]"
20:46:23.935 [CreateStudentsDataDrivenTest-1-thread-15] DEBUG org.apache.http.wire -  << "[\r][\n]"
20:46:23.935 [CreateStudentsDataDrivenTest-1-thread-15] DEBUG o.a.h.i.conn.DefaultClientConnection - Receiving response: HTTP/1.1 500 
20:46:23.935 [CreateStudentsDataDrivenTest-1-thread-15] DEBUG org.apache.http.headers - << HTTP/1.1 500 
20:46:23.935 [CreateStudentsDataDrivenTest-1-thread-15] DEBUG org.apache.http.headers - << Content-Type: application/json;charset=UTF-8
20:46:23.935 [CreateStudentsDataDrivenTest-1-thread-15] DEBUG org.apache.http.headers - << Transfer-Encoding: chunked
20:46:23.935 [CreateStudentsDataDrivenTest-1-thread-15] DEBUG org.apache.http.headers - << Date: Thu, 23 Nov 2023 15:16:23 GMT
20:46:23.935 [CreateStudentsDataDrivenTest-1-thread-15] DEBUG org.apache.http.headers - << Connection: close
20:46:23.935 [CreateStudentsDataDrivenTest-1-thread-15] DEBUG i.r.i.RequestSpecificationImpl$RestAssuredHttpBuilder - Parsing response as: application/json;charset=UTF-8
20:46:23.935 [CreateStudentsDataDrivenTest-1-thread-15] DEBUG i.r.i.RequestSpecificationImpl$RestAssuredHttpBuilder - Parsed data to instance of: class org.apache.http.conn.EofSensorInputStream
20:46:23.936 [CreateStudentsDataDrivenTest-1-thread-15] DEBUG org.apache.http.wire -  << "28[\r][\n]"
20:46:23.936 [CreateStudentsDataDrivenTest-1-thread-15] DEBUG org.apache.http.wire -  << "{"error":"Email address already exists"}"
20:46:23.936 [CreateStudentsDataDrivenTest-1-thread-15] DEBUG org.apache.http.wire -  << "[\r][\n]"
20:46:23.936 [CreateStudentsDataDrivenTest-1-thread-15] DEBUG org.apache.http.wire -  << "0[\r][\n]"
20:46:23.936 [CreateStudentsDataDrivenTest-1-thread-15] DEBUG org.apache.http.wire -  << "[\r][\n]"
20:46:23.936 [CreateStudentsDataDrivenTest-1-thread-15] DEBUG o.a.h.i.c.BasicClientConnectionManager - Releasing connection org.apache.http.impl.conn.ManagedClientConnectionImpl@11ed9bb6
20:46:23.936 [CreateStudentsDataDrivenTest-1-thread-15] DEBUG o.a.h.i.conn.DefaultClientConnection - Connection 0.0.0.0:54671<->127.0.0.1:8085 shut down
20:46:23.941 [CreateStudentsDataDrivenTest-1-thread-15] DEBUG n.t.core.steps.StepInterceptor - STEP DONE: Creating student with FirstName: {0}, LastName: {1}, Email: {2}, Programme: {3}, Courses: {4}
]]></system-out>
  </testcase>
  <testcase name="createMultipleStudents" classname="com.studentapplication.junit.studentsinfo.CreateStudentsDataDrivenTest" time="1.198">
    <system-out><![CDATA[20:46:23.953 [CreateStudentsDataDrivenTest-1-thread-15] DEBUG n.thucydides.core.steps.StepEventBus - Test suite started for class com.studentapplication.junit.studentsinfo.CreateStudentsDataDrivenTest
20:46:23.953 [CreateStudentsDataDrivenTest-1-thread-15] INFO   - Test Suite Started: Create students data driven test
20:46:23.953 [CreateStudentsDataDrivenTest-1-thread-15] DEBUG n.s.j.SerenityTestExecutionListener - Thread[CreateStudentsDataDrivenTest-1-thread-15,5,CreateStudentsDataDrivenTest-1] Test started TestIdentifier [uniqueId = [engine:junit-vintage]/[runner:com.studentapplication.junit.studentsinfo.CreateStudentsDataDrivenTest]/[test:com.studentapplication.junit.studentsinfo.CreateStudentsDataDrivenTest%5B82%5D]/[test:createMultipleStudents%5B82%5D(com.studentapplication.junit.studentsinfo.CreateStudentsDataDrivenTest)], parentId = [engine:junit-vintage]/[runner:com.studentapplication.junit.studentsinfo.CreateStudentsDataDrivenTest]/[test:com.studentapplication.junit.studentsinfo.CreateStudentsDataDrivenTest%5B82%5D], displayName = 'createMultipleStudents[82]', legacyReportingName = 'createMultipleStudents[82]', source = MethodSource [className = 'com.studentapplication.junit.studentsinfo.CreateStudentsDataDrivenTest', methodName = 'createMultipleStudents', methodParameterTypes = ''], tags = [], type = TEST]
20:46:23.953 [CreateStudentsDataDrivenTest-1-thread-15] INFO   - 
  _____   ___   ___   _____     ___   _____     _     ___   _____   ___   ___  
 |_   _| | __| / __| |_   _|   / __| |_   _|   /_\   | _ \ |_   _| | __| |   \ 
   | |   | _|  \__ \   | |     \__ \   | |    / _ \  |   /   | |   | _|  | |) |
   |_|   |___| |___/   |_|     |___/   |_|   /_/ \_\ |_|_\   |_|   |___| |___/ 

createMultipleStudents
--------------------------------------------------------------------------------
20:46:23.966 [CreateStudentsDataDrivenTest-1-thread-15] INFO   - 
  _____   ___   ___   _____     ___   _____     _     ___   _____   ___   ___  
 |_   _| | __| / __| |_   _|   / __| |_   _|   /_\   | _ \ |_   _| | __| |   \ 
   | |   | _|  \__ \   | |     \__ \   | |    / _ \  |   /   | |   | _|  | |) |
   |_|   |___| |___/   |_|     |___/   |_|   /_/ \_\ |_|_\   |_|   |___| |___/ 

createMultipleStudents[82]
--------------------------------------------------------------------------------
20:46:23.973 [CreateStudentsDataDrivenTest-1-thread-15] DEBUG n.t.core.steps.StepInterceptor - STARTING STEP: CreateStudentsDataDrivenTest.createMultipleStudents - Creating student with FirstName: {0}, LastName: {1}, Email: {2}, Programme: {3}, Courses: {4}
20:46:23.989 [CreateStudentsDataDrivenTest-1-thread-15] DEBUG o.a.h.i.c.BasicClientConnectionManager - Get connection for route {}->http://localhost:8085
20:46:23.989 [CreateStudentsDataDrivenTest-1-thread-15] DEBUG o.a.h.i.c.DefaultClientConnectionOperator - Connecting to localhost:8085
20:46:23.990 [CreateStudentsDataDrivenTest-1-thread-15] DEBUG o.a.h.c.protocol.RequestAddCookies - CookieSpec selected: ignoreCookies
20:46:23.990 [CreateStudentsDataDrivenTest-1-thread-15] DEBUG o.a.h.c.protocol.RequestAuthCache - Auth cache not set in the context
20:46:23.990 [CreateStudentsDataDrivenTest-1-thread-15] DEBUG o.a.h.c.p.RequestTargetAuthentication - Target auth state: UNCHALLENGED
20:46:23.990 [CreateStudentsDataDrivenTest-1-thread-15] DEBUG o.a.h.c.p.RequestProxyAuthentication - Proxy auth state: UNCHALLENGED
20:46:23.990 [CreateStudentsDataDrivenTest-1-thread-15] DEBUG o.a.h.impl.client.DefaultHttpClient - Attempt 1 to execute request
20:46:23.990 [CreateStudentsDataDrivenTest-1-thread-15] DEBUG o.a.h.i.conn.DefaultClientConnection - Sending request: POST /student HTTP/1.1
20:46:23.990 [CreateStudentsDataDrivenTest-1-thread-15] DEBUG org.apache.http.wire -  >> "POST /student HTTP/1.1[\r][\n]"
20:46:23.990 [CreateStudentsDataDrivenTest-1-thread-15] DEBUG org.apache.http.wire -  >> "Accept: */*[\r][\n]"
20:46:23.990 [CreateStudentsDataDrivenTest-1-thread-15] DEBUG org.apache.http.wire -  >> "Content-Type: application/json; charset=UTF-8[\r][\n]"
20:46:23.990 [CreateStudentsDataDrivenTest-1-thread-15] DEBUG org.apache.http.wire -  >> "Content-Length: 129[\r][\n]"
20:46:23.990 [CreateStudentsDataDrivenTest-1-thread-15] DEBUG org.apache.http.wire -  >> "Host: localhost:8085[\r][\n]"
20:46:23.990 [CreateStudentsDataDrivenTest-1-thread-15] DEBUG org.apache.http.wire -  >> "Connection: Keep-Alive[\r][\n]"
20:46:23.990 [CreateStudentsDataDrivenTest-1-thread-15] DEBUG org.apache.http.wire -  >> "User-Agent: Apache-HttpClient/4.5.13 (Java/11.0.20)[\r][\n]"
20:46:23.990 [CreateStudentsDataDrivenTest-1-thread-15] DEBUG org.apache.http.wire -  >> "Accept-Encoding: gzip,deflate[\r][\n]"
20:46:23.990 [CreateStudentsDataDrivenTest-1-thread-15] DEBUG org.apache.http.wire -  >> "[\r][\n]"
20:46:23.990 [CreateStudentsDataDrivenTest-1-thread-15] DEBUG org.apache.http.headers - >> POST /student HTTP/1.1
20:46:23.990 [CreateStudentsDataDrivenTest-1-thread-15] DEBUG org.apache.http.headers - >> Accept: */*
20:46:23.990 [CreateStudentsDataDrivenTest-1-thread-15] DEBUG org.apache.http.headers - >> Content-Type: application/json; charset=UTF-8
20:46:23.990 [CreateStudentsDataDrivenTest-1-thread-15] DEBUG org.apache.http.headers - >> Content-Length: 129
20:46:23.990 [CreateStudentsDataDrivenTest-1-thread-15] DEBUG org.apache.http.headers - >> Host: localhost:8085
20:46:23.990 [CreateStudentsDataDrivenTest-1-thread-15] DEBUG org.apache.http.headers - >> Connection: Keep-Alive
20:46:23.990 [CreateStudentsDataDrivenTest-1-thread-15] DEBUG org.apache.http.headers - >> User-Agent: Apache-HttpClient/4.5.13 (Java/11.0.20)
20:46:23.990 [CreateStudentsDataDrivenTest-1-thread-15] DEBUG org.apache.http.headers - >> Accept-Encoding: gzip,deflate
20:46:23.990 [CreateStudentsDataDrivenTest-1-thread-15] DEBUG org.apache.http.wire -  >> "{"id":0,"firstName":"Rica","lastName":"Woffinden","email":"rwoffinden2a@cisco.com","programme":"Mechanical","courses":["python"]}"
20:46:23.998 [CreateStudentsDataDrivenTest-1-thread-14] DEBUG org.apache.http.wire -  << "HTTP/1.1 500 [\r][\n]"
20:46:23.998 [CreateStudentsDataDrivenTest-1-thread-14] DEBUG org.apache.http.wire -  << "Content-Type: application/json;charset=UTF-8[\r][\n]"
20:46:23.998 [CreateStudentsDataDrivenTest-1-thread-14] DEBUG org.apache.http.wire -  << "Transfer-Encoding: chunked[\r][\n]"
20:46:23.998 [CreateStudentsDataDrivenTest-1-thread-14] DEBUG org.apache.http.wire -  << "Date: Thu, 23 Nov 2023 15:16:23 GMT[\r][\n]"
20:46:23.998 [CreateStudentsDataDrivenTest-1-thread-14] DEBUG org.apache.http.wire -  << "Connection: close[\r][\n]"
20:46:23.998 [CreateStudentsDataDrivenTest-1-thread-14] DEBUG org.apache.http.wire -  << "[\r][\n]"
20:46:23.998 [CreateStudentsDataDrivenTest-1-thread-14] DEBUG o.a.h.i.conn.DefaultClientConnection - Receiving response: HTTP/1.1 500 
20:46:23.998 [CreateStudentsDataDrivenTest-1-thread-14] DEBUG org.apache.http.headers - << HTTP/1.1 500 
20:46:23.998 [CreateStudentsDataDrivenTest-1-thread-14] DEBUG org.apache.http.headers - << Content-Type: application/json;charset=UTF-8
20:46:23.998 [CreateStudentsDataDrivenTest-1-thread-14] DEBUG org.apache.http.headers - << Transfer-Encoding: chunked
20:46:23.998 [CreateStudentsDataDrivenTest-1-thread-14] DEBUG org.apache.http.headers - << Date: Thu, 23 Nov 2023 15:16:23 GMT
20:46:23.998 [CreateStudentsDataDrivenTest-1-thread-14] DEBUG org.apache.http.headers - << Connection: close
20:46:23.998 [CreateStudentsDataDrivenTest-1-thread-14] DEBUG i.r.i.RequestSpecificationImpl$RestAssuredHttpBuilder - Parsing response as: application/json;charset=UTF-8
20:46:23.998 [CreateStudentsDataDrivenTest-1-thread-14] DEBUG i.r.i.RequestSpecificationImpl$RestAssuredHttpBuilder - Parsed data to instance of: class org.apache.http.conn.EofSensorInputStream
20:46:23.999 [CreateStudentsDataDrivenTest-1-thread-14] DEBUG org.apache.http.wire -  << "28[\r][\n]"
20:46:23.999 [CreateStudentsDataDrivenTest-1-thread-14] DEBUG org.apache.http.wire -  << "{"error":"Email address already exists"}"
20:46:23.999 [CreateStudentsDataDrivenTest-1-thread-14] DEBUG org.apache.http.wire -  << "[\r][\n]"
20:46:23.999 [CreateStudentsDataDrivenTest-1-thread-14] DEBUG org.apache.http.wire -  << "0[\r][\n]"
20:46:23.999 [CreateStudentsDataDrivenTest-1-thread-14] DEBUG org.apache.http.wire -  << "[\r][\n]"
20:46:23.999 [CreateStudentsDataDrivenTest-1-thread-14] DEBUG o.a.h.i.c.BasicClientConnectionManager - Releasing connection org.apache.http.impl.conn.ManagedClientConnectionImpl@72cfa140
20:46:23.999 [CreateStudentsDataDrivenTest-1-thread-14] DEBUG o.a.h.i.conn.DefaultClientConnection - Connection 0.0.0.0:54668<->127.0.0.1:8085 shut down
20:46:24.003 [CreateStudentsDataDrivenTest-1-thread-14] DEBUG n.t.core.steps.StepInterceptor - STEP DONE: Creating student with FirstName: {0}, LastName: {1}, Email: {2}, Programme: {3}, Courses: {4}
]]></system-out>
  </testcase>
  <testcase name="createMultipleStudents" classname="com.studentapplication.junit.studentsinfo.CreateStudentsDataDrivenTest" time="1.123">
    <system-out><![CDATA[20:46:24.016 [CreateStudentsDataDrivenTest-1-thread-14] DEBUG n.thucydides.core.steps.StepEventBus - Test suite started for class com.studentapplication.junit.studentsinfo.CreateStudentsDataDrivenTest
20:46:24.016 [CreateStudentsDataDrivenTest-1-thread-9] DEBUG org.apache.http.wire -  << "HTTP/1.1 500 [\r][\n]"
20:46:24.016 [CreateStudentsDataDrivenTest-1-thread-9] DEBUG org.apache.http.wire -  << "Content-Type: application/json;charset=UTF-8[\r][\n]"
20:46:24.016 [CreateStudentsDataDrivenTest-1-thread-9] DEBUG org.apache.http.wire -  << "Transfer-Encoding: chunked[\r][\n]"
20:46:24.016 [CreateStudentsDataDrivenTest-1-thread-9] DEBUG org.apache.http.wire -  << "Date: Thu, 23 Nov 2023 15:16:23 GMT[\r][\n]"
20:46:24.016 [CreateStudentsDataDrivenTest-1-thread-9] DEBUG org.apache.http.wire -  << "Connection: close[\r][\n]"
20:46:24.016 [CreateStudentsDataDrivenTest-1-thread-9] DEBUG org.apache.http.wire -  << "[\r][\n]"
20:46:24.016 [CreateStudentsDataDrivenTest-1-thread-14] INFO   - Test Suite Started: Create students data driven test
20:46:24.016 [CreateStudentsDataDrivenTest-1-thread-9] DEBUG o.a.h.i.conn.DefaultClientConnection - Receiving response: HTTP/1.1 500 
20:46:24.016 [CreateStudentsDataDrivenTest-1-thread-9] DEBUG org.apache.http.headers - << HTTP/1.1 500 
20:46:24.016 [CreateStudentsDataDrivenTest-1-thread-9] DEBUG org.apache.http.headers - << Content-Type: application/json;charset=UTF-8
20:46:24.016 [CreateStudentsDataDrivenTest-1-thread-9] DEBUG org.apache.http.headers - << Transfer-Encoding: chunked
20:46:24.016 [CreateStudentsDataDrivenTest-1-thread-9] DEBUG org.apache.http.headers - << Date: Thu, 23 Nov 2023 15:16:23 GMT
20:46:24.016 [CreateStudentsDataDrivenTest-1-thread-9] DEBUG org.apache.http.headers - << Connection: close
20:46:24.017 [CreateStudentsDataDrivenTest-1-thread-14] DEBUG n.s.j.SerenityTestExecutionListener - Thread[CreateStudentsDataDrivenTest-1-thread-14,5,CreateStudentsDataDrivenTest-1] Test started TestIdentifier [uniqueId = [engine:junit-vintage]/[runner:com.studentapplication.junit.studentsinfo.CreateStudentsDataDrivenTest]/[test:com.studentapplication.junit.studentsinfo.CreateStudentsDataDrivenTest%5B83%5D]/[test:createMultipleStudents%5B83%5D(com.studentapplication.junit.studentsinfo.CreateStudentsDataDrivenTest)], parentId = [engine:junit-vintage]/[runner:com.studentapplication.junit.studentsinfo.CreateStudentsDataDrivenTest]/[test:com.studentapplication.junit.studentsinfo.CreateStudentsDataDrivenTest%5B83%5D], displayName = 'createMultipleStudents[83]', legacyReportingName = 'createMultipleStudents[83]', source = MethodSource [className = 'com.studentapplication.junit.studentsinfo.CreateStudentsDataDrivenTest', methodName = 'createMultipleStudents', methodParameterTypes = ''], tags = [], type = TEST]
20:46:24.017 [CreateStudentsDataDrivenTest-1-thread-14] INFO   - 
  _____   ___   ___   _____     ___   _____     _     ___   _____   ___   ___  
 |_   _| | __| / __| |_   _|   / __| |_   _|   /_\   | _ \ |_   _| | __| |   \ 
   | |   | _|  \__ \   | |     \__ \   | |    / _ \  |   /   | |   | _|  | |) |
   |_|   |___| |___/   |_|     |___/   |_|   /_/ \_\ |_|_\   |_|   |___| |___/ 

createMultipleStudents
--------------------------------------------------------------------------------
20:46:24.017 [CreateStudentsDataDrivenTest-1-thread-9] DEBUG i.r.i.RequestSpecificationImpl$RestAssuredHttpBuilder - Parsing response as: application/json;charset=UTF-8
20:46:24.017 [CreateStudentsDataDrivenTest-1-thread-9] DEBUG i.r.i.RequestSpecificationImpl$RestAssuredHttpBuilder - Parsed data to instance of: class org.apache.http.conn.EofSensorInputStream
20:46:24.017 [CreateStudentsDataDrivenTest-1-thread-9] DEBUG org.apache.http.wire -  << "28[\r][\n]"
20:46:24.017 [CreateStudentsDataDrivenTest-1-thread-9] DEBUG org.apache.http.wire -  << "{"error":"Email address already exists"}"
20:46:24.017 [CreateStudentsDataDrivenTest-1-thread-9] DEBUG org.apache.http.wire -  << "[\r][\n]"
20:46:24.017 [CreateStudentsDataDrivenTest-1-thread-9] DEBUG org.apache.http.wire -  << "0[\r][\n]"
20:46:24.017 [CreateStudentsDataDrivenTest-1-thread-9] DEBUG org.apache.http.wire -  << "[\r][\n]"
20:46:24.018 [CreateStudentsDataDrivenTest-1-thread-14] INFO   - 
  _____   ___   ___   _____     ___   _____     _     ___   _____   ___   ___  
 |_   _| | __| / __| |_   _|   / __| |_   _|   /_\   | _ \ |_   _| | __| |   \ 
   | |   | _|  \__ \   | |     \__ \   | |    / _ \  |   /   | |   | _|  | |) |
   |_|   |___| |___/   |_|     |___/   |_|   /_/ \_\ |_|_\   |_|   |___| |___/ 

createMultipleStudents[83]
--------------------------------------------------------------------------------
20:46:24.018 [CreateStudentsDataDrivenTest-1-thread-9] DEBUG o.a.h.i.c.BasicClientConnectionManager - Releasing connection org.apache.http.impl.conn.ManagedClientConnectionImpl@5951e56b
20:46:24.018 [CreateStudentsDataDrivenTest-1-thread-9] DEBUG o.a.h.i.conn.DefaultClientConnection - Connection 0.0.0.0:54672<->127.0.0.1:8085 shut down
20:46:24.023 [CreateStudentsDataDrivenTest-1-thread-9] DEBUG n.t.core.steps.StepInterceptor - STEP DONE: Creating student with FirstName: {0}, LastName: {1}, Email: {2}, Programme: {3}, Courses: {4}
]]></system-out>
  </testcase>
  <testcase name="createMultipleStudents" classname="com.studentapplication.junit.studentsinfo.CreateStudentsDataDrivenTest" time="1.693">
    <system-out><![CDATA[20:46:24.028 [CreateStudentsDataDrivenTest-1-thread-14] DEBUG n.t.core.steps.StepInterceptor - STARTING STEP: CreateStudentsDataDrivenTest.createMultipleStudents - Creating student with FirstName: {0}, LastName: {1}, Email: {2}, Programme: {3}, Courses: {4}
20:46:24.031 [CreateStudentsDataDrivenTest-1-thread-9] DEBUG n.thucydides.core.steps.StepEventBus - Test suite started for class com.studentapplication.junit.studentsinfo.CreateStudentsDataDrivenTest
20:46:24.033 [CreateStudentsDataDrivenTest-1-thread-9] INFO   - Test Suite Started: Create students data driven test
20:46:24.033 [CreateStudentsDataDrivenTest-1-thread-9] DEBUG n.s.j.SerenityTestExecutionListener - Thread[CreateStudentsDataDrivenTest-1-thread-9,5,CreateStudentsDataDrivenTest-1] Test started TestIdentifier [uniqueId = [engine:junit-vintage]/[runner:com.studentapplication.junit.studentsinfo.CreateStudentsDataDrivenTest]/[test:com.studentapplication.junit.studentsinfo.CreateStudentsDataDrivenTest%5B84%5D]/[test:createMultipleStudents%5B84%5D(com.studentapplication.junit.studentsinfo.CreateStudentsDataDrivenTest)], parentId = [engine:junit-vintage]/[runner:com.studentapplication.junit.studentsinfo.CreateStudentsDataDrivenTest]/[test:com.studentapplication.junit.studentsinfo.CreateStudentsDataDrivenTest%5B84%5D], displayName = 'createMultipleStudents[84]', legacyReportingName = 'createMultipleStudents[84]', source = MethodSource [className = 'com.studentapplication.junit.studentsinfo.CreateStudentsDataDrivenTest', methodName = 'createMultipleStudents', methodParameterTypes = ''], tags = [], type = TEST]
20:46:24.033 [CreateStudentsDataDrivenTest-1-thread-9] INFO   - 
  _____   ___   ___   _____     ___   _____     _     ___   _____   ___   ___  
 |_   _| | __| / __| |_   _|   / __| |_   _|   /_\   | _ \ |_   _| | __| |   \ 
   | |   | _|  \__ \   | |     \__ \   | |    / _ \  |   /   | |   | _|  | |) |
   |_|   |___| |___/   |_|     |___/   |_|   /_/ \_\ |_|_\   |_|   |___| |___/ 

createMultipleStudents
--------------------------------------------------------------------------------
20:46:24.035 [CreateStudentsDataDrivenTest-1-thread-9] INFO   - 
  _____   ___   ___   _____     ___   _____     _     ___   _____   ___   ___  
 |_   _| | __| / __| |_   _|   / __| |_   _|   /_\   | _ \ |_   _| | __| |   \ 
   | |   | _|  \__ \   | |     \__ \   | |    / _ \  |   /   | |   | _|  | |) |
   |_|   |___| |___/   |_|     |___/   |_|   /_/ \_\ |_|_\   |_|   |___| |___/ 

createMultipleStudents[84]
--------------------------------------------------------------------------------
20:46:24.040 [CreateStudentsDataDrivenTest-1-thread-9] DEBUG n.t.core.steps.StepInterceptor - STARTING STEP: CreateStudentsDataDrivenTest.createMultipleStudents - Creating student with FirstName: {0}, LastName: {1}, Email: {2}, Programme: {3}, Courses: {4}
20:46:24.050 [CreateStudentsDataDrivenTest-1-thread-9] DEBUG o.a.h.i.c.BasicClientConnectionManager - Get connection for route {}->http://localhost:8085
20:46:24.050 [CreateStudentsDataDrivenTest-1-thread-9] DEBUG o.a.h.i.c.DefaultClientConnectionOperator - Connecting to localhost:8085
20:46:24.051 [CreateStudentsDataDrivenTest-1-thread-9] DEBUG o.a.h.c.protocol.RequestAddCookies - CookieSpec selected: ignoreCookies
20:46:24.051 [CreateStudentsDataDrivenTest-1-thread-9] DEBUG o.a.h.c.protocol.RequestAuthCache - Auth cache not set in the context
20:46:24.051 [CreateStudentsDataDrivenTest-1-thread-9] DEBUG o.a.h.c.p.RequestTargetAuthentication - Target auth state: UNCHALLENGED
20:46:24.051 [CreateStudentsDataDrivenTest-1-thread-9] DEBUG o.a.h.c.p.RequestProxyAuthentication - Proxy auth state: UNCHALLENGED
20:46:24.051 [CreateStudentsDataDrivenTest-1-thread-9] DEBUG o.a.h.impl.client.DefaultHttpClient - Attempt 1 to execute request
20:46:24.051 [CreateStudentsDataDrivenTest-1-thread-9] DEBUG o.a.h.i.conn.DefaultClientConnection - Sending request: POST /student HTTP/1.1
20:46:24.051 [CreateStudentsDataDrivenTest-1-thread-9] DEBUG org.apache.http.wire -  >> "POST /student HTTP/1.1[\r][\n]"
20:46:24.051 [CreateStudentsDataDrivenTest-1-thread-9] DEBUG org.apache.http.wire -  >> "Accept: */*[\r][\n]"
20:46:24.051 [CreateStudentsDataDrivenTest-1-thread-9] DEBUG org.apache.http.wire -  >> "Content-Type: application/json; charset=UTF-8[\r][\n]"
20:46:24.051 [CreateStudentsDataDrivenTest-1-thread-9] DEBUG org.apache.http.wire -  >> "Content-Length: 135[\r][\n]"
20:46:24.051 [CreateStudentsDataDrivenTest-1-thread-9] DEBUG org.apache.http.wire -  >> "Host: localhost:8085[\r][\n]"
20:46:24.051 [CreateStudentsDataDrivenTest-1-thread-9] DEBUG org.apache.http.wire -  >> "Connection: Keep-Alive[\r][\n]"
20:46:24.051 [CreateStudentsDataDrivenTest-1-thread-9] DEBUG org.apache.http.wire -  >> "User-Agent: Apache-HttpClient/4.5.13 (Java/11.0.20)[\r][\n]"
20:46:24.051 [CreateStudentsDataDrivenTest-1-thread-9] DEBUG org.apache.http.wire -  >> "Accept-Encoding: gzip,deflate[\r][\n]"
20:46:24.051 [CreateStudentsDataDrivenTest-1-thread-9] DEBUG org.apache.http.wire -  >> "[\r][\n]"
20:46:24.051 [CreateStudentsDataDrivenTest-1-thread-9] DEBUG org.apache.http.headers - >> POST /student HTTP/1.1
20:46:24.051 [CreateStudentsDataDrivenTest-1-thread-9] DEBUG org.apache.http.headers - >> Accept: */*
20:46:24.051 [CreateStudentsDataDrivenTest-1-thread-9] DEBUG org.apache.http.headers - >> Content-Type: application/json; charset=UTF-8
20:46:24.051 [CreateStudentsDataDrivenTest-1-thread-9] DEBUG org.apache.http.headers - >> Content-Length: 135
20:46:24.051 [CreateStudentsDataDrivenTest-1-thread-9] DEBUG org.apache.http.headers - >> Host: localhost:8085
20:46:24.051 [CreateStudentsDataDrivenTest-1-thread-9] DEBUG org.apache.http.headers - >> Connection: Keep-Alive
20:46:24.051 [CreateStudentsDataDrivenTest-1-thread-9] DEBUG org.apache.http.headers - >> User-Agent: Apache-HttpClient/4.5.13 (Java/11.0.20)
20:46:24.051 [CreateStudentsDataDrivenTest-1-thread-9] DEBUG org.apache.http.headers - >> Accept-Encoding: gzip,deflate
20:46:24.051 [CreateStudentsDataDrivenTest-1-thread-9] DEBUG org.apache.http.wire -  >> "{"id":0,"firstName":"Keane","lastName":"Paladini","email":"kpaladini2c@alibaba.com","programme":"Computer Science","courses":["scala"]}"
20:46:24.054 [CreateStudentsDataDrivenTest-1-thread-14] DEBUG o.a.h.i.c.BasicClientConnectionManager - Get connection for route {}->http://localhost:8085
20:46:24.054 [CreateStudentsDataDrivenTest-1-thread-14] DEBUG o.a.h.i.c.DefaultClientConnectionOperator - Connecting to localhost:8085
20:46:24.055 [CreateStudentsDataDrivenTest-1-thread-14] DEBUG o.a.h.c.protocol.RequestAddCookies - CookieSpec selected: ignoreCookies
20:46:24.055 [CreateStudentsDataDrivenTest-1-thread-14] DEBUG o.a.h.c.protocol.RequestAuthCache - Auth cache not set in the context
20:46:24.055 [CreateStudentsDataDrivenTest-1-thread-14] DEBUG o.a.h.c.p.RequestTargetAuthentication - Target auth state: UNCHALLENGED
20:46:24.055 [CreateStudentsDataDrivenTest-1-thread-14] DEBUG o.a.h.c.p.RequestProxyAuthentication - Proxy auth state: UNCHALLENGED
20:46:24.055 [CreateStudentsDataDrivenTest-1-thread-14] DEBUG o.a.h.impl.client.DefaultHttpClient - Attempt 1 to execute request
20:46:24.055 [CreateStudentsDataDrivenTest-1-thread-14] DEBUG o.a.h.i.conn.DefaultClientConnection - Sending request: POST /student HTTP/1.1
20:46:24.055 [CreateStudentsDataDrivenTest-1-thread-14] DEBUG org.apache.http.wire -  >> "POST /student HTTP/1.1[\r][\n]"
20:46:24.055 [CreateStudentsDataDrivenTest-1-thread-14] DEBUG org.apache.http.wire -  >> "Accept: */*[\r][\n]"
20:46:24.055 [CreateStudentsDataDrivenTest-1-thread-14] DEBUG org.apache.http.wire -  >> "Content-Type: application/json; charset=UTF-8[\r][\n]"
20:46:24.055 [CreateStudentsDataDrivenTest-1-thread-14] DEBUG org.apache.http.wire -  >> "Content-Length: 119[\r][\n]"
20:46:24.055 [CreateStudentsDataDrivenTest-1-thread-14] DEBUG org.apache.http.wire -  >> "Host: localhost:8085[\r][\n]"
20:46:24.055 [CreateStudentsDataDrivenTest-1-thread-14] DEBUG org.apache.http.wire -  >> "Connection: Keep-Alive[\r][\n]"
20:46:24.055 [CreateStudentsDataDrivenTest-1-thread-14] DEBUG org.apache.http.wire -  >> "User-Agent: Apache-HttpClient/4.5.13 (Java/11.0.20)[\r][\n]"
20:46:24.055 [CreateStudentsDataDrivenTest-1-thread-14] DEBUG org.apache.http.wire -  >> "Accept-Encoding: gzip,deflate[\r][\n]"
20:46:24.055 [CreateStudentsDataDrivenTest-1-thread-14] DEBUG org.apache.http.wire -  >> "[\r][\n]"
20:46:24.055 [CreateStudentsDataDrivenTest-1-thread-14] DEBUG org.apache.http.headers - >> POST /student HTTP/1.1
20:46:24.055 [CreateStudentsDataDrivenTest-1-thread-14] DEBUG org.apache.http.headers - >> Accept: */*
20:46:24.055 [CreateStudentsDataDrivenTest-1-thread-14] DEBUG org.apache.http.headers - >> Content-Type: application/json; charset=UTF-8
20:46:24.055 [CreateStudentsDataDrivenTest-1-thread-14] DEBUG org.apache.http.headers - >> Content-Length: 119
20:46:24.055 [CreateStudentsDataDrivenTest-1-thread-14] DEBUG org.apache.http.headers - >> Host: localhost:8085
20:46:24.055 [CreateStudentsDataDrivenTest-1-thread-14] DEBUG org.apache.http.headers - >> Connection: Keep-Alive
20:46:24.055 [CreateStudentsDataDrivenTest-1-thread-14] DEBUG org.apache.http.headers - >> User-Agent: Apache-HttpClient/4.5.13 (Java/11.0.20)
20:46:24.055 [CreateStudentsDataDrivenTest-1-thread-14] DEBUG org.apache.http.headers - >> Accept-Encoding: gzip,deflate
20:46:24.055 [CreateStudentsDataDrivenTest-1-thread-14] DEBUG org.apache.http.wire -  >> "{"id":0,"firstName":"Winonah","lastName":"Lorie","email":"wlorie2b@vk.com","programme":"Electrical","courses":["java"]}"
20:46:24.299 [CreateStudentsDataDrivenTest-1-thread-16] DEBUG org.apache.http.wire -  << "HTTP/1.1 500 [\r][\n]"
20:46:24.299 [CreateStudentsDataDrivenTest-1-thread-16] DEBUG org.apache.http.wire -  << "Content-Type: application/json;charset=UTF-8[\r][\n]"
20:46:24.299 [CreateStudentsDataDrivenTest-1-thread-16] DEBUG org.apache.http.wire -  << "Transfer-Encoding: chunked[\r][\n]"
20:46:24.299 [CreateStudentsDataDrivenTest-1-thread-16] DEBUG org.apache.http.wire -  << "Date: Thu, 23 Nov 2023 15:16:23 GMT[\r][\n]"
20:46:24.299 [CreateStudentsDataDrivenTest-1-thread-16] DEBUG org.apache.http.wire -  << "Connection: close[\r][\n]"
20:46:24.299 [CreateStudentsDataDrivenTest-1-thread-16] DEBUG org.apache.http.wire -  << "[\r][\n]"
20:46:24.299 [CreateStudentsDataDrivenTest-1-thread-16] DEBUG o.a.h.i.conn.DefaultClientConnection - Receiving response: HTTP/1.1 500 
20:46:24.299 [CreateStudentsDataDrivenTest-1-thread-16] DEBUG org.apache.http.headers - << HTTP/1.1 500 
20:46:24.299 [CreateStudentsDataDrivenTest-1-thread-16] DEBUG org.apache.http.headers - << Content-Type: application/json;charset=UTF-8
20:46:24.299 [CreateStudentsDataDrivenTest-1-thread-16] DEBUG org.apache.http.headers - << Transfer-Encoding: chunked
20:46:24.299 [CreateStudentsDataDrivenTest-1-thread-16] DEBUG org.apache.http.headers - << Date: Thu, 23 Nov 2023 15:16:23 GMT
20:46:24.299 [CreateStudentsDataDrivenTest-1-thread-16] DEBUG org.apache.http.headers - << Connection: close
20:46:24.299 [CreateStudentsDataDrivenTest-1-thread-16] DEBUG i.r.i.RequestSpecificationImpl$RestAssuredHttpBuilder - Parsing response as: application/json;charset=UTF-8
20:46:24.299 [CreateStudentsDataDrivenTest-1-thread-16] DEBUG i.r.i.RequestSpecificationImpl$RestAssuredHttpBuilder - Parsed data to instance of: class org.apache.http.conn.EofSensorInputStream
20:46:24.299 [CreateStudentsDataDrivenTest-1-thread-16] DEBUG org.apache.http.wire -  << "28[\r][\n]"
20:46:24.299 [CreateStudentsDataDrivenTest-1-thread-16] DEBUG org.apache.http.wire -  << "{"error":"Email address already exists"}"
20:46:24.299 [CreateStudentsDataDrivenTest-1-thread-16] DEBUG org.apache.http.wire -  << "[\r][\n]"
20:46:24.422 [CreateStudentsDataDrivenTest-1-thread-7] DEBUG org.apache.http.wire -  << "HTTP/1.1 500 [\r][\n]"
20:46:24.422 [CreateStudentsDataDrivenTest-1-thread-7] DEBUG org.apache.http.wire -  << "Content-Type: application/json;charset=UTF-8[\r][\n]"
20:46:24.422 [CreateStudentsDataDrivenTest-1-thread-7] DEBUG org.apache.http.wire -  << "Transfer-Encoding: chunked[\r][\n]"
20:46:24.422 [CreateStudentsDataDrivenTest-1-thread-7] DEBUG org.apache.http.wire -  << "Date: Thu, 23 Nov 2023 15:16:23 GMT[\r][\n]"
20:46:24.422 [CreateStudentsDataDrivenTest-1-thread-7] DEBUG org.apache.http.wire -  << "Connection: close[\r][\n]"
20:46:24.422 [CreateStudentsDataDrivenTest-1-thread-7] DEBUG org.apache.http.wire -  << "[\r][\n]"
20:46:24.422 [CreateStudentsDataDrivenTest-1-thread-7] DEBUG o.a.h.i.conn.DefaultClientConnection - Receiving response: HTTP/1.1 500 
20:46:24.422 [CreateStudentsDataDrivenTest-1-thread-7] DEBUG org.apache.http.headers - << HTTP/1.1 500 
20:46:24.422 [CreateStudentsDataDrivenTest-1-thread-7] DEBUG org.apache.http.headers - << Content-Type: application/json;charset=UTF-8
20:46:24.422 [CreateStudentsDataDrivenTest-1-thread-7] DEBUG org.apache.http.headers - << Transfer-Encoding: chunked
20:46:24.422 [CreateStudentsDataDrivenTest-1-thread-7] DEBUG org.apache.http.headers - << Date: Thu, 23 Nov 2023 15:16:23 GMT
20:46:24.422 [CreateStudentsDataDrivenTest-1-thread-7] DEBUG org.apache.http.headers - << Connection: close
20:46:24.422 [CreateStudentsDataDrivenTest-1-thread-7] DEBUG i.r.i.RequestSpecificationImpl$RestAssuredHttpBuilder - Parsing response as: application/json;charset=UTF-8
20:46:24.422 [CreateStudentsDataDrivenTest-1-thread-7] DEBUG i.r.i.RequestSpecificationImpl$RestAssuredHttpBuilder - Parsed data to instance of: class org.apache.http.conn.EofSensorInputStream
20:46:24.423 [CreateStudentsDataDrivenTest-1-thread-7] DEBUG org.apache.http.wire -  << "28[\r][\n]"
20:46:24.423 [CreateStudentsDataDrivenTest-1-thread-7] DEBUG org.apache.http.wire -  << "{"error":"Email address already exists"}"
20:46:24.423 [CreateStudentsDataDrivenTest-1-thread-7] DEBUG org.apache.http.wire -  << "[\r][\n]"
20:46:24.423 [CreateStudentsDataDrivenTest-1-thread-7] DEBUG org.apache.http.wire -  << "0[\r][\n]"
20:46:24.423 [CreateStudentsDataDrivenTest-1-thread-7] DEBUG org.apache.http.wire -  << "[\r][\n]"
20:46:24.423 [CreateStudentsDataDrivenTest-1-thread-7] DEBUG o.a.h.i.c.BasicClientConnectionManager - Releasing connection org.apache.http.impl.conn.ManagedClientConnectionImpl@781f283b
20:46:24.423 [CreateStudentsDataDrivenTest-1-thread-7] DEBUG o.a.h.i.conn.DefaultClientConnection - Connection 0.0.0.0:54666<->127.0.0.1:8085 shut down
20:46:24.427 [CreateStudentsDataDrivenTest-1-thread-7] DEBUG n.t.core.steps.StepInterceptor - STEP DONE: Creating student with FirstName: {0}, LastName: {1}, Email: {2}, Programme: {3}, Courses: {4}
]]></system-out>
  </testcase>
  <testcase name="createMultipleStudents" classname="com.studentapplication.junit.studentsinfo.CreateStudentsDataDrivenTest" time="1.531">
    <system-out><![CDATA[20:46:24.434 [CreateStudentsDataDrivenTest-1-thread-7] DEBUG n.thucydides.core.steps.StepEventBus - Test suite started for class com.studentapplication.junit.studentsinfo.CreateStudentsDataDrivenTest
20:46:24.434 [CreateStudentsDataDrivenTest-1-thread-7] INFO   - Test Suite Started: Create students data driven test
20:46:24.437 [CreateStudentsDataDrivenTest-1-thread-7] DEBUG n.s.j.SerenityTestExecutionListener - Thread[CreateStudentsDataDrivenTest-1-thread-7,5,CreateStudentsDataDrivenTest-1] Test started TestIdentifier [uniqueId = [engine:junit-vintage]/[runner:com.studentapplication.junit.studentsinfo.CreateStudentsDataDrivenTest]/[test:com.studentapplication.junit.studentsinfo.CreateStudentsDataDrivenTest%5B85%5D]/[test:createMultipleStudents%5B85%5D(com.studentapplication.junit.studentsinfo.CreateStudentsDataDrivenTest)], parentId = [engine:junit-vintage]/[runner:com.studentapplication.junit.studentsinfo.CreateStudentsDataDrivenTest]/[test:com.studentapplication.junit.studentsinfo.CreateStudentsDataDrivenTest%5B85%5D], displayName = 'createMultipleStudents[85]', legacyReportingName = 'createMultipleStudents[85]', source = MethodSource [className = 'com.studentapplication.junit.studentsinfo.CreateStudentsDataDrivenTest', methodName = 'createMultipleStudents', methodParameterTypes = ''], tags = [], type = TEST]
20:46:24.437 [CreateStudentsDataDrivenTest-1-thread-7] INFO   - 
  _____   ___   ___   _____     ___   _____     _     ___   _____   ___   ___  
 |_   _| | __| / __| |_   _|   / __| |_   _|   /_\   | _ \ |_   _| | __| |   \ 
   | |   | _|  \__ \   | |     \__ \   | |    / _ \  |   /   | |   | _|  | |) |
   |_|   |___| |___/   |_|     |___/   |_|   /_/ \_\ |_|_\   |_|   |___| |___/ 

createMultipleStudents
--------------------------------------------------------------------------------
20:46:24.438 [CreateStudentsDataDrivenTest-1-thread-7] INFO   - 
  _____   ___   ___   _____     ___   _____     _     ___   _____   ___   ___  
 |_   _| | __| / __| |_   _|   / __| |_   _|   /_\   | _ \ |_   _| | __| |   \ 
   | |   | _|  \__ \   | |     \__ \   | |    / _ \  |   /   | |   | _|  | |) |
   |_|   |___| |___/   |_|     |___/   |_|   /_/ \_\ |_|_\   |_|   |___| |___/ 

createMultipleStudents[85]
--------------------------------------------------------------------------------
20:46:24.443 [CreateStudentsDataDrivenTest-1-thread-7] DEBUG n.t.core.steps.StepInterceptor - STARTING STEP: CreateStudentsDataDrivenTest.createMultipleStudents - Creating student with FirstName: {0}, LastName: {1}, Email: {2}, Programme: {3}, Courses: {4}
20:46:24.453 [CreateStudentsDataDrivenTest-1-thread-7] DEBUG o.a.h.i.c.BasicClientConnectionManager - Get connection for route {}->http://localhost:8085
20:46:24.453 [CreateStudentsDataDrivenTest-1-thread-7] DEBUG o.a.h.i.c.DefaultClientConnectionOperator - Connecting to localhost:8085
20:46:24.454 [CreateStudentsDataDrivenTest-1-thread-7] DEBUG o.a.h.c.protocol.RequestAddCookies - CookieSpec selected: ignoreCookies
20:46:24.454 [CreateStudentsDataDrivenTest-1-thread-7] DEBUG o.a.h.c.protocol.RequestAuthCache - Auth cache not set in the context
20:46:24.454 [CreateStudentsDataDrivenTest-1-thread-7] DEBUG o.a.h.c.p.RequestTargetAuthentication - Target auth state: UNCHALLENGED
20:46:24.454 [CreateStudentsDataDrivenTest-1-thread-7] DEBUG o.a.h.c.p.RequestProxyAuthentication - Proxy auth state: UNCHALLENGED
20:46:24.454 [CreateStudentsDataDrivenTest-1-thread-7] DEBUG o.a.h.impl.client.DefaultHttpClient - Attempt 1 to execute request
20:46:24.454 [CreateStudentsDataDrivenTest-1-thread-7] DEBUG o.a.h.i.conn.DefaultClientConnection - Sending request: POST /student HTTP/1.1
20:46:24.454 [CreateStudentsDataDrivenTest-1-thread-7] DEBUG org.apache.http.wire -  >> "POST /student HTTP/1.1[\r][\n]"
20:46:24.454 [CreateStudentsDataDrivenTest-1-thread-7] DEBUG org.apache.http.wire -  >> "Accept: */*[\r][\n]"
20:46:24.454 [CreateStudentsDataDrivenTest-1-thread-7] DEBUG org.apache.http.wire -  >> "Content-Type: application/json; charset=UTF-8[\r][\n]"
20:46:24.454 [CreateStudentsDataDrivenTest-1-thread-7] DEBUG org.apache.http.wire -  >> "Content-Length: 136[\r][\n]"
20:46:24.454 [CreateStudentsDataDrivenTest-1-thread-7] DEBUG org.apache.http.wire -  >> "Host: localhost:8085[\r][\n]"
20:46:24.454 [CreateStudentsDataDrivenTest-1-thread-7] DEBUG org.apache.http.wire -  >> "Connection: Keep-Alive[\r][\n]"
20:46:24.454 [CreateStudentsDataDrivenTest-1-thread-7] DEBUG org.apache.http.wire -  >> "User-Agent: Apache-HttpClient/4.5.13 (Java/11.0.20)[\r][\n]"
20:46:24.454 [CreateStudentsDataDrivenTest-1-thread-7] DEBUG org.apache.http.wire -  >> "Accept-Encoding: gzip,deflate[\r][\n]"
20:46:24.454 [CreateStudentsDataDrivenTest-1-thread-7] DEBUG org.apache.http.wire -  >> "[\r][\n]"
20:46:24.454 [CreateStudentsDataDrivenTest-1-thread-7] DEBUG org.apache.http.headers - >> POST /student HTTP/1.1
20:46:24.454 [CreateStudentsDataDrivenTest-1-thread-7] DEBUG org.apache.http.headers - >> Accept: */*
20:46:24.454 [CreateStudentsDataDrivenTest-1-thread-7] DEBUG org.apache.http.headers - >> Content-Type: application/json; charset=UTF-8
20:46:24.454 [CreateStudentsDataDrivenTest-1-thread-7] DEBUG org.apache.http.headers - >> Content-Length: 136
20:46:24.454 [CreateStudentsDataDrivenTest-1-thread-7] DEBUG org.apache.http.headers - >> Host: localhost:8085
20:46:24.454 [CreateStudentsDataDrivenTest-1-thread-7] DEBUG org.apache.http.headers - >> Connection: Keep-Alive
20:46:24.454 [CreateStudentsDataDrivenTest-1-thread-7] DEBUG org.apache.http.headers - >> User-Agent: Apache-HttpClient/4.5.13 (Java/11.0.20)
20:46:24.454 [CreateStudentsDataDrivenTest-1-thread-7] DEBUG org.apache.http.headers - >> Accept-Encoding: gzip,deflate
20:46:24.454 [CreateStudentsDataDrivenTest-1-thread-7] DEBUG org.apache.http.wire -  >> "{"id":0,"firstName":"Rosina","lastName":"Tansey","email":"rtansey2d@nationalgeographic.com","programme":"Electrical","courses":["java"]}"
20:46:24.458 [CreateStudentsDataDrivenTest-1-thread-16] DEBUG org.apache.http.wire -  << "0[\r][\n]"
20:46:24.458 [CreateStudentsDataDrivenTest-1-thread-16] DEBUG org.apache.http.wire -  << "[\r][\n]"
20:46:24.458 [CreateStudentsDataDrivenTest-1-thread-16] DEBUG o.a.h.i.c.BasicClientConnectionManager - Releasing connection org.apache.http.impl.conn.ManagedClientConnectionImpl@55ed40d5
20:46:24.458 [CreateStudentsDataDrivenTest-1-thread-16] DEBUG o.a.h.i.conn.DefaultClientConnection - Connection 0.0.0.0:54674<->127.0.0.1:8085 shut down
20:46:24.462 [CreateStudentsDataDrivenTest-1-thread-16] DEBUG n.t.core.steps.StepInterceptor - STEP DONE: Creating student with FirstName: {0}, LastName: {1}, Email: {2}, Programme: {3}, Courses: {4}
]]></system-out>
  </testcase>
  <testcase name="createMultipleStudents" classname="com.studentapplication.junit.studentsinfo.CreateStudentsDataDrivenTest" time="0.942">
    <system-out><![CDATA[20:46:24.469 [CreateStudentsDataDrivenTest-1-thread-16] DEBUG n.thucydides.core.steps.StepEventBus - Test suite started for class com.studentapplication.junit.studentsinfo.CreateStudentsDataDrivenTest
20:46:24.469 [CreateStudentsDataDrivenTest-1-thread-16] INFO   - Test Suite Started: Create students data driven test
20:46:24.470 [CreateStudentsDataDrivenTest-1-thread-16] DEBUG n.s.j.SerenityTestExecutionListener - Thread[CreateStudentsDataDrivenTest-1-thread-16,5,CreateStudentsDataDrivenTest-1] Test started TestIdentifier [uniqueId = [engine:junit-vintage]/[runner:com.studentapplication.junit.studentsinfo.CreateStudentsDataDrivenTest]/[test:com.studentapplication.junit.studentsinfo.CreateStudentsDataDrivenTest%5B86%5D]/[test:createMultipleStudents%5B86%5D(com.studentapplication.junit.studentsinfo.CreateStudentsDataDrivenTest)], parentId = [engine:junit-vintage]/[runner:com.studentapplication.junit.studentsinfo.CreateStudentsDataDrivenTest]/[test:com.studentapplication.junit.studentsinfo.CreateStudentsDataDrivenTest%5B86%5D], displayName = 'createMultipleStudents[86]', legacyReportingName = 'createMultipleStudents[86]', source = MethodSource [className = 'com.studentapplication.junit.studentsinfo.CreateStudentsDataDrivenTest', methodName = 'createMultipleStudents', methodParameterTypes = ''], tags = [], type = TEST]
20:46:24.470 [CreateStudentsDataDrivenTest-1-thread-16] INFO   - 
  _____   ___   ___   _____     ___   _____     _     ___   _____   ___   ___  
 |_   _| | __| / __| |_   _|   / __| |_   _|   /_\   | _ \ |_   _| | __| |   \ 
   | |   | _|  \__ \   | |     \__ \   | |    / _ \  |   /   | |   | _|  | |) |
   |_|   |___| |___/   |_|     |___/   |_|   /_/ \_\ |_|_\   |_|   |___| |___/ 

createMultipleStudents
--------------------------------------------------------------------------------
20:46:24.471 [CreateStudentsDataDrivenTest-1-thread-16] INFO   - 
  _____   ___   ___   _____     ___   _____     _     ___   _____   ___   ___  
 |_   _| | __| / __| |_   _|   / __| |_   _|   /_\   | _ \ |_   _| | __| |   \ 
   | |   | _|  \__ \   | |     \__ \   | |    / _ \  |   /   | |   | _|  | |) |
   |_|   |___| |___/   |_|     |___/   |_|   /_/ \_\ |_|_\   |_|   |___| |___/ 

createMultipleStudents[86]
--------------------------------------------------------------------------------
20:46:24.477 [CreateStudentsDataDrivenTest-1-thread-16] DEBUG n.t.core.steps.StepInterceptor - STARTING STEP: CreateStudentsDataDrivenTest.createMultipleStudents - Creating student with FirstName: {0}, LastName: {1}, Email: {2}, Programme: {3}, Courses: {4}
20:46:24.486 [CreateStudentsDataDrivenTest-1-thread-16] DEBUG o.a.h.i.c.BasicClientConnectionManager - Get connection for route {}->http://localhost:8085
20:46:24.486 [CreateStudentsDataDrivenTest-1-thread-16] DEBUG o.a.h.i.c.DefaultClientConnectionOperator - Connecting to localhost:8085
20:46:24.487 [CreateStudentsDataDrivenTest-1-thread-16] DEBUG o.a.h.c.protocol.RequestAddCookies - CookieSpec selected: ignoreCookies
20:46:24.487 [CreateStudentsDataDrivenTest-1-thread-16] DEBUG o.a.h.c.protocol.RequestAuthCache - Auth cache not set in the context
20:46:24.487 [CreateStudentsDataDrivenTest-1-thread-16] DEBUG o.a.h.c.p.RequestTargetAuthentication - Target auth state: UNCHALLENGED
20:46:24.487 [CreateStudentsDataDrivenTest-1-thread-16] DEBUG o.a.h.c.p.RequestProxyAuthentication - Proxy auth state: UNCHALLENGED
20:46:24.487 [CreateStudentsDataDrivenTest-1-thread-16] DEBUG o.a.h.impl.client.DefaultHttpClient - Attempt 1 to execute request
20:46:24.487 [CreateStudentsDataDrivenTest-1-thread-16] DEBUG o.a.h.i.conn.DefaultClientConnection - Sending request: POST /student HTTP/1.1
20:46:24.487 [CreateStudentsDataDrivenTest-1-thread-16] DEBUG org.apache.http.wire -  >> "POST /student HTTP/1.1[\r][\n]"
20:46:24.487 [CreateStudentsDataDrivenTest-1-thread-16] DEBUG org.apache.http.wire -  >> "Accept: */*[\r][\n]"
20:46:24.487 [CreateStudentsDataDrivenTest-1-thread-16] DEBUG org.apache.http.wire -  >> "Content-Type: application/json; charset=UTF-8[\r][\n]"
20:46:24.487 [CreateStudentsDataDrivenTest-1-thread-16] DEBUG org.apache.http.wire -  >> "Content-Length: 139[\r][\n]"
20:46:24.487 [CreateStudentsDataDrivenTest-1-thread-16] DEBUG org.apache.http.wire -  >> "Host: localhost:8085[\r][\n]"
20:46:24.487 [CreateStudentsDataDrivenTest-1-thread-16] DEBUG org.apache.http.wire -  >> "Connection: Keep-Alive[\r][\n]"
20:46:24.487 [CreateStudentsDataDrivenTest-1-thread-16] DEBUG org.apache.http.wire -  >> "User-Agent: Apache-HttpClient/4.5.13 (Java/11.0.20)[\r][\n]"
20:46:24.487 [CreateStudentsDataDrivenTest-1-thread-16] DEBUG org.apache.http.wire -  >> "Accept-Encoding: gzip,deflate[\r][\n]"
20:46:24.487 [CreateStudentsDataDrivenTest-1-thread-16] DEBUG org.apache.http.wire -  >> "[\r][\n]"
20:46:24.487 [CreateStudentsDataDrivenTest-1-thread-16] DEBUG org.apache.http.headers - >> POST /student HTTP/1.1
20:46:24.487 [CreateStudentsDataDrivenTest-1-thread-16] DEBUG org.apache.http.headers - >> Accept: */*
20:46:24.487 [CreateStudentsDataDrivenTest-1-thread-16] DEBUG org.apache.http.headers - >> Content-Type: application/json; charset=UTF-8
20:46:24.487 [CreateStudentsDataDrivenTest-1-thread-16] DEBUG org.apache.http.headers - >> Content-Length: 139
20:46:24.487 [CreateStudentsDataDrivenTest-1-thread-16] DEBUG org.apache.http.headers - >> Host: localhost:8085
20:46:24.487 [CreateStudentsDataDrivenTest-1-thread-16] DEBUG org.apache.http.headers - >> Connection: Keep-Alive
20:46:24.487 [CreateStudentsDataDrivenTest-1-thread-16] DEBUG org.apache.http.headers - >> User-Agent: Apache-HttpClient/4.5.13 (Java/11.0.20)
20:46:24.487 [CreateStudentsDataDrivenTest-1-thread-16] DEBUG org.apache.http.headers - >> Accept-Encoding: gzip,deflate
20:46:24.487 [CreateStudentsDataDrivenTest-1-thread-16] DEBUG org.apache.http.wire -  >> "{"id":0,"firstName":"Ardenia","lastName":"MacPhaden","email":"amacphaden2e@washingtonpost.com","programme":"Electrical","courses":["java"]}"
20:46:24.513 [CreateStudentsDataDrivenTest-1-thread-10] DEBUG org.apache.http.wire -  << "HTTP/1.1 500 [\r][\n]"
20:46:24.513 [CreateStudentsDataDrivenTest-1-thread-10] DEBUG org.apache.http.wire -  << "Content-Type: application/json;charset=UTF-8[\r][\n]"
20:46:24.513 [CreateStudentsDataDrivenTest-1-thread-10] DEBUG org.apache.http.wire -  << "Transfer-Encoding: chunked[\r][\n]"
20:46:24.513 [CreateStudentsDataDrivenTest-1-thread-10] DEBUG org.apache.http.wire -  << "Date: Thu, 23 Nov 2023 15:16:24 GMT[\r][\n]"
20:46:24.513 [CreateStudentsDataDrivenTest-1-thread-10] DEBUG org.apache.http.wire -  << "Connection: close[\r][\n]"
20:46:24.513 [CreateStudentsDataDrivenTest-1-thread-10] DEBUG org.apache.http.wire -  << "[\r][\n]"
20:46:24.513 [CreateStudentsDataDrivenTest-1-thread-10] DEBUG o.a.h.i.conn.DefaultClientConnection - Receiving response: HTTP/1.1 500 
20:46:24.513 [CreateStudentsDataDrivenTest-1-thread-10] DEBUG org.apache.http.headers - << HTTP/1.1 500 
20:46:24.513 [CreateStudentsDataDrivenTest-1-thread-10] DEBUG org.apache.http.headers - << Content-Type: application/json;charset=UTF-8
20:46:24.513 [CreateStudentsDataDrivenTest-1-thread-10] DEBUG org.apache.http.headers - << Transfer-Encoding: chunked
20:46:24.513 [CreateStudentsDataDrivenTest-1-thread-10] DEBUG org.apache.http.headers - << Date: Thu, 23 Nov 2023 15:16:24 GMT
20:46:24.513 [CreateStudentsDataDrivenTest-1-thread-10] DEBUG org.apache.http.headers - << Connection: close
20:46:24.514 [CreateStudentsDataDrivenTest-1-thread-10] DEBUG i.r.i.RequestSpecificationImpl$RestAssuredHttpBuilder - Parsing response as: application/json;charset=UTF-8
20:46:24.514 [CreateStudentsDataDrivenTest-1-thread-10] DEBUG i.r.i.RequestSpecificationImpl$RestAssuredHttpBuilder - Parsed data to instance of: class org.apache.http.conn.EofSensorInputStream
20:46:24.515 [CreateStudentsDataDrivenTest-1-thread-10] DEBUG org.apache.http.wire -  << "28[\r][\n]"
20:46:24.515 [CreateStudentsDataDrivenTest-1-thread-10] DEBUG org.apache.http.wire -  << "{"error":"Email address already exists"}"
20:46:24.515 [CreateStudentsDataDrivenTest-1-thread-10] DEBUG org.apache.http.wire -  << "[\r][\n]"
20:46:24.515 [CreateStudentsDataDrivenTest-1-thread-10] DEBUG org.apache.http.wire -  << "0[\r][\n]"
20:46:24.515 [CreateStudentsDataDrivenTest-1-thread-10] DEBUG org.apache.http.wire -  << "[\r][\n]"
20:46:24.515 [CreateStudentsDataDrivenTest-1-thread-10] DEBUG o.a.h.i.c.BasicClientConnectionManager - Releasing connection org.apache.http.impl.conn.ManagedClientConnectionImpl@266d4ea
20:46:24.515 [CreateStudentsDataDrivenTest-1-thread-10] DEBUG o.a.h.i.conn.DefaultClientConnection - Connection 0.0.0.0:54682<->127.0.0.1:8085 shut down
20:46:24.520 [CreateStudentsDataDrivenTest-1-thread-10] DEBUG n.t.core.steps.StepInterceptor - STEP DONE: Creating student with FirstName: {0}, LastName: {1}, Email: {2}, Programme: {3}, Courses: {4}
]]></system-out>
  </testcase>
  <testcase name="createMultipleStudents" classname="com.studentapplication.junit.studentsinfo.CreateStudentsDataDrivenTest" time="0.984">
    <system-out><![CDATA[20:46:24.526 [CreateStudentsDataDrivenTest-1-thread-10] DEBUG n.thucydides.core.steps.StepEventBus - Test suite started for class com.studentapplication.junit.studentsinfo.CreateStudentsDataDrivenTest
20:46:24.526 [CreateStudentsDataDrivenTest-1-thread-10] INFO   - Test Suite Started: Create students data driven test
20:46:24.526 [CreateStudentsDataDrivenTest-1-thread-10] DEBUG n.s.j.SerenityTestExecutionListener - Thread[CreateStudentsDataDrivenTest-1-thread-10,5,CreateStudentsDataDrivenTest-1] Test started TestIdentifier [uniqueId = [engine:junit-vintage]/[runner:com.studentapplication.junit.studentsinfo.CreateStudentsDataDrivenTest]/[test:com.studentapplication.junit.studentsinfo.CreateStudentsDataDrivenTest%5B87%5D]/[test:createMultipleStudents%5B87%5D(com.studentapplication.junit.studentsinfo.CreateStudentsDataDrivenTest)], parentId = [engine:junit-vintage]/[runner:com.studentapplication.junit.studentsinfo.CreateStudentsDataDrivenTest]/[test:com.studentapplication.junit.studentsinfo.CreateStudentsDataDrivenTest%5B87%5D], displayName = 'createMultipleStudents[87]', legacyReportingName = 'createMultipleStudents[87]', source = MethodSource [className = 'com.studentapplication.junit.studentsinfo.CreateStudentsDataDrivenTest', methodName = 'createMultipleStudents', methodParameterTypes = ''], tags = [], type = TEST]
20:46:24.526 [CreateStudentsDataDrivenTest-1-thread-10] INFO   - 
  _____   ___   ___   _____     ___   _____     _     ___   _____   ___   ___  
 |_   _| | __| / __| |_   _|   / __| |_   _|   /_\   | _ \ |_   _| | __| |   \ 
   | |   | _|  \__ \   | |     \__ \   | |    / _ \  |   /   | |   | _|  | |) |
   |_|   |___| |___/   |_|     |___/   |_|   /_/ \_\ |_|_\   |_|   |___| |___/ 

createMultipleStudents
--------------------------------------------------------------------------------
20:46:24.527 [CreateStudentsDataDrivenTest-1-thread-10] INFO   - 
  _____   ___   ___   _____     ___   _____     _     ___   _____   ___   ___  
 |_   _| | __| / __| |_   _|   / __| |_   _|   /_\   | _ \ |_   _| | __| |   \ 
   | |   | _|  \__ \   | |     \__ \   | |    / _ \  |   /   | |   | _|  | |) |
   |_|   |___| |___/   |_|     |___/   |_|   /_/ \_\ |_|_\   |_|   |___| |___/ 

createMultipleStudents[87]
--------------------------------------------------------------------------------
20:46:24.533 [CreateStudentsDataDrivenTest-1-thread-10] DEBUG n.t.core.steps.StepInterceptor - STARTING STEP: CreateStudentsDataDrivenTest.createMultipleStudents - Creating student with FirstName: {0}, LastName: {1}, Email: {2}, Programme: {3}, Courses: {4}
20:46:24.543 [CreateStudentsDataDrivenTest-1-thread-10] DEBUG o.a.h.i.c.BasicClientConnectionManager - Get connection for route {}->http://localhost:8085
20:46:24.543 [CreateStudentsDataDrivenTest-1-thread-10] DEBUG o.a.h.i.c.DefaultClientConnectionOperator - Connecting to localhost:8085
20:46:24.544 [CreateStudentsDataDrivenTest-1-thread-10] DEBUG o.a.h.c.protocol.RequestAddCookies - CookieSpec selected: ignoreCookies
20:46:24.544 [CreateStudentsDataDrivenTest-1-thread-10] DEBUG o.a.h.c.protocol.RequestAuthCache - Auth cache not set in the context
20:46:24.544 [CreateStudentsDataDrivenTest-1-thread-10] DEBUG o.a.h.c.p.RequestTargetAuthentication - Target auth state: UNCHALLENGED
20:46:24.546 [CreateStudentsDataDrivenTest-1-thread-10] DEBUG o.a.h.c.p.RequestProxyAuthentication - Proxy auth state: UNCHALLENGED
20:46:24.546 [CreateStudentsDataDrivenTest-1-thread-10] DEBUG o.a.h.impl.client.DefaultHttpClient - Attempt 1 to execute request
20:46:24.546 [CreateStudentsDataDrivenTest-1-thread-10] DEBUG o.a.h.i.conn.DefaultClientConnection - Sending request: POST /student HTTP/1.1
20:46:24.546 [CreateStudentsDataDrivenTest-1-thread-10] DEBUG org.apache.http.wire -  >> "POST /student HTTP/1.1[\r][\n]"
20:46:24.546 [CreateStudentsDataDrivenTest-1-thread-10] DEBUG org.apache.http.wire -  >> "Accept: */*[\r][\n]"
20:46:24.546 [CreateStudentsDataDrivenTest-1-thread-10] DEBUG org.apache.http.wire -  >> "Content-Type: application/json; charset=UTF-8[\r][\n]"
20:46:24.546 [CreateStudentsDataDrivenTest-1-thread-10] DEBUG org.apache.http.wire -  >> "Content-Length: 123[\r][\n]"
20:46:24.546 [CreateStudentsDataDrivenTest-1-thread-10] DEBUG org.apache.http.wire -  >> "Host: localhost:8085[\r][\n]"
20:46:24.546 [CreateStudentsDataDrivenTest-1-thread-10] DEBUG org.apache.http.wire -  >> "Connection: Keep-Alive[\r][\n]"
20:46:24.546 [CreateStudentsDataDrivenTest-1-thread-10] DEBUG org.apache.http.wire -  >> "User-Agent: Apache-HttpClient/4.5.13 (Java/11.0.20)[\r][\n]"
20:46:24.546 [CreateStudentsDataDrivenTest-1-thread-10] DEBUG org.apache.http.wire -  >> "Accept-Encoding: gzip,deflate[\r][\n]"
20:46:24.546 [CreateStudentsDataDrivenTest-1-thread-10] DEBUG org.apache.http.wire -  >> "[\r][\n]"
20:46:24.546 [CreateStudentsDataDrivenTest-1-thread-10] DEBUG org.apache.http.headers - >> POST /student HTTP/1.1
20:46:24.546 [CreateStudentsDataDrivenTest-1-thread-10] DEBUG org.apache.http.headers - >> Accept: */*
20:46:24.546 [CreateStudentsDataDrivenTest-1-thread-10] DEBUG org.apache.http.headers - >> Content-Type: application/json; charset=UTF-8
20:46:24.546 [CreateStudentsDataDrivenTest-1-thread-10] DEBUG org.apache.http.headers - >> Content-Length: 123
20:46:24.546 [CreateStudentsDataDrivenTest-1-thread-10] DEBUG org.apache.http.headers - >> Host: localhost:8085
20:46:24.546 [CreateStudentsDataDrivenTest-1-thread-10] DEBUG org.apache.http.headers - >> Connection: Keep-Alive
20:46:24.546 [CreateStudentsDataDrivenTest-1-thread-10] DEBUG org.apache.http.headers - >> User-Agent: Apache-HttpClient/4.5.13 (Java/11.0.20)
20:46:24.546 [CreateStudentsDataDrivenTest-1-thread-10] DEBUG org.apache.http.headers - >> Accept-Encoding: gzip,deflate
20:46:24.546 [CreateStudentsDataDrivenTest-1-thread-10] DEBUG org.apache.http.wire -  >> "{"id":0,"firstName":"Izabel","lastName":"Fust","email":"ifust2f@instagram.com","programme":"Electrical","courses":["java"]}"
20:46:24.551 [CreateStudentsDataDrivenTest-1-thread-3] DEBUG org.apache.http.wire -  << "HTTP/1.1 500 [\r][\n]"
20:46:24.551 [CreateStudentsDataDrivenTest-1-thread-3] DEBUG org.apache.http.wire -  << "Content-Type: application/json;charset=UTF-8[\r][\n]"
20:46:24.551 [CreateStudentsDataDrivenTest-1-thread-3] DEBUG org.apache.http.wire -  << "Transfer-Encoding: chunked[\r][\n]"
20:46:24.551 [CreateStudentsDataDrivenTest-1-thread-3] DEBUG org.apache.http.wire -  << "Date: Thu, 23 Nov 2023 15:16:24 GMT[\r][\n]"
20:46:24.551 [CreateStudentsDataDrivenTest-1-thread-3] DEBUG org.apache.http.wire -  << "Connection: close[\r][\n]"
20:46:24.551 [CreateStudentsDataDrivenTest-1-thread-3] DEBUG org.apache.http.wire -  << "[\r][\n]"
20:46:24.551 [CreateStudentsDataDrivenTest-1-thread-3] DEBUG o.a.h.i.conn.DefaultClientConnection - Receiving response: HTTP/1.1 500 
20:46:24.551 [CreateStudentsDataDrivenTest-1-thread-3] DEBUG org.apache.http.headers - << HTTP/1.1 500 
20:46:24.551 [CreateStudentsDataDrivenTest-1-thread-3] DEBUG org.apache.http.headers - << Content-Type: application/json;charset=UTF-8
20:46:24.551 [CreateStudentsDataDrivenTest-1-thread-3] DEBUG org.apache.http.headers - << Transfer-Encoding: chunked
20:46:24.551 [CreateStudentsDataDrivenTest-1-thread-3] DEBUG org.apache.http.headers - << Date: Thu, 23 Nov 2023 15:16:24 GMT
20:46:24.551 [CreateStudentsDataDrivenTest-1-thread-3] DEBUG org.apache.http.headers - << Connection: close
20:46:24.551 [CreateStudentsDataDrivenTest-1-thread-3] DEBUG i.r.i.RequestSpecificationImpl$RestAssuredHttpBuilder - Parsing response as: application/json;charset=UTF-8
20:46:24.551 [CreateStudentsDataDrivenTest-1-thread-3] DEBUG i.r.i.RequestSpecificationImpl$RestAssuredHttpBuilder - Parsed data to instance of: class org.apache.http.conn.EofSensorInputStream
20:46:24.552 [CreateStudentsDataDrivenTest-1-thread-3] DEBUG org.apache.http.wire -  << "28[\r][\n]"
20:46:24.552 [CreateStudentsDataDrivenTest-1-thread-3] DEBUG org.apache.http.wire -  << "{"error":"Email address already exists"}"
20:46:24.552 [CreateStudentsDataDrivenTest-1-thread-3] DEBUG org.apache.http.wire -  << "[\r][\n]"
20:46:24.573 [CreateStudentsDataDrivenTest-1-thread-3] DEBUG org.apache.http.wire -  << "0[\r][\n]"
20:46:24.573 [CreateStudentsDataDrivenTest-1-thread-3] DEBUG org.apache.http.wire -  << "[\r][\n]"
20:46:24.573 [CreateStudentsDataDrivenTest-1-thread-3] DEBUG o.a.h.i.c.BasicClientConnectionManager - Releasing connection org.apache.http.impl.conn.ManagedClientConnectionImpl@7cddb2a8
20:46:24.573 [CreateStudentsDataDrivenTest-1-thread-3] DEBUG o.a.h.i.conn.DefaultClientConnection - Connection 0.0.0.0:54683<->127.0.0.1:8085 shut down
20:46:24.577 [CreateStudentsDataDrivenTest-1-thread-3] DEBUG n.t.core.steps.StepInterceptor - STEP DONE: Creating student with FirstName: {0}, LastName: {1}, Email: {2}, Programme: {3}, Courses: {4}
]]></system-out>
  </testcase>
  <testcase name="createMultipleStudents" classname="com.studentapplication.junit.studentsinfo.CreateStudentsDataDrivenTest" time="0.771">
    <system-out><![CDATA[20:46:24.587 [CreateStudentsDataDrivenTest-1-thread-3] DEBUG n.thucydides.core.steps.StepEventBus - Test suite started for class com.studentapplication.junit.studentsinfo.CreateStudentsDataDrivenTest
20:46:24.587 [CreateStudentsDataDrivenTest-1-thread-3] INFO   - Test Suite Started: Create students data driven test
20:46:24.587 [CreateStudentsDataDrivenTest-1-thread-3] DEBUG n.s.j.SerenityTestExecutionListener - Thread[CreateStudentsDataDrivenTest-1-thread-3,5,CreateStudentsDataDrivenTest-1] Test started TestIdentifier [uniqueId = [engine:junit-vintage]/[runner:com.studentapplication.junit.studentsinfo.CreateStudentsDataDrivenTest]/[test:com.studentapplication.junit.studentsinfo.CreateStudentsDataDrivenTest%5B88%5D]/[test:createMultipleStudents%5B88%5D(com.studentapplication.junit.studentsinfo.CreateStudentsDataDrivenTest)], parentId = [engine:junit-vintage]/[runner:com.studentapplication.junit.studentsinfo.CreateStudentsDataDrivenTest]/[test:com.studentapplication.junit.studentsinfo.CreateStudentsDataDrivenTest%5B88%5D], displayName = 'createMultipleStudents[88]', legacyReportingName = 'createMultipleStudents[88]', source = MethodSource [className = 'com.studentapplication.junit.studentsinfo.CreateStudentsDataDrivenTest', methodName = 'createMultipleStudents', methodParameterTypes = ''], tags = [], type = TEST]
20:46:24.588 [CreateStudentsDataDrivenTest-1-thread-3] INFO   - 
  _____   ___   ___   _____     ___   _____     _     ___   _____   ___   ___  
 |_   _| | __| / __| |_   _|   / __| |_   _|   /_\   | _ \ |_   _| | __| |   \ 
   | |   | _|  \__ \   | |     \__ \   | |    / _ \  |   /   | |   | _|  | |) |
   |_|   |___| |___/   |_|     |___/   |_|   /_/ \_\ |_|_\   |_|   |___| |___/ 

createMultipleStudents
--------------------------------------------------------------------------------
20:46:24.589 [CreateStudentsDataDrivenTest-1-thread-3] INFO   - 
  _____   ___   ___   _____     ___   _____     _     ___   _____   ___   ___  
 |_   _| | __| / __| |_   _|   / __| |_   _|   /_\   | _ \ |_   _| | __| |   \ 
   | |   | _|  \__ \   | |     \__ \   | |    / _ \  |   /   | |   | _|  | |) |
   |_|   |___| |___/   |_|     |___/   |_|   /_/ \_\ |_|_\   |_|   |___| |___/ 

createMultipleStudents[88]
--------------------------------------------------------------------------------
20:46:24.595 [CreateStudentsDataDrivenTest-1-thread-3] DEBUG n.t.core.steps.StepInterceptor - STARTING STEP: CreateStudentsDataDrivenTest.createMultipleStudents - Creating student with FirstName: {0}, LastName: {1}, Email: {2}, Programme: {3}, Courses: {4}
20:46:24.601 [CreateStudentsDataDrivenTest-1-thread-3] DEBUG o.a.h.i.c.BasicClientConnectionManager - Get connection for route {}->http://localhost:8085
20:46:24.602 [CreateStudentsDataDrivenTest-1-thread-3] DEBUG o.a.h.i.c.DefaultClientConnectionOperator - Connecting to localhost:8085
20:46:24.602 [CreateStudentsDataDrivenTest-1-thread-3] DEBUG o.a.h.c.protocol.RequestAddCookies - CookieSpec selected: ignoreCookies
20:46:24.602 [CreateStudentsDataDrivenTest-1-thread-3] DEBUG o.a.h.c.protocol.RequestAuthCache - Auth cache not set in the context
20:46:24.602 [CreateStudentsDataDrivenTest-1-thread-3] DEBUG o.a.h.c.p.RequestTargetAuthentication - Target auth state: UNCHALLENGED
20:46:24.602 [CreateStudentsDataDrivenTest-1-thread-3] DEBUG o.a.h.c.p.RequestProxyAuthentication - Proxy auth state: UNCHALLENGED
20:46:24.602 [CreateStudentsDataDrivenTest-1-thread-3] DEBUG o.a.h.impl.client.DefaultHttpClient - Attempt 1 to execute request
20:46:24.602 [CreateStudentsDataDrivenTest-1-thread-3] DEBUG o.a.h.i.conn.DefaultClientConnection - Sending request: POST /student HTTP/1.1
20:46:24.602 [CreateStudentsDataDrivenTest-1-thread-3] DEBUG org.apache.http.wire -  >> "POST /student HTTP/1.1[\r][\n]"
20:46:24.602 [CreateStudentsDataDrivenTest-1-thread-3] DEBUG org.apache.http.wire -  >> "Accept: */*[\r][\n]"
20:46:24.602 [CreateStudentsDataDrivenTest-1-thread-3] DEBUG org.apache.http.wire -  >> "Content-Type: application/json; charset=UTF-8[\r][\n]"
20:46:24.602 [CreateStudentsDataDrivenTest-1-thread-3] DEBUG org.apache.http.wire -  >> "Content-Length: 148[\r][\n]"
20:46:24.602 [CreateStudentsDataDrivenTest-1-thread-3] DEBUG org.apache.http.wire -  >> "Host: localhost:8085[\r][\n]"
20:46:24.602 [CreateStudentsDataDrivenTest-1-thread-3] DEBUG org.apache.http.wire -  >> "Connection: Keep-Alive[\r][\n]"
20:46:24.602 [CreateStudentsDataDrivenTest-1-thread-3] DEBUG org.apache.http.wire -  >> "User-Agent: Apache-HttpClient/4.5.13 (Java/11.0.20)[\r][\n]"
20:46:24.602 [CreateStudentsDataDrivenTest-1-thread-3] DEBUG org.apache.http.wire -  >> "Accept-Encoding: gzip,deflate[\r][\n]"
20:46:24.602 [CreateStudentsDataDrivenTest-1-thread-3] DEBUG org.apache.http.wire -  >> "[\r][\n]"
20:46:24.602 [CreateStudentsDataDrivenTest-1-thread-3] DEBUG org.apache.http.headers - >> POST /student HTTP/1.1
20:46:24.602 [CreateStudentsDataDrivenTest-1-thread-3] DEBUG org.apache.http.headers - >> Accept: */*
20:46:24.602 [CreateStudentsDataDrivenTest-1-thread-3] DEBUG org.apache.http.headers - >> Content-Type: application/json; charset=UTF-8
20:46:24.602 [CreateStudentsDataDrivenTest-1-thread-3] DEBUG org.apache.http.headers - >> Content-Length: 148
20:46:24.602 [CreateStudentsDataDrivenTest-1-thread-3] DEBUG org.apache.http.headers - >> Host: localhost:8085
20:46:24.602 [CreateStudentsDataDrivenTest-1-thread-3] DEBUG org.apache.http.headers - >> Connection: Keep-Alive
20:46:24.602 [CreateStudentsDataDrivenTest-1-thread-3] DEBUG org.apache.http.headers - >> User-Agent: Apache-HttpClient/4.5.13 (Java/11.0.20)
20:46:24.602 [CreateStudentsDataDrivenTest-1-thread-3] DEBUG org.apache.http.headers - >> Accept-Encoding: gzip,deflate
20:46:24.602 [CreateStudentsDataDrivenTest-1-thread-3] DEBUG org.apache.http.wire -  >> "{"id":0,"firstName":"Maryellen","lastName":"Rosentholer","email":"mrosentholer2g@pagesperso-orange.fr","programme":"Electrical","courses":["scala"]}"
20:46:24.608 [CreateStudentsDataDrivenTest-1-thread-4] DEBUG org.apache.http.wire -  << "HTTP/1.1 500 [\r][\n]"
20:46:24.609 [CreateStudentsDataDrivenTest-1-thread-4] DEBUG org.apache.http.wire -  << "Content-Type: application/json;charset=UTF-8[\r][\n]"
20:46:24.609 [CreateStudentsDataDrivenTest-1-thread-4] DEBUG org.apache.http.wire -  << "Transfer-Encoding: chunked[\r][\n]"
20:46:24.609 [CreateStudentsDataDrivenTest-1-thread-4] DEBUG org.apache.http.wire -  << "Date: Thu, 23 Nov 2023 15:16:24 GMT[\r][\n]"
20:46:24.609 [CreateStudentsDataDrivenTest-1-thread-4] DEBUG org.apache.http.wire -  << "Connection: close[\r][\n]"
20:46:24.609 [CreateStudentsDataDrivenTest-1-thread-4] DEBUG org.apache.http.wire -  << "[\r][\n]"
20:46:24.609 [CreateStudentsDataDrivenTest-1-thread-4] DEBUG o.a.h.i.conn.DefaultClientConnection - Receiving response: HTTP/1.1 500 
20:46:24.609 [CreateStudentsDataDrivenTest-1-thread-4] DEBUG org.apache.http.headers - << HTTP/1.1 500 
20:46:24.609 [CreateStudentsDataDrivenTest-1-thread-4] DEBUG org.apache.http.headers - << Content-Type: application/json;charset=UTF-8
20:46:24.609 [CreateStudentsDataDrivenTest-1-thread-4] DEBUG org.apache.http.headers - << Transfer-Encoding: chunked
20:46:24.609 [CreateStudentsDataDrivenTest-1-thread-4] DEBUG org.apache.http.headers - << Date: Thu, 23 Nov 2023 15:16:24 GMT
20:46:24.609 [CreateStudentsDataDrivenTest-1-thread-4] DEBUG org.apache.http.headers - << Connection: close
20:46:24.609 [CreateStudentsDataDrivenTest-1-thread-4] DEBUG i.r.i.RequestSpecificationImpl$RestAssuredHttpBuilder - Parsing response as: application/json;charset=UTF-8
20:46:24.609 [CreateStudentsDataDrivenTest-1-thread-4] DEBUG i.r.i.RequestSpecificationImpl$RestAssuredHttpBuilder - Parsed data to instance of: class org.apache.http.conn.EofSensorInputStream
20:46:24.610 [CreateStudentsDataDrivenTest-1-thread-4] DEBUG org.apache.http.wire -  << "28[\r][\n]"
20:46:24.610 [CreateStudentsDataDrivenTest-1-thread-4] DEBUG org.apache.http.wire -  << "{"error":"Email address already exists"}"
20:46:24.610 [CreateStudentsDataDrivenTest-1-thread-4] DEBUG org.apache.http.wire -  << "[\r][\n]"
20:46:24.610 [CreateStudentsDataDrivenTest-1-thread-4] DEBUG org.apache.http.wire -  << "0[\r][\n]"
20:46:24.610 [CreateStudentsDataDrivenTest-1-thread-4] DEBUG org.apache.http.wire -  << "[\r][\n]"
20:46:24.610 [CreateStudentsDataDrivenTest-1-thread-4] DEBUG o.a.h.i.c.BasicClientConnectionManager - Releasing connection org.apache.http.impl.conn.ManagedClientConnectionImpl@3ff2769c
20:46:24.610 [CreateStudentsDataDrivenTest-1-thread-4] DEBUG o.a.h.i.conn.DefaultClientConnection - Connection 0.0.0.0:54685<->127.0.0.1:8085 shut down
20:46:24.615 [CreateStudentsDataDrivenTest-1-thread-4] DEBUG n.t.core.steps.StepInterceptor - STEP DONE: Creating student with FirstName: {0}, LastName: {1}, Email: {2}, Programme: {3}, Courses: {4}
20:46:24.615 [CreateStudentsDataDrivenTest-1-thread-13] DEBUG org.apache.http.wire -  << "HTTP/1.1 500 [\r][\n]"
20:46:24.615 [CreateStudentsDataDrivenTest-1-thread-13] DEBUG org.apache.http.wire -  << "Content-Type: application/json;charset=UTF-8[\r][\n]"
20:46:24.615 [CreateStudentsDataDrivenTest-1-thread-13] DEBUG org.apache.http.wire -  << "Transfer-Encoding: chunked[\r][\n]"
20:46:24.615 [CreateStudentsDataDrivenTest-1-thread-13] DEBUG org.apache.http.wire -  << "Date: Thu, 23 Nov 2023 15:16:24 GMT[\r][\n]"
20:46:24.615 [CreateStudentsDataDrivenTest-1-thread-13] DEBUG org.apache.http.wire -  << "Connection: close[\r][\n]"
20:46:24.615 [CreateStudentsDataDrivenTest-1-thread-13] DEBUG org.apache.http.wire -  << "[\r][\n]"
20:46:24.615 [CreateStudentsDataDrivenTest-1-thread-13] DEBUG o.a.h.i.conn.DefaultClientConnection - Receiving response: HTTP/1.1 500 
20:46:24.615 [CreateStudentsDataDrivenTest-1-thread-13] DEBUG org.apache.http.headers - << HTTP/1.1 500 
20:46:24.615 [CreateStudentsDataDrivenTest-1-thread-13] DEBUG org.apache.http.headers - << Content-Type: application/json;charset=UTF-8
20:46:24.615 [CreateStudentsDataDrivenTest-1-thread-13] DEBUG org.apache.http.headers - << Transfer-Encoding: chunked
20:46:24.615 [CreateStudentsDataDrivenTest-1-thread-13] DEBUG org.apache.http.headers - << Date: Thu, 23 Nov 2023 15:16:24 GMT
20:46:24.615 [CreateStudentsDataDrivenTest-1-thread-13] DEBUG org.apache.http.headers - << Connection: close
]]></system-out>
  </testcase>
  <testcase name="createMultipleStudents" classname="com.studentapplication.junit.studentsinfo.CreateStudentsDataDrivenTest" time="1.716">
    <system-out><![CDATA[20:46:24.620 [CreateStudentsDataDrivenTest-1-thread-4] DEBUG n.thucydides.core.steps.StepEventBus - Test suite started for class com.studentapplication.junit.studentsinfo.CreateStudentsDataDrivenTest
20:46:24.620 [CreateStudentsDataDrivenTest-1-thread-4] INFO   - Test Suite Started: Create students data driven test
20:46:24.620 [CreateStudentsDataDrivenTest-1-thread-4] DEBUG n.s.j.SerenityTestExecutionListener - Thread[CreateStudentsDataDrivenTest-1-thread-4,5,CreateStudentsDataDrivenTest-1] Test started TestIdentifier [uniqueId = [engine:junit-vintage]/[runner:com.studentapplication.junit.studentsinfo.CreateStudentsDataDrivenTest]/[test:com.studentapplication.junit.studentsinfo.CreateStudentsDataDrivenTest%5B89%5D]/[test:createMultipleStudents%5B89%5D(com.studentapplication.junit.studentsinfo.CreateStudentsDataDrivenTest)], parentId = [engine:junit-vintage]/[runner:com.studentapplication.junit.studentsinfo.CreateStudentsDataDrivenTest]/[test:com.studentapplication.junit.studentsinfo.CreateStudentsDataDrivenTest%5B89%5D], displayName = 'createMultipleStudents[89]', legacyReportingName = 'createMultipleStudents[89]', source = MethodSource [className = 'com.studentapplication.junit.studentsinfo.CreateStudentsDataDrivenTest', methodName = 'createMultipleStudents', methodParameterTypes = ''], tags = [], type = TEST]
20:46:24.620 [CreateStudentsDataDrivenTest-1-thread-4] INFO   - 
  _____   ___   ___   _____     ___   _____     _     ___   _____   ___   ___  
 |_   _| | __| / __| |_   _|   / __| |_   _|   /_\   | _ \ |_   _| | __| |   \ 
   | |   | _|  \__ \   | |     \__ \   | |    / _ \  |   /   | |   | _|  | |) |
   |_|   |___| |___/   |_|     |___/   |_|   /_/ \_\ |_|_\   |_|   |___| |___/ 

createMultipleStudents
--------------------------------------------------------------------------------
20:46:24.620 [CreateStudentsDataDrivenTest-1-thread-13] DEBUG n.t.core.steps.StepInterceptor - STEP DONE: Creating student with FirstName: {0}, LastName: {1}, Email: {2}, Programme: {3}, Courses: {4}
20:46:24.621 [CreateStudentsDataDrivenTest-1-thread-4] INFO   - 
  _____   ___   ___   _____     ___   _____     _     ___   _____   ___   ___  
 |_   _| | __| / __| |_   _|   / __| |_   _|   /_\   | _ \ |_   _| | __| |   \ 
   | |   | _|  \__ \   | |     \__ \   | |    / _ \  |   /   | |   | _|  | |) |
   |_|   |___| |___/   |_|     |___/   |_|   /_/ \_\ |_|_\   |_|   |___| |___/ 

createMultipleStudents[89]
--------------------------------------------------------------------------------
20:46:24.622 [CreateStudentsDataDrivenTest-1-thread-11] DEBUG n.t.core.steps.StepInterceptor - STEP DONE: Creating student with FirstName: {0}, LastName: {1}, Email: {2}, Programme: {3}, Courses: {4}
]]></system-out>
  </testcase>
  <testcase name="createMultipleStudents" classname="com.studentapplication.junit.studentsinfo.CreateStudentsDataDrivenTest" time="1.379">
    <system-out><![CDATA[20:46:24.629 [CreateStudentsDataDrivenTest-1-thread-7] DEBUG org.apache.http.headers - << Transfer-Encoding: chunked
20:46:24.631 [CreateStudentsDataDrivenTest-1-thread-7] DEBUG org.apache.http.headers - << Date: Thu, 23 Nov 2023 15:16:24 GMT
20:46:24.631 [CreateStudentsDataDrivenTest-1-thread-7] DEBUG org.apache.http.headers - << Connection: close
20:46:24.632 [CreateStudentsDataDrivenTest-1-thread-7] DEBUG i.r.i.RequestSpecificationImpl$RestAssuredHttpBuilder - Parsing response as: application/json;charset=UTF-8
20:46:24.632 [CreateStudentsDataDrivenTest-1-thread-7] DEBUG i.r.i.RequestSpecificationImpl$RestAssuredHttpBuilder - Parsed data to instance of: class org.apache.http.conn.EofSensorInputStream
20:46:24.631 [CreateStudentsDataDrivenTest-1-thread-13] DEBUG n.thucydides.core.steps.StepEventBus - Test suite started for class com.studentapplication.junit.studentsinfo.CreateStudentsDataDrivenTest
20:46:24.632 [CreateStudentsDataDrivenTest-1-thread-13] INFO   - Test Suite Started: Create students data driven test
20:46:24.632 [CreateStudentsDataDrivenTest-1-thread-13] DEBUG n.s.j.SerenityTestExecutionListener - Thread[CreateStudentsDataDrivenTest-1-thread-13,5,CreateStudentsDataDrivenTest-1] Test started TestIdentifier [uniqueId = [engine:junit-vintage]/[runner:com.studentapplication.junit.studentsinfo.CreateStudentsDataDrivenTest]/[test:com.studentapplication.junit.studentsinfo.CreateStudentsDataDrivenTest%5B90%5D]/[test:createMultipleStudents%5B90%5D(com.studentapplication.junit.studentsinfo.CreateStudentsDataDrivenTest)], parentId = [engine:junit-vintage]/[runner:com.studentapplication.junit.studentsinfo.CreateStudentsDataDrivenTest]/[test:com.studentapplication.junit.studentsinfo.CreateStudentsDataDrivenTest%5B90%5D], displayName = 'createMultipleStudents[90]', legacyReportingName = 'createMultipleStudents[90]', source = MethodSource [className = 'com.studentapplication.junit.studentsinfo.CreateStudentsDataDrivenTest', methodName = 'createMultipleStudents', methodParameterTypes = ''], tags = [], type = TEST]
20:46:24.632 [CreateStudentsDataDrivenTest-1-thread-13] INFO   - 
  _____   ___   ___   _____     ___   _____     _     ___   _____   ___   ___  
 |_   _| | __| / __| |_   _|   / __| |_   _|   /_\   | _ \ |_   _| | __| |   \ 
   | |   | _|  \__ \   | |     \__ \   | |    / _ \  |   /   | |   | _|  | |) |
   |_|   |___| |___/   |_|     |___/   |_|   /_/ \_\ |_|_\   |_|   |___| |___/ 

createMultipleStudents
--------------------------------------------------------------------------------
20:46:24.633 [CreateStudentsDataDrivenTest-1-thread-13] INFO   - 
  _____   ___   ___   _____     ___   _____     _     ___   _____   ___   ___  
 |_   _| | __| / __| |_   _|   / __| |_   _|   /_\   | _ \ |_   _| | __| |   \ 
   | |   | _|  \__ \   | |     \__ \   | |    / _ \  |   /   | |   | _|  | |) |
   |_|   |___| |___/   |_|     |___/   |_|   /_/ \_\ |_|_\   |_|   |___| |___/ 

createMultipleStudents[90]
--------------------------------------------------------------------------------
20:46:24.635 [CreateStudentsDataDrivenTest-1-thread-7] DEBUG org.apache.http.wire -  << "28[\r][\n]"
20:46:24.636 [CreateStudentsDataDrivenTest-1-thread-7] DEBUG org.apache.http.wire -  << "{"error":"Email address already exists"}"
20:46:24.636 [CreateStudentsDataDrivenTest-1-thread-7] DEBUG org.apache.http.wire -  << "[\r][\n]"
]]></system-out>
  </testcase>
  <testcase name="createMultipleStudents" classname="com.studentapplication.junit.studentsinfo.CreateStudentsDataDrivenTest" time="0.232">
    <system-out><![CDATA[20:46:24.640 [CreateStudentsDataDrivenTest-1-thread-4] DEBUG o.a.h.i.c.BasicClientConnectionManager - Get connection for route {}->http://localhost:8085
20:46:24.643 [CreateStudentsDataDrivenTest-1-thread-4] DEBUG o.a.h.i.c.DefaultClientConnectionOperator - Connecting to localhost:8085
20:46:24.644 [CreateStudentsDataDrivenTest-1-thread-4] DEBUG o.a.h.c.protocol.RequestAddCookies - CookieSpec selected: ignoreCookies
20:46:24.644 [CreateStudentsDataDrivenTest-1-thread-4] DEBUG o.a.h.c.protocol.RequestAuthCache - Auth cache not set in the context
20:46:24.644 [CreateStudentsDataDrivenTest-1-thread-4] DEBUG o.a.h.c.p.RequestTargetAuthentication - Target auth state: UNCHALLENGED
20:46:24.644 [CreateStudentsDataDrivenTest-1-thread-4] DEBUG o.a.h.c.p.RequestProxyAuthentication - Proxy auth state: UNCHALLENGED
20:46:24.644 [CreateStudentsDataDrivenTest-1-thread-4] DEBUG o.a.h.impl.client.DefaultHttpClient - Attempt 1 to execute request
20:46:24.644 [CreateStudentsDataDrivenTest-1-thread-4] DEBUG o.a.h.i.conn.DefaultClientConnection - Sending request: POST /student HTTP/1.1
20:46:24.644 [CreateStudentsDataDrivenTest-1-thread-4] DEBUG org.apache.http.wire -  >> "POST /student HTTP/1.1[\r][\n]"
20:46:24.644 [CreateStudentsDataDrivenTest-1-thread-4] DEBUG org.apache.http.wire -  >> "Accept: */*[\r][\n]"
20:46:24.644 [CreateStudentsDataDrivenTest-1-thread-4] DEBUG org.apache.http.wire -  >> "Content-Type: application/json; charset=UTF-8[\r][\n]"
20:46:24.644 [CreateStudentsDataDrivenTest-1-thread-4] DEBUG org.apache.http.wire -  >> "Content-Length: 129[\r][\n]"
20:46:24.644 [CreateStudentsDataDrivenTest-1-thread-4] DEBUG org.apache.http.wire -  >> "Host: localhost:8085[\r][\n]"
20:46:24.644 [CreateStudentsDataDrivenTest-1-thread-4] DEBUG org.apache.http.wire -  >> "Connection: Keep-Alive[\r][\n]"
20:46:24.644 [CreateStudentsDataDrivenTest-1-thread-4] DEBUG org.apache.http.wire -  >> "User-Agent: Apache-HttpClient/4.5.13 (Java/11.0.20)[\r][\n]"
20:46:24.644 [CreateStudentsDataDrivenTest-1-thread-4] DEBUG org.apache.http.wire -  >> "Accept-Encoding: gzip,deflate[\r][\n]"
20:46:24.644 [CreateStudentsDataDrivenTest-1-thread-4] DEBUG org.apache.http.wire -  >> "[\r][\n]"
20:46:24.645 [CreateStudentsDataDrivenTest-1-thread-4] DEBUG org.apache.http.headers - >> POST /student HTTP/1.1
20:46:24.645 [CreateStudentsDataDrivenTest-1-thread-4] DEBUG org.apache.http.headers - >> Accept: */*
20:46:24.645 [CreateStudentsDataDrivenTest-1-thread-4] DEBUG org.apache.http.headers - >> Content-Type: application/json; charset=UTF-8
20:46:24.645 [CreateStudentsDataDrivenTest-1-thread-4] DEBUG org.apache.http.headers - >> Content-Length: 129
20:46:24.645 [CreateStudentsDataDrivenTest-1-thread-4] DEBUG org.apache.http.headers - >> Host: localhost:8085
20:46:24.645 [CreateStudentsDataDrivenTest-1-thread-4] DEBUG org.apache.http.headers - >> Connection: Keep-Alive
20:46:24.645 [CreateStudentsDataDrivenTest-1-thread-4] DEBUG org.apache.http.headers - >> User-Agent: Apache-HttpClient/4.5.13 (Java/11.0.20)
20:46:24.645 [CreateStudentsDataDrivenTest-1-thread-4] DEBUG org.apache.http.headers - >> Accept-Encoding: gzip,deflate
20:46:24.645 [CreateStudentsDataDrivenTest-1-thread-4] DEBUG org.apache.http.wire -  >> "{"id":0,"firstName":"Tobias","lastName":"Grandham","email":"tgrandham2h@google.com.hk","programme":"Electrical","courses":["c#"]}"
20:46:24.647 [CreateStudentsDataDrivenTest-1-thread-13] DEBUG o.a.h.i.c.BasicClientConnectionManager - Get connection for route {}->http://localhost:8085
20:46:24.647 [CreateStudentsDataDrivenTest-1-thread-13] DEBUG o.a.h.i.c.DefaultClientConnectionOperator - Connecting to localhost:8085
20:46:24.643 [CreateStudentsDataDrivenTest-1-thread-11] DEBUG n.thucydides.core.steps.StepEventBus - Test suite started for class com.studentapplication.junit.studentsinfo.CreateStudentsDataDrivenTest
20:46:24.648 [CreateStudentsDataDrivenTest-1-thread-13] DEBUG o.a.h.c.protocol.RequestAddCookies - CookieSpec selected: ignoreCookies
20:46:24.648 [CreateStudentsDataDrivenTest-1-thread-11] INFO   - Test Suite Started: Create students data driven test
20:46:24.648 [CreateStudentsDataDrivenTest-1-thread-13] DEBUG o.a.h.c.protocol.RequestAuthCache - Auth cache not set in the context
20:46:24.648 [CreateStudentsDataDrivenTest-1-thread-13] DEBUG o.a.h.c.p.RequestTargetAuthentication - Target auth state: UNCHALLENGED
20:46:24.648 [CreateStudentsDataDrivenTest-1-thread-13] DEBUG o.a.h.c.p.RequestProxyAuthentication - Proxy auth state: UNCHALLENGED
20:46:24.648 [CreateStudentsDataDrivenTest-1-thread-13] DEBUG o.a.h.impl.client.DefaultHttpClient - Attempt 1 to execute request
20:46:24.648 [CreateStudentsDataDrivenTest-1-thread-13] DEBUG o.a.h.i.conn.DefaultClientConnection - Sending request: POST /student HTTP/1.1
20:46:24.648 [CreateStudentsDataDrivenTest-1-thread-13] DEBUG org.apache.http.wire -  >> "POST /student HTTP/1.1[\r][\n]"
20:46:24.648 [CreateStudentsDataDrivenTest-1-thread-13] DEBUG org.apache.http.wire -  >> "Accept: */*[\r][\n]"
20:46:24.648 [CreateStudentsDataDrivenTest-1-thread-13] DEBUG org.apache.http.wire -  >> "Content-Type: application/json; charset=UTF-8[\r][\n]"
20:46:24.648 [CreateStudentsDataDrivenTest-1-thread-13] DEBUG org.apache.http.wire -  >> "Content-Length: 131[\r][\n]"
20:46:24.648 [CreateStudentsDataDrivenTest-1-thread-11] DEBUG n.s.j.SerenityTestExecutionListener - Thread[CreateStudentsDataDrivenTest-1-thread-11,5,CreateStudentsDataDrivenTest-1] Test started TestIdentifier [uniqueId = [engine:junit-vintage]/[runner:com.studentapplication.junit.studentsinfo.CreateStudentsDataDrivenTest]/[test:com.studentapplication.junit.studentsinfo.CreateStudentsDataDrivenTest%5B91%5D]/[test:createMultipleStudents%5B91%5D(com.studentapplication.junit.studentsinfo.CreateStudentsDataDrivenTest)], parentId = [engine:junit-vintage]/[runner:com.studentapplication.junit.studentsinfo.CreateStudentsDataDrivenTest]/[test:com.studentapplication.junit.studentsinfo.CreateStudentsDataDrivenTest%5B91%5D], displayName = 'createMultipleStudents[91]', legacyReportingName = 'createMultipleStudents[91]', source = MethodSource [className = 'com.studentapplication.junit.studentsinfo.CreateStudentsDataDrivenTest', methodName = 'createMultipleStudents', methodParameterTypes = ''], tags = [], type = TEST]
20:46:24.648 [CreateStudentsDataDrivenTest-1-thread-13] DEBUG org.apache.http.wire -  >> "Host: localhost:8085[\r][\n]"
20:46:24.648 [CreateStudentsDataDrivenTest-1-thread-13] DEBUG org.apache.http.wire -  >> "Connection: Keep-Alive[\r][\n]"
20:46:24.648 [CreateStudentsDataDrivenTest-1-thread-13] DEBUG org.apache.http.wire -  >> "User-Agent: Apache-HttpClient/4.5.13 (Java/11.0.20)[\r][\n]"
20:46:24.648 [CreateStudentsDataDrivenTest-1-thread-13] DEBUG org.apache.http.wire -  >> "Accept-Encoding: gzip,deflate[\r][\n]"
20:46:24.648 [CreateStudentsDataDrivenTest-1-thread-13] DEBUG org.apache.http.wire -  >> "[\r][\n]"
20:46:24.648 [CreateStudentsDataDrivenTest-1-thread-13] DEBUG org.apache.http.headers - >> POST /student HTTP/1.1
20:46:24.648 [CreateStudentsDataDrivenTest-1-thread-11] INFO   - 
  _____   ___   ___   _____     ___   _____     _     ___   _____   ___   ___  
 |_   _| | __| / __| |_   _|   / __| |_   _|   /_\   | _ \ |_   _| | __| |   \ 
   | |   | _|  \__ \   | |     \__ \   | |    / _ \  |   /   | |   | _|  | |) |
   |_|   |___| |___/   |_|     |___/   |_|   /_/ \_\ |_|_\   |_|   |___| |___/ 

createMultipleStudents
--------------------------------------------------------------------------------
20:46:24.648 [CreateStudentsDataDrivenTest-1-thread-13] DEBUG org.apache.http.headers - >> Accept: */*
20:46:24.648 [CreateStudentsDataDrivenTest-1-thread-13] DEBUG org.apache.http.headers - >> Content-Type: application/json; charset=UTF-8
20:46:24.648 [CreateStudentsDataDrivenTest-1-thread-13] DEBUG org.apache.http.headers - >> Content-Length: 131
20:46:24.648 [CreateStudentsDataDrivenTest-1-thread-13] DEBUG org.apache.http.headers - >> Host: localhost:8085
20:46:24.648 [CreateStudentsDataDrivenTest-1-thread-13] DEBUG org.apache.http.headers - >> Connection: Keep-Alive
20:46:24.648 [CreateStudentsDataDrivenTest-1-thread-13] DEBUG org.apache.http.headers - >> User-Agent: Apache-HttpClient/4.5.13 (Java/11.0.20)
20:46:24.648 [CreateStudentsDataDrivenTest-1-thread-13] DEBUG org.apache.http.headers - >> Accept-Encoding: gzip,deflate
20:46:24.648 [CreateStudentsDataDrivenTest-1-thread-13] DEBUG org.apache.http.wire -  >> "{"id":0,"firstName":"Cobb","lastName":"Quinlan","email":"cquinlan2i@instagram.com","programme":"Computer Science","courses":["c#"]}"
20:46:24.649 [CreateStudentsDataDrivenTest-1-thread-11] INFO   - 
  _____   ___   ___   _____     ___   _____     _     ___   _____   ___   ___  
 |_   _| | __| / __| |_   _|   / __| |_   _|   /_\   | _ \ |_   _| | __| |   \ 
   | |   | _|  \__ \   | |     \__ \   | |    / _ \  |   /   | |   | _|  | |) |
   |_|   |___| |___/   |_|     |___/   |_|   /_/ \_\ |_|_\   |_|   |___| |___/ 

createMultipleStudents[91]
--------------------------------------------------------------------------------
20:46:24.655 [CreateStudentsDataDrivenTest-1-thread-11] DEBUG n.t.core.steps.StepInterceptor - STARTING STEP: CreateStudentsDataDrivenTest.createMultipleStudents - Creating student with FirstName: {0}, LastName: {1}, Email: {2}, Programme: {3}, Courses: {4}
20:46:24.663 [CreateStudentsDataDrivenTest-1-thread-11] DEBUG o.a.h.i.c.BasicClientConnectionManager - Get connection for route {}->http://localhost:8085
20:46:24.663 [CreateStudentsDataDrivenTest-1-thread-11] DEBUG o.a.h.i.c.DefaultClientConnectionOperator - Connecting to localhost:8085
20:46:24.664 [CreateStudentsDataDrivenTest-1-thread-11] DEBUG o.a.h.c.protocol.RequestAddCookies - CookieSpec selected: ignoreCookies
20:46:24.664 [CreateStudentsDataDrivenTest-1-thread-11] DEBUG o.a.h.c.protocol.RequestAuthCache - Auth cache not set in the context
20:46:24.664 [CreateStudentsDataDrivenTest-1-thread-11] DEBUG o.a.h.c.p.RequestTargetAuthentication - Target auth state: UNCHALLENGED
20:46:24.664 [CreateStudentsDataDrivenTest-1-thread-11] DEBUG o.a.h.c.p.RequestProxyAuthentication - Proxy auth state: UNCHALLENGED
20:46:24.664 [CreateStudentsDataDrivenTest-1-thread-11] DEBUG o.a.h.impl.client.DefaultHttpClient - Attempt 1 to execute request
20:46:24.664 [CreateStudentsDataDrivenTest-1-thread-11] DEBUG o.a.h.i.conn.DefaultClientConnection - Sending request: POST /student HTTP/1.1
20:46:24.664 [CreateStudentsDataDrivenTest-1-thread-11] DEBUG org.apache.http.wire -  >> "POST /student HTTP/1.1[\r][\n]"
20:46:24.664 [CreateStudentsDataDrivenTest-1-thread-11] DEBUG org.apache.http.wire -  >> "Accept: */*[\r][\n]"
20:46:24.664 [CreateStudentsDataDrivenTest-1-thread-11] DEBUG org.apache.http.wire -  >> "Content-Type: application/json; charset=UTF-8[\r][\n]"
20:46:24.664 [CreateStudentsDataDrivenTest-1-thread-11] DEBUG org.apache.http.wire -  >> "Content-Length: 133[\r][\n]"
20:46:24.664 [CreateStudentsDataDrivenTest-1-thread-11] DEBUG org.apache.http.wire -  >> "Host: localhost:8085[\r][\n]"
20:46:24.664 [CreateStudentsDataDrivenTest-1-thread-11] DEBUG org.apache.http.wire -  >> "Connection: Keep-Alive[\r][\n]"
20:46:24.664 [CreateStudentsDataDrivenTest-1-thread-11] DEBUG org.apache.http.wire -  >> "User-Agent: Apache-HttpClient/4.5.13 (Java/11.0.20)[\r][\n]"
20:46:24.664 [CreateStudentsDataDrivenTest-1-thread-11] DEBUG org.apache.http.wire -  >> "Accept-Encoding: gzip,deflate[\r][\n]"
20:46:24.664 [CreateStudentsDataDrivenTest-1-thread-11] DEBUG org.apache.http.wire -  >> "[\r][\n]"
20:46:24.664 [CreateStudentsDataDrivenTest-1-thread-11] DEBUG org.apache.http.headers - >> POST /student HTTP/1.1
20:46:24.664 [CreateStudentsDataDrivenTest-1-thread-11] DEBUG org.apache.http.headers - >> Accept: */*
20:46:24.664 [CreateStudentsDataDrivenTest-1-thread-11] DEBUG org.apache.http.headers - >> Content-Type: application/json; charset=UTF-8
20:46:24.664 [CreateStudentsDataDrivenTest-1-thread-11] DEBUG org.apache.http.headers - >> Content-Length: 133
20:46:24.664 [CreateStudentsDataDrivenTest-1-thread-11] DEBUG org.apache.http.headers - >> Host: localhost:8085
20:46:24.664 [CreateStudentsDataDrivenTest-1-thread-11] DEBUG org.apache.http.headers - >> Connection: Keep-Alive
20:46:24.664 [CreateStudentsDataDrivenTest-1-thread-11] DEBUG org.apache.http.headers - >> User-Agent: Apache-HttpClient/4.5.13 (Java/11.0.20)
20:46:24.664 [CreateStudentsDataDrivenTest-1-thread-11] DEBUG org.apache.http.headers - >> Accept-Encoding: gzip,deflate
20:46:24.664 [CreateStudentsDataDrivenTest-1-thread-11] DEBUG org.apache.http.wire -  >> "{"id":0,"firstName":"Druci","lastName":"Kennington","email":"dkennington2j@ed.gov","programme":"Computer Science","courses":["java"]}"
20:46:24.665 [CreateStudentsDataDrivenTest-1-thread-7] DEBUG org.apache.http.wire -  << "0[\r][\n]"
20:46:24.665 [CreateStudentsDataDrivenTest-1-thread-7] DEBUG org.apache.http.wire -  << "[\r][\n]"
20:46:24.665 [CreateStudentsDataDrivenTest-1-thread-7] DEBUG o.a.h.i.c.BasicClientConnectionManager - Releasing connection org.apache.http.impl.conn.ManagedClientConnectionImpl@1498627a
20:46:24.665 [CreateStudentsDataDrivenTest-1-thread-7] DEBUG o.a.h.i.conn.DefaultClientConnection - Connection 0.0.0.0:54689<->127.0.0.1:8085 shut down
20:46:24.670 [CreateStudentsDataDrivenTest-1-thread-7] DEBUG n.t.core.steps.StepInterceptor - STEP DONE: Creating student with FirstName: {0}, LastName: {1}, Email: {2}, Programme: {3}, Courses: {4}
]]></system-out>
  </testcase>
  <testcase name="createMultipleStudents" classname="com.studentapplication.junit.studentsinfo.CreateStudentsDataDrivenTest" time="0.698">
    <system-out><![CDATA[20:46:24.676 [CreateStudentsDataDrivenTest-1-thread-7] DEBUG n.thucydides.core.steps.StepEventBus - Test suite started for class com.studentapplication.junit.studentsinfo.CreateStudentsDataDrivenTest
20:46:24.676 [CreateStudentsDataDrivenTest-1-thread-7] INFO   - Test Suite Started: Create students data driven test
20:46:24.676 [CreateStudentsDataDrivenTest-1-thread-7] DEBUG n.s.j.SerenityTestExecutionListener - Thread[CreateStudentsDataDrivenTest-1-thread-7,5,CreateStudentsDataDrivenTest-1] Test started TestIdentifier [uniqueId = [engine:junit-vintage]/[runner:com.studentapplication.junit.studentsinfo.CreateStudentsDataDrivenTest]/[test:com.studentapplication.junit.studentsinfo.CreateStudentsDataDrivenTest%5B92%5D]/[test:createMultipleStudents%5B92%5D(com.studentapplication.junit.studentsinfo.CreateStudentsDataDrivenTest)], parentId = [engine:junit-vintage]/[runner:com.studentapplication.junit.studentsinfo.CreateStudentsDataDrivenTest]/[test:com.studentapplication.junit.studentsinfo.CreateStudentsDataDrivenTest%5B92%5D], displayName = 'createMultipleStudents[92]', legacyReportingName = 'createMultipleStudents[92]', source = MethodSource [className = 'com.studentapplication.junit.studentsinfo.CreateStudentsDataDrivenTest', methodName = 'createMultipleStudents', methodParameterTypes = ''], tags = [], type = TEST]
20:46:24.676 [CreateStudentsDataDrivenTest-1-thread-7] INFO   - 
  _____   ___   ___   _____     ___   _____     _     ___   _____   ___   ___  
 |_   _| | __| / __| |_   _|   / __| |_   _|   /_\   | _ \ |_   _| | __| |   \ 
   | |   | _|  \__ \   | |     \__ \   | |    / _ \  |   /   | |   | _|  | |) |
   |_|   |___| |___/   |_|     |___/   |_|   /_/ \_\ |_|_\   |_|   |___| |___/ 

createMultipleStudents
--------------------------------------------------------------------------------
20:46:24.677 [CreateStudentsDataDrivenTest-1-thread-7] INFO   - 
  _____   ___   ___   _____     ___   _____     _     ___   _____   ___   ___  
 |_   _| | __| / __| |_   _|   / __| |_   _|   /_\   | _ \ |_   _| | __| |   \ 
   | |   | _|  \__ \   | |     \__ \   | |    / _ \  |   /   | |   | _|  | |) |
   |_|   |___| |___/   |_|     |___/   |_|   /_/ \_\ |_|_\   |_|   |___| |___/ 

createMultipleStudents[92]
--------------------------------------------------------------------------------
20:46:24.682 [CreateStudentsDataDrivenTest-1-thread-7] DEBUG n.t.core.steps.StepInterceptor - STARTING STEP: CreateStudentsDataDrivenTest.createMultipleStudents - Creating student with FirstName: {0}, LastName: {1}, Email: {2}, Programme: {3}, Courses: {4}
20:46:24.689 [CreateStudentsDataDrivenTest-1-thread-7] DEBUG o.a.h.i.c.BasicClientConnectionManager - Get connection for route {}->http://localhost:8085
20:46:24.689 [CreateStudentsDataDrivenTest-1-thread-7] DEBUG o.a.h.i.c.DefaultClientConnectionOperator - Connecting to localhost:8085
20:46:24.690 [CreateStudentsDataDrivenTest-1-thread-7] DEBUG o.a.h.c.protocol.RequestAddCookies - CookieSpec selected: ignoreCookies
20:46:24.690 [CreateStudentsDataDrivenTest-1-thread-7] DEBUG o.a.h.c.protocol.RequestAuthCache - Auth cache not set in the context
20:46:24.690 [CreateStudentsDataDrivenTest-1-thread-7] DEBUG o.a.h.c.p.RequestTargetAuthentication - Target auth state: UNCHALLENGED
20:46:24.690 [CreateStudentsDataDrivenTest-1-thread-7] DEBUG o.a.h.c.p.RequestProxyAuthentication - Proxy auth state: UNCHALLENGED
20:46:24.690 [CreateStudentsDataDrivenTest-1-thread-7] DEBUG o.a.h.impl.client.DefaultHttpClient - Attempt 1 to execute request
20:46:24.690 [CreateStudentsDataDrivenTest-1-thread-7] DEBUG o.a.h.i.conn.DefaultClientConnection - Sending request: POST /student HTTP/1.1
20:46:24.690 [CreateStudentsDataDrivenTest-1-thread-7] DEBUG org.apache.http.wire -  >> "POST /student HTTP/1.1[\r][\n]"
20:46:24.690 [CreateStudentsDataDrivenTest-1-thread-7] DEBUG org.apache.http.wire -  >> "Accept: */*[\r][\n]"
20:46:24.690 [CreateStudentsDataDrivenTest-1-thread-7] DEBUG org.apache.http.wire -  >> "Content-Type: application/json; charset=UTF-8[\r][\n]"
20:46:24.690 [CreateStudentsDataDrivenTest-1-thread-7] DEBUG org.apache.http.wire -  >> "Content-Length: 133[\r][\n]"
20:46:24.690 [CreateStudentsDataDrivenTest-1-thread-7] DEBUG org.apache.http.wire -  >> "Host: localhost:8085[\r][\n]"
20:46:24.690 [CreateStudentsDataDrivenTest-1-thread-7] DEBUG org.apache.http.wire -  >> "Connection: Keep-Alive[\r][\n]"
20:46:24.690 [CreateStudentsDataDrivenTest-1-thread-7] DEBUG org.apache.http.wire -  >> "User-Agent: Apache-HttpClient/4.5.13 (Java/11.0.20)[\r][\n]"
20:46:24.690 [CreateStudentsDataDrivenTest-1-thread-7] DEBUG org.apache.http.wire -  >> "Accept-Encoding: gzip,deflate[\r][\n]"
20:46:24.690 [CreateStudentsDataDrivenTest-1-thread-7] DEBUG org.apache.http.wire -  >> "[\r][\n]"
20:46:24.690 [CreateStudentsDataDrivenTest-1-thread-7] DEBUG org.apache.http.headers - >> POST /student HTTP/1.1
20:46:24.690 [CreateStudentsDataDrivenTest-1-thread-7] DEBUG org.apache.http.headers - >> Accept: */*
20:46:24.690 [CreateStudentsDataDrivenTest-1-thread-7] DEBUG org.apache.http.headers - >> Content-Type: application/json; charset=UTF-8
20:46:24.690 [CreateStudentsDataDrivenTest-1-thread-7] DEBUG org.apache.http.headers - >> Content-Length: 133
20:46:24.690 [CreateStudentsDataDrivenTest-1-thread-7] DEBUG org.apache.http.headers - >> Host: localhost:8085
20:46:24.690 [CreateStudentsDataDrivenTest-1-thread-7] DEBUG org.apache.http.headers - >> Connection: Keep-Alive
20:46:24.690 [CreateStudentsDataDrivenTest-1-thread-7] DEBUG org.apache.http.headers - >> User-Agent: Apache-HttpClient/4.5.13 (Java/11.0.20)
20:46:24.690 [CreateStudentsDataDrivenTest-1-thread-7] DEBUG org.apache.http.headers - >> Accept-Encoding: gzip,deflate
20:46:24.690 [CreateStudentsDataDrivenTest-1-thread-7] DEBUG org.apache.http.wire -  >> "{"id":0,"firstName":"Ignatius","lastName":"Degli Abbati","email":"idegliabbati2k@yelp.com","programme":"Electrical","courses":["c#"]}"
20:46:24.708 [CreateStudentsDataDrivenTest-1-thread-14] DEBUG org.apache.http.wire -  << "HTTP/1.1 500 [\r][\n]"
20:46:24.708 [CreateStudentsDataDrivenTest-1-thread-14] DEBUG org.apache.http.wire -  << "Content-Type: application/json;charset=UTF-8[\r][\n]"
20:46:24.708 [CreateStudentsDataDrivenTest-1-thread-14] DEBUG org.apache.http.wire -  << "Transfer-Encoding: chunked[\r][\n]"
20:46:24.708 [CreateStudentsDataDrivenTest-1-thread-14] DEBUG org.apache.http.wire -  << "Date: Thu, 23 Nov 2023 15:16:24 GMT[\r][\n]"
20:46:24.708 [CreateStudentsDataDrivenTest-1-thread-14] DEBUG org.apache.http.wire -  << "Connection: close[\r][\n]"
20:46:24.708 [CreateStudentsDataDrivenTest-1-thread-14] DEBUG org.apache.http.wire -  << "[\r][\n]"
20:46:24.709 [CreateStudentsDataDrivenTest-1-thread-14] DEBUG o.a.h.i.conn.DefaultClientConnection - Receiving response: HTTP/1.1 500 
20:46:24.709 [CreateStudentsDataDrivenTest-1-thread-14] DEBUG org.apache.http.headers - << HTTP/1.1 500 
20:46:24.709 [CreateStudentsDataDrivenTest-1-thread-14] DEBUG org.apache.http.headers - << Content-Type: application/json;charset=UTF-8
20:46:24.709 [CreateStudentsDataDrivenTest-1-thread-14] DEBUG org.apache.http.headers - << Transfer-Encoding: chunked
20:46:24.709 [CreateStudentsDataDrivenTest-1-thread-14] DEBUG org.apache.http.headers - << Date: Thu, 23 Nov 2023 15:16:24 GMT
20:46:24.709 [CreateStudentsDataDrivenTest-1-thread-14] DEBUG org.apache.http.headers - << Connection: close
20:46:24.709 [CreateStudentsDataDrivenTest-1-thread-14] DEBUG i.r.i.RequestSpecificationImpl$RestAssuredHttpBuilder - Parsing response as: application/json;charset=UTF-8
20:46:24.709 [CreateStudentsDataDrivenTest-1-thread-14] DEBUG i.r.i.RequestSpecificationImpl$RestAssuredHttpBuilder - Parsed data to instance of: class org.apache.http.conn.EofSensorInputStream
20:46:24.710 [CreateStudentsDataDrivenTest-1-thread-14] DEBUG org.apache.http.wire -  << "28[\r][\n]"
20:46:24.710 [CreateStudentsDataDrivenTest-1-thread-14] DEBUG org.apache.http.wire -  << "{"error":"Email address already exists"}"
20:46:24.710 [CreateStudentsDataDrivenTest-1-thread-14] DEBUG org.apache.http.wire -  << "[\r][\n]"
20:46:24.710 [CreateStudentsDataDrivenTest-1-thread-14] DEBUG org.apache.http.wire -  << "0[\r][\n]"
20:46:24.710 [CreateStudentsDataDrivenTest-1-thread-14] DEBUG org.apache.http.wire -  << "[\r][\n]"
20:46:24.710 [CreateStudentsDataDrivenTest-1-thread-14] DEBUG o.a.h.i.c.BasicClientConnectionManager - Releasing connection org.apache.http.impl.conn.ManagedClientConnectionImpl@7b7a17b7
20:46:24.710 [CreateStudentsDataDrivenTest-1-thread-14] DEBUG o.a.h.i.conn.DefaultClientConnection - Connection 0.0.0.0:54688<->127.0.0.1:8085 shut down
20:46:24.714 [CreateStudentsDataDrivenTest-1-thread-14] DEBUG n.t.core.steps.StepInterceptor - STEP DONE: Creating student with FirstName: {0}, LastName: {1}, Email: {2}, Programme: {3}, Courses: {4}
]]></system-out>
  </testcase>
  <testcase name="createMultipleStudents" classname="com.studentapplication.junit.studentsinfo.CreateStudentsDataDrivenTest" time="1.653">
    <system-out><![CDATA[20:46:24.720 [CreateStudentsDataDrivenTest-1-thread-14] DEBUG n.thucydides.core.steps.StepEventBus - Test suite started for class com.studentapplication.junit.studentsinfo.CreateStudentsDataDrivenTest
20:46:24.720 [CreateStudentsDataDrivenTest-1-thread-14] INFO   - Test Suite Started: Create students data driven test
20:46:24.720 [CreateStudentsDataDrivenTest-1-thread-14] DEBUG n.s.j.SerenityTestExecutionListener - Thread[CreateStudentsDataDrivenTest-1-thread-14,5,CreateStudentsDataDrivenTest-1] Test started TestIdentifier [uniqueId = [engine:junit-vintage]/[runner:com.studentapplication.junit.studentsinfo.CreateStudentsDataDrivenTest]/[test:com.studentapplication.junit.studentsinfo.CreateStudentsDataDrivenTest%5B93%5D]/[test:createMultipleStudents%5B93%5D(com.studentapplication.junit.studentsinfo.CreateStudentsDataDrivenTest)], parentId = [engine:junit-vintage]/[runner:com.studentapplication.junit.studentsinfo.CreateStudentsDataDrivenTest]/[test:com.studentapplication.junit.studentsinfo.CreateStudentsDataDrivenTest%5B93%5D], displayName = 'createMultipleStudents[93]', legacyReportingName = 'createMultipleStudents[93]', source = MethodSource [className = 'com.studentapplication.junit.studentsinfo.CreateStudentsDataDrivenTest', methodName = 'createMultipleStudents', methodParameterTypes = ''], tags = [], type = TEST]
20:46:24.721 [CreateStudentsDataDrivenTest-1-thread-14] INFO   - 
  _____   ___   ___   _____     ___   _____     _     ___   _____   ___   ___  
 |_   _| | __| / __| |_   _|   / __| |_   _|   /_\   | _ \ |_   _| | __| |   \ 
   | |   | _|  \__ \   | |     \__ \   | |    / _ \  |   /   | |   | _|  | |) |
   |_|   |___| |___/   |_|     |___/   |_|   /_/ \_\ |_|_\   |_|   |___| |___/ 

createMultipleStudents
--------------------------------------------------------------------------------
20:46:24.722 [CreateStudentsDataDrivenTest-1-thread-14] INFO   - 
  _____   ___   ___   _____     ___   _____     _     ___   _____   ___   ___  
 |_   _| | __| / __| |_   _|   / __| |_   _|   /_\   | _ \ |_   _| | __| |   \ 
   | |   | _|  \__ \   | |     \__ \   | |    / _ \  |   /   | |   | _|  | |) |
   |_|   |___| |___/   |_|     |___/   |_|   /_/ \_\ |_|_\   |_|   |___| |___/ 

createMultipleStudents[93]
--------------------------------------------------------------------------------
20:46:24.726 [CreateStudentsDataDrivenTest-1-thread-14] DEBUG n.t.core.steps.StepInterceptor - STARTING STEP: CreateStudentsDataDrivenTest.createMultipleStudents - Creating student with FirstName: {0}, LastName: {1}, Email: {2}, Programme: {3}, Courses: {4}
20:46:24.737 [CreateStudentsDataDrivenTest-1-thread-14] DEBUG o.a.h.i.c.BasicClientConnectionManager - Get connection for route {}->http://localhost:8085
20:46:24.737 [CreateStudentsDataDrivenTest-1-thread-14] DEBUG o.a.h.i.c.DefaultClientConnectionOperator - Connecting to localhost:8085
20:46:24.738 [CreateStudentsDataDrivenTest-1-thread-14] DEBUG o.a.h.c.protocol.RequestAddCookies - CookieSpec selected: ignoreCookies
20:46:24.738 [CreateStudentsDataDrivenTest-1-thread-14] DEBUG o.a.h.c.protocol.RequestAuthCache - Auth cache not set in the context
20:46:24.738 [CreateStudentsDataDrivenTest-1-thread-14] DEBUG o.a.h.c.p.RequestTargetAuthentication - Target auth state: UNCHALLENGED
20:46:24.738 [CreateStudentsDataDrivenTest-1-thread-14] DEBUG o.a.h.c.p.RequestProxyAuthentication - Proxy auth state: UNCHALLENGED
20:46:24.738 [CreateStudentsDataDrivenTest-1-thread-14] DEBUG o.a.h.impl.client.DefaultHttpClient - Attempt 1 to execute request
20:46:24.738 [CreateStudentsDataDrivenTest-1-thread-14] DEBUG o.a.h.i.conn.DefaultClientConnection - Sending request: POST /student HTTP/1.1
20:46:24.738 [CreateStudentsDataDrivenTest-1-thread-14] DEBUG org.apache.http.wire -  >> "POST /student HTTP/1.1[\r][\n]"
20:46:24.738 [CreateStudentsDataDrivenTest-1-thread-14] DEBUG org.apache.http.wire -  >> "Accept: */*[\r][\n]"
20:46:24.738 [CreateStudentsDataDrivenTest-1-thread-14] DEBUG org.apache.http.wire -  >> "Content-Type: application/json; charset=UTF-8[\r][\n]"
20:46:24.738 [CreateStudentsDataDrivenTest-1-thread-14] DEBUG org.apache.http.wire -  >> "Content-Length: 136[\r][\n]"
20:46:24.738 [CreateStudentsDataDrivenTest-1-thread-14] DEBUG org.apache.http.wire -  >> "Host: localhost:8085[\r][\n]"
20:46:24.738 [CreateStudentsDataDrivenTest-1-thread-14] DEBUG org.apache.http.wire -  >> "Connection: Keep-Alive[\r][\n]"
20:46:24.738 [CreateStudentsDataDrivenTest-1-thread-14] DEBUG org.apache.http.wire -  >> "User-Agent: Apache-HttpClient/4.5.13 (Java/11.0.20)[\r][\n]"
20:46:24.738 [CreateStudentsDataDrivenTest-1-thread-14] DEBUG org.apache.http.wire -  >> "Accept-Encoding: gzip,deflate[\r][\n]"
20:46:24.738 [CreateStudentsDataDrivenTest-1-thread-14] DEBUG org.apache.http.wire -  >> "[\r][\n]"
20:46:24.738 [CreateStudentsDataDrivenTest-1-thread-14] DEBUG org.apache.http.headers - >> POST /student HTTP/1.1
20:46:24.738 [CreateStudentsDataDrivenTest-1-thread-14] DEBUG org.apache.http.headers - >> Accept: */*
20:46:24.738 [CreateStudentsDataDrivenTest-1-thread-14] DEBUG org.apache.http.headers - >> Content-Type: application/json; charset=UTF-8
20:46:24.738 [CreateStudentsDataDrivenTest-1-thread-14] DEBUG org.apache.http.headers - >> Content-Length: 136
20:46:24.738 [CreateStudentsDataDrivenTest-1-thread-14] DEBUG org.apache.http.headers - >> Host: localhost:8085
20:46:24.738 [CreateStudentsDataDrivenTest-1-thread-14] DEBUG org.apache.http.headers - >> Connection: Keep-Alive
20:46:24.738 [CreateStudentsDataDrivenTest-1-thread-14] DEBUG org.apache.http.headers - >> User-Agent: Apache-HttpClient/4.5.13 (Java/11.0.20)
20:46:24.738 [CreateStudentsDataDrivenTest-1-thread-14] DEBUG org.apache.http.headers - >> Accept-Encoding: gzip,deflate
20:46:24.738 [CreateStudentsDataDrivenTest-1-thread-14] DEBUG org.apache.http.wire -  >> "{"id":0,"firstName":"Maisie","lastName":"Arderne","email":"marderne2l@chronoengine.com","programme":"Computer Science","courses":["c#"]}"
20:46:24.741 [CreateStudentsDataDrivenTest-1-thread-2] DEBUG org.apache.http.wire -  << "HTTP/1.1 500 [\r][\n]"
20:46:24.741 [CreateStudentsDataDrivenTest-1-thread-2] DEBUG org.apache.http.wire -  << "Content-Type: application/json;charset=UTF-8[\r][\n]"
20:46:24.741 [CreateStudentsDataDrivenTest-1-thread-2] DEBUG org.apache.http.wire -  << "Transfer-Encoding: chunked[\r][\n]"
20:46:24.741 [CreateStudentsDataDrivenTest-1-thread-2] DEBUG org.apache.http.wire -  << "Date: Thu, 23 Nov 2023 15:16:24 GMT[\r][\n]"
20:46:24.741 [CreateStudentsDataDrivenTest-1-thread-2] DEBUG org.apache.http.wire -  << "Connection: close[\r][\n]"
20:46:24.741 [CreateStudentsDataDrivenTest-1-thread-2] DEBUG org.apache.http.wire -  << "[\r][\n]"
20:46:24.741 [CreateStudentsDataDrivenTest-1-thread-2] DEBUG o.a.h.i.conn.DefaultClientConnection - Receiving response: HTTP/1.1 500 
20:46:24.741 [CreateStudentsDataDrivenTest-1-thread-8] DEBUG org.apache.http.wire -  << "HTTP/1.1 500 [\r][\n]"
20:46:24.741 [CreateStudentsDataDrivenTest-1-thread-2] DEBUG org.apache.http.headers - << HTTP/1.1 500 
20:46:24.741 [CreateStudentsDataDrivenTest-1-thread-2] DEBUG org.apache.http.headers - << Content-Type: application/json;charset=UTF-8
20:46:24.741 [CreateStudentsDataDrivenTest-1-thread-2] DEBUG org.apache.http.headers - << Transfer-Encoding: chunked
20:46:24.741 [CreateStudentsDataDrivenTest-1-thread-8] DEBUG org.apache.http.wire -  << "Content-Type: application/json;charset=UTF-8[\r][\n]"
20:46:24.741 [CreateStudentsDataDrivenTest-1-thread-2] DEBUG org.apache.http.headers - << Date: Thu, 23 Nov 2023 15:16:24 GMT
20:46:24.741 [CreateStudentsDataDrivenTest-1-thread-8] DEBUG org.apache.http.wire -  << "Transfer-Encoding: chunked[\r][\n]"
20:46:24.741 [CreateStudentsDataDrivenTest-1-thread-2] DEBUG org.apache.http.headers - << Connection: close
20:46:24.741 [CreateStudentsDataDrivenTest-1-thread-8] DEBUG org.apache.http.wire -  << "Date: Thu, 23 Nov 2023 15:16:24 GMT[\r][\n]"
20:46:24.741 [CreateStudentsDataDrivenTest-1-thread-8] DEBUG org.apache.http.wire -  << "Connection: close[\r][\n]"
20:46:24.741 [CreateStudentsDataDrivenTest-1-thread-8] DEBUG org.apache.http.wire -  << "[\r][\n]"
20:46:24.741 [CreateStudentsDataDrivenTest-1-thread-8] DEBUG o.a.h.i.conn.DefaultClientConnection - Receiving response: HTTP/1.1 500 
20:46:24.741 [CreateStudentsDataDrivenTest-1-thread-8] DEBUG org.apache.http.headers - << HTTP/1.1 500 
20:46:24.741 [CreateStudentsDataDrivenTest-1-thread-8] DEBUG org.apache.http.headers - << Content-Type: application/json;charset=UTF-8
20:46:24.741 [CreateStudentsDataDrivenTest-1-thread-8] DEBUG org.apache.http.headers - << Transfer-Encoding: chunked
20:46:24.741 [CreateStudentsDataDrivenTest-1-thread-8] DEBUG org.apache.http.headers - << Date: Thu, 23 Nov 2023 15:16:24 GMT
20:46:24.741 [CreateStudentsDataDrivenTest-1-thread-8] DEBUG org.apache.http.headers - << Connection: close
20:46:24.741 [CreateStudentsDataDrivenTest-1-thread-8] DEBUG i.r.i.RequestSpecificationImpl$RestAssuredHttpBuilder - Parsing response as: application/json;charset=UTF-8
20:46:24.741 [CreateStudentsDataDrivenTest-1-thread-2] DEBUG i.r.i.RequestSpecificationImpl$RestAssuredHttpBuilder - Parsing response as: application/json;charset=UTF-8
20:46:24.741 [CreateStudentsDataDrivenTest-1-thread-8] DEBUG i.r.i.RequestSpecificationImpl$RestAssuredHttpBuilder - Parsed data to instance of: class org.apache.http.conn.EofSensorInputStream
20:46:24.741 [CreateStudentsDataDrivenTest-1-thread-2] DEBUG i.r.i.RequestSpecificationImpl$RestAssuredHttpBuilder - Parsed data to instance of: class org.apache.http.conn.EofSensorInputStream
20:46:24.742 [CreateStudentsDataDrivenTest-1-thread-8] DEBUG org.apache.http.wire -  << "28[\r][\n]"
20:46:24.742 [CreateStudentsDataDrivenTest-1-thread-2] DEBUG org.apache.http.wire -  << "28[\r][\n]"
20:46:24.742 [CreateStudentsDataDrivenTest-1-thread-8] DEBUG org.apache.http.wire -  << "{"error":"Email address already exists"}"
20:46:24.742 [CreateStudentsDataDrivenTest-1-thread-2] DEBUG org.apache.http.wire -  << "{"error":"Email address already exists"}"
20:46:24.742 [CreateStudentsDataDrivenTest-1-thread-8] DEBUG org.apache.http.wire -  << "[\r][\n]"
20:46:24.742 [CreateStudentsDataDrivenTest-1-thread-2] DEBUG org.apache.http.wire -  << "[\r][\n]"
20:46:24.742 [CreateStudentsDataDrivenTest-1-thread-12] DEBUG org.apache.http.wire -  << "HTTP/1.1 500 [\r][\n]"
20:46:24.742 [CreateStudentsDataDrivenTest-1-thread-12] DEBUG org.apache.http.wire -  << "Content-Type: application/json;charset=UTF-8[\r][\n]"
20:46:24.742 [CreateStudentsDataDrivenTest-1-thread-12] DEBUG org.apache.http.wire -  << "Transfer-Encoding: chunked[\r][\n]"
20:46:24.742 [CreateStudentsDataDrivenTest-1-thread-12] DEBUG org.apache.http.wire -  << "Date: Thu, 23 Nov 2023 15:16:24 GMT[\r][\n]"
20:46:24.742 [CreateStudentsDataDrivenTest-1-thread-12] DEBUG org.apache.http.wire -  << "Connection: close[\r][\n]"
20:46:24.742 [CreateStudentsDataDrivenTest-1-thread-12] DEBUG org.apache.http.wire -  << "[\r][\n]"
20:46:24.742 [CreateStudentsDataDrivenTest-1-thread-12] DEBUG o.a.h.i.conn.DefaultClientConnection - Receiving response: HTTP/1.1 500 
20:46:24.742 [CreateStudentsDataDrivenTest-1-thread-12] DEBUG org.apache.http.headers - << HTTP/1.1 500 
20:46:24.742 [CreateStudentsDataDrivenTest-1-thread-12] DEBUG org.apache.http.headers - << Content-Type: application/json;charset=UTF-8
20:46:24.742 [CreateStudentsDataDrivenTest-1-thread-12] DEBUG org.apache.http.headers - << Transfer-Encoding: chunked
20:46:24.742 [CreateStudentsDataDrivenTest-1-thread-12] DEBUG org.apache.http.headers - << Date: Thu, 23 Nov 2023 15:16:24 GMT
20:46:24.742 [CreateStudentsDataDrivenTest-1-thread-12] DEBUG org.apache.http.headers - << Connection: close
20:46:24.742 [CreateStudentsDataDrivenTest-1-thread-12] DEBUG i.r.i.RequestSpecificationImpl$RestAssuredHttpBuilder - Parsing response as: application/json;charset=UTF-8
20:46:24.742 [CreateStudentsDataDrivenTest-1-thread-12] DEBUG i.r.i.RequestSpecificationImpl$RestAssuredHttpBuilder - Parsed data to instance of: class org.apache.http.conn.EofSensorInputStream
20:46:24.744 [CreateStudentsDataDrivenTest-1-thread-12] DEBUG org.apache.http.wire -  << "28[\r][\n]"
20:46:24.744 [CreateStudentsDataDrivenTest-1-thread-12] DEBUG org.apache.http.wire -  << "{"error":"Email address already exists"}"
20:46:24.744 [CreateStudentsDataDrivenTest-1-thread-12] DEBUG org.apache.http.wire -  << "[\r][\n]"
20:46:24.744 [CreateStudentsDataDrivenTest-1-thread-12] DEBUG org.apache.http.wire -  << "0[\r][\n]"
20:46:24.744 [CreateStudentsDataDrivenTest-1-thread-12] DEBUG org.apache.http.wire -  << "[\r][\n]"
20:46:24.744 [CreateStudentsDataDrivenTest-1-thread-12] DEBUG o.a.h.i.c.BasicClientConnectionManager - Releasing connection org.apache.http.impl.conn.ManagedClientConnectionImpl@f71231
20:46:24.744 [CreateStudentsDataDrivenTest-1-thread-12] DEBUG o.a.h.i.conn.DefaultClientConnection - Connection 0.0.0.0:54676<->127.0.0.1:8085 shut down
20:46:24.748 [CreateStudentsDataDrivenTest-1-thread-12] DEBUG n.t.core.steps.StepInterceptor - STEP DONE: Creating student with FirstName: {0}, LastName: {1}, Email: {2}, Programme: {3}, Courses: {4}
]]></system-out>
  </testcase>
  <testcase name="createMultipleStudents" classname="com.studentapplication.junit.studentsinfo.CreateStudentsDataDrivenTest" time="1.711">
    <system-out><![CDATA[20:46:24.753 [CreateStudentsDataDrivenTest-1-thread-12] DEBUG n.thucydides.core.steps.StepEventBus - Test suite started for class com.studentapplication.junit.studentsinfo.CreateStudentsDataDrivenTest
20:46:24.753 [CreateStudentsDataDrivenTest-1-thread-12] INFO   - Test Suite Started: Create students data driven test
20:46:24.753 [CreateStudentsDataDrivenTest-1-thread-12] DEBUG n.s.j.SerenityTestExecutionListener - Thread[CreateStudentsDataDrivenTest-1-thread-12,5,CreateStudentsDataDrivenTest-1] Test started TestIdentifier [uniqueId = [engine:junit-vintage]/[runner:com.studentapplication.junit.studentsinfo.CreateStudentsDataDrivenTest]/[test:com.studentapplication.junit.studentsinfo.CreateStudentsDataDrivenTest%5B94%5D]/[test:createMultipleStudents%5B94%5D(com.studentapplication.junit.studentsinfo.CreateStudentsDataDrivenTest)], parentId = [engine:junit-vintage]/[runner:com.studentapplication.junit.studentsinfo.CreateStudentsDataDrivenTest]/[test:com.studentapplication.junit.studentsinfo.CreateStudentsDataDrivenTest%5B94%5D], displayName = 'createMultipleStudents[94]', legacyReportingName = 'createMultipleStudents[94]', source = MethodSource [className = 'com.studentapplication.junit.studentsinfo.CreateStudentsDataDrivenTest', methodName = 'createMultipleStudents', methodParameterTypes = ''], tags = [], type = TEST]
20:46:24.753 [CreateStudentsDataDrivenTest-1-thread-12] INFO   - 
  _____   ___   ___   _____     ___   _____     _     ___   _____   ___   ___  
 |_   _| | __| / __| |_   _|   / __| |_   _|   /_\   | _ \ |_   _| | __| |   \ 
   | |   | _|  \__ \   | |     \__ \   | |    / _ \  |   /   | |   | _|  | |) |
   |_|   |___| |___/   |_|     |___/   |_|   /_/ \_\ |_|_\   |_|   |___| |___/ 

createMultipleStudents
--------------------------------------------------------------------------------
20:46:24.754 [CreateStudentsDataDrivenTest-1-thread-12] INFO   - 
  _____   ___   ___   _____     ___   _____     _     ___   _____   ___   ___  
 |_   _| | __| / __| |_   _|   / __| |_   _|   /_\   | _ \ |_   _| | __| |   \ 
   | |   | _|  \__ \   | |     \__ \   | |    / _ \  |   /   | |   | _|  | |) |
   |_|   |___| |___/   |_|     |___/   |_|   /_/ \_\ |_|_\   |_|   |___| |___/ 

createMultipleStudents[94]
--------------------------------------------------------------------------------
20:46:24.759 [CreateStudentsDataDrivenTest-1-thread-12] DEBUG n.t.core.steps.StepInterceptor - STARTING STEP: CreateStudentsDataDrivenTest.createMultipleStudents - Creating student with FirstName: {0}, LastName: {1}, Email: {2}, Programme: {3}, Courses: {4}
20:46:24.768 [CreateStudentsDataDrivenTest-1-thread-12] DEBUG o.a.h.i.c.BasicClientConnectionManager - Get connection for route {}->http://localhost:8085
20:46:24.768 [CreateStudentsDataDrivenTest-1-thread-12] DEBUG o.a.h.i.c.DefaultClientConnectionOperator - Connecting to localhost:8085
20:46:24.769 [CreateStudentsDataDrivenTest-1-thread-12] DEBUG o.a.h.c.protocol.RequestAddCookies - CookieSpec selected: ignoreCookies
20:46:24.769 [CreateStudentsDataDrivenTest-1-thread-12] DEBUG o.a.h.c.protocol.RequestAuthCache - Auth cache not set in the context
20:46:24.769 [CreateStudentsDataDrivenTest-1-thread-12] DEBUG o.a.h.c.p.RequestTargetAuthentication - Target auth state: UNCHALLENGED
20:46:24.769 [CreateStudentsDataDrivenTest-1-thread-12] DEBUG o.a.h.c.p.RequestProxyAuthentication - Proxy auth state: UNCHALLENGED
20:46:24.769 [CreateStudentsDataDrivenTest-1-thread-12] DEBUG o.a.h.impl.client.DefaultHttpClient - Attempt 1 to execute request
20:46:24.769 [CreateStudentsDataDrivenTest-1-thread-12] DEBUG o.a.h.i.conn.DefaultClientConnection - Sending request: POST /student HTTP/1.1
20:46:24.769 [CreateStudentsDataDrivenTest-1-thread-12] DEBUG org.apache.http.wire -  >> "POST /student HTTP/1.1[\r][\n]"
20:46:24.769 [CreateStudentsDataDrivenTest-1-thread-12] DEBUG org.apache.http.wire -  >> "Accept: */*[\r][\n]"
20:46:24.769 [CreateStudentsDataDrivenTest-1-thread-12] DEBUG org.apache.http.wire -  >> "Content-Type: application/json; charset=UTF-8[\r][\n]"
20:46:24.769 [CreateStudentsDataDrivenTest-1-thread-12] DEBUG org.apache.http.wire -  >> "Content-Length: 122[\r][\n]"
20:46:24.769 [CreateStudentsDataDrivenTest-1-thread-12] DEBUG org.apache.http.wire -  >> "Host: localhost:8085[\r][\n]"
20:46:24.769 [CreateStudentsDataDrivenTest-1-thread-12] DEBUG org.apache.http.wire -  >> "Connection: Keep-Alive[\r][\n]"
20:46:24.769 [CreateStudentsDataDrivenTest-1-thread-12] DEBUG org.apache.http.wire -  >> "User-Agent: Apache-HttpClient/4.5.13 (Java/11.0.20)[\r][\n]"
20:46:24.769 [CreateStudentsDataDrivenTest-1-thread-12] DEBUG org.apache.http.wire -  >> "Accept-Encoding: gzip,deflate[\r][\n]"
20:46:24.769 [CreateStudentsDataDrivenTest-1-thread-12] DEBUG org.apache.http.wire -  >> "[\r][\n]"
20:46:24.769 [CreateStudentsDataDrivenTest-1-thread-12] DEBUG org.apache.http.headers - >> POST /student HTTP/1.1
20:46:24.769 [CreateStudentsDataDrivenTest-1-thread-12] DEBUG org.apache.http.headers - >> Accept: */*
20:46:24.769 [CreateStudentsDataDrivenTest-1-thread-12] DEBUG org.apache.http.headers - >> Content-Type: application/json; charset=UTF-8
20:46:24.769 [CreateStudentsDataDrivenTest-1-thread-12] DEBUG org.apache.http.headers - >> Content-Length: 122
20:46:24.769 [CreateStudentsDataDrivenTest-1-thread-12] DEBUG org.apache.http.headers - >> Host: localhost:8085
20:46:24.769 [CreateStudentsDataDrivenTest-1-thread-12] DEBUG org.apache.http.headers - >> Connection: Keep-Alive
20:46:24.769 [CreateStudentsDataDrivenTest-1-thread-12] DEBUG org.apache.http.headers - >> User-Agent: Apache-HttpClient/4.5.13 (Java/11.0.20)
20:46:24.769 [CreateStudentsDataDrivenTest-1-thread-12] DEBUG org.apache.http.headers - >> Accept-Encoding: gzip,deflate
20:46:24.769 [CreateStudentsDataDrivenTest-1-thread-12] DEBUG org.apache.http.wire -  >> "{"id":0,"firstName":"Elfie","lastName":"Loins","email":"eloins2m@cbsnews.com","programme":"Electrical","courses":["java"]}"
20:46:24.797 [CreateStudentsDataDrivenTest-1-thread-5] DEBUG org.apache.http.wire -  << "HTTP/1.1 500 [\r][\n]"
20:46:24.797 [CreateStudentsDataDrivenTest-1-thread-5] DEBUG org.apache.http.wire -  << "Content-Type: application/json;charset=UTF-8[\r][\n]"
20:46:24.797 [CreateStudentsDataDrivenTest-1-thread-5] DEBUG org.apache.http.wire -  << "Transfer-Encoding: chunked[\r][\n]"
20:46:24.797 [CreateStudentsDataDrivenTest-1-thread-5] DEBUG org.apache.http.wire -  << "Date: Thu, 23 Nov 2023 15:16:24 GMT[\r][\n]"
20:46:24.797 [CreateStudentsDataDrivenTest-1-thread-5] DEBUG org.apache.http.wire -  << "Connection: close[\r][\n]"
20:46:24.797 [CreateStudentsDataDrivenTest-1-thread-5] DEBUG org.apache.http.wire -  << "[\r][\n]"
20:46:24.797 [CreateStudentsDataDrivenTest-1-thread-5] DEBUG o.a.h.i.conn.DefaultClientConnection - Receiving response: HTTP/1.1 500 
20:46:24.797 [CreateStudentsDataDrivenTest-1-thread-5] DEBUG org.apache.http.headers - << HTTP/1.1 500 
20:46:24.797 [CreateStudentsDataDrivenTest-1-thread-5] DEBUG org.apache.http.headers - << Content-Type: application/json;charset=UTF-8
20:46:24.797 [CreateStudentsDataDrivenTest-1-thread-5] DEBUG org.apache.http.headers - << Transfer-Encoding: chunked
20:46:24.797 [CreateStudentsDataDrivenTest-1-thread-5] DEBUG org.apache.http.headers - << Date: Thu, 23 Nov 2023 15:16:24 GMT
20:46:24.797 [CreateStudentsDataDrivenTest-1-thread-5] DEBUG org.apache.http.headers - << Connection: close
20:46:24.798 [CreateStudentsDataDrivenTest-1-thread-5] DEBUG i.r.i.RequestSpecificationImpl$RestAssuredHttpBuilder - Parsing response as: application/json;charset=UTF-8
20:46:24.798 [CreateStudentsDataDrivenTest-1-thread-5] DEBUG i.r.i.RequestSpecificationImpl$RestAssuredHttpBuilder - Parsed data to instance of: class org.apache.http.conn.EofSensorInputStream
20:46:24.798 [CreateStudentsDataDrivenTest-1-thread-5] DEBUG org.apache.http.wire -  << "28[\r][\n]"
20:46:24.798 [CreateStudentsDataDrivenTest-1-thread-5] DEBUG org.apache.http.wire -  << "{"error":"Email address already exists"}"
20:46:24.798 [CreateStudentsDataDrivenTest-1-thread-5] DEBUG org.apache.http.wire -  << "[\r][\n]"
20:46:24.798 [CreateStudentsDataDrivenTest-1-thread-5] DEBUG org.apache.http.wire -  << "0[\r][\n]"
20:46:24.798 [CreateStudentsDataDrivenTest-1-thread-5] DEBUG org.apache.http.wire -  << "[\r][\n]"
20:46:24.798 [CreateStudentsDataDrivenTest-1-thread-5] DEBUG o.a.h.i.c.BasicClientConnectionManager - Releasing connection org.apache.http.impl.conn.ManagedClientConnectionImpl@7158cfc1
20:46:24.799 [CreateStudentsDataDrivenTest-1-thread-5] DEBUG o.a.h.i.conn.DefaultClientConnection - Connection 0.0.0.0:54675<->127.0.0.1:8085 shut down
20:46:24.803 [CreateStudentsDataDrivenTest-1-thread-5] DEBUG n.t.core.steps.StepInterceptor - STEP DONE: Creating student with FirstName: {0}, LastName: {1}, Email: {2}, Programme: {3}, Courses: {4}
]]></system-out>
  </testcase>
  <testcase name="createMultipleStudents" classname="com.studentapplication.junit.studentsinfo.CreateStudentsDataDrivenTest" time="0.34">
    <system-out><![CDATA[20:46:24.809 [CreateStudentsDataDrivenTest-1-thread-5] DEBUG n.thucydides.core.steps.StepEventBus - Test suite started for class com.studentapplication.junit.studentsinfo.CreateStudentsDataDrivenTest
20:46:24.809 [CreateStudentsDataDrivenTest-1-thread-5] INFO   - Test Suite Started: Create students data driven test
20:46:24.809 [CreateStudentsDataDrivenTest-1-thread-5] DEBUG n.s.j.SerenityTestExecutionListener - Thread[CreateStudentsDataDrivenTest-1-thread-5,5,CreateStudentsDataDrivenTest-1] Test started TestIdentifier [uniqueId = [engine:junit-vintage]/[runner:com.studentapplication.junit.studentsinfo.CreateStudentsDataDrivenTest]/[test:com.studentapplication.junit.studentsinfo.CreateStudentsDataDrivenTest%5B95%5D]/[test:createMultipleStudents%5B95%5D(com.studentapplication.junit.studentsinfo.CreateStudentsDataDrivenTest)], parentId = [engine:junit-vintage]/[runner:com.studentapplication.junit.studentsinfo.CreateStudentsDataDrivenTest]/[test:com.studentapplication.junit.studentsinfo.CreateStudentsDataDrivenTest%5B95%5D], displayName = 'createMultipleStudents[95]', legacyReportingName = 'createMultipleStudents[95]', source = MethodSource [className = 'com.studentapplication.junit.studentsinfo.CreateStudentsDataDrivenTest', methodName = 'createMultipleStudents', methodParameterTypes = ''], tags = [], type = TEST]
20:46:24.809 [CreateStudentsDataDrivenTest-1-thread-5] INFO   - 
  _____   ___   ___   _____     ___   _____     _     ___   _____   ___   ___  
 |_   _| | __| / __| |_   _|   / __| |_   _|   /_\   | _ \ |_   _| | __| |   \ 
   | |   | _|  \__ \   | |     \__ \   | |    / _ \  |   /   | |   | _|  | |) |
   |_|   |___| |___/   |_|     |___/   |_|   /_/ \_\ |_|_\   |_|   |___| |___/ 

createMultipleStudents
--------------------------------------------------------------------------------
20:46:24.810 [CreateStudentsDataDrivenTest-1-thread-5] INFO   - 
  _____   ___   ___   _____     ___   _____     _     ___   _____   ___   ___  
 |_   _| | __| / __| |_   _|   / __| |_   _|   /_\   | _ \ |_   _| | __| |   \ 
   | |   | _|  \__ \   | |     \__ \   | |    / _ \  |   /   | |   | _|  | |) |
   |_|   |___| |___/   |_|     |___/   |_|   /_/ \_\ |_|_\   |_|   |___| |___/ 

createMultipleStudents[95]
--------------------------------------------------------------------------------
20:46:24.811 [CreateStudentsDataDrivenTest-1-thread-16] DEBUG n.t.core.steps.StepInterceptor - STEP DONE: Creating student with FirstName: {0}, LastName: {1}, Email: {2}, Programme: {3}, Courses: {4}
]]></system-out>
  </testcase>
  <testcase name="createMultipleStudents" classname="com.studentapplication.junit.studentsinfo.CreateStudentsDataDrivenTest" time="1.512">
    <system-out><![CDATA[20:46:24.818 [CreateStudentsDataDrivenTest-1-thread-16] DEBUG n.thucydides.core.steps.StepEventBus - Test suite started for class com.studentapplication.junit.studentsinfo.CreateStudentsDataDrivenTest
20:46:24.816 [CreateStudentsDataDrivenTest-1-thread-5] DEBUG n.t.core.steps.StepInterceptor - STARTING STEP: CreateStudentsDataDrivenTest.createMultipleStudents - Creating student with FirstName: {0}, LastName: {1}, Email: {2}, Programme: {3}, Courses: {4}
20:46:24.819 [CreateStudentsDataDrivenTest-1-thread-16] INFO   - Test Suite Started: Create students data driven test
20:46:24.819 [CreateStudentsDataDrivenTest-1-thread-16] DEBUG n.s.j.SerenityTestExecutionListener - Thread[CreateStudentsDataDrivenTest-1-thread-16,5,CreateStudentsDataDrivenTest-1] Test started TestIdentifier [uniqueId = [engine:junit-vintage]/[runner:com.studentapplication.junit.studentsinfo.CreateStudentsDataDrivenTest]/[test:com.studentapplication.junit.studentsinfo.CreateStudentsDataDrivenTest%5B96%5D]/[test:createMultipleStudents%5B96%5D(com.studentapplication.junit.studentsinfo.CreateStudentsDataDrivenTest)], parentId = [engine:junit-vintage]/[runner:com.studentapplication.junit.studentsinfo.CreateStudentsDataDrivenTest]/[test:com.studentapplication.junit.studentsinfo.CreateStudentsDataDrivenTest%5B96%5D], displayName = 'createMultipleStudents[96]', legacyReportingName = 'createMultipleStudents[96]', source = MethodSource [className = 'com.studentapplication.junit.studentsinfo.CreateStudentsDataDrivenTest', methodName = 'createMultipleStudents', methodParameterTypes = ''], tags = [], type = TEST]
20:46:24.819 [CreateStudentsDataDrivenTest-1-thread-16] INFO   - 
  _____   ___   ___   _____     ___   _____     _     ___   _____   ___   ___  
 |_   _| | __| / __| |_   _|   / __| |_   _|   /_\   | _ \ |_   _| | __| |   \ 
   | |   | _|  \__ \   | |     \__ \   | |    / _ \  |   /   | |   | _|  | |) |
   |_|   |___| |___/   |_|     |___/   |_|   /_/ \_\ |_|_\   |_|   |___| |___/ 

createMultipleStudents
--------------------------------------------------------------------------------
20:46:24.820 [CreateStudentsDataDrivenTest-1-thread-16] INFO   - 
  _____   ___   ___   _____     ___   _____     _     ___   _____   ___   ___  
 |_   _| | __| / __| |_   _|   / __| |_   _|   /_\   | _ \ |_   _| | __| |   \ 
   | |   | _|  \__ \   | |     \__ \   | |    / _ \  |   /   | |   | _|  | |) |
   |_|   |___| |___/   |_|     |___/   |_|   /_/ \_\ |_|_\   |_|   |___| |___/ 

createMultipleStudents[96]
--------------------------------------------------------------------------------
20:46:24.822 [CreateStudentsDataDrivenTest-1-thread-1] DEBUG n.t.core.steps.StepInterceptor - STEP DONE: Creating student with FirstName: {0}, LastName: {1}, Email: {2}, Programme: {3}, Courses: {4}
20:46:24.826 [CreateStudentsDataDrivenTest-1-thread-16] DEBUG n.t.core.steps.StepInterceptor - STARTING STEP: CreateStudentsDataDrivenTest.createMultipleStudents - Creating student with FirstName: {0}, LastName: {1}, Email: {2}, Programme: {3}, Courses: {4}
20:46:24.828 [CreateStudentsDataDrivenTest-1-thread-5] DEBUG o.a.h.i.c.BasicClientConnectionManager - Get connection for route {}->http://localhost:8085
20:46:24.829 [CreateStudentsDataDrivenTest-1-thread-5] DEBUG o.a.h.i.c.DefaultClientConnectionOperator - Connecting to localhost:8085
20:46:24.829 [CreateStudentsDataDrivenTest-1-thread-5] DEBUG o.a.h.c.protocol.RequestAddCookies - CookieSpec selected: ignoreCookies
20:46:24.829 [CreateStudentsDataDrivenTest-1-thread-5] DEBUG o.a.h.c.protocol.RequestAuthCache - Auth cache not set in the context
20:46:24.829 [CreateStudentsDataDrivenTest-1-thread-5] DEBUG o.a.h.c.p.RequestTargetAuthentication - Target auth state: UNCHALLENGED
20:46:24.829 [CreateStudentsDataDrivenTest-1-thread-5] DEBUG o.a.h.c.p.RequestProxyAuthentication - Proxy auth state: UNCHALLENGED
20:46:24.829 [CreateStudentsDataDrivenTest-1-thread-5] DEBUG o.a.h.impl.client.DefaultHttpClient - Attempt 1 to execute request
20:46:24.829 [CreateStudentsDataDrivenTest-1-thread-5] DEBUG o.a.h.i.conn.DefaultClientConnection - Sending request: POST /student HTTP/1.1
20:46:24.830 [CreateStudentsDataDrivenTest-1-thread-5] DEBUG org.apache.http.wire -  >> "POST /student HTTP/1.1[\r][\n]"
20:46:24.830 [CreateStudentsDataDrivenTest-1-thread-5] DEBUG org.apache.http.wire -  >> "Accept: */*[\r][\n]"
20:46:24.830 [CreateStudentsDataDrivenTest-1-thread-5] DEBUG org.apache.http.wire -  >> "Content-Type: application/json; charset=UTF-8[\r][\n]"
20:46:24.830 [CreateStudentsDataDrivenTest-1-thread-5] DEBUG org.apache.http.wire -  >> "Content-Length: 124[\r][\n]"
20:46:24.830 [CreateStudentsDataDrivenTest-1-thread-5] DEBUG org.apache.http.wire -  >> "Host: localhost:8085[\r][\n]"
20:46:24.830 [CreateStudentsDataDrivenTest-1-thread-5] DEBUG org.apache.http.wire -  >> "Connection: Keep-Alive[\r][\n]"
20:46:24.830 [CreateStudentsDataDrivenTest-1-thread-5] DEBUG org.apache.http.wire -  >> "User-Agent: Apache-HttpClient/4.5.13 (Java/11.0.20)[\r][\n]"
20:46:24.830 [CreateStudentsDataDrivenTest-1-thread-5] DEBUG org.apache.http.wire -  >> "Accept-Encoding: gzip,deflate[\r][\n]"
20:46:24.830 [CreateStudentsDataDrivenTest-1-thread-5] DEBUG org.apache.http.wire -  >> "[\r][\n]"
20:46:24.830 [CreateStudentsDataDrivenTest-1-thread-5] DEBUG org.apache.http.headers - >> POST /student HTTP/1.1
20:46:24.830 [CreateStudentsDataDrivenTest-1-thread-5] DEBUG org.apache.http.headers - >> Accept: */*
20:46:24.830 [CreateStudentsDataDrivenTest-1-thread-5] DEBUG org.apache.http.headers - >> Content-Type: application/json; charset=UTF-8
20:46:24.830 [CreateStudentsDataDrivenTest-1-thread-5] DEBUG org.apache.http.headers - >> Content-Length: 124
20:46:24.830 [CreateStudentsDataDrivenTest-1-thread-5] DEBUG org.apache.http.headers - >> Host: localhost:8085
20:46:24.830 [CreateStudentsDataDrivenTest-1-thread-5] DEBUG org.apache.http.headers - >> Connection: Keep-Alive
20:46:24.830 [CreateStudentsDataDrivenTest-1-thread-5] DEBUG org.apache.http.headers - >> User-Agent: Apache-HttpClient/4.5.13 (Java/11.0.20)
20:46:24.830 [CreateStudentsDataDrivenTest-1-thread-5] DEBUG org.apache.http.headers - >> Accept-Encoding: gzip,deflate
20:46:24.830 [CreateStudentsDataDrivenTest-1-thread-5] DEBUG org.apache.http.wire -  >> "{"id":0,"firstName":"Reina","lastName":"Bows","email":"rbows2n@admin.ch","programme":"Computer Science","courses":["scala"]}"
]]></system-out>
  </testcase>
  <testcase name="createMultipleStudents" classname="com.studentapplication.junit.studentsinfo.CreateStudentsDataDrivenTest" time="1.346">
    <system-out><![CDATA[20:46:24.836 [CreateStudentsDataDrivenTest-1-thread-16] DEBUG o.a.h.c.protocol.RequestAddCookies - CookieSpec selected: ignoreCookies
20:46:24.837 [CreateStudentsDataDrivenTest-1-thread-16] DEBUG o.a.h.c.protocol.RequestAuthCache - Auth cache not set in the context
20:46:24.837 [CreateStudentsDataDrivenTest-1-thread-16] DEBUG o.a.h.c.p.RequestTargetAuthentication - Target auth state: UNCHALLENGED
20:46:24.837 [CreateStudentsDataDrivenTest-1-thread-16] DEBUG o.a.h.c.p.RequestProxyAuthentication - Proxy auth state: UNCHALLENGED
20:46:24.837 [CreateStudentsDataDrivenTest-1-thread-16] DEBUG o.a.h.impl.client.DefaultHttpClient - Attempt 1 to execute request
20:46:24.837 [CreateStudentsDataDrivenTest-1-thread-16] DEBUG o.a.h.i.conn.DefaultClientConnection - Sending request: POST /student HTTP/1.1
20:46:24.837 [CreateStudentsDataDrivenTest-1-thread-1] DEBUG n.thucydides.core.steps.StepEventBus - Test suite started for class com.studentapplication.junit.studentsinfo.CreateStudentsDataDrivenTest
20:46:24.837 [CreateStudentsDataDrivenTest-1-thread-16] DEBUG org.apache.http.wire -  >> "POST /student HTTP/1.1[\r][\n]"
20:46:24.837 [CreateStudentsDataDrivenTest-1-thread-16] DEBUG org.apache.http.wire -  >> "Accept: */*[\r][\n]"
20:46:24.837 [CreateStudentsDataDrivenTest-1-thread-16] DEBUG org.apache.http.wire -  >> "Content-Type: application/json; charset=UTF-8[\r][\n]"
20:46:24.837 [CreateStudentsDataDrivenTest-1-thread-16] DEBUG org.apache.http.wire -  >> "Content-Length: 140[\r][\n]"
20:46:24.837 [CreateStudentsDataDrivenTest-1-thread-16] DEBUG org.apache.http.wire -  >> "Host: localhost:8085[\r][\n]"
20:46:24.837 [CreateStudentsDataDrivenTest-1-thread-16] DEBUG org.apache.http.wire -  >> "Connection: Keep-Alive[\r][\n]"
20:46:24.837 [CreateStudentsDataDrivenTest-1-thread-16] DEBUG org.apache.http.wire -  >> "User-Agent: Apache-HttpClient/4.5.13 (Java/11.0.20)[\r][\n]"
20:46:24.837 [CreateStudentsDataDrivenTest-1-thread-16] DEBUG org.apache.http.wire -  >> "Accept-Encoding: gzip,deflate[\r][\n]"
20:46:24.837 [CreateStudentsDataDrivenTest-1-thread-16] DEBUG org.apache.http.wire -  >> "[\r][\n]"
20:46:24.837 [CreateStudentsDataDrivenTest-1-thread-16] DEBUG org.apache.http.headers - >> POST /student HTTP/1.1
20:46:24.837 [CreateStudentsDataDrivenTest-1-thread-16] DEBUG org.apache.http.headers - >> Accept: */*
20:46:24.837 [CreateStudentsDataDrivenTest-1-thread-16] DEBUG org.apache.http.headers - >> Content-Type: application/json; charset=UTF-8
20:46:24.837 [CreateStudentsDataDrivenTest-1-thread-16] DEBUG org.apache.http.headers - >> Content-Length: 140
20:46:24.837 [CreateStudentsDataDrivenTest-1-thread-16] DEBUG org.apache.http.headers - >> Host: localhost:8085
20:46:24.837 [CreateStudentsDataDrivenTest-1-thread-16] DEBUG org.apache.http.headers - >> Connection: Keep-Alive
20:46:24.837 [CreateStudentsDataDrivenTest-1-thread-16] DEBUG org.apache.http.headers - >> User-Agent: Apache-HttpClient/4.5.13 (Java/11.0.20)
20:46:24.837 [CreateStudentsDataDrivenTest-1-thread-16] DEBUG org.apache.http.headers - >> Accept-Encoding: gzip,deflate
20:46:24.837 [CreateStudentsDataDrivenTest-1-thread-1] INFO   - Test Suite Started: Create students data driven test
20:46:24.837 [CreateStudentsDataDrivenTest-1-thread-16] DEBUG org.apache.http.wire -  >> "{"id":0,"firstName":"Lari","lastName":"Sumpton","email":"lsumpton2o@nationalgeographic.com","programme":"Computer Science","courses":["c#"]}"
20:46:24.838 [CreateStudentsDataDrivenTest-1-thread-1] DEBUG n.s.j.SerenityTestExecutionListener - Thread[CreateStudentsDataDrivenTest-1-thread-1,5,CreateStudentsDataDrivenTest-1] Test started TestIdentifier [uniqueId = [engine:junit-vintage]/[runner:com.studentapplication.junit.studentsinfo.CreateStudentsDataDrivenTest]/[test:com.studentapplication.junit.studentsinfo.CreateStudentsDataDrivenTest%5B97%5D]/[test:createMultipleStudents%5B97%5D(com.studentapplication.junit.studentsinfo.CreateStudentsDataDrivenTest)], parentId = [engine:junit-vintage]/[runner:com.studentapplication.junit.studentsinfo.CreateStudentsDataDrivenTest]/[test:com.studentapplication.junit.studentsinfo.CreateStudentsDataDrivenTest%5B97%5D], displayName = 'createMultipleStudents[97]', legacyReportingName = 'createMultipleStudents[97]', source = MethodSource [className = 'com.studentapplication.junit.studentsinfo.CreateStudentsDataDrivenTest', methodName = 'createMultipleStudents', methodParameterTypes = ''], tags = [], type = TEST]
20:46:24.838 [CreateStudentsDataDrivenTest-1-thread-1] INFO   - 
  _____   ___   ___   _____     ___   _____     _     ___   _____   ___   ___  
 |_   _| | __| / __| |_   _|   / __| |_   _|   /_\   | _ \ |_   _| | __| |   \ 
   | |   | _|  \__ \   | |     \__ \   | |    / _ \  |   /   | |   | _|  | |) |
   |_|   |___| |___/   |_|     |___/   |_|   /_/ \_\ |_|_\   |_|   |___| |___/ 

createMultipleStudents
--------------------------------------------------------------------------------
20:46:24.839 [CreateStudentsDataDrivenTest-1-thread-1] INFO   - 
  _____   ___   ___   _____     ___   _____     _     ___   _____   ___   ___  
 |_   _| | __| / __| |_   _|   / __| |_   _|   /_\   | _ \ |_   _| | __| |   \ 
   | |   | _|  \__ \   | |     \__ \   | |    / _ \  |   /   | |   | _|  | |) |
   |_|   |___| |___/   |_|     |___/   |_|   /_/ \_\ |_|_\   |_|   |___| |___/ 

createMultipleStudents[97]
--------------------------------------------------------------------------------
20:46:24.845 [CreateStudentsDataDrivenTest-1-thread-1] DEBUG n.t.core.steps.StepInterceptor - STARTING STEP: CreateStudentsDataDrivenTest.createMultipleStudents - Creating student with FirstName: {0}, LastName: {1}, Email: {2}, Programme: {3}, Courses: {4}
20:46:24.850 [CreateStudentsDataDrivenTest-1-thread-11] DEBUG org.apache.http.wire -  << "HTTP/1.1 500 [\r][\n]"
20:46:24.850 [CreateStudentsDataDrivenTest-1-thread-11] DEBUG org.apache.http.wire -  << "Content-Type: application/json;charset=UTF-8[\r][\n]"
20:46:24.850 [CreateStudentsDataDrivenTest-1-thread-11] DEBUG org.apache.http.wire -  << "Transfer-Encoding: chunked[\r][\n]"
20:46:24.850 [CreateStudentsDataDrivenTest-1-thread-11] DEBUG org.apache.http.wire -  << "Date: Thu, 23 Nov 2023 15:16:24 GMT[\r][\n]"
20:46:24.850 [CreateStudentsDataDrivenTest-1-thread-11] DEBUG org.apache.http.wire -  << "Connection: close[\r][\n]"
20:46:24.850 [CreateStudentsDataDrivenTest-1-thread-11] DEBUG org.apache.http.wire -  << "[\r][\n]"
20:46:24.851 [CreateStudentsDataDrivenTest-1-thread-11] DEBUG o.a.h.i.conn.DefaultClientConnection - Receiving response: HTTP/1.1 500 
20:46:24.851 [CreateStudentsDataDrivenTest-1-thread-11] DEBUG org.apache.http.headers - << HTTP/1.1 500 
20:46:24.851 [CreateStudentsDataDrivenTest-1-thread-11] DEBUG org.apache.http.headers - << Content-Type: application/json;charset=UTF-8
20:46:24.851 [CreateStudentsDataDrivenTest-1-thread-11] DEBUG org.apache.http.headers - << Transfer-Encoding: chunked
20:46:24.851 [CreateStudentsDataDrivenTest-1-thread-11] DEBUG org.apache.http.headers - << Date: Thu, 23 Nov 2023 15:16:24 GMT
20:46:24.851 [CreateStudentsDataDrivenTest-1-thread-11] DEBUG org.apache.http.headers - << Connection: close
20:46:24.851 [CreateStudentsDataDrivenTest-1-thread-11] DEBUG i.r.i.RequestSpecificationImpl$RestAssuredHttpBuilder - Parsing response as: application/json;charset=UTF-8
20:46:24.851 [CreateStudentsDataDrivenTest-1-thread-11] DEBUG i.r.i.RequestSpecificationImpl$RestAssuredHttpBuilder - Parsed data to instance of: class org.apache.http.conn.EofSensorInputStream
20:46:24.852 [CreateStudentsDataDrivenTest-1-thread-4] DEBUG org.apache.http.wire -  << "HTTP/1.1 500 [\r][\n]"
20:46:24.852 [CreateStudentsDataDrivenTest-1-thread-11] DEBUG org.apache.http.wire -  << "28[\r][\n]"
20:46:24.852 [CreateStudentsDataDrivenTest-1-thread-2] DEBUG org.apache.http.wire -  << "0[\r][\n]"
20:46:24.852 [CreateStudentsDataDrivenTest-1-thread-11] DEBUG org.apache.http.wire -  << "{"error":"Email address already exists"}"
20:46:24.852 [CreateStudentsDataDrivenTest-1-thread-2] DEBUG org.apache.http.wire -  << "[\r][\n]"
20:46:24.852 [CreateStudentsDataDrivenTest-1-thread-11] DEBUG org.apache.http.wire -  << "[\r][\n]"
20:46:24.852 [CreateStudentsDataDrivenTest-1-thread-2] DEBUG o.a.h.i.c.BasicClientConnectionManager - Releasing connection org.apache.http.impl.conn.ManagedClientConnectionImpl@67a3a987
20:46:24.852 [CreateStudentsDataDrivenTest-1-thread-11] DEBUG org.apache.http.wire -  << "0[\r][\n]"
20:46:24.852 [CreateStudentsDataDrivenTest-1-thread-4] DEBUG org.apache.http.wire -  << "Content-Type: application/json;charset=UTF-8[\r][\n]"
20:46:24.852 [CreateStudentsDataDrivenTest-1-thread-11] DEBUG org.apache.http.wire -  << "[\r][\n]"
20:46:24.852 [CreateStudentsDataDrivenTest-1-thread-4] DEBUG org.apache.http.wire -  << "Transfer-Encoding: chunked[\r][\n]"
20:46:24.852 [CreateStudentsDataDrivenTest-1-thread-11] DEBUG o.a.h.i.c.BasicClientConnectionManager - Releasing connection org.apache.http.impl.conn.ManagedClientConnectionImpl@550e65e8
20:46:24.852 [CreateStudentsDataDrivenTest-1-thread-4] DEBUG org.apache.http.wire -  << "Date: Thu, 23 Nov 2023 15:16:24 GMT[\r][\n]"
20:46:24.852 [CreateStudentsDataDrivenTest-1-thread-4] DEBUG org.apache.http.wire -  << "Connection: close[\r][\n]"
20:46:24.852 [CreateStudentsDataDrivenTest-1-thread-4] DEBUG org.apache.http.wire -  << "[\r][\n]"
20:46:24.852 [CreateStudentsDataDrivenTest-1-thread-4] DEBUG o.a.h.i.conn.DefaultClientConnection - Receiving response: HTTP/1.1 500 
20:46:24.852 [CreateStudentsDataDrivenTest-1-thread-4] DEBUG org.apache.http.headers - << HTTP/1.1 500 
20:46:24.852 [CreateStudentsDataDrivenTest-1-thread-4] DEBUG org.apache.http.headers - << Content-Type: application/json;charset=UTF-8
20:46:24.852 [CreateStudentsDataDrivenTest-1-thread-4] DEBUG org.apache.http.headers - << Transfer-Encoding: chunked
20:46:24.852 [CreateStudentsDataDrivenTest-1-thread-4] DEBUG org.apache.http.headers - << Date: Thu, 23 Nov 2023 15:16:24 GMT
20:46:24.852 [CreateStudentsDataDrivenTest-1-thread-4] DEBUG org.apache.http.headers - << Connection: close
20:46:24.852 [CreateStudentsDataDrivenTest-1-thread-2] DEBUG o.a.h.i.conn.DefaultClientConnection - Connection 0.0.0.0:54681<->127.0.0.1:8085 shut down
20:46:24.852 [CreateStudentsDataDrivenTest-1-thread-4] DEBUG i.r.i.RequestSpecificationImpl$RestAssuredHttpBuilder - Parsing response as: application/json;charset=UTF-8
20:46:24.852 [CreateStudentsDataDrivenTest-1-thread-4] DEBUG i.r.i.RequestSpecificationImpl$RestAssuredHttpBuilder - Parsed data to instance of: class org.apache.http.conn.EofSensorInputStream
20:46:24.853 [CreateStudentsDataDrivenTest-1-thread-4] DEBUG org.apache.http.wire -  << "28[\r][\n]"
20:46:24.853 [CreateStudentsDataDrivenTest-1-thread-4] DEBUG org.apache.http.wire -  << "{"error":"Email address already exists"}"
20:46:24.853 [CreateStudentsDataDrivenTest-1-thread-4] DEBUG org.apache.http.wire -  << "[\r][\n]"
20:46:24.853 [CreateStudentsDataDrivenTest-1-thread-11] DEBUG o.a.h.i.conn.DefaultClientConnection - Connection 0.0.0.0:54695<->127.0.0.1:8085 shut down
20:46:24.855 [CreateStudentsDataDrivenTest-1-thread-1] DEBUG o.a.h.i.c.BasicClientConnectionManager - Get connection for route {}->http://localhost:8085
20:46:24.855 [CreateStudentsDataDrivenTest-1-thread-1] DEBUG o.a.h.i.c.DefaultClientConnectionOperator - Connecting to localhost:8085
20:46:24.856 [CreateStudentsDataDrivenTest-1-thread-2] DEBUG n.t.core.steps.StepInterceptor - STEP DONE: Creating student with FirstName: {0}, LastName: {1}, Email: {2}, Programme: {3}, Courses: {4}
]]></system-out>
  </testcase>
  <testcase name="createMultipleStudents" classname="com.studentapplication.junit.studentsinfo.CreateStudentsDataDrivenTest" time="0.208">
    <system-out><![CDATA[20:46:24.856 [CreateStudentsDataDrivenTest-1-thread-1] DEBUG o.a.h.c.protocol.RequestAddCookies - CookieSpec selected: ignoreCookies
20:46:24.856 [CreateStudentsDataDrivenTest-1-thread-1] DEBUG o.a.h.c.protocol.RequestAuthCache - Auth cache not set in the context
20:46:24.856 [CreateStudentsDataDrivenTest-1-thread-2] INFO   - 
  _____   ___   ___   _____     ___     _     ___   ___   ___   ___  
 |_   _| | __| / __| |_   _|   | _ \   /_\   / __| / __| | __| |   \ 
   | |   | _|  \__ \   | |     |  _/  / _ \  \__ \ \__ \ | _|  | |) |
   |_|   |___| |___/   |_|     |_|   /_/ \_\ |___/ |___/ |___| |___/ 

Data Driven Test for adding multiple students to the Student APp
----------------------------------------------------------------------
20:46:24.856 [CreateStudentsDataDrivenTest-1-thread-1] DEBUG o.a.h.c.p.RequestTargetAuthentication - Target auth state: UNCHALLENGED
20:46:24.856 [CreateStudentsDataDrivenTest-1-thread-1] DEBUG o.a.h.c.p.RequestProxyAuthentication - Proxy auth state: UNCHALLENGED
20:46:24.856 [CreateStudentsDataDrivenTest-1-thread-1] DEBUG o.a.h.impl.client.DefaultHttpClient - Attempt 1 to execute request
20:46:24.856 [CreateStudentsDataDrivenTest-1-thread-1] DEBUG o.a.h.i.conn.DefaultClientConnection - Sending request: POST /student HTTP/1.1
20:46:24.856 [CreateStudentsDataDrivenTest-1-thread-1] DEBUG org.apache.http.wire -  >> "POST /student HTTP/1.1[\r][\n]"
20:46:24.856 [CreateStudentsDataDrivenTest-1-thread-1] DEBUG org.apache.http.wire -  >> "Accept: */*[\r][\n]"
20:46:24.856 [CreateStudentsDataDrivenTest-1-thread-1] DEBUG org.apache.http.wire -  >> "Content-Type: application/json; charset=UTF-8[\r][\n]"
20:46:24.856 [CreateStudentsDataDrivenTest-1-thread-1] DEBUG org.apache.http.wire -  >> "Content-Length: 124[\r][\n]"
20:46:24.856 [CreateStudentsDataDrivenTest-1-thread-1] DEBUG org.apache.http.wire -  >> "Host: localhost:8085[\r][\n]"
20:46:24.856 [CreateStudentsDataDrivenTest-1-thread-1] DEBUG org.apache.http.wire -  >> "Connection: Keep-Alive[\r][\n]"
20:46:24.856 [CreateStudentsDataDrivenTest-1-thread-1] DEBUG org.apache.http.wire -  >> "User-Agent: Apache-HttpClient/4.5.13 (Java/11.0.20)[\r][\n]"
20:46:24.856 [CreateStudentsDataDrivenTest-1-thread-1] DEBUG org.apache.http.wire -  >> "Accept-Encoding: gzip,deflate[\r][\n]"
20:46:24.856 [CreateStudentsDataDrivenTest-1-thread-1] DEBUG org.apache.http.wire -  >> "[\r][\n]"
20:46:24.856 [CreateStudentsDataDrivenTest-1-thread-1] DEBUG org.apache.http.headers - >> POST /student HTTP/1.1
20:46:24.856 [CreateStudentsDataDrivenTest-1-thread-1] DEBUG org.apache.http.headers - >> Accept: */*
20:46:24.856 [CreateStudentsDataDrivenTest-1-thread-1] DEBUG org.apache.http.headers - >> Content-Type: application/json; charset=UTF-8
20:46:24.856 [CreateStudentsDataDrivenTest-1-thread-1] DEBUG org.apache.http.headers - >> Content-Length: 124
20:46:24.856 [CreateStudentsDataDrivenTest-1-thread-1] DEBUG org.apache.http.headers - >> Host: localhost:8085
20:46:24.856 [CreateStudentsDataDrivenTest-1-thread-1] DEBUG org.apache.http.headers - >> Connection: Keep-Alive
20:46:24.856 [CreateStudentsDataDrivenTest-1-thread-1] DEBUG org.apache.http.headers - >> User-Agent: Apache-HttpClient/4.5.13 (Java/11.0.20)
20:46:24.856 [CreateStudentsDataDrivenTest-1-thread-1] DEBUG org.apache.http.headers - >> Accept-Encoding: gzip,deflate
20:46:24.856 [CreateStudentsDataDrivenTest-1-thread-1] DEBUG org.apache.http.wire -  >> "{"id":0,"firstName":"Mandel","lastName":"Gadney","email":"mgadney2p@youtu.be","programme":"Mechanical","courses":["python"]}"
20:46:24.857 [CreateStudentsDataDrivenTest-1-thread-11] DEBUG n.t.core.steps.StepInterceptor - STEP DONE: Creating student with FirstName: {0}, LastName: {1}, Email: {2}, Programme: {3}, Courses: {4}
]]></system-out>
  </testcase>
  <testcase name="createMultipleStudents" classname="com.studentapplication.junit.studentsinfo.CreateStudentsDataDrivenTest" time="0.838">
    <system-out><![CDATA[20:46:24.865 [CreateStudentsDataDrivenTest-1-thread-8] DEBUG n.t.core.steps.StepInterceptor - STEP DONE: Creating student with FirstName: {0}, LastName: {1}, Email: {2}, Programme: {3}, Courses: {4}
20:46:24.870 [CreateStudentsDataDrivenTest-1-thread-2] DEBUG n.thucydides.core.steps.StepEventBus - Test suite started for class com.studentapplication.junit.studentsinfo.CreateStudentsDataDrivenTest
20:46:24.870 [CreateStudentsDataDrivenTest-1-thread-2] INFO   - Test Suite Started: Create students data driven test
20:46:24.870 [CreateStudentsDataDrivenTest-1-thread-9] DEBUG n.t.core.steps.StepInterceptor - STEP DONE: Creating student with FirstName: {0}, LastName: {1}, Email: {2}, Programme: {3}, Courses: {4}
20:46:24.870 [CreateStudentsDataDrivenTest-1-thread-2] DEBUG n.s.j.SerenityTestExecutionListener - Thread[CreateStudentsDataDrivenTest-1-thread-2,5,CreateStudentsDataDrivenTest-1] Test started TestIdentifier [uniqueId = [engine:junit-vintage]/[runner:com.studentapplication.junit.studentsinfo.CreateStudentsDataDrivenTest]/[test:com.studentapplication.junit.studentsinfo.CreateStudentsDataDrivenTest%5B99%5D]/[test:createMultipleStudents%5B99%5D(com.studentapplication.junit.studentsinfo.CreateStudentsDataDrivenTest)], parentId = [engine:junit-vintage]/[runner:com.studentapplication.junit.studentsinfo.CreateStudentsDataDrivenTest]/[test:com.studentapplication.junit.studentsinfo.CreateStudentsDataDrivenTest%5B99%5D], displayName = 'createMultipleStudents[99]', legacyReportingName = 'createMultipleStudents[99]', source = MethodSource [className = 'com.studentapplication.junit.studentsinfo.CreateStudentsDataDrivenTest', methodName = 'createMultipleStudents', methodParameterTypes = ''], tags = [], type = TEST]
20:46:24.870 [CreateStudentsDataDrivenTest-1-thread-2] INFO   - 
  _____   ___   ___   _____     ___   _____     _     ___   _____   ___   ___  
 |_   _| | __| / __| |_   _|   / __| |_   _|   /_\   | _ \ |_   _| | __| |   \ 
   | |   | _|  \__ \   | |     \__ \   | |    / _ \  |   /   | |   | _|  | |) |
   |_|   |___| |___/   |_|     |___/   |_|   /_/ \_\ |_|_\   |_|   |___| |___/ 

createMultipleStudents
--------------------------------------------------------------------------------
20:46:24.871 [CreateStudentsDataDrivenTest-1-thread-2] INFO   - 
  _____   ___   ___   _____     ___   _____     _     ___   _____   ___   ___  
 |_   _| | __| / __| |_   _|   / __| |_   _|   /_\   | _ \ |_   _| | __| |   \ 
   | |   | _|  \__ \   | |     \__ \   | |    / _ \  |   /   | |   | _|  | |) |
   |_|   |___| |___/   |_|     |___/   |_|   /_/ \_\ |_|_\   |_|   |___| |___/ 

createMultipleStudents[99]
--------------------------------------------------------------------------------
]]></system-out>
  </testcase>
  <testcase name="createMultipleStudents" classname="com.studentapplication.junit.studentsinfo.CreateStudentsDataDrivenTest" time="1.111">
    <system-out><![CDATA[20:46:24.872 [CreateStudentsDataDrivenTest-1-thread-9] INFO   - 
  _____   ___   ___   _____     ___     _     ___   ___   ___   ___  
 |_   _| | __| / __| |_   _|   | _ \   /_\   / __| / __| | __| |   \ 
   | |   | _|  \__ \   | |     |  _/  / _ \  \__ \ \__ \ | _|  | |) |
   |_|   |___| |___/   |_|     |_|   /_/ \_\ |___/ |___/ |___| |___/ 

Data Driven Test for adding multiple students to the Student APp
----------------------------------------------------------------------
]]></system-out>
  </testcase>
  <testcase name="createMultipleStudents" classname="com.studentapplication.junit.studentsinfo.CreateStudentsDataDrivenTest" time="0.253">
    <system-out><![CDATA[20:46:24.873 [CreateStudentsDataDrivenTest-1-thread-8] INFO   - 
  _____   ___   ___   _____     ___     _     ___   ___   ___   ___  
 |_   _| | __| / __| |_   _|   | _ \   /_\   / __| / __| | __| |   \ 
   | |   | _|  \__ \   | |     |  _/  / _ \  \__ \ \__ \ | _|  | |) |
   |_|   |___| |___/   |_|     |_|   /_/ \_\ |___/ |___/ |___| |___/ 

Data Driven Test for adding multiple students to the Student APp
----------------------------------------------------------------------
]]></system-out>
  </testcase>
  <testcase name="createMultipleStudents" classname="com.studentapplication.junit.studentsinfo.CreateStudentsDataDrivenTest" time="0.972">
    <system-out><![CDATA[20:46:24.888 [CreateStudentsDataDrivenTest-1-thread-11] DEBUG n.thucydides.core.steps.StepEventBus - Test suite started for class com.studentapplication.junit.studentsinfo.CreateStudentsDataDrivenTest
20:46:24.888 [CreateStudentsDataDrivenTest-1-thread-11] INFO   - Test Suite Started: Create students data driven test
20:46:24.888 [CreateStudentsDataDrivenTest-1-thread-11] DEBUG n.s.j.SerenityTestExecutionListener - Thread[CreateStudentsDataDrivenTest-1-thread-11,5,CreateStudentsDataDrivenTest-1] Test started TestIdentifier [uniqueId = [engine:junit-vintage]/[runner:com.studentapplication.junit.studentsinfo.CreateStudentsDataDrivenTest]/[test:com.studentapplication.junit.studentsinfo.CreateStudentsDataDrivenTest%5B98%5D]/[test:createMultipleStudents%5B98%5D(com.studentapplication.junit.studentsinfo.CreateStudentsDataDrivenTest)], parentId = [engine:junit-vintage]/[runner:com.studentapplication.junit.studentsinfo.CreateStudentsDataDrivenTest]/[test:com.studentapplication.junit.studentsinfo.CreateStudentsDataDrivenTest%5B98%5D], displayName = 'createMultipleStudents[98]', legacyReportingName = 'createMultipleStudents[98]', source = MethodSource [className = 'com.studentapplication.junit.studentsinfo.CreateStudentsDataDrivenTest', methodName = 'createMultipleStudents', methodParameterTypes = ''], tags = [], type = TEST]
20:46:24.889 [CreateStudentsDataDrivenTest-1-thread-11] INFO   - 
  _____   ___   ___   _____     ___   _____     _     ___   _____   ___   ___  
 |_   _| | __| / __| |_   _|   / __| |_   _|   /_\   | _ \ |_   _| | __| |   \ 
   | |   | _|  \__ \   | |     \__ \   | |    / _ \  |   /   | |   | _|  | |) |
   |_|   |___| |___/   |_|     |___/   |_|   /_/ \_\ |_|_\   |_|   |___| |___/ 

createMultipleStudents
--------------------------------------------------------------------------------
20:46:24.890 [CreateStudentsDataDrivenTest-1-thread-11] INFO   - 
  _____   ___   ___   _____     ___   _____     _     ___   _____   ___   ___  
 |_   _| | __| / __| |_   _|   / __| |_   _|   /_\   | _ \ |_   _| | __| |   \ 
   | |   | _|  \__ \   | |     \__ \   | |    / _ \  |   /   | |   | _|  | |) |
   |_|   |___| |___/   |_|     |___/   |_|   /_/ \_\ |_|_\   |_|   |___| |___/ 

createMultipleStudents[98]
--------------------------------------------------------------------------------
20:46:24.895 [CreateStudentsDataDrivenTest-1-thread-11] DEBUG n.t.core.steps.StepInterceptor - STARTING STEP: CreateStudentsDataDrivenTest.createMultipleStudents - Creating student with FirstName: {0}, LastName: {1}, Email: {2}, Programme: {3}, Courses: {4}
20:46:24.903 [CreateStudentsDataDrivenTest-1-thread-11] DEBUG o.a.h.i.c.BasicClientConnectionManager - Get connection for route {}->http://localhost:8085
20:46:24.903 [CreateStudentsDataDrivenTest-1-thread-11] DEBUG o.a.h.i.c.DefaultClientConnectionOperator - Connecting to localhost:8085
20:46:24.904 [CreateStudentsDataDrivenTest-1-thread-11] DEBUG o.a.h.c.protocol.RequestAddCookies - CookieSpec selected: ignoreCookies
20:46:24.904 [CreateStudentsDataDrivenTest-1-thread-11] DEBUG o.a.h.c.protocol.RequestAuthCache - Auth cache not set in the context
20:46:24.904 [CreateStudentsDataDrivenTest-1-thread-11] DEBUG o.a.h.c.p.RequestTargetAuthentication - Target auth state: UNCHALLENGED
20:46:24.904 [CreateStudentsDataDrivenTest-1-thread-11] DEBUG o.a.h.c.p.RequestProxyAuthentication - Proxy auth state: UNCHALLENGED
20:46:24.904 [CreateStudentsDataDrivenTest-1-thread-11] DEBUG o.a.h.impl.client.DefaultHttpClient - Attempt 1 to execute request
20:46:24.904 [CreateStudentsDataDrivenTest-1-thread-11] DEBUG o.a.h.i.conn.DefaultClientConnection - Sending request: POST /student HTTP/1.1
20:46:24.904 [CreateStudentsDataDrivenTest-1-thread-11] DEBUG org.apache.http.wire -  >> "POST /student HTTP/1.1[\r][\n]"
20:46:24.904 [CreateStudentsDataDrivenTest-1-thread-11] DEBUG org.apache.http.wire -  >> "Accept: */*[\r][\n]"
20:46:24.904 [CreateStudentsDataDrivenTest-1-thread-11] DEBUG org.apache.http.wire -  >> "Content-Type: application/json; charset=UTF-8[\r][\n]"
20:46:24.904 [CreateStudentsDataDrivenTest-1-thread-11] DEBUG org.apache.http.wire -  >> "Content-Length: 131[\r][\n]"
20:46:24.904 [CreateStudentsDataDrivenTest-1-thread-11] DEBUG org.apache.http.wire -  >> "Host: localhost:8085[\r][\n]"
20:46:24.904 [CreateStudentsDataDrivenTest-1-thread-11] DEBUG org.apache.http.wire -  >> "Connection: Keep-Alive[\r][\n]"
20:46:24.904 [CreateStudentsDataDrivenTest-1-thread-11] DEBUG org.apache.http.wire -  >> "User-Agent: Apache-HttpClient/4.5.13 (Java/11.0.20)[\r][\n]"
20:46:24.904 [CreateStudentsDataDrivenTest-1-thread-11] DEBUG org.apache.http.wire -  >> "Accept-Encoding: gzip,deflate[\r][\n]"
20:46:24.904 [CreateStudentsDataDrivenTest-1-thread-11] DEBUG org.apache.http.wire -  >> "[\r][\n]"
20:46:24.904 [CreateStudentsDataDrivenTest-1-thread-11] DEBUG org.apache.http.headers - >> POST /student HTTP/1.1
20:46:24.904 [CreateStudentsDataDrivenTest-1-thread-11] DEBUG org.apache.http.headers - >> Accept: */*
20:46:24.904 [CreateStudentsDataDrivenTest-1-thread-11] DEBUG org.apache.http.headers - >> Content-Type: application/json; charset=UTF-8
20:46:24.904 [CreateStudentsDataDrivenTest-1-thread-11] DEBUG org.apache.http.headers - >> Content-Length: 131
20:46:24.904 [CreateStudentsDataDrivenTest-1-thread-11] DEBUG org.apache.http.headers - >> Host: localhost:8085
20:46:24.904 [CreateStudentsDataDrivenTest-1-thread-11] DEBUG org.apache.http.headers - >> Connection: Keep-Alive
20:46:24.904 [CreateStudentsDataDrivenTest-1-thread-11] DEBUG org.apache.http.headers - >> User-Agent: Apache-HttpClient/4.5.13 (Java/11.0.20)
20:46:24.904 [CreateStudentsDataDrivenTest-1-thread-11] DEBUG org.apache.http.headers - >> Accept-Encoding: gzip,deflate
20:46:24.904 [CreateStudentsDataDrivenTest-1-thread-11] DEBUG org.apache.http.wire -  >> "{"id":0,"firstName":"Lexy","lastName":"Eteen","email":"leteen2q@discovery.com","programme":"Computer Science","courses":["python"]}"
20:46:24.932 [CreateStudentsDataDrivenTest-1-thread-15] DEBUG org.apache.http.wire -  << "HTTP/1.1 500 [\r][\n]"
20:46:24.932 [CreateStudentsDataDrivenTest-1-thread-15] DEBUG org.apache.http.wire -  << "Content-Type: application/json;charset=UTF-8[\r][\n]"
20:46:24.932 [CreateStudentsDataDrivenTest-1-thread-15] DEBUG org.apache.http.wire -  << "Transfer-Encoding: chunked[\r][\n]"
20:46:24.932 [CreateStudentsDataDrivenTest-1-thread-15] DEBUG org.apache.http.wire -  << "Date: Thu, 23 Nov 2023 15:16:24 GMT[\r][\n]"
20:46:24.932 [CreateStudentsDataDrivenTest-1-thread-15] DEBUG org.apache.http.wire -  << "Connection: close[\r][\n]"
20:46:24.932 [CreateStudentsDataDrivenTest-1-thread-15] DEBUG org.apache.http.wire -  << "[\r][\n]"
20:46:24.932 [CreateStudentsDataDrivenTest-1-thread-15] DEBUG o.a.h.i.conn.DefaultClientConnection - Receiving response: HTTP/1.1 500 
20:46:24.932 [CreateStudentsDataDrivenTest-1-thread-15] DEBUG org.apache.http.headers - << HTTP/1.1 500 
20:46:24.932 [CreateStudentsDataDrivenTest-1-thread-15] DEBUG org.apache.http.headers - << Content-Type: application/json;charset=UTF-8
20:46:24.932 [CreateStudentsDataDrivenTest-1-thread-15] DEBUG org.apache.http.headers - << Transfer-Encoding: chunked
20:46:24.932 [CreateStudentsDataDrivenTest-1-thread-15] DEBUG org.apache.http.headers - << Date: Thu, 23 Nov 2023 15:16:24 GMT
20:46:24.932 [CreateStudentsDataDrivenTest-1-thread-15] DEBUG org.apache.http.headers - << Connection: close
20:46:24.933 [CreateStudentsDataDrivenTest-1-thread-15] DEBUG i.r.i.RequestSpecificationImpl$RestAssuredHttpBuilder - Parsing response as: application/json;charset=UTF-8
20:46:24.933 [CreateStudentsDataDrivenTest-1-thread-15] DEBUG i.r.i.RequestSpecificationImpl$RestAssuredHttpBuilder - Parsed data to instance of: class org.apache.http.conn.EofSensorInputStream
20:46:24.933 [CreateStudentsDataDrivenTest-1-thread-6] DEBUG org.apache.http.wire -  << "HTTP/1.1 500 [\r][\n]"
20:46:24.933 [CreateStudentsDataDrivenTest-1-thread-6] DEBUG org.apache.http.wire -  << "Content-Type: application/json;charset=UTF-8[\r][\n]"
20:46:24.933 [CreateStudentsDataDrivenTest-1-thread-6] DEBUG org.apache.http.wire -  << "Transfer-Encoding: chunked[\r][\n]"
20:46:24.933 [CreateStudentsDataDrivenTest-1-thread-6] DEBUG org.apache.http.wire -  << "Date: Thu, 23 Nov 2023 15:16:24 GMT[\r][\n]"
20:46:24.933 [CreateStudentsDataDrivenTest-1-thread-6] DEBUG org.apache.http.wire -  << "Connection: close[\r][\n]"
20:46:24.933 [CreateStudentsDataDrivenTest-1-thread-6] DEBUG org.apache.http.wire -  << "[\r][\n]"
20:46:24.933 [CreateStudentsDataDrivenTest-1-thread-6] DEBUG o.a.h.i.conn.DefaultClientConnection - Receiving response: HTTP/1.1 500 
20:46:24.933 [CreateStudentsDataDrivenTest-1-thread-6] DEBUG org.apache.http.headers - << HTTP/1.1 500 
20:46:24.933 [CreateStudentsDataDrivenTest-1-thread-6] DEBUG org.apache.http.headers - << Content-Type: application/json;charset=UTF-8
20:46:24.933 [CreateStudentsDataDrivenTest-1-thread-6] DEBUG org.apache.http.headers - << Transfer-Encoding: chunked
20:46:24.933 [CreateStudentsDataDrivenTest-1-thread-6] DEBUG org.apache.http.headers - << Date: Thu, 23 Nov 2023 15:16:24 GMT
20:46:24.933 [CreateStudentsDataDrivenTest-1-thread-6] DEBUG org.apache.http.headers - << Connection: close
20:46:24.934 [CreateStudentsDataDrivenTest-1-thread-15] DEBUG org.apache.http.wire -  << "28[\r][\n]"
20:46:24.934 [CreateStudentsDataDrivenTest-1-thread-15] DEBUG org.apache.http.wire -  << "{"error":"Email address already exists"}"
20:46:24.934 [CreateStudentsDataDrivenTest-1-thread-15] DEBUG org.apache.http.wire -  << "[\r][\n]"
20:46:24.934 [CreateStudentsDataDrivenTest-1-thread-15] DEBUG org.apache.http.wire -  << "0[\r][\n]"
20:46:24.934 [CreateStudentsDataDrivenTest-1-thread-15] DEBUG org.apache.http.wire -  << "[\r][\n]"
20:46:24.934 [CreateStudentsDataDrivenTest-1-thread-15] DEBUG o.a.h.i.c.BasicClientConnectionManager - Releasing connection org.apache.http.impl.conn.ManagedClientConnectionImpl@314bfb73
20:46:24.934 [CreateStudentsDataDrivenTest-1-thread-6] DEBUG i.r.i.RequestSpecificationImpl$RestAssuredHttpBuilder - Parsing response as: application/json;charset=UTF-8
20:46:24.934 [CreateStudentsDataDrivenTest-1-thread-6] DEBUG i.r.i.RequestSpecificationImpl$RestAssuredHttpBuilder - Parsed data to instance of: class org.apache.http.conn.EofSensorInputStream
20:46:24.934 [CreateStudentsDataDrivenTest-1-thread-15] DEBUG o.a.h.i.conn.DefaultClientConnection - Connection 0.0.0.0:54686<->127.0.0.1:8085 shut down
20:46:24.935 [CreateStudentsDataDrivenTest-1-thread-6] DEBUG org.apache.http.wire -  << "28[\r][\n]"
20:46:24.935 [CreateStudentsDataDrivenTest-1-thread-6] DEBUG org.apache.http.wire -  << "{"error":"Email address already exists"}"
20:46:24.935 [CreateStudentsDataDrivenTest-1-thread-6] DEBUG org.apache.http.wire -  << "[\r][\n]"
20:46:24.935 [CreateStudentsDataDrivenTest-1-thread-6] DEBUG org.apache.http.wire -  << "0[\r][\n]"
20:46:24.935 [CreateStudentsDataDrivenTest-1-thread-6] DEBUG org.apache.http.wire -  << "[\r][\n]"
20:46:24.935 [CreateStudentsDataDrivenTest-1-thread-6] DEBUG o.a.h.i.c.BasicClientConnectionManager - Releasing connection org.apache.http.impl.conn.ManagedClientConnectionImpl@23083ff2
20:46:24.935 [CreateStudentsDataDrivenTest-1-thread-6] DEBUG o.a.h.i.conn.DefaultClientConnection - Connection 0.0.0.0:54678<->127.0.0.1:8085 shut down
20:46:24.938 [CreateStudentsDataDrivenTest-1-thread-15] DEBUG n.t.core.steps.StepInterceptor - STEP DONE: Creating student with FirstName: {0}, LastName: {1}, Email: {2}, Programme: {3}, Courses: {4}
]]></system-out>
  </testcase>
  <testcase name="createMultipleStudents" classname="com.studentapplication.junit.studentsinfo.CreateStudentsDataDrivenTest" time="1.636">
    <system-out><![CDATA[20:46:24.938 [CreateStudentsDataDrivenTest-1-thread-15] INFO   - 
  _____   ___   ___   _____     ___     _     ___   ___   ___   ___  
 |_   _| | __| / __| |_   _|   | _ \   /_\   / __| / __| | __| |   \ 
   | |   | _|  \__ \   | |     |  _/  / _ \  \__ \ \__ \ | _|  | |) |
   |_|   |___| |___/   |_|     |_|   /_/ \_\ |___/ |___/ |___| |___/ 

Data Driven Test for adding multiple students to the Student APp
----------------------------------------------------------------------
20:46:24.939 [CreateStudentsDataDrivenTest-1-thread-6] DEBUG n.t.core.steps.StepInterceptor - STEP DONE: Creating student with FirstName: {0}, LastName: {1}, Email: {2}, Programme: {3}, Courses: {4}
]]></system-out>
  </testcase>
  <testcase name="createMultipleStudents" classname="com.studentapplication.junit.studentsinfo.CreateStudentsDataDrivenTest" time="0.308">
    <system-out><![CDATA[20:46:24.940 [CreateStudentsDataDrivenTest-1-thread-6] INFO   - 
  _____   ___   ___   _____     ___     _     ___   ___   ___   ___  
 |_   _| | __| / __| |_   _|   | _ \   /_\   / __| / __| | __| |   \ 
   | |   | _|  \__ \   | |     |  _/  / _ \  \__ \ \__ \ | _|  | |) |
   |_|   |___| |___/   |_|     |_|   /_/ \_\ |___/ |___/ |___| |___/ 

Data Driven Test for adding multiple students to the Student APp
----------------------------------------------------------------------
20:46:24.978 [CreateStudentsDataDrivenTest-1-thread-12] DEBUG org.apache.http.wire -  << "HTTP/1.1 500 [\r][\n]"
20:46:24.979 [CreateStudentsDataDrivenTest-1-thread-7] DEBUG org.apache.http.wire -  << "HTTP/1.1 500 [\r][\n]"
20:46:24.979 [CreateStudentsDataDrivenTest-1-thread-12] DEBUG org.apache.http.wire -  << "Content-Type: application/json;charset=UTF-8[\r][\n]"
20:46:24.979 [CreateStudentsDataDrivenTest-1-thread-7] DEBUG org.apache.http.wire -  << "Content-Type: application/json;charset=UTF-8[\r][\n]"
20:46:24.979 [CreateStudentsDataDrivenTest-1-thread-12] DEBUG org.apache.http.wire -  << "Transfer-Encoding: chunked[\r][\n]"
20:46:24.979 [CreateStudentsDataDrivenTest-1-thread-7] DEBUG org.apache.http.wire -  << "Transfer-Encoding: chunked[\r][\n]"
20:46:24.979 [CreateStudentsDataDrivenTest-1-thread-12] DEBUG org.apache.http.wire -  << "Date: Thu, 23 Nov 2023 15:16:24 GMT[\r][\n]"
20:46:24.979 [CreateStudentsDataDrivenTest-1-thread-7] DEBUG org.apache.http.wire -  << "Date: Thu, 23 Nov 2023 15:16:24 GMT[\r][\n]"
20:46:24.979 [CreateStudentsDataDrivenTest-1-thread-12] DEBUG org.apache.http.wire -  << "Connection: close[\r][\n]"
20:46:24.979 [CreateStudentsDataDrivenTest-1-thread-7] DEBUG org.apache.http.wire -  << "Connection: close[\r][\n]"
20:46:24.979 [CreateStudentsDataDrivenTest-1-thread-12] DEBUG org.apache.http.wire -  << "[\r][\n]"
20:46:24.979 [CreateStudentsDataDrivenTest-1-thread-7] DEBUG org.apache.http.wire -  << "[\r][\n]"
20:46:24.979 [CreateStudentsDataDrivenTest-1-thread-12] DEBUG o.a.h.i.conn.DefaultClientConnection - Receiving response: HTTP/1.1 500 
20:46:24.979 [CreateStudentsDataDrivenTest-1-thread-7] DEBUG o.a.h.i.conn.DefaultClientConnection - Receiving response: HTTP/1.1 500 
20:46:24.979 [CreateStudentsDataDrivenTest-1-thread-12] DEBUG org.apache.http.headers - << HTTP/1.1 500 
20:46:24.979 [CreateStudentsDataDrivenTest-1-thread-7] DEBUG org.apache.http.headers - << HTTP/1.1 500 
20:46:24.979 [CreateStudentsDataDrivenTest-1-thread-12] DEBUG org.apache.http.headers - << Content-Type: application/json;charset=UTF-8
20:46:24.979 [CreateStudentsDataDrivenTest-1-thread-7] DEBUG org.apache.http.headers - << Content-Type: application/json;charset=UTF-8
20:46:24.979 [CreateStudentsDataDrivenTest-1-thread-12] DEBUG org.apache.http.headers - << Transfer-Encoding: chunked
20:46:24.979 [CreateStudentsDataDrivenTest-1-thread-7] DEBUG org.apache.http.headers - << Transfer-Encoding: chunked
20:46:24.979 [CreateStudentsDataDrivenTest-1-thread-12] DEBUG org.apache.http.headers - << Date: Thu, 23 Nov 2023 15:16:24 GMT
20:46:24.979 [CreateStudentsDataDrivenTest-1-thread-7] DEBUG org.apache.http.headers - << Date: Thu, 23 Nov 2023 15:16:24 GMT
20:46:24.979 [CreateStudentsDataDrivenTest-1-thread-12] DEBUG org.apache.http.headers - << Connection: close
20:46:24.979 [CreateStudentsDataDrivenTest-1-thread-7] DEBUG org.apache.http.headers - << Connection: close
20:46:24.979 [CreateStudentsDataDrivenTest-1-thread-7] DEBUG i.r.i.RequestSpecificationImpl$RestAssuredHttpBuilder - Parsing response as: application/json;charset=UTF-8
20:46:24.979 [CreateStudentsDataDrivenTest-1-thread-12] DEBUG i.r.i.RequestSpecificationImpl$RestAssuredHttpBuilder - Parsing response as: application/json;charset=UTF-8
20:46:24.979 [CreateStudentsDataDrivenTest-1-thread-7] DEBUG i.r.i.RequestSpecificationImpl$RestAssuredHttpBuilder - Parsed data to instance of: class org.apache.http.conn.EofSensorInputStream
20:46:24.979 [CreateStudentsDataDrivenTest-1-thread-12] DEBUG i.r.i.RequestSpecificationImpl$RestAssuredHttpBuilder - Parsed data to instance of: class org.apache.http.conn.EofSensorInputStream
20:46:24.980 [CreateStudentsDataDrivenTest-1-thread-12] DEBUG org.apache.http.wire -  << "28[\r][\n]"
20:46:24.980 [CreateStudentsDataDrivenTest-1-thread-12] DEBUG org.apache.http.wire -  << "{"error":"Email address already exists"}"
20:46:24.980 [CreateStudentsDataDrivenTest-1-thread-12] DEBUG org.apache.http.wire -  << "[\r][\n]"
20:46:24.980 [CreateStudentsDataDrivenTest-1-thread-12] DEBUG org.apache.http.wire -  << "0[\r][\n]"
20:46:24.980 [CreateStudentsDataDrivenTest-1-thread-12] DEBUG org.apache.http.wire -  << "[\r][\n]"
20:46:24.980 [CreateStudentsDataDrivenTest-1-thread-12] DEBUG o.a.h.i.c.BasicClientConnectionManager - Releasing connection org.apache.http.impl.conn.ManagedClientConnectionImpl@875ae99
20:46:24.980 [CreateStudentsDataDrivenTest-1-thread-7] DEBUG org.apache.http.wire -  << "28[\r][\n]"
20:46:24.980 [CreateStudentsDataDrivenTest-1-thread-7] DEBUG org.apache.http.wire -  << "{"error":"Email address already exists"}"
20:46:24.981 [CreateStudentsDataDrivenTest-1-thread-7] DEBUG org.apache.http.wire -  << "[\r][\n]"
20:46:24.981 [CreateStudentsDataDrivenTest-1-thread-12] DEBUG o.a.h.i.conn.DefaultClientConnection - Connection 0.0.0.0:54698<->127.0.0.1:8085 shut down
20:46:24.981 [CreateStudentsDataDrivenTest-1-thread-7] DEBUG org.apache.http.wire -  << "0[\r][\n]"
20:46:24.981 [CreateStudentsDataDrivenTest-1-thread-7] DEBUG org.apache.http.wire -  << "[\r][\n]"
20:46:24.981 [CreateStudentsDataDrivenTest-1-thread-7] DEBUG o.a.h.i.c.BasicClientConnectionManager - Releasing connection org.apache.http.impl.conn.ManagedClientConnectionImpl@3f58e96b
20:46:24.981 [CreateStudentsDataDrivenTest-1-thread-7] DEBUG o.a.h.i.conn.DefaultClientConnection - Connection 0.0.0.0:54696<->127.0.0.1:8085 shut down
20:46:24.984 [CreateStudentsDataDrivenTest-1-thread-7] DEBUG n.t.core.steps.StepInterceptor - STEP DONE: Creating student with FirstName: {0}, LastName: {1}, Email: {2}, Programme: {3}, Courses: {4}
20:46:24.984 [CreateStudentsDataDrivenTest-1-thread-12] DEBUG n.t.core.steps.StepInterceptor - STEP DONE: Creating student with FirstName: {0}, LastName: {1}, Email: {2}, Programme: {3}, Courses: {4}
]]></system-out>
  </testcase>
  <testcase name="createMultipleStudents" classname="com.studentapplication.junit.studentsinfo.CreateStudentsDataDrivenTest" time="0.233">
    <system-out><![CDATA[20:46:24.985 [CreateStudentsDataDrivenTest-1-thread-7] INFO   - 
  _____   ___   ___   _____     ___     _     ___   ___   ___   ___  
 |_   _| | __| / __| |_   _|   | _ \   /_\   / __| / __| | __| |   \ 
   | |   | _|  \__ \   | |     |  _/  / _ \  \__ \ \__ \ | _|  | |) |
   |_|   |___| |___/   |_|     |_|   /_/ \_\ |___/ |___/ |___| |___/ 

Data Driven Test for adding multiple students to the Student APp
----------------------------------------------------------------------
20:46:24.985 [CreateStudentsDataDrivenTest-1-thread-13] DEBUG org.apache.http.wire -  << "HTTP/1.1 500 [\r][\n]"
20:46:24.985 [CreateStudentsDataDrivenTest-1-thread-13] DEBUG org.apache.http.wire -  << "Content-Type: application/json;charset=UTF-8[\r][\n]"
20:46:24.986 [CreateStudentsDataDrivenTest-1-thread-13] DEBUG org.apache.http.wire -  << "Transfer-Encoding: chunked[\r][\n]"
20:46:24.986 [CreateStudentsDataDrivenTest-1-thread-13] DEBUG org.apache.http.wire -  << "Date: Thu, 23 Nov 2023 15:16:24 GMT[\r][\n]"
20:46:24.986 [CreateStudentsDataDrivenTest-1-thread-13] DEBUG org.apache.http.wire -  << "Connection: close[\r][\n]"
20:46:24.986 [CreateStudentsDataDrivenTest-1-thread-13] DEBUG org.apache.http.wire -  << "[\r][\n]"
20:46:24.986 [CreateStudentsDataDrivenTest-1-thread-13] DEBUG o.a.h.i.conn.DefaultClientConnection - Receiving response: HTTP/1.1 500 
20:46:24.986 [CreateStudentsDataDrivenTest-1-thread-13] DEBUG org.apache.http.headers - << HTTP/1.1 500 
20:46:24.986 [CreateStudentsDataDrivenTest-1-thread-13] DEBUG org.apache.http.headers - << Content-Type: application/json;charset=UTF-8
20:46:24.986 [CreateStudentsDataDrivenTest-1-thread-13] DEBUG org.apache.http.headers - << Transfer-Encoding: chunked
20:46:24.986 [CreateStudentsDataDrivenTest-1-thread-13] DEBUG org.apache.http.headers - << Date: Thu, 23 Nov 2023 15:16:24 GMT
20:46:24.986 [CreateStudentsDataDrivenTest-1-thread-13] DEBUG org.apache.http.headers - << Connection: close
20:46:24.986 [CreateStudentsDataDrivenTest-1-thread-13] DEBUG i.r.i.RequestSpecificationImpl$RestAssuredHttpBuilder - Parsing response as: application/json;charset=UTF-8
20:46:24.986 [CreateStudentsDataDrivenTest-1-thread-13] DEBUG i.r.i.RequestSpecificationImpl$RestAssuredHttpBuilder - Parsed data to instance of: class org.apache.http.conn.EofSensorInputStream
20:46:24.987 [CreateStudentsDataDrivenTest-1-thread-13] DEBUG org.apache.http.wire -  << "28[\r][\n]"
]]></system-out>
  </testcase>
  <testcase name="createMultipleStudents" classname="com.studentapplication.junit.studentsinfo.CreateStudentsDataDrivenTest" time="0.274">
    <system-out><![CDATA[20:46:24.987 [CreateStudentsDataDrivenTest-1-thread-13] DEBUG org.apache.http.wire -  << "{"error":"Email address already exists"}"
20:46:24.987 [CreateStudentsDataDrivenTest-1-thread-12] INFO   - 
  _____   ___   ___   _____     ___     _     ___   ___   ___   ___  
 |_   _| | __| / __| |_   _|   | _ \   /_\   / __| / __| | __| |   \ 
   | |   | _|  \__ \   | |     |  _/  / _ \  \__ \ \__ \ | _|  | |) |
   |_|   |___| |___/   |_|     |_|   /_/ \_\ |___/ |___/ |___| |___/ 

Data Driven Test for adding multiple students to the Student APp
----------------------------------------------------------------------
20:46:24.987 [CreateStudentsDataDrivenTest-1-thread-13] DEBUG org.apache.http.wire -  << "[\r][\n]"
20:46:24.987 [CreateStudentsDataDrivenTest-1-thread-14] DEBUG org.apache.http.wire -  << "HTTP/1.1 500 [\r][\n]"
20:46:24.987 [CreateStudentsDataDrivenTest-1-thread-14] DEBUG org.apache.http.wire -  << "Content-Type: application/json;charset=UTF-8[\r][\n]"
20:46:24.987 [CreateStudentsDataDrivenTest-1-thread-14] DEBUG org.apache.http.wire -  << "Transfer-Encoding: chunked[\r][\n]"
20:46:24.987 [CreateStudentsDataDrivenTest-1-thread-14] DEBUG org.apache.http.wire -  << "Date: Thu, 23 Nov 2023 15:16:24 GMT[\r][\n]"
20:46:24.987 [CreateStudentsDataDrivenTest-1-thread-14] DEBUG org.apache.http.wire -  << "Connection: close[\r][\n]"
20:46:24.987 [CreateStudentsDataDrivenTest-1-thread-14] DEBUG org.apache.http.wire -  << "[\r][\n]"
20:46:24.987 [CreateStudentsDataDrivenTest-1-thread-14] DEBUG o.a.h.i.conn.DefaultClientConnection - Receiving response: HTTP/1.1 500 
20:46:24.988 [CreateStudentsDataDrivenTest-1-thread-14] DEBUG org.apache.http.headers - << HTTP/1.1 500 
20:46:24.988 [CreateStudentsDataDrivenTest-1-thread-14] DEBUG org.apache.http.headers - << Content-Type: application/json;charset=UTF-8
20:46:24.988 [CreateStudentsDataDrivenTest-1-thread-14] DEBUG org.apache.http.headers - << Transfer-Encoding: chunked
20:46:24.988 [CreateStudentsDataDrivenTest-1-thread-14] DEBUG org.apache.http.headers - << Date: Thu, 23 Nov 2023 15:16:24 GMT
20:46:24.988 [CreateStudentsDataDrivenTest-1-thread-14] DEBUG org.apache.http.headers - << Connection: close
20:46:24.988 [CreateStudentsDataDrivenTest-1-thread-14] DEBUG i.r.i.RequestSpecificationImpl$RestAssuredHttpBuilder - Parsing response as: application/json;charset=UTF-8
20:46:24.988 [CreateStudentsDataDrivenTest-1-thread-14] DEBUG i.r.i.RequestSpecificationImpl$RestAssuredHttpBuilder - Parsed data to instance of: class org.apache.http.conn.EofSensorInputStream
20:46:24.988 [CreateStudentsDataDrivenTest-1-thread-14] DEBUG org.apache.http.wire -  << "28[\r][\n]"
20:46:24.989 [CreateStudentsDataDrivenTest-1-thread-14] DEBUG org.apache.http.wire -  << "{"error":"Email address already exists"}"
20:46:24.989 [CreateStudentsDataDrivenTest-1-thread-14] DEBUG org.apache.http.wire -  << "[\r][\n]"
20:46:24.989 [CreateStudentsDataDrivenTest-1-thread-14] DEBUG org.apache.http.wire -  << "0[\r][\n]"
20:46:24.989 [CreateStudentsDataDrivenTest-1-thread-14] DEBUG org.apache.http.wire -  << "[\r][\n]"
20:46:24.989 [CreateStudentsDataDrivenTest-1-thread-14] DEBUG o.a.h.i.c.BasicClientConnectionManager - Releasing connection org.apache.http.impl.conn.ManagedClientConnectionImpl@8b4ed55
20:46:24.989 [CreateStudentsDataDrivenTest-1-thread-14] DEBUG o.a.h.i.conn.DefaultClientConnection - Connection 0.0.0.0:54697<->127.0.0.1:8085 shut down
20:46:24.995 [CreateStudentsDataDrivenTest-1-thread-14] DEBUG n.t.core.steps.StepInterceptor - STEP DONE: Creating student with FirstName: {0}, LastName: {1}, Email: {2}, Programme: {3}, Courses: {4}
]]></system-out>
  </testcase>
  <testcase name="createMultipleStudents" classname="com.studentapplication.junit.studentsinfo.CreateStudentsDataDrivenTest" time="0.494">
    <system-out><![CDATA[20:46:24.996 [CreateStudentsDataDrivenTest-1-thread-14] INFO   - 
  _____   ___   ___   _____     ___     _     ___   ___   ___   ___  
 |_   _| | __| / __| |_   _|   | _ \   /_\   / __| / __| | __| |   \ 
   | |   | _|  \__ \   | |     |  _/  / _ \  \__ \ \__ \ | _|  | |) |
   |_|   |___| |___/   |_|     |_|   /_/ \_\ |___/ |___/ |___| |___/ 

Data Driven Test for adding multiple students to the Student APp
----------------------------------------------------------------------
20:46:25.014 [CreateStudentsDataDrivenTest-1-thread-10] DEBUG org.apache.http.wire -  << "HTTP/1.1 500 [\r][\n]"
20:46:25.014 [CreateStudentsDataDrivenTest-1-thread-10] DEBUG org.apache.http.wire -  << "Content-Type: application/json;charset=UTF-8[\r][\n]"
20:46:25.014 [CreateStudentsDataDrivenTest-1-thread-10] DEBUG org.apache.http.wire -  << "Transfer-Encoding: chunked[\r][\n]"
20:46:25.014 [CreateStudentsDataDrivenTest-1-thread-10] DEBUG org.apache.http.wire -  << "Date: Thu, 23 Nov 2023 15:16:24 GMT[\r][\n]"
20:46:25.014 [CreateStudentsDataDrivenTest-1-thread-10] DEBUG org.apache.http.wire -  << "Connection: close[\r][\n]"
20:46:25.014 [CreateStudentsDataDrivenTest-1-thread-10] DEBUG org.apache.http.wire -  << "[\r][\n]"
20:46:25.014 [CreateStudentsDataDrivenTest-1-thread-10] DEBUG o.a.h.i.conn.DefaultClientConnection - Receiving response: HTTP/1.1 500 
20:46:25.014 [CreateStudentsDataDrivenTest-1-thread-10] DEBUG org.apache.http.headers - << HTTP/1.1 500 
20:46:25.014 [CreateStudentsDataDrivenTest-1-thread-10] DEBUG org.apache.http.headers - << Content-Type: application/json;charset=UTF-8
20:46:25.014 [CreateStudentsDataDrivenTest-1-thread-10] DEBUG org.apache.http.headers - << Transfer-Encoding: chunked
20:46:25.015 [CreateStudentsDataDrivenTest-1-thread-10] DEBUG org.apache.http.headers - << Date: Thu, 23 Nov 2023 15:16:24 GMT
20:46:25.015 [CreateStudentsDataDrivenTest-1-thread-10] DEBUG org.apache.http.headers - << Connection: close
20:46:25.015 [CreateStudentsDataDrivenTest-1-thread-10] DEBUG i.r.i.RequestSpecificationImpl$RestAssuredHttpBuilder - Parsing response as: application/json;charset=UTF-8
20:46:25.015 [CreateStudentsDataDrivenTest-1-thread-10] DEBUG i.r.i.RequestSpecificationImpl$RestAssuredHttpBuilder - Parsed data to instance of: class org.apache.http.conn.EofSensorInputStream
20:46:25.016 [CreateStudentsDataDrivenTest-1-thread-10] DEBUG org.apache.http.wire -  << "28[\r][\n]"
20:46:25.016 [CreateStudentsDataDrivenTest-1-thread-10] DEBUG org.apache.http.wire -  << "{"error":"Email address already exists"}"
20:46:25.016 [CreateStudentsDataDrivenTest-1-thread-10] DEBUG org.apache.http.wire -  << "[\r][\n]"
20:46:25.016 [CreateStudentsDataDrivenTest-1-thread-10] DEBUG org.apache.http.wire -  << "0[\r][\n]"
20:46:25.016 [CreateStudentsDataDrivenTest-1-thread-10] DEBUG org.apache.http.wire -  << "[\r][\n]"
20:46:25.016 [CreateStudentsDataDrivenTest-1-thread-10] DEBUG o.a.h.i.c.BasicClientConnectionManager - Releasing connection org.apache.http.impl.conn.ManagedClientConnectionImpl@5d37a516
20:46:25.016 [CreateStudentsDataDrivenTest-1-thread-10] DEBUG o.a.h.i.conn.DefaultClientConnection - Connection 0.0.0.0:54691<->127.0.0.1:8085 shut down
20:46:25.020 [CreateStudentsDataDrivenTest-1-thread-10] DEBUG n.t.core.steps.StepInterceptor - STEP DONE: Creating student with FirstName: {0}, LastName: {1}, Email: {2}, Programme: {3}, Courses: {4}
]]></system-out>
  </testcase>
  <testcase name="createMultipleStudents" classname="com.studentapplication.junit.studentsinfo.CreateStudentsDataDrivenTest" time="0.444">
    <system-out><![CDATA[20:46:25.021 [CreateStudentsDataDrivenTest-1-thread-10] INFO   - 
  _____   ___   ___   _____     ___     _     ___   ___   ___   ___  
 |_   _| | __| / __| |_   _|   | _ \   /_\   / __| / __| | __| |   \ 
   | |   | _|  \__ \   | |     |  _/  / _ \  \__ \ \__ \ | _|  | |) |
   |_|   |___| |___/   |_|     |_|   /_/ \_\ |___/ |___/ |___| |___/ 

Data Driven Test for adding multiple students to the Student APp
----------------------------------------------------------------------
20:46:25.021 [CreateStudentsDataDrivenTest-1-thread-3] DEBUG org.apache.http.wire -  << "HTTP/1.1 500 [\r][\n]"
20:46:25.021 [CreateStudentsDataDrivenTest-1-thread-3] DEBUG org.apache.http.wire -  << "Content-Type: application/json;charset=UTF-8[\r][\n]"
20:46:25.021 [CreateStudentsDataDrivenTest-1-thread-3] DEBUG org.apache.http.wire -  << "Transfer-Encoding: chunked[\r][\n]"
20:46:25.021 [CreateStudentsDataDrivenTest-1-thread-3] DEBUG org.apache.http.wire -  << "Date: Thu, 23 Nov 2023 15:16:24 GMT[\r][\n]"
20:46:25.021 [CreateStudentsDataDrivenTest-1-thread-3] DEBUG org.apache.http.wire -  << "Connection: close[\r][\n]"
20:46:25.021 [CreateStudentsDataDrivenTest-1-thread-3] DEBUG org.apache.http.wire -  << "[\r][\n]"
20:46:25.021 [CreateStudentsDataDrivenTest-1-thread-3] DEBUG o.a.h.i.conn.DefaultClientConnection - Receiving response: HTTP/1.1 500 
20:46:25.021 [CreateStudentsDataDrivenTest-1-thread-3] DEBUG org.apache.http.headers - << HTTP/1.1 500 
20:46:25.021 [CreateStudentsDataDrivenTest-1-thread-3] DEBUG org.apache.http.headers - << Content-Type: application/json;charset=UTF-8
20:46:25.021 [CreateStudentsDataDrivenTest-1-thread-3] DEBUG org.apache.http.headers - << Transfer-Encoding: chunked
20:46:25.021 [CreateStudentsDataDrivenTest-1-thread-3] DEBUG org.apache.http.headers - << Date: Thu, 23 Nov 2023 15:16:24 GMT
20:46:25.021 [CreateStudentsDataDrivenTest-1-thread-3] DEBUG org.apache.http.headers - << Connection: close
20:46:25.022 [CreateStudentsDataDrivenTest-1-thread-3] DEBUG i.r.i.RequestSpecificationImpl$RestAssuredHttpBuilder - Parsing response as: application/json;charset=UTF-8
20:46:25.022 [CreateStudentsDataDrivenTest-1-thread-3] DEBUG i.r.i.RequestSpecificationImpl$RestAssuredHttpBuilder - Parsed data to instance of: class org.apache.http.conn.EofSensorInputStream
20:46:25.023 [CreateStudentsDataDrivenTest-1-thread-3] DEBUG org.apache.http.wire -  << "28[\r][\n]"
20:46:25.023 [CreateStudentsDataDrivenTest-1-thread-3] DEBUG org.apache.http.wire -  << "{"error":"Email address already exists"}"
20:46:25.023 [CreateStudentsDataDrivenTest-1-thread-3] DEBUG org.apache.http.wire -  << "[\r][\n]"
20:46:25.027 [CreateStudentsDataDrivenTest-1-thread-3] DEBUG org.apache.http.wire -  << "0[\r][\n]"
20:46:25.027 [CreateStudentsDataDrivenTest-1-thread-3] DEBUG org.apache.http.wire -  << "[\r][\n]"
20:46:25.027 [CreateStudentsDataDrivenTest-1-thread-3] DEBUG o.a.h.i.c.BasicClientConnectionManager - Releasing connection org.apache.http.impl.conn.ManagedClientConnectionImpl@5b16104
20:46:25.028 [CreateStudentsDataDrivenTest-1-thread-3] DEBUG o.a.h.i.conn.DefaultClientConnection - Connection 0.0.0.0:54692<->127.0.0.1:8085 shut down
20:46:25.032 [CreateStudentsDataDrivenTest-1-thread-3] DEBUG n.t.core.steps.StepInterceptor - STEP DONE: Creating student with FirstName: {0}, LastName: {1}, Email: {2}, Programme: {3}, Courses: {4}
]]></system-out>
  </testcase>
  <testcase name="createMultipleStudents" classname="com.studentapplication.junit.studentsinfo.CreateStudentsDataDrivenTest" time="0.207">
    <system-out><![CDATA[20:46:25.032 [CreateStudentsDataDrivenTest-1-thread-3] INFO   - 
  _____   ___   ___   _____     ___     _     ___   ___   ___   ___  
 |_   _| | __| / __| |_   _|   | _ \   /_\   / __| / __| | __| |   \ 
   | |   | _|  \__ \   | |     |  _/  / _ \  \__ \ \__ \ | _|  | |) |
   |_|   |___| |___/   |_|     |_|   /_/ \_\ |___/ |___/ |___| |___/ 

Data Driven Test for adding multiple students to the Student APp
----------------------------------------------------------------------
20:46:25.038 [CreateStudentsDataDrivenTest-1-thread-1] DEBUG org.apache.http.wire -  << "HTTP/1.1 500 [\r][\n]"
20:46:25.038 [CreateStudentsDataDrivenTest-1-thread-1] DEBUG org.apache.http.wire -  << "Content-Type: application/json;charset=UTF-8[\r][\n]"
20:46:25.038 [CreateStudentsDataDrivenTest-1-thread-1] DEBUG org.apache.http.wire -  << "Transfer-Encoding: chunked[\r][\n]"
20:46:25.038 [CreateStudentsDataDrivenTest-1-thread-1] DEBUG org.apache.http.wire -  << "Date: Thu, 23 Nov 2023 15:16:24 GMT[\r][\n]"
20:46:25.038 [CreateStudentsDataDrivenTest-1-thread-1] DEBUG org.apache.http.wire -  << "Connection: close[\r][\n]"
20:46:25.038 [CreateStudentsDataDrivenTest-1-thread-1] DEBUG org.apache.http.wire -  << "[\r][\n]"
20:46:25.038 [CreateStudentsDataDrivenTest-1-thread-1] DEBUG o.a.h.i.conn.DefaultClientConnection - Receiving response: HTTP/1.1 500 
20:46:25.038 [CreateStudentsDataDrivenTest-1-thread-1] DEBUG org.apache.http.headers - << HTTP/1.1 500 
20:46:25.038 [CreateStudentsDataDrivenTest-1-thread-1] DEBUG org.apache.http.headers - << Content-Type: application/json;charset=UTF-8
20:46:25.038 [CreateStudentsDataDrivenTest-1-thread-1] DEBUG org.apache.http.headers - << Transfer-Encoding: chunked
20:46:25.038 [CreateStudentsDataDrivenTest-1-thread-1] DEBUG org.apache.http.headers - << Date: Thu, 23 Nov 2023 15:16:24 GMT
20:46:25.038 [CreateStudentsDataDrivenTest-1-thread-1] DEBUG org.apache.http.headers - << Connection: close
20:46:25.039 [CreateStudentsDataDrivenTest-1-thread-1] DEBUG i.r.i.RequestSpecificationImpl$RestAssuredHttpBuilder - Parsing response as: application/json;charset=UTF-8
20:46:25.039 [CreateStudentsDataDrivenTest-1-thread-1] DEBUG i.r.i.RequestSpecificationImpl$RestAssuredHttpBuilder - Parsed data to instance of: class org.apache.http.conn.EofSensorInputStream
20:46:25.039 [CreateStudentsDataDrivenTest-1-thread-1] DEBUG org.apache.http.wire -  << "28[\r][\n]"
20:46:25.040 [CreateStudentsDataDrivenTest-1-thread-1] DEBUG org.apache.http.wire -  << "{"error":"Email address already exists"}"
20:46:25.040 [CreateStudentsDataDrivenTest-1-thread-1] DEBUG org.apache.http.wire -  << "[\r][\n]"
20:46:25.040 [CreateStudentsDataDrivenTest-1-thread-1] DEBUG org.apache.http.wire -  << "0[\r][\n]"
20:46:25.041 [CreateStudentsDataDrivenTest-1-thread-1] DEBUG org.apache.http.wire -  << "[\r][\n]"
20:46:25.041 [CreateStudentsDataDrivenTest-1-thread-1] DEBUG o.a.h.i.c.BasicClientConnectionManager - Releasing connection org.apache.http.impl.conn.ManagedClientConnectionImpl@21d7052e
20:46:25.041 [CreateStudentsDataDrivenTest-1-thread-1] DEBUG o.a.h.i.conn.DefaultClientConnection - Connection 0.0.0.0:54701<->127.0.0.1:8085 shut down
20:46:25.045 [CreateStudentsDataDrivenTest-1-thread-1] DEBUG n.t.core.steps.StepInterceptor - STEP DONE: Creating student with FirstName: {0}, LastName: {1}, Email: {2}, Programme: {3}, Courses: {4}
]]></system-out>
  </testcase>
  <testcase name="createMultipleStudents" classname="com.studentapplication.junit.studentsinfo.CreateStudentsDataDrivenTest" time="0.45">
    <system-out><![CDATA[20:46:25.046 [CreateStudentsDataDrivenTest-1-thread-1] INFO   - 
  _____   ___   ___   _____     ___     _     ___   ___   ___   ___  
 |_   _| | __| / __| |_   _|   | _ \   /_\   / __| / __| | __| |   \ 
   | |   | _|  \__ \   | |     |  _/  / _ \  \__ \ \__ \ | _|  | |) |
   |_|   |___| |___/   |_|     |_|   /_/ \_\ |___/ |___/ |___| |___/ 

Data Driven Test for adding multiple students to the Student APp
----------------------------------------------------------------------
20:46:25.073 [CreateStudentsDataDrivenTest-1-thread-13] DEBUG org.apache.http.wire -  << "0[\r][\n]"
20:46:25.073 [CreateStudentsDataDrivenTest-1-thread-13] DEBUG org.apache.http.wire -  << "[\r][\n]"
20:46:25.073 [CreateStudentsDataDrivenTest-1-thread-13] DEBUG o.a.h.i.c.BasicClientConnectionManager - Releasing connection org.apache.http.impl.conn.ManagedClientConnectionImpl@62d62743
20:46:25.073 [CreateStudentsDataDrivenTest-1-thread-13] DEBUG o.a.h.i.conn.DefaultClientConnection - Connection 0.0.0.0:54694<->127.0.0.1:8085 shut down
20:46:25.080 [CreateStudentsDataDrivenTest-1-thread-13] DEBUG n.t.core.steps.StepInterceptor - STEP DONE: Creating student with FirstName: {0}, LastName: {1}, Email: {2}, Programme: {3}, Courses: {4}
]]></system-out>
  </testcase>
  <testcase name="createMultipleStudents" classname="com.studentapplication.junit.studentsinfo.CreateStudentsDataDrivenTest" time="0.26">
    <system-out><![CDATA[20:46:25.083 [CreateStudentsDataDrivenTest-1-thread-13] INFO   - 
  _____   ___   ___   _____     ___     _     ___   ___   ___   ___  
 |_   _| | __| / __| |_   _|   | _ \   /_\   / __| / __| | __| |   \ 
   | |   | _|  \__ \   | |     |  _/  / _ \  \__ \ \__ \ | _|  | |) |
   |_|   |___| |___/   |_|     |_|   /_/ \_\ |___/ |___/ |___| |___/ 

Data Driven Test for adding multiple students to the Student APp
----------------------------------------------------------------------
20:46:25.123 [CreateStudentsDataDrivenTest-1-thread-2] DEBUG org.apache.http.wire -  << "HTTP/1.1 500 [\r][\n]"
20:46:25.123 [CreateStudentsDataDrivenTest-1-thread-2] DEBUG org.apache.http.wire -  << "Content-Type: application/json;charset=UTF-8[\r][\n]"
20:46:25.123 [CreateStudentsDataDrivenTest-1-thread-2] DEBUG org.apache.http.wire -  << "Transfer-Encoding: chunked[\r][\n]"
20:46:25.123 [CreateStudentsDataDrivenTest-1-thread-2] DEBUG org.apache.http.wire -  << "Date: Thu, 23 Nov 2023 15:16:24 GMT[\r][\n]"
20:46:25.123 [CreateStudentsDataDrivenTest-1-thread-2] DEBUG org.apache.http.wire -  << "Connection: close[\r][\n]"
20:46:25.123 [CreateStudentsDataDrivenTest-1-thread-2] DEBUG org.apache.http.wire -  << "[\r][\n]"
20:46:25.124 [CreateStudentsDataDrivenTest-1-thread-2] DEBUG o.a.h.i.conn.DefaultClientConnection - Receiving response: HTTP/1.1 500 
20:46:25.124 [CreateStudentsDataDrivenTest-1-thread-2] DEBUG org.apache.http.headers - << HTTP/1.1 500 
20:46:25.124 [CreateStudentsDataDrivenTest-1-thread-2] DEBUG org.apache.http.headers - << Content-Type: application/json;charset=UTF-8
20:46:25.124 [CreateStudentsDataDrivenTest-1-thread-2] DEBUG org.apache.http.headers - << Transfer-Encoding: chunked
20:46:25.124 [CreateStudentsDataDrivenTest-1-thread-2] DEBUG org.apache.http.headers - << Date: Thu, 23 Nov 2023 15:16:24 GMT
20:46:25.124 [CreateStudentsDataDrivenTest-1-thread-2] DEBUG org.apache.http.headers - << Connection: close
20:46:25.124 [CreateStudentsDataDrivenTest-1-thread-2] DEBUG i.r.i.RequestSpecificationImpl$RestAssuredHttpBuilder - Parsing response as: application/json;charset=UTF-8
20:46:25.124 [CreateStudentsDataDrivenTest-1-thread-2] DEBUG i.r.i.RequestSpecificationImpl$RestAssuredHttpBuilder - Parsed data to instance of: class org.apache.http.conn.EofSensorInputStream
20:46:25.126 [CreateStudentsDataDrivenTest-1-thread-2] DEBUG org.apache.http.wire -  << "28[\r][\n]"
20:46:25.126 [CreateStudentsDataDrivenTest-1-thread-2] DEBUG org.apache.http.wire -  << "{"error":"Email address already exists"}"
20:46:25.126 [CreateStudentsDataDrivenTest-1-thread-2] DEBUG org.apache.http.wire -  << "[\r][\n]"
20:46:25.126 [CreateStudentsDataDrivenTest-1-thread-2] DEBUG org.apache.http.wire -  << "0[\r][\n]"
20:46:25.126 [CreateStudentsDataDrivenTest-1-thread-2] DEBUG org.apache.http.wire -  << "[\r][\n]"
20:46:25.126 [CreateStudentsDataDrivenTest-1-thread-2] DEBUG o.a.h.i.c.BasicClientConnectionManager - Releasing connection org.apache.http.impl.conn.ManagedClientConnectionImpl@229e628
20:46:25.126 [CreateStudentsDataDrivenTest-1-thread-2] DEBUG o.a.h.i.conn.DefaultClientConnection - Connection 0.0.0.0:54702<->127.0.0.1:8085 shut down
20:46:25.131 [CreateStudentsDataDrivenTest-1-thread-2] DEBUG n.t.core.steps.StepInterceptor - STEP DONE: Creating student with FirstName: {0}, LastName: {1}, Email: {2}, Programme: {3}, Courses: {4}
]]></system-out>
  </testcase>
  <testcase name="createMultipleStudents" classname="com.studentapplication.junit.studentsinfo.CreateStudentsDataDrivenTest" time="0.274">
    <system-out><![CDATA[20:46:25.132 [CreateStudentsDataDrivenTest-1-thread-2] INFO   - 
  _____   ___   ___   _____     ___     _     ___   ___   ___   ___  
 |_   _| | __| / __| |_   _|   | _ \   /_\   / __| / __| | __| |   \ 
   | |   | _|  \__ \   | |     |  _/  / _ \  \__ \ \__ \ | _|  | |) |
   |_|   |___| |___/   |_|     |_|   /_/ \_\ |___/ |___/ |___| |___/ 

Data Driven Test for adding multiple students to the Student APp
----------------------------------------------------------------------
20:46:25.156 [CreateStudentsDataDrivenTest-1-thread-11] DEBUG org.apache.http.wire -  << "HTTP/1.1 500 [\r][\n]"
20:46:25.156 [CreateStudentsDataDrivenTest-1-thread-11] DEBUG org.apache.http.wire -  << "Content-Type: application/json;charset=UTF-8[\r][\n]"
20:46:25.156 [CreateStudentsDataDrivenTest-1-thread-11] DEBUG org.apache.http.wire -  << "Transfer-Encoding: chunked[\r][\n]"
20:46:25.156 [CreateStudentsDataDrivenTest-1-thread-11] DEBUG org.apache.http.wire -  << "Date: Thu, 23 Nov 2023 15:16:24 GMT[\r][\n]"
20:46:25.156 [CreateStudentsDataDrivenTest-1-thread-11] DEBUG org.apache.http.wire -  << "Connection: close[\r][\n]"
20:46:25.156 [CreateStudentsDataDrivenTest-1-thread-11] DEBUG org.apache.http.wire -  << "[\r][\n]"
20:46:25.156 [CreateStudentsDataDrivenTest-1-thread-11] DEBUG o.a.h.i.conn.DefaultClientConnection - Receiving response: HTTP/1.1 500 
20:46:25.156 [CreateStudentsDataDrivenTest-1-thread-11] DEBUG org.apache.http.headers - << HTTP/1.1 500 
20:46:25.156 [CreateStudentsDataDrivenTest-1-thread-11] DEBUG org.apache.http.headers - << Content-Type: application/json;charset=UTF-8
20:46:25.156 [CreateStudentsDataDrivenTest-1-thread-11] DEBUG org.apache.http.headers - << Transfer-Encoding: chunked
20:46:25.156 [CreateStudentsDataDrivenTest-1-thread-11] DEBUG org.apache.http.headers - << Date: Thu, 23 Nov 2023 15:16:24 GMT
20:46:25.156 [CreateStudentsDataDrivenTest-1-thread-11] DEBUG org.apache.http.headers - << Connection: close
20:46:25.156 [CreateStudentsDataDrivenTest-1-thread-11] DEBUG i.r.i.RequestSpecificationImpl$RestAssuredHttpBuilder - Parsing response as: application/json;charset=UTF-8
20:46:25.156 [CreateStudentsDataDrivenTest-1-thread-11] DEBUG i.r.i.RequestSpecificationImpl$RestAssuredHttpBuilder - Parsed data to instance of: class org.apache.http.conn.EofSensorInputStream
20:46:25.157 [CreateStudentsDataDrivenTest-1-thread-11] DEBUG org.apache.http.wire -  << "28[\r][\n]"
20:46:25.157 [CreateStudentsDataDrivenTest-1-thread-11] DEBUG org.apache.http.wire -  << "{"error":"Email address already exists"}"
20:46:25.157 [CreateStudentsDataDrivenTest-1-thread-11] DEBUG org.apache.http.wire -  << "[\r][\n]"
20:46:25.159 [CreateStudentsDataDrivenTest-1-thread-11] DEBUG org.apache.http.wire -  << "0[\r][\n]"
20:46:25.159 [CreateStudentsDataDrivenTest-1-thread-11] DEBUG org.apache.http.wire -  << "[\r][\n]"
20:46:25.159 [CreateStudentsDataDrivenTest-1-thread-11] DEBUG o.a.h.i.c.BasicClientConnectionManager - Releasing connection org.apache.http.impl.conn.ManagedClientConnectionImpl@237d91ed
20:46:25.159 [CreateStudentsDataDrivenTest-1-thread-16] DEBUG org.apache.http.wire -  << "HTTP/1.1 500 [\r][\n]"
20:46:25.159 [CreateStudentsDataDrivenTest-1-thread-16] DEBUG org.apache.http.wire -  << "Content-Type: application/json;charset=UTF-8[\r][\n]"
20:46:25.159 [CreateStudentsDataDrivenTest-1-thread-16] DEBUG org.apache.http.wire -  << "Transfer-Encoding: chunked[\r][\n]"
20:46:25.159 [CreateStudentsDataDrivenTest-1-thread-16] DEBUG org.apache.http.wire -  << "Date: Thu, 23 Nov 2023 15:16:24 GMT[\r][\n]"
20:46:25.159 [CreateStudentsDataDrivenTest-1-thread-16] DEBUG org.apache.http.wire -  << "Connection: close[\r][\n]"
20:46:25.159 [CreateStudentsDataDrivenTest-1-thread-16] DEBUG org.apache.http.wire -  << "[\r][\n]"
20:46:25.159 [CreateStudentsDataDrivenTest-1-thread-16] DEBUG o.a.h.i.conn.DefaultClientConnection - Receiving response: HTTP/1.1 500 
20:46:25.159 [CreateStudentsDataDrivenTest-1-thread-16] DEBUG org.apache.http.headers - << HTTP/1.1 500 
20:46:25.159 [CreateStudentsDataDrivenTest-1-thread-16] DEBUG org.apache.http.headers - << Content-Type: application/json;charset=UTF-8
20:46:25.159 [CreateStudentsDataDrivenTest-1-thread-16] DEBUG org.apache.http.headers - << Transfer-Encoding: chunked
20:46:25.159 [CreateStudentsDataDrivenTest-1-thread-16] DEBUG org.apache.http.headers - << Date: Thu, 23 Nov 2023 15:16:24 GMT
20:46:25.159 [CreateStudentsDataDrivenTest-1-thread-16] DEBUG org.apache.http.headers - << Connection: close
20:46:25.159 [CreateStudentsDataDrivenTest-1-thread-11] DEBUG o.a.h.i.conn.DefaultClientConnection - Connection 0.0.0.0:54703<->127.0.0.1:8085 shut down
20:46:25.159 [CreateStudentsDataDrivenTest-1-thread-16] DEBUG i.r.i.RequestSpecificationImpl$RestAssuredHttpBuilder - Parsing response as: application/json;charset=UTF-8
20:46:25.159 [CreateStudentsDataDrivenTest-1-thread-16] DEBUG i.r.i.RequestSpecificationImpl$RestAssuredHttpBuilder - Parsed data to instance of: class org.apache.http.conn.EofSensorInputStream
20:46:25.160 [CreateStudentsDataDrivenTest-1-thread-16] DEBUG org.apache.http.wire -  << "28[\r][\n]"
20:46:25.160 [CreateStudentsDataDrivenTest-1-thread-16] DEBUG org.apache.http.wire -  << "{"error":"Email address already exists"}"
20:46:25.160 [CreateStudentsDataDrivenTest-1-thread-16] DEBUG org.apache.http.wire -  << "[\r][\n]"
20:46:25.163 [CreateStudentsDataDrivenTest-1-thread-11] DEBUG n.t.core.steps.StepInterceptor - STEP DONE: Creating student with FirstName: {0}, LastName: {1}, Email: {2}, Programme: {3}, Courses: {4}
]]></system-out>
  </testcase>
  <testcase name="createMultipleStudents" classname="com.studentapplication.junit.studentsinfo.CreateStudentsDataDrivenTest" time="0.403">
    <system-out><![CDATA[20:46:25.164 [CreateStudentsDataDrivenTest-1-thread-11] INFO   - 
  _____   ___   ___   _____     ___     _     ___   ___   ___   ___  
 |_   _| | __| / __| |_   _|   | _ \   /_\   / __| / __| | __| |   \ 
   | |   | _|  \__ \   | |     |  _/  / _ \  \__ \ \__ \ | _|  | |) |
   |_|   |___| |___/   |_|     |_|   /_/ \_\ |___/ |___/ |___| |___/ 

Data Driven Test for adding multiple students to the Student APp
----------------------------------------------------------------------
20:46:25.218 [CreateStudentsDataDrivenTest-1-thread-16] DEBUG org.apache.http.wire -  << "0[\r][\n]"
20:46:25.218 [CreateStudentsDataDrivenTest-1-thread-16] DEBUG org.apache.http.wire -  << "[\r][\n]"
20:46:25.218 [CreateStudentsDataDrivenTest-1-thread-16] DEBUG o.a.h.i.c.BasicClientConnectionManager - Releasing connection org.apache.http.impl.conn.ManagedClientConnectionImpl@28925764
20:46:25.218 [CreateStudentsDataDrivenTest-1-thread-16] DEBUG o.a.h.i.conn.DefaultClientConnection - Connection 0.0.0.0:54700<->127.0.0.1:8085 shut down
20:46:25.222 [CreateStudentsDataDrivenTest-1-thread-16] DEBUG n.t.core.steps.StepInterceptor - STEP DONE: Creating student with FirstName: {0}, LastName: {1}, Email: {2}, Programme: {3}, Courses: {4}
]]></system-out>
  </testcase>
  <testcase name="createMultipleStudents" classname="com.studentapplication.junit.studentsinfo.CreateStudentsDataDrivenTest" time="0.474">
    <system-out><![CDATA[20:46:25.223 [CreateStudentsDataDrivenTest-1-thread-16] INFO   - 
  _____   ___   ___   _____     ___     _     ___   ___   ___   ___  
 |_   _| | __| / __| |_   _|   | _ \   /_\   / __| / __| | __| |   \ 
   | |   | _|  \__ \   | |     |  _/  / _ \  \__ \ \__ \ | _|  | |) |
   |_|   |___| |___/   |_|     |_|   /_/ \_\ |___/ |___/ |___| |___/ 

Data Driven Test for adding multiple students to the Student APp
----------------------------------------------------------------------
20:46:25.278 [CreateStudentsDataDrivenTest-1-thread-5] DEBUG org.apache.http.wire -  << "HTTP/1.1 500 [\r][\n]"
20:46:25.278 [CreateStudentsDataDrivenTest-1-thread-5] DEBUG org.apache.http.wire -  << "Content-Type: application/json;charset=UTF-8[\r][\n]"
20:46:25.278 [CreateStudentsDataDrivenTest-1-thread-5] DEBUG org.apache.http.wire -  << "Transfer-Encoding: chunked[\r][\n]"
20:46:25.278 [CreateStudentsDataDrivenTest-1-thread-5] DEBUG org.apache.http.wire -  << "Date: Thu, 23 Nov 2023 15:16:24 GMT[\r][\n]"
20:46:25.278 [CreateStudentsDataDrivenTest-1-thread-5] DEBUG org.apache.http.wire -  << "Connection: close[\r][\n]"
20:46:25.278 [CreateStudentsDataDrivenTest-1-thread-5] DEBUG org.apache.http.wire -  << "[\r][\n]"
20:46:25.278 [CreateStudentsDataDrivenTest-1-thread-5] DEBUG o.a.h.i.conn.DefaultClientConnection - Receiving response: HTTP/1.1 500 
20:46:25.278 [CreateStudentsDataDrivenTest-1-thread-5] DEBUG org.apache.http.headers - << HTTP/1.1 500 
20:46:25.278 [CreateStudentsDataDrivenTest-1-thread-5] DEBUG org.apache.http.headers - << Content-Type: application/json;charset=UTF-8
20:46:25.278 [CreateStudentsDataDrivenTest-1-thread-5] DEBUG org.apache.http.headers - << Transfer-Encoding: chunked
20:46:25.278 [CreateStudentsDataDrivenTest-1-thread-5] DEBUG org.apache.http.headers - << Date: Thu, 23 Nov 2023 15:16:24 GMT
20:46:25.278 [CreateStudentsDataDrivenTest-1-thread-5] DEBUG org.apache.http.headers - << Connection: close
20:46:25.278 [CreateStudentsDataDrivenTest-1-thread-5] DEBUG i.r.i.RequestSpecificationImpl$RestAssuredHttpBuilder - Parsing response as: application/json;charset=UTF-8
20:46:25.278 [CreateStudentsDataDrivenTest-1-thread-5] DEBUG i.r.i.RequestSpecificationImpl$RestAssuredHttpBuilder - Parsed data to instance of: class org.apache.http.conn.EofSensorInputStream
20:46:25.278 [CreateStudentsDataDrivenTest-1-thread-5] DEBUG org.apache.http.wire -  << "28[\r][\n]"
20:46:25.278 [CreateStudentsDataDrivenTest-1-thread-5] DEBUG org.apache.http.wire -  << "{"error":"Email address already exists"}"
20:46:25.278 [CreateStudentsDataDrivenTest-1-thread-5] DEBUG org.apache.http.wire -  << "[\r][\n]"
20:46:25.279 [CreateStudentsDataDrivenTest-1-thread-5] DEBUG org.apache.http.wire -  << "0[\r][\n]"
20:46:25.279 [CreateStudentsDataDrivenTest-1-thread-5] DEBUG org.apache.http.wire -  << "[\r][\n]"
20:46:25.279 [CreateStudentsDataDrivenTest-1-thread-5] DEBUG o.a.h.i.c.BasicClientConnectionManager - Releasing connection org.apache.http.impl.conn.ManagedClientConnectionImpl@797f1056
20:46:25.279 [CreateStudentsDataDrivenTest-1-thread-5] DEBUG o.a.h.i.conn.DefaultClientConnection - Connection 0.0.0.0:54699<->127.0.0.1:8085 shut down
20:46:25.284 [CreateStudentsDataDrivenTest-1-thread-5] DEBUG n.t.core.steps.StepInterceptor - STEP DONE: Creating student with FirstName: {0}, LastName: {1}, Email: {2}, Programme: {3}, Courses: {4}
]]></system-out>
  </testcase>
</testsuite>