<?xml version="1.0" encoding="UTF-8"?>
<testsuite xmlns:xsi="http://www.w3.org/2001/XMLSchema-instance" xsi:noNamespaceSchemaLocation="https://maven.apache.org/surefire/maven-failsafe-plugin/xsd/failsafe-test-report-3.0.xsd" version="3.0" name="com.studentapplication.junit.studentsinfo.TagsTest" time="15.496" tests="3" errors="0" skipped="0" failures="0">
  <properties>
    <property name="sun.desktop" value="windows"/>
    <property name="awt.toolkit" value="sun.awt.windows.WToolkit"/>
    <property name="java.specification.version" value="11"/>
    <property name="sun.cpu.isalist" value="amd64"/>
    <property name="sun.jnu.encoding" value="Cp1252"/>
    <property name="java.class.path" value="C:\Users\DynaPar\eclipse-workspace\StudentApplication\target\test-classes;C:\Users\DynaPar\.m2\repository\net\serenity-bdd\serenity-rest-assured\3.0.2\serenity-rest-assured-3.0.2.jar;C:\Users\DynaPar\.m2\repository\io\rest-assured\rest-assured\4.3.3\rest-assured-4.3.3.jar;C:\Users\DynaPar\.m2\repository\org\ccil\cowan\tagsoup\tagsoup\1.2.1\tagsoup-1.2.1.jar;C:\Users\DynaPar\.m2\repository\io\rest-assured\json-path\4.3.3\json-path-4.3.3.jar;C:\Users\DynaPar\.m2\repository\io\rest-assured\rest-assured-common\4.3.3\rest-assured-common-4.3.3.jar;C:\Users\DynaPar\.m2\repository\io\rest-assured\xml-path\4.3.3\xml-path-4.3.3.jar;C:\Users\DynaPar\.m2\repository\org\codehaus\groovy\groovy-json\3.0.9\groovy-json-3.0.9.jar;C:\Users\DynaPar\.m2\repository\org\codehaus\groovy\groovy-xml\3.0.9\groovy-xml-3.0.9.jar;C:\Users\DynaPar\.m2\repository\org\codehaus\groovy\groovy\3.0.9\groovy-3.0.9.jar;C:\Users\DynaPar\.m2\repository\org\opentest4j\opentest4j\1.2.0\opentest4j-1.2.0.jar;C:\Users\DynaPar\.m2\repository\net\serenity-bdd\serenity-core\3.0.2\serenity-core-3.0.2.jar;C:\Users\DynaPar\.m2\repository\net\serenity-bdd\serenity-model\3.0.2\serenity-model-3.0.2.jar;C:\Users\DynaPar\.m2\repository\org\apache\commons\commons-text\1.9\commons-text-1.9.jar;C:\Users\DynaPar\.m2\repository\commons-net\commons-net\3.6\commons-net-3.6.jar;C:\Users\DynaPar\.m2\repository\com\google\guava\guava\31.0.1-jre\guava-31.0.1-jre.jar;C:\Users\DynaPar\.m2\repository\com\google\guava\failureaccess\1.0.1\failureaccess-1.0.1.jar;C:\Users\DynaPar\.m2\repository\com\google\guava\listenablefuture\9999.0-empty-to-avoid-conflict-with-guava\listenablefuture-9999.0-empty-to-avoid-conflict-with-guava.jar;C:\Users\DynaPar\.m2\repository\com\google\code\findbugs\jsr305\3.0.2\jsr305-3.0.2.jar;C:\Users\DynaPar\.m2\repository\org\checkerframework\checker-qual\3.12.0\checker-qual-3.12.0.jar;C:\Users\DynaPar\.m2\repository\com\google\errorprone\error_prone_annotations\2.7.1\error_prone_annotations-2.7.1.jar;C:\Users\DynaPar\.m2\repository\com\google\j2objc\j2objc-annotations\1.3\j2objc-annotations-1.3.jar;C:\Users\DynaPar\.m2\repository\com\google\inject\guice\5.0.1\guice-5.0.1.jar;C:\Users\DynaPar\.m2\repository\javax\inject\javax.inject\1\javax.inject-1.jar;C:\Users\DynaPar\.m2\repository\aopalliance\aopalliance\1.0\aopalliance-1.0.jar;C:\Users\DynaPar\.m2\repository\org\jsoup\jsoup\1.13.1\jsoup-1.13.1.jar;C:\Users\DynaPar\.m2\repository\com\thoughtworks\xstream\xstream\1.4.18\xstream-1.4.18.jar;C:\Users\DynaPar\.m2\repository\io\github\x-stream\mxparser\1.2.2\mxparser-1.2.2.jar;C:\Users\DynaPar\.m2\repository\xmlpull\xmlpull\1.1.3.1\xmlpull-1.1.3.1.jar;C:\Users\DynaPar\.m2\repository\io\cucumber\cucumber-core\6.11.0\cucumber-core-6.11.0.jar;C:\Users\DynaPar\.m2\repository\io\cucumber\cucumber-gherkin\6.11.0\cucumber-gherkin-6.11.0.jar;C:\Users\DynaPar\.m2\repository\io\cucumber\cucumber-gherkin-messages\6.11.0\cucumber-gherkin-messages-6.11.0.jar;C:\Users\DynaPar\.m2\repository\io\cucumber\messages\15.0.0\messages-15.0.0.jar;C:\Users\DynaPar\.m2\repository\io\cucumber\tag-expressions\3.0.1\tag-expressions-3.0.1.jar;C:\Users\DynaPar\.m2\repository\io\cucumber\cucumber-expressions\10.3.0\cucumber-expressions-10.3.0.jar;C:\Users\DynaPar\.m2\repository\io\cucumber\datatable\3.5.0\datatable-3.5.0.jar;C:\Users\DynaPar\.m2\repository\io\cucumber\cucumber-plugin\6.11.0\cucumber-plugin-6.11.0.jar;C:\Users\DynaPar\.m2\repository\io\cucumber\docstring\6.11.0\docstring-6.11.0.jar;C:\Users\DynaPar\.m2\repository\io\cucumber\html-formatter\13.0.0\html-formatter-13.0.0.jar;C:\Users\DynaPar\.m2\repository\io\cucumber\create-meta\4.0.0\create-meta-4.0.0.jar;C:\Users\DynaPar\.m2\repository\io\cucumber\cucumber-java\6.11.0\cucumber-java-6.11.0.jar;C:\Users\DynaPar\.m2\repository\com\typesafe\config\1.3.1\config-1.3.1.jar;C:\Users\DynaPar\.m2\repository\org\imgscalr\imgscalr-lib\4.2\imgscalr-lib-4.2.jar;C:\Users\DynaPar\.m2\repository\org\awaitility\awaitility\4.1.0\awaitility-4.1.0.jar;C:\Users\DynaPar\.m2\repository\org\freemarker\freemarker\2.3.31\freemarker-2.3.31.jar;C:\Users\DynaPar\.m2\repository\org\reflections\reflections\0.10.2\reflections-0.10.2.jar;C:\Users\DynaPar\.m2\repository\org\javassist\javassist\3.28.0-GA\javassist-3.28.0-GA.jar;C:\Users\DynaPar\.m2\repository\net\sourceforge\jexcelapi\jxl\2.6.12\jxl-2.6.12.jar;C:\Users\DynaPar\.m2\repository\org\asciidoctor\asciidoctorj\2.5.1\asciidoctorj-2.5.1.jar;C:\Users\DynaPar\.m2\repository\org\asciidoctor\asciidoctorj-api\2.5.1\asciidoctorj-api-2.5.1.jar;C:\Users\DynaPar\.m2\repository\org\jruby\jruby\9.2.17.0\jruby-9.2.17.0.jar;C:\Users\DynaPar\.m2\repository\org\jruby\jruby-core\9.2.17.0\jruby-core-9.2.17.0.jar;C:\Users\DynaPar\.m2\repository\com\github\jnr\jnr-netdb\1.2.0\jnr-netdb-1.2.0.jar;C:\Users\DynaPar\.m2\repository\com\github\jnr\jnr-enxio\0.32.3\jnr-enxio-0.32.3.jar;C:\Users\DynaPar\.m2\repository\com\github\jnr\jnr-unixsocket\0.38.5\jnr-unixsocket-0.38.5.jar;C:\Users\DynaPar\.m2\repository\com\github\jnr\jnr-posix\3.1.4\jnr-posix-3.1.4.jar;C:\Users\DynaPar\.m2\repository\com\github\jnr\jnr-constants\0.10.1\jnr-constants-0.10.1.jar;C:\Users\DynaPar\.m2\repository\com\github\jnr\jffi\1.3.1\jffi-1.3.1.jar;C:\Users\DynaPar\.m2\repository\com\github\jnr\jffi\1.3.1\jffi-1.3.1-native.jar;C:\Users\DynaPar\.m2\repository\org\jruby\joni\joni\2.1.31\joni-2.1.31.jar;C:\Users\DynaPar\.m2\repository\org\jruby\jcodings\jcodings\1.0.46\jcodings-1.0.46.jar;C:\Users\DynaPar\.m2\repository\org\jruby\dirgra\0.3\dirgra-0.3.jar;C:\Users\DynaPar\.m2\repository\com\headius\invokebinder\1.11\invokebinder-1.11.jar;C:\Users\DynaPar\.m2\repository\com\headius\options\1.4\options-1.4.jar;C:\Users\DynaPar\.m2\repository\com\jcraft\jzlib\1.1.3\jzlib-1.1.3.jar;C:\Users\DynaPar\.m2\repository\com\martiansoftware\nailgun-server\0.9.1\nailgun-server-0.9.1.jar;C:\Users\DynaPar\.m2\repository\com\headius\backport9\1.8\backport9-1.8.jar;C:\Users\DynaPar\.m2\repository\javax\annotation\javax.annotation-api\1.3.1\javax.annotation-api-1.3.1.jar;C:\Users\DynaPar\.m2\repository\org\jruby\jruby-stdlib\9.2.17.0\jruby-stdlib-9.2.17.0.jar;C:\Users\DynaPar\.m2\repository\net\bytebuddy\byte-buddy\1.11.22\byte-buddy-1.11.22.jar;C:\Users\DynaPar\.m2\repository\net\bytebuddy\byte-buddy-agent\1.11.22\byte-buddy-agent-1.11.22.jar;C:\Users\DynaPar\.m2\repository\org\objenesis\objenesis\3.1\objenesis-3.1.jar;C:\Users\DynaPar\.m2\repository\net\serenity-bdd\serenity-reports\3.0.2\serenity-reports-3.0.2.jar;C:\Users\DynaPar\.m2\repository\net\serenity-bdd\serenity-stats\3.0.2\serenity-stats-3.0.2.jar;C:\Users\DynaPar\.m2\repository\net\serenity-bdd\serenity-reports-configuration\3.0.2\serenity-reports-configuration-3.0.2.jar;C:\Users\DynaPar\.m2\repository\com\vladsch\flexmark\flexmark-all\0.34.30\flexmark-all-0.34.30.jar;C:\Users\DynaPar\.m2\repository\com\vladsch\flexmark\flexmark\0.34.30\flexmark-0.34.30.jar;C:\Users\DynaPar\.m2\repository\com\vladsch\flexmark\flexmark-ext-abbreviation\0.34.30\flexmark-ext-abbreviation-0.34.30.jar;C:\Users\DynaPar\.m2\repository\com\vladsch\flexmark\flexmark-ext-admonition\0.34.30\flexmark-ext-admonition-0.34.30.jar;C:\Users\DynaPar\.m2\repository\com\vladsch\flexmark\flexmark-ext-anchorlink\0.34.30\flexmark-ext-anchorlink-0.34.30.jar;C:\Users\DynaPar\.m2\repository\com\vladsch\flexmark\flexmark-ext-aside\0.34.30\flexmark-ext-aside-0.34.30.jar;C:\Users\DynaPar\.m2\repository\com\vladsch\flexmark\flexmark-ext-attributes\0.34.30\flexmark-ext-attributes-0.34.30.jar;C:\Users\DynaPar\.m2\repository\com\vladsch\flexmark\flexmark-ext-autolink\0.34.30\flexmark-ext-autolink-0.34.30.jar;C:\Users\DynaPar\.m2\repository\org\nibor\autolink\autolink\0.6.0\autolink-0.6.0.jar;C:\Users\DynaPar\.m2\repository\com\vladsch\flexmark\flexmark-ext-definition\0.34.30\flexmark-ext-definition-0.34.30.jar;C:\Users\DynaPar\.m2\repository\com\vladsch\flexmark\flexmark-ext-emoji\0.34.30\flexmark-ext-emoji-0.34.30.jar;C:\Users\DynaPar\.m2\repository\com\vladsch\flexmark\flexmark-ext-enumerated-reference\0.34.30\flexmark-ext-enumerated-reference-0.34.30.jar;C:\Users\DynaPar\.m2\repository\com\vladsch\flexmark\flexmark-ext-escaped-character\0.34.30\flexmark-ext-escaped-character-0.34.30.jar;C:\Users\DynaPar\.m2\repository\com\vladsch\flexmark\flexmark-ext-footnotes\0.34.30\flexmark-ext-footnotes-0.34.30.jar;C:\Users\DynaPar\.m2\repository\com\vladsch\flexmark\flexmark-ext-gfm-issues\0.34.30\flexmark-ext-gfm-issues-0.34.30.jar;C:\Users\DynaPar\.m2\repository\com\vladsch\flexmark\flexmark-ext-gfm-strikethrough\0.34.30\flexmark-ext-gfm-strikethrough-0.34.30.jar;C:\Users\DynaPar\.m2\repository\com\vladsch\flexmark\flexmark-ext-gfm-tables\0.34.30\flexmark-ext-gfm-tables-0.34.30.jar;C:\Users\DynaPar\.m2\repository\com\vladsch\flexmark\flexmark-ext-gfm-tasklist\0.34.30\flexmark-ext-gfm-tasklist-0.34.30.jar;C:\Users\DynaPar\.m2\repository\com\vladsch\flexmark\flexmark-ext-gfm-users\0.34.30\flexmark-ext-gfm-users-0.34.30.jar;C:\Users\DynaPar\.m2\repository\com\vladsch\flexmark\flexmark-ext-gitlab\0.34.30\flexmark-ext-gitlab-0.34.30.jar;C:\Users\DynaPar\.m2\repository\com\vladsch\flexmark\flexmark-ext-jekyll-front-matter\0.34.30\flexmark-ext-jekyll-front-matter-0.34.30.jar;C:\Users\DynaPar\.m2\repository\com\vladsch\flexmark\flexmark-ext-jekyll-tag\0.34.30\flexmark-ext-jekyll-tag-0.34.30.jar;C:\Users\DynaPar\.m2\repository\com\vladsch\flexmark\flexmark-ext-media-tags\0.34.30\flexmark-ext-media-tags-0.34.30.jar;C:\Users\DynaPar\.m2\repository\com\vladsch\flexmark\flexmark-test-util\0.34.30\flexmark-test-util-0.34.30.jar;C:\Users\DynaPar\.m2\repository\com\vladsch\flexmark\flexmark-ext-ins\0.34.30\flexmark-ext-ins-0.34.30.jar;C:\Users\DynaPar\.m2\repository\com\vladsch\flexmark\flexmark-ext-xwiki-macros\0.34.30\flexmark-ext-xwiki-macros-0.34.30.jar;C:\Users\DynaPar\.m2\repository\com\vladsch\flexmark\flexmark-ext-superscript\0.34.30\flexmark-ext-superscript-0.34.30.jar;C:\Users\DynaPar\.m2\repository\com\vladsch\flexmark\flexmark-ext-tables\0.34.30\flexmark-ext-tables-0.34.30.jar;C:\Users\DynaPar\.m2\repository\com\vladsch\flexmark\flexmark-ext-toc\0.34.30\flexmark-ext-toc-0.34.30.jar;C:\Users\DynaPar\.m2\repository\com\vladsch\flexmark\flexmark-ext-typographic\0.34.30\flexmark-ext-typographic-0.34.30.jar;C:\Users\DynaPar\.m2\repository\com\vladsch\flexmark\flexmark-ext-wikilink\0.34.30\flexmark-ext-wikilink-0.34.30.jar;C:\Users\DynaPar\.m2\repository\com\vladsch\flexmark\flexmark-ext-yaml-front-matter\0.34.30\flexmark-ext-yaml-front-matter-0.34.30.jar;C:\Users\DynaPar\.m2\repository\com\vladsch\flexmark\flexmark-ext-youtube-embedded\0.34.30\flexmark-ext-youtube-embedded-0.34.30.jar;C:\Users\DynaPar\.m2\repository\com\vladsch\flexmark\flexmark-formatter\0.34.30\flexmark-formatter-0.34.30.jar;C:\Users\DynaPar\.m2\repository\com\vladsch\flexmark\flexmark-html-parser\0.34.30\flexmark-html-parser-0.34.30.jar;C:\Users\DynaPar\.m2\repository\com\vladsch\flexmark\flexmark-jira-converter\0.34.30\flexmark-jira-converter-0.34.30.jar;C:\Users\DynaPar\.m2\repository\com\vladsch\flexmark\flexmark-pdf-converter\0.34.30\flexmark-pdf-converter-0.34.30.jar;C:\Users\DynaPar\.m2\repository\com\openhtmltopdf\openhtmltopdf-core\0.0.1-RC13\openhtmltopdf-core-0.0.1-RC13.jar;C:\Users\DynaPar\.m2\repository\com\openhtmltopdf\openhtmltopdf-pdfbox\0.0.1-RC13\openhtmltopdf-pdfbox-0.0.1-RC13.jar;C:\Users\DynaPar\.m2\repository\org\apache\pdfbox\pdfbox\2.0.8\pdfbox-2.0.8.jar;C:\Users\DynaPar\.m2\repository\org\apache\pdfbox\fontbox\2.0.8\fontbox-2.0.8.jar;C:\Users\DynaPar\.m2\repository\org\apache\pdfbox\xmpbox\2.0.8\xmpbox-2.0.8.jar;C:\Users\DynaPar\.m2\repository\de\rototor\pdfbox\graphics2d\0.12\graphics2d-0.12.jar;C:\Users\DynaPar\.m2\repository\com\openhtmltopdf\openhtmltopdf-rtl-support\0.0.1-RC13\openhtmltopdf-rtl-support-0.0.1-RC13.jar;C:\Users\DynaPar\.m2\repository\com\ibm\icu\icu4j\59.1\icu4j-59.1.jar;C:\Users\DynaPar\.m2\repository\com\openhtmltopdf\openhtmltopdf-jsoup-dom-converter\0.0.1-RC13\openhtmltopdf-jsoup-dom-converter-0.0.1-RC13.jar;C:\Users\DynaPar\.m2\repository\com\vladsch\flexmark\flexmark-profile-pegdown\0.34.30\flexmark-profile-pegdown-0.34.30.jar;C:\Users\DynaPar\.m2\repository\com\vladsch\flexmark\flexmark-util\0.34.30\flexmark-util-0.34.30.jar;C:\Users\DynaPar\.m2\repository\com\vladsch\flexmark\flexmark-youtrack-converter\0.34.30\flexmark-youtrack-converter-0.34.30.jar;C:\Users\DynaPar\.m2\repository\es\nitaur\markdown\txtmark\0.16\txtmark-0.16.jar;C:\Users\DynaPar\.m2\repository\net\serenity-bdd\serenity-report-resources\3.0.2\serenity-report-resources-3.0.2.jar;C:\Users\DynaPar\.m2\repository\com\google\code\gson\gson\2.8.8\gson-2.8.8.jar;C:\Users\DynaPar\.m2\repository\com\fasterxml\jackson\core\jackson-core\2.12.4\jackson-core-2.12.4.jar;C:\Users\DynaPar\.m2\repository\com\fasterxml\jackson\core\jackson-databind\2.12.4\jackson-databind-2.12.4.jar;C:\Users\DynaPar\.m2\repository\com\fasterxml\jackson\core\jackson-annotations\2.12.4\jackson-annotations-2.12.4.jar;C:\Users\DynaPar\.m2\repository\commons-codec\commons-codec\1.15\commons-codec-1.15.jar;C:\Users\DynaPar\.m2\repository\commons-io\commons-io\2.8.0\commons-io-2.8.0.jar;C:\Users\DynaPar\.m2\repository\org\seleniumhq\selenium\selenium-server\3.141.59\selenium-server-3.141.59.jar;C:\Users\DynaPar\.m2\repository\org\seleniumhq\selenium\selenium-opera-driver\3.141.59\selenium-opera-driver-3.141.59.jar;C:\Users\DynaPar\.m2\repository\org\seleniumhq\selenium\selenium-remote-driver\3.141.59\selenium-remote-driver-3.141.59.jar;C:\Users\DynaPar\.m2\repository\org\seleniumhq\selenium\selenium-safari-driver\3.141.59\selenium-safari-driver-3.141.59.jar;C:\Users\DynaPar\.m2\repository\com\beust\jcommander\1.72\jcommander-1.72.jar;C:\Users\DynaPar\.m2\repository\org\apache\commons\commons-exec\1.3\commons-exec-1.3.jar;C:\Users\DynaPar\.m2\repository\net\jcip\jcip-annotations\1.0\jcip-annotations-1.0.jar;C:\Users\DynaPar\.m2\repository\org\seleniumhq\selenium\jetty-repacked\9.4.12.v20180830\jetty-repacked-9.4.12.v20180830.jar;C:\Users\DynaPar\.m2\repository\com\squareup\okhttp3\okhttp\3.11.0\okhttp-3.11.0.jar;C:\Users\DynaPar\.m2\repository\com\squareup\okio\okio\1.14.0\okio-1.14.0.jar;C:\Users\DynaPar\.m2\repository\javax\servlet\javax.servlet-api\3.1.0\javax.servlet-api-3.1.0.jar;C:\Users\DynaPar\.m2\repository\org\yaml\snakeyaml\1.19\snakeyaml-1.19.jar;C:\Users\DynaPar\.m2\repository\org\seleniumhq\selenium\selenium-java\3.141.59\selenium-java-3.141.59.jar;C:\Users\DynaPar\.m2\repository\org\seleniumhq\selenium\selenium-api\3.141.59\selenium-api-3.141.59.jar;C:\Users\DynaPar\.m2\repository\org\seleniumhq\selenium\selenium-support\3.141.59\selenium-support-3.141.59.jar;C:\Users\DynaPar\.m2\repository\org\seleniumhq\selenium\selenium-chrome-driver\3.141.59\selenium-chrome-driver-3.141.59.jar;C:\Users\DynaPar\.m2\repository\org\seleniumhq\selenium\selenium-firefox-driver\3.141.59\selenium-firefox-driver-3.141.59.jar;C:\Users\DynaPar\.m2\repository\org\seleniumhq\selenium\selenium-edge-driver\3.141.59\selenium-edge-driver-3.141.59.jar;C:\Users\DynaPar\.m2\repository\org\seleniumhq\selenium\selenium-ie-driver\3.141.59\selenium-ie-driver-3.141.59.jar;C:\Users\DynaPar\.m2\repository\net\sourceforge\htmlunit\htmlunit\2.47.1\htmlunit-2.47.1.jar;C:\Users\DynaPar\.m2\repository\xalan\xalan\2.7.2\xalan-2.7.2.jar;C:\Users\DynaPar\.m2\repository\xalan\serializer\2.7.2\serializer-2.7.2.jar;C:\Users\DynaPar\.m2\repository\org\apache\httpcomponents\httpmime\4.5.13\httpmime-4.5.13.jar;C:\Users\DynaPar\.m2\repository\org\apache\httpcomponents\httpclient\4.5.13\httpclient-4.5.13.jar;C:\Users\DynaPar\.m2\repository\org\apache\httpcomponents\httpcore\4.4.13\httpcore-4.4.13.jar;C:\Users\DynaPar\.m2\repository\net\sourceforge\htmlunit\htmlunit-core-js\2.47.0\htmlunit-core-js-2.47.0.jar;C:\Users\DynaPar\.m2\repository\net\sourceforge\htmlunit\neko-htmlunit\2.47.1\neko-htmlunit-2.47.1.jar;C:\Users\DynaPar\.m2\repository\xerces\xercesImpl\2.12.0\xercesImpl-2.12.0.jar;C:\Users\DynaPar\.m2\repository\xml-apis\xml-apis\1.4.01\xml-apis-1.4.01.jar;C:\Users\DynaPar\.m2\repository\net\sourceforge\htmlunit\htmlunit-cssparser\1.7.0\htmlunit-cssparser-1.7.0.jar;C:\Users\DynaPar\.m2\repository\commons-logging\commons-logging\1.2\commons-logging-1.2.jar;C:\Users\DynaPar\.m2\repository\org\brotli\dec\0.1.2\dec-0.1.2.jar;C:\Users\DynaPar\.m2\repository\com\shapesecurity\salvation2\3.0.0\salvation2-3.0.0.jar;C:\Users\DynaPar\.m2\repository\org\eclipse\jetty\websocket\websocket-client\9.4.36.v20210114\websocket-client-9.4.36.v20210114.jar;C:\Users\DynaPar\.m2\repository\org\eclipse\jetty\jetty-client\9.4.36.v20210114\jetty-client-9.4.36.v20210114.jar;C:\Users\DynaPar\.m2\repository\org\eclipse\jetty\jetty-http\9.4.36.v20210114\jetty-http-9.4.36.v20210114.jar;C:\Users\DynaPar\.m2\repository\org\eclipse\jetty\jetty-util\9.4.36.v20210114\jetty-util-9.4.36.v20210114.jar;C:\Users\DynaPar\.m2\repository\org\eclipse\jetty\jetty-io\9.4.36.v20210114\jetty-io-9.4.36.v20210114.jar;C:\Users\DynaPar\.m2\repository\org\eclipse\jetty\websocket\websocket-common\9.4.36.v20210114\websocket-common-9.4.36.v20210114.jar;C:\Users\DynaPar\.m2\repository\org\eclipse\jetty\websocket\websocket-api\9.4.36.v20210114\websocket-api-9.4.36.v20210114.jar;C:\Users\DynaPar\.m2\repository\org\seleniumhq\selenium\htmlunit-driver\2.47.1\htmlunit-driver-2.47.1.jar;C:\Users\DynaPar\.m2\repository\com\codeborne\phantomjsdriver\1.4.4\phantomjsdriver-1.4.4.jar;C:\Users\DynaPar\.m2\repository\io\appium\java-client\7.5.1\java-client-7.5.1.jar;C:\Users\DynaPar\.m2\repository\commons-validator\commons-validator\1.7\commons-validator-1.7.jar;C:\Users\DynaPar\.m2\repository\commons-digester\commons-digester\2.1\commons-digester-2.1.jar;C:\Users\DynaPar\.m2\repository\org\aspectj\aspectjweaver\1.9.6\aspectjweaver-1.9.6.jar;C:\Users\DynaPar\.m2\repository\net\sf\opencsv\opencsv\2.0\opencsv-2.0.jar;C:\Users\DynaPar\.m2\repository\commons-beanutils\commons-beanutils\1.9.4\commons-beanutils-1.9.4.jar;C:\Users\DynaPar\.m2\repository\org\apache\commons\commons-lang3\3.11\commons-lang3-3.11.jar;C:\Users\DynaPar\.m2\repository\commons-collections\commons-collections\3.2.2\commons-collections-3.2.2.jar;C:\Users\DynaPar\.m2\repository\org\fluentlenium\fluentlenium-core\0.10.2\fluentlenium-core-0.10.2.jar;C:\Users\DynaPar\.m2\repository\io\github\bonigarcia\webdrivermanager\4.4.1\webdrivermanager-4.4.1.jar;C:\Users\DynaPar\.m2\repository\org\apache\httpcomponents\client5\httpclient5\5.0.3\httpclient5-5.0.3.jar;C:\Users\DynaPar\.m2\repository\org\apache\httpcomponents\core5\httpcore5\5.0.2\httpcore5-5.0.2.jar;C:\Users\DynaPar\.m2\repository\org\apache\httpcomponents\core5\httpcore5-h2\5.0.2\httpcore5-h2-5.0.2.jar;C:\Users\DynaPar\.m2\repository\org\rauschig\jarchivelib\1.1.0\jarchivelib-1.1.0.jar;C:\Users\DynaPar\.m2\repository\org\apache\commons\commons-compress\1.20\commons-compress-1.20.jar;C:\Users\DynaPar\.m2\repository\com\jhlabs\filters\2.0.235\filters-2.0.235.jar;C:\Users\DynaPar\.m2\repository\com\paulhammant\ngwebdriver\1.1.5\ngwebdriver-1.1.5.jar;C:\Users\DynaPar\.m2\repository\joda-time\joda-time\2.8.2\joda-time-2.8.2.jar;C:\Users\DynaPar\.m2\repository\org\hamcrest\hamcrest\2.2\hamcrest-2.2.jar;C:\Users\DynaPar\.m2\repository\com\google\jimfs\jimfs\1.1\jimfs-1.1.jar;C:\Users\DynaPar\.m2\repository\org\mockito\mockito-core\3.3.3\mockito-core-3.3.3.jar;C:\Users\DynaPar\.m2\repository\javax\xml\bind\jaxb-api\2.3.1\jaxb-api-2.3.1.jar;C:\Users\DynaPar\.m2\repository\javax\activation\javax.activation-api\1.2.0\javax.activation-api-1.2.0.jar;C:\Users\DynaPar\.m2\repository\com\sun\xml\bind\jaxb-core\2.3.0.1\jaxb-core-2.3.0.1.jar;C:\Users\DynaPar\.m2\repository\com\sun\xml\bind\jaxb-impl\2.3.3\jaxb-impl-2.3.3.jar;C:\Users\DynaPar\.m2\repository\jakarta\xml\bind\jakarta.xml.bind-api\2.3.3\jakarta.xml.bind-api-2.3.3.jar;C:\Users\DynaPar\.m2\repository\com\sun\activation\jakarta.activation\1.2.2\jakarta.activation-1.2.2.jar;C:\Users\DynaPar\.m2\repository\javax\activation\activation\1.1.1\activation-1.1.1.jar;C:\Users\DynaPar\.m2\repository\net\serenity-bdd\serenity-junit5\3.0.2\serenity-junit5-3.0.2.jar;C:\Users\DynaPar\.m2\repository\org\junit\jupiter\junit-jupiter-api\5.8.1\junit-jupiter-api-5.8.1.jar;C:\Users\DynaPar\.m2\repository\org\junit\platform\junit-platform-commons\1.8.1\junit-platform-commons-1.8.1.jar;C:\Users\DynaPar\.m2\repository\org\junit\jupiter\junit-jupiter-params\5.8.1\junit-jupiter-params-5.8.1.jar;C:\Users\DynaPar\.m2\repository\org\junit\vintage\junit-vintage-engine\5.8.1\junit-vintage-engine-5.8.1.jar;C:\Users\DynaPar\.m2\repository\junit\junit\4.13.2\junit-4.13.2.jar;C:\Users\DynaPar\.m2\repository\org\hamcrest\hamcrest-core\1.3\hamcrest-core-1.3.jar;C:\Users\DynaPar\.m2\repository\org\springframework\spring-core\5.3.3\spring-core-5.3.3.jar;C:\Users\DynaPar\.m2\repository\org\springframework\spring-jcl\5.3.3\spring-jcl-5.3.3.jar;C:\Users\DynaPar\.m2\repository\net\serenity-bdd\serenity-screenplay\3.0.2\serenity-screenplay-3.0.2.jar;C:\Users\DynaPar\.m2\repository\net\serenity-bdd\serenity-screenplay-webdriver\3.0.2\serenity-screenplay-webdriver-3.0.2.jar;C:\Users\DynaPar\.m2\repository\net\serenity-bdd\serenity-ensure\3.0.2\serenity-ensure-3.0.2.jar;C:\Users\DynaPar\.m2\repository\net\serenity-bdd\serenity-junit\3.0.2\serenity-junit-3.0.2.jar;C:\Users\DynaPar\.m2\repository\org\jetbrains\kotlin\kotlin-stdlib\1.5.31\kotlin-stdlib-1.5.31.jar;C:\Users\DynaPar\.m2\repository\org\jetbrains\annotations\13.0\annotations-13.0.jar;C:\Users\DynaPar\.m2\repository\org\jetbrains\kotlin\kotlin-stdlib-common\1.5.31\kotlin-stdlib-common-1.5.31.jar;C:\Users\DynaPar\.m2\repository\ch\qos\logback\logback-classic\1.0.13\logback-classic-1.0.13.jar;C:\Users\DynaPar\.m2\repository\ch\qos\logback\logback-core\1.0.13\logback-core-1.0.13.jar;C:\Users\DynaPar\.m2\repository\org\slf4j\slf4j-api\1.7.5\slf4j-api-1.7.5.jar;C:\Users\DynaPar\.m2\repository\org\projectlombok\lombok\1.18.20\lombok-1.18.20.jar;C:\Users\DynaPar\.m2\repository\org\junit\platform\junit-platform-launcher\1.8.1\junit-platform-launcher-1.8.1.jar;C:\Users\DynaPar\.m2\repository\org\junit\platform\junit-platform-engine\1.8.1\junit-platform-engine-1.8.1.jar;C:\Users\DynaPar\.m2\repository\org\apiguardian\apiguardian-api\1.1.2\apiguardian-api-1.1.2.jar;C:\Users\DynaPar\.m2\repository\org\junit\jupiter\junit-jupiter-engine\5.8.1\junit-jupiter-engine-5.8.1.jar;C:\Users\DynaPar\.m2\repository\org\assertj\assertj-core\3.6.2\assertj-core-3.6.2.jar;"/>
    <property name="java.vm.vendor" value="Oracle Corporation"/>
    <property name="sun.arch.data.model" value="64"/>
    <property name="user.variant" value=""/>
    <property name="java.vendor.url" value="https://openjdk.java.net/"/>
    <property name="user.timezone" value="Asia/Calcutta"/>
    <property name="java.vm.specification.version" value="11"/>
    <property name="os.name" value="Windows 10"/>
    <property name="sun.java.launcher" value="SUN_STANDARD"/>
    <property name="user.country" value="US"/>
    <property name="sun.boot.library.path" value="C:\Program Files\Java\jdk-11\bin"/>
    <property name="sun.java.command" value="org.apache.maven.surefire.booter.ForkedBooter C:\Users\DynaPar\AppData\Local\Temp\surefire5350939164199122888 2023-11-23T20-45-47_495-jvmRun4 surefire12265612133384510749tmp surefire_34380921601157963707tmp"/>
    <property name="jdk.debug" value="release"/>
    <property name="surefire.test.class.path" value="C:\Users\DynaPar\eclipse-workspace\StudentApplication\target\test-classes;C:\Users\DynaPar\.m2\repository\net\serenity-bdd\serenity-rest-assured\3.0.2\serenity-rest-assured-3.0.2.jar;C:\Users\DynaPar\.m2\repository\io\rest-assured\rest-assured\4.3.3\rest-assured-4.3.3.jar;C:\Users\DynaPar\.m2\repository\org\ccil\cowan\tagsoup\tagsoup\1.2.1\tagsoup-1.2.1.jar;C:\Users\DynaPar\.m2\repository\io\rest-assured\json-path\4.3.3\json-path-4.3.3.jar;C:\Users\DynaPar\.m2\repository\io\rest-assured\rest-assured-common\4.3.3\rest-assured-common-4.3.3.jar;C:\Users\DynaPar\.m2\repository\io\rest-assured\xml-path\4.3.3\xml-path-4.3.3.jar;C:\Users\DynaPar\.m2\repository\org\codehaus\groovy\groovy-json\3.0.9\groovy-json-3.0.9.jar;C:\Users\DynaPar\.m2\repository\org\codehaus\groovy\groovy-xml\3.0.9\groovy-xml-3.0.9.jar;C:\Users\DynaPar\.m2\repository\org\codehaus\groovy\groovy\3.0.9\groovy-3.0.9.jar;C:\Users\DynaPar\.m2\repository\org\opentest4j\opentest4j\1.2.0\opentest4j-1.2.0.jar;C:\Users\DynaPar\.m2\repository\net\serenity-bdd\serenity-core\3.0.2\serenity-core-3.0.2.jar;C:\Users\DynaPar\.m2\repository\net\serenity-bdd\serenity-model\3.0.2\serenity-model-3.0.2.jar;C:\Users\DynaPar\.m2\repository\org\apache\commons\commons-text\1.9\commons-text-1.9.jar;C:\Users\DynaPar\.m2\repository\commons-net\commons-net\3.6\commons-net-3.6.jar;C:\Users\DynaPar\.m2\repository\com\google\guava\guava\31.0.1-jre\guava-31.0.1-jre.jar;C:\Users\DynaPar\.m2\repository\com\google\guava\failureaccess\1.0.1\failureaccess-1.0.1.jar;C:\Users\DynaPar\.m2\repository\com\google\guava\listenablefuture\9999.0-empty-to-avoid-conflict-with-guava\listenablefuture-9999.0-empty-to-avoid-conflict-with-guava.jar;C:\Users\DynaPar\.m2\repository\com\google\code\findbugs\jsr305\3.0.2\jsr305-3.0.2.jar;C:\Users\DynaPar\.m2\repository\org\checkerframework\checker-qual\3.12.0\checker-qual-3.12.0.jar;C:\Users\DynaPar\.m2\repository\com\google\errorprone\error_prone_annotations\2.7.1\error_prone_annotations-2.7.1.jar;C:\Users\DynaPar\.m2\repository\com\google\j2objc\j2objc-annotations\1.3\j2objc-annotations-1.3.jar;C:\Users\DynaPar\.m2\repository\com\google\inject\guice\5.0.1\guice-5.0.1.jar;C:\Users\DynaPar\.m2\repository\javax\inject\javax.inject\1\javax.inject-1.jar;C:\Users\DynaPar\.m2\repository\aopalliance\aopalliance\1.0\aopalliance-1.0.jar;C:\Users\DynaPar\.m2\repository\org\jsoup\jsoup\1.13.1\jsoup-1.13.1.jar;C:\Users\DynaPar\.m2\repository\com\thoughtworks\xstream\xstream\1.4.18\xstream-1.4.18.jar;C:\Users\DynaPar\.m2\repository\io\github\x-stream\mxparser\1.2.2\mxparser-1.2.2.jar;C:\Users\DynaPar\.m2\repository\xmlpull\xmlpull\1.1.3.1\xmlpull-1.1.3.1.jar;C:\Users\DynaPar\.m2\repository\io\cucumber\cucumber-core\6.11.0\cucumber-core-6.11.0.jar;C:\Users\DynaPar\.m2\repository\io\cucumber\cucumber-gherkin\6.11.0\cucumber-gherkin-6.11.0.jar;C:\Users\DynaPar\.m2\repository\io\cucumber\cucumber-gherkin-messages\6.11.0\cucumber-gherkin-messages-6.11.0.jar;C:\Users\DynaPar\.m2\repository\io\cucumber\messages\15.0.0\messages-15.0.0.jar;C:\Users\DynaPar\.m2\repository\io\cucumber\tag-expressions\3.0.1\tag-expressions-3.0.1.jar;C:\Users\DynaPar\.m2\repository\io\cucumber\cucumber-expressions\10.3.0\cucumber-expressions-10.3.0.jar;C:\Users\DynaPar\.m2\repository\io\cucumber\datatable\3.5.0\datatable-3.5.0.jar;C:\Users\DynaPar\.m2\repository\io\cucumber\cucumber-plugin\6.11.0\cucumber-plugin-6.11.0.jar;C:\Users\DynaPar\.m2\repository\io\cucumber\docstring\6.11.0\docstring-6.11.0.jar;C:\Users\DynaPar\.m2\repository\io\cucumber\html-formatter\13.0.0\html-formatter-13.0.0.jar;C:\Users\DynaPar\.m2\repository\io\cucumber\create-meta\4.0.0\create-meta-4.0.0.jar;C:\Users\DynaPar\.m2\repository\io\cucumber\cucumber-java\6.11.0\cucumber-java-6.11.0.jar;C:\Users\DynaPar\.m2\repository\com\typesafe\config\1.3.1\config-1.3.1.jar;C:\Users\DynaPar\.m2\repository\org\imgscalr\imgscalr-lib\4.2\imgscalr-lib-4.2.jar;C:\Users\DynaPar\.m2\repository\org\awaitility\awaitility\4.1.0\awaitility-4.1.0.jar;C:\Users\DynaPar\.m2\repository\org\freemarker\freemarker\2.3.31\freemarker-2.3.31.jar;C:\Users\DynaPar\.m2\repository\org\reflections\reflections\0.10.2\reflections-0.10.2.jar;C:\Users\DynaPar\.m2\repository\org\javassist\javassist\3.28.0-GA\javassist-3.28.0-GA.jar;C:\Users\DynaPar\.m2\repository\net\sourceforge\jexcelapi\jxl\2.6.12\jxl-2.6.12.jar;C:\Users\DynaPar\.m2\repository\org\asciidoctor\asciidoctorj\2.5.1\asciidoctorj-2.5.1.jar;C:\Users\DynaPar\.m2\repository\org\asciidoctor\asciidoctorj-api\2.5.1\asciidoctorj-api-2.5.1.jar;C:\Users\DynaPar\.m2\repository\org\jruby\jruby\9.2.17.0\jruby-9.2.17.0.jar;C:\Users\DynaPar\.m2\repository\org\jruby\jruby-core\9.2.17.0\jruby-core-9.2.17.0.jar;C:\Users\DynaPar\.m2\repository\com\github\jnr\jnr-netdb\1.2.0\jnr-netdb-1.2.0.jar;C:\Users\DynaPar\.m2\repository\com\github\jnr\jnr-enxio\0.32.3\jnr-enxio-0.32.3.jar;C:\Users\DynaPar\.m2\repository\com\github\jnr\jnr-unixsocket\0.38.5\jnr-unixsocket-0.38.5.jar;C:\Users\DynaPar\.m2\repository\com\github\jnr\jnr-posix\3.1.4\jnr-posix-3.1.4.jar;C:\Users\DynaPar\.m2\repository\com\github\jnr\jnr-constants\0.10.1\jnr-constants-0.10.1.jar;C:\Users\DynaPar\.m2\repository\com\github\jnr\jffi\1.3.1\jffi-1.3.1.jar;C:\Users\DynaPar\.m2\repository\com\github\jnr\jffi\1.3.1\jffi-1.3.1-native.jar;C:\Users\DynaPar\.m2\repository\org\jruby\joni\joni\2.1.31\joni-2.1.31.jar;C:\Users\DynaPar\.m2\repository\org\jruby\jcodings\jcodings\1.0.46\jcodings-1.0.46.jar;C:\Users\DynaPar\.m2\repository\org\jruby\dirgra\0.3\dirgra-0.3.jar;C:\Users\DynaPar\.m2\repository\com\headius\invokebinder\1.11\invokebinder-1.11.jar;C:\Users\DynaPar\.m2\repository\com\headius\options\1.4\options-1.4.jar;C:\Users\DynaPar\.m2\repository\com\jcraft\jzlib\1.1.3\jzlib-1.1.3.jar;C:\Users\DynaPar\.m2\repository\com\martiansoftware\nailgun-server\0.9.1\nailgun-server-0.9.1.jar;C:\Users\DynaPar\.m2\repository\com\headius\backport9\1.8\backport9-1.8.jar;C:\Users\DynaPar\.m2\repository\javax\annotation\javax.annotation-api\1.3.1\javax.annotation-api-1.3.1.jar;C:\Users\DynaPar\.m2\repository\org\jruby\jruby-stdlib\9.2.17.0\jruby-stdlib-9.2.17.0.jar;C:\Users\DynaPar\.m2\repository\net\bytebuddy\byte-buddy\1.11.22\byte-buddy-1.11.22.jar;C:\Users\DynaPar\.m2\repository\net\bytebuddy\byte-buddy-agent\1.11.22\byte-buddy-agent-1.11.22.jar;C:\Users\DynaPar\.m2\repository\org\objenesis\objenesis\3.1\objenesis-3.1.jar;C:\Users\DynaPar\.m2\repository\net\serenity-bdd\serenity-reports\3.0.2\serenity-reports-3.0.2.jar;C:\Users\DynaPar\.m2\repository\net\serenity-bdd\serenity-stats\3.0.2\serenity-stats-3.0.2.jar;C:\Users\DynaPar\.m2\repository\net\serenity-bdd\serenity-reports-configuration\3.0.2\serenity-reports-configuration-3.0.2.jar;C:\Users\DynaPar\.m2\repository\com\vladsch\flexmark\flexmark-all\0.34.30\flexmark-all-0.34.30.jar;C:\Users\DynaPar\.m2\repository\com\vladsch\flexmark\flexmark\0.34.30\flexmark-0.34.30.jar;C:\Users\DynaPar\.m2\repository\com\vladsch\flexmark\flexmark-ext-abbreviation\0.34.30\flexmark-ext-abbreviation-0.34.30.jar;C:\Users\DynaPar\.m2\repository\com\vladsch\flexmark\flexmark-ext-admonition\0.34.30\flexmark-ext-admonition-0.34.30.jar;C:\Users\DynaPar\.m2\repository\com\vladsch\flexmark\flexmark-ext-anchorlink\0.34.30\flexmark-ext-anchorlink-0.34.30.jar;C:\Users\DynaPar\.m2\repository\com\vladsch\flexmark\flexmark-ext-aside\0.34.30\flexmark-ext-aside-0.34.30.jar;C:\Users\DynaPar\.m2\repository\com\vladsch\flexmark\flexmark-ext-attributes\0.34.30\flexmark-ext-attributes-0.34.30.jar;C:\Users\DynaPar\.m2\repository\com\vladsch\flexmark\flexmark-ext-autolink\0.34.30\flexmark-ext-autolink-0.34.30.jar;C:\Users\DynaPar\.m2\repository\org\nibor\autolink\autolink\0.6.0\autolink-0.6.0.jar;C:\Users\DynaPar\.m2\repository\com\vladsch\flexmark\flexmark-ext-definition\0.34.30\flexmark-ext-definition-0.34.30.jar;C:\Users\DynaPar\.m2\repository\com\vladsch\flexmark\flexmark-ext-emoji\0.34.30\flexmark-ext-emoji-0.34.30.jar;C:\Users\DynaPar\.m2\repository\com\vladsch\flexmark\flexmark-ext-enumerated-reference\0.34.30\flexmark-ext-enumerated-reference-0.34.30.jar;C:\Users\DynaPar\.m2\repository\com\vladsch\flexmark\flexmark-ext-escaped-character\0.34.30\flexmark-ext-escaped-character-0.34.30.jar;C:\Users\DynaPar\.m2\repository\com\vladsch\flexmark\flexmark-ext-footnotes\0.34.30\flexmark-ext-footnotes-0.34.30.jar;C:\Users\DynaPar\.m2\repository\com\vladsch\flexmark\flexmark-ext-gfm-issues\0.34.30\flexmark-ext-gfm-issues-0.34.30.jar;C:\Users\DynaPar\.m2\repository\com\vladsch\flexmark\flexmark-ext-gfm-strikethrough\0.34.30\flexmark-ext-gfm-strikethrough-0.34.30.jar;C:\Users\DynaPar\.m2\repository\com\vladsch\flexmark\flexmark-ext-gfm-tables\0.34.30\flexmark-ext-gfm-tables-0.34.30.jar;C:\Users\DynaPar\.m2\repository\com\vladsch\flexmark\flexmark-ext-gfm-tasklist\0.34.30\flexmark-ext-gfm-tasklist-0.34.30.jar;C:\Users\DynaPar\.m2\repository\com\vladsch\flexmark\flexmark-ext-gfm-users\0.34.30\flexmark-ext-gfm-users-0.34.30.jar;C:\Users\DynaPar\.m2\repository\com\vladsch\flexmark\flexmark-ext-gitlab\0.34.30\flexmark-ext-gitlab-0.34.30.jar;C:\Users\DynaPar\.m2\repository\com\vladsch\flexmark\flexmark-ext-jekyll-front-matter\0.34.30\flexmark-ext-jekyll-front-matter-0.34.30.jar;C:\Users\DynaPar\.m2\repository\com\vladsch\flexmark\flexmark-ext-jekyll-tag\0.34.30\flexmark-ext-jekyll-tag-0.34.30.jar;C:\Users\DynaPar\.m2\repository\com\vladsch\flexmark\flexmark-ext-media-tags\0.34.30\flexmark-ext-media-tags-0.34.30.jar;C:\Users\DynaPar\.m2\repository\com\vladsch\flexmark\flexmark-test-util\0.34.30\flexmark-test-util-0.34.30.jar;C:\Users\DynaPar\.m2\repository\com\vladsch\flexmark\flexmark-ext-ins\0.34.30\flexmark-ext-ins-0.34.30.jar;C:\Users\DynaPar\.m2\repository\com\vladsch\flexmark\flexmark-ext-xwiki-macros\0.34.30\flexmark-ext-xwiki-macros-0.34.30.jar;C:\Users\DynaPar\.m2\repository\com\vladsch\flexmark\flexmark-ext-superscript\0.34.30\flexmark-ext-superscript-0.34.30.jar;C:\Users\DynaPar\.m2\repository\com\vladsch\flexmark\flexmark-ext-tables\0.34.30\flexmark-ext-tables-0.34.30.jar;C:\Users\DynaPar\.m2\repository\com\vladsch\flexmark\flexmark-ext-toc\0.34.30\flexmark-ext-toc-0.34.30.jar;C:\Users\DynaPar\.m2\repository\com\vladsch\flexmark\flexmark-ext-typographic\0.34.30\flexmark-ext-typographic-0.34.30.jar;C:\Users\DynaPar\.m2\repository\com\vladsch\flexmark\flexmark-ext-wikilink\0.34.30\flexmark-ext-wikilink-0.34.30.jar;C:\Users\DynaPar\.m2\repository\com\vladsch\flexmark\flexmark-ext-yaml-front-matter\0.34.30\flexmark-ext-yaml-front-matter-0.34.30.jar;C:\Users\DynaPar\.m2\repository\com\vladsch\flexmark\flexmark-ext-youtube-embedded\0.34.30\flexmark-ext-youtube-embedded-0.34.30.jar;C:\Users\DynaPar\.m2\repository\com\vladsch\flexmark\flexmark-formatter\0.34.30\flexmark-formatter-0.34.30.jar;C:\Users\DynaPar\.m2\repository\com\vladsch\flexmark\flexmark-html-parser\0.34.30\flexmark-html-parser-0.34.30.jar;C:\Users\DynaPar\.m2\repository\com\vladsch\flexmark\flexmark-jira-converter\0.34.30\flexmark-jira-converter-0.34.30.jar;C:\Users\DynaPar\.m2\repository\com\vladsch\flexmark\flexmark-pdf-converter\0.34.30\flexmark-pdf-converter-0.34.30.jar;C:\Users\DynaPar\.m2\repository\com\openhtmltopdf\openhtmltopdf-core\0.0.1-RC13\openhtmltopdf-core-0.0.1-RC13.jar;C:\Users\DynaPar\.m2\repository\com\openhtmltopdf\openhtmltopdf-pdfbox\0.0.1-RC13\openhtmltopdf-pdfbox-0.0.1-RC13.jar;C:\Users\DynaPar\.m2\repository\org\apache\pdfbox\pdfbox\2.0.8\pdfbox-2.0.8.jar;C:\Users\DynaPar\.m2\repository\org\apache\pdfbox\fontbox\2.0.8\fontbox-2.0.8.jar;C:\Users\DynaPar\.m2\repository\org\apache\pdfbox\xmpbox\2.0.8\xmpbox-2.0.8.jar;C:\Users\DynaPar\.m2\repository\de\rototor\pdfbox\graphics2d\0.12\graphics2d-0.12.jar;C:\Users\DynaPar\.m2\repository\com\openhtmltopdf\openhtmltopdf-rtl-support\0.0.1-RC13\openhtmltopdf-rtl-support-0.0.1-RC13.jar;C:\Users\DynaPar\.m2\repository\com\ibm\icu\icu4j\59.1\icu4j-59.1.jar;C:\Users\DynaPar\.m2\repository\com\openhtmltopdf\openhtmltopdf-jsoup-dom-converter\0.0.1-RC13\openhtmltopdf-jsoup-dom-converter-0.0.1-RC13.jar;C:\Users\DynaPar\.m2\repository\com\vladsch\flexmark\flexmark-profile-pegdown\0.34.30\flexmark-profile-pegdown-0.34.30.jar;C:\Users\DynaPar\.m2\repository\com\vladsch\flexmark\flexmark-util\0.34.30\flexmark-util-0.34.30.jar;C:\Users\DynaPar\.m2\repository\com\vladsch\flexmark\flexmark-youtrack-converter\0.34.30\flexmark-youtrack-converter-0.34.30.jar;C:\Users\DynaPar\.m2\repository\es\nitaur\markdown\txtmark\0.16\txtmark-0.16.jar;C:\Users\DynaPar\.m2\repository\net\serenity-bdd\serenity-report-resources\3.0.2\serenity-report-resources-3.0.2.jar;C:\Users\DynaPar\.m2\repository\com\google\code\gson\gson\2.8.8\gson-2.8.8.jar;C:\Users\DynaPar\.m2\repository\com\fasterxml\jackson\core\jackson-core\2.12.4\jackson-core-2.12.4.jar;C:\Users\DynaPar\.m2\repository\com\fasterxml\jackson\core\jackson-databind\2.12.4\jackson-databind-2.12.4.jar;C:\Users\DynaPar\.m2\repository\com\fasterxml\jackson\core\jackson-annotations\2.12.4\jackson-annotations-2.12.4.jar;C:\Users\DynaPar\.m2\repository\commons-codec\commons-codec\1.15\commons-codec-1.15.jar;C:\Users\DynaPar\.m2\repository\commons-io\commons-io\2.8.0\commons-io-2.8.0.jar;C:\Users\DynaPar\.m2\repository\org\seleniumhq\selenium\selenium-server\3.141.59\selenium-server-3.141.59.jar;C:\Users\DynaPar\.m2\repository\org\seleniumhq\selenium\selenium-opera-driver\3.141.59\selenium-opera-driver-3.141.59.jar;C:\Users\DynaPar\.m2\repository\org\seleniumhq\selenium\selenium-remote-driver\3.141.59\selenium-remote-driver-3.141.59.jar;C:\Users\DynaPar\.m2\repository\org\seleniumhq\selenium\selenium-safari-driver\3.141.59\selenium-safari-driver-3.141.59.jar;C:\Users\DynaPar\.m2\repository\com\beust\jcommander\1.72\jcommander-1.72.jar;C:\Users\DynaPar\.m2\repository\org\apache\commons\commons-exec\1.3\commons-exec-1.3.jar;C:\Users\DynaPar\.m2\repository\net\jcip\jcip-annotations\1.0\jcip-annotations-1.0.jar;C:\Users\DynaPar\.m2\repository\org\seleniumhq\selenium\jetty-repacked\9.4.12.v20180830\jetty-repacked-9.4.12.v20180830.jar;C:\Users\DynaPar\.m2\repository\com\squareup\okhttp3\okhttp\3.11.0\okhttp-3.11.0.jar;C:\Users\DynaPar\.m2\repository\com\squareup\okio\okio\1.14.0\okio-1.14.0.jar;C:\Users\DynaPar\.m2\repository\javax\servlet\javax.servlet-api\3.1.0\javax.servlet-api-3.1.0.jar;C:\Users\DynaPar\.m2\repository\org\yaml\snakeyaml\1.19\snakeyaml-1.19.jar;C:\Users\DynaPar\.m2\repository\org\seleniumhq\selenium\selenium-java\3.141.59\selenium-java-3.141.59.jar;C:\Users\DynaPar\.m2\repository\org\seleniumhq\selenium\selenium-api\3.141.59\selenium-api-3.141.59.jar;C:\Users\DynaPar\.m2\repository\org\seleniumhq\selenium\selenium-support\3.141.59\selenium-support-3.141.59.jar;C:\Users\DynaPar\.m2\repository\org\seleniumhq\selenium\selenium-chrome-driver\3.141.59\selenium-chrome-driver-3.141.59.jar;C:\Users\DynaPar\.m2\repository\org\seleniumhq\selenium\selenium-firefox-driver\3.141.59\selenium-firefox-driver-3.141.59.jar;C:\Users\DynaPar\.m2\repository\org\seleniumhq\selenium\selenium-edge-driver\3.141.59\selenium-edge-driver-3.141.59.jar;C:\Users\DynaPar\.m2\repository\org\seleniumhq\selenium\selenium-ie-driver\3.141.59\selenium-ie-driver-3.141.59.jar;C:\Users\DynaPar\.m2\repository\net\sourceforge\htmlunit\htmlunit\2.47.1\htmlunit-2.47.1.jar;C:\Users\DynaPar\.m2\repository\xalan\xalan\2.7.2\xalan-2.7.2.jar;C:\Users\DynaPar\.m2\repository\xalan\serializer\2.7.2\serializer-2.7.2.jar;C:\Users\DynaPar\.m2\repository\org\apache\httpcomponents\httpmime\4.5.13\httpmime-4.5.13.jar;C:\Users\DynaPar\.m2\repository\org\apache\httpcomponents\httpclient\4.5.13\httpclient-4.5.13.jar;C:\Users\DynaPar\.m2\repository\org\apache\httpcomponents\httpcore\4.4.13\httpcore-4.4.13.jar;C:\Users\DynaPar\.m2\repository\net\sourceforge\htmlunit\htmlunit-core-js\2.47.0\htmlunit-core-js-2.47.0.jar;C:\Users\DynaPar\.m2\repository\net\sourceforge\htmlunit\neko-htmlunit\2.47.1\neko-htmlunit-2.47.1.jar;C:\Users\DynaPar\.m2\repository\xerces\xercesImpl\2.12.0\xercesImpl-2.12.0.jar;C:\Users\DynaPar\.m2\repository\xml-apis\xml-apis\1.4.01\xml-apis-1.4.01.jar;C:\Users\DynaPar\.m2\repository\net\sourceforge\htmlunit\htmlunit-cssparser\1.7.0\htmlunit-cssparser-1.7.0.jar;C:\Users\DynaPar\.m2\repository\commons-logging\commons-logging\1.2\commons-logging-1.2.jar;C:\Users\DynaPar\.m2\repository\org\brotli\dec\0.1.2\dec-0.1.2.jar;C:\Users\DynaPar\.m2\repository\com\shapesecurity\salvation2\3.0.0\salvation2-3.0.0.jar;C:\Users\DynaPar\.m2\repository\org\eclipse\jetty\websocket\websocket-client\9.4.36.v20210114\websocket-client-9.4.36.v20210114.jar;C:\Users\DynaPar\.m2\repository\org\eclipse\jetty\jetty-client\9.4.36.v20210114\jetty-client-9.4.36.v20210114.jar;C:\Users\DynaPar\.m2\repository\org\eclipse\jetty\jetty-http\9.4.36.v20210114\jetty-http-9.4.36.v20210114.jar;C:\Users\DynaPar\.m2\repository\org\eclipse\jetty\jetty-util\9.4.36.v20210114\jetty-util-9.4.36.v20210114.jar;C:\Users\DynaPar\.m2\repository\org\eclipse\jetty\jetty-io\9.4.36.v20210114\jetty-io-9.4.36.v20210114.jar;C:\Users\DynaPar\.m2\repository\org\eclipse\jetty\websocket\websocket-common\9.4.36.v20210114\websocket-common-9.4.36.v20210114.jar;C:\Users\DynaPar\.m2\repository\org\eclipse\jetty\websocket\websocket-api\9.4.36.v20210114\websocket-api-9.4.36.v20210114.jar;C:\Users\DynaPar\.m2\repository\org\seleniumhq\selenium\htmlunit-driver\2.47.1\htmlunit-driver-2.47.1.jar;C:\Users\DynaPar\.m2\repository\com\codeborne\phantomjsdriver\1.4.4\phantomjsdriver-1.4.4.jar;C:\Users\DynaPar\.m2\repository\io\appium\java-client\7.5.1\java-client-7.5.1.jar;C:\Users\DynaPar\.m2\repository\commons-validator\commons-validator\1.7\commons-validator-1.7.jar;C:\Users\DynaPar\.m2\repository\commons-digester\commons-digester\2.1\commons-digester-2.1.jar;C:\Users\DynaPar\.m2\repository\org\aspectj\aspectjweaver\1.9.6\aspectjweaver-1.9.6.jar;C:\Users\DynaPar\.m2\repository\net\sf\opencsv\opencsv\2.0\opencsv-2.0.jar;C:\Users\DynaPar\.m2\repository\commons-beanutils\commons-beanutils\1.9.4\commons-beanutils-1.9.4.jar;C:\Users\DynaPar\.m2\repository\org\apache\commons\commons-lang3\3.11\commons-lang3-3.11.jar;C:\Users\DynaPar\.m2\repository\commons-collections\commons-collections\3.2.2\commons-collections-3.2.2.jar;C:\Users\DynaPar\.m2\repository\org\fluentlenium\fluentlenium-core\0.10.2\fluentlenium-core-0.10.2.jar;C:\Users\DynaPar\.m2\repository\io\github\bonigarcia\webdrivermanager\4.4.1\webdrivermanager-4.4.1.jar;C:\Users\DynaPar\.m2\repository\org\apache\httpcomponents\client5\httpclient5\5.0.3\httpclient5-5.0.3.jar;C:\Users\DynaPar\.m2\repository\org\apache\httpcomponents\core5\httpcore5\5.0.2\httpcore5-5.0.2.jar;C:\Users\DynaPar\.m2\repository\org\apache\httpcomponents\core5\httpcore5-h2\5.0.2\httpcore5-h2-5.0.2.jar;C:\Users\DynaPar\.m2\repository\org\rauschig\jarchivelib\1.1.0\jarchivelib-1.1.0.jar;C:\Users\DynaPar\.m2\repository\org\apache\commons\commons-compress\1.20\commons-compress-1.20.jar;C:\Users\DynaPar\.m2\repository\com\jhlabs\filters\2.0.235\filters-2.0.235.jar;C:\Users\DynaPar\.m2\repository\com\paulhammant\ngwebdriver\1.1.5\ngwebdriver-1.1.5.jar;C:\Users\DynaPar\.m2\repository\joda-time\joda-time\2.8.2\joda-time-2.8.2.jar;C:\Users\DynaPar\.m2\repository\org\hamcrest\hamcrest\2.2\hamcrest-2.2.jar;C:\Users\DynaPar\.m2\repository\com\google\jimfs\jimfs\1.1\jimfs-1.1.jar;C:\Users\DynaPar\.m2\repository\org\mockito\mockito-core\3.3.3\mockito-core-3.3.3.jar;C:\Users\DynaPar\.m2\repository\javax\xml\bind\jaxb-api\2.3.1\jaxb-api-2.3.1.jar;C:\Users\DynaPar\.m2\repository\javax\activation\javax.activation-api\1.2.0\javax.activation-api-1.2.0.jar;C:\Users\DynaPar\.m2\repository\com\sun\xml\bind\jaxb-core\2.3.0.1\jaxb-core-2.3.0.1.jar;C:\Users\DynaPar\.m2\repository\com\sun\xml\bind\jaxb-impl\2.3.3\jaxb-impl-2.3.3.jar;C:\Users\DynaPar\.m2\repository\jakarta\xml\bind\jakarta.xml.bind-api\2.3.3\jakarta.xml.bind-api-2.3.3.jar;C:\Users\DynaPar\.m2\repository\com\sun\activation\jakarta.activation\1.2.2\jakarta.activation-1.2.2.jar;C:\Users\DynaPar\.m2\repository\javax\activation\activation\1.1.1\activation-1.1.1.jar;C:\Users\DynaPar\.m2\repository\net\serenity-bdd\serenity-junit5\3.0.2\serenity-junit5-3.0.2.jar;C:\Users\DynaPar\.m2\repository\org\junit\jupiter\junit-jupiter-api\5.8.1\junit-jupiter-api-5.8.1.jar;C:\Users\DynaPar\.m2\repository\org\junit\platform\junit-platform-commons\1.8.1\junit-platform-commons-1.8.1.jar;C:\Users\DynaPar\.m2\repository\org\junit\jupiter\junit-jupiter-params\5.8.1\junit-jupiter-params-5.8.1.jar;C:\Users\DynaPar\.m2\repository\org\junit\vintage\junit-vintage-engine\5.8.1\junit-vintage-engine-5.8.1.jar;C:\Users\DynaPar\.m2\repository\junit\junit\4.13.2\junit-4.13.2.jar;C:\Users\DynaPar\.m2\repository\org\hamcrest\hamcrest-core\1.3\hamcrest-core-1.3.jar;C:\Users\DynaPar\.m2\repository\org\springframework\spring-core\5.3.3\spring-core-5.3.3.jar;C:\Users\DynaPar\.m2\repository\org\springframework\spring-jcl\5.3.3\spring-jcl-5.3.3.jar;C:\Users\DynaPar\.m2\repository\net\serenity-bdd\serenity-screenplay\3.0.2\serenity-screenplay-3.0.2.jar;C:\Users\DynaPar\.m2\repository\net\serenity-bdd\serenity-screenplay-webdriver\3.0.2\serenity-screenplay-webdriver-3.0.2.jar;C:\Users\DynaPar\.m2\repository\net\serenity-bdd\serenity-ensure\3.0.2\serenity-ensure-3.0.2.jar;C:\Users\DynaPar\.m2\repository\net\serenity-bdd\serenity-junit\3.0.2\serenity-junit-3.0.2.jar;C:\Users\DynaPar\.m2\repository\org\jetbrains\kotlin\kotlin-stdlib\1.5.31\kotlin-stdlib-1.5.31.jar;C:\Users\DynaPar\.m2\repository\org\jetbrains\annotations\13.0\annotations-13.0.jar;C:\Users\DynaPar\.m2\repository\org\jetbrains\kotlin\kotlin-stdlib-common\1.5.31\kotlin-stdlib-common-1.5.31.jar;C:\Users\DynaPar\.m2\repository\ch\qos\logback\logback-classic\1.0.13\logback-classic-1.0.13.jar;C:\Users\DynaPar\.m2\repository\ch\qos\logback\logback-core\1.0.13\logback-core-1.0.13.jar;C:\Users\DynaPar\.m2\repository\org\slf4j\slf4j-api\1.7.5\slf4j-api-1.7.5.jar;C:\Users\DynaPar\.m2\repository\org\projectlombok\lombok\1.18.20\lombok-1.18.20.jar;C:\Users\DynaPar\.m2\repository\org\junit\platform\junit-platform-launcher\1.8.1\junit-platform-launcher-1.8.1.jar;C:\Users\DynaPar\.m2\repository\org\junit\platform\junit-platform-engine\1.8.1\junit-platform-engine-1.8.1.jar;C:\Users\DynaPar\.m2\repository\org\apiguardian\apiguardian-api\1.1.2\apiguardian-api-1.1.2.jar;C:\Users\DynaPar\.m2\repository\org\junit\jupiter\junit-jupiter-engine\5.8.1\junit-jupiter-engine-5.8.1.jar;C:\Users\DynaPar\.m2\repository\org\assertj\assertj-core\3.6.2\assertj-core-3.6.2.jar;"/>
    <property name="sun.cpu.endian" value="little"/>
    <property name="user.home" value="C:\Users\DynaPar"/>
    <property name="user.language" value="en"/>
    <property name="java.specification.vendor" value="Oracle Corporation"/>
    <property name="jdk.module.path" value="C:\Users\DynaPar\eclipse-workspace\StudentApplication\target\StudentApplication-0.0.1-SNAPSHOT.jar"/>
    <property name="java.version.date" value="2023-07-18"/>
    <property name="java.home" value="C:\Program Files\Java\jdk-11"/>
    <property name="file.separator" value="\"/>
    <property name="style.color" value="always"/>
    <property name="basedir" value="C:\Users\DynaPar\eclipse-workspace\StudentApplication"/>
    <property name="java.vm.compressedOopsMode" value="Zero based"/>
    <property name="line.separator" value="&#10;"/>
    <property name="java.specification.name" value="Java Platform API Specification"/>
    <property name="java.vm.specification.vendor" value="Oracle Corporation"/>
    <property name="java.awt.graphicsenv" value="sun.awt.Win32GraphicsEnvironment"/>
    <property name="surefire.real.class.path" value="C:\Users\DynaPar\.m2\repository\org\apache\maven\surefire\surefire-booter\3.0.0-M5\surefire-booter-3.0.0-M5.jar;C:\Users\DynaPar\.m2\repository\org\apache\maven\surefire\surefire-api\3.0.0-M5\surefire-api-3.0.0-M5.jar;C:\Users\DynaPar\.m2\repository\org\apache\maven\surefire\surefire-logger-api\3.0.0-M5\surefire-logger-api-3.0.0-M5.jar;C:\Users\DynaPar\.m2\repository\org\apache\maven\surefire\surefire-shared-utils\3.0.0-M4\surefire-shared-utils-3.0.0-M4.jar;C:\Users\DynaPar\.m2\repository\org\apache\maven\surefire\surefire-extensions-spi\3.0.0-M5\surefire-extensions-spi-3.0.0-M5.jar;C:\Users\DynaPar\eclipse-workspace\StudentApplication\target\test-classes;C:\Users\DynaPar\.m2\repository\net\serenity-bdd\serenity-rest-assured\3.0.2\serenity-rest-assured-3.0.2.jar;C:\Users\DynaPar\.m2\repository\io\rest-assured\rest-assured\4.3.3\rest-assured-4.3.3.jar;C:\Users\DynaPar\.m2\repository\org\ccil\cowan\tagsoup\tagsoup\1.2.1\tagsoup-1.2.1.jar;C:\Users\DynaPar\.m2\repository\io\rest-assured\json-path\4.3.3\json-path-4.3.3.jar;C:\Users\DynaPar\.m2\repository\io\rest-assured\rest-assured-common\4.3.3\rest-assured-common-4.3.3.jar;C:\Users\DynaPar\.m2\repository\io\rest-assured\xml-path\4.3.3\xml-path-4.3.3.jar;C:\Users\DynaPar\.m2\repository\org\codehaus\groovy\groovy-json\3.0.9\groovy-json-3.0.9.jar;C:\Users\DynaPar\.m2\repository\org\codehaus\groovy\groovy-xml\3.0.9\groovy-xml-3.0.9.jar;C:\Users\DynaPar\.m2\repository\org\codehaus\groovy\groovy\3.0.9\groovy-3.0.9.jar;C:\Users\DynaPar\.m2\repository\org\opentest4j\opentest4j\1.2.0\opentest4j-1.2.0.jar;C:\Users\DynaPar\.m2\repository\net\serenity-bdd\serenity-core\3.0.2\serenity-core-3.0.2.jar;C:\Users\DynaPar\.m2\repository\net\serenity-bdd\serenity-model\3.0.2\serenity-model-3.0.2.jar;C:\Users\DynaPar\.m2\repository\org\apache\commons\commons-text\1.9\commons-text-1.9.jar;C:\Users\DynaPar\.m2\repository\commons-net\commons-net\3.6\commons-net-3.6.jar;C:\Users\DynaPar\.m2\repository\com\google\guava\guava\31.0.1-jre\guava-31.0.1-jre.jar;C:\Users\DynaPar\.m2\repository\com\google\guava\failureaccess\1.0.1\failureaccess-1.0.1.jar;C:\Users\DynaPar\.m2\repository\com\google\guava\listenablefuture\9999.0-empty-to-avoid-conflict-with-guava\listenablefuture-9999.0-empty-to-avoid-conflict-with-guava.jar;C:\Users\DynaPar\.m2\repository\com\google\code\findbugs\jsr305\3.0.2\jsr305-3.0.2.jar;C:\Users\DynaPar\.m2\repository\org\checkerframework\checker-qual\3.12.0\checker-qual-3.12.0.jar;C:\Users\DynaPar\.m2\repository\com\google\errorprone\error_prone_annotations\2.7.1\error_prone_annotations-2.7.1.jar;C:\Users\DynaPar\.m2\repository\com\google\j2objc\j2objc-annotations\1.3\j2objc-annotations-1.3.jar;C:\Users\DynaPar\.m2\repository\com\google\inject\guice\5.0.1\guice-5.0.1.jar;C:\Users\DynaPar\.m2\repository\javax\inject\javax.inject\1\javax.inject-1.jar;C:\Users\DynaPar\.m2\repository\aopalliance\aopalliance\1.0\aopalliance-1.0.jar;C:\Users\DynaPar\.m2\repository\org\jsoup\jsoup\1.13.1\jsoup-1.13.1.jar;C:\Users\DynaPar\.m2\repository\com\thoughtworks\xstream\xstream\1.4.18\xstream-1.4.18.jar;C:\Users\DynaPar\.m2\repository\io\github\x-stream\mxparser\1.2.2\mxparser-1.2.2.jar;C:\Users\DynaPar\.m2\repository\xmlpull\xmlpull\1.1.3.1\xmlpull-1.1.3.1.jar;C:\Users\DynaPar\.m2\repository\io\cucumber\cucumber-core\6.11.0\cucumber-core-6.11.0.jar;C:\Users\DynaPar\.m2\repository\io\cucumber\cucumber-gherkin\6.11.0\cucumber-gherkin-6.11.0.jar;C:\Users\DynaPar\.m2\repository\io\cucumber\cucumber-gherkin-messages\6.11.0\cucumber-gherkin-messages-6.11.0.jar;C:\Users\DynaPar\.m2\repository\io\cucumber\messages\15.0.0\messages-15.0.0.jar;C:\Users\DynaPar\.m2\repository\io\cucumber\tag-expressions\3.0.1\tag-expressions-3.0.1.jar;C:\Users\DynaPar\.m2\repository\io\cucumber\cucumber-expressions\10.3.0\cucumber-expressions-10.3.0.jar;C:\Users\DynaPar\.m2\repository\io\cucumber\datatable\3.5.0\datatable-3.5.0.jar;C:\Users\DynaPar\.m2\repository\io\cucumber\cucumber-plugin\6.11.0\cucumber-plugin-6.11.0.jar;C:\Users\DynaPar\.m2\repository\io\cucumber\docstring\6.11.0\docstring-6.11.0.jar;C:\Users\DynaPar\.m2\repository\io\cucumber\html-formatter\13.0.0\html-formatter-13.0.0.jar;C:\Users\DynaPar\.m2\repository\io\cucumber\create-meta\4.0.0\create-meta-4.0.0.jar;C:\Users\DynaPar\.m2\repository\io\cucumber\cucumber-java\6.11.0\cucumber-java-6.11.0.jar;C:\Users\DynaPar\.m2\repository\com\typesafe\config\1.3.1\config-1.3.1.jar;C:\Users\DynaPar\.m2\repository\org\imgscalr\imgscalr-lib\4.2\imgscalr-lib-4.2.jar;C:\Users\DynaPar\.m2\repository\org\awaitility\awaitility\4.1.0\awaitility-4.1.0.jar;C:\Users\DynaPar\.m2\repository\org\freemarker\freemarker\2.3.31\freemarker-2.3.31.jar;C:\Users\DynaPar\.m2\repository\org\reflections\reflections\0.10.2\reflections-0.10.2.jar;C:\Users\DynaPar\.m2\repository\org\javassist\javassist\3.28.0-GA\javassist-3.28.0-GA.jar;C:\Users\DynaPar\.m2\repository\net\sourceforge\jexcelapi\jxl\2.6.12\jxl-2.6.12.jar;C:\Users\DynaPar\.m2\repository\org\asciidoctor\asciidoctorj\2.5.1\asciidoctorj-2.5.1.jar;C:\Users\DynaPar\.m2\repository\org\asciidoctor\asciidoctorj-api\2.5.1\asciidoctorj-api-2.5.1.jar;C:\Users\DynaPar\.m2\repository\org\jruby\jruby\9.2.17.0\jruby-9.2.17.0.jar;C:\Users\DynaPar\.m2\repository\org\jruby\jruby-core\9.2.17.0\jruby-core-9.2.17.0.jar;C:\Users\DynaPar\.m2\repository\com\github\jnr\jnr-netdb\1.2.0\jnr-netdb-1.2.0.jar;C:\Users\DynaPar\.m2\repository\com\github\jnr\jnr-enxio\0.32.3\jnr-enxio-0.32.3.jar;C:\Users\DynaPar\.m2\repository\com\github\jnr\jnr-unixsocket\0.38.5\jnr-unixsocket-0.38.5.jar;C:\Users\DynaPar\.m2\repository\com\github\jnr\jnr-posix\3.1.4\jnr-posix-3.1.4.jar;C:\Users\DynaPar\.m2\repository\com\github\jnr\jnr-constants\0.10.1\jnr-constants-0.10.1.jar;C:\Users\DynaPar\.m2\repository\com\github\jnr\jffi\1.3.1\jffi-1.3.1.jar;C:\Users\DynaPar\.m2\repository\com\github\jnr\jffi\1.3.1\jffi-1.3.1-native.jar;C:\Users\DynaPar\.m2\repository\org\jruby\joni\joni\2.1.31\joni-2.1.31.jar;C:\Users\DynaPar\.m2\repository\org\jruby\jcodings\jcodings\1.0.46\jcodings-1.0.46.jar;C:\Users\DynaPar\.m2\repository\org\jruby\dirgra\0.3\dirgra-0.3.jar;C:\Users\DynaPar\.m2\repository\com\headius\invokebinder\1.11\invokebinder-1.11.jar;C:\Users\DynaPar\.m2\repository\com\headius\options\1.4\options-1.4.jar;C:\Users\DynaPar\.m2\repository\com\jcraft\jzlib\1.1.3\jzlib-1.1.3.jar;C:\Users\DynaPar\.m2\repository\com\martiansoftware\nailgun-server\0.9.1\nailgun-server-0.9.1.jar;C:\Users\DynaPar\.m2\repository\com\headius\backport9\1.8\backport9-1.8.jar;C:\Users\DynaPar\.m2\repository\javax\annotation\javax.annotation-api\1.3.1\javax.annotation-api-1.3.1.jar;C:\Users\DynaPar\.m2\repository\org\jruby\jruby-stdlib\9.2.17.0\jruby-stdlib-9.2.17.0.jar;C:\Users\DynaPar\.m2\repository\net\bytebuddy\byte-buddy\1.11.22\byte-buddy-1.11.22.jar;C:\Users\DynaPar\.m2\repository\net\bytebuddy\byte-buddy-agent\1.11.22\byte-buddy-agent-1.11.22.jar;C:\Users\DynaPar\.m2\repository\org\objenesis\objenesis\3.1\objenesis-3.1.jar;C:\Users\DynaPar\.m2\repository\net\serenity-bdd\serenity-reports\3.0.2\serenity-reports-3.0.2.jar;C:\Users\DynaPar\.m2\repository\net\serenity-bdd\serenity-stats\3.0.2\serenity-stats-3.0.2.jar;C:\Users\DynaPar\.m2\repository\net\serenity-bdd\serenity-reports-configuration\3.0.2\serenity-reports-configuration-3.0.2.jar;C:\Users\DynaPar\.m2\repository\com\vladsch\flexmark\flexmark-all\0.34.30\flexmark-all-0.34.30.jar;C:\Users\DynaPar\.m2\repository\com\vladsch\flexmark\flexmark\0.34.30\flexmark-0.34.30.jar;C:\Users\DynaPar\.m2\repository\com\vladsch\flexmark\flexmark-ext-abbreviation\0.34.30\flexmark-ext-abbreviation-0.34.30.jar;C:\Users\DynaPar\.m2\repository\com\vladsch\flexmark\flexmark-ext-admonition\0.34.30\flexmark-ext-admonition-0.34.30.jar;C:\Users\DynaPar\.m2\repository\com\vladsch\flexmark\flexmark-ext-anchorlink\0.34.30\flexmark-ext-anchorlink-0.34.30.jar;C:\Users\DynaPar\.m2\repository\com\vladsch\flexmark\flexmark-ext-aside\0.34.30\flexmark-ext-aside-0.34.30.jar;C:\Users\DynaPar\.m2\repository\com\vladsch\flexmark\flexmark-ext-attributes\0.34.30\flexmark-ext-attributes-0.34.30.jar;C:\Users\DynaPar\.m2\repository\com\vladsch\flexmark\flexmark-ext-autolink\0.34.30\flexmark-ext-autolink-0.34.30.jar;C:\Users\DynaPar\.m2\repository\org\nibor\autolink\autolink\0.6.0\autolink-0.6.0.jar;C:\Users\DynaPar\.m2\repository\com\vladsch\flexmark\flexmark-ext-definition\0.34.30\flexmark-ext-definition-0.34.30.jar;C:\Users\DynaPar\.m2\repository\com\vladsch\flexmark\flexmark-ext-emoji\0.34.30\flexmark-ext-emoji-0.34.30.jar;C:\Users\DynaPar\.m2\repository\com\vladsch\flexmark\flexmark-ext-enumerated-reference\0.34.30\flexmark-ext-enumerated-reference-0.34.30.jar;C:\Users\DynaPar\.m2\repository\com\vladsch\flexmark\flexmark-ext-escaped-character\0.34.30\flexmark-ext-escaped-character-0.34.30.jar;C:\Users\DynaPar\.m2\repository\com\vladsch\flexmark\flexmark-ext-footnotes\0.34.30\flexmark-ext-footnotes-0.34.30.jar;C:\Users\DynaPar\.m2\repository\com\vladsch\flexmark\flexmark-ext-gfm-issues\0.34.30\flexmark-ext-gfm-issues-0.34.30.jar;C:\Users\DynaPar\.m2\repository\com\vladsch\flexmark\flexmark-ext-gfm-strikethrough\0.34.30\flexmark-ext-gfm-strikethrough-0.34.30.jar;C:\Users\DynaPar\.m2\repository\com\vladsch\flexmark\flexmark-ext-gfm-tables\0.34.30\flexmark-ext-gfm-tables-0.34.30.jar;C:\Users\DynaPar\.m2\repository\com\vladsch\flexmark\flexmark-ext-gfm-tasklist\0.34.30\flexmark-ext-gfm-tasklist-0.34.30.jar;C:\Users\DynaPar\.m2\repository\com\vladsch\flexmark\flexmark-ext-gfm-users\0.34.30\flexmark-ext-gfm-users-0.34.30.jar;C:\Users\DynaPar\.m2\repository\com\vladsch\flexmark\flexmark-ext-gitlab\0.34.30\flexmark-ext-gitlab-0.34.30.jar;C:\Users\DynaPar\.m2\repository\com\vladsch\flexmark\flexmark-ext-jekyll-front-matter\0.34.30\flexmark-ext-jekyll-front-matter-0.34.30.jar;C:\Users\DynaPar\.m2\repository\com\vladsch\flexmark\flexmark-ext-jekyll-tag\0.34.30\flexmark-ext-jekyll-tag-0.34.30.jar;C:\Users\DynaPar\.m2\repository\com\vladsch\flexmark\flexmark-ext-media-tags\0.34.30\flexmark-ext-media-tags-0.34.30.jar;C:\Users\DynaPar\.m2\repository\com\vladsch\flexmark\flexmark-test-util\0.34.30\flexmark-test-util-0.34.30.jar;C:\Users\DynaPar\.m2\repository\com\vladsch\flexmark\flexmark-ext-ins\0.34.30\flexmark-ext-ins-0.34.30.jar;C:\Users\DynaPar\.m2\repository\com\vladsch\flexmark\flexmark-ext-xwiki-macros\0.34.30\flexmark-ext-xwiki-macros-0.34.30.jar;C:\Users\DynaPar\.m2\repository\com\vladsch\flexmark\flexmark-ext-superscript\0.34.30\flexmark-ext-superscript-0.34.30.jar;C:\Users\DynaPar\.m2\repository\com\vladsch\flexmark\flexmark-ext-tables\0.34.30\flexmark-ext-tables-0.34.30.jar;C:\Users\DynaPar\.m2\repository\com\vladsch\flexmark\flexmark-ext-toc\0.34.30\flexmark-ext-toc-0.34.30.jar;C:\Users\DynaPar\.m2\repository\com\vladsch\flexmark\flexmark-ext-typographic\0.34.30\flexmark-ext-typographic-0.34.30.jar;C:\Users\DynaPar\.m2\repository\com\vladsch\flexmark\flexmark-ext-wikilink\0.34.30\flexmark-ext-wikilink-0.34.30.jar;C:\Users\DynaPar\.m2\repository\com\vladsch\flexmark\flexmark-ext-yaml-front-matter\0.34.30\flexmark-ext-yaml-front-matter-0.34.30.jar;C:\Users\DynaPar\.m2\repository\com\vladsch\flexmark\flexmark-ext-youtube-embedded\0.34.30\flexmark-ext-youtube-embedded-0.34.30.jar;C:\Users\DynaPar\.m2\repository\com\vladsch\flexmark\flexmark-formatter\0.34.30\flexmark-formatter-0.34.30.jar;C:\Users\DynaPar\.m2\repository\com\vladsch\flexmark\flexmark-html-parser\0.34.30\flexmark-html-parser-0.34.30.jar;C:\Users\DynaPar\.m2\repository\com\vladsch\flexmark\flexmark-jira-converter\0.34.30\flexmark-jira-converter-0.34.30.jar;C:\Users\DynaPar\.m2\repository\com\vladsch\flexmark\flexmark-pdf-converter\0.34.30\flexmark-pdf-converter-0.34.30.jar;C:\Users\DynaPar\.m2\repository\com\openhtmltopdf\openhtmltopdf-core\0.0.1-RC13\openhtmltopdf-core-0.0.1-RC13.jar;C:\Users\DynaPar\.m2\repository\com\openhtmltopdf\openhtmltopdf-pdfbox\0.0.1-RC13\openhtmltopdf-pdfbox-0.0.1-RC13.jar;C:\Users\DynaPar\.m2\repository\org\apache\pdfbox\pdfbox\2.0.8\pdfbox-2.0.8.jar;C:\Users\DynaPar\.m2\repository\org\apache\pdfbox\fontbox\2.0.8\fontbox-2.0.8.jar;C:\Users\DynaPar\.m2\repository\org\apache\pdfbox\xmpbox\2.0.8\xmpbox-2.0.8.jar;C:\Users\DynaPar\.m2\repository\de\rototor\pdfbox\graphics2d\0.12\graphics2d-0.12.jar;C:\Users\DynaPar\.m2\repository\com\openhtmltopdf\openhtmltopdf-rtl-support\0.0.1-RC13\openhtmltopdf-rtl-support-0.0.1-RC13.jar;C:\Users\DynaPar\.m2\repository\com\ibm\icu\icu4j\59.1\icu4j-59.1.jar;C:\Users\DynaPar\.m2\repository\com\openhtmltopdf\openhtmltopdf-jsoup-dom-converter\0.0.1-RC13\openhtmltopdf-jsoup-dom-converter-0.0.1-RC13.jar;C:\Users\DynaPar\.m2\repository\com\vladsch\flexmark\flexmark-profile-pegdown\0.34.30\flexmark-profile-pegdown-0.34.30.jar;C:\Users\DynaPar\.m2\repository\com\vladsch\flexmark\flexmark-util\0.34.30\flexmark-util-0.34.30.jar;C:\Users\DynaPar\.m2\repository\com\vladsch\flexmark\flexmark-youtrack-converter\0.34.30\flexmark-youtrack-converter-0.34.30.jar;C:\Users\DynaPar\.m2\repository\es\nitaur\markdown\txtmark\0.16\txtmark-0.16.jar;C:\Users\DynaPar\.m2\repository\net\serenity-bdd\serenity-report-resources\3.0.2\serenity-report-resources-3.0.2.jar;C:\Users\DynaPar\.m2\repository\com\google\code\gson\gson\2.8.8\gson-2.8.8.jar;C:\Users\DynaPar\.m2\repository\com\fasterxml\jackson\core\jackson-core\2.12.4\jackson-core-2.12.4.jar;C:\Users\DynaPar\.m2\repository\com\fasterxml\jackson\core\jackson-databind\2.12.4\jackson-databind-2.12.4.jar;C:\Users\DynaPar\.m2\repository\com\fasterxml\jackson\core\jackson-annotations\2.12.4\jackson-annotations-2.12.4.jar;C:\Users\DynaPar\.m2\repository\commons-codec\commons-codec\1.15\commons-codec-1.15.jar;C:\Users\DynaPar\.m2\repository\commons-io\commons-io\2.8.0\commons-io-2.8.0.jar;C:\Users\DynaPar\.m2\repository\org\seleniumhq\selenium\selenium-server\3.141.59\selenium-server-3.141.59.jar;C:\Users\DynaPar\.m2\repository\org\seleniumhq\selenium\selenium-opera-driver\3.141.59\selenium-opera-driver-3.141.59.jar;C:\Users\DynaPar\.m2\repository\org\seleniumhq\selenium\selenium-remote-driver\3.141.59\selenium-remote-driver-3.141.59.jar;C:\Users\DynaPar\.m2\repository\org\seleniumhq\selenium\selenium-safari-driver\3.141.59\selenium-safari-driver-3.141.59.jar;C:\Users\DynaPar\.m2\repository\com\beust\jcommander\1.72\jcommander-1.72.jar;C:\Users\DynaPar\.m2\repository\org\apache\commons\commons-exec\1.3\commons-exec-1.3.jar;C:\Users\DynaPar\.m2\repository\net\jcip\jcip-annotations\1.0\jcip-annotations-1.0.jar;C:\Users\DynaPar\.m2\repository\org\seleniumhq\selenium\jetty-repacked\9.4.12.v20180830\jetty-repacked-9.4.12.v20180830.jar;C:\Users\DynaPar\.m2\repository\com\squareup\okhttp3\okhttp\3.11.0\okhttp-3.11.0.jar;C:\Users\DynaPar\.m2\repository\com\squareup\okio\okio\1.14.0\okio-1.14.0.jar;C:\Users\DynaPar\.m2\repository\javax\servlet\javax.servlet-api\3.1.0\javax.servlet-api-3.1.0.jar;C:\Users\DynaPar\.m2\repository\org\yaml\snakeyaml\1.19\snakeyaml-1.19.jar;C:\Users\DynaPar\.m2\repository\org\seleniumhq\selenium\selenium-java\3.141.59\selenium-java-3.141.59.jar;C:\Users\DynaPar\.m2\repository\org\seleniumhq\selenium\selenium-api\3.141.59\selenium-api-3.141.59.jar;C:\Users\DynaPar\.m2\repository\org\seleniumhq\selenium\selenium-support\3.141.59\selenium-support-3.141.59.jar;C:\Users\DynaPar\.m2\repository\org\seleniumhq\selenium\selenium-chrome-driver\3.141.59\selenium-chrome-driver-3.141.59.jar;C:\Users\DynaPar\.m2\repository\org\seleniumhq\selenium\selenium-firefox-driver\3.141.59\selenium-firefox-driver-3.141.59.jar;C:\Users\DynaPar\.m2\repository\org\seleniumhq\selenium\selenium-edge-driver\3.141.59\selenium-edge-driver-3.141.59.jar;C:\Users\DynaPar\.m2\repository\org\seleniumhq\selenium\selenium-ie-driver\3.141.59\selenium-ie-driver-3.141.59.jar;C:\Users\DynaPar\.m2\repository\net\sourceforge\htmlunit\htmlunit\2.47.1\htmlunit-2.47.1.jar;C:\Users\DynaPar\.m2\repository\xalan\xalan\2.7.2\xalan-2.7.2.jar;C:\Users\DynaPar\.m2\repository\xalan\serializer\2.7.2\serializer-2.7.2.jar;C:\Users\DynaPar\.m2\repository\org\apache\httpcomponents\httpmime\4.5.13\httpmime-4.5.13.jar;C:\Users\DynaPar\.m2\repository\org\apache\httpcomponents\httpclient\4.5.13\httpclient-4.5.13.jar;C:\Users\DynaPar\.m2\repository\org\apache\httpcomponents\httpcore\4.4.13\httpcore-4.4.13.jar;C:\Users\DynaPar\.m2\repository\net\sourceforge\htmlunit\htmlunit-core-js\2.47.0\htmlunit-core-js-2.47.0.jar;C:\Users\DynaPar\.m2\repository\net\sourceforge\htmlunit\neko-htmlunit\2.47.1\neko-htmlunit-2.47.1.jar;C:\Users\DynaPar\.m2\repository\xerces\xercesImpl\2.12.0\xercesImpl-2.12.0.jar;C:\Users\DynaPar\.m2\repository\xml-apis\xml-apis\1.4.01\xml-apis-1.4.01.jar;C:\Users\DynaPar\.m2\repository\net\sourceforge\htmlunit\htmlunit-cssparser\1.7.0\htmlunit-cssparser-1.7.0.jar;C:\Users\DynaPar\.m2\repository\commons-logging\commons-logging\1.2\commons-logging-1.2.jar;C:\Users\DynaPar\.m2\repository\org\brotli\dec\0.1.2\dec-0.1.2.jar;C:\Users\DynaPar\.m2\repository\com\shapesecurity\salvation2\3.0.0\salvation2-3.0.0.jar;C:\Users\DynaPar\.m2\repository\org\eclipse\jetty\websocket\websocket-client\9.4.36.v20210114\websocket-client-9.4.36.v20210114.jar;C:\Users\DynaPar\.m2\repository\org\eclipse\jetty\jetty-client\9.4.36.v20210114\jetty-client-9.4.36.v20210114.jar;C:\Users\DynaPar\.m2\repository\org\eclipse\jetty\jetty-http\9.4.36.v20210114\jetty-http-9.4.36.v20210114.jar;C:\Users\DynaPar\.m2\repository\org\eclipse\jetty\jetty-util\9.4.36.v20210114\jetty-util-9.4.36.v20210114.jar;C:\Users\DynaPar\.m2\repository\org\eclipse\jetty\jetty-io\9.4.36.v20210114\jetty-io-9.4.36.v20210114.jar;C:\Users\DynaPar\.m2\repository\org\eclipse\jetty\websocket\websocket-common\9.4.36.v20210114\websocket-common-9.4.36.v20210114.jar;C:\Users\DynaPar\.m2\repository\org\eclipse\jetty\websocket\websocket-api\9.4.36.v20210114\websocket-api-9.4.36.v20210114.jar;C:\Users\DynaPar\.m2\repository\org\seleniumhq\selenium\htmlunit-driver\2.47.1\htmlunit-driver-2.47.1.jar;C:\Users\DynaPar\.m2\repository\com\codeborne\phantomjsdriver\1.4.4\phantomjsdriver-1.4.4.jar;C:\Users\DynaPar\.m2\repository\io\appium\java-client\7.5.1\java-client-7.5.1.jar;C:\Users\DynaPar\.m2\repository\commons-validator\commons-validator\1.7\commons-validator-1.7.jar;C:\Users\DynaPar\.m2\repository\commons-digester\commons-digester\2.1\commons-digester-2.1.jar;C:\Users\DynaPar\.m2\repository\org\aspectj\aspectjweaver\1.9.6\aspectjweaver-1.9.6.jar;C:\Users\DynaPar\.m2\repository\net\sf\opencsv\opencsv\2.0\opencsv-2.0.jar;C:\Users\DynaPar\.m2\repository\commons-beanutils\commons-beanutils\1.9.4\commons-beanutils-1.9.4.jar;C:\Users\DynaPar\.m2\repository\org\apache\commons\commons-lang3\3.11\commons-lang3-3.11.jar;C:\Users\DynaPar\.m2\repository\commons-collections\commons-collections\3.2.2\commons-collections-3.2.2.jar;C:\Users\DynaPar\.m2\repository\org\fluentlenium\fluentlenium-core\0.10.2\fluentlenium-core-0.10.2.jar;C:\Users\DynaPar\.m2\repository\io\github\bonigarcia\webdrivermanager\4.4.1\webdrivermanager-4.4.1.jar;C:\Users\DynaPar\.m2\repository\org\apache\httpcomponents\client5\httpclient5\5.0.3\httpclient5-5.0.3.jar;C:\Users\DynaPar\.m2\repository\org\apache\httpcomponents\core5\httpcore5\5.0.2\httpcore5-5.0.2.jar;C:\Users\DynaPar\.m2\repository\org\apache\httpcomponents\core5\httpcore5-h2\5.0.2\httpcore5-h2-5.0.2.jar;C:\Users\DynaPar\.m2\repository\org\rauschig\jarchivelib\1.1.0\jarchivelib-1.1.0.jar;C:\Users\DynaPar\.m2\repository\org\apache\commons\commons-compress\1.20\commons-compress-1.20.jar;C:\Users\DynaPar\.m2\repository\com\jhlabs\filters\2.0.235\filters-2.0.235.jar;C:\Users\DynaPar\.m2\repository\com\paulhammant\ngwebdriver\1.1.5\ngwebdriver-1.1.5.jar;C:\Users\DynaPar\.m2\repository\joda-time\joda-time\2.8.2\joda-time-2.8.2.jar;C:\Users\DynaPar\.m2\repository\org\hamcrest\hamcrest\2.2\hamcrest-2.2.jar;C:\Users\DynaPar\.m2\repository\com\google\jimfs\jimfs\1.1\jimfs-1.1.jar;C:\Users\DynaPar\.m2\repository\org\mockito\mockito-core\3.3.3\mockito-core-3.3.3.jar;C:\Users\DynaPar\.m2\repository\javax\xml\bind\jaxb-api\2.3.1\jaxb-api-2.3.1.jar;C:\Users\DynaPar\.m2\repository\javax\activation\javax.activation-api\1.2.0\javax.activation-api-1.2.0.jar;C:\Users\DynaPar\.m2\repository\com\sun\xml\bind\jaxb-core\2.3.0.1\jaxb-core-2.3.0.1.jar;C:\Users\DynaPar\.m2\repository\com\sun\xml\bind\jaxb-impl\2.3.3\jaxb-impl-2.3.3.jar;C:\Users\DynaPar\.m2\repository\jakarta\xml\bind\jakarta.xml.bind-api\2.3.3\jakarta.xml.bind-api-2.3.3.jar;C:\Users\DynaPar\.m2\repository\com\sun\activation\jakarta.activation\1.2.2\jakarta.activation-1.2.2.jar;C:\Users\DynaPar\.m2\repository\javax\activation\activation\1.1.1\activation-1.1.1.jar;C:\Users\DynaPar\.m2\repository\net\serenity-bdd\serenity-junit5\3.0.2\serenity-junit5-3.0.2.jar;C:\Users\DynaPar\.m2\repository\org\junit\jupiter\junit-jupiter-api\5.8.1\junit-jupiter-api-5.8.1.jar;C:\Users\DynaPar\.m2\repository\org\junit\platform\junit-platform-commons\1.8.1\junit-platform-commons-1.8.1.jar;C:\Users\DynaPar\.m2\repository\org\junit\jupiter\junit-jupiter-params\5.8.1\junit-jupiter-params-5.8.1.jar;C:\Users\DynaPar\.m2\repository\org\junit\vintage\junit-vintage-engine\5.8.1\junit-vintage-engine-5.8.1.jar;C:\Users\DynaPar\.m2\repository\junit\junit\4.13.2\junit-4.13.2.jar;C:\Users\DynaPar\.m2\repository\org\hamcrest\hamcrest-core\1.3\hamcrest-core-1.3.jar;C:\Users\DynaPar\.m2\repository\org\springframework\spring-core\5.3.3\spring-core-5.3.3.jar;C:\Users\DynaPar\.m2\repository\org\springframework\spring-jcl\5.3.3\spring-jcl-5.3.3.jar;C:\Users\DynaPar\.m2\repository\net\serenity-bdd\serenity-screenplay\3.0.2\serenity-screenplay-3.0.2.jar;C:\Users\DynaPar\.m2\repository\net\serenity-bdd\serenity-screenplay-webdriver\3.0.2\serenity-screenplay-webdriver-3.0.2.jar;C:\Users\DynaPar\.m2\repository\net\serenity-bdd\serenity-ensure\3.0.2\serenity-ensure-3.0.2.jar;C:\Users\DynaPar\.m2\repository\net\serenity-bdd\serenity-junit\3.0.2\serenity-junit-3.0.2.jar;C:\Users\DynaPar\.m2\repository\org\jetbrains\kotlin\kotlin-stdlib\1.5.31\kotlin-stdlib-1.5.31.jar;C:\Users\DynaPar\.m2\repository\org\jetbrains\annotations\13.0\annotations-13.0.jar;C:\Users\DynaPar\.m2\repository\org\jetbrains\kotlin\kotlin-stdlib-common\1.5.31\kotlin-stdlib-common-1.5.31.jar;C:\Users\DynaPar\.m2\repository\ch\qos\logback\logback-classic\1.0.13\logback-classic-1.0.13.jar;C:\Users\DynaPar\.m2\repository\ch\qos\logback\logback-core\1.0.13\logback-core-1.0.13.jar;C:\Users\DynaPar\.m2\repository\org\slf4j\slf4j-api\1.7.5\slf4j-api-1.7.5.jar;C:\Users\DynaPar\.m2\repository\org\projectlombok\lombok\1.18.20\lombok-1.18.20.jar;C:\Users\DynaPar\.m2\repository\org\junit\platform\junit-platform-launcher\1.8.1\junit-platform-launcher-1.8.1.jar;C:\Users\DynaPar\.m2\repository\org\junit\platform\junit-platform-engine\1.8.1\junit-platform-engine-1.8.1.jar;C:\Users\DynaPar\.m2\repository\org\apiguardian\apiguardian-api\1.1.2\apiguardian-api-1.1.2.jar;C:\Users\DynaPar\.m2\repository\org\junit\jupiter\junit-jupiter-engine\5.8.1\junit-jupiter-engine-5.8.1.jar;C:\Users\DynaPar\.m2\repository\org\assertj\assertj-core\3.6.2\assertj-core-3.6.2.jar;C:\Users\DynaPar\.m2\repository\org\apache\maven\surefire\surefire-junit-platform\3.0.0-M5\surefire-junit-platform-3.0.0-M5.jar;C:\Users\DynaPar\.m2\repository\org\apache\maven\surefire\common-java5\3.0.0-M5\common-java5-3.0.0-M5.jar"/>
    <property name="user.script" value=""/>
    <property name="sun.management.compiler" value="HotSpot 64-Bit Tiered Compilers"/>
    <property name="java.runtime.version" value="11.0.20+9-LTS-256"/>
    <property name="user.name" value="DynaPar"/>
    <property name="path.separator" value=";"/>
    <property name="os.version" value="10.0"/>
    <property name="java.runtime.name" value="Java(TM) SE Runtime Environment"/>
    <property name="file.encoding" value="Cp1252"/>
    <property name="webdriver.base.url" value=""/>
    <property name="java.vm.name" value="Java HotSpot(TM) 64-Bit Server VM"/>
    <property name="java.vendor.version" value="18.9"/>
    <property name="localRepository" value="C:\Users\DynaPar\.m2\repository"/>
    <property name="java.vendor.url.bug" value="https://bugreport.java.com/bugreport/"/>
    <property name="java.io.tmpdir" value="C:\Users\DynaPar\AppData\Local\Temp\"/>
    <property name="java.version" value="11.0.20"/>
    <property name="@tags" value="studentfeature:NEGATIVE"/>
    <property name="user.dir" value="C:\Users\DynaPar\eclipse-workspace\StudentApplication"/>
    <property name="os.arch" value="amd64"/>
    <property name="java.vm.specification.name" value="Java Virtual Machine Specification"/>
    <property name="java.awt.printerjob" value="sun.awt.windows.WPrinterJob"/>
    <property name="sun.os.patch.level" value=""/>
    <property name="java.library.path" value="C:\Program Files\Java\jdk-11\bin;C:\Windows\Sun\Java\bin;C:\Windows\system32;C:\Windows;C:/Users/DynaPar/.p2/pool/plugins/org.eclipse.justj.openjdk.hotspot.jre.full.win32.x86_64_17.0.9.v20231028-0858/jre/bin/server;C:/Users/DynaPar/.p2/pool/plugins/org.eclipse.justj.openjdk.hotspot.jre.full.win32.x86_64_17.0.9.v20231028-0858/jre/bin;C:\Program Files\Common Files\Oracle\Java\javapath;C:\Windows\system32;C:\Windows;C:\Windows\System32\Wbem;C:\Windows\System32\WindowsPowerShell\v1.0\;C:\Windows\System32\OpenSSH\;C:\Program Files\Java\jdk-17\bin;C:\apache-maven-3.9.5\bin;;C:\Program Files\Docker\Docker\resources\bin;C:\Users\DynaPar\AppData\Local\Microsoft\WindowsApps;;C:\Windows\System32;;."/>
    <property name="java.vendor" value="Oracle Corporation"/>
    <property name="java.vm.info" value="mixed mode"/>
    <property name="java.vm.version" value="11.0.20+9-LTS-256"/>
    <property name="java.specification.maintenance.version" value="2"/>
    <property name="sun.io.unicode.encoding" value="UnicodeLittle"/>
    <property name="java.class.version" value="55.0"/>
  </properties>
  <testcase name="inValidMehod" classname="com.studentapplication.junit.studentsinfo.TagsTest" time="12.518">
    <system-out><![CDATA[20:46:03.288 [main] DEBUG n.thucydides.core.steps.StepEventBus - Test suite started for class com.studentapplication.junit.studentsinfo.TagsTest
20:46:03.462 [main] DEBUG n.s.j.SerenityTestExecutionListener - Thread[main,5,main] Test started TestIdentifier [uniqueId = [engine:junit-vintage]/[runner:com.studentapplication.junit.studentsinfo.TagsTest]/[test:inValidMehod(com.studentapplication.junit.studentsinfo.TagsTest)], parentId = [engine:junit-vintage]/[runner:com.studentapplication.junit.studentsinfo.TagsTest], displayName = 'inValidMehod', legacyReportingName = 'inValidMehod', source = MethodSource [className = 'com.studentapplication.junit.studentsinfo.TagsTest', methodName = 'inValidMehod', methodParameterTypes = ''], tags = [], type = TEST]
20:46:14.472 [main] DEBUG o.a.h.i.c.BasicClientConnectionManager - Get connection for route {}->http://localhost:8085
20:46:14.511 [main] DEBUG o.a.h.i.c.DefaultClientConnectionOperator - Connecting to localhost:8085
20:46:14.684 [main] DEBUG o.a.h.c.protocol.RequestAddCookies - CookieSpec selected: ignoreCookies
20:46:14.871 [main] DEBUG o.a.h.c.protocol.RequestAuthCache - Auth cache not set in the context
20:46:14.871 [main] DEBUG o.a.h.c.p.RequestTargetAuthentication - Target auth state: UNCHALLENGED
20:46:14.874 [main] DEBUG o.a.h.c.p.RequestProxyAuthentication - Proxy auth state: UNCHALLENGED
20:46:14.875 [main] DEBUG o.a.h.impl.client.DefaultHttpClient - Attempt 1 to execute request
20:46:14.875 [main] DEBUG o.a.h.i.conn.DefaultClientConnection - Sending request: POST /student/list HTTP/1.1
20:46:14.875 [main] DEBUG org.apache.http.wire -  >> "POST /student/list HTTP/1.1[\r][\n]"
20:46:14.877 [main] DEBUG org.apache.http.wire -  >> "Content-Type: application/x-www-form-urlencoded; charset=ISO-8859-1[\r][\n]"
20:46:14.877 [main] DEBUG org.apache.http.wire -  >> "Accept: */*[\r][\n]"
20:46:14.878 [main] DEBUG org.apache.http.wire -  >> "Content-Length: 0[\r][\n]"
20:46:14.878 [main] DEBUG org.apache.http.wire -  >> "Host: localhost:8085[\r][\n]"
20:46:14.878 [main] DEBUG org.apache.http.wire -  >> "Connection: Keep-Alive[\r][\n]"
20:46:14.878 [main] DEBUG org.apache.http.wire -  >> "User-Agent: Apache-HttpClient/4.5.13 (Java/11.0.20)[\r][\n]"
20:46:14.878 [main] DEBUG org.apache.http.wire -  >> "Accept-Encoding: gzip,deflate[\r][\n]"
20:46:14.878 [main] DEBUG org.apache.http.wire -  >> "[\r][\n]"
20:46:14.878 [main] DEBUG org.apache.http.headers - >> POST /student/list HTTP/1.1
20:46:14.879 [main] DEBUG org.apache.http.headers - >> Content-Type: application/x-www-form-urlencoded; charset=ISO-8859-1
20:46:14.879 [main] DEBUG org.apache.http.headers - >> Accept: */*
20:46:14.879 [main] DEBUG org.apache.http.headers - >> Content-Length: 0
20:46:14.879 [main] DEBUG org.apache.http.headers - >> Host: localhost:8085
20:46:14.879 [main] DEBUG org.apache.http.headers - >> Connection: Keep-Alive
20:46:14.880 [main] DEBUG org.apache.http.headers - >> User-Agent: Apache-HttpClient/4.5.13 (Java/11.0.20)
20:46:14.881 [main] DEBUG org.apache.http.headers - >> Accept-Encoding: gzip,deflate
20:46:15.530 [main] DEBUG org.apache.http.wire -  << "HTTP/1.1 405 [\r][\n]"
20:46:15.532 [main] DEBUG org.apache.http.wire -  << "Allow: GET, PATCH, DELETE, PUT[\r][\n]"
20:46:15.532 [main] DEBUG org.apache.http.wire -  << "Content-Type: application/json;charset=UTF-8[\r][\n]"
20:46:15.532 [main] DEBUG org.apache.http.wire -  << "Transfer-Encoding: chunked[\r][\n]"
20:46:15.532 [main] DEBUG org.apache.http.wire -  << "Date: Thu, 23 Nov 2023 15:16:15 GMT[\r][\n]"
20:46:15.533 [main] DEBUG org.apache.http.wire -  << "[\r][\n]"
20:46:15.533 [main] DEBUG o.a.h.i.conn.DefaultClientConnection - Receiving response: HTTP/1.1 405 
20:46:15.534 [main] DEBUG org.apache.http.headers - << HTTP/1.1 405 
20:46:15.534 [main] DEBUG org.apache.http.headers - << Allow: GET, PATCH, DELETE, PUT
20:46:15.534 [main] DEBUG org.apache.http.headers - << Content-Type: application/json;charset=UTF-8
20:46:15.534 [main] DEBUG org.apache.http.headers - << Transfer-Encoding: chunked
20:46:15.534 [main] DEBUG org.apache.http.headers - << Date: Thu, 23 Nov 2023 15:16:15 GMT
20:46:15.542 [main] DEBUG o.a.h.impl.client.DefaultHttpClient - Connection can be kept alive indefinitely
20:46:15.591 [main] DEBUG i.r.i.RequestSpecificationImpl$RestAssuredHttpBuilder - Parsing response as: application/json;charset=UTF-8
20:46:15.592 [main] DEBUG i.r.i.RequestSpecificationImpl$RestAssuredHttpBuilder - Parsed data to instance of: class org.apache.http.conn.EofSensorInputStream
20:46:15.834 [main] DEBUG org.apache.http.wire -  << "d9[\r][\n]"
20:46:15.834 [main] DEBUG org.apache.http.wire -  << "{"timestamp":1700752575241,"status":405,"error":"Method Not Allowed","exception":"org.springframework.web.HttpRequestMethodNotSupportedException","message":"Request method 'POST' not supported","path":"/student/list"}"
20:46:15.835 [main] DEBUG org.apache.http.wire -  << "[\r][\n]"
20:46:15.836 [main] DEBUG org.apache.http.wire -  << "0[\r][\n]"
20:46:15.836 [main] DEBUG org.apache.http.wire -  << "[\r][\n]"
20:46:15.837 [main] DEBUG o.a.h.i.c.BasicClientConnectionManager - Releasing connection org.apache.http.impl.conn.ManagedClientConnectionImpl@25de8898
20:46:15.837 [main] DEBUG o.a.h.i.c.BasicClientConnectionManager - Connection can be kept alive indefinitely
HTTP/1.1 405 
Allow: GET, PATCH, DELETE, PUT
Content-Type: application/json;charset=UTF-8
Transfer-Encoding: chunked
Date: Thu, 23 Nov 2023 15:16:15 GMT

{
    "timestamp": 1700752575241,
    "status": 405,
    "error": "Method Not Allowed",
    "exception": "org.springframework.web.HttpRequestMethodNotSupportedException",
    "message": "Request method 'POST' not supported",
    "path": "/student/list"
}
]]></system-out>
  </testcase>
  <testcase name="incorrectResource" classname="com.studentapplication.junit.studentsinfo.TagsTest" time="0.116">
    <system-out><![CDATA[20:46:16.402 [main] DEBUG n.thucydides.core.steps.StepEventBus - Test suite started for class com.studentapplication.junit.studentsinfo.TagsTest
20:46:16.405 [main] DEBUG n.s.j.SerenityTestExecutionListener - Thread[main,5,main] Test started TestIdentifier [uniqueId = [engine:junit-vintage]/[runner:com.studentapplication.junit.studentsinfo.TagsTest]/[test:incorrectResource(com.studentapplication.junit.studentsinfo.TagsTest)], parentId = [engine:junit-vintage]/[runner:com.studentapplication.junit.studentsinfo.TagsTest], displayName = 'incorrectResource', legacyReportingName = 'incorrectResource', source = MethodSource [className = 'com.studentapplication.junit.studentsinfo.TagsTest', methodName = 'incorrectResource', methodParameterTypes = ''], tags = [], type = TEST]
20:46:16.478 [main] DEBUG o.a.h.i.c.BasicClientConnectionManager - Get connection for route {}->http://localhost:8085
20:46:16.479 [main] DEBUG o.a.h.i.c.DefaultClientConnectionOperator - Connecting to localhost:8085
20:46:16.481 [main] DEBUG o.a.h.c.protocol.RequestAddCookies - CookieSpec selected: ignoreCookies
20:46:16.481 [main] DEBUG o.a.h.c.protocol.RequestAuthCache - Auth cache not set in the context
20:46:16.481 [main] DEBUG o.a.h.c.p.RequestTargetAuthentication - Target auth state: UNCHALLENGED
20:46:16.481 [main] DEBUG o.a.h.c.p.RequestProxyAuthentication - Proxy auth state: UNCHALLENGED
20:46:16.481 [main] DEBUG o.a.h.impl.client.DefaultHttpClient - Attempt 1 to execute request
20:46:16.481 [main] DEBUG o.a.h.i.conn.DefaultClientConnection - Sending request: GET /student/list223 HTTP/1.1
20:46:16.481 [main] DEBUG org.apache.http.wire -  >> "GET /student/list223 HTTP/1.1[\r][\n]"
20:46:16.481 [main] DEBUG org.apache.http.wire -  >> "Accept: */*[\r][\n]"
20:46:16.481 [main] DEBUG org.apache.http.wire -  >> "Host: localhost:8085[\r][\n]"
20:46:16.481 [main] DEBUG org.apache.http.wire -  >> "Connection: Keep-Alive[\r][\n]"
20:46:16.481 [main] DEBUG org.apache.http.wire -  >> "User-Agent: Apache-HttpClient/4.5.13 (Java/11.0.20)[\r][\n]"
20:46:16.481 [main] DEBUG org.apache.http.wire -  >> "Accept-Encoding: gzip,deflate[\r][\n]"
20:46:16.481 [main] DEBUG org.apache.http.wire -  >> "[\r][\n]"
20:46:16.482 [main] DEBUG org.apache.http.headers - >> GET /student/list223 HTTP/1.1
20:46:16.482 [main] DEBUG org.apache.http.headers - >> Accept: */*
20:46:16.482 [main] DEBUG org.apache.http.headers - >> Host: localhost:8085
20:46:16.482 [main] DEBUG org.apache.http.headers - >> Connection: Keep-Alive
20:46:16.482 [main] DEBUG org.apache.http.headers - >> User-Agent: Apache-HttpClient/4.5.13 (Java/11.0.20)
20:46:16.483 [main] DEBUG org.apache.http.headers - >> Accept-Encoding: gzip,deflate
20:46:16.515 [main] DEBUG org.apache.http.wire -  << "HTTP/1.1 400 [\r][\n]"
20:46:16.515 [main] DEBUG org.apache.http.wire -  << "Content-Type: application/json;charset=UTF-8[\r][\n]"
20:46:16.516 [main] DEBUG org.apache.http.wire -  << "Transfer-Encoding: chunked[\r][\n]"
20:46:16.516 [main] DEBUG org.apache.http.wire -  << "Date: Thu, 23 Nov 2023 15:16:16 GMT[\r][\n]"
20:46:16.516 [main] DEBUG org.apache.http.wire -  << "Connection: close[\r][\n]"
20:46:16.516 [main] DEBUG org.apache.http.wire -  << "[\r][\n]"
20:46:16.516 [main] DEBUG o.a.h.i.conn.DefaultClientConnection - Receiving response: HTTP/1.1 400 
20:46:16.516 [main] DEBUG org.apache.http.headers - << HTTP/1.1 400 
20:46:16.516 [main] DEBUG org.apache.http.headers - << Content-Type: application/json;charset=UTF-8
20:46:16.516 [main] DEBUG org.apache.http.headers - << Transfer-Encoding: chunked
20:46:16.516 [main] DEBUG org.apache.http.headers - << Date: Thu, 23 Nov 2023 15:16:16 GMT
20:46:16.516 [main] DEBUG org.apache.http.headers - << Connection: close
20:46:16.516 [main] DEBUG i.r.i.RequestSpecificationImpl$RestAssuredHttpBuilder - Parsing response as: application/json;charset=UTF-8
20:46:16.516 [main] DEBUG i.r.i.RequestSpecificationImpl$RestAssuredHttpBuilder - Parsed data to instance of: class org.apache.http.conn.EofSensorInputStream
20:46:16.519 [main] DEBUG org.apache.http.wire -  << "16c[\r][\n]"
20:46:16.519 [main] DEBUG org.apache.http.wire -  << "{"timestamp":1700752576355,"status":400,"error":"Bad Request","exception":"org.springframework.web.method.annotation.MethodArgumentTypeMismatchException","message":"Failed to convert value of type 'java.lang.String' to required type 'java.lang.Integer'; nested exception is java.lang.NumberFormatException: For input string: \"list223\"","path":"/student/list223"}"
20:46:16.519 [main] DEBUG org.apache.http.wire -  << "[\r][\n]"
20:46:16.522 [main] DEBUG org.apache.http.wire -  << "0[\r][\n]"
20:46:16.522 [main] DEBUG org.apache.http.wire -  << "[\r][\n]"
20:46:16.522 [main] DEBUG o.a.h.i.c.BasicClientConnectionManager - Releasing connection org.apache.http.impl.conn.ManagedClientConnectionImpl@7d284f15
20:46:16.523 [main] DEBUG o.a.h.i.conn.DefaultClientConnection - Connection 0.0.0.0:54597<->127.0.0.1:8085 shut down
HTTP/1.1 400 
Content-Type: application/json;charset=UTF-8
Transfer-Encoding: chunked
Date: Thu, 23 Nov 2023 15:16:16 GMT
Connection: close

{
    "timestamp": 1700752576355,
    "status": 400,
    "error": "Bad Request",
    "exception": "org.springframework.web.method.annotation.MethodArgumentTypeMismatchException",
    "message": "Failed to convert value of type 'java.lang.String' to required type 'java.lang.Integer'; nested exception is java.lang.NumberFormatException: For input string: \"list223\"",
    "path": "/student/list223"
}
]]></system-out>
  </testcase>
  <testcase name="verifyIfStatuscodeIs200" classname="com.studentapplication.junit.studentsinfo.TagsTest" time="0.257">
    <system-out><![CDATA[20:46:16.527 [main] DEBUG n.thucydides.core.steps.StepEventBus - Test suite started for class com.studentapplication.junit.studentsinfo.TagsTest
20:46:16.529 [main] DEBUG n.s.j.SerenityTestExecutionListener - Thread[main,5,main] Test started TestIdentifier [uniqueId = [engine:junit-vintage]/[runner:com.studentapplication.junit.studentsinfo.TagsTest]/[test:verifyIfStatuscodeIs200(com.studentapplication.junit.studentsinfo.TagsTest)], parentId = [engine:junit-vintage]/[runner:com.studentapplication.junit.studentsinfo.TagsTest], displayName = 'verifyIfStatuscodeIs200', legacyReportingName = 'verifyIfStatuscodeIs200', source = MethodSource [className = 'com.studentapplication.junit.studentsinfo.TagsTest', methodName = 'verifyIfStatuscodeIs200', methodParameterTypes = ''], tags = [], type = TEST]
20:46:16.558 [main] DEBUG o.a.h.i.c.BasicClientConnectionManager - Get connection for route {}->http://localhost:8085
20:46:16.559 [main] DEBUG o.a.h.i.c.DefaultClientConnectionOperator - Connecting to localhost:8085
20:46:16.560 [main] DEBUG o.a.h.c.protocol.RequestAddCookies - CookieSpec selected: ignoreCookies
20:46:16.560 [main] DEBUG o.a.h.c.protocol.RequestAuthCache - Auth cache not set in the context
20:46:16.560 [main] DEBUG o.a.h.c.p.RequestTargetAuthentication - Target auth state: UNCHALLENGED
20:46:16.560 [main] DEBUG o.a.h.c.p.RequestProxyAuthentication - Proxy auth state: UNCHALLENGED
20:46:16.561 [main] DEBUG o.a.h.impl.client.DefaultHttpClient - Attempt 1 to execute request
20:46:16.561 [main] DEBUG o.a.h.i.conn.DefaultClientConnection - Sending request: GET /student/list HTTP/1.1
20:46:16.561 [main] DEBUG org.apache.http.wire -  >> "GET /student/list HTTP/1.1[\r][\n]"
20:46:16.561 [main] DEBUG org.apache.http.wire -  >> "Accept: */*[\r][\n]"
20:46:16.561 [main] DEBUG org.apache.http.wire -  >> "Host: localhost:8085[\r][\n]"
20:46:16.561 [main] DEBUG org.apache.http.wire -  >> "Connection: Keep-Alive[\r][\n]"
20:46:16.561 [main] DEBUG org.apache.http.wire -  >> "User-Agent: Apache-HttpClient/4.5.13 (Java/11.0.20)[\r][\n]"
20:46:16.561 [main] DEBUG org.apache.http.wire -  >> "Accept-Encoding: gzip,deflate[\r][\n]"
20:46:16.561 [main] DEBUG org.apache.http.wire -  >> "[\r][\n]"
20:46:16.561 [main] DEBUG org.apache.http.headers - >> GET /student/list HTTP/1.1
20:46:16.561 [main] DEBUG org.apache.http.headers - >> Accept: */*
20:46:16.561 [main] DEBUG org.apache.http.headers - >> Host: localhost:8085
20:46:16.561 [main] DEBUG org.apache.http.headers - >> Connection: Keep-Alive
20:46:16.561 [main] DEBUG org.apache.http.headers - >> User-Agent: Apache-HttpClient/4.5.13 (Java/11.0.20)
20:46:16.561 [main] DEBUG org.apache.http.headers - >> Accept-Encoding: gzip,deflate
20:46:16.712 [main] DEBUG org.apache.http.wire -  << "HTTP/1.1 200 [\r][\n]"
20:46:16.713 [main] DEBUG org.apache.http.wire -  << "Content-Type: application/json;charset=UTF-8[\r][\n]"
20:46:16.713 [main] DEBUG org.apache.http.wire -  << "Transfer-Encoding: chunked[\r][\n]"
20:46:16.713 [main] DEBUG org.apache.http.wire -  << "Date: Thu, 23 Nov 2023 15:16:16 GMT[\r][\n]"
20:46:16.713 [main] DEBUG org.apache.http.wire -  << "[\r][\n]"
20:46:16.713 [main] DEBUG o.a.h.i.conn.DefaultClientConnection - Receiving response: HTTP/1.1 200 
20:46:16.713 [main] DEBUG org.apache.http.headers - << HTTP/1.1 200 
20:46:16.713 [main] DEBUG org.apache.http.headers - << Content-Type: application/json;charset=UTF-8
20:46:16.713 [main] DEBUG org.apache.http.headers - << Transfer-Encoding: chunked
20:46:16.713 [main] DEBUG org.apache.http.headers - << Date: Thu, 23 Nov 2023 15:16:16 GMT
20:46:16.713 [main] DEBUG o.a.h.impl.client.DefaultHttpClient - Connection can be kept alive indefinitely
20:46:16.714 [main] DEBUG i.r.i.RequestSpecificationImpl$RestAssuredHttpBuilder - Parsing response as: application/json;charset=UTF-8
20:46:16.714 [main] DEBUG i.r.i.RequestSpecificationImpl$RestAssuredHttpBuilder - Parsed data to instance of: class org.apache.http.conn.EofSensorInputStream
20:46:16.715 [main] DEBUG org.apache.http.wire -  << "2000[\r][\n]"
20:46:16.717 [main] DEBUG org.apache.http.wire -  << "[{"id":1,"firstName":"Vernon","lastName":"Harper","email":"egestas.rhoncus.Proin@massaQuisqueporttitor.org","programme":"Financial Analysis","courses":["Accounting","Statistics"]},{"id":2,"firstName":"Murphy","lastName":"Holmes","email":"faucibus.orci.luctus@Duisac.net","programme":"Financial Analysis","courses":["Accounting","Statistics"]},{"id":3,"firstName":"Reece","lastName":"Jason","email":"tincidunt.dui@ultricessit.co.uk","programme":"Computer Science","courses":["Calculus","Algorithms","Software Development","Ethics"]},{"id":4,"firstName":"Orson","lastName":"Armando","email":"nascetur@conguea.com","programme":"Computer Science","courses":["Calculus","Algorithms","Software Development","Ethics"]},{"id":5,"firstName":"Cullen","lastName":"Craig","email":"imperdiet.ullamcorper@nonenimMauris.co.uk","programme":"Disaster Management","courses":["Disaster Preparedness"]},{"id":6,"firstName":"Harper","lastName":"Rashad","email":"vestibulum@ridiculusmus.edu","programme":"Disaster Management","courses":["Disaster Preparedness"]},{"id":7,"firstName":"Roth","lastName":"Grant","email":"eu.tellus@anuncIn.edu","programme":"Mechanical Engineering","courses":["Machine Element Design","Engineering Analysis I","Calculus & Linear Algebra I "]},{"id":8,"firstName":"Jermaine","lastName":"Alden","email":"scelerisque.sed@senectuset.org","programme":"Law","courses":["Criminal Law","Constitutional Law","Property Law","Contracts"]},{"id":9,"firstName":"Sebastian","lastName":"Jesse","email":"faucibus@sed.co.uk","programme":"Medicine","courses":["Anatomy","Biochemistry","Genetics","Human Behavior."]},{"id":10,"firstName":"Todd","lastName":"Beck","email":"Fusce.dolor.quam@commodoauctor.org","programme":"Financial Analysis","courses":["Accounting","Statistics"]},{"id":11,"firstName":"Giacomo","lastName":"Raphael","email":"magnis.dis@idmagnaet.com","programme":"Medicine","courses":["Anatomy","Biochemistry","Genetics","Human Behavior."]},{"id":12,"firstName":"Chadwick","lastName":"Lawrence","email":"turpis.non.enim@sociisnatoque.com","programme":"Criminology","courses":["Criminal Mind","Gender, Crime and Justice ","Philosophy of Law "]},{"id":13,"firstName":"Zachary","lastName":"Vance","email":"In.tincidunt.congue@Quisque.com","programme":"Criminology","courses":["Criminal Mind","Gender, Crime and Justice ","Philosophy of Law "]},{"id":14,"firstName":"Denton","lastName":"Walker","email":"Integer.sem@iaculisodioNam.edu","programme":"Mechanical Engineering","courses":["Machine Element Design","Engineering Analysis I","Calculus & Linear Algebra I "]},{"id":15,"firstName":"Hakeem","lastName":"Fitzgerald","email":"accumsan@luctuset.edu","programme":"Financial Analysis","courses":["Accounting","Statistics"]},{"id":16,"firstName":"Jakeem","lastName":"Philip","email":"montes.nascetur.ridiculus@loremDonec.com","programme":"Mechanical Engineering","courses":["Machine Element Design","Engineering Analysis I","Calculus & Linear Algebra I "]},{"id":17,"firstName":"Amal","lastName":"Emery","email":"turpis.egestas.Aliquam@fermentum.net","programme":"Computer Science","courses":["Calculus","Algorithms","Software Development","Ethics"]},{"id":18,"firstName":"Reed","lastName":"Wylie","email":"Suspendisse.aliquet.sem@atrisus.org","programme":"Medicine","courses":["Anatomy","Biochemistry","Genetics","Human Behavior."]},{"id":19,"firstName":"Lev","lastName":"Philip","email":"dolor.elit.pellentesque@enimEtiamimperdiet.ca","programme":"Computer Science","courses":["Calculus","Algorithms","Software Development","Ethics"]},{"id":20,"firstName":"Lamar","lastName":"Berk","email":"leo.Vivamus@sit.org","programme":"Medicine","courses":["Anatomy","Biochemistry","Genetics","Human Behavior."]},{"id":21,"firstName":"Nathaniel","lastName":"Colton","email":"hendrerit@et.co.uk","programme":"Medicine","courses":["Anatomy","Biochemistry","Genetics","Human Behavior."]},{"id":22,"firstName":"Kennan","lastName":"Jacob","email":"vel.vulputate@vitaedolorDonec.ca","programme":"Financial Analysis","courses":["Accounting","Statistics"]},{"id":23,"firstName":"Omar","lastName":"Colt","email":"venenatis.a@Pellentesque.co.uk","programme":"Mechanical Engineering","courses":["Machine Element Design","Engineering Analysis I","Calculus & Linear Algebra I "]},{"id":24,"firstName":"Tanek","lastName":"Scott","email":"Sed.malesuada@porttitoreros.ca","programme":"Criminology","courses":["Criminal Mind","Gender, Crime and Justice ","Philosophy of Law "]},{"id":25,"firstName":"Paki","lastName":"Samson","email":"ornare@Mauriseuturpis.edu","programme":"Law","courses":["Criminal Law","Constitutional Law","Property Law","Contracts"]},{"id":26,"firstName":"James","lastName":"Jonah","email":"Nullam@Cras.net","programme":"Mechanical Engineering","courses":["Machine Element Design","Engineering Analysis I","Calculus & Linear Algebra I "]},{"id":27,"firstName":"Cade","lastName":"Vernon","email":"pharetra.sed@Aliquamvulputateullamcorper.ca","programme":"Mechanical Engineering","courses":["Machine Element Design","Engineering Analysis I","Calculus & Linear Algebra I "]},{"id":28,"firstName":"Quentin","lastName":"Chadwick","email":"sed.turpis.nec@risusQuisque.ca","programme":"Mechanical Engineering","courses":["Machine Element Design","Engineering Analysis I","Calculus & Linear Algebra I "]},{"id":29,"firstName":"Arden","lastName":"Abel","email":"consequat.enim@ultricessit.com","programme":"Law","courses":["Criminal Law","Constitutional Law","Property Law","Contracts"]},{"id":30,"firstName":"Lars","lastName":"Keith","email":"Fusce@Quisquefringillaeuismod.org","programme":"Medicine","courses":["Anatomy","Biochemistry","Genetics","Human Behavior."]},{"id":31,"firstName":"Emmanuel","lastName":"Gavin","email":"ornare.libero@perinceptoshymenaeos.co.uk","programme":"Criminology","courses":["Criminal Mind","Gender, Crime and Justice ","Philosophy of Law "]},{"id":32,"firstName":"Noah","lastName":"Oren","email":"Proin.vel@placerat.org","programme":"Law","courses":["Criminal Law","Constitutional Law","Property Law","Contracts"]},{"id":33,"firstName":"Mason","lastName":"Barry","email":"id@incursus.co.uk","programme":"Law","courses":["Criminal Law","Constitutional Law","Property Law","Contracts"]},{"id":34,"firstName":"Elliott","lastName":"Brady","email":"Vestibulum@adlitora.net","programme":"Law","courses":["Criminal Law","Constitutional Law","Property Law","Contracts"]},{"id":35,"firstName":"Nero","lastName":"Brett","email":"amet.ante@sit.com","programme":"Disaster Management","courses":["Disaster Preparedness"]},{"id":36,"firstName":"Elvis","lastName":"Abraham","email":"neque@interdumfeugiat.net","programme":"Disaster Management","courses":["Disaster Preparedness"]},{"id":37,"firstName":"Kieran","lastName":"Ross","email":"magnis.dis.parturient@laciniaorci.edu","programme":"Disaster Management","courses":["Disaster Preparedness"]},{"id":38,"firstName":"Noah","lastName":"Merrill","email":"et@ipsum.net","programme":"Medicine","courses":["Anatomy","Biochemistry","Genetics","Human Behavior."]},{"id":39,"firstName":"Peter","lastName":"Noble","email":"turpis@sagittisplaceratCras.ca","programme":"Computer Science","courses":["Calculus","Algorithms","Software Development","Ethics"]},{"id":40,"firstName":"Axel","lastName":"Bradley","email":"ridiculus.mus@tempus.net","programme":"Mechanical Engineering","courses":["Machine Element Design","Engineering Analysis I","Calculus & Linear Algebra I "]},{"id":41,"firstName":"Hashim","lastName":"Chancellor","email":"at.pretium@eleifendvitae.net","programme":"Medicine","courses":["Anatomy","Biochemistry","Genetics","Human Behavior."]},{"id":42,"firstName":"Alan","lastName":"Connor","email":"vel.turpis.Aliquam@metus.org","programme":"Mechanical Engineering","courses":["Machine Element Design","Engineering Analysis I","Calculus & Linear Algebra I "]},{"id":43,"firstName":"Abel","lastName":"Rudyard","email":"orci.luctus.et@posuere.com","programme":"Computer Science","courses":["Calculus","Algorithms","Software Development","Ethics"]},{"id":44,"firstName":"Cedric","lastName":"Zeus","em"
20:46:16.733 [main] DEBUG org.apache.http.wire -  << "ail":"Quisque.tincidunt@nullaanteiaculis.co.uk","programme":"Law","courses":["Criminal Law","Constitutional Law","Property Law","Contr"
20:46:16.733 [main] DEBUG org.apache.http.wire -  << "[\r][\n]"
20:46:16.734 [main] DEBUG org.apache.http.wire -  << "2000[\r][\n]"
20:46:16.735 [main] DEBUG org.apache.http.wire -  << "acts"]},{"id":45,"firstName":"Boris","lastName":"Kato","email":"dictum@tortorInteger.org","programme":"Medicine","courses":["Anatomy","Biochemistry","Genetics","Human Behavior."]},{"id":46,"firstName":"Walter","lastName":"Phelan","email":"diam@nectellusNunc.edu","programme":"Law","courses":["Criminal Law","Constitutional Law","Property Law","Contracts"]},{"id":47,"firstName":"Preston","lastName":"Branden","email":"sagittis.semper@urnaNullam.net","programme":"Criminology","courses":["Criminal Mind","Gender, Crime and Justice ","Philosophy of Law "]},{"id":48,"firstName":"Kane","lastName":"Alec","email":"dignissim.Maecenas.ornare@adui.edu","programme":"Law","courses":["Criminal Law","Constitutional Law","Property Law","Contracts"]},{"id":49,"firstName":"Igor","lastName":"Ezra","email":"cursus.non.egestas@laciniaorci.net","programme":"Criminology","courses":["Criminal Mind","Gender, Crime and Justice ","Philosophy of Law "]},{"id":50,"firstName":"Yoshio","lastName":"Kato","email":"Vivamus.rhoncus@semutcursus.ca","programme":"Disaster Management","courses":["Disaster Preparedness"]},{"id":51,"firstName":"Fletcher","lastName":"Vance","email":"orci.lacus@hendreritDonecporttitor.net","programme":"Computer Science","courses":["Calculus","Algorithms","Software Development","Ethics"]},{"id":52,"firstName":"Burton","lastName":"Merrill","email":"mauris@malesuada.ca","programme":"Law","courses":["Criminal Law","Constitutional Law","Property Law","Contracts"]},{"id":53,"firstName":"Rafael","lastName":"Vladimir","email":"mauris.ipsum.porta@sit.ca","programme":"Law","courses":["Criminal Law","Constitutional Law","Property Law","Contracts"]},{"id":54,"firstName":"Dolan","lastName":"Hyatt","email":"augue.malesuada@Pellentesqueut.net","programme":"Computer Science","courses":["Calculus","Algorithms","Software Development","Ethics"]},{"id":55,"firstName":"Driscoll","lastName":"Russell","email":"Lorem.ipsum.dolor@eu.co.uk","programme":"Computer Science","courses":["Calculus","Algorithms","Software Development","Ethics"]},{"id":56,"firstName":"Boris","lastName":"Dexter","email":"purus@mollis.co.uk","programme":"Law","courses":["Criminal Law","Constitutional Law","Property Law","Contracts"]},{"id":57,"firstName":"Maxwell","lastName":"Tarik","email":"pharetra.Quisque.ac@facilisisSuspendisse.edu","programme":"Criminology","courses":["Criminal Mind","Gender, Crime and Justice ","Philosophy of Law "]},{"id":58,"firstName":"Nero","lastName":"Ulysses","email":"inceptos.hymenaeos.Mauris@Proin.edu","programme":"Financial Analysis","courses":["Accounting","Statistics"]},{"id":59,"firstName":"Chase","lastName":"Laith","email":"ridiculus.mus.Donec@netus.org","programme":"Mechanical Engineering","courses":["Machine Element Design","Engineering Analysis I","Calculus & Linear Algebra I "]},{"id":60,"firstName":"Dominic","lastName":"Malcolm","email":"mi.felis.adipiscing@liberoettristique.edu","programme":"Criminology","courses":["Criminal Mind","Gender, Crime and Justice ","Philosophy of Law "]},{"id":61,"firstName":"Ross","lastName":"Hedley","email":"Ut.tincidunt.vehicula@nuncidenim.edu","programme":"Criminology","courses":["Criminal Mind","Gender, Crime and Justice ","Philosophy of Law "]},{"id":62,"firstName":"Abel","lastName":"Garrett","email":"rhoncus@sociisnatoquepenatibus.ca","programme":"Financial Analysis","courses":["Accounting","Statistics"]},{"id":63,"firstName":"Nero","lastName":"Clarke","email":"eget.metus.In@disparturientmontes.org","programme":"Computer Science","courses":["Calculus","Algorithms","Software Development","Ethics"]},{"id":64,"firstName":"Thane","lastName":"Carl","email":"ut.nulla@netuset.co.uk","programme":"Criminology","courses":["Criminal Mind","Gender, Crime and Justice ","Philosophy of Law "]},{"id":65,"firstName":"Jerome","lastName":"Jackson","email":"ac.turpis@facilisislorem.net","programme":"Computer Science","courses":["Calculus","Algorithms","Software Development","Ethics"]},{"id":66,"firstName":"Tate","lastName":"Martin","email":"ante.blandit@semeget.org","programme":"Law","courses":["Criminal Law","Constitutional Law","Property Law","Contracts"]},{"id":67,"firstName":"Caldwell","lastName":"Daniel","email":"lobortis@nequevenenatislacus.net","programme":"Medicine","courses":["Anatomy","Biochemistry","Genetics","Human Behavior."]},{"id":68,"firstName":"Lucian","lastName":"Holmes","email":"Cras@lorem.org","programme":"Medicine","courses":["Anatomy","Biochemistry","Genetics","Human Behavior."]},{"id":69,"firstName":"Akeem","lastName":"Herrod","email":"vel.venenatis@Nullamvelit.com","programme":"Disaster Management","courses":["Disaster Preparedness"]},{"id":70,"firstName":"Vance","lastName":"Colin","email":"quam.vel.sapien@vellectusCum.org","programme":"Disaster Management","courses":["Disaster Preparedness"]},{"id":71,"firstName":"Austin","lastName":"Jelani","email":"Nulla@nuncid.net","programme":"Medicine","courses":["Anatomy","Biochemistry","Genetics","Human Behavior."]},{"id":72,"firstName":"Jackson","lastName":"Honorato","email":"In@vestibulumlorem.com","programme":"Criminology","courses":["Criminal Mind","Gender, Crime and Justice ","Philosophy of Law "]},{"id":73,"firstName":"Lee","lastName":"Acton","email":"rutrum@mattis.org","programme":"Mechanical Engineering","courses":["Machine Element Design","Engineering Analysis I","Calculus & Linear Algebra I "]},{"id":74,"firstName":"Aquila","lastName":"Sylvester","email":"Aliquam.ultrices.iaculis@duiquisaccumsan.co.uk","programme":"Criminology","courses":["Criminal Mind","Gender, Crime and Justice ","Philosophy of Law "]},{"id":75,"firstName":"Baker","lastName":"Cairo","email":"fermentum@diam.com","programme":"Financial Analysis","courses":["Accounting","Statistics"]},{"id":76,"firstName":"Samuel","lastName":"Kibo","email":"semper@enimcommodohendrerit.co.uk","programme":"Criminology","courses":["Criminal Mind","Gender, Crime and Justice ","Philosophy of Law "]},{"id":77,"firstName":"Byron","lastName":"Warren","email":"enim.Etiam.imperdiet@sitamet.ca","programme":"Mechanical Engineering","courses":["Machine Element Design","Engineering Analysis I","Calculus & Linear Algebra I "]},{"id":78,"firstName":"Declan","lastName":"Barclay","email":"Proin.nisl.sem@Aliquamnecenim.org","programme":"Mechanical Engineering","courses":["Machine Element Design","Engineering Analysis I","Calculus & Linear Algebra I "]},{"id":79,"firstName":"Robert","lastName":"Cullen","email":"in.dolor@pede.co.uk","programme":"Disaster Management","courses":["Disaster Preparedness"]},{"id":80,"firstName":"Troy","lastName":"Simon","email":"Cras.vulputate.velit@ornare.org","programme":"Criminology","courses":["Criminal Mind","Gender, Crime and Justice ","Philosophy of Law "]},{"id":81,"firstName":"Tiger","lastName":"Wylie","email":"risus.quis.diam@Proin.ca","programme":"Disaster Management","courses":["Disaster Preparedness"]},{"id":82,"firstName":"Herrod","lastName":"Adam","email":"hendrerit.neque@a.co.uk","programme":"Medicine","courses":["Anatomy","Biochemistry","Genetics","Human Behavior."]},{"id":83,"firstName":"Yuli","lastName":"Griffin","email":"ipsum.non@vitae.co.uk","programme":"Criminology","courses":["Criminal Mind","Gender, Crime and Justice ","Philosophy of Law "]},{"id":84,"firstName":"Chancellor","lastName":"Ali","email":"ultrices@Nullam.net","programme":"Medicine","courses":["Anatomy","Biochemistry","Genetics","Human Behavior."]},{"id":85,"firstName":"Charles","lastName":"Randall","email":"ipsum.porta.elit@morbitristique.net","programme":"Law","courses":["Criminal Law","Constitutional Law","Property Law","Contracts"]},{"id":86,"firstName":"Lucius","lastName":"Gage","email":"auctor.vitae.aliquet@parturient.org","programme":"Disaster Management","courses":["Disaster Preparedness"]},{"id":87,"firstName":"Richard","lastName":"Dane","email":"Nulla.eget@musDonecdignissim.co.uk","programme":"Mechanical Engineering","courses":["Machine Element Design","Engineering Analysis I","Calculus & Linear Algebra I "]},{"id":88,"firstName":"Addison","lastName":"Jermaine","email":"est.Maur"
20:46:16.746 [main] DEBUG org.apache.http.wire -  << "is@et.co.uk","programme":"Disaster Management","courses":["Disaster Preparedness"]},{"id":89,"firstName":"Acton","lastName":"Elliott","email":"
20:46:16.746 [main] DEBUG org.apache.http.wire -  << "[\r][\n]"
20:46:16.746 [main] DEBUG org.apache.http.wire -  << "2000[\r][\n]"
20:46:16.747 [main] DEBUG org.apache.http.wire -  << ""sem.eget@posuerecubiliaCurae.ca","programme":"Medicine","courses":["Anatomy","Biochemistry","Genetics","Human Behavior."]},{"id":90,"firstName":"Channing","lastName":"Howard","email":"est.congue@velit.com","programme":"Medicine","courses":["Anatomy","Biochemistry","Genetics","Human Behavior."]},{"id":91,"firstName":"Darius","lastName":"Nehru","email":"risus.varius.orci@sitamet.edu","programme":"Medicine","courses":["Anatomy","Biochemistry","Genetics","Human Behavior."]},{"id":92,"firstName":"Walter","lastName":"Arsenio","email":"a.ultricies@duiFusce.edu","programme":"Financial Analysis","courses":["Accounting","Statistics"]},{"id":93,"firstName":"Dieter","lastName":"Matthew","email":"a@pretium.ca","programme":"Mechanical Engineering","courses":["Machine Element Design","Engineering Analysis I","Calculus & Linear Algebra I "]},{"id":94,"firstName":"Evan","lastName":"Yoshio","email":"sapien.gravida.non@noncursus.com","programme":"Financial Analysis","courses":["Accounting","Statistics"]},{"id":95,"firstName":"Hamilton","lastName":"Dennis","email":"luctus.lobortis@nonbibendumsed.com","programme":"Mechanical Engineering","courses":["Machine Element Design","Engineering Analysis I","Calculus & Linear Algebra I "]},{"id":96,"firstName":"Gavin","lastName":"Driscoll","email":"lacinia.mattis@risusDonec.net","programme":"Medicine","courses":["Anatomy","Biochemistry","Genetics","Human Behavior."]},{"id":97,"firstName":"Brendan","lastName":"Allistair","email":"Nunc.laoreet@Sed.ca","programme":"Computer Science","courses":["Calculus","Algorithms","Software Development","Ethics"]},{"id":98,"firstName":"Gary","lastName":"Robert","email":"molestie@vitaesemper.ca","programme":"Computer Science","courses":["Calculus","Algorithms","Software Development","Ethics"]},{"id":99,"firstName":"Fletcher","lastName":"Brenden","email":"semper@nequesed.co.uk","programme":"Computer Science","courses":["Calculus","Algorithms","Software Development","Ethics"]},{"id":100,"firstName":"Oscar","lastName":"Barclay","email":"non.ante.bibendum@risusDonecegestas.edu","programme":"Mechanical Engineering","courses":["Machine Element Design","Engineering Analysis I","Calculus & Linear Algebra I "]},{"id":101,"firstName":"Catherine","lastName":"D'Ugo","email":"cdugo6@amazon.de","programme":"Electrical","courses":["python"]},{"id":102,"firstName":"Friedrick","lastName":"Siemens","email":"fsiemens5@soup.io","programme":"Computer Science","courses":["c#"]},{"id":103,"firstName":"Alfy","lastName":"Mapstone","email":"amapstone0@dyndns.org","programme":"Mechanical","courses":["scala"]},{"id":104,"firstName":"Veronica","lastName":"Campaigne","email":"vcampaigne2@photobucket.com","programme":"Computer Science","courses":["python"]},{"id":105,"firstName":"Curry","lastName":"Vlasin","email":"cvlasin3@deviantart.com","programme":"Mechanical","courses":["c#"]},{"id":106,"firstName":"Belicia","lastName":"Nealy","email":"bnealy7@webs.com","programme":"Electrical","courses":["java"]},{"id":107,"firstName":"Killie","lastName":"Estick","email":"kestick4@walmart.com","programme":"Electrical","courses":["scala"]},{"id":108,"firstName":"Dalt","lastName":"Klimt","email":"dklimt1@histats.com","programme":"Electrical","courses":["python"]},{"id":109,"firstName":"Alina","lastName":"Lickess","email":"alickess9@blinklist.com","programme":"Computer Science","courses":["java"]},{"id":110,"firstName":"Sherman","lastName":"Giovannacci","email":"sgiovannaccib@cargocollective.com","programme":"Electrical","courses":["python"]},{"id":111,"firstName":"Alfred","lastName":"Trewhella","email":"atrewhellad@blog.com","programme":"Computer Science","courses":["c#"]},{"id":112,"firstName":"Fulvia","lastName":"Ferie","email":"fferieg@icq.com","programme":"Computer Science","courses":["scala"]},{"id":113,"firstName":"Celinka","lastName":"Paulot","email":"cpaulotf@geocities.com","programme":"Electrical","courses":["java"]},{"id":114,"firstName":"Alvin","lastName":"Gheerhaert","email":"agheerhaert8@ca.gov","programme":"Computer Science","courses":["scala"]},{"id":115,"firstName":"Hakeem","lastName":"Prinett","email":"hprinettc@1688.com","programme":"Electrical","courses":["python"]},{"id":116,"firstName":"Alverta","lastName":"Entissle","email":"aentisslee@angelfire.com","programme":"Electrical","courses":["c#"]},{"id":117,"firstName":"Dulcinea","lastName":"Linger","email":"dlingerh@cloudflare.com","programme":"Computer Science","courses":["java"]},{"id":118,"firstName":"Max","lastName":"O'Moylane","email":"momoylanea@joomla.org","programme":"Computer Science","courses":["c#"]},{"id":119,"firstName":"Agata","lastName":"Very","email":"averyi@zdnet.com","programme":"Computer Science","courses":["python"]},{"id":120,"firstName":"Kennith","lastName":"Mc Dermid","email":"kmcdermidj@statcounter.com","programme":"Computer Science","courses":["python"]},{"id":121,"firstName":"Ulric","lastName":"Higginbottam","email":"uhigginbottamn@dailymotion.com","programme":"Computer Science","courses":["scala"]},{"id":122,"firstName":"Laurie","lastName":"Siggens","email":"lsiggensm@java.com","programme":"Electrical","courses":["scala"]},{"id":123,"firstName":"Ivette","lastName":"Leicester","email":"ileicesterk@friendfeed.com","programme":"Electrical","courses":["python"]},{"id":124,"firstName":"Randell","lastName":"Wicklen","email":"rwicklenp@senate.gov","programme":"Mechanical","courses":["python"]},{"id":125,"firstName":"Lynnea","lastName":"Harce","email":"lharcer@skype.com","programme":"Electrical","courses":["java"]},{"id":126,"firstName":"Oliviero","lastName":"McSparran","email":"omcsparrano@barnesandnoble.com","programme":"Electrical","courses":["scala"]},{"id":127,"firstName":"Hayden","lastName":"Chellam","email":"hchellaml@google.com.au","programme":"Mechanical","courses":["java"]},{"id":128,"firstName":"Yancey","lastName":"Dahler","email":"ydahlerq@dot.gov","programme":"Electrical","courses":["python"]},{"id":129,"firstName":"Jeniece","lastName":"Janaud","email":"jjanaudt@baidu.com","programme":"Electrical","courses":["python"]},{"id":130,"firstName":"Cirillo","lastName":"Lacotte","email":"clacottes@ucoz.ru","programme":"Computer Science","courses":["c#"]},{"id":131,"firstName":"Ives","lastName":"Todman","email":"itodmanx@fotki.com","programme":"Electrical","courses":["java"]},{"id":132,"firstName":"Ema","lastName":"Rathbourne","email":"erathbourney@admin.ch","programme":"Computer Science","courses":["c#"]},{"id":133,"firstName":"Britteny","lastName":"Navein","email":"bnaveinv@mtv.com","programme":"Electrical","courses":["c#"]},{"id":134,"firstName":"Yorker","lastName":"Speek","email":"yspeekw@aboutads.info","programme":"Computer Science","courses":["python"]},{"id":135,"firstName":"Esmeralda","lastName":"Archbald","email":"earchbaldz@who.int","programme":"Mechanical","courses":["python"]},{"id":136,"firstName":"Livvy","lastName":"Milner","email":"lmilneru@google.cn","programme":"Computer Science","courses":["scala"]},{"id":137,"firstName":"Zsa zsa","lastName":"Heningam","email":"zheningam11@canalblog.com","programme":"Mechanical","courses":["python"]},{"id":138,"firstName":"Edna","lastName":"Saunter","email":"esaunter10@mapquest.com","programme":"Mechanical","courses":["c#"]},{"id":139,"firstName":"Venita","lastName":"Swyne","email":"vswyne12@is.gd","programme":"Electrical","courses":["scala"]},{"id":140,"firstName":"Gasparo","lastName":"Bunworth","email":"gbunworth14@elpais.com","programme":"Computer Science","courses":["python"]},{"id":141,"firstName":"Terra","lastName":"Haldane","email":"thaldane13@washington.edu","programme":"Computer Science","courses":["java"]},{"id":142,"firstName":"North","lastName":"Hindmore","email":"nhindmore17@bluehost.com","programme":"Electrical","courses":["java"]},{"id":143,"firstName":"Donnell","lastName":"Rose","email":"drose16@edublogs.org","programme":"Mechanical","courses":["python"]},{"id":144,"firstName":"Chelsie","lastName":"Mansour","email":"cmansour15@canalblog.com","programme":"Electrical","courses":["python"]},{"id":145,"firstName":"Jdavie","las"
20:46:16.747 [main] DEBUG org.apache.http.wire -  << "tName":"Ceci","email":"jceci1b@alexa.com","programme":"Electrical","courses":["scala"]},{"id":146,"firstName":"Ellyn","lastName":"Mulqueen","email":"e"
20:46:16.747 [main] DEBUG org.apache.http.wire -  << "[\r][\n]"
20:46:16.747 [main] DEBUG org.apache.http.wire -  << "1c82[\r][\n]"
20:46:16.747 [main] DEBUG org.apache.http.wire -  << "mulqueen1f@narod.ru","programme":"Mechanical","courses":["c#"]},{"id":147,"firstName":"Ryon","lastName":"Minor","email":"rminor18@chronoengine.com","programme":"Computer Science","courses":["java"]},{"id":148,"firstName":"Lothario","lastName":"Callington","email":"lcallington1d@smh.com.au","programme":"Computer Science","courses":["scala"]},{"id":149,"firstName":"Gerry","lastName":"Zorzini","email":"gzorzini1c@twitter.com","programme":"Computer Science","courses":["python"]},{"id":150,"firstName":"Glori","lastName":"Pien","email":"gpien1a@infoseek.co.jp","programme":"Electrical","courses":["scala"]},{"id":151,"firstName":"Koenraad","lastName":"Schwandt","email":"kschwandt1e@utexas.edu","programme":"Electrical","courses":["java"]},{"id":152,"firstName":"Cristy","lastName":"Bridgement","email":"cbridgement19@deliciousdays.com","programme":"Computer Science","courses":["c#"]},{"id":153,"firstName":"Riccardo","lastName":"Mardling","email":"rmardling1h@arstechnica.com","programme":"Mechanical","courses":["python"]},{"id":154,"firstName":"Lotta","lastName":"Wilkins","email":"lwilkins1i@vimeo.com","programme":"Electrical","courses":["python"]},{"id":155,"firstName":"Elianore","lastName":"Quare","email":"equare1l@berkeley.edu","programme":"Mechanical","courses":["scala"]},{"id":156,"firstName":"Sumner","lastName":"Kildahl","email":"skildahl1j@msn.com","programme":"Electrical","courses":["python"]},{"id":157,"firstName":"Bale","lastName":"Ruslen","email":"bruslen1g@tmall.com","programme":"Electrical","courses":["scala"]},{"id":158,"firstName":"Riordan","lastName":"Doud","email":"rdoud1k@uol.com.br","programme":"Computer Science","courses":["python"]},{"id":159,"firstName":"Shanan","lastName":"McHale","email":"smchale1m@senate.gov","programme":"Mechanical","courses":["scala"]},{"id":160,"firstName":"Margy","lastName":"Gillian","email":"mgillian1n@epa.gov","programme":"Electrical","courses":["c#"]},{"id":161,"firstName":"Josephine","lastName":"Sharp","email":"jsharp1o@slideshare.net","programme":"Mechanical","courses":["java"]},{"id":162,"firstName":"Bengt","lastName":"Bener","email":"bbener1q@edublogs.org","programme":"Electrical","courses":["python"]},{"id":163,"firstName":"Cirstoforo","lastName":"Meddemmen","email":"cmeddemmen1p@miitbeian.gov.cn","programme":"Mechanical","courses":["python"]},{"id":164,"firstName":"Doroteya","lastName":"Huggins","email":"dhuggins1r@pcworld.com","programme":"Mechanical","courses":["c#"]},{"id":165,"firstName":"Geoffry","lastName":"Bellworthy","email":"gbellworthy1s@networkadvertising.org","programme":"Computer Science","courses":["python"]},{"id":166,"firstName":"Clementia","lastName":"Willshee","email":"cwillshee1w@cyberchimps.com","programme":"Computer Science","courses":["java"]},{"id":167,"firstName":"Janeta","lastName":"Bunclark","email":"jbunclark1x@nymag.com","programme":"Mechanical","courses":["java"]},{"id":168,"firstName":"Josias","lastName":"Slany","email":"jslany1u@creativecommons.org","programme":"Electrical","courses":["java"]},{"id":169,"firstName":"Essy","lastName":"Swainson","email":"eswainson1z@statcounter.com","programme":"Electrical","courses":["c#"]},{"id":170,"firstName":"Raven","lastName":"Selvester","email":"rselvester22@alibaba.com","programme":"Computer Science","courses":["java"]},{"id":171,"firstName":"Rockie","lastName":"Lackney","email":"rlackney1y@g.co","programme":"Computer Science","courses":["c#"]},{"id":172,"firstName":"Cristie","lastName":"Matzkaitis","email":"cmatzkaitis1v@stumbleupon.com","programme":"Computer Science","courses":["scala"]},{"id":173,"firstName":"Vernon","lastName":"Rowbury","email":"vrowbury1t@ycombinator.com","programme":"Mechanical","courses":["scala"]},{"id":174,"firstName":"Etti","lastName":"Charrington","email":"echarrington20@oakley.com","programme":"Mechanical","courses":["scala"]},{"id":175,"firstName":"Brent","lastName":"Turneaux","email":"bturneaux21@nifty.com","programme":"Computer Science","courses":["python"]},{"id":176,"firstName":"Eryn","lastName":"Dacres","email":"edacres23@csmonitor.com","programme":"Computer Science","courses":["java"]},{"id":177,"firstName":"Correna","lastName":"Tame","email":"ctame25@home.pl","programme":"Electrical","courses":["python"]},{"id":178,"firstName":"Kai","lastName":"Kuzma","email":"kkuzma24@about.me","programme":"Computer Science","courses":["scala"]},{"id":179,"firstName":"Brod","lastName":"Bountiff","email":"bbountiff26@blogs.com","programme":"Electrical","courses":["python"]},{"id":180,"firstName":"Vergil","lastName":"Moakes","email":"vmoakes27@wikia.com","programme":"Computer Science","courses":["c#"]},{"id":181,"firstName":"Rica","lastName":"Woffinden","email":"rwoffinden2a@cisco.com","programme":"Mechanical","courses":["python"]},{"id":182,"firstName":"Marya","lastName":"O'Cahill","email":"mocahill29@skype.com","programme":"Computer Science","courses":["java"]},{"id":183,"firstName":"Cassius","lastName":"Smithers","email":"csmithers28@flavors.me","programme":"Electrical","courses":["python"]},{"id":184,"firstName":"Winonah","lastName":"Lorie","email":"wlorie2b@vk.com","programme":"Electrical","courses":["java"]},{"id":185,"firstName":"Keane","lastName":"Paladini","email":"kpaladini2c@alibaba.com","programme":"Computer Science","courses":["scala"]},{"id":186,"firstName":"Rosina","lastName":"Tansey","email":"rtansey2d@nationalgeographic.com","programme":"Electrical","courses":["java"]},{"id":187,"firstName":"Maryellen","lastName":"Rosentholer","email":"mrosentholer2g@pagesperso-orange.fr","programme":"Electrical","courses":["scala"]},{"id":188,"firstName":"Izabel","lastName":"Fust","email":"ifust2f@instagram.com","programme":"Electrical","courses":["java"]},{"id":189,"firstName":"Ardenia","lastName":"MacPhaden","email":"amacphaden2e@washingtonpost.com","programme":"Electrical","courses":["java"]},{"id":190,"firstName":"Cobb","lastName":"Quinlan","email":"cquinlan2i@instagram.com","programme":"Computer Science","courses":["c#"]},{"id":191,"firstName":"Druci","lastName":"Kennington","email":"dkennington2j@ed.gov","programme":"Computer Science","courses":["java"]},{"id":192,"firstName":"Tobias","lastName":"Grandham","email":"tgrandham2h@google.com.hk","programme":"Electrical","courses":["c#"]},{"id":193,"firstName":"Maisie","lastName":"Arderne","email":"marderne2l@chronoengine.com","programme":"Computer Science","courses":["c#"]},{"id":194,"firstName":"Elfie","lastName":"Loins","email":"eloins2m@cbsnews.com","programme":"Electrical","courses":["java"]},{"id":195,"firstName":"Reina","lastName":"Bows","email":"rbows2n@admin.ch","programme":"Computer Science","courses":["scala"]},{"id":196,"firstName":"Ignatius","lastName":"Degli Abbati","email":"idegliabbati2k@yelp.com","programme":"Electrical","courses":["c#"]},{"id":197,"firstName":"Lari","lastName":"Sumpton","email":"lsumpton2o@nationalgeographic.com","programme":"Computer Science","courses":["c#"]},{"id":198,"firstName":"Caleb","lastName":"Letixier","email":"cletixier2r@hp.com","programme":"Mechanical","courses":["python"]},{"id":199,"firstName":"Lexy","lastName":"Eteen","email":"leteen2q@discovery.com","programme":"Computer Science","courses":["python"]},{"id":200,"firstName":"Mandel","lastName":"Gadney","email":"mgadney2p@youtu.be","programme":"Mechanical","courses":["python"]}]"
20:46:16.748 [main] DEBUG org.apache.http.wire -  << "[\r][\n]"
20:46:16.748 [main] DEBUG org.apache.http.wire -  << "0[\r][\n]"
20:46:16.748 [main] DEBUG org.apache.http.wire -  << "[\r][\n]"
20:46:16.748 [main] DEBUG o.a.h.i.c.BasicClientConnectionManager - Releasing connection org.apache.http.impl.conn.ManagedClientConnectionImpl@49889154
20:46:16.748 [main] DEBUG o.a.h.i.c.BasicClientConnectionManager - Connection can be kept alive indefinitely
]]></system-out>
  </testcase>
</testsuite>